[ 2015-11-25T15:53:38+08:00 ] 127.0.0.1 /c/Ajax/reg_save?UserPhone=1
INFO: [ app_init ] --START--
INFO: Run Behavior\BuildLiteBehavior [ RunTime:0.000000s ]
INFO: [ app_init ] --END-- [ RunTime:0.000000s ]
INFO: [ app_begin ] --START--
INFO: Run Behavior\ReadHtmlCacheBehavior [ RunTime:0.000000s ]
INFO: [ app_begin ] --END-- [ RunTime:0.000000s ]
INFO: [ app_end ] --START--
INFO: Run Behavior\ShowPageTraceBehavior [ RunTime:0.000000s ]
INFO: [ app_end ] --END-- [ RunTime:0.000000s ]

[ 2015-11-25T16:11:53+08:00 ] 127.0.0.1 /c/Ajax/reg_save?UserPhone=1
INFO: [ app_init ] --START--
INFO: Run Behavior\BuildLiteBehavior [ RunTime:0.000000s ]
INFO: [ app_init ] --END-- [ RunTime:0.000000s ]
INFO: [ app_begin ] --START--
INFO: Run Behavior\ReadHtmlCacheBehavior [ RunTime:0.000000s ]
INFO: [ app_begin ] --END-- [ RunTime:0.000000s ]
INFO: [ app_end ] --START--
INFO: Run Behavior\ShowPageTraceBehavior [ RunTime:0.000000s ]
INFO: [ app_end ] --END-- [ RunTime:0.001000s ]

[ 2015-11-25T16:12:05+08:00 ] 127.0.0.1 /c/Ajax/reg_save?UserPhone=1
INFO: [ app_init ] --START--
INFO: Run Behavior\BuildLiteBehavior [ RunTime:0.000000s ]
INFO: [ app_init ] --END-- [ RunTime:0.000000s ]
INFO: [ app_begin ] --START--
INFO: Run Behavior\ReadHtmlCacheBehavior [ RunTime:0.000000s ]
INFO: [ app_begin ] --END-- [ RunTime:0.000000s ]
INFO: [ app_end ] --START--
INFO: Run Behavior\ShowPageTraceBehavior [ RunTime:0.000000s ]
INFO: [ app_end ] --END-- [ RunTime:0.000000s ]

[ 2015-11-25T16:12:53+08:00 ] 127.0.0.1 /c/Ajax/reg_save?UserPhone=1
INFO: [ app_init ] --START--
INFO: Run Behavior\BuildLiteBehavior [ RunTime:0.000000s ]
INFO: [ app_init ] --END-- [ RunTime:0.000000s ]
INFO: [ app_begin ] --START--
INFO: Run Behavior\ReadHtmlCacheBehavior [ RunTime:0.000000s ]
INFO: [ app_begin ] --END-- [ RunTime:0.000000s ]
INFO: [ app_end ] --START--
INFO: Run Behavior\ShowPageTraceBehavior [ RunTime:0.000000s ]
INFO: [ app_end ] --END-- [ RunTime:0.000000s ]

[ 2015-11-25T16:13:37+08:00 ] 127.0.0.1 /c/Ajax/reg_save?UserPhone=1
INFO: [ app_init ] --START--
INFO: Run Behavior\BuildLiteBehavior [ RunTime:0.000000s ]
INFO: [ app_init ] --END-- [ RunTime:0.001000s ]
INFO: [ app_begin ] --START--
INFO: Run Behavior\ReadHtmlCacheBehavior [ RunTime:0.000000s ]
INFO: [ app_begin ] --END-- [ RunTime:0.000000s ]
INFO: [ app_end ] --START--
INFO: Run Behavior\ShowPageTraceBehavior [ RunTime:0.000000s ]
INFO: [ app_end ] --END-- [ RunTime:0.000000s ]

[ 2015-11-25T16:14:34+08:00 ] 127.0.0.1 /c/Ajax/reg_save?UserPhone=1
INFO: [ app_init ] --START--
INFO: Run Behavior\BuildLiteBehavior [ RunTime:0.000000s ]
INFO: [ app_init ] --END-- [ RunTime:0.000000s ]
INFO: [ app_begin ] --START--
INFO: Run Behavior\ReadHtmlCacheBehavior [ RunTime:0.001000s ]
INFO: [ app_begin ] --END-- [ RunTime:0.001000s ]
INFO: [ app_end ] --START--
INFO: Run Behavior\ShowPageTraceBehavior [ RunTime:0.001000s ]
INFO: [ app_end ] --END-- [ RunTime:0.001000s ]

[ 2015-11-25T16:14:55+08:00 ] 127.0.0.1 /c/Ajax/reg_save?UserPhone=1
INFO: [ app_init ] --START--
INFO: Run Behavior\BuildLiteBehavior [ RunTime:0.000000s ]
INFO: [ app_init ] --END-- [ RunTime:0.000000s ]
INFO: [ app_begin ] --START--
INFO: Run Behavior\ReadHtmlCacheBehavior [ RunTime:0.000000s ]
INFO: [ app_begin ] --END-- [ RunTime:0.000000s ]
INFO: [ app_end ] --START--
INFO: Run Behavior\ShowPageTraceBehavior [ RunTime:0.015600s ]
INFO: [ app_end ] --END-- [ RunTime:0.015600s ]

[ 2015-11-25T16:14:56+08:00 ] 127.0.0.1 /c/Ajax/reg_save?UserPhone=1
INFO: [ app_init ] --START--
INFO: Run Behavior\BuildLiteBehavior [ RunTime:0.000000s ]
INFO: [ app_init ] --END-- [ RunTime:0.000000s ]
INFO: [ app_begin ] --START--
INFO: Run Behavior\ReadHtmlCacheBehavior [ RunTime:0.000000s ]
INFO: [ app_begin ] --END-- [ RunTime:0.000000s ]
INFO: [ app_end ] --START--
INFO: Run Behavior\ShowPageTraceBehavior [ RunTime:0.000000s ]
INFO: [ app_end ] --END-- [ RunTime:0.000000s ]

[ 2015-11-25T16:18:46+08:00 ] 127.0.0.1 /c/Ajax/reg_save?UserPhone=1
INFO: [ app_init ] --START--
INFO: Run Behavior\BuildLiteBehavior [ RunTime:0.000000s ]
INFO: [ app_init ] --END-- [ RunTime:0.000000s ]
INFO: [ app_begin ] --START--
INFO: Run Behavior\ReadHtmlCacheBehavior [ RunTime:0.000000s ]
INFO: [ app_begin ] --END-- [ RunTime:0.000000s ]
INFO: [ app_end ] --START--
INFO: Run Behavior\ShowPageTraceBehavior [ RunTime:0.000000s ]
INFO: [ app_end ] --END-- [ RunTime:0.000000s ]

[ 2015-11-25T16:23:16+08:00 ] 127.0.0.1 /c/Ajax/reg_save?UserPhone=1
INFO: [ app_init ] --START--
INFO: Run Behavior\BuildLiteBehavior [ RunTime:0.000000s ]
INFO: [ app_init ] --END-- [ RunTime:0.000000s ]
INFO: [ app_begin ] --START--
INFO: Run Behavior\ReadHtmlCacheBehavior [ RunTime:0.000000s ]
INFO: [ app_begin ] --END-- [ RunTime:0.000000s ]
INFO: [ app_end ] --START--
INFO: Run Behavior\ShowPageTraceBehavior [ RunTime:0.000000s ]
INFO: [ app_end ] --END-- [ RunTime:0.000000s ]

[ 2015-11-25T16:23:52+08:00 ] 127.0.0.1 /c/Ajax/reg_save?UserPhone=1
INFO: [ app_init ] --START--
INFO: Run Behavior\BuildLiteBehavior [ RunTime:0.000000s ]
INFO: [ app_init ] --END-- [ RunTime:0.000000s ]
INFO: [ app_begin ] --START--
INFO: Run Behavior\ReadHtmlCacheBehavior [ RunTime:0.015600s ]
INFO: [ app_begin ] --END-- [ RunTime:0.015600s ]
INFO: [ app_end ] --START--
INFO: Run Behavior\ShowPageTraceBehavior [ RunTime:0.000000s ]
INFO: [ app_end ] --END-- [ RunTime:0.000000s ]

[ 2015-11-25T16:24:18+08:00 ] 127.0.0.1 /c/Ajax/reg_save?UserPhone=1
INFO: [ app_init ] --START--
INFO: Run Behavior\BuildLiteBehavior [ RunTime:0.015600s ]
INFO: [ app_init ] --END-- [ RunTime:0.015600s ]
INFO: [ app_begin ] --START--
INFO: Run Behavior\ReadHtmlCacheBehavior [ RunTime:0.000000s ]
INFO: [ app_begin ] --END-- [ RunTime:0.000000s ]
INFO: [ app_end ] --START--
INFO: Run Behavior\ShowPageTraceBehavior [ RunTime:0.000000s ]
INFO: [ app_end ] --END-- [ RunTime:0.000000s ]

[ 2015-11-25T17:47:09+08:00 ] 127.0.0.1 /c/Ajax/reg_save?UserPhone=1
INFO: [ app_init ] --START--
INFO: Run Behavior\BuildLiteBehavior [ RunTime:0.000000s ]
INFO: [ app_init ] --END-- [ RunTime:0.000000s ]
INFO: [ app_begin ] --START--
INFO: Run Behavior\ReadHtmlCacheBehavior [ RunTime:0.000000s ]
INFO: [ app_begin ] --END-- [ RunTime:0.001000s ]
INFO: [ app_end ] --START--
INFO: Run Behavior\ShowPageTraceBehavior [ RunTime:0.001000s ]
INFO: [ app_end ] --END-- [ RunTime:0.001000s ]

[ 2015-11-25T17:47:12+08:00 ] 127.0.0.1 /c/Ajax/reg_save?UserPhone=1
INFO: [ app_init ] --START--
INFO: Run Behavior\BuildLiteBehavior [ RunTime:0.000000s ]
INFO: [ app_init ] --END-- [ RunTime:0.000000s ]
INFO: [ app_begin ] --START--
INFO: Run Behavior\ReadHtmlCacheBehavior [ RunTime:0.001000s ]
INFO: [ app_begin ] --END-- [ RunTime:0.001000s ]
INFO: [ app_end ] --START--
INFO: Run Behavior\ShowPageTraceBehavior [ RunTime:0.001000s ]
INFO: [ app_end ] --END-- [ RunTime:0.001000s ]

[ 2015-11-25T17:48:21+08:00 ] 127.0.0.1 /c/Ajax/reg_save?UserPhone=1
INFO: [ app_init ] --START--
INFO: Run Behavior\BuildLiteBehavior [ RunTime:0.000000s ]
INFO: [ app_init ] --END-- [ RunTime:0.001000s ]
INFO: [ app_begin ] --START--
INFO: Run Behavior\ReadHtmlCacheBehavior [ RunTime:0.000000s ]
INFO: [ app_begin ] --END-- [ RunTime:0.000000s ]
INFO: [ app_end ] --START--
INFO: Run Behavior\ShowPageTraceBehavior [ RunTime:0.000000s ]
INFO: [ app_end ] --END-- [ RunTime:0.000000s ]

[ 2015-11-25T17:50:55+08:00 ] 127.0.0.1 /c/Ajax/reg_save?UserPhone=1
INFO: [ app_init ] --START--
INFO: Run Behavior\BuildLiteBehavior [ RunTime:0.000000s ]
INFO: [ app_init ] --END-- [ RunTime:0.001000s ]
INFO: [ app_begin ] --START--
INFO: Run Behavior\ReadHtmlCacheBehavior [ RunTime:0.000000s ]
INFO: [ app_begin ] --END-- [ RunTime:0.000000s ]
INFO: [ app_end ] --START--
INFO: Run Behavior\ShowPageTraceBehavior [ RunTime:0.000000s ]
INFO: [ app_end ] --END-- [ RunTime:0.000000s ]

[ 2015-11-25T17:51:58+08:00 ] 127.0.0.1 /c/Ajax/reg_save?UserPhone=1
INFO: [ app_init ] --START--
INFO: Run Behavior\BuildLiteBehavior [ RunTime:0.000000s ]
INFO: [ app_init ] --END-- [ RunTime:0.001000s ]
INFO: [ app_begin ] --START--
INFO: Run Behavior\ReadHtmlCacheBehavior [ RunTime:0.001000s ]
INFO: [ app_begin ] --END-- [ RunTime:0.001000s ]
INFO: [ app_end ] --START--
INFO: Run Behavior\ShowPageTraceBehavior [ RunTime:0.001000s ]
INFO: [ app_end ] --END-- [ RunTime:0.001000s ]

[ 2015-11-25T18:03:19+08:00 ] 127.0.0.1 /c/Ajax/reg_save?UserPhone=1
INFO: [ app_init ] --START--
INFO: Run Behavior\BuildLiteBehavior [ RunTime:0.000000s ]
INFO: [ app_init ] --END-- [ RunTime:0.000000s ]
INFO: [ app_begin ] --START--
INFO: Run Behavior\ReadHtmlCacheBehavior [ RunTime:0.001000s ]
INFO: [ app_begin ] --END-- [ RunTime:0.001000s ]
INFO: [ app_end ] --START--
INFO: Run Behavior\ShowPageTraceBehavior [ RunTime:0.000000s ]
INFO: [ app_end ] --END-- [ RunTime:0.000000s ]

[ 2015-11-25T18:49:04+08:00 ] 127.0.0.1 /c/Ajax/checkUserPhone?UserPhone=13851435593
INFO: [ app_init ] --START--
INFO: Run Behavior\BuildLiteBehavior [ RunTime:0.000000s ]
INFO: [ app_init ] --END-- [ RunTime:0.001000s ]
INFO: [ app_begin ] --START--
INFO: Run Behavior\ReadHtmlCacheBehavior [ RunTime:0.000000s ]
INFO: [ app_begin ] --END-- [ RunTime:0.000000s ]
INFO: [ app_end ] --START--
INFO: Run Behavior\ShowPageTraceBehavior [ RunTime:0.001000s ]
INFO: [ app_end ] --END-- [ RunTime:0.001000s ]

[ 2015-11-25T18:50:27+08:00 ] 127.0.0.1 /c/Ajax/checkUserPhone?UserPhone=13851435593
INFO: [ app_init ] --START--
INFO: Run Behavior\BuildLiteBehavior [ RunTime:0.000000s ]
INFO: [ app_init ] --END-- [ RunTime:0.000000s ]
INFO: [ app_begin ] --START--
INFO: Run Behavior\ReadHtmlCacheBehavior [ RunTime:0.001000s ]
INFO: [ app_begin ] --END-- [ RunTime:0.001000s ]
INFO: [ app_end ] --START--
INFO: Run Behavior\ShowPageTraceBehavior [ RunTime:0.001000s ]
INFO: [ app_end ] --END-- [ RunTime:0.001000s ]

[ 2015-11-25T18:51:00+08:00 ] 127.0.0.1 /c/Ajax/checkUserPhone?UserPhone=13851435593
INFO: [ app_init ] --START--
INFO: Run Behavior\BuildLiteBehavior [ RunTime:0.000000s ]
INFO: [ app_init ] --END-- [ RunTime:0.000000s ]
INFO: [ app_begin ] --START--
INFO: Run Behavior\ReadHtmlCacheBehavior [ RunTime:0.001000s ]
INFO: [ app_begin ] --END-- [ RunTime:0.001000s ]
INFO: [ app_end ] --START--
INFO: Run Behavior\ShowPageTraceBehavior [ RunTime:0.000000s ]
INFO: [ app_end ] --END-- [ RunTime:0.000000s ]

[ 2015-11-25T18:51:49+08:00 ] 127.0.0.1 /c/Ajax/checkUserPhone?UserPhone=13851435593
INFO: [ app_init ] --START--
INFO: Run Behavior\BuildLiteBehavior [ RunTime:0.000000s ]
INFO: [ app_init ] --END-- [ RunTime:0.000000s ]
INFO: [ app_begin ] --START--
INFO: Run Behavior\ReadHtmlCacheBehavior [ RunTime:0.000000s ]
INFO: [ app_begin ] --END-- [ RunTime:0.000000s ]
INFO: [ app_end ] --START--
INFO: Run Behavior\ShowPageTraceBehavior [ RunTime:0.001000s ]
INFO: [ app_end ] --END-- [ RunTime:0.001000s ]

[ 2015-11-25T18:52:36+08:00 ] 127.0.0.1 /c/Ajax/checkUserPhone?UserPhone=13851435593
INFO: [ app_init ] --START--
INFO: Run Behavior\BuildLiteBehavior [ RunTime:0.000000s ]
INFO: [ app_init ] --END-- [ RunTime:0.000000s ]
INFO: [ app_begin ] --START--
INFO: Run Behavior\ReadHtmlCacheBehavior [ RunTime:0.001000s ]
INFO: [ app_begin ] --END-- [ RunTime:0.001000s ]
INFO: [ app_end ] --START--
INFO: Run Behavior\ShowPageTraceBehavior [ RunTime:0.001000s ]
INFO: [ app_end ] --END-- [ RunTime:0.001000s ]

[ 2015-11-25T19:04:46+08:00 ] 127.0.0.1 /c/Ajax/checkUserPhone?UserPhone=13851435593
INFO: [ app_init ] --START--
INFO: Run Behavior\BuildLiteBehavior [ RunTime:0.000000s ]
INFO: [ app_init ] --END-- [ RunTime:0.000000s ]
INFO: [ app_begin ] --START--
INFO: Run Behavior\ReadHtmlCacheBehavior [ RunTime:0.000000s ]
INFO: [ app_begin ] --END-- [ RunTime:0.000000s ]
ERR: SQLSTATE[42S02]: Base table or view not found: 1146 Table 'htback.core_website' doesn't exist

[ 2015-11-25T19:05:36+08:00 ] 127.0.0.1 /c/Ajax/checkUserPhone?UserPhone=13851435593
INFO: [ app_init ] --START--
INFO: Run Behavior\BuildLiteBehavior [ RunTime:0.000000s ]
INFO: [ app_init ] --END-- [ RunTime:0.000000s ]
INFO: [ app_begin ] --START--
INFO: Run Behavior\ReadHtmlCacheBehavior [ RunTime:0.001000s ]
INFO: [ app_begin ] --END-- [ RunTime:0.001000s ]
SQL: SHOW COLUMNS FROM `core_website` [ RunTime:0.0080s ]
SQL: SELECT `website_id` FROM `core_website` WHERE ( name = 'MTDFS' ) LIMIT 1   [ RunTime:0.0360s ]
INFO: [ app_end ] --START--
INFO: Run Behavior\ShowPageTraceBehavior [ RunTime:0.001000s ]
INFO: [ app_end ] --END-- [ RunTime:0.001000s ]

[ 2015-11-25T19:16:55+08:00 ] 127.0.0.1 /c/Ajax/checkUserPhone?UserPhone=13851435593
INFO: [ app_init ] --START--
INFO: Run Behavior\BuildLiteBehavior [ RunTime:0.000000s ]
INFO: [ app_init ] --END-- [ RunTime:0.000000s ]
INFO: [ app_begin ] --START--
INFO: Run Behavior\ReadHtmlCacheBehavior [ RunTime:0.000000s ]
INFO: [ app_begin ] --END-- [ RunTime:0.001000s ]
SQL: SHOW COLUMNS FROM `core_website` [ RunTime:0.0070s ]
SQL: SELECT `website_id` FROM `core_website` WHERE ( name = 'MTDFS' ) LIMIT 1   [ RunTime:0.0000s ]
SQL: SHOW COLUMNS FROM `eav_attribute` [ RunTime:0.0060s ]
SQL: SELECT `attribute_id` FROM `eav_attribute` WHERE ( attribute_code = 'register_mobile' ) LIMIT 1   [ RunTime:0.0200s ]
SQL: SHOW COLUMNS FROM `customer_entity_varchar` [ RunTime:0.0070s ]
SQL: SELECT `value_id` FROM `customer_entity_varchar` WHERE ( attribute_id = '159' ) LIMIT 1   [ RunTime:0.0090s ]
ERR: SQLSTATE[23000]: Integrity constraint violation: 1052 Column 'entity_id' in field list is ambiguous

[ 2015-11-25T19:17:06+08:00 ] 127.0.0.1 /c/Ajax/checkUserPhone?UserPhone=13851435593
INFO: [ app_init ] --START--
INFO: Run Behavior\BuildLiteBehavior [ RunTime:0.000000s ]
INFO: [ app_init ] --END-- [ RunTime:0.001000s ]
INFO: [ app_begin ] --START--
INFO: Run Behavior\ReadHtmlCacheBehavior [ RunTime:0.000000s ]
INFO: [ app_begin ] --END-- [ RunTime:0.001000s ]
SQL: SHOW COLUMNS FROM `core_website` [ RunTime:0.0070s ]
SQL: SELECT `website_id` FROM `core_website` WHERE ( name = 'MTDFS' ) LIMIT 1   [ RunTime:0.0010s ]
SQL: SHOW COLUMNS FROM `eav_attribute` [ RunTime:0.0070s ]
SQL: SELECT `attribute_id` FROM `eav_attribute` WHERE ( attribute_code = 'register_mobile' ) LIMIT 1   [ RunTime:0.0000s ]
SQL: SHOW COLUMNS FROM `customer_entity_varchar` [ RunTime:0.0050s ]
SQL: SELECT `value_id` FROM `customer_entity_varchar` WHERE ( attribute_id = '159' ) LIMIT 1   [ RunTime:0.0010s ]
INFO: [ app_end ] --START--
INFO: Run Behavior\ShowPageTraceBehavior [ RunTime:0.001000s ]
INFO: [ app_end ] --END-- [ RunTime:0.001000s ]

[ 2015-11-25T19:17:20+08:00 ] 127.0.0.1 /c/Ajax/checkUserPhone?UserPhone=13851435593
INFO: [ app_init ] --START--
INFO: Run Behavior\BuildLiteBehavior [ RunTime:0.000000s ]
INFO: [ app_init ] --END-- [ RunTime:0.000000s ]
INFO: [ app_begin ] --START--
INFO: Run Behavior\ReadHtmlCacheBehavior [ RunTime:0.000000s ]
INFO: [ app_begin ] --END-- [ RunTime:0.001000s ]
SQL: SHOW COLUMNS FROM `core_website` [ RunTime:0.0070s ]
SQL: SELECT `website_id` FROM `core_website` WHERE ( name = 'MTDFS' ) LIMIT 1   [ RunTime:0.0010s ]
SQL: SHOW COLUMNS FROM `eav_attribute` [ RunTime:0.0060s ]
SQL: SELECT `attribute_id` FROM `eav_attribute` WHERE ( attribute_code = 'register_mobile' ) LIMIT 1   [ RunTime:0.0020s ]
SQL: SHOW COLUMNS FROM `customer_entity_varchar` [ RunTime:0.0060s ]
SQL: SELECT `value_id` FROM `customer_entity_varchar` WHERE ( attribute_id = '159' ) LIMIT 1   [ RunTime:0.0010s ]
INFO: [ app_end ] --START--
INFO: Run Behavior\ShowPageTraceBehavior [ RunTime:0.000000s ]
INFO: [ app_end ] --END-- [ RunTime:0.000000s ]

[ 2015-11-25T19:24:10+08:00 ] 127.0.0.1 /c/Ajax/checkUserPhone?UserPhone=13851435593
INFO: [ app_init ] --START--
INFO: Run Behavior\BuildLiteBehavior [ RunTime:0.000000s ]
INFO: [ app_init ] --END-- [ RunTime:0.000000s ]
INFO: [ app_begin ] --START--
INFO: Run Behavior\ReadHtmlCacheBehavior [ RunTime:0.000000s ]
INFO: [ app_begin ] --END-- [ RunTime:0.000000s ]
SQL: SHOW COLUMNS FROM `core_website` [ RunTime:0.0080s ]
SQL: SELECT `website_id` FROM `core_website` WHERE ( name = 'MTDFS' ) LIMIT 1   [ RunTime:0.0010s ]
SQL: SHOW COLUMNS FROM `eav_attribute` [ RunTime:0.0070s ]
SQL: SELECT `attribute_id` FROM `eav_attribute` WHERE ( attribute_code = 'register_mobile' ) LIMIT 1   [ RunTime:0.0000s ]
SQL: SHOW COLUMNS FROM `customer_entity_varchar` [ RunTime:0.0070s ]
SQL: SELECT `value_id` FROM `customer_entity_varchar` WHERE ( attribute_id = '159' ) LIMIT 1   [ RunTime:0.0010s ]
INFO: [ app_end ] --START--
INFO: Run Behavior\ShowPageTraceBehavior [ RunTime:0.001000s ]
INFO: [ app_end ] --END-- [ RunTime:0.001000s ]

[ 2015-11-25T19:24:46+08:00 ] 127.0.0.1 /c/Ajax/checkUserPhone?UserPhone=13851435593
INFO: [ app_init ] --START--
INFO: Run Behavior\BuildLiteBehavior [ RunTime:0.000000s ]
INFO: [ app_init ] --END-- [ RunTime:0.001000s ]
INFO: [ app_begin ] --START--
INFO: Run Behavior\ReadHtmlCacheBehavior [ RunTime:0.001000s ]
INFO: [ app_begin ] --END-- [ RunTime:0.001000s ]
SQL: SHOW COLUMNS FROM `core_website` [ RunTime:0.0060s ]
SQL: SELECT `website_id` FROM `core_website` WHERE ( name = 'MTDFS' ) LIMIT 1   [ RunTime:0.0000s ]
SQL: SHOW COLUMNS FROM `eav_attribute` [ RunTime:0.0070s ]
SQL: SELECT `attribute_id` FROM `eav_attribute` WHERE ( attribute_code = 'register_mobile' ) LIMIT 1   [ RunTime:0.0010s ]
SQL: SHOW COLUMNS FROM `customer_entity_varchar` [ RunTime:0.0070s ]
SQL: SELECT `value_id` FROM `customer_entity_varchar` WHERE ( attribute_id = '159' ) LIMIT 1   [ RunTime:0.0000s ]
INFO: [ app_end ] --START--
INFO: Run Behavior\ShowPageTraceBehavior [ RunTime:0.000000s ]
INFO: [ app_end ] --END-- [ RunTime:0.001000s ]

[ 2015-11-25T19:25:05+08:00 ] 127.0.0.1 /c/Ajax/checkUserPhone?UserPhone=13851435593
INFO: [ app_init ] --START--
INFO: Run Behavior\BuildLiteBehavior [ RunTime:0.000000s ]
INFO: [ app_init ] --END-- [ RunTime:0.001000s ]
INFO: [ app_begin ] --START--
INFO: Run Behavior\ReadHtmlCacheBehavior [ RunTime:0.000000s ]
INFO: [ app_begin ] --END-- [ RunTime:0.001000s ]
SQL: SHOW COLUMNS FROM `core_website` [ RunTime:0.0070s ]
SQL: SELECT `website_id` FROM `core_website` WHERE ( name = 'MTDFS' ) LIMIT 1   [ RunTime:0.0040s ]
SQL: SHOW COLUMNS FROM `eav_attribute` [ RunTime:0.0220s ]
SQL: SELECT `attribute_id` FROM `eav_attribute` WHERE ( attribute_code = 'register_mobile' ) LIMIT 1   [ RunTime:0.0100s ]
SQL: SHOW COLUMNS FROM `customer_entity_varchar` [ RunTime:0.0060s ]
SQL: SELECT `value_id` FROM `customer_entity_varchar` WHERE ( attribute_id = '159' ) LIMIT 1   [ RunTime:0.0080s ]
SQL: SELECT A.entity_id
FROM mtdfs.customer_entity A
inner join mtdfs.customer_entity_varchar B  on A.entity_id=B.entity_id and B.attribute_id=159
where A.website_id=1 and B.value='18005151538' [ RunTime:0.0160s ]
INFO: [ app_end ] --START--
INFO: Run Behavior\ShowPageTraceBehavior [ RunTime:0.001000s ]
INFO: [ app_end ] --END-- [ RunTime:0.001000s ]

[ 2015-11-25T19:25:14+08:00 ] 127.0.0.1 /c/Ajax/checkUserPhone?UserPhone=13851435593
INFO: [ app_init ] --START--
INFO: Run Behavior\BuildLiteBehavior [ RunTime:0.000000s ]
INFO: [ app_init ] --END-- [ RunTime:0.001000s ]
INFO: [ app_begin ] --START--
INFO: Run Behavior\ReadHtmlCacheBehavior [ RunTime:0.000000s ]
INFO: [ app_begin ] --END-- [ RunTime:0.000000s ]
SQL: SHOW COLUMNS FROM `core_website` [ RunTime:0.0210s ]
SQL: SELECT `website_id` FROM `core_website` WHERE ( name = 'MTDFS' ) LIMIT 1   [ RunTime:0.0020s ]
SQL: SHOW COLUMNS FROM `eav_attribute` [ RunTime:0.0080s ]
SQL: SELECT `attribute_id` FROM `eav_attribute` WHERE ( attribute_code = 'register_mobile' ) LIMIT 1   [ RunTime:0.0020s ]
SQL: SHOW COLUMNS FROM `customer_entity_varchar` [ RunTime:0.0060s ]
SQL: SELECT `value_id` FROM `customer_entity_varchar` WHERE ( attribute_id = '159' ) LIMIT 1   [ RunTime:0.0010s ]
SQL: SELECT A.entity_id
FROM mtdfs.customer_entity A
inner join mtdfs.customer_entity_varchar B  on A.entity_id=B.entity_id and B.attribute_id=159
where A.website_id=1 and B.value='18005151538' [ RunTime:0.0020s ]
INFO: [ app_end ] --START--
INFO: Run Behavior\ShowPageTraceBehavior [ RunTime:0.001000s ]
INFO: [ app_end ] --END-- [ RunTime:0.001000s ]

[ 2015-11-25T19:25:32+08:00 ] 127.0.0.1 /c/Ajax/checkUserPhone?UserPhone=13851435593
INFO: [ app_init ] --START--
INFO: Run Behavior\BuildLiteBehavior [ RunTime:0.000000s ]
INFO: [ app_init ] --END-- [ RunTime:0.001000s ]
INFO: [ app_begin ] --START--
INFO: Run Behavior\ReadHtmlCacheBehavior [ RunTime:0.001000s ]
INFO: [ app_begin ] --END-- [ RunTime:0.001000s ]
SQL: SHOW COLUMNS FROM `core_website` [ RunTime:0.0070s ]
SQL: SELECT `website_id` FROM `core_website` WHERE ( name = 'MTDFS' ) LIMIT 1   [ RunTime:0.0000s ]
SQL: SHOW COLUMNS FROM `eav_attribute` [ RunTime:0.0070s ]
SQL: SELECT `attribute_id` FROM `eav_attribute` WHERE ( attribute_code = 'register_mobile' ) LIMIT 1   [ RunTime:0.0010s ]
SQL: SHOW COLUMNS FROM `customer_entity_varchar` [ RunTime:0.0060s ]
SQL: SELECT `value_id` FROM `customer_entity_varchar` WHERE ( attribute_id = '159' ) LIMIT 1   [ RunTime:0.0010s ]
SQL: SHOW COLUMNS FROM `customer_entity` [ RunTime:0.0060s ]
SQL: SELECT A.entity_id
FROM mtdfs.customer_entity A
inner join mtdfs.customer_entity_varchar B  on A.entity_id=B.entity_id and B.attribute_id=159
where A.website_id=1 and B.value='18005151538' [ RunTime:0.0210s ]
INFO: [ app_end ] --START--
INFO: Run Behavior\ShowPageTraceBehavior [ RunTime:0.000000s ]
INFO: [ app_end ] --END-- [ RunTime:0.000000s ]

[ 2015-11-25T19:25:49+08:00 ] 127.0.0.1 /c/Ajax/checkUserPhone?UserPhone=13851435593
INFO: [ app_init ] --START--
INFO: Run Behavior\BuildLiteBehavior [ RunTime:0.000000s ]
INFO: [ app_init ] --END-- [ RunTime:0.001000s ]
INFO: [ app_begin ] --START--
INFO: Run Behavior\ReadHtmlCacheBehavior [ RunTime:0.000000s ]
INFO: [ app_begin ] --END-- [ RunTime:0.000000s ]
SQL: SHOW COLUMNS FROM `core_website` [ RunTime:0.0060s ]
SQL: SELECT `website_id` FROM `core_website` WHERE ( name = 'MTDFS' ) LIMIT 1   [ RunTime:0.0000s ]
SQL: SHOW COLUMNS FROM `eav_attribute` [ RunTime:0.0070s ]
SQL: SELECT `attribute_id` FROM `eav_attribute` WHERE ( attribute_code = 'register_mobile' ) LIMIT 1   [ RunTime:0.0010s ]
SQL: SHOW COLUMNS FROM `customer_entity_varchar` [ RunTime:0.0070s ]
SQL: SELECT `value_id` FROM `customer_entity_varchar` WHERE ( attribute_id = '159' ) LIMIT 1   [ RunTime:0.0010s ]
SQL: SHOW COLUMNS FROM `customer_entity` [ RunTime:0.0060s ]
SQL: SELECT A.entity_id
FROM mtdfs.customer_entity A
inner join mtdfs.customer_entity_varchar B  on A.entity_id=B.entity_id and B.attribute_id=159
where A.website_id=1 and B.value='18005151538' [ RunTime:0.0010s ]
INFO: [ app_end ] --START--
INFO: Run Behavior\ShowPageTraceBehavior [ RunTime:0.000000s ]
INFO: [ app_end ] --END-- [ RunTime:0.000000s ]

[ 2015-11-25T19:26:02+08:00 ] 127.0.0.1 /c/Ajax/checkUserPhone?UserPhone=13851435593
INFO: [ app_init ] --START--
INFO: Run Behavior\BuildLiteBehavior [ RunTime:0.000000s ]
INFO: [ app_init ] --END-- [ RunTime:0.000000s ]
INFO: [ app_begin ] --START--
INFO: Run Behavior\ReadHtmlCacheBehavior [ RunTime:0.001000s ]
INFO: [ app_begin ] --END-- [ RunTime:0.001000s ]
SQL: SHOW COLUMNS FROM `core_website` [ RunTime:0.0060s ]
SQL: SELECT `website_id` FROM `core_website` WHERE ( name = 'MTDFS' ) LIMIT 1   [ RunTime:0.0010s ]
SQL: SHOW COLUMNS FROM `eav_attribute` [ RunTime:0.0060s ]
SQL: SELECT `attribute_id` FROM `eav_attribute` WHERE ( attribute_code = 'register_mobile' ) LIMIT 1   [ RunTime:0.0020s ]
SQL: SHOW COLUMNS FROM `customer_entity_varchar` [ RunTime:0.0070s ]
SQL: SELECT `value_id` FROM `customer_entity_varchar` WHERE ( attribute_id = '159' ) LIMIT 1   [ RunTime:0.0010s ]
SQL: SHOW COLUMNS FROM `customer_entity` [ RunTime:0.0070s ]
SQL: SELECT A.entity_id
FROM mtdfs.customer_entity A
inner join mtdfs.customer_entity_varchar B  on A.entity_id=B.entity_id and B.attribute_id=159
where A.website_id=1 and B.value='18005151538' [ RunTime:0.0010s ]
INFO: [ app_end ] --START--
INFO: Run Behavior\ShowPageTraceBehavior [ RunTime:0.001000s ]
INFO: [ app_end ] --END-- [ RunTime:0.001000s ]

[ 2015-11-25T19:26:10+08:00 ] 127.0.0.1 /c/Ajax/checkUserPhone?UserPhone=13851435593
INFO: [ app_init ] --START--
INFO: Run Behavior\BuildLiteBehavior [ RunTime:0.000000s ]
INFO: [ app_init ] --END-- [ RunTime:0.001000s ]
INFO: [ app_begin ] --START--
INFO: Run Behavior\ReadHtmlCacheBehavior [ RunTime:0.001000s ]
INFO: [ app_begin ] --END-- [ RunTime:0.001000s ]
SQL: SHOW COLUMNS FROM `core_website` [ RunTime:0.0070s ]
SQL: SELECT `website_id` FROM `core_website` WHERE ( name = 'MTDFS' ) LIMIT 1   [ RunTime:0.0010s ]
SQL: SHOW COLUMNS FROM `eav_attribute` [ RunTime:0.0120s ]
SQL: SELECT `attribute_id` FROM `eav_attribute` WHERE ( attribute_code = 'register_mobile' ) LIMIT 1   [ RunTime:0.0100s ]
SQL: SHOW COLUMNS FROM `customer_entity_varchar` [ RunTime:0.0210s ]
SQL: SELECT `value_id` FROM `customer_entity_varchar` WHERE ( attribute_id = '159' ) LIMIT 1   [ RunTime:0.0080s ]
SQL: SHOW COLUMNS FROM `customer_entity` [ RunTime:0.0080s ]
SQL: SELECT A.entity_id
FROM mtdfs.customer_entity A
inner join mtdfs.customer_entity_varchar B  on A.entity_id=B.entity_id and B.attribute_id=159
where A.website_id=1 and B.value='18005151532' [ RunTime:0.0110s ]
INFO: [ app_end ] --START--
INFO: Run Behavior\ShowPageTraceBehavior [ RunTime:0.000000s ]
INFO: [ app_end ] --END-- [ RunTime:0.000000s ]

[ 2015-11-25T19:27:44+08:00 ] 127.0.0.1 /c/Ajax/checkUserPhone?UserPhone=13851435593
INFO: [ app_init ] --START--
INFO: Run Behavior\BuildLiteBehavior [ RunTime:0.000000s ]
INFO: [ app_init ] --END-- [ RunTime:0.000000s ]
INFO: [ app_begin ] --START--
INFO: Run Behavior\ReadHtmlCacheBehavior [ RunTime:0.000000s ]
INFO: [ app_begin ] --END-- [ RunTime:0.000000s ]
SQL: SHOW COLUMNS FROM `core_website` [ RunTime:0.0070s ]
SQL: SELECT `website_id` FROM `core_website` WHERE ( name = 'MTDFS' ) LIMIT 1   [ RunTime:0.0000s ]
SQL: SHOW COLUMNS FROM `eav_attribute` [ RunTime:0.0080s ]
SQL: SELECT `attribute_id` FROM `eav_attribute` WHERE ( attribute_code = 'register_mobile' ) LIMIT 1   [ RunTime:0.0010s ]
SQL: SHOW COLUMNS FROM `customer_entity` [ RunTime:0.0060s ]
SQL: SELECT A.entity_id
FROM mtdfs.customer_entity A
inner join mtdfs.customer_entity_varchar B  on A.entity_id=B.entity_id and B.attribute_id=159
where A.website_id=1 and B.value='' [ RunTime:0.0010s ]
INFO: [ app_end ] --START--
INFO: Run Behavior\ShowPageTraceBehavior [ RunTime:0.000000s ]
INFO: [ app_end ] --END-- [ RunTime:0.000000s ]

[ 2015-11-25T19:29:16+08:00 ] 127.0.0.1 /c/Ajax/checkUserPhone?UserPhone=13851435593
INFO: [ app_init ] --START--
INFO: Run Behavior\BuildLiteBehavior [ RunTime:0.001000s ]
INFO: [ app_init ] --END-- [ RunTime:0.001000s ]
INFO: [ app_begin ] --START--
INFO: Run Behavior\ReadHtmlCacheBehavior [ RunTime:0.000000s ]
INFO: [ app_begin ] --END-- [ RunTime:0.001000s ]
SQL: SHOW COLUMNS FROM `core_website` [ RunTime:0.0090s ]
SQL: SELECT `website_id` FROM `core_website` WHERE ( name = 'MTDFS' ) LIMIT 1   [ RunTime:0.0010s ]
SQL: SHOW COLUMNS FROM `eav_attribute` [ RunTime:0.0070s ]
SQL: SELECT `attribute_id` FROM `eav_attribute` WHERE ( attribute_code = 'register_mobile' ) LIMIT 1   [ RunTime:0.0010s ]
SQL: SHOW COLUMNS FROM `customer_entity` [ RunTime:0.0070s ]
SQL: SELECT A.entity_id
FROM mtdfs.customer_entity A
inner join mtdfs.customer_entity_varchar B  on A.entity_id=B.entity_id and B.attribute_id=159
where A.website_id=1 and B.value='' [ RunTime:0.0010s ]
INFO: [ app_end ] --START--
INFO: Run Behavior\ShowPageTraceBehavior [ RunTime:0.001000s ]
INFO: [ app_end ] --END-- [ RunTime:0.001000s ]

[ 2015-11-25T19:29:38+08:00 ] 127.0.0.1 /c/Ajax/checkUserPhone?UserPhone=18005151538
INFO: [ app_init ] --START--
INFO: Run Behavior\BuildLiteBehavior [ RunTime:0.000000s ]
INFO: [ app_init ] --END-- [ RunTime:0.000000s ]
INFO: [ app_begin ] --START--
INFO: Run Behavior\ReadHtmlCacheBehavior [ RunTime:0.000000s ]
INFO: [ app_begin ] --END-- [ RunTime:0.000000s ]
SQL: SHOW COLUMNS FROM `core_website` [ RunTime:0.0070s ]
SQL: SELECT `website_id` FROM `core_website` WHERE ( name = 'MTDFS' ) LIMIT 1   [ RunTime:0.0010s ]
SQL: SHOW COLUMNS FROM `eav_attribute` [ RunTime:0.0070s ]
SQL: SELECT `attribute_id` FROM `eav_attribute` WHERE ( attribute_code = 'register_mobile' ) LIMIT 1   [ RunTime:0.0010s ]
SQL: SHOW COLUMNS FROM `customer_entity` [ RunTime:0.0070s ]
SQL: SELECT A.entity_id
FROM mtdfs.customer_entity A
inner join mtdfs.customer_entity_varchar B  on A.entity_id=B.entity_id and B.attribute_id=159
where A.website_id=1 and B.value='' [ RunTime:0.0010s ]
INFO: [ app_end ] --START--
INFO: Run Behavior\ShowPageTraceBehavior [ RunTime:0.001000s ]
INFO: [ app_end ] --END-- [ RunTime:0.001000s ]

[ 2015-11-25T19:30:12+08:00 ] 127.0.0.1 /c/Ajax/checkUserPhone?UserPhone=18005151538
INFO: [ app_init ] --START--
INFO: Run Behavior\BuildLiteBehavior [ RunTime:0.000000s ]
INFO: [ app_init ] --END-- [ RunTime:0.000000s ]
INFO: [ app_begin ] --START--
INFO: Run Behavior\ReadHtmlCacheBehavior [ RunTime:0.001000s ]
INFO: [ app_begin ] --END-- [ RunTime:0.001000s ]
SQL: SHOW COLUMNS FROM `core_website` [ RunTime:0.0090s ]
SQL: SELECT `website_id` FROM `core_website` WHERE ( name = 'MTDFS' ) LIMIT 1   [ RunTime:0.0010s ]
SQL: SHOW COLUMNS FROM `eav_attribute` [ RunTime:0.0070s ]
SQL: SELECT `attribute_id` FROM `eav_attribute` WHERE ( attribute_code = 'register_mobile' ) LIMIT 1   [ RunTime:0.0010s ]
SQL: SHOW COLUMNS FROM `customer_entity` [ RunTime:0.0070s ]
SQL: SELECT A.entity_id
FROM mtdfs.customer_entity A
inner join mtdfs.customer_entity_varchar B  on A.entity_id=B.entity_id and B.attribute_id=159
where A.website_id=1 and B.value='18005151538' [ RunTime:0.0010s ]
INFO: [ app_end ] --START--
INFO: Run Behavior\ShowPageTraceBehavior [ RunTime:0.001000s ]
INFO: [ app_end ] --END-- [ RunTime:0.001000s ]

[ 2015-11-25T19:30:58+08:00 ] 127.0.0.1 /c/Ajax/checkUserPhone?UserPhone=18005151538
INFO: [ app_init ] --START--
INFO: Run Behavior\BuildLiteBehavior [ RunTime:0.000000s ]
INFO: [ app_init ] --END-- [ RunTime:0.000000s ]
INFO: [ app_begin ] --START--
INFO: Run Behavior\ReadHtmlCacheBehavior [ RunTime:0.001000s ]
INFO: [ app_begin ] --END-- [ RunTime:0.001000s ]
SQL: SHOW COLUMNS FROM `core_website` [ RunTime:0.0070s ]
SQL: SELECT `website_id` FROM `core_website` WHERE ( name = 'MTDFS' ) LIMIT 1   [ RunTime:0.0010s ]
SQL: SHOW COLUMNS FROM `eav_attribute` [ RunTime:0.0060s ]
SQL: SELECT `attribute_id` FROM `eav_attribute` WHERE ( attribute_code = 'register_mobile' ) LIMIT 1   [ RunTime:0.0010s ]
SQL: SHOW COLUMNS FROM `customer_entity` [ RunTime:0.0070s ]
SQL: SELECT A.entity_id
FROM mtdfs.customer_entity A
inner join mtdfs.customer_entity_varchar B  on A.entity_id=B.entity_id and B.attribute_id=159
where A.website_id=1 and B.value='18005151538' [ RunTime:0.0010s ]
INFO: [ app_end ] --START--
INFO: Run Behavior\ShowPageTraceBehavior [ RunTime:0.000000s ]
INFO: [ app_end ] --END-- [ RunTime:0.000000s ]

[ 2015-11-25T19:31:04+08:00 ] 127.0.0.1 /c/Ajax/checkUserPhone?UserPhone=18005151532
INFO: [ app_init ] --START--
INFO: Run Behavior\BuildLiteBehavior [ RunTime:0.000000s ]
INFO: [ app_init ] --END-- [ RunTime:0.000000s ]
INFO: [ app_begin ] --START--
INFO: Run Behavior\ReadHtmlCacheBehavior [ RunTime:0.001000s ]
INFO: [ app_begin ] --END-- [ RunTime:0.001000s ]
SQL: SHOW COLUMNS FROM `core_website` [ RunTime:0.0060s ]
SQL: SELECT `website_id` FROM `core_website` WHERE ( name = 'MTDFS' ) LIMIT 1   [ RunTime:0.0010s ]
SQL: SHOW COLUMNS FROM `eav_attribute` [ RunTime:0.0060s ]
SQL: SELECT `attribute_id` FROM `eav_attribute` WHERE ( attribute_code = 'register_mobile' ) LIMIT 1   [ RunTime:0.0000s ]
SQL: SHOW COLUMNS FROM `customer_entity` [ RunTime:0.0060s ]
SQL: SELECT A.entity_id
FROM mtdfs.customer_entity A
inner join mtdfs.customer_entity_varchar B  on A.entity_id=B.entity_id and B.attribute_id=159
where A.website_id=1 and B.value='18005151532' [ RunTime:0.0010s ]
INFO: [ app_end ] --START--
INFO: Run Behavior\ShowPageTraceBehavior [ RunTime:0.001001s ]
INFO: [ app_end ] --END-- [ RunTime:0.001001s ]

