[ 2015-10-15T11:59:21+08:00 ] 127.0.0.1 /c/
INFO: [ app_init ] --START--
INFO: Run Behavior\BuildLiteBehavior [ RunTime:0.000000s ]
INFO: [ app_init ] --END-- [ RunTime:0.015600s ]
INFO: [ app_begin ] --START--
INFO: Run Behavior\ReadHtmlCacheBehavior [ RunTime:0.000000s ]
INFO: [ app_begin ] --END-- [ RunTime:0.000000s ]
NOTIC: [8] Use of undefined constant LANG_SET - assumed 'LANG_SET' D:\wamp\www\mtgdfsnew\trunk\c\Application\Home\Controller\CommonController.class.php 第 14 行.
INFO: [ view_parse ] --START--
INFO: [ template_filter ] --START--
INFO: Run Behavior\ContentReplaceBehavior [ RunTime:0.000000s ]
INFO: [ template_filter ] --END-- [ RunTime:0.000000s ]
NOTIC: [8] Undefined variable: keywords D:\wamp\www\mtgdfsnew\trunk\c\Application\Runtime\Cache\Home\da2245feab9f58b4dceab1f100adff9d.php 第 8 行.
NOTIC: [8] Use of undefined constant LANG_SET - assumed 'LANG_SET' D:\wamp\www\mtgdfsnew\trunk\c\Application\Common\Common\common.php 第 5 行.
NOTIC: [8] Use of undefined constant LANG_SET - assumed 'LANG_SET' D:\wamp\www\mtgdfsnew\trunk\c\Application\Common\Common\common.php 第 25 行.
NOTIC: [8] Undefined variable: description D:\wamp\www\mtgdfsnew\trunk\c\Application\Runtime\Cache\Home\da2245feab9f58b4dceab1f100adff9d.php 第 9 行.
NOTIC: [8] Use of undefined constant LANG_SET - assumed 'LANG_SET' D:\wamp\www\mtgdfsnew\trunk\c\Application\Common\Common\common.php 第 5 行.
NOTIC: [8] Use of undefined constant LANG_SET - assumed 'LANG_SET' D:\wamp\www\mtgdfsnew\trunk\c\Application\Common\Common\common.php 第 25 行.
NOTIC: [8] Undefined variable: cssArr D:\wamp\www\mtgdfsnew\trunk\c\Application\Runtime\Cache\Home\da2245feab9f58b4dceab1f100adff9d.php 第 11 行.
NOTIC: [8] Undefined variable: jsArr D:\wamp\www\mtgdfsnew\trunk\c\Application\Runtime\Cache\Home\da2245feab9f58b4dceab1f100adff9d.php 第 96 行.
INFO: Run Behavior\ParseTemplateBehavior [ RunTime:0.045000s ]
INFO: [ view_parse ] --END-- [ RunTime:0.045000s ]
INFO: [ view_filter ] --START--
INFO: Run Behavior\WriteHtmlCacheBehavior [ RunTime:0.010000s ]
INFO: [ view_filter ] --END-- [ RunTime:0.010000s ]
INFO: [ app_end ] --START--
INFO: Run Behavior\ShowPageTraceBehavior [ RunTime:0.000000s ]
INFO: [ app_end ] --END-- [ RunTime:0.000000s ]

[ 2015-10-15T12:01:53+08:00 ] 127.0.0.1 /c/index.php/p1020
INFO: [ app_init ] --START--
INFO: Run Behavior\BuildLiteBehavior [ RunTime:0.000000s ]
INFO: [ app_init ] --END-- [ RunTime:0.000000s ]
INFO: [ app_begin ] --START--
INFO: Run Behavior\ReadHtmlCacheBehavior [ RunTime:0.001000s ]
INFO: [ app_begin ] --END-- [ RunTime:0.001000s ]
NOTIC: [8] Use of undefined constant LANG_SET - assumed 'LANG_SET' D:\wamp\www\mtgdfsnew\trunk\c\Application\Home\Controller\CommonController.class.php 第 14 行.
INFO: [ app_end ] --START--
INFO: Run Behavior\ShowPageTraceBehavior [ RunTime:0.000000s ]
INFO: [ app_end ] --END-- [ RunTime:0.000000s ]

