[ 2015-12-31T17:29:19+08:00 ] 127.0.0.1 /page/
INFO: [ app_init ] --START--
INFO: Run Behavior\BuildLiteBehavior [ RunTime:0.000000s ]
INFO: [ app_init ] --END-- [ RunTime:0.001000s ]
INFO: [ app_begin ] --START--
INFO: Run Behavior\ReadHtmlCacheBehavior [ RunTime:0.001000s ]
INFO: [ app_begin ] --END-- [ RunTime:0.001000s ]
INFO: [ app_end ] --START--
INFO: Run Behavior\ShowPageTraceBehavior [ RunTime:0.011001s ]
INFO: [ app_end ] --END-- [ RunTime:0.011001s ]

[ 2015-12-31T17:29:21+08:00 ] 127.0.0.1 /page/award
INFO: [ app_init ] --START--
INFO: Run Behavior\BuildLiteBehavior [ RunTime:0.000000s ]
INFO: [ app_init ] --END-- [ RunTime:0.000000s ]
INFO: [ app_begin ] --START--
INFO: Run Behavior\ReadHtmlCacheBehavior [ RunTime:0.001000s ]
INFO: [ app_begin ] --END-- [ RunTime:0.001000s ]
SQL: SHOW COLUMNS FROM `welive_user` [ RunTime:0.0250s ]
SQL: SELECT COUNT(*) AS tp_count FROM `welive_user` WHERE ( 1=1 ) LIMIT 1   [ RunTime:0.0010s ]
SQL: SELECT * FROM `welive_user` WHERE ( 1=1 ) LIMIT 0,2   [ RunTime:0.0120s ]
NOTIC: [2] Missing argument 1 for Think\Page::show(), called in D:\wamp\www\test\page\Application\Home\Controller\IndexController.class.php on line 28 and defined D:\wamp\www\test\page\ThinkPHP\Library\Think\Page.class.php 第 80 行.
INFO: [ view_parse ] --START--
INFO: [ template_filter ] --START--
INFO: Run Behavior\ContentReplaceBehavior [ RunTime:0.000000s ]
INFO: [ template_filter ] --END-- [ RunTime:0.000000s ]
NOTIC: [8] Undefined variable: keywords D:\wamp\www\test\page\Application\Runtime\Cache\Home\38e2b98c6c422af46db32388d2ef10a9.php 第 5 行.
NOTIC: [8] Use of undefined constant LANG_SET - assumed 'LANG_SET' D:\wamp\www\test\page\Application\Common\Common\common.php 第 5 行.
NOTIC: [8] Use of undefined constant LANG_SET - assumed 'LANG_SET' D:\wamp\www\test\page\Application\Common\Common\common.php 第 25 行.
NOTIC: [8] Undefined variable: description D:\wamp\www\test\page\Application\Runtime\Cache\Home\38e2b98c6c422af46db32388d2ef10a9.php 第 6 行.
NOTIC: [8] Use of undefined constant LANG_SET - assumed 'LANG_SET' D:\wamp\www\test\page\Application\Common\Common\common.php 第 5 行.
NOTIC: [8] Use of undefined constant LANG_SET - assumed 'LANG_SET' D:\wamp\www\test\page\Application\Common\Common\common.php 第 25 行.
NOTIC: [8] Undefined variable: version D:\wamp\www\test\page\Application\Runtime\Cache\Home\38e2b98c6c422af46db32388d2ef10a9.php 第 7 行.
NOTIC: [8] Undefined variable: cssArr D:\wamp\www\test\page\Application\Runtime\Cache\Home\38e2b98c6c422af46db32388d2ef10a9.php 第 8 行.
NOTIC: [8] Undefined index: id D:\wamp\www\test\page\Application\Runtime\Cache\Home\38e2b98c6c422af46db32388d2ef10a9.php 第 36 行.
NOTIC: [8] Undefined index: id D:\wamp\www\test\page\Application\Runtime\Cache\Home\38e2b98c6c422af46db32388d2ef10a9.php 第 37 行.
NOTIC: [8] Undefined index: name D:\wamp\www\test\page\Application\Runtime\Cache\Home\38e2b98c6c422af46db32388d2ef10a9.php 第 37 行.
NOTIC: [8] Undefined index: addtime D:\wamp\www\test\page\Application\Runtime\Cache\Home\38e2b98c6c422af46db32388d2ef10a9.php 第 38 行.
NOTIC: [8] Undefined index: id D:\wamp\www\test\page\Application\Runtime\Cache\Home\38e2b98c6c422af46db32388d2ef10a9.php 第 36 行.
NOTIC: [8] Undefined index: id D:\wamp\www\test\page\Application\Runtime\Cache\Home\38e2b98c6c422af46db32388d2ef10a9.php 第 37 行.
NOTIC: [8] Undefined index: name D:\wamp\www\test\page\Application\Runtime\Cache\Home\38e2b98c6c422af46db32388d2ef10a9.php 第 37 行.
NOTIC: [8] Undefined index: addtime D:\wamp\www\test\page\Application\Runtime\Cache\Home\38e2b98c6c422af46db32388d2ef10a9.php 第 38 行.
INFO: Run Behavior\ParseTemplateBehavior [ RunTime:0.062004s ]
INFO: [ view_parse ] --END-- [ RunTime:0.062004s ]
INFO: [ view_filter ] --START--
INFO: Run Behavior\WriteHtmlCacheBehavior [ RunTime:0.001000s ]
INFO: [ view_filter ] --END-- [ RunTime:0.001000s ]
INFO: [ app_end ] --START--
INFO: Run Behavior\ShowPageTraceBehavior [ RunTime:0.000000s ]
INFO: [ app_end ] --END-- [ RunTime:0.000000s ]

[ 2015-12-31T17:29:24+08:00 ] 127.0.0.1 /page/award/p/2.html
INFO: [ app_init ] --START--
INFO: Run Behavior\BuildLiteBehavior [ RunTime:0.000000s ]
INFO: [ app_init ] --END-- [ RunTime:0.000000s ]
INFO: [ app_begin ] --START--
INFO: Run Behavior\ReadHtmlCacheBehavior [ RunTime:0.001000s ]
INFO: [ app_begin ] --END-- [ RunTime:0.001000s ]
SQL: SHOW COLUMNS FROM `welive_user` [ RunTime:0.0020s ]
SQL: SELECT COUNT(*) AS tp_count FROM `welive_user` WHERE ( 1=1 ) LIMIT 1   [ RunTime:0.0010s ]
SQL: SELECT * FROM `welive_user` WHERE ( 1=1 ) LIMIT 2,2   [ RunTime:0.0010s ]
NOTIC: [2] Missing argument 1 for Think\Page::show(), called in D:\wamp\www\test\page\Application\Home\Controller\IndexController.class.php on line 28 and defined D:\wamp\www\test\page\ThinkPHP\Library\Think\Page.class.php 第 80 行.
INFO: [ view_parse ] --START--
INFO: [ template_filter ] --START--
INFO: Run Behavior\ContentReplaceBehavior [ RunTime:0.000000s ]
INFO: [ template_filter ] --END-- [ RunTime:0.000000s ]
NOTIC: [8] Undefined variable: keywords D:\wamp\www\test\page\Application\Runtime\Cache\Home\38e2b98c6c422af46db32388d2ef10a9.php 第 5 行.
NOTIC: [8] Use of undefined constant LANG_SET - assumed 'LANG_SET' D:\wamp\www\test\page\Application\Common\Common\common.php 第 5 行.
NOTIC: [8] Use of undefined constant LANG_SET - assumed 'LANG_SET' D:\wamp\www\test\page\Application\Common\Common\common.php 第 25 行.
NOTIC: [8] Undefined variable: description D:\wamp\www\test\page\Application\Runtime\Cache\Home\38e2b98c6c422af46db32388d2ef10a9.php 第 6 行.
NOTIC: [8] Use of undefined constant LANG_SET - assumed 'LANG_SET' D:\wamp\www\test\page\Application\Common\Common\common.php 第 5 行.
NOTIC: [8] Use of undefined constant LANG_SET - assumed 'LANG_SET' D:\wamp\www\test\page\Application\Common\Common\common.php 第 25 行.
NOTIC: [8] Undefined variable: version D:\wamp\www\test\page\Application\Runtime\Cache\Home\38e2b98c6c422af46db32388d2ef10a9.php 第 7 行.
NOTIC: [8] Undefined variable: cssArr D:\wamp\www\test\page\Application\Runtime\Cache\Home\38e2b98c6c422af46db32388d2ef10a9.php 第 8 行.
NOTIC: [8] Undefined index: id D:\wamp\www\test\page\Application\Runtime\Cache\Home\38e2b98c6c422af46db32388d2ef10a9.php 第 36 行.
NOTIC: [8] Undefined index: id D:\wamp\www\test\page\Application\Runtime\Cache\Home\38e2b98c6c422af46db32388d2ef10a9.php 第 37 行.
NOTIC: [8] Undefined index: name D:\wamp\www\test\page\Application\Runtime\Cache\Home\38e2b98c6c422af46db32388d2ef10a9.php 第 37 行.
NOTIC: [8] Undefined index: addtime D:\wamp\www\test\page\Application\Runtime\Cache\Home\38e2b98c6c422af46db32388d2ef10a9.php 第 38 行.
NOTIC: [8] Undefined index: id D:\wamp\www\test\page\Application\Runtime\Cache\Home\38e2b98c6c422af46db32388d2ef10a9.php 第 36 行.
NOTIC: [8] Undefined index: id D:\wamp\www\test\page\Application\Runtime\Cache\Home\38e2b98c6c422af46db32388d2ef10a9.php 第 37 行.
NOTIC: [8] Undefined index: name D:\wamp\www\test\page\Application\Runtime\Cache\Home\38e2b98c6c422af46db32388d2ef10a9.php 第 37 行.
NOTIC: [8] Undefined index: addtime D:\wamp\www\test\page\Application\Runtime\Cache\Home\38e2b98c6c422af46db32388d2ef10a9.php 第 38 行.
INFO: Run Behavior\ParseTemplateBehavior [ RunTime:0.007000s ]
INFO: [ view_parse ] --END-- [ RunTime:0.007000s ]
INFO: [ view_filter ] --START--
INFO: Run Behavior\WriteHtmlCacheBehavior [ RunTime:0.000000s ]
INFO: [ view_filter ] --END-- [ RunTime:0.000000s ]
INFO: [ app_end ] --START--
INFO: Run Behavior\ShowPageTraceBehavior [ RunTime:0.001000s ]
INFO: [ app_end ] --END-- [ RunTime:0.001000s ]

[ 2015-12-31T17:29:26+08:00 ] 127.0.0.1 /page/award/p/3.html
INFO: [ app_init ] --START--
INFO: Run Behavior\BuildLiteBehavior [ RunTime:0.000000s ]
INFO: [ app_init ] --END-- [ RunTime:0.000000s ]
INFO: [ app_begin ] --START--
INFO: Run Behavior\ReadHtmlCacheBehavior [ RunTime:0.001000s ]
INFO: [ app_begin ] --END-- [ RunTime:0.001000s ]
SQL: SHOW COLUMNS FROM `welive_user` [ RunTime:0.0030s ]
SQL: SELECT COUNT(*) AS tp_count FROM `welive_user` WHERE ( 1=1 ) LIMIT 1   [ RunTime:0.0010s ]
SQL: SELECT * FROM `welive_user` WHERE ( 1=1 ) LIMIT 4,2   [ RunTime:0.0010s ]
NOTIC: [2] Missing argument 1 for Think\Page::show(), called in D:\wamp\www\test\page\Application\Home\Controller\IndexController.class.php on line 28 and defined D:\wamp\www\test\page\ThinkPHP\Library\Think\Page.class.php 第 80 行.
INFO: [ view_parse ] --START--
INFO: [ template_filter ] --START--
INFO: Run Behavior\ContentReplaceBehavior [ RunTime:0.000000s ]
INFO: [ template_filter ] --END-- [ RunTime:0.000000s ]
NOTIC: [8] Undefined variable: keywords D:\wamp\www\test\page\Application\Runtime\Cache\Home\38e2b98c6c422af46db32388d2ef10a9.php 第 5 行.
NOTIC: [8] Use of undefined constant LANG_SET - assumed 'LANG_SET' D:\wamp\www\test\page\Application\Common\Common\common.php 第 5 行.
NOTIC: [8] Use of undefined constant LANG_SET - assumed 'LANG_SET' D:\wamp\www\test\page\Application\Common\Common\common.php 第 25 行.
NOTIC: [8] Undefined variable: description D:\wamp\www\test\page\Application\Runtime\Cache\Home\38e2b98c6c422af46db32388d2ef10a9.php 第 6 行.
NOTIC: [8] Use of undefined constant LANG_SET - assumed 'LANG_SET' D:\wamp\www\test\page\Application\Common\Common\common.php 第 5 行.
NOTIC: [8] Use of undefined constant LANG_SET - assumed 'LANG_SET' D:\wamp\www\test\page\Application\Common\Common\common.php 第 25 行.
NOTIC: [8] Undefined variable: version D:\wamp\www\test\page\Application\Runtime\Cache\Home\38e2b98c6c422af46db32388d2ef10a9.php 第 7 行.
NOTIC: [8] Undefined variable: cssArr D:\wamp\www\test\page\Application\Runtime\Cache\Home\38e2b98c6c422af46db32388d2ef10a9.php 第 8 行.
NOTIC: [8] Undefined index: id D:\wamp\www\test\page\Application\Runtime\Cache\Home\38e2b98c6c422af46db32388d2ef10a9.php 第 36 行.
NOTIC: [8] Undefined index: id D:\wamp\www\test\page\Application\Runtime\Cache\Home\38e2b98c6c422af46db32388d2ef10a9.php 第 37 行.
NOTIC: [8] Undefined index: name D:\wamp\www\test\page\Application\Runtime\Cache\Home\38e2b98c6c422af46db32388d2ef10a9.php 第 37 行.
NOTIC: [8] Undefined index: addtime D:\wamp\www\test\page\Application\Runtime\Cache\Home\38e2b98c6c422af46db32388d2ef10a9.php 第 38 行.
NOTIC: [8] Undefined index: id D:\wamp\www\test\page\Application\Runtime\Cache\Home\38e2b98c6c422af46db32388d2ef10a9.php 第 36 行.
NOTIC: [8] Undefined index: id D:\wamp\www\test\page\Application\Runtime\Cache\Home\38e2b98c6c422af46db32388d2ef10a9.php 第 37 行.
NOTIC: [8] Undefined index: name D:\wamp\www\test\page\Application\Runtime\Cache\Home\38e2b98c6c422af46db32388d2ef10a9.php 第 37 行.
NOTIC: [8] Undefined index: addtime D:\wamp\www\test\page\Application\Runtime\Cache\Home\38e2b98c6c422af46db32388d2ef10a9.php 第 38 行.
INFO: Run Behavior\ParseTemplateBehavior [ RunTime:0.008001s ]
INFO: [ view_parse ] --END-- [ RunTime:0.008001s ]
INFO: [ view_filter ] --START--
INFO: Run Behavior\WriteHtmlCacheBehavior [ RunTime:0.001000s ]
INFO: [ view_filter ] --END-- [ RunTime:0.001000s ]
INFO: [ app_end ] --START--
INFO: Run Behavior\ShowPageTraceBehavior [ RunTime:0.000000s ]
INFO: [ app_end ] --END-- [ RunTime:0.000000s ]

[ 2015-12-31T17:29:50+08:00 ] 127.0.0.1 /page/award/p/2.html
INFO: [ app_init ] --START--
INFO: Run Behavior\BuildLiteBehavior [ RunTime:0.000000s ]
INFO: [ app_init ] --END-- [ RunTime:0.001000s ]
INFO: [ app_begin ] --START--
INFO: Run Behavior\ReadHtmlCacheBehavior [ RunTime:0.000000s ]
INFO: [ app_begin ] --END-- [ RunTime:0.000000s ]
SQL: SHOW COLUMNS FROM `welive_user` [ RunTime:0.0030s ]
SQL: SELECT COUNT(*) AS tp_count FROM `welive_user` WHERE ( 1=1 ) LIMIT 1   [ RunTime:0.0010s ]
SQL: SELECT * FROM `welive_user` WHERE ( 1=1 ) LIMIT 2,2   [ RunTime:0.0000s ]
NOTIC: [2] Missing argument 1 for Think\Page::show(), called in D:\wamp\www\test\page\Application\Home\Controller\IndexController.class.php on line 28 and defined D:\wamp\www\test\page\ThinkPHP\Library\Think\Page.class.php 第 80 行.
INFO: [ view_parse ] --START--
INFO: [ template_filter ] --START--
INFO: Run Behavior\ContentReplaceBehavior [ RunTime:0.000000s ]
INFO: [ template_filter ] --END-- [ RunTime:0.000000s ]
NOTIC: [8] Undefined variable: keywords D:\wamp\www\test\page\Application\Runtime\Cache\Home\38e2b98c6c422af46db32388d2ef10a9.php 第 5 行.
NOTIC: [8] Use of undefined constant LANG_SET - assumed 'LANG_SET' D:\wamp\www\test\page\Application\Common\Common\common.php 第 5 行.
NOTIC: [8] Use of undefined constant LANG_SET - assumed 'LANG_SET' D:\wamp\www\test\page\Application\Common\Common\common.php 第 25 行.
NOTIC: [8] Undefined variable: description D:\wamp\www\test\page\Application\Runtime\Cache\Home\38e2b98c6c422af46db32388d2ef10a9.php 第 6 行.
NOTIC: [8] Use of undefined constant LANG_SET - assumed 'LANG_SET' D:\wamp\www\test\page\Application\Common\Common\common.php 第 5 行.
NOTIC: [8] Use of undefined constant LANG_SET - assumed 'LANG_SET' D:\wamp\www\test\page\Application\Common\Common\common.php 第 25 行.
NOTIC: [8] Undefined variable: version D:\wamp\www\test\page\Application\Runtime\Cache\Home\38e2b98c6c422af46db32388d2ef10a9.php 第 7 行.
NOTIC: [8] Undefined variable: cssArr D:\wamp\www\test\page\Application\Runtime\Cache\Home\38e2b98c6c422af46db32388d2ef10a9.php 第 8 行.
NOTIC: [8] Undefined index: id D:\wamp\www\test\page\Application\Runtime\Cache\Home\38e2b98c6c422af46db32388d2ef10a9.php 第 36 行.
NOTIC: [8] Undefined index: id D:\wamp\www\test\page\Application\Runtime\Cache\Home\38e2b98c6c422af46db32388d2ef10a9.php 第 37 行.
NOTIC: [8] Undefined index: name D:\wamp\www\test\page\Application\Runtime\Cache\Home\38e2b98c6c422af46db32388d2ef10a9.php 第 37 行.
NOTIC: [8] Undefined index: addtime D:\wamp\www\test\page\Application\Runtime\Cache\Home\38e2b98c6c422af46db32388d2ef10a9.php 第 38 行.
NOTIC: [8] Undefined index: id D:\wamp\www\test\page\Application\Runtime\Cache\Home\38e2b98c6c422af46db32388d2ef10a9.php 第 36 行.
NOTIC: [8] Undefined index: id D:\wamp\www\test\page\Application\Runtime\Cache\Home\38e2b98c6c422af46db32388d2ef10a9.php 第 37 行.
NOTIC: [8] Undefined index: name D:\wamp\www\test\page\Application\Runtime\Cache\Home\38e2b98c6c422af46db32388d2ef10a9.php 第 37 行.
NOTIC: [8] Undefined index: addtime D:\wamp\www\test\page\Application\Runtime\Cache\Home\38e2b98c6c422af46db32388d2ef10a9.php 第 38 行.
INFO: Run Behavior\ParseTemplateBehavior [ RunTime:0.006000s ]
INFO: [ view_parse ] --END-- [ RunTime:0.006000s ]
INFO: [ view_filter ] --START--
INFO: Run Behavior\WriteHtmlCacheBehavior [ RunTime:0.000000s ]
INFO: [ view_filter ] --END-- [ RunTime:0.000000s ]
INFO: [ app_end ] --START--
INFO: Run Behavior\ShowPageTraceBehavior [ RunTime:0.001000s ]
INFO: [ app_end ] --END-- [ RunTime:0.001000s ]

