[ 2017-03-20T08:38:37+08:00 ] ::1 /matouPCS/
INFO: [ app_init ] --START--
INFO: Run Behavior\BuildLiteBehavior [ RunTime:0.000026s ]
INFO: [ app_init ] --END-- [ RunTime:0.002729s ]
INFO: [ app_begin ] --START--
INFO: Run Behavior\ReadHtmlCacheBehavior [ RunTime:0.001228s ]
INFO: [ app_begin ] --END-- [ RunTime:0.001297s ]
SQL: SHOW COLUMNS FROM `reward2` [ RunTime:0.0327s ]
SQL: SELECT * FROM reward2 as  r INNER JOIN reward1 as e on r.pid = e.psid  INNER JOIN  user as u on e.uid = u.id  ORDER BY e.psid desc LIMIT 0,21   [ RunTime:0.1229s ]
SQL: SHOW COLUMNS FROM `user` [ RunTime:0.0123s ]
SQL: SELECT * FROM user as u INNER JOIN forcee as f on f.uid = u.id  WHERE ( f.status = 2 ) ORDER BY f.collect desc LIMIT 0,4   [ RunTime:0.0542s ]
SQL: SHOW COLUMNS FROM `shop` [ RunTime:0.0691s ]
SQL: SELECT * FROM `shop` ORDER BY collect desc LIMIT 0,4   [ RunTime:0.0010s ]
SQL: SHOW COLUMNS FROM `flea` [ RunTime:0.0723s ]
SQL: SELECT * FROM flea as f INNER JOIN user as u on f.uid = u.id  WHERE ( tz_status = '1' ) ORDER BY f.fid desc LIMIT 0,5   [ RunTime:0.0120s ]
NOTIC: [8] Undefined variable: ren D:\phpStudy\WWW\matouPCS\Application\Home\Controller\IndexController.class.php 第 47 行.
NOTIC: [8] Undefined variable: fbys D:\phpStudy\WWW\matouPCS\Application\Home\Controller\IndexController.class.php 第 49 行.
NOTIC: [8] Undefined variable: fbyp D:\phpStudy\WWW\matouPCS\Application\Home\Controller\IndexController.class.php 第 51 行.
INFO: [ view_parse ] --START--
INFO: [ template_filter ] --START--
INFO: Run Behavior\ContentReplaceBehavior [ RunTime:0.000507s ]
INFO: [ template_filter ] --END-- [ RunTime:0.000610s ]
NOTIC: [8] Undefined index: username D:\phpStudy\WWW\matouPCS\Application\Runtime\Cache\Home\2a94b8bda04ff446dcedd42276fc99ee.php 第 50 行.
NOTIC: [8] Undefined index: id D:\phpStudy\WWW\matouPCS\Application\Runtime\Cache\Home\2a94b8bda04ff446dcedd42276fc99ee.php 第 59 行.
NOTIC: [8] Undefined variable: sp D:\phpStudy\WWW\matouPCS\Application\Runtime\Cache\Home\2a94b8bda04ff446dcedd42276fc99ee.php 第 179 行.
NOTIC: [8] Undefined variable: sp D:\phpStudy\WWW\matouPCS\Application\Runtime\Cache\Home\2a94b8bda04ff446dcedd42276fc99ee.php 第 181 行.
NOTIC: [8] Undefined variable: sp D:\phpStudy\WWW\matouPCS\Application\Runtime\Cache\Home\2a94b8bda04ff446dcedd42276fc99ee.php 第 189 行.
NOTIC: [8] Undefined variable: sp D:\phpStudy\WWW\matouPCS\Application\Runtime\Cache\Home\2a94b8bda04ff446dcedd42276fc99ee.php 第 191 行.
NOTIC: [8] Undefined index: id D:\phpStudy\WWW\matouPCS\Application\Runtime\Cache\Home\2a94b8bda04ff446dcedd42276fc99ee.php 第 1088 行.
NOTIC: [8] Use of undefined constant imagename - assumed 'imagename' D:\phpStudy\WWW\matouPCS\Application\Runtime\Cache\Home\2a94b8bda04ff446dcedd42276fc99ee.php 第 1262 行.
NOTIC: [8] Use of undefined constant imagename - assumed 'imagename' D:\phpStudy\WWW\matouPCS\Application\Runtime\Cache\Home\2a94b8bda04ff446dcedd42276fc99ee.php 第 1262 行.
NOTIC: [8] Use of undefined constant imagename - assumed 'imagename' D:\phpStudy\WWW\matouPCS\Application\Runtime\Cache\Home\2a94b8bda04ff446dcedd42276fc99ee.php 第 1288 行.
NOTIC: [8] Use of undefined constant imagename - assumed 'imagename' D:\phpStudy\WWW\matouPCS\Application\Runtime\Cache\Home\2a94b8bda04ff446dcedd42276fc99ee.php 第 1288 行.
NOTIC: [8] Use of undefined constant imagename - assumed 'imagename' D:\phpStudy\WWW\matouPCS\Application\Runtime\Cache\Home\2a94b8bda04ff446dcedd42276fc99ee.php 第 1262 行.
INFO: Run Behavior\ParseTemplateBehavior [ RunTime:0.142950s ]
INFO: [ view_parse ] --END-- [ RunTime:0.143071s ]
INFO: [ view_filter ] --START--
INFO: Run Behavior\WriteHtmlCacheBehavior [ RunTime:0.001405s ]
INFO: [ view_filter ] --END-- [ RunTime:0.001466s ]
INFO: [ app_end ] --START--
INFO: Run Behavior\ShowPageTraceBehavior [ RunTime:0.002437s ]
INFO: [ app_end ] --END-- [ RunTime:0.002538s ]

[ 2017-03-20T08:38:39+08:00 ] ::1 /matouPCS/?s=/Home/User/wxcode/
INFO: [ app_init ] --START--
INFO: Run Behavior\BuildLiteBehavior [ RunTime:0.000027s ]
INFO: [ app_init ] --END-- [ RunTime:0.000540s ]
INFO: [ app_begin ] --START--
INFO: Run Behavior\ReadHtmlCacheBehavior [ RunTime:0.000533s ]
INFO: [ app_begin ] --END-- [ RunTime:0.000587s ]
NOTIC: [2048] Declaration of Home\Controller\UserController::get() should be compatible with Think\Controller::get($name = '') D:\phpStudy\WWW\matouPCS\Application\Home\Controller\UserController.class.php 第 1386 行.
NOTIC: [8] Undefined offset: 1 D:\phpStudy\WWW\matouPCS\Application\Home\Controller\UserController.class.php 第 1257 行.
NOTIC: [8] Trying to get property of non-object D:\phpStudy\WWW\matouPCS\Application\Home\Controller\UserController.class.php 第 1266 行.
NOTIC: [8] Trying to get property of non-object D:\phpStudy\WWW\matouPCS\Application\Home\Controller\UserController.class.php 第 1266 行.
NOTIC: [8] Trying to get property of non-object D:\phpStudy\WWW\matouPCS\Application\Home\Controller\UserController.class.php 第 1270 行.
SQL: SHOW COLUMNS FROM `user` [ RunTime:0.0051s ]
SQL: SELECT * FROM `user` WHERE ( weixin = '' ) LIMIT 1   [ RunTime:0.0003s ]
NOTIC: [8] Undefined variable: wxAdd D:\phpStudy\WWW\matouPCS\Application\Home\Controller\UserController.class.php 第 1281 行.
INFO: [ app_end ] --START--
INFO: Run Behavior\ShowPageTraceBehavior [ RunTime:0.000569s ]
INFO: [ app_end ] --END-- [ RunTime:0.000603s ]

[ 2017-03-20T08:38:55+08:00 ] ::1 /matouPCS/?s=/Home/Index/login
INFO: [ app_init ] --START--
INFO: Run Behavior\BuildLiteBehavior [ RunTime:0.000013s ]
INFO: [ app_init ] --END-- [ RunTime:0.000331s ]
INFO: [ app_begin ] --START--
INFO: Run Behavior\ReadHtmlCacheBehavior [ RunTime:0.000722s ]
INFO: [ app_begin ] --END-- [ RunTime:0.000776s ]
SQL: SHOW COLUMNS FROM `user` [ RunTime:0.0152s ]
SQL: SELECT * FROM `user` WHERE ( tel = '123123123' and password = '123123' ) LIMIT 1   [ RunTime:0.0009s ]
SQL: SELECT * FROM `user` WHERE ( username = '123123123' and password = '123123 ' ) LIMIT 1   [ RunTime:0.0009s ]
NOTIC: [8] A session had already been started - ignoring session_start() D:\phpStudy\WWW\matouPCS\Application\Home\Controller\IndexController.class.php 第 107 行.
SQL: SHOW COLUMNS FROM `user_fen` [ RunTime:0.0431s ]
SQL: SELECT * FROM `user_fen` WHERE (  uid = 27 ) LIMIT 1   [ RunTime:0.0004s ]
INFO: [ app_end ] --START--
INFO: Run Behavior\ShowPageTraceBehavior [ RunTime:0.000984s ]
INFO: [ app_end ] --END-- [ RunTime:0.001047s ]

[ 2017-03-20T08:38:56+08:00 ] ::1 /matouPCS/
INFO: [ app_init ] --START--
INFO: Run Behavior\BuildLiteBehavior [ RunTime:0.000012s ]
INFO: [ app_init ] --END-- [ RunTime:0.000297s ]
INFO: [ app_begin ] --START--
INFO: Run Behavior\ReadHtmlCacheBehavior [ RunTime:0.000424s ]
INFO: [ app_begin ] --END-- [ RunTime:0.000462s ]
SQL: SHOW COLUMNS FROM `reward2` [ RunTime:0.0067s ]
SQL: SELECT * FROM reward2 as  r INNER JOIN reward1 as e on r.pid = e.psid  INNER JOIN  user as u on e.uid = u.id  ORDER BY e.psid desc LIMIT 0,21   [ RunTime:0.0083s ]
SQL: SHOW COLUMNS FROM `user` [ RunTime:0.0071s ]
SQL: SELECT * FROM user as u INNER JOIN forcee as f on f.uid = u.id  WHERE ( f.status = 2 ) ORDER BY f.collect desc LIMIT 0,4   [ RunTime:0.0006s ]
SQL: SELECT * FROM user as u INNER JOIN forcee as f on f.uid = u.id  WHERE ( f.status = 2 and u.id = 27 ) LIMIT 1   [ RunTime:0.0005s ]
SQL: SELECT * FROM user as u INNER JOIN due as d on u.id = d.uid  WHERE ( u.id = 27 ) LIMIT 1   [ RunTime:0.0475s ]
SQL: SELECT * FROM user as u INNER JOIN employ as d on u.id = d.uid  WHERE ( u.id = 27 ) LIMIT 1   [ RunTime:0.0428s ]
SQL: SHOW COLUMNS FROM `shop` [ RunTime:0.0119s ]
SQL: SELECT * FROM `shop` WHERE ( uid = 27 ) LIMIT 1   [ RunTime:0.0008s ]
SQL: SELECT * FROM `shop` ORDER BY collect desc LIMIT 0,4   [ RunTime:0.0008s ]
SQL: SHOW COLUMNS FROM `flea` [ RunTime:0.0118s ]
SQL: SELECT * FROM flea as f INNER JOIN user as u on f.uid = u.id  WHERE ( tz_status = '1' ) ORDER BY f.fid desc LIMIT 0,5   [ RunTime:0.0087s ]
INFO: [ view_parse ] --START--
INFO: [ template_filter ] --START--
INFO: Run Behavior\ContentReplaceBehavior [ RunTime:0.000259s ]
INFO: [ template_filter ] --END-- [ RunTime:0.000306s ]
NOTIC: [2] in_array() expects parameter 2 to be array, null given D:\phpStudy\WWW\matouPCS\Application\Runtime\Cache\Home\2a94b8bda04ff446dcedd42276fc99ee.php 第 703 行.
NOTIC: [8] Use of undefined constant imagename - assumed 'imagename' D:\phpStudy\WWW\matouPCS\Application\Runtime\Cache\Home\2a94b8bda04ff446dcedd42276fc99ee.php 第 1262 行.
NOTIC: [8] Use of undefined constant imagename - assumed 'imagename' D:\phpStudy\WWW\matouPCS\Application\Runtime\Cache\Home\2a94b8bda04ff446dcedd42276fc99ee.php 第 1262 行.
NOTIC: [8] Use of undefined constant imagename - assumed 'imagename' D:\phpStudy\WWW\matouPCS\Application\Runtime\Cache\Home\2a94b8bda04ff446dcedd42276fc99ee.php 第 1288 行.
NOTIC: [8] Use of undefined constant imagename - assumed 'imagename' D:\phpStudy\WWW\matouPCS\Application\Runtime\Cache\Home\2a94b8bda04ff446dcedd42276fc99ee.php 第 1288 行.
NOTIC: [8] Use of undefined constant imagename - assumed 'imagename' D:\phpStudy\WWW\matouPCS\Application\Runtime\Cache\Home\2a94b8bda04ff446dcedd42276fc99ee.php 第 1262 行.
INFO: Run Behavior\ParseTemplateBehavior [ RunTime:0.055601s ]
INFO: [ view_parse ] --END-- [ RunTime:0.055699s ]
INFO: [ view_filter ] --START--
INFO: Run Behavior\WriteHtmlCacheBehavior [ RunTime:0.000547s ]
INFO: [ view_filter ] --END-- [ RunTime:0.000593s ]
INFO: [ app_end ] --START--
INFO: Run Behavior\ShowPageTraceBehavior [ RunTime:0.000673s ]
INFO: [ app_end ] --END-- [ RunTime:0.000732s ]

[ 2017-03-20T08:38:58+08:00 ] ::1 /matouPCS/?s=/Home/User/wxcode/
INFO: [ app_init ] --START--
INFO: Run Behavior\BuildLiteBehavior [ RunTime:0.000020s ]
INFO: [ app_init ] --END-- [ RunTime:0.000454s ]
INFO: [ app_begin ] --START--
INFO: Run Behavior\ReadHtmlCacheBehavior [ RunTime:0.000911s ]
INFO: [ app_begin ] --END-- [ RunTime:0.000982s ]
NOTIC: [2048] Declaration of Home\Controller\UserController::get() should be compatible with Think\Controller::get($name = '') D:\phpStudy\WWW\matouPCS\Application\Home\Controller\UserController.class.php 第 1386 行.
NOTIC: [8] Undefined offset: 1 D:\phpStudy\WWW\matouPCS\Application\Home\Controller\UserController.class.php 第 1257 行.
NOTIC: [8] Trying to get property of non-object D:\phpStudy\WWW\matouPCS\Application\Home\Controller\UserController.class.php 第 1266 行.
NOTIC: [8] Trying to get property of non-object D:\phpStudy\WWW\matouPCS\Application\Home\Controller\UserController.class.php 第 1266 行.
NOTIC: [8] Trying to get property of non-object D:\phpStudy\WWW\matouPCS\Application\Home\Controller\UserController.class.php 第 1270 行.
SQL: SHOW COLUMNS FROM `user` [ RunTime:0.0122s ]
SQL: SELECT * FROM `user` WHERE ( weixin = '' ) LIMIT 1   [ RunTime:0.0010s ]
NOTIC: [8] Undefined variable: wxAdd D:\phpStudy\WWW\matouPCS\Application\Home\Controller\UserController.class.php 第 1281 行.
INFO: [ app_end ] --START--
INFO: Run Behavior\ShowPageTraceBehavior [ RunTime:0.003112s ]
INFO: [ app_end ] --END-- [ RunTime:0.003306s ]

[ 2017-03-20T08:39:00+08:00 ] ::1 /matouPCS/?s=/Home/User/xqxx
INFO: [ app_init ] --START--
INFO: Run Behavior\BuildLiteBehavior [ RunTime:0.000013s ]
INFO: [ app_init ] --END-- [ RunTime:0.000384s ]
INFO: [ app_begin ] --START--
INFO: Run Behavior\ReadHtmlCacheBehavior [ RunTime:0.000491s ]
INFO: [ app_begin ] --END-- [ RunTime:0.000531s ]
NOTIC: [2048] Declaration of Home\Controller\UserController::get() should be compatible with Think\Controller::get($name = '') D:\phpStudy\WWW\matouPCS\Application\Home\Controller\UserController.class.php 第 1386 行.
SQL: SHOW COLUMNS FROM `user` [ RunTime:0.0061s ]
SQL: SELECT * FROM user as u INNER JOIN user_xx as x on u.id = x.uid  WHERE ( x.status_xx = '1' and x.type_xx = '3' and x.type_xs = '6' ) ORDER BY x.id desc  [ RunTime:0.0810s ]
SQL: SELECT * FROM user as u INNER JOIN user_xx as x on u.id = x.uid  WHERE ( x.fid = 27 and x.status_xx = '1' and x.type_xx = '3' and x.type_xs = '6' ) ORDER BY x.id desc  [ RunTime:0.0005s ]
SQL: SELECT * FROM user as u INNER JOIN user_xx as x on u.id = x.uid  WHERE ( x.fid = 27 and x.status_xx = '1' and x.type_xx = '1' and x.type_xs = '7' ) ORDER BY x.id desc  [ RunTime:0.0004s ]
SQL: SELECT * FROM user as u INNER JOIN user_xx as x on u.id = x.uid  WHERE ( x.fid = 27 and x.status_xx = '1' and x.type_xx = '1' and x.type_xs = '3' ) ORDER BY x.id desc  [ RunTime:0.0004s ]
SQL: SELECT * FROM user as u INNER JOIN user_xx as x on u.id = x.uid  WHERE ( x.fid = 27 and x.status_xx = '1' and x.type_xx = '1' and x.type_xs = '1' ) ORDER BY x.id desc  [ RunTime:0.0005s ]
SQL: SELECT * FROM user as u INNER JOIN user_xx_hf as x on u.id = x.uid  ORDER BY x.id  [ RunTime:0.0709s ]
SQL: SELECT * FROM user as u INNER JOIN user_xx_hf as x on u.id = x.uid  ORDER BY x.id  [ RunTime:0.0122s ]
SQL: SHOW COLUMNS FROM `reward1` [ RunTime:0.0124s ]
SQL: SELECT * FROM reward1 as e WHERE ( e.uid = 27 )  [ RunTime:0.0004s ]
SQL: SHOW COLUMNS FROM `reward2` [ RunTime:0.0055s ]
SQL: SELECT * FROM `reward2` WHERE ( usid = 27 )  [ RunTime:0.0004s ]
SQL: SHOW COLUMNS FROM `recruit1` [ RunTime:0.0491s ]
SQL: SELECT * FROM recruit1 as e WHERE ( e.uid = 27 )  [ RunTime:0.0008s ]
SQL: SHOW COLUMNS FROM `recruit2` [ RunTime:0.0599s ]
SQL: SELECT * FROM `recruit2` WHERE ( usid = 27 )  [ RunTime:0.0004s ]
SQL: SHOW COLUMNS FROM `flea` [ RunTime:0.0082s ]
SQL: SELECT * FROM `flea` WHERE ( uid = 27 and type = '1' )  [ RunTime:0.0004s ]
SQL: SELECT * FROM user as u WHERE ( u.id = 23 ) LIMIT 1   [ RunTime:0.0003s ]
NOTIC: [2] Invalid argument supplied for foreach() D:\phpStudy\WWW\matouPCS\Application\Home\Controller\UserController.class.php 第 743 行.
NOTIC: [2] Invalid argument supplied for foreach() D:\phpStudy\WWW\matouPCS\Application\Home\Controller\UserController.class.php 第 756 行.
NOTIC: [8] Undefined variable: arr_zp D:\phpStudy\WWW\matouPCS\Application\Home\Controller\UserController.class.php 第 767 行.
NOTIC: [8] Undefined variable: arr_qg D:\phpStudy\WWW\matouPCS\Application\Home\Controller\UserController.class.php 第 768 行.
INFO: [ view_parse ] --START--
INFO: [ template_filter ] --START--
INFO: Run Behavior\ContentReplaceBehavior [ RunTime:0.000252s ]
INFO: [ template_filter ] --END-- [ RunTime:0.000338s ]
NOTIC: [8] Undefined variable: sp D:\phpStudy\WWW\matouPCS\Application\Runtime\Cache\Home\786dcdf29babc002ab3066418a878390.php 第 121 行.
NOTIC: [8] Undefined variable: sp D:\phpStudy\WWW\matouPCS\Application\Runtime\Cache\Home\786dcdf29babc002ab3066418a878390.php 第 123 行.
NOTIC: [8] Undefined variable: sp D:\phpStudy\WWW\matouPCS\Application\Runtime\Cache\Home\786dcdf29babc002ab3066418a878390.php 第 131 行.
NOTIC: [8] Undefined variable: sp D:\phpStudy\WWW\matouPCS\Application\Runtime\Cache\Home\786dcdf29babc002ab3066418a878390.php 第 133 行.
NOTIC: [8] Undefined variable: uid D:\phpStudy\WWW\matouPCS\Application\Runtime\Cache\Home\786dcdf29babc002ab3066418a878390.php 第 474 行.
NOTIC: [8] Undefined variable: uid D:\phpStudy\WWW\matouPCS\Application\Runtime\Cache\Home\786dcdf29babc002ab3066418a878390.php 第 474 行.
NOTIC: [8] Undefined variable: list_q D:\phpStudy\WWW\matouPCS\Application\Runtime\Cache\Home\786dcdf29babc002ab3066418a878390.php 第 482 行.
NOTIC: [8] Undefined variable: list_qs D:\phpStudy\WWW\matouPCS\Application\Runtime\Cache\Home\786dcdf29babc002ab3066418a878390.php 第 518 行.
NOTIC: [8] Undefined variable: list_yps D:\phpStudy\WWW\matouPCS\Application\Runtime\Cache\Home\786dcdf29babc002ab3066418a878390.php 第 542 行.
NOTIC: [8] Undefined variable: list_yss D:\phpStudy\WWW\matouPCS\Application\Runtime\Cache\Home\786dcdf29babc002ab3066418a878390.php 第 566 行.
NOTIC: [2] include(3rank-footer.php): failed to open stream: No such file or directory D:\phpStudy\WWW\matouPCS\Application\Runtime\Cache\Home\786dcdf29babc002ab3066418a878390.php 第 783 行.
NOTIC: [2] include(): Failed opening '3rank-footer.php' for inclusion (include_path='.;C:\php\pear') D:\phpStudy\WWW\matouPCS\Application\Runtime\Cache\Home\786dcdf29babc002ab3066418a878390.php 第 783 行.
INFO: Run Behavior\ParseTemplateBehavior [ RunTime:0.088001s ]
INFO: [ view_parse ] --END-- [ RunTime:0.088328s ]
INFO: [ view_filter ] --START--
INFO: Run Behavior\WriteHtmlCacheBehavior [ RunTime:0.000562s ]
INFO: [ view_filter ] --END-- [ RunTime:0.000620s ]
INFO: [ app_end ] --START--
INFO: Run Behavior\ShowPageTraceBehavior [ RunTime:0.000872s ]
INFO: [ app_end ] --END-- [ RunTime:0.000947s ]

[ 2017-03-20T08:39:07+08:00 ] ::1 /matouPCS/?s=/Home/index
INFO: [ app_init ] --START--
INFO: Run Behavior\BuildLiteBehavior [ RunTime:0.000015s ]
INFO: [ app_init ] --END-- [ RunTime:0.000328s ]
INFO: [ app_begin ] --START--
INFO: Run Behavior\ReadHtmlCacheBehavior [ RunTime:0.000569s ]
INFO: [ app_begin ] --END-- [ RunTime:0.000607s ]
SQL: SHOW COLUMNS FROM `reward2` [ RunTime:0.0095s ]
SQL: SELECT * FROM reward2 as  r INNER JOIN reward1 as e on r.pid = e.psid  INNER JOIN  user as u on e.uid = u.id  ORDER BY e.psid desc LIMIT 0,21   [ RunTime:0.0114s ]
SQL: SHOW COLUMNS FROM `user` [ RunTime:0.0091s ]
SQL: SELECT * FROM user as u INNER JOIN forcee as f on f.uid = u.id  WHERE ( f.status = 2 ) ORDER BY f.collect desc LIMIT 0,4   [ RunTime:0.0009s ]
SQL: SELECT * FROM user as u INNER JOIN forcee as f on f.uid = u.id  WHERE ( f.status = 2 and u.id = 27 ) LIMIT 1   [ RunTime:0.0007s ]
SQL: SELECT * FROM user as u INNER JOIN due as d on u.id = d.uid  WHERE ( u.id = 27 ) LIMIT 1   [ RunTime:0.0007s ]
SQL: SELECT * FROM user as u INNER JOIN employ as d on u.id = d.uid  WHERE ( u.id = 27 ) LIMIT 1   [ RunTime:0.0007s ]
SQL: SHOW COLUMNS FROM `shop` [ RunTime:0.0071s ]
SQL: SELECT * FROM `shop` WHERE ( uid = 27 ) LIMIT 1   [ RunTime:0.0004s ]
SQL: SELECT * FROM `shop` ORDER BY collect desc LIMIT 0,4   [ RunTime:0.0004s ]
SQL: SHOW COLUMNS FROM `flea` [ RunTime:0.0054s ]
SQL: SELECT * FROM flea as f INNER JOIN user as u on f.uid = u.id  WHERE ( tz_status = '1' ) ORDER BY f.fid desc LIMIT 0,5   [ RunTime:0.0053s ]
INFO: [ view_parse ] --START--
INFO: [ template_filter ] --START--
INFO: Run Behavior\ContentReplaceBehavior [ RunTime:0.000225s ]
INFO: [ template_filter ] --END-- [ RunTime:0.000271s ]
NOTIC: [2] in_array() expects parameter 2 to be array, null given D:\phpStudy\WWW\matouPCS\Application\Runtime\Cache\Home\2a94b8bda04ff446dcedd42276fc99ee.php 第 703 行.
NOTIC: [8] Use of undefined constant imagename - assumed 'imagename' D:\phpStudy\WWW\matouPCS\Application\Runtime\Cache\Home\2a94b8bda04ff446dcedd42276fc99ee.php 第 1262 行.
NOTIC: [8] Use of undefined constant imagename - assumed 'imagename' D:\phpStudy\WWW\matouPCS\Application\Runtime\Cache\Home\2a94b8bda04ff446dcedd42276fc99ee.php 第 1262 行.
NOTIC: [8] Use of undefined constant imagename - assumed 'imagename' D:\phpStudy\WWW\matouPCS\Application\Runtime\Cache\Home\2a94b8bda04ff446dcedd42276fc99ee.php 第 1288 行.
NOTIC: [8] Use of undefined constant imagename - assumed 'imagename' D:\phpStudy\WWW\matouPCS\Application\Runtime\Cache\Home\2a94b8bda04ff446dcedd42276fc99ee.php 第 1288 行.
NOTIC: [8] Use of undefined constant imagename - assumed 'imagename' D:\phpStudy\WWW\matouPCS\Application\Runtime\Cache\Home\2a94b8bda04ff446dcedd42276fc99ee.php 第 1262 行.
INFO: Run Behavior\ParseTemplateBehavior [ RunTime:0.027171s ]
INFO: [ view_parse ] --END-- [ RunTime:0.027218s ]
INFO: [ view_filter ] --START--
INFO: Run Behavior\WriteHtmlCacheBehavior [ RunTime:0.000316s ]
INFO: [ view_filter ] --END-- [ RunTime:0.000361s ]
INFO: [ app_end ] --START--
INFO: Run Behavior\ShowPageTraceBehavior [ RunTime:0.000823s ]
INFO: [ app_end ] --END-- [ RunTime:0.000867s ]

[ 2017-03-20T08:39:09+08:00 ] ::1 /matouPCS/?s=/Home/User/wxcode/
INFO: [ app_init ] --START--
INFO: Run Behavior\BuildLiteBehavior [ RunTime:0.000032s ]
INFO: [ app_init ] --END-- [ RunTime:0.000521s ]
INFO: [ app_begin ] --START--
INFO: Run Behavior\ReadHtmlCacheBehavior [ RunTime:0.000983s ]
INFO: [ app_begin ] --END-- [ RunTime:0.001102s ]
NOTIC: [2048] Declaration of Home\Controller\UserController::get() should be compatible with Think\Controller::get($name = '') D:\phpStudy\WWW\matouPCS\Application\Home\Controller\UserController.class.php 第 1386 行.
NOTIC: [8] Trying to get property of non-object D:\phpStudy\WWW\matouPCS\Application\Home\Controller\UserController.class.php 第 1266 行.
NOTIC: [8] Trying to get property of non-object D:\phpStudy\WWW\matouPCS\Application\Home\Controller\UserController.class.php 第 1266 行.
NOTIC: [8] Trying to get property of non-object D:\phpStudy\WWW\matouPCS\Application\Home\Controller\UserController.class.php 第 1270 行.
SQL: SHOW COLUMNS FROM `user` [ RunTime:0.0056s ]
SQL: SELECT * FROM `user` WHERE ( weixin = '' ) LIMIT 1   [ RunTime:0.0005s ]
NOTIC: [8] Undefined variable: wxAdd D:\phpStudy\WWW\matouPCS\Application\Home\Controller\UserController.class.php 第 1281 行.
INFO: [ app_end ] --START--
INFO: Run Behavior\ShowPageTraceBehavior [ RunTime:0.001037s ]
INFO: [ app_end ] --END-- [ RunTime:0.001122s ]

