[ 2017-02-26T09:17:28+08:00 ] ::1 /matouPCS/
INFO: [ app_init ] --START--
INFO: Run Behavior\BuildLiteBehavior [ RunTime:0.000014s ]
INFO: [ app_init ] --END-- [ RunTime:0.001713s ]
INFO: [ app_begin ] --START--
INFO: Run Behavior\ReadHtmlCacheBehavior [ RunTime:0.000816s ]
INFO: [ app_begin ] --END-- [ RunTime:0.000870s ]
SQL: SHOW COLUMNS FROM `reward2` [ RunTime:0.0123s ]
SQL: SELECT * FROM reward2 as  r INNER JOIN reward1 as e on r.pid = e.psid  INNER JOIN  user as u on e.uid = u.id  ORDER BY e.psid desc LIMIT 0,21   [ RunTime:0.0064s ]
SQL: SHOW COLUMNS FROM `user` [ RunTime:0.0024s ]
SQL: SELECT * FROM user as u INNER JOIN forcee as f on f.uid = u.id  WHERE ( f.status = 2 ) ORDER BY f.collect desc LIMIT 0,4   [ RunTime:0.0021s ]
SQL: SHOW COLUMNS FROM `shop` [ RunTime:0.0040s ]
SQL: SELECT * FROM `shop` ORDER BY collect desc LIMIT 0,4   [ RunTime:0.0006s ]
SQL: SHOW COLUMNS FROM `flea` [ RunTime:0.0047s ]
SQL: SELECT * FROM flea as f INNER JOIN user as u on f.uid = u.id  WHERE ( tz_status = '1' ) LIMIT 0,5   [ RunTime:0.0004s ]
NOTIC: [8] Undefined variable: ren D:\www\matouPCS\Application\Home\Controller\IndexController.class.php 第 46 行.
NOTIC: [8] Undefined variable: fbys D:\www\matouPCS\Application\Home\Controller\IndexController.class.php 第 48 行.
NOTIC: [8] Undefined variable: fbyp D:\www\matouPCS\Application\Home\Controller\IndexController.class.php 第 50 行.
INFO: [ view_parse ] --START--
INFO: [ template_filter ] --START--
INFO: Run Behavior\ContentReplaceBehavior [ RunTime:0.000212s ]
INFO: [ template_filter ] --END-- [ RunTime:0.000263s ]
NOTIC: [8] Undefined index: username D:\www\matouPCS\Application\Runtime\Cache\Home\2a94b8bda04ff446dcedd42276fc99ee.php 第 104 行.
NOTIC: [8] Undefined variable: sp D:\www\matouPCS\Application\Runtime\Cache\Home\2a94b8bda04ff446dcedd42276fc99ee.php 第 180 行.
NOTIC: [8] Undefined variable: sp D:\www\matouPCS\Application\Runtime\Cache\Home\2a94b8bda04ff446dcedd42276fc99ee.php 第 182 行.
NOTIC: [8] Undefined index: type D:\www\matouPCS\Application\Runtime\Cache\Home\2a94b8bda04ff446dcedd42276fc99ee.php 第 922 行.
NOTIC: [8] Undefined index: id D:\www\matouPCS\Application\Runtime\Cache\Home\2a94b8bda04ff446dcedd42276fc99ee.php 第 932 行.
NOTIC: [8] Undefined index: type D:\www\matouPCS\Application\Runtime\Cache\Home\2a94b8bda04ff446dcedd42276fc99ee.php 第 922 行.
NOTIC: [8] Undefined index: id D:\www\matouPCS\Application\Runtime\Cache\Home\2a94b8bda04ff446dcedd42276fc99ee.php 第 932 行.
INFO: Run Behavior\ParseTemplateBehavior [ RunTime:0.024527s ]
INFO: [ view_parse ] --END-- [ RunTime:0.024591s ]
INFO: [ view_filter ] --START--
INFO: Run Behavior\WriteHtmlCacheBehavior [ RunTime:0.000628s ]
INFO: [ view_filter ] --END-- [ RunTime:0.000670s ]
INFO: [ app_end ] --START--
INFO: Run Behavior\ShowPageTraceBehavior [ RunTime:0.001053s ]
INFO: [ app_end ] --END-- [ RunTime:0.001114s ]

[ 2017-02-26T09:27:17+08:00 ] ::1 /matouPCS/?s=/Home/Tjcs
INFO: [ app_init ] --START--
INFO: Run Behavior\BuildLiteBehavior [ RunTime:0.000015s ]
INFO: [ app_init ] --END-- [ RunTime:0.000679s ]
INFO: [ app_begin ] --START--
INFO: Run Behavior\ReadHtmlCacheBehavior [ RunTime:0.000838s ]
INFO: [ app_begin ] --END-- [ RunTime:0.000901s ]
SQL: SHOW COLUMNS FROM `commodity` [ RunTime:0.0054s ]
SQL: SELECT * FROM commodity as c INNER JOIN comimage as m on c.id = m.psid INNER JOIN shop as s on c.pid = s.id   [ RunTime:0.0025s ]
SQL: SHOW COLUMNS FROM `forcee` [ RunTime:0.0023s ]
SQL: SELECT * FROM forcee as f INNER JOIN forceimage as r on f.id = r.pid INNER JOIN user as u on u.id = f.uid  ORDER BY f.collect desc LIMIT 0,3   [ RunTime:0.0051s ]
INFO: [ view_parse ] --START--
INFO: [ template_filter ] --START--
INFO: Run Behavior\ContentReplaceBehavior [ RunTime:0.000090s ]
INFO: [ template_filter ] --END-- [ RunTime:0.000143s ]
NOTIC: [8] Undefined index: type D:\www\matouPCS\Application\Runtime\Cache\Home\b97a705644adf3a352e59244cfceaf28.php 第 414 行.
NOTIC: [8] Undefined index: type D:\www\matouPCS\Application\Runtime\Cache\Home\b97a705644adf3a352e59244cfceaf28.php 第 414 行.
INFO: Run Behavior\ParseTemplateBehavior [ RunTime:0.012264s ]
INFO: [ view_parse ] --END-- [ RunTime:0.012315s ]
INFO: [ view_filter ] --START--
INFO: Run Behavior\WriteHtmlCacheBehavior [ RunTime:0.000609s ]
INFO: [ view_filter ] --END-- [ RunTime:0.000652s ]
INFO: [ app_end ] --START--
INFO: Run Behavior\ShowPageTraceBehavior [ RunTime:0.000916s ]
INFO: [ app_end ] --END-- [ RunTime:0.000983s ]

