[ 2017-02-25T13:50:48+08:00 ] ::1 /matouPCS/
INFO: [ app_init ] --START--
INFO: Run Behavior\BuildLiteBehavior [ RunTime:0.000032s ]
INFO: [ app_init ] --END-- [ RunTime:0.001276s ]
INFO: [ app_begin ] --START--
INFO: Run Behavior\ReadHtmlCacheBehavior [ RunTime:0.000570s ]
INFO: [ app_begin ] --END-- [ RunTime:0.000627s ]
SQL: SHOW COLUMNS FROM `reward2` [ RunTime:0.0130s ]
SQL: SELECT * FROM reward2 as  r INNER JOIN reward1 as e on r.pid = e.psid  INNER JOIN  user as u on e.uid = u.id  ORDER BY e.psid desc LIMIT 0,21   [ RunTime:0.0061s ]
SQL: SHOW COLUMNS FROM `user` [ RunTime:0.0027s ]
SQL: SELECT * FROM user as u INNER JOIN forcee as f on f.uid = u.id  WHERE ( f.status = 2 ) ORDER BY f.collect desc LIMIT 0,4   [ RunTime:0.0025s ]
SQL: SHOW COLUMNS FROM `shop` [ RunTime:0.0039s ]
SQL: SELECT * FROM `shop` ORDER BY collect desc LIMIT 0,4   [ RunTime:0.0007s ]
SQL: SHOW COLUMNS FROM `flea` [ RunTime:0.0041s ]
SQL: SELECT * FROM flea as f INNER JOIN user as u on f.uid = u.id  WHERE ( tz_status = '1' ) LIMIT 0,5   [ RunTime:0.0004s ]
NOTIC: [8] Undefined variable: ren D:\www\matouPCS\Application\Home\Controller\IndexController.class.php 第 39 行.
NOTIC: [8] Undefined variable: fbys D:\www\matouPCS\Application\Home\Controller\IndexController.class.php 第 41 行.
NOTIC: [8] Undefined variable: fbyp D:\www\matouPCS\Application\Home\Controller\IndexController.class.php 第 43 行.
INFO: [ view_parse ] --START--
INFO: [ template_filter ] --START--
INFO: Run Behavior\ContentReplaceBehavior [ RunTime:0.000255s ]
INFO: [ template_filter ] --END-- [ RunTime:0.000319s ]
NOTIC: [8] Undefined index: username D:\www\matouPCS\Application\Runtime\Cache\Home\2a94b8bda04ff446dcedd42276fc99ee.php 第 104 行.
NOTIC: [8] Undefined variable: sp D:\www\matouPCS\Application\Runtime\Cache\Home\2a94b8bda04ff446dcedd42276fc99ee.php 第 179 行.
NOTIC: [8] Undefined index: type D:\www\matouPCS\Application\Runtime\Cache\Home\2a94b8bda04ff446dcedd42276fc99ee.php 第 919 行.
NOTIC: [8] Undefined index: id D:\www\matouPCS\Application\Runtime\Cache\Home\2a94b8bda04ff446dcedd42276fc99ee.php 第 929 行.
NOTIC: [8] Undefined index: type D:\www\matouPCS\Application\Runtime\Cache\Home\2a94b8bda04ff446dcedd42276fc99ee.php 第 919 行.
NOTIC: [8] Undefined index: id D:\www\matouPCS\Application\Runtime\Cache\Home\2a94b8bda04ff446dcedd42276fc99ee.php 第 929 行.
INFO: Run Behavior\ParseTemplateBehavior [ RunTime:0.025793s ]
INFO: [ view_parse ] --END-- [ RunTime:0.025851s ]
INFO: [ view_filter ] --START--
INFO: Run Behavior\WriteHtmlCacheBehavior [ RunTime:0.000430s ]
INFO: [ view_filter ] --END-- [ RunTime:0.000474s ]
INFO: [ app_end ] --START--
INFO: Run Behavior\ShowPageTraceBehavior [ RunTime:0.000745s ]
INFO: [ app_end ] --END-- [ RunTime:0.000838s ]

[ 2017-02-25T13:50:54+08:00 ] ::1 /matouPCS/?s=/Home/Tjcs/spxq/id/3
INFO: [ app_init ] --START--
INFO: Run Behavior\BuildLiteBehavior [ RunTime:0.000015s ]
INFO: [ app_init ] --END-- [ RunTime:0.000498s ]
INFO: [ app_begin ] --START--
INFO: Run Behavior\ReadHtmlCacheBehavior [ RunTime:0.000610s ]
INFO: [ app_begin ] --END-- [ RunTime:0.000699s ]
SQL: SHOW COLUMNS FROM `shop` [ RunTime:0.0037s ]
SQL: SELECT * FROM shop as c INNER JOIN user as u on c.uid = u.id  WHERE ( c.id=3 )  [ RunTime:0.0005s ]
SQL: SHOW COLUMNS FROM `commodity` [ RunTime:0.0051s ]
SQL: SELECT * FROM commodity as c INNER JOIN comimage as m on c.id = m.psid  WHERE ( pid=3 )  [ RunTime:0.0015s ]
SQL: SHOW COLUMNS FROM `shop_liuyan` [ RunTime:0.0046s ]
SQL: SELECT * FROM shop_liuyan as s INNER JOIN user as u on s.uid = u.id  WHERE ( s.sid = 3 ) ORDER BY s.id desc LIMIT 0,3   [ RunTime:0.0028s ]
INFO: [ view_parse ] --START--
INFO: [ template_filter ] --START--
INFO: Run Behavior\ContentReplaceBehavior [ RunTime:0.000084s ]
INFO: [ template_filter ] --END-- [ RunTime:0.000146s ]
NOTIC: [8] Undefined index: id D:\www\matouPCS\Application\Runtime\Cache\Home\b58e02491b2a48f58b374f579a680aa9.php 第 237 行.
NOTIC: [8] Undefined index: type D:\www\matouPCS\Application\Runtime\Cache\Home\b58e02491b2a48f58b374f579a680aa9.php 第 389 行.
NOTIC: [8] Undefined index: time D:\www\matouPCS\Application\Runtime\Cache\Home\b58e02491b2a48f58b374f579a680aa9.php 第 398 行.
NOTIC: [8] Undefined index: type D:\www\matouPCS\Application\Runtime\Cache\Home\b58e02491b2a48f58b374f579a680aa9.php 第 389 行.
NOTIC: [8] Undefined index: time D:\www\matouPCS\Application\Runtime\Cache\Home\b58e02491b2a48f58b374f579a680aa9.php 第 398 行.
NOTIC: [8] Undefined index: type D:\www\matouPCS\Application\Runtime\Cache\Home\b58e02491b2a48f58b374f579a680aa9.php 第 389 行.
NOTIC: [8] Undefined index: time D:\www\matouPCS\Application\Runtime\Cache\Home\b58e02491b2a48f58b374f579a680aa9.php 第 398 行.
INFO: Run Behavior\ParseTemplateBehavior [ RunTime:0.013152s ]
INFO: [ view_parse ] --END-- [ RunTime:0.013206s ]
INFO: [ view_filter ] --START--
INFO: Run Behavior\WriteHtmlCacheBehavior [ RunTime:0.000393s ]
INFO: [ view_filter ] --END-- [ RunTime:0.000439s ]
INFO: [ app_end ] --START--
INFO: Run Behavior\ShowPageTraceBehavior [ RunTime:0.000632s ]
INFO: [ app_end ] --END-- [ RunTime:0.000686s ]

[ 2017-02-25T13:51:01+08:00 ] ::1 /matouPCS/?s=/Home/Xsdt
INFO: [ app_init ] --START--
INFO: Run Behavior\BuildLiteBehavior [ RunTime:0.000022s ]
INFO: [ app_init ] --END-- [ RunTime:0.000539s ]
INFO: [ app_begin ] --START--
INFO: Run Behavior\ReadHtmlCacheBehavior [ RunTime:0.000645s ]
INFO: [ app_begin ] --END-- [ RunTime:0.000712s ]
SQL: SHOW COLUMNS FROM `reward2` [ RunTime:0.0029s ]
SQL: SELECT * FROM reward2 as  r INNER JOIN reward1 as e on r.pid = e.psid  INNER JOIN  user as u on e.uid = u.id  ORDER BY e.psid desc LIMIT 0,3   [ RunTime:0.0005s ]
SQL: SHOW COLUMNS FROM `user` [ RunTime:0.0025s ]
SQL: SELECT * FROM user as u INNER JOIN forcee as f on f.uid = u.id  WHERE ( f.status = 2 ) ORDER BY f.collect desc LIMIT 0,4   [ RunTime:0.0003s ]
SQL: SHOW COLUMNS FROM `reward1` [ RunTime:0.0025s ]
SQL: SELECT * FROM `reward1`  [ RunTime:0.0002s ]
INFO: [ view_parse ] --START--
INFO: [ template_filter ] --START--
INFO: Run Behavior\ContentReplaceBehavior [ RunTime:0.000106s ]
INFO: [ template_filter ] --END-- [ RunTime:0.000162s ]
NOTIC: [8] Undefined index: id D:\www\matouPCS\Application\Runtime\Cache\Home\512f353e7cc5ac7bb6281b10a93262f7.php 第 526 行.
NOTIC: [8] Undefined index: type D:\www\matouPCS\Application\Runtime\Cache\Home\512f353e7cc5ac7bb6281b10a93262f7.php 第 535 行.
NOTIC: [8] Undefined index: id D:\www\matouPCS\Application\Runtime\Cache\Home\512f353e7cc5ac7bb6281b10a93262f7.php 第 526 行.
NOTIC: [8] Undefined index: type D:\www\matouPCS\Application\Runtime\Cache\Home\512f353e7cc5ac7bb6281b10a93262f7.php 第 535 行.
INFO: Run Behavior\ParseTemplateBehavior [ RunTime:0.011975s ]
INFO: [ view_parse ] --END-- [ RunTime:0.012023s ]
INFO: [ view_filter ] --START--
INFO: Run Behavior\WriteHtmlCacheBehavior [ RunTime:0.000509s ]
INFO: [ view_filter ] --END-- [ RunTime:0.000550s ]
INFO: [ app_end ] --START--
INFO: Run Behavior\ShowPageTraceBehavior [ RunTime:0.000661s ]
INFO: [ app_end ] --END-- [ RunTime:0.000722s ]

[ 2017-02-25T13:51:02+08:00 ] ::1 /matouPCS/?s=/Home/Box/orders&p=1&type=%E4%B8%BB%E6%8C%81%E4%BA%BA&sex=&age=18-25&date=&address=&re=
INFO: [ app_init ] --START--
INFO: Run Behavior\BuildLiteBehavior [ RunTime:0.000013s ]
INFO: [ app_init ] --END-- [ RunTime:0.000383s ]
INFO: [ app_begin ] --START--
INFO: Run Behavior\ReadHtmlCacheBehavior [ RunTime:0.000441s ]
INFO: [ app_begin ] --END-- [ RunTime:0.000492s ]
SQL: SHOW COLUMNS FROM `reward2` [ RunTime:0.0035s ]
SQL: SELECT * FROM reward2 as r INNER JOIN reward1 as e on r.pid = e.psid  WHERE ( r.type = '主持人' and r.age = '18-25' )  [ RunTime:0.0006s ]
SQL: SHOW COLUMNS FROM `reward1` [ RunTime:0.0026s ]
SQL: SELECT COUNT(*) AS tp_count FROM `reward1` LIMIT 1   [ RunTime:0.0006s ]
SQL: SHOW COLUMNS FROM `reward1` [ RunTime:0.0034s ]
SQL: SELECT * FROM reward1 as e INNER JOIN user as u on e.uid = u.id INNER JOIN reward2 as r on r.pid = e.psid  WHERE ( r.type = '主持人' and r.age = '18-25' ) ORDER BY  e.psid desc  LIMIT 0,1   [ RunTime:0.0006s ]
NOTIC: [2] Missing argument 1 for Think\PageAjax::show(), called in D:\www\matouPCS\Application\Home\Controller\BoxController.class.php on line 137 and defined D:\www\matouPCS\ThinkPHP\Library\Think\PageAjax.class.php 第 77 行.
NOTIC: [8] Undefined variable: url_replace D:\www\matouPCS\ThinkPHP\Library\Think\PageAjax.class.php 第 84 行.
INFO: [ view_parse ] --START--
INFO: [ template_filter ] --START--
INFO: Run Behavior\ContentReplaceBehavior [ RunTime:0.000038s ]
INFO: [ template_filter ] --END-- [ RunTime:0.000085s ]
INFO: Run Behavior\ParseTemplateBehavior [ RunTime:0.007194s ]
INFO: [ view_parse ] --END-- [ RunTime:0.007250s ]
INFO: [ view_filter ] --START--
INFO: Run Behavior\WriteHtmlCacheBehavior [ RunTime:0.000373s ]
INFO: [ view_filter ] --END-- [ RunTime:0.000415s ]
INFO: [ app_end ] --START--
INFO: Run Behavior\ShowPageTraceBehavior [ RunTime:0.000553s ]
INFO: [ app_end ] --END-- [ RunTime:0.000596s ]

[ 2017-02-25T13:51:04+08:00 ] ::1 /matouPCS/?s=/Home/Box/orders&p=1&type=%E4%B8%BB%E6%8C%81%E4%BA%BA&sex=&age=18-25&date=&address=&re=
INFO: [ app_init ] --START--
INFO: Run Behavior\BuildLiteBehavior [ RunTime:0.000015s ]
INFO: [ app_init ] --END-- [ RunTime:0.000539s ]
INFO: [ app_begin ] --START--
INFO: Run Behavior\ReadHtmlCacheBehavior [ RunTime:0.000533s ]
INFO: [ app_begin ] --END-- [ RunTime:0.000583s ]
SQL: SHOW COLUMNS FROM `reward2` [ RunTime:0.0032s ]
SQL: SELECT * FROM reward2 as r INNER JOIN reward1 as e on r.pid = e.psid  WHERE ( r.type = '主持人' and r.age = '18-25' )  [ RunTime:0.0003s ]
SQL: SHOW COLUMNS FROM `reward1` [ RunTime:0.0025s ]
SQL: SELECT COUNT(*) AS tp_count FROM `reward1` LIMIT 1   [ RunTime:0.0002s ]
SQL: SHOW COLUMNS FROM `reward1` [ RunTime:0.0027s ]
SQL: SELECT * FROM reward1 as e INNER JOIN user as u on e.uid = u.id INNER JOIN reward2 as r on r.pid = e.psid  WHERE ( r.type = '主持人' and r.age = '18-25' ) ORDER BY  e.psid desc  LIMIT 0,1   [ RunTime:0.0004s ]
NOTIC: [2] Missing argument 1 for Think\PageAjax::show(), called in D:\www\matouPCS\Application\Home\Controller\BoxController.class.php on line 137 and defined D:\www\matouPCS\ThinkPHP\Library\Think\PageAjax.class.php 第 77 行.
NOTIC: [8] Undefined variable: url_replace D:\www\matouPCS\ThinkPHP\Library\Think\PageAjax.class.php 第 84 行.
INFO: [ view_parse ] --START--
INFO: [ template_filter ] --START--
INFO: Run Behavior\ContentReplaceBehavior [ RunTime:0.000034s ]
INFO: [ template_filter ] --END-- [ RunTime:0.000075s ]
INFO: Run Behavior\ParseTemplateBehavior [ RunTime:0.006950s ]
INFO: [ view_parse ] --END-- [ RunTime:0.007000s ]
INFO: [ view_filter ] --START--
INFO: Run Behavior\WriteHtmlCacheBehavior [ RunTime:0.000341s ]
INFO: [ view_filter ] --END-- [ RunTime:0.000382s ]
INFO: [ app_end ] --START--
INFO: Run Behavior\ShowPageTraceBehavior [ RunTime:0.000562s ]
INFO: [ app_end ] --END-- [ RunTime:0.000614s ]

[ 2017-02-25T13:51:06+08:00 ] ::1 /matouPCS/?s=/Home/Box/orders&p=1&type=%E4%B8%BB%E6%8C%81%E4%BA%BA&sex=2&age=18-25&date=&address=&re=
INFO: [ app_init ] --START--
INFO: Run Behavior\BuildLiteBehavior [ RunTime:0.000014s ]
INFO: [ app_init ] --END-- [ RunTime:0.000394s ]
INFO: [ app_begin ] --START--
INFO: Run Behavior\ReadHtmlCacheBehavior [ RunTime:0.000525s ]
INFO: [ app_begin ] --END-- [ RunTime:0.000575s ]
SQL: SHOW COLUMNS FROM `reward2` [ RunTime:0.0039s ]
SQL: SELECT * FROM reward2 as r INNER JOIN reward1 as e on r.pid = e.psid  WHERE ( r.type = '主持人' and r.sex = '2' and r.age = '18-25' )  [ RunTime:0.0005s ]
SQL: SHOW COLUMNS FROM `reward1` [ RunTime:0.0026s ]
SQL: SELECT COUNT(*) AS tp_count FROM `reward1` LIMIT 1   [ RunTime:0.0003s ]
SQL: SHOW COLUMNS FROM `reward1` [ RunTime:0.0025s ]
SQL: SELECT * FROM reward1 as e INNER JOIN user as u on e.uid = u.id INNER JOIN reward2 as r on r.pid = e.psid  WHERE ( r.type = '主持人' and r.sex = '2' and r.age = '18-25' ) ORDER BY  e.psid desc  LIMIT 0,1   [ RunTime:0.0004s ]
NOTIC: [2] Missing argument 1 for Think\PageAjax::show(), called in D:\www\matouPCS\Application\Home\Controller\BoxController.class.php on line 137 and defined D:\www\matouPCS\ThinkPHP\Library\Think\PageAjax.class.php 第 77 行.
NOTIC: [8] Undefined variable: url_replace D:\www\matouPCS\ThinkPHP\Library\Think\PageAjax.class.php 第 84 行.
INFO: [ view_parse ] --START--
INFO: [ template_filter ] --START--
INFO: Run Behavior\ContentReplaceBehavior [ RunTime:0.000034s ]
INFO: [ template_filter ] --END-- [ RunTime:0.000080s ]
INFO: Run Behavior\ParseTemplateBehavior [ RunTime:0.006995s ]
INFO: [ view_parse ] --END-- [ RunTime:0.007044s ]
INFO: [ view_filter ] --START--
INFO: Run Behavior\WriteHtmlCacheBehavior [ RunTime:0.000383s ]
INFO: [ view_filter ] --END-- [ RunTime:0.000423s ]
INFO: [ app_end ] --START--
INFO: Run Behavior\ShowPageTraceBehavior [ RunTime:0.000538s ]
INFO: [ app_end ] --END-- [ RunTime:0.000581s ]

[ 2017-02-25T13:51:07+08:00 ] ::1 /matouPCS/?s=/Home/Box/orders&p=1&type=&sex=2&age=18-25&date=&address=&re=
INFO: [ app_init ] --START--
INFO: Run Behavior\BuildLiteBehavior [ RunTime:0.000013s ]
INFO: [ app_init ] --END-- [ RunTime:0.000420s ]
INFO: [ app_begin ] --START--
INFO: Run Behavior\ReadHtmlCacheBehavior [ RunTime:0.000479s ]
INFO: [ app_begin ] --END-- [ RunTime:0.000560s ]
SQL: SHOW COLUMNS FROM `reward2` [ RunTime:0.0113s ]
SQL: SELECT * FROM reward2 as r INNER JOIN reward1 as e on r.pid = e.psid  WHERE ( r.sex = '2' and r.age = '18-25' )  [ RunTime:0.0003s ]
SQL: SHOW COLUMNS FROM `reward1` [ RunTime:0.0027s ]
SQL: SELECT COUNT(*) AS tp_count FROM `reward1` LIMIT 1   [ RunTime:0.0002s ]
SQL: SHOW COLUMNS FROM `reward1` [ RunTime:0.0025s ]
SQL: SELECT * FROM reward1 as e INNER JOIN user as u on e.uid = u.id INNER JOIN reward2 as r on r.pid = e.psid  WHERE ( r.sex = '2' and r.age = '18-25' ) ORDER BY  e.psid desc  LIMIT 0,1   [ RunTime:0.0004s ]
NOTIC: [2] Missing argument 1 for Think\PageAjax::show(), called in D:\www\matouPCS\Application\Home\Controller\BoxController.class.php on line 137 and defined D:\www\matouPCS\ThinkPHP\Library\Think\PageAjax.class.php 第 77 行.
NOTIC: [8] Undefined variable: url_replace D:\www\matouPCS\ThinkPHP\Library\Think\PageAjax.class.php 第 84 行.
INFO: [ view_parse ] --START--
INFO: [ template_filter ] --START--
INFO: Run Behavior\ContentReplaceBehavior [ RunTime:0.000038s ]
INFO: [ template_filter ] --END-- [ RunTime:0.000093s ]
INFO: Run Behavior\ParseTemplateBehavior [ RunTime:0.006903s ]
INFO: [ view_parse ] --END-- [ RunTime:0.006990s ]
INFO: [ view_filter ] --START--
INFO: Run Behavior\WriteHtmlCacheBehavior [ RunTime:0.000357s ]
INFO: [ view_filter ] --END-- [ RunTime:0.000450s ]
INFO: [ app_end ] --START--
INFO: Run Behavior\ShowPageTraceBehavior [ RunTime:0.000628s ]
INFO: [ app_end ] --END-- [ RunTime:0.000671s ]

[ 2017-02-25T13:51:09+08:00 ] ::1 /matouPCS/?s=/Home/Box/orders&p=1&type=&sex=&age=18-25&date=&address=&re=
INFO: [ app_init ] --START--
INFO: Run Behavior\BuildLiteBehavior [ RunTime:0.000034s ]
INFO: [ app_init ] --END-- [ RunTime:0.000474s ]
INFO: [ app_begin ] --START--
INFO: Run Behavior\ReadHtmlCacheBehavior [ RunTime:0.000492s ]
INFO: [ app_begin ] --END-- [ RunTime:0.000542s ]
SQL: SHOW COLUMNS FROM `reward2` [ RunTime:0.0031s ]
SQL: SELECT * FROM reward2 as r INNER JOIN reward1 as e on r.pid = e.psid  WHERE ( r.age = '18-25' )  [ RunTime:0.0003s ]
SQL: SHOW COLUMNS FROM `reward1` [ RunTime:0.0027s ]
SQL: SELECT COUNT(*) AS tp_count FROM `reward1` LIMIT 1   [ RunTime:0.0002s ]
SQL: SHOW COLUMNS FROM `reward1` [ RunTime:0.0027s ]
SQL: SELECT * FROM reward1 as e INNER JOIN user as u on e.uid = u.id INNER JOIN reward2 as r on r.pid = e.psid  WHERE ( r.age = '18-25' ) ORDER BY  e.psid desc  LIMIT 0,1   [ RunTime:0.0004s ]
NOTIC: [2] Missing argument 1 for Think\PageAjax::show(), called in D:\www\matouPCS\Application\Home\Controller\BoxController.class.php on line 137 and defined D:\www\matouPCS\ThinkPHP\Library\Think\PageAjax.class.php 第 77 行.
NOTIC: [8] Undefined variable: url_replace D:\www\matouPCS\ThinkPHP\Library\Think\PageAjax.class.php 第 84 行.
INFO: [ view_parse ] --START--
INFO: [ template_filter ] --START--
INFO: Run Behavior\ContentReplaceBehavior [ RunTime:0.000035s ]
INFO: [ template_filter ] --END-- [ RunTime:0.000075s ]
INFO: Run Behavior\ParseTemplateBehavior [ RunTime:0.006932s ]
INFO: [ view_parse ] --END-- [ RunTime:0.006980s ]
INFO: [ view_filter ] --START--
INFO: Run Behavior\WriteHtmlCacheBehavior [ RunTime:0.000333s ]
INFO: [ view_filter ] --END-- [ RunTime:0.000373s ]
INFO: [ app_end ] --START--
INFO: Run Behavior\ShowPageTraceBehavior [ RunTime:0.000536s ]
INFO: [ app_end ] --END-- [ RunTime:0.000579s ]

[ 2017-02-25T13:51:12+08:00 ] ::1 /matouPCS/?s=/Home/Xsdt
INFO: [ app_init ] --START--
INFO: Run Behavior\BuildLiteBehavior [ RunTime:0.000026s ]
INFO: [ app_init ] --END-- [ RunTime:0.000443s ]
INFO: [ app_begin ] --START--
INFO: Run Behavior\ReadHtmlCacheBehavior [ RunTime:0.000514s ]
INFO: [ app_begin ] --END-- [ RunTime:0.000574s ]
SQL: SHOW COLUMNS FROM `reward2` [ RunTime:0.0032s ]
SQL: SELECT * FROM reward2 as  r INNER JOIN reward1 as e on r.pid = e.psid  INNER JOIN  user as u on e.uid = u.id  ORDER BY e.psid desc LIMIT 0,3   [ RunTime:0.0004s ]
SQL: SHOW COLUMNS FROM `user` [ RunTime:0.0030s ]
SQL: SELECT * FROM user as u INNER JOIN forcee as f on f.uid = u.id  WHERE ( f.status = 2 ) ORDER BY f.collect desc LIMIT 0,4   [ RunTime:0.0004s ]
SQL: SHOW COLUMNS FROM `reward1` [ RunTime:0.0025s ]
SQL: SELECT * FROM `reward1`  [ RunTime:0.0002s ]
INFO: [ view_parse ] --START--
INFO: [ template_filter ] --START--
INFO: Run Behavior\ContentReplaceBehavior [ RunTime:0.000110s ]
INFO: [ template_filter ] --END-- [ RunTime:0.000168s ]
NOTIC: [8] Undefined index: id D:\www\matouPCS\Application\Runtime\Cache\Home\512f353e7cc5ac7bb6281b10a93262f7.php 第 526 行.
NOTIC: [8] Undefined index: type D:\www\matouPCS\Application\Runtime\Cache\Home\512f353e7cc5ac7bb6281b10a93262f7.php 第 535 行.
NOTIC: [8] Undefined index: id D:\www\matouPCS\Application\Runtime\Cache\Home\512f353e7cc5ac7bb6281b10a93262f7.php 第 526 行.
NOTIC: [8] Undefined index: type D:\www\matouPCS\Application\Runtime\Cache\Home\512f353e7cc5ac7bb6281b10a93262f7.php 第 535 行.
INFO: Run Behavior\ParseTemplateBehavior [ RunTime:0.011394s ]
INFO: [ view_parse ] --END-- [ RunTime:0.011442s ]
INFO: [ view_filter ] --START--
INFO: Run Behavior\WriteHtmlCacheBehavior [ RunTime:0.000377s ]
INFO: [ view_filter ] --END-- [ RunTime:0.000421s ]
INFO: [ app_end ] --START--
INFO: Run Behavior\ShowPageTraceBehavior [ RunTime:0.000599s ]
INFO: [ app_end ] --END-- [ RunTime:0.000655s ]

[ 2017-02-25T13:51:14+08:00 ] ::1 /matouPCS/?s=/Home/Box/orders&p=1&type=&sex=&age=18-25&date=&address=&re=
INFO: [ app_init ] --START--
INFO: Run Behavior\BuildLiteBehavior [ RunTime:0.000018s ]
INFO: [ app_init ] --END-- [ RunTime:0.000592s ]
INFO: [ app_begin ] --START--
INFO: Run Behavior\ReadHtmlCacheBehavior [ RunTime:0.000640s ]
INFO: [ app_begin ] --END-- [ RunTime:0.000703s ]
SQL: SHOW COLUMNS FROM `reward2` [ RunTime:0.0030s ]
SQL: SELECT * FROM reward2 as r INNER JOIN reward1 as e on r.pid = e.psid  WHERE ( r.age = '18-25' )  [ RunTime:0.0003s ]
SQL: SHOW COLUMNS FROM `reward1` [ RunTime:0.0026s ]
SQL: SELECT COUNT(*) AS tp_count FROM `reward1` LIMIT 1   [ RunTime:0.0003s ]
SQL: SHOW COLUMNS FROM `reward1` [ RunTime:0.0029s ]
SQL: SELECT * FROM reward1 as e INNER JOIN user as u on e.uid = u.id INNER JOIN reward2 as r on r.pid = e.psid  WHERE ( r.age = '18-25' ) ORDER BY  e.psid desc  LIMIT 0,1   [ RunTime:0.0005s ]
NOTIC: [2] Missing argument 1 for Think\PageAjax::show(), called in D:\www\matouPCS\Application\Home\Controller\BoxController.class.php on line 137 and defined D:\www\matouPCS\ThinkPHP\Library\Think\PageAjax.class.php 第 77 行.
NOTIC: [8] Undefined variable: url_replace D:\www\matouPCS\ThinkPHP\Library\Think\PageAjax.class.php 第 84 行.
INFO: [ view_parse ] --START--
INFO: [ template_filter ] --START--
INFO: Run Behavior\ContentReplaceBehavior [ RunTime:0.000036s ]
INFO: [ template_filter ] --END-- [ RunTime:0.000079s ]
INFO: Run Behavior\ParseTemplateBehavior [ RunTime:0.008166s ]
INFO: [ view_parse ] --END-- [ RunTime:0.008241s ]
INFO: [ view_filter ] --START--
INFO: Run Behavior\WriteHtmlCacheBehavior [ RunTime:0.000352s ]
INFO: [ view_filter ] --END-- [ RunTime:0.000392s ]
INFO: [ app_end ] --START--
INFO: Run Behavior\ShowPageTraceBehavior [ RunTime:0.000776s ]
INFO: [ app_end ] --END-- [ RunTime:0.000820s ]

[ 2017-02-25T13:51:18+08:00 ] ::1 /matouPCS/?s=/Home/Ysq
INFO: [ app_init ] --START--
INFO: Run Behavior\BuildLiteBehavior [ RunTime:0.000015s ]
INFO: [ app_init ] --END-- [ RunTime:0.000487s ]
INFO: [ app_begin ] --START--
INFO: Run Behavior\ReadHtmlCacheBehavior [ RunTime:0.000508s ]
INFO: [ app_begin ] --END-- [ RunTime:0.000561s ]
SQL: SHOW COLUMNS FROM `due` [ RunTime:0.0047s ]
SQL: SELECT * FROM `due`  [ RunTime:0.0003s ]
SQL: SHOW COLUMNS FROM `due` [ RunTime:0.0025s ]
SQL: SELECT * FROM due as d INNER JOIN user as u on d.uid = u.id  ORDER BY d.collect desc LIMIT 0,3   [ RunTime:0.0003s ]
SQL: SHOW COLUMNS FROM `forcee` [ RunTime:0.0025s ]
SQL: SELECT * FROM forcee as f INNER JOIN forceimage as r on f.id = r.pid  ORDER BY f.collect desc LIMIT 0,3   [ RunTime:0.0039s ]
INFO: [ view_parse ] --START--
INFO: [ template_filter ] --START--
INFO: Run Behavior\ContentReplaceBehavior [ RunTime:0.000099s ]
INFO: [ template_filter ] --END-- [ RunTime:0.000149s ]
NOTIC: [8] Undefined index: type D:\www\matouPCS\Application\Runtime\Cache\Home\008b062d5cb6dc7f5ac331e197d90535.php 第 476 行.
NOTIC: [8] Undefined index: type D:\www\matouPCS\Application\Runtime\Cache\Home\008b062d5cb6dc7f5ac331e197d90535.php 第 476 行.
INFO: Run Behavior\ParseTemplateBehavior [ RunTime:0.010083s ]
INFO: [ view_parse ] --END-- [ RunTime:0.010142s ]
INFO: [ view_filter ] --START--
INFO: Run Behavior\WriteHtmlCacheBehavior [ RunTime:0.000348s ]
INFO: [ view_filter ] --END-- [ RunTime:0.000391s ]
INFO: [ app_end ] --START--
INFO: Run Behavior\ShowPageTraceBehavior [ RunTime:0.000561s ]
INFO: [ app_end ] --END-- [ RunTime:0.000615s ]

[ 2017-02-25T13:51:19+08:00 ] ::1 /matouPCS/?s=/Home/Box/ysdt&p=1&type=&sex=&age=18-25&bd=&date=
INFO: [ app_init ] --START--
INFO: Run Behavior\BuildLiteBehavior [ RunTime:0.000015s ]
INFO: [ app_init ] --END-- [ RunTime:0.000424s ]
INFO: [ app_begin ] --START--
INFO: Run Behavior\ReadHtmlCacheBehavior [ RunTime:0.000651s ]
INFO: [ app_begin ] --END-- [ RunTime:0.000710s ]
NOTIC: [8] Undefined variable: address D:\www\matouPCS\Application\Home\Controller\BoxController.class.php 第 204 行.
SQL: SHOW COLUMNS FROM `due` [ RunTime:0.0048s ]
SQL: SELECT COUNT(*) AS tp_count FROM due as d WHERE ( 18-25 ) LIMIT 1   [ RunTime:0.0007s ]
SQL: SELECT * FROM due as d INNER JOIN user as u on d.uid = u.id INNER JOIN dueimage as m on d.did = m.pid INNER JOIN duevideo as v on d.did = v.pid INNER JOIN due_dang as a on a.pid = d.did  WHERE ( 18-25 ) LIMIT 0,1   [ RunTime:0.0106s ]
NOTIC: [2] Missing argument 1 for Think\PageAjax::show(), called in D:\www\matouPCS\Application\Home\Controller\BoxController.class.php on line 361 and defined D:\www\matouPCS\ThinkPHP\Library\Think\PageAjax.class.php 第 77 行.
NOTIC: [8] Undefined variable: url_replace D:\www\matouPCS\ThinkPHP\Library\Think\PageAjax.class.php 第 84 行.
INFO: [ view_parse ] --START--
INFO: [ template_filter ] --START--
INFO: Run Behavior\ContentReplaceBehavior [ RunTime:0.000039s ]
INFO: [ template_filter ] --END-- [ RunTime:0.000088s ]
INFO: Run Behavior\ParseTemplateBehavior [ RunTime:0.006270s ]
INFO: [ view_parse ] --END-- [ RunTime:0.006334s ]
INFO: [ view_filter ] --START--
INFO: Run Behavior\WriteHtmlCacheBehavior [ RunTime:0.000350s ]
INFO: [ view_filter ] --END-- [ RunTime:0.000392s ]
INFO: [ app_end ] --START--
INFO: Run Behavior\ShowPageTraceBehavior [ RunTime:0.000681s ]
INFO: [ app_end ] --END-- [ RunTime:0.000724s ]

[ 2017-02-25T13:51:27+08:00 ] ::1 /matouPCS/?s=/Home/Box/ysdt&p=1&type=%E4%B8%BB%E6%8C%81%E4%BA%BA&sex=&age=18-25&bd=&date=
INFO: [ app_init ] --START--
INFO: Run Behavior\BuildLiteBehavior [ RunTime:0.000017s ]
INFO: [ app_init ] --END-- [ RunTime:0.000459s ]
INFO: [ app_begin ] --START--
INFO: Run Behavior\ReadHtmlCacheBehavior [ RunTime:0.000542s ]
INFO: [ app_begin ] --END-- [ RunTime:0.000605s ]
NOTIC: [8] Undefined variable: address D:\www\matouPCS\Application\Home\Controller\BoxController.class.php 第 172 行.
NOTIC: [8] Undefined variable: address D:\www\matouPCS\Application\Home\Controller\BoxController.class.php 第 198 行.
NOTIC: [8] Undefined variable: address D:\www\matouPCS\Application\Home\Controller\BoxController.class.php 第 204 行.
SQL: SHOW COLUMNS FROM `due` [ RunTime:0.0029s ]
SQL: SELECT COUNT(*) AS tp_count FROM due as d WHERE ( d.type_d = '主持人' and 18-25 ) LIMIT 1   [ RunTime:0.0009s ]
SQL: SELECT * FROM due as d INNER JOIN user as u on d.uid = u.id INNER JOIN dueimage as m on d.did = m.pid INNER JOIN duevideo as v on d.did = v.pid INNER JOIN due_dang as a on a.pid = d.did  WHERE ( d.type_d = '主持人' and 18-25 ) LIMIT 0,1   [ RunTime:0.0004s ]
NOTIC: [2] Missing argument 1 for Think\PageAjax::show(), called in D:\www\matouPCS\Application\Home\Controller\BoxController.class.php on line 361 and defined D:\www\matouPCS\ThinkPHP\Library\Think\PageAjax.class.php 第 77 行.
INFO: [ view_parse ] --START--
INFO: [ template_filter ] --START--
INFO: Run Behavior\ContentReplaceBehavior [ RunTime:0.000036s ]
INFO: [ template_filter ] --END-- [ RunTime:0.000079s ]
INFO: Run Behavior\ParseTemplateBehavior [ RunTime:0.005747s ]
INFO: [ view_parse ] --END-- [ RunTime:0.005796s ]
INFO: [ view_filter ] --START--
INFO: Run Behavior\WriteHtmlCacheBehavior [ RunTime:0.000377s ]
INFO: [ view_filter ] --END-- [ RunTime:0.000416s ]
INFO: [ app_end ] --START--
INFO: Run Behavior\ShowPageTraceBehavior [ RunTime:0.000527s ]
INFO: [ app_end ] --END-- [ RunTime:0.000569s ]

[ 2017-02-25T13:51:28+08:00 ] ::1 /matouPCS/?s=/Home/Box/ysdt&p=1&type=%E5%9C%BA%E5%B8%83%E5%B8%88&sex=&age=18-25&bd=&date=
INFO: [ app_init ] --START--
INFO: Run Behavior\BuildLiteBehavior [ RunTime:0.000012s ]
INFO: [ app_init ] --END-- [ RunTime:0.000436s ]
INFO: [ app_begin ] --START--
INFO: Run Behavior\ReadHtmlCacheBehavior [ RunTime:0.000527s ]
INFO: [ app_begin ] --END-- [ RunTime:0.000574s ]
NOTIC: [8] Undefined variable: address D:\www\matouPCS\Application\Home\Controller\BoxController.class.php 第 172 行.
NOTIC: [8] Undefined variable: address D:\www\matouPCS\Application\Home\Controller\BoxController.class.php 第 198 行.
NOTIC: [8] Undefined variable: address D:\www\matouPCS\Application\Home\Controller\BoxController.class.php 第 204 行.
SQL: SHOW COLUMNS FROM `due` [ RunTime:0.0035s ]
SQL: SELECT COUNT(*) AS tp_count FROM due as d WHERE ( d.type_d = '场布师' and 18-25 ) LIMIT 1   [ RunTime:0.0003s ]
SQL: SELECT * FROM due as d INNER JOIN user as u on d.uid = u.id INNER JOIN dueimage as m on d.did = m.pid INNER JOIN duevideo as v on d.did = v.pid INNER JOIN due_dang as a on a.pid = d.did  WHERE ( d.type_d = '场布师' and 18-25 ) LIMIT 0,1   [ RunTime:0.0006s ]
NOTIC: [2] Missing argument 1 for Think\PageAjax::show(), called in D:\www\matouPCS\Application\Home\Controller\BoxController.class.php on line 361 and defined D:\www\matouPCS\ThinkPHP\Library\Think\PageAjax.class.php 第 77 行.
NOTIC: [8] Undefined variable: url_replace D:\www\matouPCS\ThinkPHP\Library\Think\PageAjax.class.php 第 84 行.
INFO: [ view_parse ] --START--
INFO: [ template_filter ] --START--
INFO: Run Behavior\ContentReplaceBehavior [ RunTime:0.000063s ]
INFO: [ template_filter ] --END-- [ RunTime:0.000139s ]
INFO: Run Behavior\ParseTemplateBehavior [ RunTime:0.006047s ]
INFO: [ view_parse ] --END-- [ RunTime:0.006098s ]
INFO: [ view_filter ] --START--
INFO: Run Behavior\WriteHtmlCacheBehavior [ RunTime:0.000339s ]
INFO: [ view_filter ] --END-- [ RunTime:0.000380s ]
INFO: [ app_end ] --START--
INFO: Run Behavior\ShowPageTraceBehavior [ RunTime:0.000626s ]
INFO: [ app_end ] --END-- [ RunTime:0.000690s ]

[ 2017-02-25T13:51:35+08:00 ] ::1 /matouPCS/?s=/Home/Box/ysdt&p=1&type=%E5%9C%BA%E5%B8%83%E5%B8%88&sex=&age=&bd=&date=
INFO: [ app_init ] --START--
INFO: Run Behavior\BuildLiteBehavior [ RunTime:0.000014s ]
INFO: [ app_init ] --END-- [ RunTime:0.000424s ]
INFO: [ app_begin ] --START--
INFO: Run Behavior\ReadHtmlCacheBehavior [ RunTime:0.000529s ]
INFO: [ app_begin ] --END-- [ RunTime:0.000576s ]
NOTIC: [8] Undefined variable: address D:\www\matouPCS\Application\Home\Controller\BoxController.class.php 第 198 行.
SQL: SHOW COLUMNS FROM `due` [ RunTime:0.0029s ]
SQL: SELECT COUNT(*) AS tp_count FROM due as d WHERE ( d.type_d = '场布师' ) LIMIT 1   [ RunTime:0.0002s ]
SQL: SELECT * FROM due as d INNER JOIN user as u on d.uid = u.id INNER JOIN dueimage as m on d.did = m.pid INNER JOIN duevideo as v on d.did = v.pid INNER JOIN due_dang as a on a.pid = d.did  WHERE ( d.type_d = '场布师' ) LIMIT 0,1   [ RunTime:0.0005s ]
NOTIC: [2] Missing argument 1 for Think\PageAjax::show(), called in D:\www\matouPCS\Application\Home\Controller\BoxController.class.php on line 361 and defined D:\www\matouPCS\ThinkPHP\Library\Think\PageAjax.class.php 第 77 行.
NOTIC: [8] Undefined variable: url_replace D:\www\matouPCS\ThinkPHP\Library\Think\PageAjax.class.php 第 84 行.
INFO: [ view_parse ] --START--
INFO: [ template_filter ] --START--
INFO: Run Behavior\ContentReplaceBehavior [ RunTime:0.000035s ]
INFO: [ template_filter ] --END-- [ RunTime:0.000077s ]
INFO: Run Behavior\ParseTemplateBehavior [ RunTime:0.005460s ]
INFO: [ view_parse ] --END-- [ RunTime:0.005509s ]
INFO: [ view_filter ] --START--
INFO: Run Behavior\WriteHtmlCacheBehavior [ RunTime:0.000365s ]
INFO: [ view_filter ] --END-- [ RunTime:0.000406s ]
INFO: [ app_end ] --START--
INFO: Run Behavior\ShowPageTraceBehavior [ RunTime:0.000573s ]
INFO: [ app_end ] --END-- [ RunTime:0.000626s ]

[ 2017-02-25T13:51:38+08:00 ] ::1 /matouPCS/?s=/Home/Box/ysdt&p=1&type=%E5%9C%BA%E5%B8%83%E5%B8%88&sex=&age=d.age+%3E+18+and+d.age+%3C+25&bd=&date=
INFO: [ app_init ] --START--
INFO: Run Behavior\BuildLiteBehavior [ RunTime:0.000011s ]
INFO: [ app_init ] --END-- [ RunTime:0.000485s ]
INFO: [ app_begin ] --START--
INFO: Run Behavior\ReadHtmlCacheBehavior [ RunTime:0.000507s ]
INFO: [ app_begin ] --END-- [ RunTime:0.000577s ]
NOTIC: [8] Undefined variable: address D:\www\matouPCS\Application\Home\Controller\BoxController.class.php 第 172 行.
NOTIC: [8] Undefined variable: address D:\www\matouPCS\Application\Home\Controller\BoxController.class.php 第 198 行.
NOTIC: [8] Undefined variable: address D:\www\matouPCS\Application\Home\Controller\BoxController.class.php 第 204 行.
SQL: SHOW COLUMNS FROM `due` [ RunTime:0.0031s ]
SQL: SELECT COUNT(*) AS tp_count FROM due as d WHERE ( d.type_d = '场布师' and d.age > 18 and d.age < 25 ) LIMIT 1   [ RunTime:0.0002s ]
SQL: SELECT * FROM due as d INNER JOIN user as u on d.uid = u.id INNER JOIN dueimage as m on d.did = m.pid INNER JOIN duevideo as v on d.did = v.pid INNER JOIN due_dang as a on a.pid = d.did  WHERE ( d.type_d = '场布师' and d.age > 18 and d.age < 25 ) LIMIT 0,1   [ RunTime:0.0006s ]
NOTIC: [2] Missing argument 1 for Think\PageAjax::show(), called in D:\www\matouPCS\Application\Home\Controller\BoxController.class.php on line 361 and defined D:\www\matouPCS\ThinkPHP\Library\Think\PageAjax.class.php 第 77 行.
NOTIC: [8] Undefined variable: url_replace D:\www\matouPCS\ThinkPHP\Library\Think\PageAjax.class.php 第 84 行.
INFO: [ view_parse ] --START--
INFO: [ template_filter ] --START--
INFO: Run Behavior\ContentReplaceBehavior [ RunTime:0.000036s ]
INFO: [ template_filter ] --END-- [ RunTime:0.000082s ]
INFO: Run Behavior\ParseTemplateBehavior [ RunTime:0.005808s ]
INFO: [ view_parse ] --END-- [ RunTime:0.005856s ]
INFO: [ view_filter ] --START--
INFO: Run Behavior\WriteHtmlCacheBehavior [ RunTime:0.000327s ]
INFO: [ view_filter ] --END-- [ RunTime:0.000367s ]
INFO: [ app_end ] --START--
INFO: Run Behavior\ShowPageTraceBehavior [ RunTime:0.000555s ]
INFO: [ app_end ] --END-- [ RunTime:0.000620s ]

[ 2017-02-25T13:51:42+08:00 ] ::1 /matouPCS/?s=/Home/Box/ysdt&p=1&type=%E5%9C%BA%E5%B8%83%E5%B8%88&sex=&age=&bd=&date=
INFO: [ app_init ] --START--
INFO: Run Behavior\BuildLiteBehavior [ RunTime:0.000013s ]
INFO: [ app_init ] --END-- [ RunTime:0.000466s ]
INFO: [ app_begin ] --START--
INFO: Run Behavior\ReadHtmlCacheBehavior [ RunTime:0.000499s ]
INFO: [ app_begin ] --END-- [ RunTime:0.000546s ]
NOTIC: [8] Undefined variable: address D:\www\matouPCS\Application\Home\Controller\BoxController.class.php 第 198 行.
SQL: SHOW COLUMNS FROM `due` [ RunTime:0.0034s ]
SQL: SELECT COUNT(*) AS tp_count FROM due as d WHERE ( d.type_d = '场布师' ) LIMIT 1   [ RunTime:0.0003s ]
SQL: SELECT * FROM due as d INNER JOIN user as u on d.uid = u.id INNER JOIN dueimage as m on d.did = m.pid INNER JOIN duevideo as v on d.did = v.pid INNER JOIN due_dang as a on a.pid = d.did  WHERE ( d.type_d = '场布师' ) LIMIT 0,1   [ RunTime:0.0005s ]
NOTIC: [2] Missing argument 1 for Think\PageAjax::show(), called in D:\www\matouPCS\Application\Home\Controller\BoxController.class.php on line 361 and defined D:\www\matouPCS\ThinkPHP\Library\Think\PageAjax.class.php 第 77 行.
NOTIC: [8] Undefined variable: url_replace D:\www\matouPCS\ThinkPHP\Library\Think\PageAjax.class.php 第 84 行.
INFO: [ view_parse ] --START--
INFO: [ template_filter ] --START--
INFO: Run Behavior\ContentReplaceBehavior [ RunTime:0.000035s ]
INFO: [ template_filter ] --END-- [ RunTime:0.000079s ]
INFO: Run Behavior\ParseTemplateBehavior [ RunTime:0.005799s ]
INFO: [ view_parse ] --END-- [ RunTime:0.005847s ]
INFO: [ view_filter ] --START--
INFO: Run Behavior\WriteHtmlCacheBehavior [ RunTime:0.000322s ]
INFO: [ view_filter ] --END-- [ RunTime:0.000367s ]
INFO: [ app_end ] --START--
INFO: Run Behavior\ShowPageTraceBehavior [ RunTime:0.000521s ]
INFO: [ app_end ] --END-- [ RunTime:0.000563s ]

