[ 2017-03-09T09:33:54+08:00 ] ::1 /matouPCS/?s=/Home/Mtbu/spbddnxq/id/3
INFO: [ app_init ] --START--
INFO: Run Behavior\BuildLiteBehavior [ RunTime:0.000019s ]
INFO: [ app_init ] --END-- [ RunTime:0.001824s ]
INFO: [ app_begin ] --START--
INFO: Run Behavior\ReadHtmlCacheBehavior [ RunTime:0.000775s ]
INFO: [ app_begin ] --END-- [ RunTime:0.000828s ]
SQL: SHOW COLUMNS FROM `shop` [ RunTime:0.0125s ]
SQL: SELECT * FROM `shop` WHERE ( uid =3 and status=2 )  [ RunTime:0.0013s ]
NOTIC: [2] Invalid argument supplied for foreach() D:\www\matouPCS\Application\Home\Controller\MtbuController.class.php 第 1306 行.
SQL: SHOW COLUMNS FROM `shop` [ RunTime:0.0029s ]
NOTIC: [8] Undefined variable: id D:\www\matouPCS\Application\Home\Controller\MtbuController.class.php 第 1309 行.
ERR: SQLSTATE[42000]: Syntax error or access violation: 1064 You have an error in your SQL syntax; check the manual that corresponds to your MySQL server version for the right syntax to use near ') LIMIT 1' at line 1

[ 2017-03-09T09:34:02+08:00 ] ::1 /matouPCS/
INFO: [ app_init ] --START--
INFO: Run Behavior\BuildLiteBehavior [ RunTime:0.000014s ]
INFO: [ app_init ] --END-- [ RunTime:0.000438s ]
INFO: [ app_begin ] --START--
INFO: Run Behavior\ReadHtmlCacheBehavior [ RunTime:0.000559s ]
INFO: [ app_begin ] --END-- [ RunTime:0.000615s ]
SQL: SHOW COLUMNS FROM `reward2` [ RunTime:0.0049s ]
SQL: SELECT * FROM reward2 as  r INNER JOIN reward1 as e on r.pid = e.psid  INNER JOIN  user as u on e.uid = u.id  ORDER BY e.psid desc LIMIT 0,21   [ RunTime:0.0054s ]
SQL: SHOW COLUMNS FROM `user` [ RunTime:0.0024s ]
SQL: SELECT * FROM user as u INNER JOIN forcee as f on f.uid = u.id  WHERE ( f.status = 2 ) ORDER BY f.collect desc LIMIT 0,4   [ RunTime:0.0018s ]
SQL: SHOW COLUMNS FROM `shop` [ RunTime:0.0033s ]
SQL: SELECT * FROM `shop` ORDER BY collect desc LIMIT 0,4   [ RunTime:0.0006s ]
SQL: SHOW COLUMNS FROM `flea` [ RunTime:0.0037s ]
SQL: SELECT * FROM flea as f INNER JOIN user as u on f.uid = u.id  WHERE ( tz_status = '1' ) ORDER BY f.fid desc LIMIT 0,5   [ RunTime:0.0004s ]
NOTIC: [8] Undefined variable: ren D:\www\matouPCS\Application\Home\Controller\IndexController.class.php 第 46 行.
NOTIC: [8] Undefined variable: fbys D:\www\matouPCS\Application\Home\Controller\IndexController.class.php 第 48 行.
NOTIC: [8] Undefined variable: fbyp D:\www\matouPCS\Application\Home\Controller\IndexController.class.php 第 50 行.
INFO: [ view_parse ] --START--
INFO: [ template_filter ] --START--
INFO: Run Behavior\ContentReplaceBehavior [ RunTime:0.000278s ]
INFO: [ template_filter ] --END-- [ RunTime:0.000342s ]
NOTIC: [8] Undefined index: username D:\www\matouPCS\Application\Runtime\Cache\Home\2a94b8bda04ff446dcedd42276fc99ee.php 第 123 行.
NOTIC: [8] Undefined index: id D:\www\matouPCS\Application\Runtime\Cache\Home\2a94b8bda04ff446dcedd42276fc99ee.php 第 132 行.
NOTIC: [8] Undefined variable: sp D:\www\matouPCS\Application\Runtime\Cache\Home\2a94b8bda04ff446dcedd42276fc99ee.php 第 244 行.
NOTIC: [8] Undefined variable: sp D:\www\matouPCS\Application\Runtime\Cache\Home\2a94b8bda04ff446dcedd42276fc99ee.php 第 246 行.
NOTIC: [8] Undefined variable: sp D:\www\matouPCS\Application\Runtime\Cache\Home\2a94b8bda04ff446dcedd42276fc99ee.php 第 254 行.
NOTIC: [8] Undefined variable: sp D:\www\matouPCS\Application\Runtime\Cache\Home\2a94b8bda04ff446dcedd42276fc99ee.php 第 256 行.
NOTIC: [8] Undefined index: id D:\www\matouPCS\Application\Runtime\Cache\Home\2a94b8bda04ff446dcedd42276fc99ee.php 第 1091 行.
NOTIC: [8] Undefined index: id D:\www\matouPCS\Application\Runtime\Cache\Home\2a94b8bda04ff446dcedd42276fc99ee.php 第 1091 行.
INFO: Run Behavior\ParseTemplateBehavior [ RunTime:0.029207s ]
INFO: [ view_parse ] --END-- [ RunTime:0.029262s ]
INFO: [ view_filter ] --START--
INFO: Run Behavior\WriteHtmlCacheBehavior [ RunTime:0.000739s ]
INFO: [ view_filter ] --END-- [ RunTime:0.000784s ]
INFO: [ app_end ] --START--
INFO: Run Behavior\ShowPageTraceBehavior [ RunTime:0.001212s ]
INFO: [ app_end ] --END-- [ RunTime:0.001309s ]

[ 2017-03-09T09:34:04+08:00 ] ::1 /matouPCS/?s=/Home/User/wxcode/
INFO: [ app_init ] --START--
INFO: Run Behavior\BuildLiteBehavior [ RunTime:0.000016s ]
INFO: [ app_init ] --END-- [ RunTime:0.000405s ]
INFO: [ app_begin ] --START--
INFO: Run Behavior\ReadHtmlCacheBehavior [ RunTime:0.000520s ]
INFO: [ app_begin ] --END-- [ RunTime:0.000576s ]
NOTIC: [2048] Declaration of Home\Controller\UserController::get() should be compatible with that of Think\Controller::get() D:\www\matouPCS\Application\Home\Controller\UserController.class.php 第 1315 行.
NOTIC: [8] Undefined offset: 1 D:\www\matouPCS\Application\Home\Controller\UserController.class.php 第 1224 行.
NOTIC: [8] Trying to get property of non-object D:\www\matouPCS\Application\Home\Controller\UserController.class.php 第 1233 行.
NOTIC: [8] Trying to get property of non-object D:\www\matouPCS\Application\Home\Controller\UserController.class.php 第 1233 行.
NOTIC: [8] Trying to get property of non-object D:\www\matouPCS\Application\Home\Controller\UserController.class.php 第 1237 行.
SQL: SHOW COLUMNS FROM `user` [ RunTime:0.0031s ]
SQL: SELECT * FROM `user` WHERE ( weixin = '' ) LIMIT 1   [ RunTime:0.0004s ]
NOTIC: [8] A session had already been started - ignoring session_start() D:\www\matouPCS\Application\Home\Controller\UserController.class.php 第 1255 行.

[ 2017-03-09T09:34:26+08:00 ] ::1 /matouPCS/?s=/Home/Tjcs/spxq/id/7
INFO: [ app_init ] --START--
INFO: Run Behavior\BuildLiteBehavior [ RunTime:0.000013s ]
INFO: [ app_init ] --END-- [ RunTime:0.000423s ]
INFO: [ app_begin ] --START--
INFO: Run Behavior\ReadHtmlCacheBehavior [ RunTime:0.000503s ]
INFO: [ app_begin ] --END-- [ RunTime:0.000567s ]
SQL: SHOW COLUMNS FROM `shop` [ RunTime:0.0031s ]
SQL: SELECT * FROM shop as c INNER JOIN user as u on c.uid = u.id  WHERE ( c.id=7 ) LIMIT 1   [ RunTime:0.0004s ]
SQL: SHOW COLUMNS FROM `commodity` [ RunTime:0.0047s ]
SQL: SELECT * FROM commodity as c INNER JOIN comimage as m on c.id = m.psid  WHERE ( pid=7 )  [ RunTime:0.0018s ]
SQL: SHOW COLUMNS FROM `shop_liuyan` [ RunTime:0.0039s ]
SQL: SELECT s.*,u.username,u.sex,u.addre FROM shop_liuyan as s INNER JOIN user as u on s.uid = u.id  WHERE ( s.sid = 7 ) ORDER BY s.id desc LIMIT 0,3   [ RunTime:0.0028s ]
INFO: [ view_parse ] --START--
INFO: [ template_filter ] --START--
INFO: Run Behavior\ContentReplaceBehavior [ RunTime:0.000171s ]
INFO: [ template_filter ] --END-- [ RunTime:0.000227s ]
NOTIC: [8] Undefined variable: sp D:\www\matouPCS\Application\Runtime\Cache\Home\b58e02491b2a48f58b374f579a680aa9.php 第 198 行.
NOTIC: [8] Undefined variable: sp D:\www\matouPCS\Application\Runtime\Cache\Home\b58e02491b2a48f58b374f579a680aa9.php 第 200 行.
NOTIC: [8] Undefined variable: sp D:\www\matouPCS\Application\Runtime\Cache\Home\b58e02491b2a48f58b374f579a680aa9.php 第 208 行.
NOTIC: [8] Undefined variable: sp D:\www\matouPCS\Application\Runtime\Cache\Home\b58e02491b2a48f58b374f579a680aa9.php 第 210 行.
NOTIC: [8] Undefined variable: v D:\www\matouPCS\Application\Runtime\Cache\Home\b58e02491b2a48f58b374f579a680aa9.php 第 575 行.
NOTIC: [8] Use of undefined constant bdlx - assumed 'bdlx' D:\www\matouPCS\Application\Runtime\Cache\Home\b58e02491b2a48f58b374f579a680aa9.php 第 716 行.
NOTIC: [8] Undefined index: bdlx D:\www\matouPCS\Application\Runtime\Cache\Home\b58e02491b2a48f58b374f579a680aa9.php 第 716 行.
NOTIC: [8] Use of undefined constant bdlx - assumed 'bdlx' D:\www\matouPCS\Application\Runtime\Cache\Home\b58e02491b2a48f58b374f579a680aa9.php 第 717 行.
NOTIC: [8] Undefined index: bdlx D:\www\matouPCS\Application\Runtime\Cache\Home\b58e02491b2a48f58b374f579a680aa9.php 第 717 行.
NOTIC: [8] Undefined index: time D:\www\matouPCS\Application\Runtime\Cache\Home\b58e02491b2a48f58b374f579a680aa9.php 第 746 行.
NOTIC: [8] Use of undefined constant bdlx - assumed 'bdlx' D:\www\matouPCS\Application\Runtime\Cache\Home\b58e02491b2a48f58b374f579a680aa9.php 第 716 行.
NOTIC: [8] Undefined index: bdlx D:\www\matouPCS\Application\Runtime\Cache\Home\b58e02491b2a48f58b374f579a680aa9.php 第 716 行.
NOTIC: [8] Use of undefined constant bdlx - assumed 'bdlx' D:\www\matouPCS\Application\Runtime\Cache\Home\b58e02491b2a48f58b374f579a680aa9.php 第 717 行.
NOTIC: [8] Undefined index: bdlx D:\www\matouPCS\Application\Runtime\Cache\Home\b58e02491b2a48f58b374f579a680aa9.php 第 717 行.
NOTIC: [8] Undefined index: time D:\www\matouPCS\Application\Runtime\Cache\Home\b58e02491b2a48f58b374f579a680aa9.php 第 746 行.
NOTIC: [8] Use of undefined constant bdlx - assumed 'bdlx' D:\www\matouPCS\Application\Runtime\Cache\Home\b58e02491b2a48f58b374f579a680aa9.php 第 716 行.
NOTIC: [8] Undefined index: bdlx D:\www\matouPCS\Application\Runtime\Cache\Home\b58e02491b2a48f58b374f579a680aa9.php 第 716 行.
NOTIC: [8] Use of undefined constant bdlx - assumed 'bdlx' D:\www\matouPCS\Application\Runtime\Cache\Home\b58e02491b2a48f58b374f579a680aa9.php 第 717 行.
NOTIC: [8] Undefined index: bdlx D:\www\matouPCS\Application\Runtime\Cache\Home\b58e02491b2a48f58b374f579a680aa9.php 第 717 行.
NOTIC: [8] Undefined index: time D:\www\matouPCS\Application\Runtime\Cache\Home\b58e02491b2a48f58b374f579a680aa9.php 第 746 行.
INFO: Run Behavior\ParseTemplateBehavior [ RunTime:0.015545s ]
INFO: [ view_parse ] --END-- [ RunTime:0.015595s ]
INFO: [ view_filter ] --START--
INFO: Run Behavior\WriteHtmlCacheBehavior [ RunTime:0.000323s ]
INFO: [ view_filter ] --END-- [ RunTime:0.000366s ]
INFO: [ app_end ] --START--
INFO: Run Behavior\ShowPageTraceBehavior [ RunTime:0.000557s ]
INFO: [ app_end ] --END-- [ RunTime:0.000610s ]

[ 2017-03-09T09:36:49+08:00 ] ::1 /matouPCS/?s=/Home/Xsdt
INFO: [ app_init ] --START--
INFO: Run Behavior\BuildLiteBehavior [ RunTime:0.000014s ]
INFO: [ app_init ] --END-- [ RunTime:0.000449s ]
INFO: [ app_begin ] --START--
INFO: Run Behavior\ReadHtmlCacheBehavior [ RunTime:0.000549s ]
INFO: [ app_begin ] --END-- [ RunTime:0.000600s ]
SQL: SHOW COLUMNS FROM `reward2` [ RunTime:0.0034s ]
SQL: SELECT * FROM reward2 as  r INNER JOIN reward1 as e on r.pid = e.psid  INNER JOIN  user as u on e.uid = u.id  ORDER BY e.psid desc LIMIT 0,3   [ RunTime:0.0009s ]
SQL: SHOW COLUMNS FROM `user` [ RunTime:0.0026s ]
SQL: SELECT * FROM user as u INNER JOIN forcee as f on f.uid = u.id  WHERE ( f.status = 2 ) ORDER BY f.collect desc LIMIT 0,4   [ RunTime:0.0007s ]
SQL: SHOW COLUMNS FROM `reward1` [ RunTime:0.0031s ]
SQL: SELECT * FROM `reward1`  [ RunTime:0.0002s ]
INFO: [ view_parse ] --START--
INFO: [ template_filter ] --START--
INFO: Run Behavior\ContentReplaceBehavior [ RunTime:0.000158s ]
INFO: [ template_filter ] --END-- [ RunTime:0.000218s ]
NOTIC: [8] Undefined variable: sp D:\www\matouPCS\Application\Runtime\Cache\Home\512f353e7cc5ac7bb6281b10a93262f7.php 第 214 行.
NOTIC: [8] Undefined variable: sp D:\www\matouPCS\Application\Runtime\Cache\Home\512f353e7cc5ac7bb6281b10a93262f7.php 第 216 行.
NOTIC: [8] Undefined variable: sp D:\www\matouPCS\Application\Runtime\Cache\Home\512f353e7cc5ac7bb6281b10a93262f7.php 第 224 行.
NOTIC: [8] Undefined variable: sp D:\www\matouPCS\Application\Runtime\Cache\Home\512f353e7cc5ac7bb6281b10a93262f7.php 第 226 行.
NOTIC: [8] Undefined index: type D:\www\matouPCS\Application\Runtime\Cache\Home\512f353e7cc5ac7bb6281b10a93262f7.php 第 821 行.
NOTIC: [8] Undefined index: type D:\www\matouPCS\Application\Runtime\Cache\Home\512f353e7cc5ac7bb6281b10a93262f7.php 第 821 行.
INFO: Run Behavior\ParseTemplateBehavior [ RunTime:0.014368s ]
INFO: [ view_parse ] --END-- [ RunTime:0.014421s ]
INFO: [ view_filter ] --START--
INFO: Run Behavior\WriteHtmlCacheBehavior [ RunTime:0.000390s ]
INFO: [ view_filter ] --END-- [ RunTime:0.000432s ]
INFO: [ app_end ] --START--
INFO: Run Behavior\ShowPageTraceBehavior [ RunTime:0.000596s ]
INFO: [ app_end ] --END-- [ RunTime:0.000651s ]

[ 2017-03-09T09:36:51+08:00 ] ::1 /matouPCS/?s=/Home/Box/orders&p=1&type=&sex=&age=&date=&address=&re=
INFO: [ app_init ] --START--
INFO: Run Behavior\BuildLiteBehavior [ RunTime:0.000014s ]
INFO: [ app_init ] --END-- [ RunTime:0.000407s ]
INFO: [ app_begin ] --START--
INFO: Run Behavior\ReadHtmlCacheBehavior [ RunTime:0.000476s ]
INFO: [ app_begin ] --END-- [ RunTime:0.000524s ]
SQL: SHOW COLUMNS FROM `reward2` [ RunTime:0.0036s ]
SQL: SELECT * FROM reward2 as r INNER JOIN reward1 as e on r.pid = e.psid   [ RunTime:0.0003s ]
SQL: SHOW COLUMNS FROM `reward1` [ RunTime:0.0024s ]
SQL: SELECT COUNT(*) AS tp_count FROM `reward1` LIMIT 1   [ RunTime:0.0002s ]
SQL: SHOW COLUMNS FROM `reward1` [ RunTime:0.0088s ]
SQL: SELECT * FROM reward1 as e INNER JOIN user as u on e.uid = u.id  ORDER BY  e.psid desc  LIMIT 0,10   [ RunTime:0.0008s ]
NOTIC: [2] Missing argument 1 for Think\PageAjax::show(), called in D:\www\matouPCS\Application\Home\Controller\BoxController.class.php on line 161 and defined D:\www\matouPCS\ThinkPHP\Library\Think\PageAjax.class.php 第 77 行.
NOTIC: [8] Undefined variable: url_replace D:\www\matouPCS\ThinkPHP\Library\Think\PageAjax.class.php 第 84 行.
INFO: [ view_parse ] --START--
INFO: [ template_filter ] --START--
INFO: Run Behavior\ContentReplaceBehavior [ RunTime:0.000038s ]
INFO: [ template_filter ] --END-- [ RunTime:0.000085s ]
INFO: Run Behavior\ParseTemplateBehavior [ RunTime:0.005703s ]
INFO: [ view_parse ] --END-- [ RunTime:0.005796s ]
INFO: [ view_filter ] --START--
INFO: Run Behavior\WriteHtmlCacheBehavior [ RunTime:0.000565s ]
INFO: [ view_filter ] --END-- [ RunTime:0.000644s ]
INFO: [ app_end ] --START--
INFO: Run Behavior\ShowPageTraceBehavior [ RunTime:0.001260s ]
INFO: [ app_end ] --END-- [ RunTime:0.001413s ]

[ 2017-03-09T09:37:15+08:00 ] ::1 /matouPCS/?s=/Home/Tjcs/spxq/id/6
INFO: [ app_init ] --START--
INFO: Run Behavior\BuildLiteBehavior [ RunTime:0.000013s ]
INFO: [ app_init ] --END-- [ RunTime:0.000410s ]
INFO: [ app_begin ] --START--
INFO: Run Behavior\ReadHtmlCacheBehavior [ RunTime:0.000482s ]
INFO: [ app_begin ] --END-- [ RunTime:0.000533s ]
SQL: SHOW COLUMNS FROM `shop` [ RunTime:0.0035s ]
SQL: SELECT * FROM shop as c INNER JOIN user as u on c.uid = u.id  WHERE ( c.id=6 ) LIMIT 1   [ RunTime:0.0004s ]
SQL: SHOW COLUMNS FROM `commodity` [ RunTime:0.0028s ]
SQL: SELECT * FROM commodity as c INNER JOIN comimage as m on c.id = m.psid  WHERE ( pid=6 )  [ RunTime:0.0006s ]
SQL: SHOW COLUMNS FROM `shop_liuyan` [ RunTime:0.0029s ]
SQL: SELECT s.*,u.username,u.sex,u.addre FROM shop_liuyan as s INNER JOIN user as u on s.uid = u.id  WHERE ( s.sid = 6 ) ORDER BY s.id desc LIMIT 0,3   [ RunTime:0.0025s ]
INFO: [ view_parse ] --START--
INFO: [ template_filter ] --START--
INFO: Run Behavior\ContentReplaceBehavior [ RunTime:0.000142s ]
INFO: [ template_filter ] --END-- [ RunTime:0.000197s ]
NOTIC: [8] Undefined variable: sp D:\www\matouPCS\Application\Runtime\Cache\Home\b58e02491b2a48f58b374f579a680aa9.php 第 198 行.
NOTIC: [8] Undefined variable: sp D:\www\matouPCS\Application\Runtime\Cache\Home\b58e02491b2a48f58b374f579a680aa9.php 第 200 行.
NOTIC: [8] Undefined variable: sp D:\www\matouPCS\Application\Runtime\Cache\Home\b58e02491b2a48f58b374f579a680aa9.php 第 208 行.
NOTIC: [8] Undefined variable: sp D:\www\matouPCS\Application\Runtime\Cache\Home\b58e02491b2a48f58b374f579a680aa9.php 第 210 行.
NOTIC: [8] Undefined variable: v D:\www\matouPCS\Application\Runtime\Cache\Home\b58e02491b2a48f58b374f579a680aa9.php 第 575 行.
NOTIC: [8] Use of undefined constant bdlx - assumed 'bdlx' D:\www\matouPCS\Application\Runtime\Cache\Home\b58e02491b2a48f58b374f579a680aa9.php 第 722 行.
NOTIC: [8] Undefined index: bdlx D:\www\matouPCS\Application\Runtime\Cache\Home\b58e02491b2a48f58b374f579a680aa9.php 第 722 行.
NOTIC: [8] Use of undefined constant bdlx - assumed 'bdlx' D:\www\matouPCS\Application\Runtime\Cache\Home\b58e02491b2a48f58b374f579a680aa9.php 第 723 行.
NOTIC: [8] Undefined index: bdlx D:\www\matouPCS\Application\Runtime\Cache\Home\b58e02491b2a48f58b374f579a680aa9.php 第 723 行.
NOTIC: [8] Undefined index: time D:\www\matouPCS\Application\Runtime\Cache\Home\b58e02491b2a48f58b374f579a680aa9.php 第 746 行.
INFO: Run Behavior\ParseTemplateBehavior [ RunTime:0.014111s ]
INFO: [ view_parse ] --END-- [ RunTime:0.014183s ]
INFO: [ view_filter ] --START--
INFO: Run Behavior\WriteHtmlCacheBehavior [ RunTime:0.000323s ]
INFO: [ view_filter ] --END-- [ RunTime:0.000364s ]
INFO: [ app_end ] --START--
INFO: Run Behavior\ShowPageTraceBehavior [ RunTime:0.000529s ]
INFO: [ app_end ] --END-- [ RunTime:0.000593s ]

[ 2017-03-09T09:44:12+08:00 ] ::1 /matouPCS/?s=/Home/Tjcs/spxq/id/6
INFO: [ app_init ] --START--
INFO: Run Behavior\BuildLiteBehavior [ RunTime:0.000014s ]
INFO: [ app_init ] --END-- [ RunTime:0.000428s ]
INFO: [ app_begin ] --START--
INFO: Run Behavior\ReadHtmlCacheBehavior [ RunTime:0.000544s ]
INFO: [ app_begin ] --END-- [ RunTime:0.000597s ]
SQL: SHOW COLUMNS FROM `shop` [ RunTime:0.0030s ]
SQL: SELECT * FROM shop as c INNER JOIN user as u on c.uid = u.id  WHERE ( c.id=6 ) LIMIT 1   [ RunTime:0.0004s ]
SQL: SHOW COLUMNS FROM `commodity` [ RunTime:0.0025s ]
SQL: SELECT * FROM commodity as c INNER JOIN comimage as m on c.id = m.psid  WHERE ( pid=6 )  [ RunTime:0.0003s ]
SQL: SHOW COLUMNS FROM `shop_liuyan` [ RunTime:0.0024s ]
SQL: SELECT s.*,u.username,u.sex,u.addre FROM shop_liuyan as s INNER JOIN user as u on s.uid = u.id  WHERE ( s.sid = 6 ) ORDER BY s.id desc LIMIT 0,3   [ RunTime:0.0023s ]
INFO: [ view_parse ] --START--
INFO: [ template_filter ] --START--
INFO: Run Behavior\ContentReplaceBehavior [ RunTime:0.000153s ]
INFO: [ template_filter ] --END-- [ RunTime:0.000205s ]
NOTIC: [8] Undefined variable: sp D:\www\matouPCS\Application\Runtime\Cache\Home\b58e02491b2a48f58b374f579a680aa9.php 第 198 行.
NOTIC: [8] Undefined variable: sp D:\www\matouPCS\Application\Runtime\Cache\Home\b58e02491b2a48f58b374f579a680aa9.php 第 200 行.
NOTIC: [8] Undefined variable: sp D:\www\matouPCS\Application\Runtime\Cache\Home\b58e02491b2a48f58b374f579a680aa9.php 第 208 行.
NOTIC: [8] Undefined variable: sp D:\www\matouPCS\Application\Runtime\Cache\Home\b58e02491b2a48f58b374f579a680aa9.php 第 210 行.
NOTIC: [8] Undefined variable: v D:\www\matouPCS\Application\Runtime\Cache\Home\b58e02491b2a48f58b374f579a680aa9.php 第 575 行.
NOTIC: [8] Use of undefined constant bdlx - assumed 'bdlx' D:\www\matouPCS\Application\Runtime\Cache\Home\b58e02491b2a48f58b374f579a680aa9.php 第 722 行.
NOTIC: [8] Undefined index: bdlx D:\www\matouPCS\Application\Runtime\Cache\Home\b58e02491b2a48f58b374f579a680aa9.php 第 722 行.
NOTIC: [8] Use of undefined constant bdlx - assumed 'bdlx' D:\www\matouPCS\Application\Runtime\Cache\Home\b58e02491b2a48f58b374f579a680aa9.php 第 723 行.
NOTIC: [8] Undefined index: bdlx D:\www\matouPCS\Application\Runtime\Cache\Home\b58e02491b2a48f58b374f579a680aa9.php 第 723 行.
NOTIC: [8] Undefined index: time D:\www\matouPCS\Application\Runtime\Cache\Home\b58e02491b2a48f58b374f579a680aa9.php 第 746 行.
INFO: Run Behavior\ParseTemplateBehavior [ RunTime:0.013287s ]
INFO: [ view_parse ] --END-- [ RunTime:0.013372s ]
INFO: [ view_filter ] --START--
INFO: Run Behavior\WriteHtmlCacheBehavior [ RunTime:0.000380s ]
INFO: [ view_filter ] --END-- [ RunTime:0.000423s ]
INFO: [ app_end ] --START--
INFO: Run Behavior\ShowPageTraceBehavior [ RunTime:0.000555s ]
INFO: [ app_end ] --END-- [ RunTime:0.000607s ]

[ 2017-03-09T09:44:58+08:00 ] ::1 /matouPCS/?s=/Home/User
INFO: [ app_init ] --START--
INFO: Run Behavior\BuildLiteBehavior [ RunTime:0.000014s ]
INFO: [ app_init ] --END-- [ RunTime:0.000421s ]
INFO: [ app_begin ] --START--
INFO: Run Behavior\ReadHtmlCacheBehavior [ RunTime:0.000495s ]
INFO: [ app_begin ] --END-- [ RunTime:0.000545s ]
NOTIC: [2048] Declaration of Home\Controller\UserController::get() should be compatible with that of Think\Controller::get() D:\www\matouPCS\Application\Home\Controller\UserController.class.php 第 1315 行.
SQL: SHOW COLUMNS FROM `user` [ RunTime:0.0032s ]
SQL: SELECT * FROM `user` WHERE ( id=13 )  [ RunTime:0.0003s ]
INFO: [ view_parse ] --START--
INFO: [ template_filter ] --START--
INFO: Run Behavior\ContentReplaceBehavior [ RunTime:0.000115s ]
INFO: [ template_filter ] --END-- [ RunTime:0.000160s ]
NOTIC: [8] Undefined variable: sp D:\www\matouPCS\Application\Runtime\Cache\Home\6830cbac89ff06451c77cd8769d6d4ca.php 第 194 行.
NOTIC: [8] Undefined variable: sp D:\www\matouPCS\Application\Runtime\Cache\Home\6830cbac89ff06451c77cd8769d6d4ca.php 第 196 行.
NOTIC: [8] Undefined variable: sp D:\www\matouPCS\Application\Runtime\Cache\Home\6830cbac89ff06451c77cd8769d6d4ca.php 第 204 行.
NOTIC: [8] Undefined variable: sp D:\www\matouPCS\Application\Runtime\Cache\Home\6830cbac89ff06451c77cd8769d6d4ca.php 第 206 行.
NOTIC: [8] Use of undefined constant sex - assumed 'sex' D:\www\matouPCS\Application\Runtime\Cache\Home\6830cbac89ff06451c77cd8769d6d4ca.php 第 504 行.
NOTIC: [8] Use of undefined constant sex - assumed 'sex' D:\www\matouPCS\Application\Runtime\Cache\Home\6830cbac89ff06451c77cd8769d6d4ca.php 第 510 行.
NOTIC: [8] Use of undefined constant sex - assumed 'sex' D:\www\matouPCS\Application\Runtime\Cache\Home\6830cbac89ff06451c77cd8769d6d4ca.php 第 515 行.
NOTIC: [8] Use of undefined constant tel - assumed 'tel' D:\www\matouPCS\Application\Runtime\Cache\Home\6830cbac89ff06451c77cd8769d6d4ca.php 第 554 行.
INFO: Run Behavior\ParseTemplateBehavior [ RunTime:0.011563s ]
INFO: [ view_parse ] --END-- [ RunTime:0.011610s ]
INFO: [ view_filter ] --START--
INFO: Run Behavior\WriteHtmlCacheBehavior [ RunTime:0.000326s ]
INFO: [ view_filter ] --END-- [ RunTime:0.000368s ]
INFO: [ app_end ] --START--
INFO: Run Behavior\ShowPageTraceBehavior [ RunTime:0.000556s ]
INFO: [ app_end ] --END-- [ RunTime:0.000622s ]

[ 2017-03-09T09:45:30+08:00 ] ::1 /matouPCs/
INFO: [ app_init ] --START--
INFO: Run Behavior\BuildLiteBehavior [ RunTime:0.000014s ]
INFO: [ app_init ] --END-- [ RunTime:0.000400s ]
INFO: [ app_begin ] --START--
INFO: Run Behavior\ReadHtmlCacheBehavior [ RunTime:0.000588s ]
INFO: [ app_begin ] --END-- [ RunTime:0.000642s ]
SQL: SHOW COLUMNS FROM `reward2` [ RunTime:0.0038s ]
SQL: SELECT * FROM reward2 as  r INNER JOIN reward1 as e on r.pid = e.psid  INNER JOIN  user as u on e.uid = u.id  ORDER BY e.psid desc LIMIT 0,21   [ RunTime:0.0008s ]
SQL: SHOW COLUMNS FROM `user` [ RunTime:0.0036s ]
SQL: SELECT * FROM user as u INNER JOIN forcee as f on f.uid = u.id  WHERE ( f.status = 2 ) ORDER BY f.collect desc LIMIT 0,4   [ RunTime:0.0004s ]
SQL: SELECT * FROM user as u INNER JOIN forcee as f on f.uid = u.id  WHERE ( f.status = 2 and u.id = 13 ) LIMIT 1   [ RunTime:0.0003s ]
SQL: SELECT * FROM user as u INNER JOIN due as d on u.id = d.uid  WHERE ( u.id = 13 ) LIMIT 1   [ RunTime:0.0022s ]
SQL: SELECT * FROM user as u INNER JOIN employ as d on u.id = d.uid  WHERE ( u.id = 13 ) LIMIT 1   [ RunTime:0.0017s ]
SQL: SHOW COLUMNS FROM `shop` [ RunTime:0.0027s ]
SQL: SELECT * FROM `shop` WHERE ( uid = 13 ) LIMIT 1   [ RunTime:0.0002s ]
SQL: SELECT * FROM `shop` ORDER BY collect desc LIMIT 0,4   [ RunTime:0.0002s ]
SQL: SHOW COLUMNS FROM `flea` [ RunTime:0.0039s ]
SQL: SELECT * FROM flea as f INNER JOIN user as u on f.uid = u.id  WHERE ( tz_status = '1' ) ORDER BY f.fid desc LIMIT 0,5   [ RunTime:0.0005s ]
INFO: [ view_parse ] --START--
INFO: [ template_filter ] --START--
INFO: Run Behavior\ContentReplaceBehavior [ RunTime:0.000249s ]
INFO: [ template_filter ] --END-- [ RunTime:0.000311s ]
INFO: Run Behavior\ParseTemplateBehavior [ RunTime:0.022003s ]
INFO: [ view_parse ] --END-- [ RunTime:0.022072s ]
INFO: [ view_filter ] --START--
INFO: Run Behavior\WriteHtmlCacheBehavior [ RunTime:0.000446s ]
INFO: [ view_filter ] --END-- [ RunTime:0.000490s ]
INFO: [ app_end ] --START--
INFO: Run Behavior\ShowPageTraceBehavior [ RunTime:0.000687s ]
INFO: [ app_end ] --END-- [ RunTime:0.000741s ]

[ 2017-03-09T09:45:32+08:00 ] ::1 /matouPCs/?s=/Home/User/wxcode/
INFO: [ app_init ] --START--
INFO: Run Behavior\BuildLiteBehavior [ RunTime:0.000017s ]
INFO: [ app_init ] --END-- [ RunTime:0.000426s ]
INFO: [ app_begin ] --START--
INFO: Run Behavior\ReadHtmlCacheBehavior [ RunTime:0.000568s ]
INFO: [ app_begin ] --END-- [ RunTime:0.000641s ]
NOTIC: [2048] Declaration of Home\Controller\UserController::get() should be compatible with that of Think\Controller::get() D:\www\matouPCS\Application\Home\Controller\UserController.class.php 第 1315 行.
NOTIC: [8] Undefined offset: 1 D:\www\matouPCS\Application\Home\Controller\UserController.class.php 第 1224 行.
NOTIC: [8] Trying to get property of non-object D:\www\matouPCS\Application\Home\Controller\UserController.class.php 第 1233 行.
NOTIC: [8] Trying to get property of non-object D:\www\matouPCS\Application\Home\Controller\UserController.class.php 第 1233 行.
NOTIC: [8] Trying to get property of non-object D:\www\matouPCS\Application\Home\Controller\UserController.class.php 第 1237 行.
SQL: SHOW COLUMNS FROM `user` [ RunTime:0.0034s ]
SQL: SELECT * FROM `user` WHERE ( weixin = '' ) LIMIT 1   [ RunTime:0.0003s ]
NOTIC: [8] A session had already been started - ignoring session_start() D:\www\matouPCS\Application\Home\Controller\UserController.class.php 第 1255 行.

[ 2017-03-09T09:45:42+08:00 ] ::1 /matouPCS/
INFO: [ app_init ] --START--
INFO: Run Behavior\BuildLiteBehavior [ RunTime:0.000013s ]
INFO: [ app_init ] --END-- [ RunTime:0.000400s ]
INFO: [ app_begin ] --START--
INFO: Run Behavior\ReadHtmlCacheBehavior [ RunTime:0.000504s ]
INFO: [ app_begin ] --END-- [ RunTime:0.000567s ]
SQL: SHOW COLUMNS FROM `reward2` [ RunTime:0.0029s ]
SQL: SELECT * FROM reward2 as  r INNER JOIN reward1 as e on r.pid = e.psid  INNER JOIN  user as u on e.uid = u.id  ORDER BY e.psid desc LIMIT 0,21   [ RunTime:0.0004s ]
SQL: SHOW COLUMNS FROM `user` [ RunTime:0.0035s ]
SQL: SELECT * FROM user as u INNER JOIN forcee as f on f.uid = u.id  WHERE ( f.status = 2 ) ORDER BY f.collect desc LIMIT 0,4   [ RunTime:0.0004s ]
SQL: SELECT * FROM user as u INNER JOIN forcee as f on f.uid = u.id  WHERE ( f.status = 2 and u.id = 13 ) LIMIT 1   [ RunTime:0.0003s ]
SQL: SELECT * FROM user as u INNER JOIN due as d on u.id = d.uid  WHERE ( u.id = 13 ) LIMIT 1   [ RunTime:0.0003s ]
SQL: SELECT * FROM user as u INNER JOIN employ as d on u.id = d.uid  WHERE ( u.id = 13 ) LIMIT 1   [ RunTime:0.0003s ]
SQL: SHOW COLUMNS FROM `shop` [ RunTime:0.0031s ]
SQL: SELECT * FROM `shop` WHERE ( uid = 13 ) LIMIT 1   [ RunTime:0.0004s ]
SQL: SELECT * FROM `shop` ORDER BY collect desc LIMIT 0,4   [ RunTime:0.0004s ]
SQL: SHOW COLUMNS FROM `flea` [ RunTime:0.0030s ]
SQL: SELECT * FROM flea as f INNER JOIN user as u on f.uid = u.id  WHERE ( tz_status = '1' ) ORDER BY f.fid desc LIMIT 0,5   [ RunTime:0.0003s ]
INFO: [ view_parse ] --START--
INFO: [ template_filter ] --START--
INFO: Run Behavior\ContentReplaceBehavior [ RunTime:0.000246s ]
INFO: [ template_filter ] --END-- [ RunTime:0.000302s ]
INFO: Run Behavior\ParseTemplateBehavior [ RunTime:0.021073s ]
INFO: [ view_parse ] --END-- [ RunTime:0.021142s ]
INFO: [ view_filter ] --START--
INFO: Run Behavior\WriteHtmlCacheBehavior [ RunTime:0.000466s ]
INFO: [ view_filter ] --END-- [ RunTime:0.000511s ]
INFO: [ app_end ] --START--
INFO: Run Behavior\ShowPageTraceBehavior [ RunTime:0.000632s ]
INFO: [ app_end ] --END-- [ RunTime:0.000695s ]

[ 2017-03-09T09:45:44+08:00 ] ::1 /matouPCS/?s=/Home/User/wxcode/
INFO: [ app_init ] --START--
INFO: Run Behavior\BuildLiteBehavior [ RunTime:0.000014s ]
INFO: [ app_init ] --END-- [ RunTime:0.000455s ]
INFO: [ app_begin ] --START--
INFO: Run Behavior\ReadHtmlCacheBehavior [ RunTime:0.000515s ]
INFO: [ app_begin ] --END-- [ RunTime:0.000580s ]
NOTIC: [2048] Declaration of Home\Controller\UserController::get() should be compatible with that of Think\Controller::get() D:\www\matouPCS\Application\Home\Controller\UserController.class.php 第 1315 行.
NOTIC: [8] Undefined offset: 1 D:\www\matouPCS\Application\Home\Controller\UserController.class.php 第 1224 行.
NOTIC: [8] Trying to get property of non-object D:\www\matouPCS\Application\Home\Controller\UserController.class.php 第 1233 行.
NOTIC: [8] Trying to get property of non-object D:\www\matouPCS\Application\Home\Controller\UserController.class.php 第 1233 行.
NOTIC: [8] Trying to get property of non-object D:\www\matouPCS\Application\Home\Controller\UserController.class.php 第 1237 行.
SQL: SHOW COLUMNS FROM `user` [ RunTime:0.0032s ]
SQL: SELECT * FROM `user` WHERE ( weixin = '' ) LIMIT 1   [ RunTime:0.0004s ]
NOTIC: [8] A session had already been started - ignoring session_start() D:\www\matouPCS\Application\Home\Controller\UserController.class.php 第 1255 行.

[ 2017-03-09T09:46:10+08:00 ] ::1 /matouPCS/?s=/Home/User
INFO: [ app_init ] --START--
INFO: Run Behavior\BuildLiteBehavior [ RunTime:0.000021s ]
INFO: [ app_init ] --END-- [ RunTime:0.000525s ]
INFO: [ app_begin ] --START--
INFO: Run Behavior\ReadHtmlCacheBehavior [ RunTime:0.000589s ]
INFO: [ app_begin ] --END-- [ RunTime:0.000646s ]
NOTIC: [2048] Declaration of Home\Controller\UserController::get() should be compatible with that of Think\Controller::get() D:\www\matouPCS\Application\Home\Controller\UserController.class.php 第 1315 行.
SQL: SHOW COLUMNS FROM `user` [ RunTime:0.0087s ]
SQL: SELECT * FROM `user` WHERE ( id=13 )  [ RunTime:0.0003s ]
INFO: [ view_parse ] --START--
INFO: [ template_filter ] --START--
INFO: Run Behavior\ContentReplaceBehavior [ RunTime:0.000124s ]
INFO: [ template_filter ] --END-- [ RunTime:0.000177s ]
NOTIC: [8] Undefined variable: sp D:\www\matouPCS\Application\Runtime\Cache\Home\6830cbac89ff06451c77cd8769d6d4ca.php 第 194 行.
NOTIC: [8] Undefined variable: sp D:\www\matouPCS\Application\Runtime\Cache\Home\6830cbac89ff06451c77cd8769d6d4ca.php 第 196 行.
NOTIC: [8] Undefined variable: sp D:\www\matouPCS\Application\Runtime\Cache\Home\6830cbac89ff06451c77cd8769d6d4ca.php 第 204 行.
NOTIC: [8] Undefined variable: sp D:\www\matouPCS\Application\Runtime\Cache\Home\6830cbac89ff06451c77cd8769d6d4ca.php 第 206 行.
NOTIC: [8] Use of undefined constant sex - assumed 'sex' D:\www\matouPCS\Application\Runtime\Cache\Home\6830cbac89ff06451c77cd8769d6d4ca.php 第 504 行.
NOTIC: [8] Use of undefined constant sex - assumed 'sex' D:\www\matouPCS\Application\Runtime\Cache\Home\6830cbac89ff06451c77cd8769d6d4ca.php 第 510 行.
NOTIC: [8] Use of undefined constant sex - assumed 'sex' D:\www\matouPCS\Application\Runtime\Cache\Home\6830cbac89ff06451c77cd8769d6d4ca.php 第 515 行.
NOTIC: [8] Use of undefined constant tel - assumed 'tel' D:\www\matouPCS\Application\Runtime\Cache\Home\6830cbac89ff06451c77cd8769d6d4ca.php 第 554 行.
INFO: Run Behavior\ParseTemplateBehavior [ RunTime:0.011993s ]
INFO: [ view_parse ] --END-- [ RunTime:0.012064s ]
INFO: [ view_filter ] --START--
INFO: Run Behavior\WriteHtmlCacheBehavior [ RunTime:0.000413s ]
INFO: [ view_filter ] --END-- [ RunTime:0.000456s ]
INFO: [ app_end ] --START--
INFO: Run Behavior\ShowPageTraceBehavior [ RunTime:0.000639s ]
INFO: [ app_end ] --END-- [ RunTime:0.000691s ]

[ 2017-03-09T09:46:15+08:00 ] ::1 /matouPCS/?s=/Home/User/bdzx
INFO: [ app_init ] --START--
INFO: Run Behavior\BuildLiteBehavior [ RunTime:0.000014s ]
INFO: [ app_init ] --END-- [ RunTime:0.000432s ]
INFO: [ app_begin ] --START--
INFO: Run Behavior\ReadHtmlCacheBehavior [ RunTime:0.000472s ]
INFO: [ app_begin ] --END-- [ RunTime:0.000522s ]
NOTIC: [2048] Declaration of Home\Controller\UserController::get() should be compatible with that of Think\Controller::get() D:\www\matouPCS\Application\Home\Controller\UserController.class.php 第 1315 行.
SQL: SHOW COLUMNS FROM `user` [ RunTime:0.0032s ]
SQL: SELECT * FROM `user` WHERE (  id = 13  ) LIMIT 1   [ RunTime:0.0003s ]
SQL: SHOW COLUMNS FROM `user_fen` [ RunTime:0.0068s ]
SQL: SELECT * FROM `user_fen` WHERE (  uid = 13  ) LIMIT 0,6   [ RunTime:0.0003s ]
SQL: SHOW COLUMNS FROM `user` [ RunTime:0.0026s ]
SQL: SELECT * FROM user as u INNER JOIN user_fen as f on u.id = f.uid  LIMIT 0,6   [ RunTime:0.0003s ]
SQL: SELECT * FROM user as u INNER JOIN user_fen as f on u.id = f.uid  WHERE ( f.uid = 13 ) LIMIT 0,6   [ RunTime:0.0003s ]
SQL: SELECT * FROM `user`  [ RunTime:0.0002s ]
SQL: SHOW COLUMNS FROM `dongtai` [ RunTime:0.0041s ]
SQL: SELECT * FROM dongtai as d INNER JOIN user as u on d.uid = u.id INNER JOIN dongimage as i on d.did = i.pid  ORDER BY d.did desc LIMIT 1   [ RunTime:0.0072s ]
SQL: SHOW COLUMNS FROM `dongimage` [ RunTime:0.0024s ]
SQL: SELECT * FROM dongimage as g INNER JOIN dongtai as d on d.did = g.pid  ORDER BY g.iid desc  [ RunTime:0.0005s ]
INFO: [ view_parse ] --START--
INFO: [ template_filter ] --START--
INFO: Run Behavior\ContentReplaceBehavior [ RunTime:0.000287s ]
INFO: [ template_filter ] --END-- [ RunTime:0.000345s ]
NOTIC: [8] Undefined variable: sp D:\www\matouPCS\Application\Runtime\Cache\Home\c5708b193e7766e8ca9ece0983897c0e.php 第 377 行.
NOTIC: [8] Undefined variable: sp D:\www\matouPCS\Application\Runtime\Cache\Home\c5708b193e7766e8ca9ece0983897c0e.php 第 379 行.
NOTIC: [8] Undefined variable: sp D:\www\matouPCS\Application\Runtime\Cache\Home\c5708b193e7766e8ca9ece0983897c0e.php 第 387 行.
NOTIC: [8] Undefined variable: sp D:\www\matouPCS\Application\Runtime\Cache\Home\c5708b193e7766e8ca9ece0983897c0e.php 第 389 行.
NOTIC: [8] Undefined variable: num D:\www\matouPCS\Application\Runtime\Cache\Home\c5708b193e7766e8ca9ece0983897c0e.php 第 698 行.
NOTIC: [8] Undefined variable: gzs D:\www\matouPCS\Application\Runtime\Cache\Home\c5708b193e7766e8ca9ece0983897c0e.php 第 729 行.
NOTIC: [8] Use of undefined constant username - assumed 'username' D:\www\matouPCS\Application\Runtime\Cache\Home\c5708b193e7766e8ca9ece0983897c0e.php 第 902 行.
NOTIC: [8] Use of undefined constant tel - assumed 'tel' D:\www\matouPCS\Application\Runtime\Cache\Home\c5708b193e7766e8ca9ece0983897c0e.php 第 902 行.
NOTIC: [8] Use of undefined constant username - assumed 'username' D:\www\matouPCS\Application\Runtime\Cache\Home\c5708b193e7766e8ca9ece0983897c0e.php 第 903 行.
NOTIC: [8] Use of undefined constant tel - assumed 'tel' D:\www\matouPCS\Application\Runtime\Cache\Home\c5708b193e7766e8ca9ece0983897c0e.php 第 903 行.
NOTIC: [8] Use of undefined constant did - assumed 'did' D:\www\matouPCS\Application\Runtime\Cache\Home\c5708b193e7766e8ca9ece0983897c0e.php 第 910 行.
NOTIC: [8] Use of undefined constant pid - assumed 'pid' D:\www\matouPCS\Application\Runtime\Cache\Home\c5708b193e7766e8ca9ece0983897c0e.php 第 910 行.
NOTIC: [8] Use of undefined constant did - assumed 'did' D:\www\matouPCS\Application\Runtime\Cache\Home\c5708b193e7766e8ca9ece0983897c0e.php 第 910 行.
NOTIC: [8] Use of undefined constant pid - assumed 'pid' D:\www\matouPCS\Application\Runtime\Cache\Home\c5708b193e7766e8ca9ece0983897c0e.php 第 910 行.
NOTIC: [8] Use of undefined constant did - assumed 'did' D:\www\matouPCS\Application\Runtime\Cache\Home\c5708b193e7766e8ca9ece0983897c0e.php 第 910 行.
NOTIC: [8] Use of undefined constant pid - assumed 'pid' D:\www\matouPCS\Application\Runtime\Cache\Home\c5708b193e7766e8ca9ece0983897c0e.php 第 910 行.
NOTIC: [8] Use of undefined constant did - assumed 'did' D:\www\matouPCS\Application\Runtime\Cache\Home\c5708b193e7766e8ca9ece0983897c0e.php 第 910 行.
NOTIC: [8] Use of undefined constant pid - assumed 'pid' D:\www\matouPCS\Application\Runtime\Cache\Home\c5708b193e7766e8ca9ece0983897c0e.php 第 910 行.
NOTIC: [8] Use of undefined constant did - assumed 'did' D:\www\matouPCS\Application\Runtime\Cache\Home\c5708b193e7766e8ca9ece0983897c0e.php 第 910 行.
NOTIC: [8] Use of undefined constant pid - assumed 'pid' D:\www\matouPCS\Application\Runtime\Cache\Home\c5708b193e7766e8ca9ece0983897c0e.php 第 910 行.
NOTIC: [8] Use of undefined constant did - assumed 'did' D:\www\matouPCS\Application\Runtime\Cache\Home\c5708b193e7766e8ca9ece0983897c0e.php 第 910 行.
NOTIC: [8] Use of undefined constant pid - assumed 'pid' D:\www\matouPCS\Application\Runtime\Cache\Home\c5708b193e7766e8ca9ece0983897c0e.php 第 910 行.
NOTIC: [8] Use of undefined constant did - assumed 'did' D:\www\matouPCS\Application\Runtime\Cache\Home\c5708b193e7766e8ca9ece0983897c0e.php 第 910 行.
NOTIC: [8] Use of undefined constant pid - assumed 'pid' D:\www\matouPCS\Application\Runtime\Cache\Home\c5708b193e7766e8ca9ece0983897c0e.php 第 910 行.
NOTIC: [8] Use of undefined constant did - assumed 'did' D:\www\matouPCS\Application\Runtime\Cache\Home\c5708b193e7766e8ca9ece0983897c0e.php 第 910 行.
NOTIC: [8] Use of undefined constant pid - assumed 'pid' D:\www\matouPCS\Application\Runtime\Cache\Home\c5708b193e7766e8ca9ece0983897c0e.php 第 910 行.
NOTIC: [8] Use of undefined constant did - assumed 'did' D:\www\matouPCS\Application\Runtime\Cache\Home\c5708b193e7766e8ca9ece0983897c0e.php 第 910 行.
NOTIC: [8] Use of undefined constant pid - assumed 'pid' D:\www\matouPCS\Application\Runtime\Cache\Home\c5708b193e7766e8ca9ece0983897c0e.php 第 910 行.
NOTIC: [8] Use of undefined constant did - assumed 'did' D:\www\matouPCS\Application\Runtime\Cache\Home\c5708b193e7766e8ca9ece0983897c0e.php 第 910 行.
NOTIC: [8] Use of undefined constant pid - assumed 'pid' D:\www\matouPCS\Application\Runtime\Cache\Home\c5708b193e7766e8ca9ece0983897c0e.php 第 910 行.
NOTIC: [8] Use of undefined constant did - assumed 'did' D:\www\matouPCS\Application\Runtime\Cache\Home\c5708b193e7766e8ca9ece0983897c0e.php 第 910 行.
NOTIC: [8] Use of undefined constant pid - assumed 'pid' D:\www\matouPCS\Application\Runtime\Cache\Home\c5708b193e7766e8ca9ece0983897c0e.php 第 910 行.
NOTIC: [8] Use of undefined constant did - assumed 'did' D:\www\matouPCS\Application\Runtime\Cache\Home\c5708b193e7766e8ca9ece0983897c0e.php 第 910 行.
NOTIC: [8] Use of undefined constant pid - assumed 'pid' D:\www\matouPCS\Application\Runtime\Cache\Home\c5708b193e7766e8ca9ece0983897c0e.php 第 910 行.
NOTIC: [8] Use of undefined constant did - assumed 'did' D:\www\matouPCS\Application\Runtime\Cache\Home\c5708b193e7766e8ca9ece0983897c0e.php 第 910 行.
NOTIC: [8] Use of undefined constant pid - assumed 'pid' D:\www\matouPCS\Application\Runtime\Cache\Home\c5708b193e7766e8ca9ece0983897c0e.php 第 910 行.
NOTIC: [8] Use of undefined constant did - assumed 'did' D:\www\matouPCS\Application\Runtime\Cache\Home\c5708b193e7766e8ca9ece0983897c0e.php 第 910 行.
NOTIC: [8] Use of undefined constant pid - assumed 'pid' D:\www\matouPCS\Application\Runtime\Cache\Home\c5708b193e7766e8ca9ece0983897c0e.php 第 910 行.
NOTIC: [8] Use of undefined constant did - assumed 'did' D:\www\matouPCS\Application\Runtime\Cache\Home\c5708b193e7766e8ca9ece0983897c0e.php 第 910 行.
NOTIC: [8] Use of undefined constant pid - assumed 'pid' D:\www\matouPCS\Application\Runtime\Cache\Home\c5708b193e7766e8ca9ece0983897c0e.php 第 910 行.
NOTIC: [8] Use of undefined constant did - assumed 'did' D:\www\matouPCS\Application\Runtime\Cache\Home\c5708b193e7766e8ca9ece0983897c0e.php 第 910 行.
NOTIC: [8] Use of undefined constant pid - assumed 'pid' D:\www\matouPCS\Application\Runtime\Cache\Home\c5708b193e7766e8ca9ece0983897c0e.php 第 910 行.
NOTIC: [8] Use of undefined constant did - assumed 'did' D:\www\matouPCS\Application\Runtime\Cache\Home\c5708b193e7766e8ca9ece0983897c0e.php 第 910 行.
NOTIC: [8] Use of undefined constant pid - assumed 'pid' D:\www\matouPCS\Application\Runtime\Cache\Home\c5708b193e7766e8ca9ece0983897c0e.php 第 910 行.
NOTIC: [8] Use of undefined constant did - assumed 'did' D:\www\matouPCS\Application\Runtime\Cache\Home\c5708b193e7766e8ca9ece0983897c0e.php 第 910 行.
NOTIC: [8] Use of undefined constant pid - assumed 'pid' D:\www\matouPCS\Application\Runtime\Cache\Home\c5708b193e7766e8ca9ece0983897c0e.php 第 910 行.
NOTIC: [8] Use of undefined constant did - assumed 'did' D:\www\matouPCS\Application\Runtime\Cache\Home\c5708b193e7766e8ca9ece0983897c0e.php 第 910 行.
NOTIC: [8] Use of undefined constant pid - assumed 'pid' D:\www\matouPCS\Application\Runtime\Cache\Home\c5708b193e7766e8ca9ece0983897c0e.php 第 910 行.
NOTIC: [8] Use of undefined constant did - assumed 'did' D:\www\matouPCS\Application\Runtime\Cache\Home\c5708b193e7766e8ca9ece0983897c0e.php 第 910 行.
NOTIC: [8] Use of undefined constant pid - assumed 'pid' D:\www\matouPCS\Application\Runtime\Cache\Home\c5708b193e7766e8ca9ece0983897c0e.php 第 910 行.
NOTIC: [8] Use of undefined constant did - assumed 'did' D:\www\matouPCS\Application\Runtime\Cache\Home\c5708b193e7766e8ca9ece0983897c0e.php 第 910 行.
NOTIC: [8] Use of undefined constant pid - assumed 'pid' D:\www\matouPCS\Application\Runtime\Cache\Home\c5708b193e7766e8ca9ece0983897c0e.php 第 910 行.
NOTIC: [8] Use of undefined constant did - assumed 'did' D:\www\matouPCS\Application\Runtime\Cache\Home\c5708b193e7766e8ca9ece0983897c0e.php 第 910 行.
NOTIC: [8] Use of undefined constant pid - assumed 'pid' D:\www\matouPCS\Application\Runtime\Cache\Home\c5708b193e7766e8ca9ece0983897c0e.php 第 910 行.
NOTIC: [8] Use of undefined constant did - assumed 'did' D:\www\matouPCS\Application\Runtime\Cache\Home\c5708b193e7766e8ca9ece0983897c0e.php 第 910 行.
NOTIC: [8] Use of undefined constant pid - assumed 'pid' D:\www\matouPCS\Application\Runtime\Cache\Home\c5708b193e7766e8ca9ece0983897c0e.php 第 910 行.
NOTIC: [8] Undefined index: id D:\www\matouPCS\Application\Runtime\Cache\Home\c5708b193e7766e8ca9ece0983897c0e.php 第 1102 行.
INFO: Run Behavior\ParseTemplateBehavior [ RunTime:0.025263s ]
INFO: [ view_parse ] --END-- [ RunTime:0.025349s ]
INFO: [ view_filter ] --START--
INFO: Run Behavior\WriteHtmlCacheBehavior [ RunTime:0.000850s ]
INFO: [ view_filter ] --END-- [ RunTime:0.000908s ]
INFO: [ app_end ] --START--
INFO: Run Behavior\ShowPageTraceBehavior [ RunTime:0.000669s ]
INFO: [ app_end ] --END-- [ RunTime:0.000727s ]

[ 2017-03-09T09:49:03+08:00 ] ::1 /matouPCS/?s=/Home/User/bdzx
INFO: [ app_init ] --START--
INFO: Run Behavior\BuildLiteBehavior [ RunTime:0.000013s ]
INFO: [ app_init ] --END-- [ RunTime:0.000425s ]
INFO: [ app_begin ] --START--
INFO: Run Behavior\ReadHtmlCacheBehavior [ RunTime:0.000540s ]
INFO: [ app_begin ] --END-- [ RunTime:0.000592s ]
NOTIC: [2048] Declaration of Home\Controller\UserController::get() should be compatible with that of Think\Controller::get() D:\www\matouPCS\Application\Home\Controller\UserController.class.php 第 1315 行.
SQL: SHOW COLUMNS FROM `user` [ RunTime:0.0030s ]
SQL: SELECT * FROM `user` WHERE (  id = 13  ) LIMIT 1   [ RunTime:0.0003s ]
SQL: SHOW COLUMNS FROM `user_fen` [ RunTime:0.0026s ]
SQL: SELECT * FROM `user_fen` WHERE (  uid = 13  ) LIMIT 0,6   [ RunTime:0.0003s ]
SQL: SHOW COLUMNS FROM `user` [ RunTime:0.0026s ]
SQL: SELECT * FROM user as u INNER JOIN user_fen as f on u.id = f.uid  LIMIT 0,6   [ RunTime:0.0003s ]
SQL: SELECT * FROM user as u INNER JOIN user_fen as f on u.id = f.uid  WHERE ( f.uid = 13 ) LIMIT 0,6   [ RunTime:0.0003s ]
SQL: SELECT * FROM `user`  [ RunTime:0.0003s ]
SQL: SHOW COLUMNS FROM `dongtai` [ RunTime:0.0025s ]
SQL: SELECT * FROM dongtai as d INNER JOIN user as u on d.uid = u.id INNER JOIN dongimage as i on d.did = i.pid  ORDER BY d.did desc LIMIT 1   [ RunTime:0.0035s ]
SQL: SHOW COLUMNS FROM `dongimage` [ RunTime:0.0024s ]
SQL: SELECT * FROM dongimage as g INNER JOIN dongtai as d on d.did = g.pid  ORDER BY g.iid desc  [ RunTime:0.0004s ]
INFO: [ view_parse ] --START--
INFO: [ template_filter ] --START--
INFO: Run Behavior\ContentReplaceBehavior [ RunTime:0.000282s ]
INFO: [ template_filter ] --END-- [ RunTime:0.000336s ]
NOTIC: [8] Undefined variable: sp D:\www\matouPCS\Application\Runtime\Cache\Home\c5708b193e7766e8ca9ece0983897c0e.php 第 377 行.
NOTIC: [8] Undefined variable: sp D:\www\matouPCS\Application\Runtime\Cache\Home\c5708b193e7766e8ca9ece0983897c0e.php 第 379 行.
NOTIC: [8] Undefined variable: sp D:\www\matouPCS\Application\Runtime\Cache\Home\c5708b193e7766e8ca9ece0983897c0e.php 第 387 行.
NOTIC: [8] Undefined variable: sp D:\www\matouPCS\Application\Runtime\Cache\Home\c5708b193e7766e8ca9ece0983897c0e.php 第 389 行.
NOTIC: [8] Undefined variable: num D:\www\matouPCS\Application\Runtime\Cache\Home\c5708b193e7766e8ca9ece0983897c0e.php 第 698 行.
NOTIC: [8] Undefined variable: gzs D:\www\matouPCS\Application\Runtime\Cache\Home\c5708b193e7766e8ca9ece0983897c0e.php 第 729 行.
NOTIC: [8] Use of undefined constant username - assumed 'username' D:\www\matouPCS\Application\Runtime\Cache\Home\c5708b193e7766e8ca9ece0983897c0e.php 第 902 行.
NOTIC: [8] Use of undefined constant tel - assumed 'tel' D:\www\matouPCS\Application\Runtime\Cache\Home\c5708b193e7766e8ca9ece0983897c0e.php 第 902 行.
NOTIC: [8] Use of undefined constant username - assumed 'username' D:\www\matouPCS\Application\Runtime\Cache\Home\c5708b193e7766e8ca9ece0983897c0e.php 第 903 行.
NOTIC: [8] Use of undefined constant tel - assumed 'tel' D:\www\matouPCS\Application\Runtime\Cache\Home\c5708b193e7766e8ca9ece0983897c0e.php 第 903 行.
NOTIC: [8] Use of undefined constant did - assumed 'did' D:\www\matouPCS\Application\Runtime\Cache\Home\c5708b193e7766e8ca9ece0983897c0e.php 第 910 行.
NOTIC: [8] Use of undefined constant pid - assumed 'pid' D:\www\matouPCS\Application\Runtime\Cache\Home\c5708b193e7766e8ca9ece0983897c0e.php 第 910 行.
NOTIC: [8] Use of undefined constant did - assumed 'did' D:\www\matouPCS\Application\Runtime\Cache\Home\c5708b193e7766e8ca9ece0983897c0e.php 第 910 行.
NOTIC: [8] Use of undefined constant pid - assumed 'pid' D:\www\matouPCS\Application\Runtime\Cache\Home\c5708b193e7766e8ca9ece0983897c0e.php 第 910 行.
NOTIC: [8] Use of undefined constant did - assumed 'did' D:\www\matouPCS\Application\Runtime\Cache\Home\c5708b193e7766e8ca9ece0983897c0e.php 第 910 行.
NOTIC: [8] Use of undefined constant pid - assumed 'pid' D:\www\matouPCS\Application\Runtime\Cache\Home\c5708b193e7766e8ca9ece0983897c0e.php 第 910 行.
NOTIC: [8] Use of undefined constant did - assumed 'did' D:\www\matouPCS\Application\Runtime\Cache\Home\c5708b193e7766e8ca9ece0983897c0e.php 第 910 行.
NOTIC: [8] Use of undefined constant pid - assumed 'pid' D:\www\matouPCS\Application\Runtime\Cache\Home\c5708b193e7766e8ca9ece0983897c0e.php 第 910 行.
NOTIC: [8] Use of undefined constant did - assumed 'did' D:\www\matouPCS\Application\Runtime\Cache\Home\c5708b193e7766e8ca9ece0983897c0e.php 第 910 行.
NOTIC: [8] Use of undefined constant pid - assumed 'pid' D:\www\matouPCS\Application\Runtime\Cache\Home\c5708b193e7766e8ca9ece0983897c0e.php 第 910 行.
NOTIC: [8] Use of undefined constant did - assumed 'did' D:\www\matouPCS\Application\Runtime\Cache\Home\c5708b193e7766e8ca9ece0983897c0e.php 第 910 行.
NOTIC: [8] Use of undefined constant pid - assumed 'pid' D:\www\matouPCS\Application\Runtime\Cache\Home\c5708b193e7766e8ca9ece0983897c0e.php 第 910 行.
NOTIC: [8] Use of undefined constant did - assumed 'did' D:\www\matouPCS\Application\Runtime\Cache\Home\c5708b193e7766e8ca9ece0983897c0e.php 第 910 行.
NOTIC: [8] Use of undefined constant pid - assumed 'pid' D:\www\matouPCS\Application\Runtime\Cache\Home\c5708b193e7766e8ca9ece0983897c0e.php 第 910 行.
NOTIC: [8] Use of undefined constant did - assumed 'did' D:\www\matouPCS\Application\Runtime\Cache\Home\c5708b193e7766e8ca9ece0983897c0e.php 第 910 行.
NOTIC: [8] Use of undefined constant pid - assumed 'pid' D:\www\matouPCS\Application\Runtime\Cache\Home\c5708b193e7766e8ca9ece0983897c0e.php 第 910 行.
NOTIC: [8] Use of undefined constant did - assumed 'did' D:\www\matouPCS\Application\Runtime\Cache\Home\c5708b193e7766e8ca9ece0983897c0e.php 第 910 行.
NOTIC: [8] Use of undefined constant pid - assumed 'pid' D:\www\matouPCS\Application\Runtime\Cache\Home\c5708b193e7766e8ca9ece0983897c0e.php 第 910 行.
NOTIC: [8] Use of undefined constant did - assumed 'did' D:\www\matouPCS\Application\Runtime\Cache\Home\c5708b193e7766e8ca9ece0983897c0e.php 第 910 行.
NOTIC: [8] Use of undefined constant pid - assumed 'pid' D:\www\matouPCS\Application\Runtime\Cache\Home\c5708b193e7766e8ca9ece0983897c0e.php 第 910 行.
NOTIC: [8] Use of undefined constant did - assumed 'did' D:\www\matouPCS\Application\Runtime\Cache\Home\c5708b193e7766e8ca9ece0983897c0e.php 第 910 行.
NOTIC: [8] Use of undefined constant pid - assumed 'pid' D:\www\matouPCS\Application\Runtime\Cache\Home\c5708b193e7766e8ca9ece0983897c0e.php 第 910 行.
NOTIC: [8] Use of undefined constant did - assumed 'did' D:\www\matouPCS\Application\Runtime\Cache\Home\c5708b193e7766e8ca9ece0983897c0e.php 第 910 行.
NOTIC: [8] Use of undefined constant pid - assumed 'pid' D:\www\matouPCS\Application\Runtime\Cache\Home\c5708b193e7766e8ca9ece0983897c0e.php 第 910 行.
NOTIC: [8] Use of undefined constant did - assumed 'did' D:\www\matouPCS\Application\Runtime\Cache\Home\c5708b193e7766e8ca9ece0983897c0e.php 第 910 行.
NOTIC: [8] Use of undefined constant pid - assumed 'pid' D:\www\matouPCS\Application\Runtime\Cache\Home\c5708b193e7766e8ca9ece0983897c0e.php 第 910 行.
NOTIC: [8] Use of undefined constant did - assumed 'did' D:\www\matouPCS\Application\Runtime\Cache\Home\c5708b193e7766e8ca9ece0983897c0e.php 第 910 行.
NOTIC: [8] Use of undefined constant pid - assumed 'pid' D:\www\matouPCS\Application\Runtime\Cache\Home\c5708b193e7766e8ca9ece0983897c0e.php 第 910 行.
NOTIC: [8] Use of undefined constant did - assumed 'did' D:\www\matouPCS\Application\Runtime\Cache\Home\c5708b193e7766e8ca9ece0983897c0e.php 第 910 行.
NOTIC: [8] Use of undefined constant pid - assumed 'pid' D:\www\matouPCS\Application\Runtime\Cache\Home\c5708b193e7766e8ca9ece0983897c0e.php 第 910 行.
NOTIC: [8] Use of undefined constant did - assumed 'did' D:\www\matouPCS\Application\Runtime\Cache\Home\c5708b193e7766e8ca9ece0983897c0e.php 第 910 行.
NOTIC: [8] Use of undefined constant pid - assumed 'pid' D:\www\matouPCS\Application\Runtime\Cache\Home\c5708b193e7766e8ca9ece0983897c0e.php 第 910 行.
NOTIC: [8] Use of undefined constant did - assumed 'did' D:\www\matouPCS\Application\Runtime\Cache\Home\c5708b193e7766e8ca9ece0983897c0e.php 第 910 行.
NOTIC: [8] Use of undefined constant pid - assumed 'pid' D:\www\matouPCS\Application\Runtime\Cache\Home\c5708b193e7766e8ca9ece0983897c0e.php 第 910 行.
NOTIC: [8] Use of undefined constant did - assumed 'did' D:\www\matouPCS\Application\Runtime\Cache\Home\c5708b193e7766e8ca9ece0983897c0e.php 第 910 行.
NOTIC: [8] Use of undefined constant pid - assumed 'pid' D:\www\matouPCS\Application\Runtime\Cache\Home\c5708b193e7766e8ca9ece0983897c0e.php 第 910 行.
NOTIC: [8] Use of undefined constant did - assumed 'did' D:\www\matouPCS\Application\Runtime\Cache\Home\c5708b193e7766e8ca9ece0983897c0e.php 第 910 行.
NOTIC: [8] Use of undefined constant pid - assumed 'pid' D:\www\matouPCS\Application\Runtime\Cache\Home\c5708b193e7766e8ca9ece0983897c0e.php 第 910 行.
NOTIC: [8] Use of undefined constant did - assumed 'did' D:\www\matouPCS\Application\Runtime\Cache\Home\c5708b193e7766e8ca9ece0983897c0e.php 第 910 行.
NOTIC: [8] Use of undefined constant pid - assumed 'pid' D:\www\matouPCS\Application\Runtime\Cache\Home\c5708b193e7766e8ca9ece0983897c0e.php 第 910 行.
NOTIC: [8] Use of undefined constant did - assumed 'did' D:\www\matouPCS\Application\Runtime\Cache\Home\c5708b193e7766e8ca9ece0983897c0e.php 第 910 行.
NOTIC: [8] Use of undefined constant pid - assumed 'pid' D:\www\matouPCS\Application\Runtime\Cache\Home\c5708b193e7766e8ca9ece0983897c0e.php 第 910 行.
NOTIC: [8] Use of undefined constant did - assumed 'did' D:\www\matouPCS\Application\Runtime\Cache\Home\c5708b193e7766e8ca9ece0983897c0e.php 第 910 行.
NOTIC: [8] Use of undefined constant pid - assumed 'pid' D:\www\matouPCS\Application\Runtime\Cache\Home\c5708b193e7766e8ca9ece0983897c0e.php 第 910 行.
NOTIC: [8] Use of undefined constant did - assumed 'did' D:\www\matouPCS\Application\Runtime\Cache\Home\c5708b193e7766e8ca9ece0983897c0e.php 第 910 行.
NOTIC: [8] Use of undefined constant pid - assumed 'pid' D:\www\matouPCS\Application\Runtime\Cache\Home\c5708b193e7766e8ca9ece0983897c0e.php 第 910 行.
NOTIC: [8] Undefined index: id D:\www\matouPCS\Application\Runtime\Cache\Home\c5708b193e7766e8ca9ece0983897c0e.php 第 1099 行.
INFO: Run Behavior\ParseTemplateBehavior [ RunTime:0.022794s ]
INFO: [ view_parse ] --END-- [ RunTime:0.022844s ]
INFO: [ view_filter ] --START--
INFO: Run Behavior\WriteHtmlCacheBehavior [ RunTime:0.000428s ]
INFO: [ view_filter ] --END-- [ RunTime:0.000471s ]
INFO: [ app_end ] --START--
INFO: Run Behavior\ShowPageTraceBehavior [ RunTime:0.000643s ]
INFO: [ app_end ] --END-- [ RunTime:0.000701s ]

