[ 2017-01-25T18:51:53+08:00 ] ::1 /matouPCS/
INFO: [ app_init ] --START--
INFO: Run Behavior\BuildLiteBehavior [ RunTime:0.000095s ]
INFO: [ app_init ] --END-- [ RunTime:0.005049s ]
INFO: [ app_begin ] --START--
INFO: Run Behavior\ReadHtmlCacheBehavior [ RunTime:0.011433s ]
INFO: [ app_begin ] --END-- [ RunTime:0.011613s ]
SQL: SHOW COLUMNS FROM `reward2` [ RunTime:0.0828s ]
SQL: SELECT * FROM reward2 as  r INNER JOIN reward1 as e on r.pid = e.psid  INNER JOIN  user as u on e.uid = u.id  ORDER BY e.psid desc LIMIT 0,21   [ RunTime:0.0967s ]
SQL: SHOW COLUMNS FROM `forcee` [ RunTime:0.0388s ]
SQL: SELECT * FROM `forcee` WHERE ( status = 2 ) ORDER BY collect desc LIMIT 0,4   [ RunTime:0.0012s ]
SQL: SHOW COLUMNS FROM `shop` [ RunTime:0.0465s ]
SQL: SELECT * FROM `shop` ORDER BY collect desc LIMIT 0,4   [ RunTime:0.0046s ]
SQL: SHOW COLUMNS FROM `flea` [ RunTime:0.0663s ]
SQL: SELECT * FROM flea as f INNER JOIN fleaimage as e on f.fid = e.pid INNER JOIN user as u on f.uid = u.id  LIMIT 0,5   [ RunTime:0.0228s ]
INFO: [ view_parse ] --START--
INFO: [ template_filter ] --START--
INFO: Run Behavior\ContentReplaceBehavior [ RunTime:0.000849s ]
INFO: [ template_filter ] --END-- [ RunTime:0.001017s ]
NOTIC: [8] Undefined index: username D:\phpStudy\WWW\matouPCS\Application\Runtime\Cache\Home\2a94b8bda04ff446dcedd42276fc99ee.php 第 101 行.
NOTIC: [8] Undefined index: id D:\phpStudy\WWW\matouPCS\Application\Runtime\Cache\Home\2a94b8bda04ff446dcedd42276fc99ee.php 第 895 行.
NOTIC: [8] Undefined index: id D:\phpStudy\WWW\matouPCS\Application\Runtime\Cache\Home\2a94b8bda04ff446dcedd42276fc99ee.php 第 895 行.
INFO: Run Behavior\ParseTemplateBehavior [ RunTime:0.087472s ]
INFO: [ view_parse ] --END-- [ RunTime:0.087584s ]
INFO: [ view_filter ] --START--
INFO: Run Behavior\WriteHtmlCacheBehavior [ RunTime:0.001240s ]
INFO: [ view_filter ] --END-- [ RunTime:0.001304s ]
INFO: [ app_end ] --START--
INFO: Run Behavior\ShowPageTraceBehavior [ RunTime:0.001487s ]
INFO: [ app_end ] --END-- [ RunTime:0.001552s ]

[ 2017-01-25T18:52:02+08:00 ] ::1 /matouPCS/?s=/Home/Mtbu/rzbddydt/id/1
INFO: [ app_init ] --START--
INFO: Run Behavior\BuildLiteBehavior [ RunTime:0.000018s ]
INFO: [ app_init ] --END-- [ RunTime:0.000399s ]
INFO: [ app_begin ] --START--
INFO: Run Behavior\ReadHtmlCacheBehavior [ RunTime:0.000420s ]
INFO: [ app_begin ] --END-- [ RunTime:0.000458s ]
SQL: SHOW COLUMNS FROM `forcee` [ RunTime:0.0038s ]
SQL: SELECT * FROM forcee as f INNER JOIN user as u on f.uid = u.id INNER JOIN forceimage as m on f.id = m.pid INNER JOIN forcevideo as v on f.id = v.pid  WHERE ( f.id = 1 ) LIMIT 1   [ RunTime:0.0437s ]
SQL: SHOW COLUMNS FROM `foree_liuyan` [ RunTime:0.0205s ]
SQL: SELECT * FROM foree_liuyan as f INNER JOIN user as u on f.uid = u.id  ORDER BY f.id desc LIMIT 0,3   [ RunTime:0.0233s ]
INFO: [ view_parse ] --START--
INFO: [ template_filter ] --START--
INFO: Run Behavior\ContentReplaceBehavior [ RunTime:0.000141s ]
INFO: [ template_filter ] --END-- [ RunTime:0.000181s ]
INFO: Run Behavior\ParseTemplateBehavior [ RunTime:0.056680s ]
INFO: [ view_parse ] --END-- [ RunTime:0.056799s ]
INFO: [ view_filter ] --START--
INFO: Run Behavior\WriteHtmlCacheBehavior [ RunTime:0.000367s ]
INFO: [ view_filter ] --END-- [ RunTime:0.000413s ]
INFO: [ app_end ] --START--
INFO: Run Behavior\ShowPageTraceBehavior [ RunTime:0.000766s ]
INFO: [ app_end ] --END-- [ RunTime:0.000820s ]

[ 2017-01-25T18:52:05+08:00 ] ::1 /matouPCS/?s=/Home/Mtbu/rzbddyxq/id/1
INFO: [ app_init ] --START--
INFO: Run Behavior\BuildLiteBehavior [ RunTime:0.000012s ]
INFO: [ app_init ] --END-- [ RunTime:0.000286s ]
INFO: [ app_begin ] --START--
INFO: Run Behavior\ReadHtmlCacheBehavior [ RunTime:0.000535s ]
INFO: [ app_begin ] --END-- [ RunTime:0.000577s ]
SQL: SHOW COLUMNS FROM `forcee` [ RunTime:0.0065s ]
SQL: SELECT * FROM forcee as f INNER JOIN user as u on u.id = f.uid  WHERE ( f.id = 1 ) LIMIT 1   [ RunTime:0.0007s ]
SQL: SELECT * FROM forcee as f INNER JOIN reward1 as e on f.uid = e.uid  WHERE ( f.id = 1 )  [ RunTime:0.0005s ]
SQL: SELECT * FROM forcee as f INNER JOIN reward2 as r on f.uid = r.usid  WHERE ( f.id = 1 )  [ RunTime:0.0005s ]
SQL: SELECT * FROM forcee as f INNER JOIN due as d on f.uid = d.uid  WHERE (  f.id = 1  )  [ RunTime:0.0686s ]
SQL: SELECT * FROM forcee as f INNER JOIN recruit1 as e on f.uid = e.uid  WHERE ( f.id = 1 )  [ RunTime:0.0283s ]
SQL: SELECT * FROM forcee as f INNER JOIN recruit2 as r on f.uid = r.usid  WHERE (  f.id = 1  )  [ RunTime:0.0696s ]
SQL: SELECT * FROM forcee as f INNER JOIN employ as e on f.uid = e.uid INNER JOIN employwork as r on r.pid = e.id  WHERE ( f.id = 1 )  [ RunTime:0.0273s ]
SQL: SELECT * FROM forcee as f INNER JOIN flea as e on e.uid = f.uid  WHERE ( f.id = 1 and e.type = 1 )  [ RunTime:0.0010s ]
SQL: SELECT * FROM forcee as f INNER JOIN flea as e on e.uid = f.uid  WHERE ( f.id = 1 and e.type = 2 )  [ RunTime:0.0008s ]
SQL: SHOW COLUMNS FROM `foree_liuyan` [ RunTime:0.0102s ]
SQL: SELECT * FROM foree_liuyan as f INNER JOIN user as u on f.uid = u.id  ORDER BY f.id desc LIMIT 0,3   [ RunTime:0.0102s ]
INFO: [ view_parse ] --START--
INFO: [ template_filter ] --START--
INFO: Run Behavior\ContentReplaceBehavior [ RunTime:0.000358s ]
INFO: [ template_filter ] --END-- [ RunTime:0.000450s ]
INFO: Run Behavior\ParseTemplateBehavior [ RunTime:0.094339s ]
INFO: [ view_parse ] --END-- [ RunTime:0.094507s ]
INFO: [ view_filter ] --START--
INFO: Run Behavior\WriteHtmlCacheBehavior [ RunTime:0.000819s ]
INFO: [ view_filter ] --END-- [ RunTime:0.000915s ]
INFO: [ app_end ] --START--
INFO: Run Behavior\ShowPageTraceBehavior [ RunTime:0.001474s ]
INFO: [ app_end ] --END-- [ RunTime:0.001589s ]

[ 2017-01-25T18:52:16+08:00 ] ::1 /matouPCS/?s=/Home/Mtbu/rzbddydt_liuyan
INFO: [ app_init ] --START--
INFO: Run Behavior\BuildLiteBehavior [ RunTime:0.000012s ]
INFO: [ app_init ] --END-- [ RunTime:0.000299s ]
INFO: [ app_begin ] --START--
INFO: Run Behavior\ReadHtmlCacheBehavior [ RunTime:0.000420s ]
INFO: [ app_begin ] --END-- [ RunTime:0.000456s ]
NOTIC: [8] Undefined index: id D:\phpStudy\WWW\matouPCS\Application\Home\Controller\MtbuController.class.php 第 100 行.
SQL: SHOW COLUMNS FROM `foree_liuyan` [ RunTime:0.0278s ]
SQL: INSERT INTO `foree_liuyan` (`fid`,`content`,`time`) VALUES ('1','大耳朵绕','2017-01-25 18:52:15') [ RunTime:0.0004s ]
SQL: SHOW COLUMNS FROM `foree_liuyan` [ RunTime:0.0032s ]
SQL: SELECT * FROM foree_liuyan as f INNER JOIN user as u on f.uid = u.id  ORDER BY f.id desc LIMIT 0,3   [ RunTime:0.0033s ]

[ 2017-01-25T18:52:21+08:00 ] ::1 /matouPCS/?s=/Home/Mtbu/rzbddydt_liuyan
INFO: [ app_init ] --START--
INFO: Run Behavior\BuildLiteBehavior [ RunTime:0.000011s ]
INFO: [ app_init ] --END-- [ RunTime:0.000308s ]
INFO: [ app_begin ] --START--
INFO: Run Behavior\ReadHtmlCacheBehavior [ RunTime:0.000430s ]
INFO: [ app_begin ] --END-- [ RunTime:0.000476s ]
NOTIC: [8] Undefined index: id D:\phpStudy\WWW\matouPCS\Application\Home\Controller\MtbuController.class.php 第 100 行.
SQL: SHOW COLUMNS FROM `foree_liuyan` [ RunTime:0.0101s ]
SQL: INSERT INTO `foree_liuyan` (`fid`,`content`,`time`) VALUES ('1','大耳朵绕','2017-01-25 18:52:20') [ RunTime:0.0006s ]
SQL: SHOW COLUMNS FROM `foree_liuyan` [ RunTime:0.0097s ]
SQL: SELECT * FROM foree_liuyan as f INNER JOIN user as u on f.uid = u.id  ORDER BY f.id desc LIMIT 0,3   [ RunTime:0.0099s ]

[ 2017-01-25T18:52:25+08:00 ] ::1 /matouPCS/?s=/Home/Mtbu/rzbddydt_liuyan
INFO: [ app_init ] --START--
INFO: Run Behavior\BuildLiteBehavior [ RunTime:0.000011s ]
INFO: [ app_init ] --END-- [ RunTime:0.000312s ]
INFO: [ app_begin ] --START--
INFO: Run Behavior\ReadHtmlCacheBehavior [ RunTime:0.000442s ]
INFO: [ app_begin ] --END-- [ RunTime:0.000477s ]
NOTIC: [8] Undefined index: id D:\phpStudy\WWW\matouPCS\Application\Home\Controller\MtbuController.class.php 第 100 行.
SQL: SHOW COLUMNS FROM `foree_liuyan` [ RunTime:0.0401s ]
SQL: INSERT INTO `foree_liuyan` (`fid`,`content`,`time`) VALUES ('1','大耳朵绕','2017-01-25 18:52:24') [ RunTime:0.0005s ]
SQL: SHOW COLUMNS FROM `foree_liuyan` [ RunTime:0.0074s ]
SQL: SELECT * FROM foree_liuyan as f INNER JOIN user as u on f.uid = u.id  ORDER BY f.id desc LIMIT 0,3   [ RunTime:0.0066s ]

[ 2017-01-25T18:52:26+08:00 ] ::1 /matouPCS/?s=/Home/Mtbu/rzbddydt_liuyan
INFO: [ app_init ] --START--
INFO: Run Behavior\BuildLiteBehavior [ RunTime:0.000013s ]
INFO: [ app_init ] --END-- [ RunTime:0.000320s ]
INFO: [ app_begin ] --START--
INFO: Run Behavior\ReadHtmlCacheBehavior [ RunTime:0.000469s ]
INFO: [ app_begin ] --END-- [ RunTime:0.000507s ]
NOTIC: [8] Undefined index: id D:\phpStudy\WWW\matouPCS\Application\Home\Controller\MtbuController.class.php 第 100 行.
SQL: SHOW COLUMNS FROM `foree_liuyan` [ RunTime:0.0036s ]
SQL: INSERT INTO `foree_liuyan` (`fid`,`content`,`time`) VALUES ('1','大耳朵绕','2017-01-25 18:52:25') [ RunTime:0.0003s ]
SQL: SHOW COLUMNS FROM `foree_liuyan` [ RunTime:0.0043s ]
SQL: SELECT * FROM foree_liuyan as f INNER JOIN user as u on f.uid = u.id  ORDER BY f.id desc LIMIT 0,3   [ RunTime:0.0038s ]

[ 2017-01-25T18:52:27+08:00 ] ::1 /matouPCS/?s=/Home/Mtbu/rzbddydt_liuyan
INFO: [ app_init ] --START--
INFO: Run Behavior\BuildLiteBehavior [ RunTime:0.000011s ]
INFO: [ app_init ] --END-- [ RunTime:0.000350s ]
INFO: [ app_begin ] --START--
INFO: Run Behavior\ReadHtmlCacheBehavior [ RunTime:0.000512s ]
INFO: [ app_begin ] --END-- [ RunTime:0.000548s ]
NOTIC: [8] Undefined index: id D:\phpStudy\WWW\matouPCS\Application\Home\Controller\MtbuController.class.php 第 100 行.
SQL: SHOW COLUMNS FROM `foree_liuyan` [ RunTime:0.0072s ]
SQL: INSERT INTO `foree_liuyan` (`fid`,`content`,`time`) VALUES ('1','大耳朵绕','2017-01-25 18:52:26') [ RunTime:0.0003s ]
SQL: SHOW COLUMNS FROM `foree_liuyan` [ RunTime:0.0047s ]
SQL: SELECT * FROM foree_liuyan as f INNER JOIN user as u on f.uid = u.id  ORDER BY f.id desc LIMIT 0,3   [ RunTime:0.0045s ]

[ 2017-01-25T18:52:28+08:00 ] ::1 /matouPCS/?s=/Home/Mtbu/rzbddydt_liuyan
INFO: [ app_init ] --START--
INFO: Run Behavior\BuildLiteBehavior [ RunTime:0.000018s ]
INFO: [ app_init ] --END-- [ RunTime:0.000444s ]
INFO: [ app_begin ] --START--
INFO: Run Behavior\ReadHtmlCacheBehavior [ RunTime:0.000571s ]
INFO: [ app_begin ] --END-- [ RunTime:0.000626s ]
NOTIC: [8] Undefined index: id D:\phpStudy\WWW\matouPCS\Application\Home\Controller\MtbuController.class.php 第 100 行.
SQL: SHOW COLUMNS FROM `foree_liuyan` [ RunTime:0.0058s ]
SQL: INSERT INTO `foree_liuyan` (`fid`,`content`,`time`) VALUES ('1','大耳朵绕','2017-01-25 18:52:27') [ RunTime:0.0004s ]
SQL: SHOW COLUMNS FROM `foree_liuyan` [ RunTime:0.0048s ]
SQL: SELECT * FROM foree_liuyan as f INNER JOIN user as u on f.uid = u.id  ORDER BY f.id desc LIMIT 0,3   [ RunTime:0.0044s ]

[ 2017-01-25T18:52:29+08:00 ] ::1 /matouPCS/?s=/Home/Mtbu/rzbddydt_liuyan
INFO: [ app_init ] --START--
INFO: Run Behavior\BuildLiteBehavior [ RunTime:0.000012s ]
INFO: [ app_init ] --END-- [ RunTime:0.000321s ]
INFO: [ app_begin ] --START--
INFO: Run Behavior\ReadHtmlCacheBehavior [ RunTime:0.000538s ]
INFO: [ app_begin ] --END-- [ RunTime:0.000574s ]
NOTIC: [8] Undefined index: id D:\phpStudy\WWW\matouPCS\Application\Home\Controller\MtbuController.class.php 第 100 行.
SQL: SHOW COLUMNS FROM `foree_liuyan` [ RunTime:0.0315s ]
SQL: INSERT INTO `foree_liuyan` (`fid`,`content`,`time`) VALUES ('1','大耳朵绕','2017-01-25 18:52:28') [ RunTime:0.0006s ]
SQL: SHOW COLUMNS FROM `foree_liuyan` [ RunTime:0.0096s ]
SQL: SELECT * FROM foree_liuyan as f INNER JOIN user as u on f.uid = u.id  ORDER BY f.id desc LIMIT 0,3   [ RunTime:0.0098s ]

[ 2017-01-25T18:52:30+08:00 ] ::1 /matouPCS/?s=/Home/Mtbu/rzbddydt_liuyan
INFO: [ app_init ] --START--
INFO: Run Behavior\BuildLiteBehavior [ RunTime:0.000011s ]
INFO: [ app_init ] --END-- [ RunTime:0.000322s ]
INFO: [ app_begin ] --START--
INFO: Run Behavior\ReadHtmlCacheBehavior [ RunTime:0.000537s ]
INFO: [ app_begin ] --END-- [ RunTime:0.000573s ]
NOTIC: [8] Undefined index: id D:\phpStudy\WWW\matouPCS\Application\Home\Controller\MtbuController.class.php 第 100 行.
SQL: SHOW COLUMNS FROM `foree_liuyan` [ RunTime:0.0105s ]
SQL: INSERT INTO `foree_liuyan` (`fid`,`content`,`time`) VALUES ('1','大耳朵绕','2017-01-25 18:52:29') [ RunTime:0.0007s ]
SQL: SHOW COLUMNS FROM `foree_liuyan` [ RunTime:0.0110s ]
SQL: SELECT * FROM foree_liuyan as f INNER JOIN user as u on f.uid = u.id  ORDER BY f.id desc LIMIT 0,3   [ RunTime:0.0111s ]

[ 2017-01-25T18:52:31+08:00 ] ::1 /matouPCS/?s=/Home/Mtbu/rzbddydt_liuyan
INFO: [ app_init ] --START--
INFO: Run Behavior\BuildLiteBehavior [ RunTime:0.000021s ]
INFO: [ app_init ] --END-- [ RunTime:0.000603s ]
INFO: [ app_begin ] --START--
INFO: Run Behavior\ReadHtmlCacheBehavior [ RunTime:0.000914s ]
INFO: [ app_begin ] --END-- [ RunTime:0.000985s ]
NOTIC: [8] Undefined index: id D:\phpStudy\WWW\matouPCS\Application\Home\Controller\MtbuController.class.php 第 100 行.
SQL: SHOW COLUMNS FROM `foree_liuyan` [ RunTime:0.0064s ]
SQL: INSERT INTO `foree_liuyan` (`fid`,`content`,`time`) VALUES ('1','大耳朵绕','2017-01-25 18:52:30') [ RunTime:0.0004s ]
SQL: SHOW COLUMNS FROM `foree_liuyan` [ RunTime:0.0063s ]
SQL: SELECT * FROM foree_liuyan as f INNER JOIN user as u on f.uid = u.id  ORDER BY f.id desc LIMIT 0,3   [ RunTime:0.0065s ]

[ 2017-01-25T18:52:32+08:00 ] ::1 /matouPCS/?s=/Home/Mtbu/rzbddydt_liuyan
INFO: [ app_init ] --START--
INFO: Run Behavior\BuildLiteBehavior [ RunTime:0.000012s ]
INFO: [ app_init ] --END-- [ RunTime:0.000304s ]
INFO: [ app_begin ] --START--
INFO: Run Behavior\ReadHtmlCacheBehavior [ RunTime:0.000417s ]
INFO: [ app_begin ] --END-- [ RunTime:0.000452s ]
NOTIC: [8] Undefined index: id D:\phpStudy\WWW\matouPCS\Application\Home\Controller\MtbuController.class.php 第 100 行.
SQL: SHOW COLUMNS FROM `foree_liuyan` [ RunTime:0.0090s ]
SQL: INSERT INTO `foree_liuyan` (`fid`,`content`,`time`) VALUES ('1','大耳朵绕','2017-01-25 18:52:31') [ RunTime:0.0006s ]
SQL: SHOW COLUMNS FROM `foree_liuyan` [ RunTime:0.0095s ]
SQL: SELECT * FROM foree_liuyan as f INNER JOIN user as u on f.uid = u.id  ORDER BY f.id desc LIMIT 0,3   [ RunTime:0.0060s ]

[ 2017-01-25T18:52:33+08:00 ] ::1 /matouPCS/?s=/Home/Mtbu/rzbddydt_liuyan
INFO: [ app_init ] --START--
INFO: Run Behavior\BuildLiteBehavior [ RunTime:0.000014s ]
INFO: [ app_init ] --END-- [ RunTime:0.000449s ]
INFO: [ app_begin ] --START--
INFO: Run Behavior\ReadHtmlCacheBehavior [ RunTime:0.000476s ]
INFO: [ app_begin ] --END-- [ RunTime:0.000517s ]
NOTIC: [8] Undefined index: id D:\phpStudy\WWW\matouPCS\Application\Home\Controller\MtbuController.class.php 第 100 行.
SQL: SHOW COLUMNS FROM `foree_liuyan` [ RunTime:0.0032s ]
SQL: INSERT INTO `foree_liuyan` (`fid`,`content`,`time`) VALUES ('1','大耳朵绕','2017-01-25 18:52:32') [ RunTime:0.0002s ]
SQL: SHOW COLUMNS FROM `foree_liuyan` [ RunTime:0.0030s ]
SQL: SELECT * FROM foree_liuyan as f INNER JOIN user as u on f.uid = u.id  ORDER BY f.id desc LIMIT 0,3   [ RunTime:0.0038s ]

[ 2017-01-25T18:52:35+08:00 ] ::1 /matouPCS/?s=/Home/Mtbu/rzbddydt_liuyan
INFO: [ app_init ] --START--
INFO: Run Behavior\BuildLiteBehavior [ RunTime:0.000015s ]
INFO: [ app_init ] --END-- [ RunTime:0.000449s ]
INFO: [ app_begin ] --START--
INFO: Run Behavior\ReadHtmlCacheBehavior [ RunTime:0.000471s ]
INFO: [ app_begin ] --END-- [ RunTime:0.000512s ]
NOTIC: [8] Undefined index: id D:\phpStudy\WWW\matouPCS\Application\Home\Controller\MtbuController.class.php 第 100 行.
SQL: SHOW COLUMNS FROM `foree_liuyan` [ RunTime:0.0109s ]
SQL: INSERT INTO `foree_liuyan` (`fid`,`content`,`time`) VALUES ('1','大耳朵绕','2017-01-25 18:52:33') [ RunTime:0.0006s ]
SQL: SHOW COLUMNS FROM `foree_liuyan` [ RunTime:0.0099s ]
SQL: SELECT * FROM foree_liuyan as f INNER JOIN user as u on f.uid = u.id  ORDER BY f.id desc LIMIT 0,3   [ RunTime:0.0071s ]

[ 2017-01-25T18:52:36+08:00 ] ::1 /matouPCS/?s=/Home/Index
INFO: [ app_init ] --START--
INFO: Run Behavior\BuildLiteBehavior [ RunTime:0.000013s ]
INFO: [ app_init ] --END-- [ RunTime:0.000323s ]
INFO: [ app_begin ] --START--
INFO: Run Behavior\ReadHtmlCacheBehavior [ RunTime:0.000579s ]
INFO: [ app_begin ] --END-- [ RunTime:0.000629s ]
SQL: SHOW COLUMNS FROM `reward2` [ RunTime:0.0243s ]
SQL: SELECT * FROM reward2 as  r INNER JOIN reward1 as e on r.pid = e.psid  INNER JOIN  user as u on e.uid = u.id  ORDER BY e.psid desc LIMIT 0,21   [ RunTime:0.0071s ]
SQL: SHOW COLUMNS FROM `forcee` [ RunTime:0.0060s ]
SQL: SELECT * FROM `forcee` WHERE ( status = 2 ) ORDER BY collect desc LIMIT 0,4   [ RunTime:0.0005s ]
SQL: SHOW COLUMNS FROM `shop` [ RunTime:0.0064s ]
SQL: SELECT * FROM `shop` ORDER BY collect desc LIMIT 0,4   [ RunTime:0.0005s ]
SQL: SHOW COLUMNS FROM `flea` [ RunTime:0.0065s ]
SQL: SELECT * FROM flea as f INNER JOIN fleaimage as e on f.fid = e.pid INNER JOIN user as u on f.uid = u.id  LIMIT 0,5   [ RunTime:0.0006s ]
INFO: [ view_parse ] --START--
INFO: [ template_filter ] --START--
INFO: Run Behavior\ContentReplaceBehavior [ RunTime:0.000250s ]
INFO: [ template_filter ] --END-- [ RunTime:0.000298s ]
NOTIC: [8] Undefined index: username D:\phpStudy\WWW\matouPCS\Application\Runtime\Cache\Home\2a94b8bda04ff446dcedd42276fc99ee.php 第 101 行.
NOTIC: [8] Undefined index: id D:\phpStudy\WWW\matouPCS\Application\Runtime\Cache\Home\2a94b8bda04ff446dcedd42276fc99ee.php 第 895 行.
NOTIC: [8] Undefined index: id D:\phpStudy\WWW\matouPCS\Application\Runtime\Cache\Home\2a94b8bda04ff446dcedd42276fc99ee.php 第 895 行.
INFO: Run Behavior\ParseTemplateBehavior [ RunTime:0.019701s ]
INFO: [ view_parse ] --END-- [ RunTime:0.019745s ]
INFO: [ view_filter ] --START--
INFO: Run Behavior\WriteHtmlCacheBehavior [ RunTime:0.000267s ]
INFO: [ view_filter ] --END-- [ RunTime:0.000296s ]
INFO: [ app_end ] --START--
INFO: Run Behavior\ShowPageTraceBehavior [ RunTime:0.000839s ]
INFO: [ app_end ] --END-- [ RunTime:0.000889s ]

[ 2017-01-25T18:52:43+08:00 ] ::1 /matouPCS/?s=/Home/Tzsc/xqxz/id/4
INFO: [ app_init ] --START--
INFO: Run Behavior\BuildLiteBehavior [ RunTime:0.000011s ]
INFO: [ app_init ] --END-- [ RunTime:0.000272s ]
INFO: [ app_begin ] --START--
INFO: Run Behavior\ReadHtmlCacheBehavior [ RunTime:0.000407s ]
INFO: [ app_begin ] --END-- [ RunTime:0.000445s ]
SQL: SHOW COLUMNS FROM `flea` [ RunTime:0.0115s ]
SQL: SELECT * FROM flea as f INNER JOIN fleaimage as m on f.fid = m.pid INNER JOIN user as u on f.uid = u.id  WHERE ( f.fid = 4 ) LIMIT 1   [ RunTime:0.0011s ]
SQL: SHOW COLUMNS FROM `user` [ RunTime:0.0109s ]
SQL: SELECT * FROM user as u INNER JOIN liuyan as l on u.id = l.uid INNER JOIN flea as f on l.xsid = f.fid  WHERE ( l.xzst = 1 and l.xsid = 4 ) ORDER BY l.lid desc  [ RunTime:0.0631s ]
INFO: [ view_parse ] --START--
INFO: [ template_filter ] --START--
INFO: Run Behavior\ContentReplaceBehavior [ RunTime:0.000306s ]
INFO: [ template_filter ] --END-- [ RunTime:0.000447s ]
INFO: Run Behavior\ParseTemplateBehavior [ RunTime:0.050060s ]
INFO: [ view_parse ] --END-- [ RunTime:0.050255s ]
INFO: [ view_filter ] --START--
INFO: Run Behavior\WriteHtmlCacheBehavior [ RunTime:0.000623s ]
INFO: [ view_filter ] --END-- [ RunTime:0.000732s ]
INFO: [ app_end ] --START--
INFO: Run Behavior\ShowPageTraceBehavior [ RunTime:0.003046s ]
INFO: [ app_end ] --END-- [ RunTime:0.003262s ]

[ 2017-01-25T18:52:48+08:00 ] ::1 /matouPCS/?s=/Home/User/liuyan
INFO: [ app_init ] --START--
INFO: Run Behavior\BuildLiteBehavior [ RunTime:0.000011s ]
INFO: [ app_init ] --END-- [ RunTime:0.000272s ]
INFO: [ app_begin ] --START--
INFO: Run Behavior\ReadHtmlCacheBehavior [ RunTime:0.000403s ]
INFO: [ app_begin ] --END-- [ RunTime:0.000450s ]
NOTIC: [8] Undefined index: id D:\phpStudy\WWW\matouPCS\Application\Home\Controller\UserController.class.php 第 43 行.
SQL: SHOW COLUMNS FROM `liuyan` [ RunTime:0.0099s ]
SQL: INSERT INTO `liuyan` (`xsid`,`contents`,`ltime`,`xzst`) VALUES ('4','12312','2017-01-25 18:52:47','1') [ RunTime:0.0009s ]
SQL: SHOW COLUMNS FROM `user` [ RunTime:0.0096s ]
SQL: SELECT * FROM user as u INNER JOIN liuyan as l on u.id = l.uid  WHERE ( l.xzst = 1 ) ORDER BY l.lid desc  [ RunTime:0.0109s ]

[ 2017-01-25T18:52:57+08:00 ] ::1 /matouPCS/?s=/Home/User/liuyan
INFO: [ app_init ] --START--
INFO: Run Behavior\BuildLiteBehavior [ RunTime:0.000011s ]
INFO: [ app_init ] --END-- [ RunTime:0.000278s ]
INFO: [ app_begin ] --START--
INFO: Run Behavior\ReadHtmlCacheBehavior [ RunTime:0.000449s ]
INFO: [ app_begin ] --END-- [ RunTime:0.000496s ]
NOTIC: [8] Undefined index: id D:\phpStudy\WWW\matouPCS\Application\Home\Controller\UserController.class.php 第 43 行.
SQL: SHOW COLUMNS FROM `liuyan` [ RunTime:0.0044s ]
SQL: INSERT INTO `liuyan` (`xsid`,`contents`,`ltime`,`xzst`) VALUES ('4','爱啥啥错v','2017-01-25 18:52:56','1') [ RunTime:0.0007s ]
SQL: SHOW COLUMNS FROM `user` [ RunTime:0.0101s ]
SQL: SELECT * FROM user as u INNER JOIN liuyan as l on u.id = l.uid  WHERE ( l.xzst = 1 ) ORDER BY l.lid desc  [ RunTime:0.0100s ]

[ 2017-01-25T18:53:01+08:00 ] ::1 /matouPCS/?s=/Home/Tzsc/xqxz/id/4
INFO: [ app_init ] --START--
INFO: Run Behavior\BuildLiteBehavior [ RunTime:0.000020s ]
INFO: [ app_init ] --END-- [ RunTime:0.000677s ]
INFO: [ app_begin ] --START--
INFO: Run Behavior\ReadHtmlCacheBehavior [ RunTime:0.000717s ]
INFO: [ app_begin ] --END-- [ RunTime:0.000787s ]
SQL: SHOW COLUMNS FROM `flea` [ RunTime:0.0041s ]
SQL: SELECT * FROM flea as f INNER JOIN fleaimage as m on f.fid = m.pid INNER JOIN user as u on f.uid = u.id  WHERE ( f.fid = 4 ) LIMIT 1   [ RunTime:0.0004s ]
SQL: SHOW COLUMNS FROM `user` [ RunTime:0.0034s ]
SQL: SELECT * FROM user as u INNER JOIN liuyan as l on u.id = l.uid INNER JOIN flea as f on l.xsid = f.fid  WHERE ( l.xzst = 1 and l.xsid = 4 ) ORDER BY l.lid desc  [ RunTime:0.0035s ]
INFO: [ view_parse ] --START--
INFO: [ template_filter ] --START--
INFO: Run Behavior\ContentReplaceBehavior [ RunTime:0.000083s ]
INFO: [ template_filter ] --END-- [ RunTime:0.000117s ]
INFO: Run Behavior\ParseTemplateBehavior [ RunTime:0.008733s ]
INFO: [ view_parse ] --END-- [ RunTime:0.008789s ]
INFO: [ view_filter ] --START--
INFO: Run Behavior\WriteHtmlCacheBehavior [ RunTime:0.000175s ]
INFO: [ view_filter ] --END-- [ RunTime:0.000205s ]
INFO: [ app_end ] --START--
INFO: Run Behavior\ShowPageTraceBehavior [ RunTime:0.000657s ]
INFO: [ app_end ] --END-- [ RunTime:0.000710s ]

[ 2017-01-25T18:53:11+08:00 ] ::1 /matouPCS/?s=/Home/User/liuyan
INFO: [ app_init ] --START--
INFO: Run Behavior\BuildLiteBehavior [ RunTime:0.000012s ]
INFO: [ app_init ] --END-- [ RunTime:0.000335s ]
INFO: [ app_begin ] --START--
INFO: Run Behavior\ReadHtmlCacheBehavior [ RunTime:0.000498s ]
INFO: [ app_begin ] --END-- [ RunTime:0.000534s ]
NOTIC: [8] Undefined index: id D:\phpStudy\WWW\matouPCS\Application\Home\Controller\UserController.class.php 第 43 行.
SQL: SHOW COLUMNS FROM `liuyan` [ RunTime:0.0104s ]
SQL: INSERT INTO `liuyan` (`xsid`,`contents`,`ltime`,`xzst`) VALUES ('4','123123123123','2017-01-25 18:53:10','1') [ RunTime:0.0006s ]
SQL: SHOW COLUMNS FROM `user` [ RunTime:0.0098s ]
SQL: SELECT * FROM user as u INNER JOIN liuyan as l on u.id = l.uid  WHERE ( l.xzst = 1 ) ORDER BY l.lid desc  [ RunTime:0.0095s ]

[ 2017-01-25T18:53:18+08:00 ] ::1 /matouPCS/?s=/Home/User/liuyan
INFO: [ app_init ] --START--
INFO: Run Behavior\BuildLiteBehavior [ RunTime:0.000011s ]
INFO: [ app_init ] --END-- [ RunTime:0.000276s ]
INFO: [ app_begin ] --START--
INFO: Run Behavior\ReadHtmlCacheBehavior [ RunTime:0.000413s ]
INFO: [ app_begin ] --END-- [ RunTime:0.000459s ]
NOTIC: [8] Undefined index: id D:\phpStudy\WWW\matouPCS\Application\Home\Controller\UserController.class.php 第 43 行.
SQL: SHOW COLUMNS FROM `liuyan` [ RunTime:0.0101s ]
SQL: INSERT INTO `liuyan` (`xsid`,`contents`,`ltime`,`xzst`) VALUES ('4','99999999999','2017-01-25 18:53:16','1') [ RunTime:0.0006s ]
SQL: SHOW COLUMNS FROM `user` [ RunTime:0.0099s ]
SQL: SELECT * FROM user as u INNER JOIN liuyan as l on u.id = l.uid  WHERE ( l.xzst = 1 ) ORDER BY l.lid desc  [ RunTime:0.0054s ]

[ 2017-01-25T18:53:38+08:00 ] ::1 /matouPCS/
INFO: [ app_init ] --START--
INFO: Run Behavior\BuildLiteBehavior [ RunTime:0.000011s ]
INFO: [ app_init ] --END-- [ RunTime:0.000273s ]
INFO: [ app_begin ] --START--
INFO: Run Behavior\ReadHtmlCacheBehavior [ RunTime:0.000419s ]
INFO: [ app_begin ] --END-- [ RunTime:0.000468s ]
SQL: SHOW COLUMNS FROM `reward2` [ RunTime:0.0104s ]
SQL: SELECT * FROM reward2 as  r INNER JOIN reward1 as e on r.pid = e.psid  INNER JOIN  user as u on e.uid = u.id  ORDER BY e.psid desc LIMIT 0,21   [ RunTime:0.0110s ]
SQL: SHOW COLUMNS FROM `forcee` [ RunTime:0.0071s ]
SQL: SELECT * FROM `forcee` WHERE ( status = 2 ) ORDER BY collect desc LIMIT 0,4   [ RunTime:0.0006s ]
SQL: SHOW COLUMNS FROM `shop` [ RunTime:0.0061s ]
SQL: SELECT * FROM `shop` ORDER BY collect desc LIMIT 0,4   [ RunTime:0.0003s ]
SQL: SHOW COLUMNS FROM `flea` [ RunTime:0.0040s ]
SQL: SELECT * FROM flea as f INNER JOIN fleaimage as e on f.fid = e.pid INNER JOIN user as u on f.uid = u.id  LIMIT 0,5   [ RunTime:0.0004s ]
INFO: [ view_parse ] --START--
INFO: [ template_filter ] --START--
INFO: Run Behavior\ContentReplaceBehavior [ RunTime:0.000204s ]
INFO: [ template_filter ] --END-- [ RunTime:0.000252s ]
NOTIC: [8] Undefined index: username D:\phpStudy\WWW\matouPCS\Application\Runtime\Cache\Home\2a94b8bda04ff446dcedd42276fc99ee.php 第 101 行.
NOTIC: [8] Undefined index: id D:\phpStudy\WWW\matouPCS\Application\Runtime\Cache\Home\2a94b8bda04ff446dcedd42276fc99ee.php 第 895 行.
NOTIC: [8] Undefined index: id D:\phpStudy\WWW\matouPCS\Application\Runtime\Cache\Home\2a94b8bda04ff446dcedd42276fc99ee.php 第 895 行.
INFO: Run Behavior\ParseTemplateBehavior [ RunTime:0.034182s ]
INFO: [ view_parse ] --END-- [ RunTime:0.034255s ]
INFO: [ view_filter ] --START--
INFO: Run Behavior\WriteHtmlCacheBehavior [ RunTime:0.000456s ]
INFO: [ view_filter ] --END-- [ RunTime:0.000500s ]
INFO: [ app_end ] --START--
INFO: Run Behavior\ShowPageTraceBehavior [ RunTime:0.000556s ]
INFO: [ app_end ] --END-- [ RunTime:0.000596s ]

