[ 2017-03-21T18:58:25+08:00 ] 127.0.0.1 /matouPCS/index.php/Home/Mtbu/dnjzdt.html
INFO: [ app_init ] --START--
INFO: Run Behavior\BuildLiteBehavior [ RunTime:0.000013s ]
INFO: [ app_init ] --END-- [ RunTime:0.000394s ]
INFO: [ app_begin ] --START--
INFO: Run Behavior\ReadHtmlCacheBehavior [ RunTime:0.000750s ]
INFO: [ app_begin ] --END-- [ RunTime:0.000818s ]
SQL: SHOW COLUMNS FROM `dongtai` [ RunTime:0.0044s ]
SQL: SELECT COUNT(*) AS tp_count FROM `dongtai` LIMIT 1   [ RunTime:0.0003s ]
SQL: SHOW COLUMNS FROM `dongtai` [ RunTime:0.0037s ]
SQL: SELECT * FROM dongtai as d INNER JOIN user as u on d.uid = u.id  WHERE ( d.uid=23 ) ORDER BY d.did desc LIMIT 1,1   [ RunTime:0.0005s ]
SQL: SHOW COLUMNS FROM `dongimage` [ RunTime:0.0037s ]
SQL: SELECT * FROM dongimage as g INNER JOIN dongtai as d on d.did = g.pid  WHERE ( d.uid=23 ) ORDER BY g.iid desc  [ RunTime:0.0008s ]

[ 2017-03-21T18:58:50+08:00 ] 127.0.0.1 /matouPCS/index.php/Home/Mtbu/dnjzdt.html
INFO: [ app_init ] --START--
INFO: Run Behavior\BuildLiteBehavior [ RunTime:0.000015s ]
INFO: [ app_init ] --END-- [ RunTime:0.000496s ]
INFO: [ app_begin ] --START--
INFO: Run Behavior\ReadHtmlCacheBehavior [ RunTime:0.000585s ]
INFO: [ app_begin ] --END-- [ RunTime:0.000639s ]
SQL: SHOW COLUMNS FROM `dongtai` [ RunTime:0.0090s ]
SQL: SELECT COUNT(*) AS tp_count FROM `dongtai` LIMIT 1   [ RunTime:0.0003s ]
SQL: SHOW COLUMNS FROM `dongtai` [ RunTime:0.0053s ]
SQL: SELECT * FROM dongtai as d INNER JOIN user as u on d.uid = u.id  WHERE ( d.uid=23 ) ORDER BY d.did desc LIMIT 2,1   [ RunTime:0.0025s ]
SQL: SHOW COLUMNS FROM `dongimage` [ RunTime:0.0077s ]
SQL: SELECT * FROM dongimage as g INNER JOIN dongtai as d on d.did = g.pid  WHERE ( d.uid=23 ) ORDER BY g.iid desc  [ RunTime:0.0006s ]

[ 2017-03-21T18:59:44+08:00 ] 127.0.0.1 /matouPCS/?s=/Home/Mtbu/grbddydt/id/23
INFO: [ app_init ] --START--
INFO: Run Behavior\BuildLiteBehavior [ RunTime:0.000019s ]
INFO: [ app_init ] --END-- [ RunTime:0.000584s ]
INFO: [ app_begin ] --START--
INFO: Run Behavior\ReadHtmlCacheBehavior [ RunTime:0.000688s ]
INFO: [ app_begin ] --END-- [ RunTime:0.000769s ]
SQL: SHOW COLUMNS FROM `liuyan` [ RunTime:0.0052s ]
SQL: SELECT * FROM liuyan as s INNER JOIN user as u on s.uid = u.id  WHERE ( s.xsid = 23 ) ORDER BY lid desc LIMIT 0,3   [ RunTime:0.0052s ]
SQL: SHOW COLUMNS FROM `user` [ RunTime:0.0086s ]
SQL: SELECT * FROM `user` WHERE ( id = 23 ) LIMIT 1   [ RunTime:0.0004s ]
SQL: SHOW COLUMNS FROM `dongtai` [ RunTime:0.0049s ]
SQL: SELECT * FROM dongtai as d INNER JOIN user as u on d.uid = u.id INNER JOIN dongimage as i on d.did = i.pid  WHERE ( d.uid = 23 ) ORDER BY d.did desc LIMIT 1   [ RunTime:0.0068s ]
SQL: SHOW COLUMNS FROM `dongimage` [ RunTime:0.0075s ]
SQL: SELECT * FROM dongimage as g INNER JOIN dongtai as d on d.did = g.pid  WHERE ( d.uid=23 ) ORDER BY g.iid desc  [ RunTime:0.0007s ]
SQL: SHOW COLUMNS FROM `user_fen` [ RunTime:0.0051s ]
SQL: SELECT * FROM `user_fen` WHERE ( uid = 13 and fid = 23 ) LIMIT 1   [ RunTime:0.0013s ]
SQL: SELECT * FROM `user_fen`  [ RunTime:0.0006s ]
INFO: [ view_parse ] --START--
INFO: [ template_filter ] --START--
INFO: Run Behavior\ContentReplaceBehavior [ RunTime:0.000359s ]
INFO: [ template_filter ] --END-- [ RunTime:0.000429s ]
NOTIC: [8] Undefined variable: sp D:\www\matouPCS\Application\Runtime\Cache\Home\d025457353339eacb3ee88f49261d3a7.php 第 182 行.
NOTIC: [8] Undefined variable: sp D:\www\matouPCS\Application\Runtime\Cache\Home\d025457353339eacb3ee88f49261d3a7.php 第 184 行.
NOTIC: [8] Undefined variable: sp D:\www\matouPCS\Application\Runtime\Cache\Home\d025457353339eacb3ee88f49261d3a7.php 第 192 行.
NOTIC: [8] Undefined variable: sp D:\www\matouPCS\Application\Runtime\Cache\Home\d025457353339eacb3ee88f49261d3a7.php 第 194 行.
NOTIC: [8] Use of undefined constant imagename - assumed 'imagename' D:\www\matouPCS\Application\Runtime\Cache\Home\d025457353339eacb3ee88f49261d3a7.php 第 469 行.
NOTIC: [8] Use of undefined constant username - assumed 'username' D:\www\matouPCS\Application\Runtime\Cache\Home\d025457353339eacb3ee88f49261d3a7.php 第 479 行.
NOTIC: [8] Use of undefined constant tel - assumed 'tel' D:\www\matouPCS\Application\Runtime\Cache\Home\d025457353339eacb3ee88f49261d3a7.php 第 479 行.
NOTIC: [8] Use of undefined constant username - assumed 'username' D:\www\matouPCS\Application\Runtime\Cache\Home\d025457353339eacb3ee88f49261d3a7.php 第 480 行.
NOTIC: [8] Use of undefined constant tel - assumed 'tel' D:\www\matouPCS\Application\Runtime\Cache\Home\d025457353339eacb3ee88f49261d3a7.php 第 480 行.
NOTIC: [8] Use of undefined constant bdlx - assumed 'bdlx' D:\www\matouPCS\Application\Runtime\Cache\Home\d025457353339eacb3ee88f49261d3a7.php 第 759 行.
NOTIC: [8] Use of undefined constant bdlx - assumed 'bdlx' D:\www\matouPCS\Application\Runtime\Cache\Home\d025457353339eacb3ee88f49261d3a7.php 第 760 行.
NOTIC: [8] Use of undefined constant imagename - assumed 'imagename' D:\www\matouPCS\Application\Runtime\Cache\Home\d025457353339eacb3ee88f49261d3a7.php 第 771 行.
NOTIC: [8] Use of undefined constant username - assumed 'username' D:\www\matouPCS\Application\Runtime\Cache\Home\d025457353339eacb3ee88f49261d3a7.php 第 783 行.
NOTIC: [8] Use of undefined constant tel - assumed 'tel' D:\www\matouPCS\Application\Runtime\Cache\Home\d025457353339eacb3ee88f49261d3a7.php 第 783 行.
NOTIC: [8] Use of undefined constant username - assumed 'username' D:\www\matouPCS\Application\Runtime\Cache\Home\d025457353339eacb3ee88f49261d3a7.php 第 784 行.
NOTIC: [8] Use of undefined constant tel - assumed 'tel' D:\www\matouPCS\Application\Runtime\Cache\Home\d025457353339eacb3ee88f49261d3a7.php 第 784 行.
NOTIC: [8] Use of undefined constant bdlx - assumed 'bdlx' D:\www\matouPCS\Application\Runtime\Cache\Home\d025457353339eacb3ee88f49261d3a7.php 第 759 行.
NOTIC: [8] Use of undefined constant bdlx - assumed 'bdlx' D:\www\matouPCS\Application\Runtime\Cache\Home\d025457353339eacb3ee88f49261d3a7.php 第 760 行.
NOTIC: [8] Use of undefined constant imagename - assumed 'imagename' D:\www\matouPCS\Application\Runtime\Cache\Home\d025457353339eacb3ee88f49261d3a7.php 第 771 行.
NOTIC: [8] Use of undefined constant username - assumed 'username' D:\www\matouPCS\Application\Runtime\Cache\Home\d025457353339eacb3ee88f49261d3a7.php 第 783 行.
NOTIC: [8] Use of undefined constant tel - assumed 'tel' D:\www\matouPCS\Application\Runtime\Cache\Home\d025457353339eacb3ee88f49261d3a7.php 第 783 行.
NOTIC: [8] Use of undefined constant username - assumed 'username' D:\www\matouPCS\Application\Runtime\Cache\Home\d025457353339eacb3ee88f49261d3a7.php 第 784 行.
NOTIC: [8] Use of undefined constant tel - assumed 'tel' D:\www\matouPCS\Application\Runtime\Cache\Home\d025457353339eacb3ee88f49261d3a7.php 第 784 行.
NOTIC: [8] Use of undefined constant bdlx - assumed 'bdlx' D:\www\matouPCS\Application\Runtime\Cache\Home\d025457353339eacb3ee88f49261d3a7.php 第 759 行.
NOTIC: [8] Use of undefined constant bdlx - assumed 'bdlx' D:\www\matouPCS\Application\Runtime\Cache\Home\d025457353339eacb3ee88f49261d3a7.php 第 760 行.
NOTIC: [8] Use of undefined constant imagename - assumed 'imagename' D:\www\matouPCS\Application\Runtime\Cache\Home\d025457353339eacb3ee88f49261d3a7.php 第 771 行.
NOTIC: [8] Use of undefined constant username - assumed 'username' D:\www\matouPCS\Application\Runtime\Cache\Home\d025457353339eacb3ee88f49261d3a7.php 第 783 行.
NOTIC: [8] Use of undefined constant tel - assumed 'tel' D:\www\matouPCS\Application\Runtime\Cache\Home\d025457353339eacb3ee88f49261d3a7.php 第 783 行.
NOTIC: [8] Use of undefined constant username - assumed 'username' D:\www\matouPCS\Application\Runtime\Cache\Home\d025457353339eacb3ee88f49261d3a7.php 第 784 行.
NOTIC: [8] Use of undefined constant tel - assumed 'tel' D:\www\matouPCS\Application\Runtime\Cache\Home\d025457353339eacb3ee88f49261d3a7.php 第 784 行.
NOTIC: [8] Use of undefined constant username - assumed 'username' D:\www\matouPCS\Application\Runtime\Cache\Home\d025457353339eacb3ee88f49261d3a7.php 第 865 行.
NOTIC: [8] Use of undefined constant tel - assumed 'tel' D:\www\matouPCS\Application\Runtime\Cache\Home\d025457353339eacb3ee88f49261d3a7.php 第 865 行.
NOTIC: [8] Use of undefined constant username - assumed 'username' D:\www\matouPCS\Application\Runtime\Cache\Home\d025457353339eacb3ee88f49261d3a7.php 第 866 行.
NOTIC: [8] Use of undefined constant tel - assumed 'tel' D:\www\matouPCS\Application\Runtime\Cache\Home\d025457353339eacb3ee88f49261d3a7.php 第 866 行.
NOTIC: [8] Use of undefined constant did - assumed 'did' D:\www\matouPCS\Application\Runtime\Cache\Home\d025457353339eacb3ee88f49261d3a7.php 第 873 行.
NOTIC: [8] Use of undefined constant pid - assumed 'pid' D:\www\matouPCS\Application\Runtime\Cache\Home\d025457353339eacb3ee88f49261d3a7.php 第 873 行.
NOTIC: [8] Use of undefined constant did - assumed 'did' D:\www\matouPCS\Application\Runtime\Cache\Home\d025457353339eacb3ee88f49261d3a7.php 第 873 行.
NOTIC: [8] Use of undefined constant pid - assumed 'pid' D:\www\matouPCS\Application\Runtime\Cache\Home\d025457353339eacb3ee88f49261d3a7.php 第 873 行.
NOTIC: [8] Use of undefined constant did - assumed 'did' D:\www\matouPCS\Application\Runtime\Cache\Home\d025457353339eacb3ee88f49261d3a7.php 第 873 行.
NOTIC: [8] Use of undefined constant pid - assumed 'pid' D:\www\matouPCS\Application\Runtime\Cache\Home\d025457353339eacb3ee88f49261d3a7.php 第 873 行.
NOTIC: [8] Use of undefined constant did - assumed 'did' D:\www\matouPCS\Application\Runtime\Cache\Home\d025457353339eacb3ee88f49261d3a7.php 第 873 行.
NOTIC: [8] Use of undefined constant pid - assumed 'pid' D:\www\matouPCS\Application\Runtime\Cache\Home\d025457353339eacb3ee88f49261d3a7.php 第 873 行.
NOTIC: [8] Use of undefined constant did - assumed 'did' D:\www\matouPCS\Application\Runtime\Cache\Home\d025457353339eacb3ee88f49261d3a7.php 第 873 行.
NOTIC: [8] Use of undefined constant pid - assumed 'pid' D:\www\matouPCS\Application\Runtime\Cache\Home\d025457353339eacb3ee88f49261d3a7.php 第 873 行.
NOTIC: [8] Use of undefined constant did - assumed 'did' D:\www\matouPCS\Application\Runtime\Cache\Home\d025457353339eacb3ee88f49261d3a7.php 第 873 行.
NOTIC: [8] Use of undefined constant pid - assumed 'pid' D:\www\matouPCS\Application\Runtime\Cache\Home\d025457353339eacb3ee88f49261d3a7.php 第 873 行.
NOTIC: [8] Use of undefined constant did - assumed 'did' D:\www\matouPCS\Application\Runtime\Cache\Home\d025457353339eacb3ee88f49261d3a7.php 第 873 行.
NOTIC: [8] Use of undefined constant pid - assumed 'pid' D:\www\matouPCS\Application\Runtime\Cache\Home\d025457353339eacb3ee88f49261d3a7.php 第 873 行.
NOTIC: [8] Use of undefined constant did - assumed 'did' D:\www\matouPCS\Application\Runtime\Cache\Home\d025457353339eacb3ee88f49261d3a7.php 第 873 行.
NOTIC: [8] Use of undefined constant pid - assumed 'pid' D:\www\matouPCS\Application\Runtime\Cache\Home\d025457353339eacb3ee88f49261d3a7.php 第 873 行.
NOTIC: [8] Use of undefined constant did - assumed 'did' D:\www\matouPCS\Application\Runtime\Cache\Home\d025457353339eacb3ee88f49261d3a7.php 第 873 行.
NOTIC: [8] Use of undefined constant pid - assumed 'pid' D:\www\matouPCS\Application\Runtime\Cache\Home\d025457353339eacb3ee88f49261d3a7.php 第 873 行.
NOTIC: [8] Use of undefined constant did - assumed 'did' D:\www\matouPCS\Application\Runtime\Cache\Home\d025457353339eacb3ee88f49261d3a7.php 第 873 行.
NOTIC: [8] Use of undefined constant pid - assumed 'pid' D:\www\matouPCS\Application\Runtime\Cache\Home\d025457353339eacb3ee88f49261d3a7.php 第 873 行.
INFO: Run Behavior\ParseTemplateBehavior [ RunTime:0.035907s ]
INFO: [ view_parse ] --END-- [ RunTime:0.036030s ]
INFO: [ view_filter ] --START--
INFO: Run Behavior\WriteHtmlCacheBehavior [ RunTime:0.000908s ]
INFO: [ view_filter ] --END-- [ RunTime:0.000960s ]
INFO: [ app_end ] --START--
INFO: Run Behavior\ShowPageTraceBehavior [ RunTime:0.000859s ]
INFO: [ app_end ] --END-- [ RunTime:0.000957s ]

[ 2017-03-21T18:59:51+08:00 ] 127.0.0.1 /matouPCS/?s=/Home/Mtbu/grbddndt/id/23
INFO: [ app_init ] --START--
INFO: Run Behavior\BuildLiteBehavior [ RunTime:0.000022s ]
INFO: [ app_init ] --END-- [ RunTime:0.000725s ]
INFO: [ app_begin ] --START--
INFO: Run Behavior\ReadHtmlCacheBehavior [ RunTime:0.000647s ]
INFO: [ app_begin ] --END-- [ RunTime:0.000722s ]
SQL: SHOW COLUMNS FROM `liuyan` [ RunTime:0.0052s ]
SQL: SELECT * FROM liuyan as s INNER JOIN user as u on s.uid = u.id  WHERE ( s.xsid = 23 ) ORDER BY lid desc LIMIT 0,3   [ RunTime:0.0048s ]
SQL: SHOW COLUMNS FROM `user` [ RunTime:0.0046s ]
SQL: SELECT * FROM `user` WHERE ( id = 23 ) LIMIT 1   [ RunTime:0.0011s ]
SQL: SHOW COLUMNS FROM `dongtai` [ RunTime:0.0059s ]
SQL: SELECT * FROM dongtai as d INNER JOIN user as u on d.uid = u.id INNER JOIN dongimage as i on d.did = i.pid  WHERE ( d.uid = 23 ) ORDER BY d.did desc LIMIT 1   [ RunTime:0.0057s ]
SQL: SHOW COLUMNS FROM `dongimage` [ RunTime:0.0076s ]
SQL: SELECT * FROM dongimage as g INNER JOIN dongtai as d on d.did = g.pid  WHERE ( d.uid=23 ) ORDER BY g.iid desc  [ RunTime:0.0006s ]
INFO: [ view_parse ] --START--
INFO: [ template_filter ] --START--
INFO: Run Behavior\ContentReplaceBehavior [ RunTime:0.000270s ]
INFO: [ template_filter ] --END-- [ RunTime:0.000333s ]
NOTIC: [8] Undefined variable: sp D:\www\matouPCS\Application\Runtime\Cache\Home\341c2184fedd4dd4f69537e6f1c2ad81.php 第 182 行.
NOTIC: [8] Undefined variable: sp D:\www\matouPCS\Application\Runtime\Cache\Home\341c2184fedd4dd4f69537e6f1c2ad81.php 第 184 行.
NOTIC: [8] Undefined variable: sp D:\www\matouPCS\Application\Runtime\Cache\Home\341c2184fedd4dd4f69537e6f1c2ad81.php 第 192 行.
NOTIC: [8] Undefined variable: sp D:\www\matouPCS\Application\Runtime\Cache\Home\341c2184fedd4dd4f69537e6f1c2ad81.php 第 194 行.
NOTIC: [8] Use of undefined constant username - assumed 'username' D:\www\matouPCS\Application\Runtime\Cache\Home\341c2184fedd4dd4f69537e6f1c2ad81.php 第 483 行.
NOTIC: [8] Use of undefined constant tel - assumed 'tel' D:\www\matouPCS\Application\Runtime\Cache\Home\341c2184fedd4dd4f69537e6f1c2ad81.php 第 483 行.
NOTIC: [8] Use of undefined constant username - assumed 'username' D:\www\matouPCS\Application\Runtime\Cache\Home\341c2184fedd4dd4f69537e6f1c2ad81.php 第 484 行.
NOTIC: [8] Use of undefined constant tel - assumed 'tel' D:\www\matouPCS\Application\Runtime\Cache\Home\341c2184fedd4dd4f69537e6f1c2ad81.php 第 484 行.
NOTIC: [8] Use of undefined constant bdlx - assumed 'bdlx' D:\www\matouPCS\Application\Runtime\Cache\Home\341c2184fedd4dd4f69537e6f1c2ad81.php 第 713 行.
NOTIC: [8] Use of undefined constant bdlx - assumed 'bdlx' D:\www\matouPCS\Application\Runtime\Cache\Home\341c2184fedd4dd4f69537e6f1c2ad81.php 第 714 行.
NOTIC: [8] Use of undefined constant imagename - assumed 'imagename' D:\www\matouPCS\Application\Runtime\Cache\Home\341c2184fedd4dd4f69537e6f1c2ad81.php 第 725 行.
NOTIC: [8] Use of undefined constant username - assumed 'username' D:\www\matouPCS\Application\Runtime\Cache\Home\341c2184fedd4dd4f69537e6f1c2ad81.php 第 737 行.
NOTIC: [8] Use of undefined constant tel - assumed 'tel' D:\www\matouPCS\Application\Runtime\Cache\Home\341c2184fedd4dd4f69537e6f1c2ad81.php 第 737 行.
NOTIC: [8] Use of undefined constant username - assumed 'username' D:\www\matouPCS\Application\Runtime\Cache\Home\341c2184fedd4dd4f69537e6f1c2ad81.php 第 738 行.
NOTIC: [8] Use of undefined constant tel - assumed 'tel' D:\www\matouPCS\Application\Runtime\Cache\Home\341c2184fedd4dd4f69537e6f1c2ad81.php 第 738 行.
NOTIC: [8] Use of undefined constant bdlx - assumed 'bdlx' D:\www\matouPCS\Application\Runtime\Cache\Home\341c2184fedd4dd4f69537e6f1c2ad81.php 第 713 行.
NOTIC: [8] Use of undefined constant bdlx - assumed 'bdlx' D:\www\matouPCS\Application\Runtime\Cache\Home\341c2184fedd4dd4f69537e6f1c2ad81.php 第 714 行.
NOTIC: [8] Use of undefined constant imagename - assumed 'imagename' D:\www\matouPCS\Application\Runtime\Cache\Home\341c2184fedd4dd4f69537e6f1c2ad81.php 第 725 行.
NOTIC: [8] Use of undefined constant username - assumed 'username' D:\www\matouPCS\Application\Runtime\Cache\Home\341c2184fedd4dd4f69537e6f1c2ad81.php 第 737 行.
NOTIC: [8] Use of undefined constant tel - assumed 'tel' D:\www\matouPCS\Application\Runtime\Cache\Home\341c2184fedd4dd4f69537e6f1c2ad81.php 第 737 行.
NOTIC: [8] Use of undefined constant username - assumed 'username' D:\www\matouPCS\Application\Runtime\Cache\Home\341c2184fedd4dd4f69537e6f1c2ad81.php 第 738 行.
NOTIC: [8] Use of undefined constant tel - assumed 'tel' D:\www\matouPCS\Application\Runtime\Cache\Home\341c2184fedd4dd4f69537e6f1c2ad81.php 第 738 行.
NOTIC: [8] Use of undefined constant bdlx - assumed 'bdlx' D:\www\matouPCS\Application\Runtime\Cache\Home\341c2184fedd4dd4f69537e6f1c2ad81.php 第 713 行.
NOTIC: [8] Use of undefined constant bdlx - assumed 'bdlx' D:\www\matouPCS\Application\Runtime\Cache\Home\341c2184fedd4dd4f69537e6f1c2ad81.php 第 714 行.
NOTIC: [8] Use of undefined constant imagename - assumed 'imagename' D:\www\matouPCS\Application\Runtime\Cache\Home\341c2184fedd4dd4f69537e6f1c2ad81.php 第 725 行.
NOTIC: [8] Use of undefined constant username - assumed 'username' D:\www\matouPCS\Application\Runtime\Cache\Home\341c2184fedd4dd4f69537e6f1c2ad81.php 第 737 行.
NOTIC: [8] Use of undefined constant tel - assumed 'tel' D:\www\matouPCS\Application\Runtime\Cache\Home\341c2184fedd4dd4f69537e6f1c2ad81.php 第 737 行.
NOTIC: [8] Use of undefined constant username - assumed 'username' D:\www\matouPCS\Application\Runtime\Cache\Home\341c2184fedd4dd4f69537e6f1c2ad81.php 第 738 行.
NOTIC: [8] Use of undefined constant tel - assumed 'tel' D:\www\matouPCS\Application\Runtime\Cache\Home\341c2184fedd4dd4f69537e6f1c2ad81.php 第 738 行.
NOTIC: [8] Use of undefined constant username - assumed 'username' D:\www\matouPCS\Application\Runtime\Cache\Home\341c2184fedd4dd4f69537e6f1c2ad81.php 第 819 行.
NOTIC: [8] Use of undefined constant tel - assumed 'tel' D:\www\matouPCS\Application\Runtime\Cache\Home\341c2184fedd4dd4f69537e6f1c2ad81.php 第 819 行.
NOTIC: [8] Use of undefined constant username - assumed 'username' D:\www\matouPCS\Application\Runtime\Cache\Home\341c2184fedd4dd4f69537e6f1c2ad81.php 第 820 行.
NOTIC: [8] Use of undefined constant tel - assumed 'tel' D:\www\matouPCS\Application\Runtime\Cache\Home\341c2184fedd4dd4f69537e6f1c2ad81.php 第 820 行.
NOTIC: [8] Use of undefined constant did - assumed 'did' D:\www\matouPCS\Application\Runtime\Cache\Home\341c2184fedd4dd4f69537e6f1c2ad81.php 第 827 行.
NOTIC: [8] Use of undefined constant pid - assumed 'pid' D:\www\matouPCS\Application\Runtime\Cache\Home\341c2184fedd4dd4f69537e6f1c2ad81.php 第 827 行.
NOTIC: [8] Use of undefined constant did - assumed 'did' D:\www\matouPCS\Application\Runtime\Cache\Home\341c2184fedd4dd4f69537e6f1c2ad81.php 第 827 行.
NOTIC: [8] Use of undefined constant pid - assumed 'pid' D:\www\matouPCS\Application\Runtime\Cache\Home\341c2184fedd4dd4f69537e6f1c2ad81.php 第 827 行.
NOTIC: [8] Use of undefined constant did - assumed 'did' D:\www\matouPCS\Application\Runtime\Cache\Home\341c2184fedd4dd4f69537e6f1c2ad81.php 第 827 行.
NOTIC: [8] Use of undefined constant pid - assumed 'pid' D:\www\matouPCS\Application\Runtime\Cache\Home\341c2184fedd4dd4f69537e6f1c2ad81.php 第 827 行.
NOTIC: [8] Use of undefined constant did - assumed 'did' D:\www\matouPCS\Application\Runtime\Cache\Home\341c2184fedd4dd4f69537e6f1c2ad81.php 第 827 行.
NOTIC: [8] Use of undefined constant pid - assumed 'pid' D:\www\matouPCS\Application\Runtime\Cache\Home\341c2184fedd4dd4f69537e6f1c2ad81.php 第 827 行.
NOTIC: [8] Use of undefined constant did - assumed 'did' D:\www\matouPCS\Application\Runtime\Cache\Home\341c2184fedd4dd4f69537e6f1c2ad81.php 第 827 行.
NOTIC: [8] Use of undefined constant pid - assumed 'pid' D:\www\matouPCS\Application\Runtime\Cache\Home\341c2184fedd4dd4f69537e6f1c2ad81.php 第 827 行.
NOTIC: [8] Use of undefined constant did - assumed 'did' D:\www\matouPCS\Application\Runtime\Cache\Home\341c2184fedd4dd4f69537e6f1c2ad81.php 第 827 行.
NOTIC: [8] Use of undefined constant pid - assumed 'pid' D:\www\matouPCS\Application\Runtime\Cache\Home\341c2184fedd4dd4f69537e6f1c2ad81.php 第 827 行.
NOTIC: [8] Use of undefined constant did - assumed 'did' D:\www\matouPCS\Application\Runtime\Cache\Home\341c2184fedd4dd4f69537e6f1c2ad81.php 第 827 行.
NOTIC: [8] Use of undefined constant pid - assumed 'pid' D:\www\matouPCS\Application\Runtime\Cache\Home\341c2184fedd4dd4f69537e6f1c2ad81.php 第 827 行.
NOTIC: [8] Use of undefined constant did - assumed 'did' D:\www\matouPCS\Application\Runtime\Cache\Home\341c2184fedd4dd4f69537e6f1c2ad81.php 第 827 行.
NOTIC: [8] Use of undefined constant pid - assumed 'pid' D:\www\matouPCS\Application\Runtime\Cache\Home\341c2184fedd4dd4f69537e6f1c2ad81.php 第 827 行.
NOTIC: [8] Use of undefined constant did - assumed 'did' D:\www\matouPCS\Application\Runtime\Cache\Home\341c2184fedd4dd4f69537e6f1c2ad81.php 第 827 行.
NOTIC: [8] Use of undefined constant pid - assumed 'pid' D:\www\matouPCS\Application\Runtime\Cache\Home\341c2184fedd4dd4f69537e6f1c2ad81.php 第 827 行.
NOTIC: [8] Use of undefined constant did - assumed 'did' D:\www\matouPCS\Application\Runtime\Cache\Home\341c2184fedd4dd4f69537e6f1c2ad81.php 第 827 行.
NOTIC: [8] Use of undefined constant pid - assumed 'pid' D:\www\matouPCS\Application\Runtime\Cache\Home\341c2184fedd4dd4f69537e6f1c2ad81.php 第 827 行.
INFO: Run Behavior\ParseTemplateBehavior [ RunTime:0.027087s ]
INFO: [ view_parse ] --END-- [ RunTime:0.027237s ]
INFO: [ view_filter ] --START--
INFO: Run Behavior\WriteHtmlCacheBehavior [ RunTime:0.001132s ]
INFO: [ view_filter ] --END-- [ RunTime:0.001266s ]
INFO: [ app_end ] --START--
INFO: Run Behavior\ShowPageTraceBehavior [ RunTime:0.001033s ]
INFO: [ app_end ] --END-- [ RunTime:0.001139s ]

[ 2017-03-21T18:59:55+08:00 ] 127.0.0.1 /matouPCS/index.php/Home/Mtbu/dnjzdt.html
INFO: [ app_init ] --START--
INFO: Run Behavior\BuildLiteBehavior [ RunTime:0.000014s ]
INFO: [ app_init ] --END-- [ RunTime:0.000474s ]
INFO: [ app_begin ] --START--
INFO: Run Behavior\ReadHtmlCacheBehavior [ RunTime:0.000611s ]
INFO: [ app_begin ] --END-- [ RunTime:0.000703s ]
SQL: SHOW COLUMNS FROM `dongtai` [ RunTime:0.0050s ]
SQL: SELECT COUNT(*) AS tp_count FROM `dongtai` LIMIT 1   [ RunTime:0.0003s ]
SQL: SHOW COLUMNS FROM `dongtai` [ RunTime:0.0058s ]
SQL: SELECT * FROM dongtai as d INNER JOIN user as u on d.uid = u.id  WHERE ( d.uid=23 ) ORDER BY d.did desc LIMIT 1,1   [ RunTime:0.0008s ]
SQL: SHOW COLUMNS FROM `dongimage` [ RunTime:0.0033s ]
SQL: SELECT * FROM dongimage as g INNER JOIN dongtai as d on d.did = g.pid  WHERE ( d.uid=23 ) ORDER BY g.iid desc  [ RunTime:0.0005s ]

