[ 2017-02-28T09:22:24+08:00 ] ::1 /matouPCS/
INFO: [ app_init ] --START--
INFO: Run Behavior\BuildLiteBehavior [ RunTime:0.000022s ]
INFO: [ app_init ] --END-- [ RunTime:0.003415s ]
INFO: [ app_begin ] --START--
INFO: Run Behavior\ReadHtmlCacheBehavior [ RunTime:0.001209s ]
INFO: [ app_begin ] --END-- [ RunTime:0.001279s ]
SQL: SHOW COLUMNS FROM `reward2` [ RunTime:0.0161s ]
SQL: SELECT * FROM reward2 as  r INNER JOIN reward1 as e on r.pid = e.psid  INNER JOIN  user as u on e.uid = u.id  ORDER BY e.psid desc LIMIT 0,21   [ RunTime:0.0472s ]
SQL: SHOW COLUMNS FROM `user` [ RunTime:0.0040s ]
SQL: SELECT * FROM user as u INNER JOIN forcee as f on f.uid = u.id  WHERE ( f.status = 2 ) ORDER BY f.collect desc LIMIT 0,4   [ RunTime:0.0031s ]
SQL: SHOW COLUMNS FROM `shop` [ RunTime:0.0250s ]
SQL: SELECT * FROM `shop` ORDER BY collect desc LIMIT 0,4   [ RunTime:0.0008s ]
SQL: SHOW COLUMNS FROM `flea` [ RunTime:0.0554s ]
SQL: SELECT * FROM flea as f INNER JOIN user as u on f.uid = u.id  WHERE ( tz_status = '1' ) LIMIT 0,5   [ RunTime:0.0008s ]
NOTIC: [8] Undefined variable: ren D:\phpStudy\WWW\matouPCS\Application\Home\Controller\IndexController.class.php 第 39 行.
NOTIC: [8] Undefined variable: fbys D:\phpStudy\WWW\matouPCS\Application\Home\Controller\IndexController.class.php 第 41 行.
NOTIC: [8] Undefined variable: fbyp D:\phpStudy\WWW\matouPCS\Application\Home\Controller\IndexController.class.php 第 43 行.
INFO: [ view_parse ] --START--
INFO: [ template_filter ] --START--
INFO: Run Behavior\ContentReplaceBehavior [ RunTime:0.000309s ]
INFO: [ template_filter ] --END-- [ RunTime:0.000360s ]
NOTIC: [8] Undefined index: username D:\phpStudy\WWW\matouPCS\Application\Runtime\Cache\Home\2a94b8bda04ff446dcedd42276fc99ee.php 第 104 行.
NOTIC: [8] Undefined index: id D:\phpStudy\WWW\matouPCS\Application\Runtime\Cache\Home\2a94b8bda04ff446dcedd42276fc99ee.php 第 925 行.
NOTIC: [8] Undefined index: id D:\phpStudy\WWW\matouPCS\Application\Runtime\Cache\Home\2a94b8bda04ff446dcedd42276fc99ee.php 第 925 行.
INFO: Run Behavior\ParseTemplateBehavior [ RunTime:0.071560s ]
INFO: [ view_parse ] --END-- [ RunTime:0.071666s ]
INFO: [ view_filter ] --START--
INFO: Run Behavior\WriteHtmlCacheBehavior [ RunTime:0.001090s ]
INFO: [ view_filter ] --END-- [ RunTime:0.001152s ]
INFO: [ app_end ] --START--
INFO: Run Behavior\ShowPageTraceBehavior [ RunTime:0.001434s ]
INFO: [ app_end ] --END-- [ RunTime:0.001504s ]

[ 2017-02-28T09:22:36+08:00 ] ::1 /matouPCS/?s=/Home/Index/login
INFO: [ app_init ] --START--
INFO: Run Behavior\BuildLiteBehavior [ RunTime:0.000013s ]
INFO: [ app_init ] --END-- [ RunTime:0.000429s ]
INFO: [ app_begin ] --START--
INFO: Run Behavior\ReadHtmlCacheBehavior [ RunTime:0.000568s ]
INFO: [ app_begin ] --END-- [ RunTime:0.000605s ]
SQL: SHOW COLUMNS FROM `user` [ RunTime:0.0138s ]
SQL: SELECT * FROM `user` WHERE ( tel = 15236631921 and password = 123456 ) LIMIT 1   [ RunTime:0.0012s ]
NOTIC: [8] A session had already been started - ignoring session_start() D:\phpStudy\WWW\matouPCS\Application\Home\Controller\IndexController.class.php 第 84 行.
SQL: SHOW COLUMNS FROM `user_fen` [ RunTime:0.0142s ]
SQL: SELECT * FROM `user_fen` WHERE (  uid = 23 ) LIMIT 1   [ RunTime:0.0004s ]
INFO: [ app_end ] --START--
INFO: Run Behavior\ShowPageTraceBehavior [ RunTime:0.001118s ]
INFO: [ app_end ] --END-- [ RunTime:0.001181s ]

[ 2017-02-28T09:22:37+08:00 ] ::1 /matouPCS/
INFO: [ app_init ] --START--
INFO: Run Behavior\BuildLiteBehavior [ RunTime:0.000013s ]
INFO: [ app_init ] --END-- [ RunTime:0.000295s ]
INFO: [ app_begin ] --START--
INFO: Run Behavior\ReadHtmlCacheBehavior [ RunTime:0.000431s ]
INFO: [ app_begin ] --END-- [ RunTime:0.000482s ]
SQL: SHOW COLUMNS FROM `reward2` [ RunTime:0.0049s ]
SQL: SELECT * FROM reward2 as  r INNER JOIN reward1 as e on r.pid = e.psid  INNER JOIN  user as u on e.uid = u.id  ORDER BY e.psid desc LIMIT 0,21   [ RunTime:0.0041s ]
SQL: SHOW COLUMNS FROM `user` [ RunTime:0.0062s ]
SQL: SELECT * FROM user as u INNER JOIN forcee as f on f.uid = u.id  WHERE ( f.status = 2 ) ORDER BY f.collect desc LIMIT 0,4   [ RunTime:0.0004s ]
SQL: SELECT * FROM user as u INNER JOIN forcee as f on f.uid = u.id  WHERE ( f.status = 2 and u.id = 23 ) LIMIT 1   [ RunTime:0.0003s ]
SQL: SELECT * FROM user as u INNER JOIN due as d on u.id = d.uid  WHERE ( u.id = 23 ) LIMIT 1   [ RunTime:0.0033s ]
SQL: SELECT * FROM user as u INNER JOIN employ as d on u.id = d.uid  WHERE ( u.id = 23 ) LIMIT 1   [ RunTime:0.0325s ]
SQL: SHOW COLUMNS FROM `shop` [ RunTime:0.0055s ]
SQL: SELECT * FROM `shop` ORDER BY collect desc LIMIT 0,4   [ RunTime:0.0005s ]
SQL: SHOW COLUMNS FROM `flea` [ RunTime:0.0080s ]
SQL: SELECT * FROM flea as f INNER JOIN user as u on f.uid = u.id  WHERE ( tz_status = '1' ) LIMIT 0,5   [ RunTime:0.0005s ]
INFO: [ view_parse ] --START--
INFO: [ template_filter ] --START--
INFO: Run Behavior\ContentReplaceBehavior [ RunTime:0.000498s ]
INFO: [ template_filter ] --END-- [ RunTime:0.000623s ]
INFO: Run Behavior\ParseTemplateBehavior [ RunTime:0.027075s ]
INFO: [ view_parse ] --END-- [ RunTime:0.027240s ]
INFO: [ view_filter ] --START--
INFO: Run Behavior\WriteHtmlCacheBehavior [ RunTime:0.001452s ]
INFO: [ view_filter ] --END-- [ RunTime:0.001529s ]
INFO: [ app_end ] --START--
INFO: Run Behavior\ShowPageTraceBehavior [ RunTime:0.000963s ]
INFO: [ app_end ] --END-- [ RunTime:0.001075s ]

[ 2017-02-28T09:22:42+08:00 ] ::1 /matouPCS/?s=/Home/Xsdt
INFO: [ app_init ] --START--
INFO: Run Behavior\BuildLiteBehavior [ RunTime:0.000012s ]
INFO: [ app_init ] --END-- [ RunTime:0.000281s ]
INFO: [ app_begin ] --START--
INFO: Run Behavior\ReadHtmlCacheBehavior [ RunTime:0.000437s ]
INFO: [ app_begin ] --END-- [ RunTime:0.000476s ]
SQL: SHOW COLUMNS FROM `reward2` [ RunTime:0.0108s ]
SQL: SELECT * FROM reward2 as  r INNER JOIN reward1 as e on r.pid = e.psid  INNER JOIN  user as u on e.uid = u.id  ORDER BY e.psid desc LIMIT 0,3   [ RunTime:0.0093s ]
SQL: SHOW COLUMNS FROM `user` [ RunTime:0.0093s ]
SQL: SELECT * FROM user as u INNER JOIN forcee as f on f.uid = u.id  WHERE ( f.status = 2 ) ORDER BY f.collect desc LIMIT 0,4   [ RunTime:0.0008s ]
SQL: SHOW COLUMNS FROM `reward1` [ RunTime:0.0091s ]
SQL: SELECT * FROM `reward1`  [ RunTime:0.0006s ]
INFO: [ view_parse ] --START--
INFO: [ template_filter ] --START--
INFO: Run Behavior\ContentReplaceBehavior [ RunTime:0.000304s ]
INFO: [ template_filter ] --END-- [ RunTime:0.000416s ]
NOTIC: [8] Undefined index: type D:\phpStudy\WWW\matouPCS\Application\Runtime\Cache\Home\512f353e7cc5ac7bb6281b10a93262f7.php 第 535 行.
NOTIC: [8] Undefined index: type D:\phpStudy\WWW\matouPCS\Application\Runtime\Cache\Home\512f353e7cc5ac7bb6281b10a93262f7.php 第 535 行.
INFO: Run Behavior\ParseTemplateBehavior [ RunTime:0.098198s ]
INFO: [ view_parse ] --END-- [ RunTime:0.098338s ]
INFO: [ view_filter ] --START--
INFO: Run Behavior\WriteHtmlCacheBehavior [ RunTime:0.000498s ]
INFO: [ view_filter ] --END-- [ RunTime:0.000577s ]
INFO: [ app_end ] --START--
INFO: Run Behavior\ShowPageTraceBehavior [ RunTime:0.002003s ]
INFO: [ app_end ] --END-- [ RunTime:0.002160s ]

[ 2017-02-28T09:22:43+08:00 ] ::1 /matouPCS/?s=/Home/Box/orders&p=1&type=&sex=&age=&date=&address=&re=1
INFO: [ app_init ] --START--
INFO: Run Behavior\BuildLiteBehavior [ RunTime:0.000013s ]
INFO: [ app_init ] --END-- [ RunTime:0.000330s ]
INFO: [ app_begin ] --START--
INFO: Run Behavior\ReadHtmlCacheBehavior [ RunTime:0.000458s ]
INFO: [ app_begin ] --END-- [ RunTime:0.000513s ]
NOTIC: [8] Undefined variable: where D:\phpStudy\WWW\matouPCS\Application\Home\Controller\BoxController.class.php 第 103 行.
NOTIC: [8] Undefined variable: jwhere D:\phpStudy\WWW\matouPCS\Application\Home\Controller\BoxController.class.php 第 104 行.
SQL: SHOW COLUMNS FROM `reward2` [ RunTime:0.0039s ]
SQL: SELECT * FROM reward2 as r INNER JOIN reward1 as e on r.pid = e.psid   [ RunTime:0.0004s ]
SQL: SHOW COLUMNS FROM `reward1` [ RunTime:0.0038s ]
SQL: SELECT COUNT(*) AS tp_count FROM `reward1` LIMIT 1   [ RunTime:0.0003s ]
SQL: SHOW COLUMNS FROM `reward1` [ RunTime:0.0043s ]
SQL: SELECT * FROM reward1 as e INNER JOIN user as u on e.uid = u.id  LIMIT 0,10   [ RunTime:0.0003s ]
NOTIC: [8] Undefined index: bao D:\phpStudy\WWW\matouPCS\Application\Home\Controller\BoxController.class.php 第 132 行.
NOTIC: [8] Undefined index: bao D:\phpStudy\WWW\matouPCS\Application\Home\Controller\BoxController.class.php 第 132 行.
NOTIC: [8] Undefined index: bao D:\phpStudy\WWW\matouPCS\Application\Home\Controller\BoxController.class.php 第 132 行.
NOTIC: [2] array_multisort(): Array sizes are inconsistent D:\phpStudy\WWW\matouPCS\Application\Home\Controller\BoxController.class.php 第 134 行.
NOTIC: [2] Missing argument 1 for Think\PageAjax::show(), called in D:\phpStudy\WWW\matouPCS\Application\Home\Controller\BoxController.class.php on line 163 and defined D:\phpStudy\WWW\matouPCS\ThinkPHP\Library\Think\PageAjax.class.php 第 77 行.
NOTIC: [8] Undefined variable: url_replace D:\phpStudy\WWW\matouPCS\ThinkPHP\Library\Think\PageAjax.class.php 第 84 行.
INFO: [ view_parse ] --START--
INFO: [ template_filter ] --START--
INFO: Run Behavior\ContentReplaceBehavior [ RunTime:0.000029s ]
INFO: [ template_filter ] --END-- [ RunTime:0.000064s ]
INFO: Run Behavior\ParseTemplateBehavior [ RunTime:0.034503s ]
INFO: [ view_parse ] --END-- [ RunTime:0.034566s ]
INFO: [ view_filter ] --START--
INFO: Run Behavior\WriteHtmlCacheBehavior [ RunTime:0.000236s ]
INFO: [ view_filter ] --END-- [ RunTime:0.000274s ]
INFO: [ app_end ] --START--
INFO: Run Behavior\ShowPageTraceBehavior [ RunTime:0.000585s ]
INFO: [ app_end ] --END-- [ RunTime:0.000636s ]

[ 2017-02-28T09:22:49+08:00 ] ::1 /matouPCS/?s=/Home/Ysq
INFO: [ app_init ] --START--
INFO: Run Behavior\BuildLiteBehavior [ RunTime:0.000018s ]
INFO: [ app_init ] --END-- [ RunTime:0.000360s ]
INFO: [ app_begin ] --START--
INFO: Run Behavior\ReadHtmlCacheBehavior [ RunTime:0.000472s ]
INFO: [ app_begin ] --END-- [ RunTime:0.000515s ]
SQL: SHOW COLUMNS FROM `due` [ RunTime:0.0122s ]
SQL: SELECT * FROM `due`  [ RunTime:0.0009s ]
SQL: SHOW COLUMNS FROM `due` [ RunTime:0.0116s ]
SQL: SELECT * FROM due as d INNER JOIN user as u on d.uid = u.id  ORDER BY d.collect desc LIMIT 0,3   [ RunTime:0.0012s ]
SQL: SHOW COLUMNS FROM `forcee` [ RunTime:0.0112s ]
SQL: SELECT * FROM forcee as f INNER JOIN forceimage as r on f.id = r.pid  ORDER BY f.collect desc LIMIT 0,3   [ RunTime:0.0142s ]
INFO: [ view_parse ] --START--
INFO: [ template_filter ] --START--
INFO: Run Behavior\ContentReplaceBehavior [ RunTime:0.000370s ]
INFO: [ template_filter ] --END-- [ RunTime:0.000598s ]
NOTIC: [8] Undefined index: type D:\phpStudy\WWW\matouPCS\Application\Runtime\Cache\Home\008b062d5cb6dc7f5ac331e197d90535.php 第 476 行.
NOTIC: [8] Undefined index: type D:\phpStudy\WWW\matouPCS\Application\Runtime\Cache\Home\008b062d5cb6dc7f5ac331e197d90535.php 第 476 行.
INFO: Run Behavior\ParseTemplateBehavior [ RunTime:0.040599s ]
INFO: [ view_parse ] --END-- [ RunTime:0.040753s ]
INFO: [ view_filter ] --START--
INFO: Run Behavior\WriteHtmlCacheBehavior [ RunTime:0.000669s ]
INFO: [ view_filter ] --END-- [ RunTime:0.000779s ]
INFO: [ app_end ] --START--
INFO: Run Behavior\ShowPageTraceBehavior [ RunTime:0.001922s ]
INFO: [ app_end ] --END-- [ RunTime:0.002096s ]

[ 2017-02-28T09:22:50+08:00 ] ::1 /matouPCS/?s=/Home/Box/ysdt&p=1&type=&sex=&age=&bd=&date=
INFO: [ app_init ] --START--
INFO: Run Behavior\BuildLiteBehavior [ RunTime:0.000014s ]
INFO: [ app_init ] --END-- [ RunTime:0.000428s ]
INFO: [ app_begin ] --START--
INFO: Run Behavior\ReadHtmlCacheBehavior [ RunTime:0.000548s ]
INFO: [ app_begin ] --END-- [ RunTime:0.000584s ]
NOTIC: [8] Undefined variable: address D:\phpStudy\WWW\matouPCS\Application\Home\Controller\BoxController.class.php 第 258 行.
NOTIC: [8] Undefined variable: where D:\phpStudy\WWW\matouPCS\Application\Home\Controller\BoxController.class.php 第 261 行.
SQL: SHOW COLUMNS FROM `due` [ RunTime:0.0116s ]
NOTIC: [8] Undefined variable: where D:\phpStudy\WWW\matouPCS\Application\Home\Controller\BoxController.class.php 第 262 行.
SQL: SELECT COUNT(*) AS tp_count FROM due as d LIMIT 1   [ RunTime:0.0005s ]
SQL: SELECT * FROM due as d INNER JOIN user as u on d.uid = u.id INNER JOIN dueimage as m on d.did = m.pid INNER JOIN duevideo as v on d.did = v.pid INNER JOIN due_dang as a on a.pid = d.did  LIMIT 0,10   [ RunTime:0.0824s ]
NOTIC: [2] Missing argument 1 for Think\PageAjax::show(), called in D:\phpStudy\WWW\matouPCS\Application\Home\Controller\BoxController.class.php on line 387 and defined D:\phpStudy\WWW\matouPCS\ThinkPHP\Library\Think\PageAjax.class.php 第 77 行.
NOTIC: [8] Undefined variable: url_replace D:\phpStudy\WWW\matouPCS\ThinkPHP\Library\Think\PageAjax.class.php 第 84 行.
NOTIC: [8] Undefined variable: data D:\phpStudy\WWW\matouPCS\Application\Home\Controller\BoxController.class.php 第 390 行.
INFO: [ view_parse ] --START--
INFO: [ template_filter ] --START--
INFO: Run Behavior\ContentReplaceBehavior [ RunTime:0.000107s ]
INFO: [ template_filter ] --END-- [ RunTime:0.000238s ]
NOTIC: [8] Undefined offset: 0 D:\phpStudy\WWW\matouPCS\Application\Runtime\Cache\Home\4da3780efe7a7fb78ceff4230ecb57bd.php 第 23 行.
INFO: Run Behavior\ParseTemplateBehavior [ RunTime:0.024329s ]
INFO: [ view_parse ] --END-- [ RunTime:0.024454s ]
INFO: [ view_filter ] --START--
INFO: Run Behavior\WriteHtmlCacheBehavior [ RunTime:0.000941s ]
INFO: [ view_filter ] --END-- [ RunTime:0.001040s ]
INFO: [ app_end ] --START--
INFO: Run Behavior\ShowPageTraceBehavior [ RunTime:0.001808s ]
INFO: [ app_end ] --END-- [ RunTime:0.001922s ]

[ 2017-02-28T09:22:55+08:00 ] ::1 /matouPCS/?s=/Home/Box/ysdt&p=1&type=&sex=1&age=&bd=&date=
INFO: [ app_init ] --START--
INFO: Run Behavior\BuildLiteBehavior [ RunTime:0.000011s ]
INFO: [ app_init ] --END-- [ RunTime:0.000283s ]
INFO: [ app_begin ] --START--
INFO: Run Behavior\ReadHtmlCacheBehavior [ RunTime:0.000442s ]
INFO: [ app_begin ] --END-- [ RunTime:0.000478s ]
NOTIC: [8] Undefined variable: address D:\phpStudy\WWW\matouPCS\Application\Home\Controller\BoxController.class.php 第 227 行.
SQL: SHOW COLUMNS FROM `due` [ RunTime:0.0127s ]
SQL: SELECT COUNT(*) AS tp_count FROM due as d WHERE ( d.sexs = '1' ) LIMIT 1   [ RunTime:0.0007s ]
SQL: SELECT * FROM due as d INNER JOIN user as u on d.uid = u.id INNER JOIN dueimage as m on d.did = m.pid INNER JOIN duevideo as v on d.did = v.pid INNER JOIN due_dang as a on a.pid = d.did  WHERE ( d.sexs = '1' ) LIMIT 0,10   [ RunTime:0.0017s ]
NOTIC: [2] Missing argument 1 for Think\PageAjax::show(), called in D:\phpStudy\WWW\matouPCS\Application\Home\Controller\BoxController.class.php on line 387 and defined D:\phpStudy\WWW\matouPCS\ThinkPHP\Library\Think\PageAjax.class.php 第 77 行.
NOTIC: [8] Undefined variable: url_replace D:\phpStudy\WWW\matouPCS\ThinkPHP\Library\Think\PageAjax.class.php 第 84 行.
NOTIC: [8] Undefined variable: data D:\phpStudy\WWW\matouPCS\Application\Home\Controller\BoxController.class.php 第 390 行.
INFO: [ view_parse ] --START--
INFO: [ template_filter ] --START--
INFO: Run Behavior\ContentReplaceBehavior [ RunTime:0.000112s ]
INFO: [ template_filter ] --END-- [ RunTime:0.000270s ]
NOTIC: [8] Undefined offset: 0 D:\phpStudy\WWW\matouPCS\Application\Runtime\Cache\Home\4da3780efe7a7fb78ceff4230ecb57bd.php 第 23 行.
INFO: Run Behavior\ParseTemplateBehavior [ RunTime:0.023211s ]
INFO: [ view_parse ] --END-- [ RunTime:0.023376s ]
INFO: [ view_filter ] --START--
INFO: Run Behavior\WriteHtmlCacheBehavior [ RunTime:0.000834s ]
INFO: [ view_filter ] --END-- [ RunTime:0.000977s ]
INFO: [ app_end ] --START--
INFO: Run Behavior\ShowPageTraceBehavior [ RunTime:0.001009s ]
INFO: [ app_end ] --END-- [ RunTime:0.001105s ]

[ 2017-02-28T09:22:57+08:00 ] ::1 /matouPCS/?s=/Home/Box/ysdt&p=1&type=&sex=2&age=&bd=&date=
INFO: [ app_init ] --START--
INFO: Run Behavior\BuildLiteBehavior [ RunTime:0.000010s ]
INFO: [ app_init ] --END-- [ RunTime:0.000284s ]
INFO: [ app_begin ] --START--
INFO: Run Behavior\ReadHtmlCacheBehavior [ RunTime:0.000410s ]
INFO: [ app_begin ] --END-- [ RunTime:0.000472s ]
NOTIC: [8] Undefined variable: address D:\phpStudy\WWW\matouPCS\Application\Home\Controller\BoxController.class.php 第 227 行.
SQL: SHOW COLUMNS FROM `due` [ RunTime:0.0070s ]
SQL: SELECT COUNT(*) AS tp_count FROM due as d WHERE ( d.sexs = '2' ) LIMIT 1   [ RunTime:0.0004s ]
SQL: SELECT * FROM due as d INNER JOIN user as u on d.uid = u.id INNER JOIN dueimage as m on d.did = m.pid INNER JOIN duevideo as v on d.did = v.pid INNER JOIN due_dang as a on a.pid = d.did  WHERE ( d.sexs = '2' ) LIMIT 0,10   [ RunTime:0.0009s ]
NOTIC: [2] Missing argument 1 for Think\PageAjax::show(), called in D:\phpStudy\WWW\matouPCS\Application\Home\Controller\BoxController.class.php on line 387 and defined D:\phpStudy\WWW\matouPCS\ThinkPHP\Library\Think\PageAjax.class.php 第 77 行.
NOTIC: [8] Undefined variable: data D:\phpStudy\WWW\matouPCS\Application\Home\Controller\BoxController.class.php 第 390 行.
INFO: [ view_parse ] --START--
INFO: [ template_filter ] --START--
INFO: Run Behavior\ContentReplaceBehavior [ RunTime:0.000047s ]
INFO: [ template_filter ] --END-- [ RunTime:0.000105s ]
INFO: Run Behavior\ParseTemplateBehavior [ RunTime:0.009435s ]
INFO: [ view_parse ] --END-- [ RunTime:0.009497s ]
INFO: [ view_filter ] --START--
INFO: Run Behavior\WriteHtmlCacheBehavior [ RunTime:0.000428s ]
INFO: [ view_filter ] --END-- [ RunTime:0.000473s ]
INFO: [ app_end ] --START--
INFO: Run Behavior\ShowPageTraceBehavior [ RunTime:0.000656s ]
INFO: [ app_end ] --END-- [ RunTime:0.000704s ]

[ 2017-02-28T09:23:06+08:00 ] ::1 /matouPCS/?s=/Home/Index
INFO: [ app_init ] --START--
INFO: Run Behavior\BuildLiteBehavior [ RunTime:0.000012s ]
INFO: [ app_init ] --END-- [ RunTime:0.000288s ]
INFO: [ app_begin ] --START--
INFO: Run Behavior\ReadHtmlCacheBehavior [ RunTime:0.000416s ]
INFO: [ app_begin ] --END-- [ RunTime:0.000456s ]
SQL: SHOW COLUMNS FROM `reward2` [ RunTime:0.0043s ]
SQL: SELECT * FROM reward2 as  r INNER JOIN reward1 as e on r.pid = e.psid  INNER JOIN  user as u on e.uid = u.id  ORDER BY e.psid desc LIMIT 0,21   [ RunTime:0.0041s ]
SQL: SHOW COLUMNS FROM `user` [ RunTime:0.0042s ]
SQL: SELECT * FROM user as u INNER JOIN forcee as f on f.uid = u.id  WHERE ( f.status = 2 ) ORDER BY f.collect desc LIMIT 0,4   [ RunTime:0.0004s ]
SQL: SELECT * FROM user as u INNER JOIN forcee as f on f.uid = u.id  WHERE ( f.status = 2 and u.id = 23 ) LIMIT 1   [ RunTime:0.0003s ]
SQL: SELECT * FROM user as u INNER JOIN due as d on u.id = d.uid  WHERE ( u.id = 23 ) LIMIT 1   [ RunTime:0.0003s ]
SQL: SELECT * FROM user as u INNER JOIN employ as d on u.id = d.uid  WHERE ( u.id = 23 ) LIMIT 1   [ RunTime:0.0003s ]
SQL: SHOW COLUMNS FROM `shop` [ RunTime:0.0044s ]
SQL: SELECT * FROM `shop` ORDER BY collect desc LIMIT 0,4   [ RunTime:0.0003s ]
SQL: SHOW COLUMNS FROM `flea` [ RunTime:0.0041s ]
SQL: SELECT * FROM flea as f INNER JOIN user as u on f.uid = u.id  WHERE ( tz_status = '1' ) LIMIT 0,5   [ RunTime:0.0004s ]
INFO: [ view_parse ] --START--
INFO: [ template_filter ] --START--
INFO: Run Behavior\ContentReplaceBehavior [ RunTime:0.000225s ]
INFO: [ template_filter ] --END-- [ RunTime:0.000266s ]
INFO: Run Behavior\ParseTemplateBehavior [ RunTime:0.019334s ]
INFO: [ view_parse ] --END-- [ RunTime:0.019388s ]
INFO: [ view_filter ] --START--
INFO: Run Behavior\WriteHtmlCacheBehavior [ RunTime:0.000195s ]
INFO: [ view_filter ] --END-- [ RunTime:0.000223s ]
INFO: [ app_end ] --START--
INFO: Run Behavior\ShowPageTraceBehavior [ RunTime:0.000511s ]
INFO: [ app_end ] --END-- [ RunTime:0.000557s ]

[ 2017-02-28T09:23:13+08:00 ] ::1 /matouPCS/?s=/Home/Zpdt1/index/type/0
INFO: [ app_init ] --START--
INFO: Run Behavior\BuildLiteBehavior [ RunTime:0.000012s ]
INFO: [ app_init ] --END-- [ RunTime:0.000290s ]
INFO: [ app_begin ] --START--
INFO: Run Behavior\ReadHtmlCacheBehavior [ RunTime:0.000430s ]
INFO: [ app_begin ] --END-- [ RunTime:0.000480s ]
SQL: SHOW COLUMNS FROM `recruit1` [ RunTime:0.0562s ]
SQL: SELECT * FROM `recruit1`  [ RunTime:0.0013s ]
SQL: SHOW COLUMNS FROM `recruit2` [ RunTime:0.0597s ]
SQL: SELECT * FROM recruit2 as  r INNER JOIN recruit1 as e on r.pid = e.rid  INNER JOIN  user as u on e.uid = u.id  ORDER BY r.id desc LIMIT 0,3   [ RunTime:0.0133s ]
NOTIC: [8] Undefined variable: list D:\phpStudy\WWW\matouPCS\Application\Home\Controller\Zpdt1Controller.class.php 第 15 行.
SQL: SHOW COLUMNS FROM `forcee` [ RunTime:0.0099s ]
SQL: SELECT * FROM forcee as f INNER JOIN forceimage as r on f.id = r.pid  ORDER BY f.collect desc LIMIT 0,3   [ RunTime:0.0055s ]
INFO: [ view_parse ] --START--
INFO: [ template_filter ] --START--
INFO: Run Behavior\ContentReplaceBehavior [ RunTime:0.000171s ]
INFO: [ template_filter ] --END-- [ RunTime:0.000253s ]
NOTIC: [8] Undefined index: address D:\phpStudy\WWW\matouPCS\Application\Runtime\Cache\Home\96c30227530d2a0f3f48e98d8099d90e.php 第 456 行.
NOTIC: [8] Undefined index: address D:\phpStudy\WWW\matouPCS\Application\Runtime\Cache\Home\96c30227530d2a0f3f48e98d8099d90e.php 第 456 行.
NOTIC: [8] Undefined index: address D:\phpStudy\WWW\matouPCS\Application\Runtime\Cache\Home\96c30227530d2a0f3f48e98d8099d90e.php 第 456 行.
NOTIC: [8] Undefined index: type D:\phpStudy\WWW\matouPCS\Application\Runtime\Cache\Home\96c30227530d2a0f3f48e98d8099d90e.php 第 482 行.
NOTIC: [8] Undefined index: type D:\phpStudy\WWW\matouPCS\Application\Runtime\Cache\Home\96c30227530d2a0f3f48e98d8099d90e.php 第 482 行.
INFO: Run Behavior\ParseTemplateBehavior [ RunTime:0.021817s ]
INFO: [ view_parse ] --END-- [ RunTime:0.021881s ]
INFO: [ view_filter ] --START--
INFO: Run Behavior\WriteHtmlCacheBehavior [ RunTime:0.000277s ]
INFO: [ view_filter ] --END-- [ RunTime:0.000316s ]
INFO: [ app_end ] --START--
INFO: Run Behavior\ShowPageTraceBehavior [ RunTime:0.000784s ]
INFO: [ app_end ] --END-- [ RunTime:0.000837s ]

[ 2017-02-28T09:23:14+08:00 ] ::1 /matouPCS/?s=/Home/Box/zpdt&p=1&type=&sex=&age=&worktime=&rzbd=&address=
INFO: [ app_init ] --START--
INFO: Run Behavior\BuildLiteBehavior [ RunTime:0.000017s ]
INFO: [ app_init ] --END-- [ RunTime:0.000341s ]
INFO: [ app_begin ] --START--
INFO: Run Behavior\ReadHtmlCacheBehavior [ RunTime:0.000505s ]
INFO: [ app_begin ] --END-- [ RunTime:0.000553s ]
NOTIC: [8] Undefined variable: where D:\phpStudy\WWW\matouPCS\Application\Home\Controller\BoxController.class.php 第 484 行.
NOTIC: [8] Undefined variable: jwhere D:\phpStudy\WWW\matouPCS\Application\Home\Controller\BoxController.class.php 第 485 行.
SQL: SHOW COLUMNS FROM `recruit1` [ RunTime:0.0132s ]
SQL: SELECT COUNT(*) AS tp_count FROM `recruit1` LIMIT 1   [ RunTime:0.0005s ]
SQL: SHOW COLUMNS FROM `recruit2` [ RunTime:0.0108s ]
SQL: SELECT * FROM `recruit2`  [ RunTime:0.0005s ]
SQL: SHOW COLUMNS FROM `recruit1` [ RunTime:0.0065s ]
SQL: SELECT * FROM recruit1 as e INNER JOIN user as u on e.uid = u.id INNER JOIN forcee as f on f.uid = u.id  ORDER BY e.rid desc LIMIT 0,10   [ RunTime:0.0065s ]
NOTIC: [2] Missing argument 1 for Think\PageAjax::show(), called in D:\phpStudy\WWW\matouPCS\Application\Home\Controller\BoxController.class.php on line 578 and defined D:\phpStudy\WWW\matouPCS\ThinkPHP\Library\Think\PageAjax.class.php 第 77 行.
NOTIC: [8] Undefined variable: url_replace D:\phpStudy\WWW\matouPCS\ThinkPHP\Library\Think\PageAjax.class.php 第 84 行.
INFO: [ view_parse ] --START--
INFO: [ template_filter ] --START--
INFO: Run Behavior\ContentReplaceBehavior [ RunTime:0.000060s ]
INFO: [ template_filter ] --END-- [ RunTime:0.000135s ]
NOTIC: [8] Undefined index: date D:\phpStudy\WWW\matouPCS\Application\Runtime\Cache\Home\2b51774f85e06f5bcc90569668a884c3.php 第 32 行.
NOTIC: [8] Undefined index: date D:\phpStudy\WWW\matouPCS\Application\Runtime\Cache\Home\2b51774f85e06f5bcc90569668a884c3.php 第 32 行.
NOTIC: [8] Undefined index: date D:\phpStudy\WWW\matouPCS\Application\Runtime\Cache\Home\2b51774f85e06f5bcc90569668a884c3.php 第 32 行.
NOTIC: [8] Undefined index: date D:\phpStudy\WWW\matouPCS\Application\Runtime\Cache\Home\2b51774f85e06f5bcc90569668a884c3.php 第 32 行.
NOTIC: [8] Undefined index: date D:\phpStudy\WWW\matouPCS\Application\Runtime\Cache\Home\2b51774f85e06f5bcc90569668a884c3.php 第 32 行.
NOTIC: [8] Undefined index: date D:\phpStudy\WWW\matouPCS\Application\Runtime\Cache\Home\2b51774f85e06f5bcc90569668a884c3.php 第 32 行.
INFO: Run Behavior\ParseTemplateBehavior [ RunTime:0.013616s ]
INFO: [ view_parse ] --END-- [ RunTime:0.013713s ]
INFO: [ view_filter ] --START--
INFO: Run Behavior\WriteHtmlCacheBehavior [ RunTime:0.000363s ]
INFO: [ view_filter ] --END-- [ RunTime:0.000421s ]
INFO: [ app_end ] --START--
INFO: Run Behavior\ShowPageTraceBehavior [ RunTime:0.000876s ]
INFO: [ app_end ] --END-- [ RunTime:0.000939s ]

[ 2017-02-28T09:23:44+08:00 ] ::1 /matouPCS/?s=/Home/Zpdt
INFO: [ app_init ] --START--
INFO: Run Behavior\BuildLiteBehavior [ RunTime:0.000022s ]
INFO: [ app_init ] --END-- [ RunTime:0.000555s ]
INFO: [ app_begin ] --START--
INFO: Run Behavior\ReadHtmlCacheBehavior [ RunTime:0.000803s ]
INFO: [ app_begin ] --END-- [ RunTime:0.000876s ]
SQL: SHOW COLUMNS FROM `user` [ RunTime:0.0659s ]
SQL: SELECT * FROM user as u INNER JOIN employ as e on u.id = e.uid INNER JOIN employwork as m on e.eid = m.pid  ORDER BY e.eid desc  [ RunTime:0.0211s ]
SQL: SHOW COLUMNS FROM `employ` [ RunTime:0.0100s ]
SQL: SELECT * FROM employ as e INNER JOIN employwork as m on e.eid = m.pid  ORDER BY collect desc LIMIT 0,3   [ RunTime:0.0056s ]
SQL: SHOW COLUMNS FROM `forcee` [ RunTime:0.0059s ]
SQL: SELECT * FROM `forcee` ORDER BY collect desc LIMIT 0,3   [ RunTime:0.0004s ]
INFO: [ view_parse ] --START--
INFO: [ template_filter ] --START--
INFO: Run Behavior\ContentReplaceBehavior [ RunTime:0.000104s ]
INFO: [ template_filter ] --END-- [ RunTime:0.000147s ]
NOTIC: [8] Undefined index: age D:\phpStudy\WWW\matouPCS\Application\Runtime\Cache\Home\c6f5ece1e5a5ad37acc83b018538f66a.php 第 460 行.
NOTIC: [8] Undefined index: age D:\phpStudy\WWW\matouPCS\Application\Runtime\Cache\Home\c6f5ece1e5a5ad37acc83b018538f66a.php 第 460 行.
NOTIC: [8] Undefined index: age D:\phpStudy\WWW\matouPCS\Application\Runtime\Cache\Home\c6f5ece1e5a5ad37acc83b018538f66a.php 第 460 行.
NOTIC: [8] Undefined index: type D:\phpStudy\WWW\matouPCS\Application\Runtime\Cache\Home\c6f5ece1e5a5ad37acc83b018538f66a.php 第 494 行.
NOTIC: [8] Undefined index: type D:\phpStudy\WWW\matouPCS\Application\Runtime\Cache\Home\c6f5ece1e5a5ad37acc83b018538f66a.php 第 494 行.
INFO: Run Behavior\ParseTemplateBehavior [ RunTime:0.017474s ]
INFO: [ view_parse ] --END-- [ RunTime:0.017531s ]
INFO: [ view_filter ] --START--
INFO: Run Behavior\WriteHtmlCacheBehavior [ RunTime:0.000285s ]
INFO: [ view_filter ] --END-- [ RunTime:0.000314s ]
INFO: [ app_end ] --START--
INFO: Run Behavior\ShowPageTraceBehavior [ RunTime:0.000474s ]
INFO: [ app_end ] --END-- [ RunTime:0.000529s ]

[ 2017-02-28T09:23:46+08:00 ] ::1 /matouPCS/?s=/Home/Box/ypq&p=1&type=&sex=&age=&worktime=&address=&zuo=
INFO: [ app_init ] --START--
INFO: Run Behavior\BuildLiteBehavior [ RunTime:0.000034s ]
INFO: [ app_init ] --END-- [ RunTime:0.000501s ]
INFO: [ app_begin ] --START--
INFO: Run Behavior\ReadHtmlCacheBehavior [ RunTime:0.001096s ]
INFO: [ app_begin ] --END-- [ RunTime:0.001256s ]
NOTIC: [8] Undefined index: rzbd D:\phpStudy\WWW\matouPCS\Application\Home\Controller\BoxController.class.php 第 608 行.
NOTIC: [8] Undefined variable: where D:\phpStudy\WWW\matouPCS\Application\Home\Controller\BoxController.class.php 第 692 行.
NOTIC: [8] Undefined variable: jwhere D:\phpStudy\WWW\matouPCS\Application\Home\Controller\BoxController.class.php 第 693 行.
SQL: SHOW COLUMNS FROM `employ` [ RunTime:0.0134s ]
SQL: SELECT COUNT(*) AS tp_count FROM `employ` LIMIT 1   [ RunTime:0.0006s ]
NOTIC: [8] Undefined variable: where D:\phpStudy\WWW\matouPCS\Application\Home\Controller\BoxController.class.php 第 709 行.
SQL: SHOW COLUMNS FROM `user` [ RunTime:0.0119s ]
SQL: SELECT * FROM user as u INNER JOIN employ as r on u.id = r.uid  LIMIT 0,10   [ RunTime:0.0008s ]
SQL: SHOW COLUMNS FROM `employwork` [ RunTime:0.0051s ]
SQL: SELECT * FROM `employwork`  [ RunTime:0.0003s ]
NOTIC: [2] Missing argument 1 for Think\PageAjax::show(), called in D:\phpStudy\WWW\matouPCS\Application\Home\Controller\BoxController.class.php on line 721 and defined D:\phpStudy\WWW\matouPCS\ThinkPHP\Library\Think\PageAjax.class.php 第 77 行.
NOTIC: [8] Undefined variable: url_replace D:\phpStudy\WWW\matouPCS\ThinkPHP\Library\Think\PageAjax.class.php 第 84 行.
INFO: [ view_parse ] --START--
INFO: [ template_filter ] --START--
INFO: Run Behavior\ContentReplaceBehavior [ RunTime:0.000059s ]
INFO: [ template_filter ] --END-- [ RunTime:0.000120s ]
INFO: Run Behavior\ParseTemplateBehavior [ RunTime:0.034992s ]
INFO: [ view_parse ] --END-- [ RunTime:0.035049s ]
INFO: [ view_filter ] --START--
INFO: Run Behavior\WriteHtmlCacheBehavior [ RunTime:0.000179s ]
INFO: [ view_filter ] --END-- [ RunTime:0.000204s ]
INFO: [ app_end ] --START--
INFO: Run Behavior\ShowPageTraceBehavior [ RunTime:0.000406s ]
INFO: [ app_end ] --END-- [ RunTime:0.000435s ]

[ 2017-02-28T09:23:49+08:00 ] ::1 /matouPCS/?s=/Home/Box/ypq&p=1&type=&sex=1&age=&worktime=&address=&zuo=
INFO: [ app_init ] --START--
INFO: Run Behavior\BuildLiteBehavior [ RunTime:0.000011s ]
INFO: [ app_init ] --END-- [ RunTime:0.000277s ]
INFO: [ app_begin ] --START--
INFO: Run Behavior\ReadHtmlCacheBehavior [ RunTime:0.000440s ]
INFO: [ app_begin ] --END-- [ RunTime:0.000475s ]
NOTIC: [8] Undefined index: rzbd D:\phpStudy\WWW\matouPCS\Application\Home\Controller\BoxController.class.php 第 608 行.
NOTIC: [8] Undefined variable: jwhere D:\phpStudy\WWW\matouPCS\Application\Home\Controller\BoxController.class.php 第 693 行.
SQL: SHOW COLUMNS FROM `employ` [ RunTime:0.0116s ]
SQL: SELECT COUNT(*) AS tp_count FROM `employ` LIMIT 1   [ RunTime:0.0005s ]
SQL: SHOW COLUMNS FROM `user` [ RunTime:0.0110s ]
SQL: SELECT * FROM user as u INNER JOIN employ as r on u.id = r.uid  WHERE ( r.sexs = '1' ) ORDER BY r.eid desc LIMIT 0,10   [ RunTime:0.0012s ]
SQL: SHOW COLUMNS FROM `employwork` [ RunTime:0.0089s ]
SQL: SELECT * FROM `employwork`  [ RunTime:0.0003s ]
NOTIC: [2] Missing argument 1 for Think\PageAjax::show(), called in D:\phpStudy\WWW\matouPCS\Application\Home\Controller\BoxController.class.php on line 721 and defined D:\phpStudy\WWW\matouPCS\ThinkPHP\Library\Think\PageAjax.class.php 第 77 行.
NOTIC: [8] Undefined variable: url_replace D:\phpStudy\WWW\matouPCS\ThinkPHP\Library\Think\PageAjax.class.php 第 84 行.
INFO: [ view_parse ] --START--
INFO: [ template_filter ] --START--
INFO: Run Behavior\ContentReplaceBehavior [ RunTime:0.000066s ]
INFO: [ template_filter ] --END-- [ RunTime:0.000128s ]
INFO: Run Behavior\ParseTemplateBehavior [ RunTime:0.012065s ]
INFO: [ view_parse ] --END-- [ RunTime:0.012134s ]
INFO: [ view_filter ] --START--
INFO: Run Behavior\WriteHtmlCacheBehavior [ RunTime:0.000374s ]
INFO: [ view_filter ] --END-- [ RunTime:0.000441s ]
INFO: [ app_end ] --START--
INFO: Run Behavior\ShowPageTraceBehavior [ RunTime:0.001143s ]
INFO: [ app_end ] --END-- [ RunTime:0.001230s ]

[ 2017-02-28T09:23:52+08:00 ] ::1 /matouPCS/?s=/Home/Box/ypq&p=1&type=&sex=2&age=&worktime=&address=&zuo=
INFO: [ app_init ] --START--
INFO: Run Behavior\BuildLiteBehavior [ RunTime:0.000011s ]
INFO: [ app_init ] --END-- [ RunTime:0.000296s ]
INFO: [ app_begin ] --START--
INFO: Run Behavior\ReadHtmlCacheBehavior [ RunTime:0.000414s ]
INFO: [ app_begin ] --END-- [ RunTime:0.000450s ]
NOTIC: [8] Undefined index: rzbd D:\phpStudy\WWW\matouPCS\Application\Home\Controller\BoxController.class.php 第 608 行.
NOTIC: [8] Undefined variable: jwhere D:\phpStudy\WWW\matouPCS\Application\Home\Controller\BoxController.class.php 第 693 行.
SQL: SHOW COLUMNS FROM `employ` [ RunTime:0.0123s ]
SQL: SELECT COUNT(*) AS tp_count FROM `employ` LIMIT 1   [ RunTime:0.0005s ]
SQL: SHOW COLUMNS FROM `user` [ RunTime:0.0111s ]
SQL: SELECT * FROM user as u INNER JOIN employ as r on u.id = r.uid  WHERE ( r.sexs = '2' ) ORDER BY r.eid desc LIMIT 0,10   [ RunTime:0.0012s ]
SQL: SHOW COLUMNS FROM `employwork` [ RunTime:0.0107s ]
SQL: SELECT * FROM `employwork`  [ RunTime:0.0007s ]
NOTIC: [2] Missing argument 1 for Think\PageAjax::show(), called in D:\phpStudy\WWW\matouPCS\Application\Home\Controller\BoxController.class.php on line 721 and defined D:\phpStudy\WWW\matouPCS\ThinkPHP\Library\Think\PageAjax.class.php 第 77 行.
NOTIC: [8] Undefined variable: url_replace D:\phpStudy\WWW\matouPCS\ThinkPHP\Library\Think\PageAjax.class.php 第 84 行.
INFO: [ view_parse ] --START--
INFO: [ template_filter ] --START--
INFO: Run Behavior\ContentReplaceBehavior [ RunTime:0.000127s ]
INFO: [ template_filter ] --END-- [ RunTime:0.000249s ]
INFO: Run Behavior\ParseTemplateBehavior [ RunTime:0.024211s ]
INFO: [ view_parse ] --END-- [ RunTime:0.024347s ]
INFO: [ view_filter ] --START--
INFO: Run Behavior\WriteHtmlCacheBehavior [ RunTime:0.000625s ]
INFO: [ view_filter ] --END-- [ RunTime:0.000733s ]
INFO: [ app_end ] --START--
INFO: Run Behavior\ShowPageTraceBehavior [ RunTime:0.001593s ]
INFO: [ app_end ] --END-- [ RunTime:0.001734s ]

[ 2017-02-28T09:23:56+08:00 ] ::1 /matouPCS/?s=/Home/Box/ypq&p=1&type=&sex=&age=&worktime=&address=&zuo=
INFO: [ app_init ] --START--
INFO: Run Behavior\BuildLiteBehavior [ RunTime:0.000011s ]
INFO: [ app_init ] --END-- [ RunTime:0.000310s ]
INFO: [ app_begin ] --START--
INFO: Run Behavior\ReadHtmlCacheBehavior [ RunTime:0.000442s ]
INFO: [ app_begin ] --END-- [ RunTime:0.000477s ]
NOTIC: [8] Undefined index: rzbd D:\phpStudy\WWW\matouPCS\Application\Home\Controller\BoxController.class.php 第 608 行.
NOTIC: [8] Undefined variable: where D:\phpStudy\WWW\matouPCS\Application\Home\Controller\BoxController.class.php 第 692 行.
NOTIC: [8] Undefined variable: jwhere D:\phpStudy\WWW\matouPCS\Application\Home\Controller\BoxController.class.php 第 693 行.
SQL: SHOW COLUMNS FROM `employ` [ RunTime:0.0093s ]
SQL: SELECT COUNT(*) AS tp_count FROM `employ` LIMIT 1   [ RunTime:0.0003s ]
NOTIC: [8] Undefined variable: where D:\phpStudy\WWW\matouPCS\Application\Home\Controller\BoxController.class.php 第 709 行.
SQL: SHOW COLUMNS FROM `user` [ RunTime:0.0067s ]
SQL: SELECT * FROM user as u INNER JOIN employ as r on u.id = r.uid  LIMIT 0,10   [ RunTime:0.0007s ]
SQL: SHOW COLUMNS FROM `employwork` [ RunTime:0.0067s ]
SQL: SELECT * FROM `employwork`  [ RunTime:0.0004s ]
NOTIC: [2] Missing argument 1 for Think\PageAjax::show(), called in D:\phpStudy\WWW\matouPCS\Application\Home\Controller\BoxController.class.php on line 721 and defined D:\phpStudy\WWW\matouPCS\ThinkPHP\Library\Think\PageAjax.class.php 第 77 行.
NOTIC: [8] Undefined variable: url_replace D:\phpStudy\WWW\matouPCS\ThinkPHP\Library\Think\PageAjax.class.php 第 84 行.
INFO: [ view_parse ] --START--
INFO: [ template_filter ] --START--
INFO: Run Behavior\ContentReplaceBehavior [ RunTime:0.000036s ]
INFO: [ template_filter ] --END-- [ RunTime:0.000070s ]
INFO: Run Behavior\ParseTemplateBehavior [ RunTime:0.012028s ]
INFO: [ view_parse ] --END-- [ RunTime:0.012090s ]
INFO: [ view_filter ] --START--
INFO: Run Behavior\WriteHtmlCacheBehavior [ RunTime:0.000172s ]
INFO: [ view_filter ] --END-- [ RunTime:0.000198s ]
INFO: [ app_end ] --START--
INFO: Run Behavior\ShowPageTraceBehavior [ RunTime:0.000402s ]
INFO: [ app_end ] --END-- [ RunTime:0.000432s ]

[ 2017-02-28T09:23:58+08:00 ] ::1 /matouPCS/?s=/Home/Box/ypq&p=1&type=&sex=&age=&worktime=&address=&zuo=1
INFO: [ app_init ] --START--
INFO: Run Behavior\BuildLiteBehavior [ RunTime:0.000011s ]
INFO: [ app_init ] --END-- [ RunTime:0.000279s ]
INFO: [ app_begin ] --START--
INFO: Run Behavior\ReadHtmlCacheBehavior [ RunTime:0.000435s ]
INFO: [ app_begin ] --END-- [ RunTime:0.000471s ]
NOTIC: [8] Undefined index: rzbd D:\phpStudy\WWW\matouPCS\Application\Home\Controller\BoxController.class.php 第 608 行.
NOTIC: [8] Undefined variable: where D:\phpStudy\WWW\matouPCS\Application\Home\Controller\BoxController.class.php 第 692 行.
NOTIC: [8] Undefined variable: jwhere D:\phpStudy\WWW\matouPCS\Application\Home\Controller\BoxController.class.php 第 693 行.
SQL: SHOW COLUMNS FROM `employ` [ RunTime:0.0113s ]
SQL: SELECT COUNT(*) AS tp_count FROM `employ` LIMIT 1   [ RunTime:0.0005s ]
NOTIC: [8] Undefined variable: where D:\phpStudy\WWW\matouPCS\Application\Home\Controller\BoxController.class.php 第 709 行.
SQL: SHOW COLUMNS FROM `user` [ RunTime:0.0113s ]
SQL: SELECT * FROM user as u INNER JOIN employ as r on u.id = r.uid INNER JOIN employimage as m on r.eid = m.pid INNER JOIN employvideo as v on v.pid = r.eid  ORDER BY r.eid desc LIMIT 0,10   [ RunTime:0.0099s ]
SQL: SHOW COLUMNS FROM `employwork` [ RunTime:0.0065s ]
SQL: SELECT * FROM `employwork`  [ RunTime:0.0004s ]
NOTIC: [2] Missing argument 1 for Think\PageAjax::show(), called in D:\phpStudy\WWW\matouPCS\Application\Home\Controller\BoxController.class.php on line 721 and defined D:\phpStudy\WWW\matouPCS\ThinkPHP\Library\Think\PageAjax.class.php 第 77 行.
NOTIC: [8] Undefined variable: url_replace D:\phpStudy\WWW\matouPCS\ThinkPHP\Library\Think\PageAjax.class.php 第 84 行.
INFO: [ view_parse ] --START--
INFO: [ template_filter ] --START--
INFO: Run Behavior\ContentReplaceBehavior [ RunTime:0.000072s ]
INFO: [ template_filter ] --END-- [ RunTime:0.000141s ]
INFO: Run Behavior\ParseTemplateBehavior [ RunTime:0.013800s ]
INFO: [ view_parse ] --END-- [ RunTime:0.013879s ]
INFO: [ view_filter ] --START--
INFO: Run Behavior\WriteHtmlCacheBehavior [ RunTime:0.000361s ]
INFO: [ view_filter ] --END-- [ RunTime:0.000417s ]
INFO: [ app_end ] --START--
INFO: Run Behavior\ShowPageTraceBehavior [ RunTime:0.000871s ]
INFO: [ app_end ] --END-- [ RunTime:0.000935s ]

[ 2017-02-28T09:24:11+08:00 ] ::1 /matouPCS/?s=/Home/Index
INFO: [ app_init ] --START--
INFO: Run Behavior\BuildLiteBehavior [ RunTime:0.000013s ]
INFO: [ app_init ] --END-- [ RunTime:0.000312s ]
INFO: [ app_begin ] --START--
INFO: Run Behavior\ReadHtmlCacheBehavior [ RunTime:0.000416s ]
INFO: [ app_begin ] --END-- [ RunTime:0.000464s ]
SQL: SHOW COLUMNS FROM `reward2` [ RunTime:0.0065s ]
SQL: SELECT * FROM reward2 as  r INNER JOIN reward1 as e on r.pid = e.psid  INNER JOIN  user as u on e.uid = u.id  ORDER BY e.psid desc LIMIT 0,21   [ RunTime:0.0066s ]
SQL: SHOW COLUMNS FROM `user` [ RunTime:0.0067s ]
SQL: SELECT * FROM user as u INNER JOIN forcee as f on f.uid = u.id  WHERE ( f.status = 2 ) ORDER BY f.collect desc LIMIT 0,4   [ RunTime:0.0006s ]
SQL: SELECT * FROM user as u INNER JOIN forcee as f on f.uid = u.id  WHERE ( f.status = 2 and u.id = 23 ) LIMIT 1   [ RunTime:0.0005s ]
SQL: SELECT * FROM user as u INNER JOIN due as d on u.id = d.uid  WHERE ( u.id = 23 ) LIMIT 1   [ RunTime:0.0005s ]
SQL: SELECT * FROM user as u INNER JOIN employ as d on u.id = d.uid  WHERE ( u.id = 23 ) LIMIT 1   [ RunTime:0.0004s ]
SQL: SHOW COLUMNS FROM `shop` [ RunTime:0.0064s ]
SQL: SELECT * FROM `shop` ORDER BY collect desc LIMIT 0,4   [ RunTime:0.0006s ]
SQL: SHOW COLUMNS FROM `flea` [ RunTime:0.0059s ]
SQL: SELECT * FROM flea as f INNER JOIN user as u on f.uid = u.id  WHERE ( tz_status = '1' ) LIMIT 0,5   [ RunTime:0.0006s ]
INFO: [ view_parse ] --START--
INFO: [ template_filter ] --START--
INFO: Run Behavior\ContentReplaceBehavior [ RunTime:0.000234s ]
INFO: [ template_filter ] --END-- [ RunTime:0.000282s ]
INFO: Run Behavior\ParseTemplateBehavior [ RunTime:0.028980s ]
INFO: [ view_parse ] --END-- [ RunTime:0.029044s ]
INFO: [ view_filter ] --START--
INFO: Run Behavior\WriteHtmlCacheBehavior [ RunTime:0.000257s ]
INFO: [ view_filter ] --END-- [ RunTime:0.000290s ]
INFO: [ app_end ] --START--
INFO: Run Behavior\ShowPageTraceBehavior [ RunTime:0.000552s ]
INFO: [ app_end ] --END-- [ RunTime:0.000604s ]

[ 2017-02-28T09:24:43+08:00 ] ::1 /matouPCS/?s=/Home/User/xqxx
INFO: [ app_init ] --START--
INFO: Run Behavior\BuildLiteBehavior [ RunTime:0.000012s ]
INFO: [ app_init ] --END-- [ RunTime:0.000319s ]
INFO: [ app_begin ] --START--
INFO: Run Behavior\ReadHtmlCacheBehavior [ RunTime:0.000533s ]
INFO: [ app_begin ] --END-- [ RunTime:0.000586s ]
INFO: [ view_parse ] --START--
INFO: [ template_filter ] --START--
INFO: Run Behavior\ContentReplaceBehavior [ RunTime:0.000032s ]
INFO: [ template_filter ] --END-- [ RunTime:0.000091s ]
INFO: Run Behavior\ParseTemplateBehavior [ RunTime:0.035214s ]
INFO: [ view_parse ] --END-- [ RunTime:0.035303s ]
INFO: [ view_filter ] --START--
INFO: Run Behavior\WriteHtmlCacheBehavior [ RunTime:0.000498s ]
INFO: [ view_filter ] --END-- [ RunTime:0.000538s ]
INFO: [ app_end ] --START--
INFO: Run Behavior\ShowPageTraceBehavior [ RunTime:0.000551s ]
INFO: [ app_end ] --END-- [ RunTime:0.000585s ]

[ 2017-02-28T09:24:48+08:00 ] ::1 /matouPCS/?s=/Home/Index
INFO: [ app_init ] --START--
INFO: Run Behavior\BuildLiteBehavior [ RunTime:0.000013s ]
INFO: [ app_init ] --END-- [ RunTime:0.000314s ]
INFO: [ app_begin ] --START--
INFO: Run Behavior\ReadHtmlCacheBehavior [ RunTime:0.000495s ]
INFO: [ app_begin ] --END-- [ RunTime:0.000543s ]
SQL: SHOW COLUMNS FROM `reward2` [ RunTime:0.0119s ]
SQL: SELECT * FROM reward2 as  r INNER JOIN reward1 as e on r.pid = e.psid  INNER JOIN  user as u on e.uid = u.id  ORDER BY e.psid desc LIMIT 0,21   [ RunTime:0.0077s ]
SQL: SHOW COLUMNS FROM `user` [ RunTime:0.0072s ]
SQL: SELECT * FROM user as u INNER JOIN forcee as f on f.uid = u.id  WHERE ( f.status = 2 ) ORDER BY f.collect desc LIMIT 0,4   [ RunTime:0.0007s ]
SQL: SELECT * FROM user as u INNER JOIN forcee as f on f.uid = u.id  WHERE ( f.status = 2 and u.id = 23 ) LIMIT 1   [ RunTime:0.0005s ]
SQL: SELECT * FROM user as u INNER JOIN due as d on u.id = d.uid  WHERE ( u.id = 23 ) LIMIT 1   [ RunTime:0.0005s ]
SQL: SELECT * FROM user as u INNER JOIN employ as d on u.id = d.uid  WHERE ( u.id = 23 ) LIMIT 1   [ RunTime:0.0006s ]
SQL: SHOW COLUMNS FROM `shop` [ RunTime:0.0073s ]
SQL: SELECT * FROM `shop` ORDER BY collect desc LIMIT 0,4   [ RunTime:0.0006s ]
SQL: SHOW COLUMNS FROM `flea` [ RunTime:0.0065s ]
SQL: SELECT * FROM flea as f INNER JOIN user as u on f.uid = u.id  WHERE ( tz_status = '1' ) LIMIT 0,5   [ RunTime:0.0005s ]
INFO: [ view_parse ] --START--
INFO: [ template_filter ] --START--
INFO: Run Behavior\ContentReplaceBehavior [ RunTime:0.000246s ]
INFO: [ template_filter ] --END-- [ RunTime:0.000311s ]
INFO: Run Behavior\ParseTemplateBehavior [ RunTime:0.020638s ]
INFO: [ view_parse ] --END-- [ RunTime:0.020694s ]
INFO: [ view_filter ] --START--
INFO: Run Behavior\WriteHtmlCacheBehavior [ RunTime:0.000195s ]
INFO: [ view_filter ] --END-- [ RunTime:0.000225s ]
INFO: [ app_end ] --START--
INFO: Run Behavior\ShowPageTraceBehavior [ RunTime:0.000543s ]
INFO: [ app_end ] --END-- [ RunTime:0.000598s ]

[ 2017-02-28T09:24:50+08:00 ] ::1 /matouPCS/?s=/Home/User/xqxx
INFO: [ app_init ] --START--
INFO: Run Behavior\BuildLiteBehavior [ RunTime:0.000010s ]
INFO: [ app_init ] --END-- [ RunTime:0.000315s ]
INFO: [ app_begin ] --START--
INFO: Run Behavior\ReadHtmlCacheBehavior [ RunTime:0.000448s ]
INFO: [ app_begin ] --END-- [ RunTime:0.000488s ]
INFO: [ view_parse ] --START--
INFO: [ template_filter ] --START--
INFO: Run Behavior\ContentReplaceBehavior [ RunTime:0.000024s ]
INFO: [ template_filter ] --END-- [ RunTime:0.000060s ]
INFO: Run Behavior\ParseTemplateBehavior [ RunTime:0.005170s ]
INFO: [ view_parse ] --END-- [ RunTime:0.005313s ]
INFO: [ view_filter ] --START--
INFO: Run Behavior\WriteHtmlCacheBehavior [ RunTime:0.000282s ]
INFO: [ view_filter ] --END-- [ RunTime:0.000320s ]
INFO: [ app_end ] --START--
INFO: Run Behavior\ShowPageTraceBehavior [ RunTime:0.000445s ]
INFO: [ app_end ] --END-- [ RunTime:0.000479s ]

[ 2017-02-28T09:27:25+08:00 ] ::1 /matouPCS/
INFO: [ app_init ] --START--
INFO: Run Behavior\BuildLiteBehavior [ RunTime:0.000021s ]
INFO: [ app_init ] --END-- [ RunTime:0.001099s ]
INFO: [ app_begin ] --START--
INFO: Run Behavior\ReadHtmlCacheBehavior [ RunTime:0.001241s ]
INFO: [ app_begin ] --END-- [ RunTime:0.001316s ]
SQL: SHOW COLUMNS FROM `reward2` [ RunTime:0.0126s ]
SQL: SELECT * FROM reward2 as  r INNER JOIN reward1 as e on r.pid = e.psid  INNER JOIN  user as u on e.uid = u.id  ORDER BY e.psid desc LIMIT 0,21   [ RunTime:0.0124s ]
SQL: SHOW COLUMNS FROM `user` [ RunTime:0.0128s ]
SQL: SELECT * FROM user as u INNER JOIN forcee as f on f.uid = u.id  WHERE ( f.status = 2 ) ORDER BY f.collect desc LIMIT 0,4   [ RunTime:0.0013s ]
SQL: SELECT * FROM user as u INNER JOIN forcee as f on f.uid = u.id  WHERE ( f.status = 2 and u.id = 23 ) LIMIT 1   [ RunTime:0.0006s ]
SQL: SELECT * FROM user as u INNER JOIN due as d on u.id = d.uid  WHERE ( u.id = 23 ) LIMIT 1   [ RunTime:0.0005s ]
SQL: SELECT * FROM user as u INNER JOIN employ as d on u.id = d.uid  WHERE ( u.id = 23 ) LIMIT 1   [ RunTime:0.0005s ]
SQL: SHOW COLUMNS FROM `shop` [ RunTime:0.0067s ]
SQL: SELECT * FROM `shop` ORDER BY collect desc LIMIT 0,4   [ RunTime:0.0005s ]
SQL: SHOW COLUMNS FROM `flea` [ RunTime:0.0067s ]
SQL: SELECT * FROM flea as f INNER JOIN user as u on f.uid = u.id  WHERE ( tz_status = '1' ) LIMIT 0,5   [ RunTime:0.0007s ]
INFO: [ view_parse ] --START--
INFO: [ template_filter ] --START--
INFO: Run Behavior\ContentReplaceBehavior [ RunTime:0.000491s ]
INFO: [ template_filter ] --END-- [ RunTime:0.000581s ]
INFO: Run Behavior\ParseTemplateBehavior [ RunTime:0.042362s ]
INFO: [ view_parse ] --END-- [ RunTime:0.042436s ]
INFO: [ view_filter ] --START--
INFO: Run Behavior\WriteHtmlCacheBehavior [ RunTime:0.001035s ]
INFO: [ view_filter ] --END-- [ RunTime:0.001084s ]
INFO: [ app_end ] --START--
INFO: Run Behavior\ShowPageTraceBehavior [ RunTime:0.001449s ]
INFO: [ app_end ] --END-- [ RunTime:0.001524s ]

[ 2017-02-28T09:27:28+08:00 ] ::1 /matouPCS/?s=/Home/Xsdt
INFO: [ app_init ] --START--
INFO: Run Behavior\BuildLiteBehavior [ RunTime:0.000012s ]
INFO: [ app_init ] --END-- [ RunTime:0.000288s ]
INFO: [ app_begin ] --START--
INFO: Run Behavior\ReadHtmlCacheBehavior [ RunTime:0.000449s ]
INFO: [ app_begin ] --END-- [ RunTime:0.000487s ]
SQL: SHOW COLUMNS FROM `reward2` [ RunTime:0.0048s ]
SQL: SELECT * FROM reward2 as  r INNER JOIN reward1 as e on r.pid = e.psid  INNER JOIN  user as u on e.uid = u.id  ORDER BY e.psid desc LIMIT 0,3   [ RunTime:0.0038s ]
SQL: SHOW COLUMNS FROM `user` [ RunTime:0.0043s ]
SQL: SELECT * FROM user as u INNER JOIN forcee as f on f.uid = u.id  WHERE ( f.status = 2 ) ORDER BY f.collect desc LIMIT 0,4   [ RunTime:0.0005s ]
SQL: SHOW COLUMNS FROM `reward1` [ RunTime:0.0045s ]
SQL: SELECT * FROM `reward1`  [ RunTime:0.0003s ]
INFO: [ view_parse ] --START--
INFO: [ template_filter ] --START--
INFO: Run Behavior\ContentReplaceBehavior [ RunTime:0.000161s ]
INFO: [ template_filter ] --END-- [ RunTime:0.000234s ]
NOTIC: [8] Undefined index: type D:\phpStudy\WWW\matouPCS\Application\Runtime\Cache\Home\512f353e7cc5ac7bb6281b10a93262f7.php 第 535 行.
NOTIC: [8] Undefined index: type D:\phpStudy\WWW\matouPCS\Application\Runtime\Cache\Home\512f353e7cc5ac7bb6281b10a93262f7.php 第 535 行.
INFO: Run Behavior\ParseTemplateBehavior [ RunTime:0.011402s ]
INFO: [ view_parse ] --END-- [ RunTime:0.011440s ]
INFO: [ view_filter ] --START--
INFO: Run Behavior\WriteHtmlCacheBehavior [ RunTime:0.000263s ]
INFO: [ view_filter ] --END-- [ RunTime:0.000292s ]
INFO: [ app_end ] --START--
INFO: Run Behavior\ShowPageTraceBehavior [ RunTime:0.000480s ]
INFO: [ app_end ] --END-- [ RunTime:0.000531s ]

[ 2017-02-28T09:27:29+08:00 ] ::1 /matouPCS/?s=/Home/Box/orders&p=1&type=&sex=&age=&date=&address=&re=1
INFO: [ app_init ] --START--
INFO: Run Behavior\BuildLiteBehavior [ RunTime:0.000012s ]
INFO: [ app_init ] --END-- [ RunTime:0.000284s ]
INFO: [ app_begin ] --START--
INFO: Run Behavior\ReadHtmlCacheBehavior [ RunTime:0.000459s ]
INFO: [ app_begin ] --END-- [ RunTime:0.000505s ]
NOTIC: [8] Undefined variable: where D:\phpStudy\WWW\matouPCS\Application\Home\Controller\BoxController.class.php 第 103 行.
NOTIC: [8] Undefined variable: jwhere D:\phpStudy\WWW\matouPCS\Application\Home\Controller\BoxController.class.php 第 104 行.
SQL: SHOW COLUMNS FROM `reward2` [ RunTime:0.0049s ]
SQL: SELECT * FROM reward2 as r INNER JOIN reward1 as e on r.pid = e.psid   [ RunTime:0.0004s ]
SQL: SHOW COLUMNS FROM `reward1` [ RunTime:0.0044s ]
SQL: SELECT COUNT(*) AS tp_count FROM `reward1` LIMIT 1   [ RunTime:0.0002s ]
SQL: SHOW COLUMNS FROM `reward1` [ RunTime:0.0045s ]
SQL: SELECT * FROM reward1 as e INNER JOIN user as u on e.uid = u.id  LIMIT 0,10   [ RunTime:0.0004s ]
NOTIC: [8] Undefined index: bao D:\phpStudy\WWW\matouPCS\Application\Home\Controller\BoxController.class.php 第 132 行.
NOTIC: [8] Undefined index: bao D:\phpStudy\WWW\matouPCS\Application\Home\Controller\BoxController.class.php 第 132 行.
NOTIC: [8] Undefined index: bao D:\phpStudy\WWW\matouPCS\Application\Home\Controller\BoxController.class.php 第 132 行.
NOTIC: [2] array_multisort(): Array sizes are inconsistent D:\phpStudy\WWW\matouPCS\Application\Home\Controller\BoxController.class.php 第 134 行.
NOTIC: [2] Missing argument 1 for Think\PageAjax::show(), called in D:\phpStudy\WWW\matouPCS\Application\Home\Controller\BoxController.class.php on line 163 and defined D:\phpStudy\WWW\matouPCS\ThinkPHP\Library\Think\PageAjax.class.php 第 77 行.
NOTIC: [8] Undefined variable: url_replace D:\phpStudy\WWW\matouPCS\ThinkPHP\Library\Think\PageAjax.class.php 第 84 行.
INFO: [ view_parse ] --START--
INFO: [ template_filter ] --START--
INFO: Run Behavior\ContentReplaceBehavior [ RunTime:0.000031s ]
INFO: [ template_filter ] --END-- [ RunTime:0.000071s ]
INFO: Run Behavior\ParseTemplateBehavior [ RunTime:0.005962s ]
INFO: [ view_parse ] --END-- [ RunTime:0.006017s ]
INFO: [ view_filter ] --START--
INFO: Run Behavior\WriteHtmlCacheBehavior [ RunTime:0.000205s ]
INFO: [ view_filter ] --END-- [ RunTime:0.000233s ]
INFO: [ app_end ] --START--
INFO: Run Behavior\ShowPageTraceBehavior [ RunTime:0.000516s ]
INFO: [ app_end ] --END-- [ RunTime:0.000560s ]

[ 2017-02-28T09:27:33+08:00 ] ::1 /matouPCS/?s=/Home/Box/orders&p=1&type=%E4%B8%BB%E6%8C%81%E4%BA%BA&sex=&age=&date=&address=&re=1
INFO: [ app_init ] --START--
INFO: Run Behavior\BuildLiteBehavior [ RunTime:0.000012s ]
INFO: [ app_init ] --END-- [ RunTime:0.000357s ]
INFO: [ app_begin ] --START--
INFO: Run Behavior\ReadHtmlCacheBehavior [ RunTime:0.000442s ]
INFO: [ app_begin ] --END-- [ RunTime:0.000476s ]
NOTIC: [8] Undefined variable: jwhere D:\phpStudy\WWW\matouPCS\Application\Home\Controller\BoxController.class.php 第 104 行.
SQL: SHOW COLUMNS FROM `reward2` [ RunTime:0.0120s ]
SQL: SELECT * FROM reward2 as r INNER JOIN reward1 as e on r.pid = e.psid  WHERE ( r.type = '主持人' )  [ RunTime:0.0012s ]
SQL: SHOW COLUMNS FROM `reward1` [ RunTime:0.0115s ]
SQL: SELECT COUNT(*) AS tp_count FROM `reward1` LIMIT 1   [ RunTime:0.0005s ]
SQL: SHOW COLUMNS FROM `reward1` [ RunTime:0.0115s ]
SQL: SELECT * FROM reward1 as e INNER JOIN user as u on e.uid = u.id  ORDER BY  e.psid desc  LIMIT 0,10   [ RunTime:0.0011s ]
NOTIC: [2] Missing argument 1 for Think\PageAjax::show(), called in D:\phpStudy\WWW\matouPCS\Application\Home\Controller\BoxController.class.php on line 163 and defined D:\phpStudy\WWW\matouPCS\ThinkPHP\Library\Think\PageAjax.class.php 第 77 行.
NOTIC: [8] Undefined variable: url_replace D:\phpStudy\WWW\matouPCS\ThinkPHP\Library\Think\PageAjax.class.php 第 84 行.
INFO: [ view_parse ] --START--
INFO: [ template_filter ] --START--
INFO: Run Behavior\ContentReplaceBehavior [ RunTime:0.000105s ]
INFO: [ template_filter ] --END-- [ RunTime:0.000255s ]
INFO: Run Behavior\ParseTemplateBehavior [ RunTime:0.019440s ]
INFO: [ view_parse ] --END-- [ RunTime:0.019577s ]
INFO: [ view_filter ] --START--
INFO: Run Behavior\WriteHtmlCacheBehavior [ RunTime:0.000632s ]
INFO: [ view_filter ] --END-- [ RunTime:0.000735s ]
INFO: [ app_end ] --START--
INFO: Run Behavior\ShowPageTraceBehavior [ RunTime:0.001523s ]
INFO: [ app_end ] --END-- [ RunTime:0.001636s ]

[ 2017-02-28T09:27:36+08:00 ] ::1 /matouPCS/?s=/Home/Box/orders&p=1&type=%E4%B8%BB%E6%8C%81%E4%BA%BA&sex=2&age=&date=&address=&re=1
INFO: [ app_init ] --START--
INFO: Run Behavior\BuildLiteBehavior [ RunTime:0.000011s ]
INFO: [ app_init ] --END-- [ RunTime:0.000311s ]
INFO: [ app_begin ] --START--
INFO: Run Behavior\ReadHtmlCacheBehavior [ RunTime:0.000408s ]
INFO: [ app_begin ] --END-- [ RunTime:0.000443s ]
NOTIC: [8] Undefined variable: jwhere D:\phpStudy\WWW\matouPCS\Application\Home\Controller\BoxController.class.php 第 104 行.
SQL: SHOW COLUMNS FROM `reward2` [ RunTime:0.0136s ]
SQL: SELECT * FROM reward2 as r INNER JOIN reward1 as e on r.pid = e.psid  WHERE ( r.type = '主持人' and r.sex = '2' )  [ RunTime:0.0011s ]
SQL: SHOW COLUMNS FROM `reward1` [ RunTime:0.0111s ]
SQL: SELECT COUNT(*) AS tp_count FROM `reward1` LIMIT 1   [ RunTime:0.0005s ]
SQL: SHOW COLUMNS FROM `reward1` [ RunTime:0.0108s ]
SQL: SELECT * FROM reward1 as e INNER JOIN user as u on e.uid = u.id  ORDER BY  e.psid desc  LIMIT 0,10   [ RunTime:0.0011s ]
NOTIC: [8] Undefined offset: 0 D:\phpStudy\WWW\matouPCS\Application\Home\Controller\BoxController.class.php 第 156 行.
NOTIC: [2] Missing argument 1 for Think\PageAjax::show(), called in D:\phpStudy\WWW\matouPCS\Application\Home\Controller\BoxController.class.php on line 163 and defined D:\phpStudy\WWW\matouPCS\ThinkPHP\Library\Think\PageAjax.class.php 第 77 行.
NOTIC: [8] Undefined variable: url_replace D:\phpStudy\WWW\matouPCS\ThinkPHP\Library\Think\PageAjax.class.php 第 84 行.
INFO: [ view_parse ] --START--
INFO: [ template_filter ] --START--
INFO: Run Behavior\ContentReplaceBehavior [ RunTime:0.000095s ]
INFO: [ template_filter ] --END-- [ RunTime:0.000214s ]
INFO: Run Behavior\ParseTemplateBehavior [ RunTime:0.017595s ]
INFO: [ view_parse ] --END-- [ RunTime:0.017735s ]
INFO: [ view_filter ] --START--
INFO: Run Behavior\WriteHtmlCacheBehavior [ RunTime:0.000625s ]
INFO: [ view_filter ] --END-- [ RunTime:0.000729s ]
INFO: [ app_end ] --START--
INFO: Run Behavior\ShowPageTraceBehavior [ RunTime:0.001513s ]
INFO: [ app_end ] --END-- [ RunTime:0.001628s ]

[ 2017-02-28T09:27:38+08:00 ] ::1 /matouPCS/?s=/Home/Box/orders&p=1&type=&sex=2&age=&date=&address=&re=1
INFO: [ app_init ] --START--
INFO: Run Behavior\BuildLiteBehavior [ RunTime:0.000011s ]
INFO: [ app_init ] --END-- [ RunTime:0.000290s ]
INFO: [ app_begin ] --START--
INFO: Run Behavior\ReadHtmlCacheBehavior [ RunTime:0.000425s ]
INFO: [ app_begin ] --END-- [ RunTime:0.000472s ]
NOTIC: [8] Undefined variable: jwhere D:\phpStudy\WWW\matouPCS\Application\Home\Controller\BoxController.class.php 第 104 行.
SQL: SHOW COLUMNS FROM `reward2` [ RunTime:0.0119s ]
SQL: SELECT * FROM reward2 as r INNER JOIN reward1 as e on r.pid = e.psid  WHERE ( r.sex = '2' )  [ RunTime:0.0011s ]
SQL: SHOW COLUMNS FROM `reward1` [ RunTime:0.0112s ]
SQL: SELECT COUNT(*) AS tp_count FROM `reward1` LIMIT 1   [ RunTime:0.0005s ]
SQL: SHOW COLUMNS FROM `reward1` [ RunTime:0.0110s ]
SQL: SELECT * FROM reward1 as e INNER JOIN user as u on e.uid = u.id  ORDER BY  e.psid desc  LIMIT 0,10   [ RunTime:0.0011s ]
NOTIC: [8] Undefined offset: 0 D:\phpStudy\WWW\matouPCS\Application\Home\Controller\BoxController.class.php 第 156 行.
NOTIC: [2] Missing argument 1 for Think\PageAjax::show(), called in D:\phpStudy\WWW\matouPCS\Application\Home\Controller\BoxController.class.php on line 163 and defined D:\phpStudy\WWW\matouPCS\ThinkPHP\Library\Think\PageAjax.class.php 第 77 行.
NOTIC: [8] Undefined variable: url_replace D:\phpStudy\WWW\matouPCS\ThinkPHP\Library\Think\PageAjax.class.php 第 84 行.
INFO: [ view_parse ] --START--
INFO: [ template_filter ] --START--
INFO: Run Behavior\ContentReplaceBehavior [ RunTime:0.000098s ]
INFO: [ template_filter ] --END-- [ RunTime:0.000221s ]
INFO: Run Behavior\ParseTemplateBehavior [ RunTime:0.017933s ]
INFO: [ view_parse ] --END-- [ RunTime:0.018072s ]
INFO: [ view_filter ] --START--
INFO: Run Behavior\WriteHtmlCacheBehavior [ RunTime:0.000634s ]
INFO: [ view_filter ] --END-- [ RunTime:0.000738s ]
INFO: [ app_end ] --START--
INFO: Run Behavior\ShowPageTraceBehavior [ RunTime:0.001516s ]
INFO: [ app_end ] --END-- [ RunTime:0.001630s ]

[ 2017-02-28T09:27:42+08:00 ] ::1 /matouPCS/?s=/Home/Box/orders&p=1&type=&sex=1&age=&date=&address=&re=1
INFO: [ app_init ] --START--
INFO: Run Behavior\BuildLiteBehavior [ RunTime:0.000011s ]
INFO: [ app_init ] --END-- [ RunTime:0.000274s ]
INFO: [ app_begin ] --START--
INFO: Run Behavior\ReadHtmlCacheBehavior [ RunTime:0.000493s ]
INFO: [ app_begin ] --END-- [ RunTime:0.000529s ]
NOTIC: [8] Undefined variable: jwhere D:\phpStudy\WWW\matouPCS\Application\Home\Controller\BoxController.class.php 第 104 行.
SQL: SHOW COLUMNS FROM `reward2` [ RunTime:0.0123s ]
SQL: SELECT * FROM reward2 as r INNER JOIN reward1 as e on r.pid = e.psid  WHERE ( r.sex = '1' )  [ RunTime:0.0010s ]
SQL: SHOW COLUMNS FROM `reward1` [ RunTime:0.0110s ]
SQL: SELECT COUNT(*) AS tp_count FROM `reward1` LIMIT 1   [ RunTime:0.0005s ]
SQL: SHOW COLUMNS FROM `reward1` [ RunTime:0.0097s ]
SQL: SELECT * FROM reward1 as e INNER JOIN user as u on e.uid = u.id  ORDER BY  e.psid desc  LIMIT 0,10   [ RunTime:0.0006s ]
NOTIC: [8] Undefined offset: 0 D:\phpStudy\WWW\matouPCS\Application\Home\Controller\BoxController.class.php 第 156 行.
NOTIC: [8] Undefined offset: 0 D:\phpStudy\WWW\matouPCS\Application\Home\Controller\BoxController.class.php 第 156 行.
NOTIC: [2] Missing argument 1 for Think\PageAjax::show(), called in D:\phpStudy\WWW\matouPCS\Application\Home\Controller\BoxController.class.php on line 163 and defined D:\phpStudy\WWW\matouPCS\ThinkPHP\Library\Think\PageAjax.class.php 第 77 行.
NOTIC: [8] Undefined variable: url_replace D:\phpStudy\WWW\matouPCS\ThinkPHP\Library\Think\PageAjax.class.php 第 84 行.
INFO: [ view_parse ] --START--
INFO: [ template_filter ] --START--
INFO: Run Behavior\ContentReplaceBehavior [ RunTime:0.000051s ]
INFO: [ template_filter ] --END-- [ RunTime:0.000117s ]
INFO: Run Behavior\ParseTemplateBehavior [ RunTime:0.010595s ]
INFO: [ view_parse ] --END-- [ RunTime:0.010680s ]
INFO: [ view_filter ] --START--
INFO: Run Behavior\WriteHtmlCacheBehavior [ RunTime:0.000322s ]
INFO: [ view_filter ] --END-- [ RunTime:0.000373s ]
INFO: [ app_end ] --START--
INFO: Run Behavior\ShowPageTraceBehavior [ RunTime:0.000766s ]
INFO: [ app_end ] --END-- [ RunTime:0.000821s ]

[ 2017-02-28T09:27:44+08:00 ] ::1 /matouPCS/?s=/Home/Box/orders&p=1&type=&sex=1&age=&date=&address=&re=1
INFO: [ app_init ] --START--
INFO: Run Behavior\BuildLiteBehavior [ RunTime:0.000010s ]
INFO: [ app_init ] --END-- [ RunTime:0.000275s ]
INFO: [ app_begin ] --START--
INFO: Run Behavior\ReadHtmlCacheBehavior [ RunTime:0.000407s ]
INFO: [ app_begin ] --END-- [ RunTime:0.000442s ]
NOTIC: [8] Undefined variable: jwhere D:\phpStudy\WWW\matouPCS\Application\Home\Controller\BoxController.class.php 第 104 行.
SQL: SHOW COLUMNS FROM `reward2` [ RunTime:0.0138s ]
SQL: SELECT * FROM reward2 as r INNER JOIN reward1 as e on r.pid = e.psid  WHERE ( r.sex = '1' )  [ RunTime:0.0011s ]
SQL: SHOW COLUMNS FROM `reward1` [ RunTime:0.0077s ]
SQL: SELECT COUNT(*) AS tp_count FROM `reward1` LIMIT 1   [ RunTime:0.0003s ]
SQL: SHOW COLUMNS FROM `reward1` [ RunTime:0.0072s ]
SQL: SELECT * FROM reward1 as e INNER JOIN user as u on e.uid = u.id  ORDER BY  e.psid desc  LIMIT 0,10   [ RunTime:0.0007s ]
NOTIC: [8] Undefined offset: 0 D:\phpStudy\WWW\matouPCS\Application\Home\Controller\BoxController.class.php 第 156 行.
NOTIC: [8] Undefined offset: 0 D:\phpStudy\WWW\matouPCS\Application\Home\Controller\BoxController.class.php 第 156 行.
NOTIC: [2] Missing argument 1 for Think\PageAjax::show(), called in D:\phpStudy\WWW\matouPCS\Application\Home\Controller\BoxController.class.php on line 163 and defined D:\phpStudy\WWW\matouPCS\ThinkPHP\Library\Think\PageAjax.class.php 第 77 行.
NOTIC: [8] Undefined variable: url_replace D:\phpStudy\WWW\matouPCS\ThinkPHP\Library\Think\PageAjax.class.php 第 84 行.
INFO: [ view_parse ] --START--
INFO: [ template_filter ] --START--
INFO: Run Behavior\ContentReplaceBehavior [ RunTime:0.000057s ]
INFO: [ template_filter ] --END-- [ RunTime:0.000124s ]
INFO: Run Behavior\ParseTemplateBehavior [ RunTime:0.010095s ]
INFO: [ view_parse ] --END-- [ RunTime:0.010173s ]
INFO: [ view_filter ] --START--
INFO: Run Behavior\WriteHtmlCacheBehavior [ RunTime:0.000359s ]
INFO: [ view_filter ] --END-- [ RunTime:0.000416s ]
INFO: [ app_end ] --START--
INFO: Run Behavior\ShowPageTraceBehavior [ RunTime:0.000864s ]
INFO: [ app_end ] --END-- [ RunTime:0.000929s ]

[ 2017-02-28T09:27:46+08:00 ] ::1 /matouPCS/?s=/Home/Box/orders&p=1&type=&sex=&age=&date=&address=&re=1
INFO: [ app_init ] --START--
INFO: Run Behavior\BuildLiteBehavior [ RunTime:0.000011s ]
INFO: [ app_init ] --END-- [ RunTime:0.000375s ]
INFO: [ app_begin ] --START--
INFO: Run Behavior\ReadHtmlCacheBehavior [ RunTime:0.000442s ]
INFO: [ app_begin ] --END-- [ RunTime:0.000478s ]
NOTIC: [8] Undefined variable: where D:\phpStudy\WWW\matouPCS\Application\Home\Controller\BoxController.class.php 第 103 行.
NOTIC: [8] Undefined variable: jwhere D:\phpStudy\WWW\matouPCS\Application\Home\Controller\BoxController.class.php 第 104 行.
SQL: SHOW COLUMNS FROM `reward2` [ RunTime:0.0090s ]
SQL: SELECT * FROM reward2 as r INNER JOIN reward1 as e on r.pid = e.psid   [ RunTime:0.0006s ]
SQL: SHOW COLUMNS FROM `reward1` [ RunTime:0.0060s ]
SQL: SELECT COUNT(*) AS tp_count FROM `reward1` LIMIT 1   [ RunTime:0.0003s ]
SQL: SHOW COLUMNS FROM `reward1` [ RunTime:0.0062s ]
SQL: SELECT * FROM reward1 as e INNER JOIN user as u on e.uid = u.id  LIMIT 0,10   [ RunTime:0.0006s ]
NOTIC: [8] Undefined index: bao D:\phpStudy\WWW\matouPCS\Application\Home\Controller\BoxController.class.php 第 132 行.
NOTIC: [8] Undefined index: bao D:\phpStudy\WWW\matouPCS\Application\Home\Controller\BoxController.class.php 第 132 行.
NOTIC: [8] Undefined index: bao D:\phpStudy\WWW\matouPCS\Application\Home\Controller\BoxController.class.php 第 132 行.
NOTIC: [2] array_multisort(): Array sizes are inconsistent D:\phpStudy\WWW\matouPCS\Application\Home\Controller\BoxController.class.php 第 134 行.
NOTIC: [2] Missing argument 1 for Think\PageAjax::show(), called in D:\phpStudy\WWW\matouPCS\Application\Home\Controller\BoxController.class.php on line 163 and defined D:\phpStudy\WWW\matouPCS\ThinkPHP\Library\Think\PageAjax.class.php 第 77 行.
NOTIC: [8] Undefined variable: url_replace D:\phpStudy\WWW\matouPCS\ThinkPHP\Library\Think\PageAjax.class.php 第 84 行.
INFO: [ view_parse ] --START--
INFO: [ template_filter ] --START--
INFO: Run Behavior\ContentReplaceBehavior [ RunTime:0.000055s ]
INFO: [ template_filter ] --END-- [ RunTime:0.000120s ]
INFO: Run Behavior\ParseTemplateBehavior [ RunTime:0.009593s ]
INFO: [ view_parse ] --END-- [ RunTime:0.009669s ]
INFO: [ view_filter ] --START--
INFO: Run Behavior\WriteHtmlCacheBehavior [ RunTime:0.000391s ]
INFO: [ view_filter ] --END-- [ RunTime:0.000462s ]
INFO: [ app_end ] --START--
INFO: Run Behavior\ShowPageTraceBehavior [ RunTime:0.001370s ]
INFO: [ app_end ] --END-- [ RunTime:0.001479s ]

[ 2017-02-28T09:27:48+08:00 ] ::1 /matouPCS/?s=/Home/Box/orders&p=1&type=&sex=&age=18-25&date=&address=&re=1
INFO: [ app_init ] --START--
INFO: Run Behavior\BuildLiteBehavior [ RunTime:0.000011s ]
INFO: [ app_init ] --END-- [ RunTime:0.000277s ]
INFO: [ app_begin ] --START--
INFO: Run Behavior\ReadHtmlCacheBehavior [ RunTime:0.000737s ]
INFO: [ app_begin ] --END-- [ RunTime:0.000788s ]
NOTIC: [8] Undefined variable: jwhere D:\phpStudy\WWW\matouPCS\Application\Home\Controller\BoxController.class.php 第 104 行.
SQL: SHOW COLUMNS FROM `reward2` [ RunTime:0.0122s ]
SQL: SELECT * FROM reward2 as r INNER JOIN reward1 as e on r.pid = e.psid  WHERE ( r.age = '18-25' )  [ RunTime:0.0011s ]
SQL: SHOW COLUMNS FROM `reward1` [ RunTime:0.0116s ]
SQL: SELECT COUNT(*) AS tp_count FROM `reward1` LIMIT 1   [ RunTime:0.0003s ]
SQL: SHOW COLUMNS FROM `reward1` [ RunTime:0.0062s ]
SQL: SELECT * FROM reward1 as e INNER JOIN user as u on e.uid = u.id  ORDER BY  e.psid desc  LIMIT 0,10   [ RunTime:0.0006s ]
NOTIC: [8] Undefined offset: 0 D:\phpStudy\WWW\matouPCS\Application\Home\Controller\BoxController.class.php 第 156 行.
NOTIC: [8] Undefined offset: 0 D:\phpStudy\WWW\matouPCS\Application\Home\Controller\BoxController.class.php 第 156 行.
NOTIC: [8] Undefined offset: 0 D:\phpStudy\WWW\matouPCS\Application\Home\Controller\BoxController.class.php 第 156 行.
NOTIC: [2] Missing argument 1 for Think\PageAjax::show(), called in D:\phpStudy\WWW\matouPCS\Application\Home\Controller\BoxController.class.php on line 163 and defined D:\phpStudy\WWW\matouPCS\ThinkPHP\Library\Think\PageAjax.class.php 第 77 行.
NOTIC: [8] Undefined variable: url_replace D:\phpStudy\WWW\matouPCS\ThinkPHP\Library\Think\PageAjax.class.php 第 84 行.
NOTIC: [8] Undefined variable: newLists D:\phpStudy\WWW\matouPCS\Application\Home\Controller\BoxController.class.php 第 165 行.
INFO: [ view_parse ] --START--
INFO: [ template_filter ] --START--
INFO: Run Behavior\ContentReplaceBehavior [ RunTime:0.000054s ]
INFO: [ template_filter ] --END-- [ RunTime:0.000118s ]
INFO: Run Behavior\ParseTemplateBehavior [ RunTime:0.009534s ]
INFO: [ view_parse ] --END-- [ RunTime:0.009608s ]
INFO: [ view_filter ] --START--
INFO: Run Behavior\WriteHtmlCacheBehavior [ RunTime:0.000340s ]
INFO: [ view_filter ] --END-- [ RunTime:0.000392s ]
INFO: [ app_end ] --START--
INFO: Run Behavior\ShowPageTraceBehavior [ RunTime:0.000838s ]
INFO: [ app_end ] --END-- [ RunTime:0.000899s ]

[ 2017-02-28T09:27:50+08:00 ] ::1 /matouPCS/?s=/Home/Box/orders&p=1&type=&sex=&age=25-30&date=&address=&re=1
INFO: [ app_init ] --START--
INFO: Run Behavior\BuildLiteBehavior [ RunTime:0.000010s ]
INFO: [ app_init ] --END-- [ RunTime:0.000276s ]
INFO: [ app_begin ] --START--
INFO: Run Behavior\ReadHtmlCacheBehavior [ RunTime:0.000410s ]
INFO: [ app_begin ] --END-- [ RunTime:0.000444s ]
NOTIC: [8] Undefined variable: jwhere D:\phpStudy\WWW\matouPCS\Application\Home\Controller\BoxController.class.php 第 104 行.
SQL: SHOW COLUMNS FROM `reward2` [ RunTime:0.0114s ]
SQL: SELECT * FROM reward2 as r INNER JOIN reward1 as e on r.pid = e.psid  WHERE ( r.age = '25-30' )  [ RunTime:0.0009s ]
SQL: SHOW COLUMNS FROM `reward1` [ RunTime:0.0113s ]
SQL: SELECT COUNT(*) AS tp_count FROM `reward1` LIMIT 1   [ RunTime:0.0005s ]
SQL: SHOW COLUMNS FROM `reward1` [ RunTime:0.0111s ]
SQL: SELECT * FROM reward1 as e INNER JOIN user as u on e.uid = u.id  ORDER BY  e.psid desc  LIMIT 0,10   [ RunTime:0.0011s ]
NOTIC: [8] Undefined offset: 0 D:\phpStudy\WWW\matouPCS\Application\Home\Controller\BoxController.class.php 第 156 行.
NOTIC: [8] Undefined offset: 0 D:\phpStudy\WWW\matouPCS\Application\Home\Controller\BoxController.class.php 第 156 行.
NOTIC: [8] Undefined offset: 0 D:\phpStudy\WWW\matouPCS\Application\Home\Controller\BoxController.class.php 第 156 行.
NOTIC: [2] Missing argument 1 for Think\PageAjax::show(), called in D:\phpStudy\WWW\matouPCS\Application\Home\Controller\BoxController.class.php on line 163 and defined D:\phpStudy\WWW\matouPCS\ThinkPHP\Library\Think\PageAjax.class.php 第 77 行.
NOTIC: [8] Undefined variable: url_replace D:\phpStudy\WWW\matouPCS\ThinkPHP\Library\Think\PageAjax.class.php 第 84 行.
NOTIC: [8] Undefined variable: newLists D:\phpStudy\WWW\matouPCS\Application\Home\Controller\BoxController.class.php 第 165 行.
INFO: [ view_parse ] --START--
INFO: [ template_filter ] --START--
INFO: Run Behavior\ContentReplaceBehavior [ RunTime:0.000067s ]
INFO: [ template_filter ] --END-- [ RunTime:0.000150s ]
INFO: Run Behavior\ParseTemplateBehavior [ RunTime:0.015313s ]
INFO: [ view_parse ] --END-- [ RunTime:0.015424s ]
INFO: [ view_filter ] --START--
INFO: Run Behavior\WriteHtmlCacheBehavior [ RunTime:0.000425s ]
INFO: [ view_filter ] --END-- [ RunTime:0.000490s ]
INFO: [ app_end ] --START--
INFO: Run Behavior\ShowPageTraceBehavior [ RunTime:0.001021s ]
INFO: [ app_end ] --END-- [ RunTime:0.001096s ]

[ 2017-02-28T09:27:51+08:00 ] ::1 /matouPCS/?s=/Home/Box/orders&p=1&type=&sex=&age=30-35&date=&address=&re=1
INFO: [ app_init ] --START--
INFO: Run Behavior\BuildLiteBehavior [ RunTime:0.000011s ]
INFO: [ app_init ] --END-- [ RunTime:0.000277s ]
INFO: [ app_begin ] --START--
INFO: Run Behavior\ReadHtmlCacheBehavior [ RunTime:0.000444s ]
INFO: [ app_begin ] --END-- [ RunTime:0.000480s ]
NOTIC: [8] Undefined variable: jwhere D:\phpStudy\WWW\matouPCS\Application\Home\Controller\BoxController.class.php 第 104 行.
SQL: SHOW COLUMNS FROM `reward2` [ RunTime:0.0113s ]
SQL: SELECT * FROM reward2 as r INNER JOIN reward1 as e on r.pid = e.psid  WHERE ( r.age = '30-35' )  [ RunTime:0.0010s ]
SQL: SHOW COLUMNS FROM `reward1` [ RunTime:0.0086s ]
SQL: SELECT COUNT(*) AS tp_count FROM `reward1` LIMIT 1   [ RunTime:0.0003s ]
SQL: SHOW COLUMNS FROM `reward1` [ RunTime:0.0065s ]
SQL: SELECT * FROM reward1 as e INNER JOIN user as u on e.uid = u.id  ORDER BY  e.psid desc  LIMIT 0,10   [ RunTime:0.0006s ]
NOTIC: [8] Undefined offset: 0 D:\phpStudy\WWW\matouPCS\Application\Home\Controller\BoxController.class.php 第 156 行.
NOTIC: [2] Missing argument 1 for Think\PageAjax::show(), called in D:\phpStudy\WWW\matouPCS\Application\Home\Controller\BoxController.class.php on line 163 and defined D:\phpStudy\WWW\matouPCS\ThinkPHP\Library\Think\PageAjax.class.php 第 77 行.
NOTIC: [8] Undefined variable: url_replace D:\phpStudy\WWW\matouPCS\ThinkPHP\Library\Think\PageAjax.class.php 第 84 行.
INFO: [ view_parse ] --START--
INFO: [ template_filter ] --START--
INFO: Run Behavior\ContentReplaceBehavior [ RunTime:0.000057s ]
INFO: [ template_filter ] --END-- [ RunTime:0.000129s ]
INFO: Run Behavior\ParseTemplateBehavior [ RunTime:0.011034s ]
INFO: [ view_parse ] --END-- [ RunTime:0.011125s ]
INFO: [ view_filter ] --START--
INFO: Run Behavior\WriteHtmlCacheBehavior [ RunTime:0.000369s ]
INFO: [ view_filter ] --END-- [ RunTime:0.000428s ]
INFO: [ app_end ] --START--
INFO: Run Behavior\ShowPageTraceBehavior [ RunTime:0.000877s ]
INFO: [ app_end ] --END-- [ RunTime:0.000941s ]

[ 2017-02-28T09:27:53+08:00 ] ::1 /matouPCS/?s=/Home/Box/orders&p=1&type=&sex=&age=&date=&address=&re=1
INFO: [ app_init ] --START--
INFO: Run Behavior\BuildLiteBehavior [ RunTime:0.000011s ]
INFO: [ app_init ] --END-- [ RunTime:0.000278s ]
INFO: [ app_begin ] --START--
INFO: Run Behavior\ReadHtmlCacheBehavior [ RunTime:0.000455s ]
INFO: [ app_begin ] --END-- [ RunTime:0.000501s ]
NOTIC: [8] Undefined variable: where D:\phpStudy\WWW\matouPCS\Application\Home\Controller\BoxController.class.php 第 103 行.
NOTIC: [8] Undefined variable: jwhere D:\phpStudy\WWW\matouPCS\Application\Home\Controller\BoxController.class.php 第 104 行.
SQL: SHOW COLUMNS FROM `reward2` [ RunTime:0.0117s ]
SQL: SELECT * FROM reward2 as r INNER JOIN reward1 as e on r.pid = e.psid   [ RunTime:0.0011s ]
SQL: SHOW COLUMNS FROM `reward1` [ RunTime:0.0118s ]
SQL: SELECT COUNT(*) AS tp_count FROM `reward1` LIMIT 1   [ RunTime:0.0005s ]
SQL: SHOW COLUMNS FROM `reward1` [ RunTime:0.0113s ]
SQL: SELECT * FROM reward1 as e INNER JOIN user as u on e.uid = u.id  LIMIT 0,10   [ RunTime:0.0010s ]
NOTIC: [8] Undefined index: bao D:\phpStudy\WWW\matouPCS\Application\Home\Controller\BoxController.class.php 第 132 行.
NOTIC: [8] Undefined index: bao D:\phpStudy\WWW\matouPCS\Application\Home\Controller\BoxController.class.php 第 132 行.
NOTIC: [8] Undefined index: bao D:\phpStudy\WWW\matouPCS\Application\Home\Controller\BoxController.class.php 第 132 行.
NOTIC: [2] array_multisort(): Array sizes are inconsistent D:\phpStudy\WWW\matouPCS\Application\Home\Controller\BoxController.class.php 第 134 行.
NOTIC: [2] Missing argument 1 for Think\PageAjax::show(), called in D:\phpStudy\WWW\matouPCS\Application\Home\Controller\BoxController.class.php on line 163 and defined D:\phpStudy\WWW\matouPCS\ThinkPHP\Library\Think\PageAjax.class.php 第 77 行.
NOTIC: [8] Undefined variable: url_replace D:\phpStudy\WWW\matouPCS\ThinkPHP\Library\Think\PageAjax.class.php 第 84 行.
INFO: [ view_parse ] --START--
INFO: [ template_filter ] --START--
INFO: Run Behavior\ContentReplaceBehavior [ RunTime:0.000097s ]
INFO: [ template_filter ] --END-- [ RunTime:0.000225s ]
INFO: Run Behavior\ParseTemplateBehavior [ RunTime:0.019392s ]
INFO: [ view_parse ] --END-- [ RunTime:0.019530s ]
INFO: [ view_filter ] --START--
INFO: Run Behavior\WriteHtmlCacheBehavior [ RunTime:0.000683s ]
INFO: [ view_filter ] --END-- [ RunTime:0.000815s ]
INFO: [ app_end ] --START--
INFO: Run Behavior\ShowPageTraceBehavior [ RunTime:0.002339s ]
INFO: [ app_end ] --END-- [ RunTime:0.002538s ]

[ 2017-02-28T09:27:58+08:00 ] ::1 /matouPCS/?s=/Home/Index
INFO: [ app_init ] --START--
INFO: Run Behavior\BuildLiteBehavior [ RunTime:0.000016s ]
INFO: [ app_init ] --END-- [ RunTime:0.000475s ]
INFO: [ app_begin ] --START--
INFO: Run Behavior\ReadHtmlCacheBehavior [ RunTime:0.000474s ]
INFO: [ app_begin ] --END-- [ RunTime:0.000516s ]
SQL: SHOW COLUMNS FROM `reward2` [ RunTime:0.0089s ]
SQL: SELECT * FROM reward2 as  r INNER JOIN reward1 as e on r.pid = e.psid  INNER JOIN  user as u on e.uid = u.id  ORDER BY e.psid desc LIMIT 0,21   [ RunTime:0.0091s ]
SQL: SHOW COLUMNS FROM `user` [ RunTime:0.0101s ]
SQL: SELECT * FROM user as u INNER JOIN forcee as f on f.uid = u.id  WHERE ( f.status = 2 ) ORDER BY f.collect desc LIMIT 0,4   [ RunTime:0.0010s ]
SQL: SELECT * FROM user as u INNER JOIN forcee as f on f.uid = u.id  WHERE ( f.status = 2 and u.id = 23 ) LIMIT 1   [ RunTime:0.0007s ]
SQL: SELECT * FROM user as u INNER JOIN due as d on u.id = d.uid  WHERE ( u.id = 23 ) LIMIT 1   [ RunTime:0.0007s ]
SQL: SELECT * FROM user as u INNER JOIN employ as d on u.id = d.uid  WHERE ( u.id = 23 ) LIMIT 1   [ RunTime:0.0006s ]
SQL: SHOW COLUMNS FROM `shop` [ RunTime:0.0045s ]
SQL: SELECT * FROM `shop` ORDER BY collect desc LIMIT 0,4   [ RunTime:0.0004s ]
SQL: SHOW COLUMNS FROM `flea` [ RunTime:0.0041s ]
SQL: SELECT * FROM flea as f INNER JOIN user as u on f.uid = u.id  WHERE ( tz_status = '1' ) LIMIT 0,5   [ RunTime:0.0004s ]
INFO: [ view_parse ] --START--
INFO: [ template_filter ] --START--
INFO: Run Behavior\ContentReplaceBehavior [ RunTime:0.000231s ]
INFO: [ template_filter ] --END-- [ RunTime:0.000276s ]
INFO: Run Behavior\ParseTemplateBehavior [ RunTime:0.019865s ]
INFO: [ view_parse ] --END-- [ RunTime:0.019914s ]
INFO: [ view_filter ] --START--
INFO: Run Behavior\WriteHtmlCacheBehavior [ RunTime:0.000198s ]
INFO: [ view_filter ] --END-- [ RunTime:0.000227s ]
INFO: [ app_end ] --START--
INFO: Run Behavior\ShowPageTraceBehavior [ RunTime:0.000513s ]
INFO: [ app_end ] --END-- [ RunTime:0.000557s ]

[ 2017-02-28T09:27:59+08:00 ] ::1 /matouPCS/?s=/Home/Zpdt1
INFO: [ app_init ] --START--
INFO: Run Behavior\BuildLiteBehavior [ RunTime:0.000012s ]
INFO: [ app_init ] --END-- [ RunTime:0.000335s ]
INFO: [ app_begin ] --START--
INFO: Run Behavior\ReadHtmlCacheBehavior [ RunTime:0.000416s ]
INFO: [ app_begin ] --END-- [ RunTime:0.000470s ]
ERR: 参数错误或者未定义:type

