[ 2017-01-26T14:36:19+08:00 ] ::1 /matouPCS/?s=/Home/Xsdt
INFO: [ app_init ] --START--
INFO: Run Behavior\BuildLiteBehavior [ RunTime:0.000014s ]
INFO: [ app_init ] --END-- [ RunTime:0.001031s ]
INFO: [ app_begin ] --START--
INFO: Run Behavior\ReadHtmlCacheBehavior [ RunTime:0.001577s ]
INFO: [ app_begin ] --END-- [ RunTime:0.001650s ]
SQL: SHOW COLUMNS FROM `reward2` [ RunTime:0.0110s ]
SQL: SELECT * FROM reward2 as  r INNER JOIN reward1 as e on r.pid = e.psid  INNER JOIN  user as u on e.uid = u.id  ORDER BY e.collect desc LIMIT 0,3   [ RunTime:0.0132s ]
SQL: SHOW COLUMNS FROM `forcee` [ RunTime:0.0065s ]
SQL: SELECT * FROM forcee as f INNER JOIN forceimage as r on f.id = r.pid INNER JOIN user as u on u.id = f.uid  ORDER BY f.collect desc LIMIT 0,3   [ RunTime:0.0046s ]
SQL: SHOW COLUMNS FROM `reward1` [ RunTime:0.0046s ]
SQL: SELECT * FROM `reward1`  [ RunTime:0.0003s ]
INFO: [ view_parse ] --START--
INFO: [ template_filter ] --START--
INFO: Run Behavior\ContentReplaceBehavior [ RunTime:0.000103s ]
INFO: [ template_filter ] --END-- [ RunTime:0.000146s ]
INFO: Run Behavior\ParseTemplateBehavior [ RunTime:0.029980s ]
INFO: [ view_parse ] --END-- [ RunTime:0.030062s ]
INFO: [ view_filter ] --START--
INFO: Run Behavior\WriteHtmlCacheBehavior [ RunTime:0.000696s ]
INFO: [ view_filter ] --END-- [ RunTime:0.000738s ]
INFO: [ app_end ] --START--
INFO: Run Behavior\ShowPageTraceBehavior [ RunTime:0.001045s ]
INFO: [ app_end ] --END-- [ RunTime:0.001086s ]

[ 2017-01-26T14:36:21+08:00 ] ::1 /matouPCS/?s=/Home/Box/orders&p=1
INFO: [ app_init ] --START--
INFO: Run Behavior\BuildLiteBehavior [ RunTime:0.000014s ]
INFO: [ app_init ] --END-- [ RunTime:0.000406s ]
INFO: [ app_begin ] --START--
INFO: Run Behavior\ReadHtmlCacheBehavior [ RunTime:0.000502s ]
INFO: [ app_begin ] --END-- [ RunTime:0.000538s ]
SQL: SHOW COLUMNS FROM `reward1` [ RunTime:0.0115s ]
SQL: SELECT COUNT(*) AS tp_count FROM `reward1` LIMIT 1   [ RunTime:0.0007s ]
SQL: SHOW COLUMNS FROM `reward1` [ RunTime:0.0036s ]
SQL: SELECT * FROM reward1 as e INNER JOIN user as u on e.uid = u.id  LIMIT 0,2   [ RunTime:0.0004s ]
SQL: SHOW COLUMNS FROM `reward2` [ RunTime:0.0102s ]
SQL: SELECT * FROM reward2 as r INNER JOIN reward1 as e on r.pid = e.psid   [ RunTime:0.0006s ]
NOTIC: [2] Missing argument 1 for Think\PageAjax::show(), called in D:\phpStudy\WWW\matouPCS\Application\Home\Controller\BoxController.class.php on line 21 and defined D:\phpStudy\WWW\matouPCS\ThinkPHP\Library\Think\PageAjax.class.php 第 77 行.
NOTIC: [8] Undefined variable: url_replace D:\phpStudy\WWW\matouPCS\ThinkPHP\Library\Think\PageAjax.class.php 第 84 行.
INFO: [ view_parse ] --START--
INFO: [ template_filter ] --START--
INFO: Run Behavior\ContentReplaceBehavior [ RunTime:0.000057s ]
INFO: [ template_filter ] --END-- [ RunTime:0.000122s ]
INFO: Run Behavior\ParseTemplateBehavior [ RunTime:0.041861s ]
INFO: [ view_parse ] --END-- [ RunTime:0.041985s ]
INFO: [ view_filter ] --START--
INFO: Run Behavior\WriteHtmlCacheBehavior [ RunTime:0.001138s ]
INFO: [ view_filter ] --END-- [ RunTime:0.001267s ]
INFO: [ app_end ] --START--
INFO: Run Behavior\ShowPageTraceBehavior [ RunTime:0.001341s ]
INFO: [ app_end ] --END-- [ RunTime:0.001407s ]

[ 2017-01-26T15:03:52+08:00 ] ::1 /matouPCS/?s=/Home/Ysq
INFO: [ app_init ] --START--
INFO: Run Behavior\BuildLiteBehavior [ RunTime:0.000015s ]
INFO: [ app_init ] --END-- [ RunTime:0.000894s ]
INFO: [ app_begin ] --START--
INFO: Run Behavior\ReadHtmlCacheBehavior [ RunTime:0.001135s ]
INFO: [ app_begin ] --END-- [ RunTime:0.001217s ]
SQL: SHOW COLUMNS FROM `due` [ RunTime:0.0799s ]
SQL: SELECT * FROM `due`  [ RunTime:0.0004s ]
SQL: SHOW COLUMNS FROM `due` [ RunTime:0.0062s ]
SQL: SELECT * FROM due as d INNER JOIN user as u on d.uid = u.id  ORDER BY d.collect desc  [ RunTime:0.0053s ]
SQL: SHOW COLUMNS FROM `forcee` [ RunTime:0.0066s ]
SQL: SELECT * FROM forcee as f INNER JOIN forceimage as r on f.id = r.pid  ORDER BY f.collect desc LIMIT 0,3   [ RunTime:0.0051s ]
INFO: [ view_parse ] --START--
INFO: [ template_filter ] --START--
INFO: Run Behavior\ContentReplaceBehavior [ RunTime:0.000105s ]
INFO: [ template_filter ] --END-- [ RunTime:0.000149s ]
INFO: Run Behavior\ParseTemplateBehavior [ RunTime:0.045356s ]
INFO: [ view_parse ] --END-- [ RunTime:0.045448s ]
INFO: [ view_filter ] --START--
INFO: Run Behavior\WriteHtmlCacheBehavior [ RunTime:0.000785s ]
INFO: [ view_filter ] --END-- [ RunTime:0.000833s ]
INFO: [ app_end ] --START--
INFO: Run Behavior\ShowPageTraceBehavior [ RunTime:0.001301s ]
INFO: [ app_end ] --END-- [ RunTime:0.001367s ]

[ 2017-01-26T15:03:53+08:00 ] ::1 /matouPCS/?s=/Home/Box/ysdt&p=1
INFO: [ app_init ] --START--
INFO: Run Behavior\BuildLiteBehavior [ RunTime:0.000015s ]
INFO: [ app_init ] --END-- [ RunTime:0.000414s ]
INFO: [ app_begin ] --START--
INFO: Run Behavior\ReadHtmlCacheBehavior [ RunTime:0.000736s ]
INFO: [ app_begin ] --END-- [ RunTime:0.000789s ]
SQL: SHOW COLUMNS FROM `due` [ RunTime:0.0038s ]
SQL: SELECT COUNT(*) AS tp_count FROM `due` LIMIT 1   [ RunTime:0.0002s ]
SQL: SHOW COLUMNS FROM `due` [ RunTime:0.0035s ]
SQL: SELECT * FROM due as d INNER JOIN user as u on d.uid = u.id  LIMIT 0,2   [ RunTime:0.0004s ]
NOTIC: [2] Missing argument 1 for Think\PageAjax::show(), called in D:\phpStudy\WWW\matouPCS\Application\Home\Controller\BoxController.class.php on line 35 and defined D:\phpStudy\WWW\matouPCS\ThinkPHP\Library\Think\PageAjax.class.php 第 77 行.
NOTIC: [8] Undefined variable: url_replace D:\phpStudy\WWW\matouPCS\ThinkPHP\Library\Think\PageAjax.class.php 第 84 行.
INFO: [ view_parse ] --START--
INFO: [ template_filter ] --START--
INFO: Run Behavior\ContentReplaceBehavior [ RunTime:0.000029s ]
INFO: [ template_filter ] --END-- [ RunTime:0.000068s ]
INFO: Run Behavior\ParseTemplateBehavior [ RunTime:0.007506s ]
INFO: [ view_parse ] --END-- [ RunTime:0.007563s ]
INFO: [ view_filter ] --START--
INFO: Run Behavior\WriteHtmlCacheBehavior [ RunTime:0.000261s ]
INFO: [ view_filter ] --END-- [ RunTime:0.000289s ]
INFO: [ app_end ] --START--
INFO: Run Behavior\ShowPageTraceBehavior [ RunTime:0.000494s ]
INFO: [ app_end ] --END-- [ RunTime:0.000522s ]

[ 2017-01-26T15:03:55+08:00 ] ::1 /matouPCS/?s=/Home/Index
INFO: [ app_init ] --START--
INFO: Run Behavior\BuildLiteBehavior [ RunTime:0.000011s ]
INFO: [ app_init ] --END-- [ RunTime:0.000278s ]
INFO: [ app_begin ] --START--
INFO: Run Behavior\ReadHtmlCacheBehavior [ RunTime:0.000405s ]
INFO: [ app_begin ] --END-- [ RunTime:0.000443s ]
SQL: SHOW COLUMNS FROM `reward2` [ RunTime:0.0043s ]
SQL: SELECT * FROM reward2 as  r INNER JOIN reward1 as e on r.pid = e.psid  INNER JOIN  user as u on e.uid = u.id  ORDER BY e.psid desc LIMIT 0,21   [ RunTime:0.0044s ]
SQL: SHOW COLUMNS FROM `forcee` [ RunTime:0.0040s ]
SQL: SELECT * FROM `forcee` WHERE ( status = 2 ) ORDER BY collect desc LIMIT 0,4   [ RunTime:0.0004s ]
SQL: SHOW COLUMNS FROM `shop` [ RunTime:0.0054s ]
SQL: SELECT * FROM `shop` ORDER BY collect desc LIMIT 0,4   [ RunTime:0.0009s ]
SQL: SHOW COLUMNS FROM `flea` [ RunTime:0.0055s ]
SQL: SELECT * FROM flea as f INNER JOIN fleaimage as e on f.fid = e.pid INNER JOIN user as u on f.uid = u.id  LIMIT 0,5   [ RunTime:0.0024s ]
INFO: [ view_parse ] --START--
INFO: [ template_filter ] --START--
INFO: Run Behavior\ContentReplaceBehavior [ RunTime:0.000204s ]
INFO: [ template_filter ] --END-- [ RunTime:0.000252s ]
NOTIC: [8] Undefined index: username D:\phpStudy\WWW\matouPCS\Application\Runtime\Cache\Home\2a94b8bda04ff446dcedd42276fc99ee.php 第 101 行.
NOTIC: [8] Undefined index: id D:\phpStudy\WWW\matouPCS\Application\Runtime\Cache\Home\2a94b8bda04ff446dcedd42276fc99ee.php 第 895 行.
NOTIC: [8] Undefined index: id D:\phpStudy\WWW\matouPCS\Application\Runtime\Cache\Home\2a94b8bda04ff446dcedd42276fc99ee.php 第 895 行.
INFO: Run Behavior\ParseTemplateBehavior [ RunTime:0.104669s ]
INFO: [ view_parse ] --END-- [ RunTime:0.104711s ]
INFO: [ view_filter ] --START--
INFO: Run Behavior\WriteHtmlCacheBehavior [ RunTime:0.000214s ]
INFO: [ view_filter ] --END-- [ RunTime:0.000249s ]
INFO: [ app_end ] --START--
INFO: Run Behavior\ShowPageTraceBehavior [ RunTime:0.000585s ]
INFO: [ app_end ] --END-- [ RunTime:0.000635s ]

[ 2017-01-26T15:04:17+08:00 ] ::1 /matouPCS/?s=/Home/Index
INFO: [ app_init ] --START--
INFO: Run Behavior\BuildLiteBehavior [ RunTime:0.000011s ]
INFO: [ app_init ] --END-- [ RunTime:0.000274s ]
INFO: [ app_begin ] --START--
INFO: Run Behavior\ReadHtmlCacheBehavior [ RunTime:0.000405s ]
INFO: [ app_begin ] --END-- [ RunTime:0.000443s ]
SQL: SHOW COLUMNS FROM `reward2` [ RunTime:0.0079s ]
SQL: SELECT * FROM reward2 as  r INNER JOIN reward1 as e on r.pid = e.psid  INNER JOIN  user as u on e.uid = u.id  ORDER BY e.psid desc LIMIT 0,21   [ RunTime:0.0059s ]
SQL: SHOW COLUMNS FROM `forcee` [ RunTime:0.0045s ]
SQL: SELECT * FROM `forcee` WHERE ( status = 2 ) ORDER BY collect desc LIMIT 0,4   [ RunTime:0.0010s ]
SQL: SHOW COLUMNS FROM `shop` [ RunTime:0.0037s ]
SQL: SELECT * FROM `shop` ORDER BY collect desc LIMIT 0,4   [ RunTime:0.0003s ]
SQL: SHOW COLUMNS FROM `flea` [ RunTime:0.0042s ]
SQL: SELECT * FROM flea as f INNER JOIN fleaimage as e on f.fid = e.pid INNER JOIN user as u on f.uid = u.id  LIMIT 0,5   [ RunTime:0.0004s ]
INFO: [ view_parse ] --START--
INFO: [ template_filter ] --START--
INFO: Run Behavior\ContentReplaceBehavior [ RunTime:0.000226s ]
INFO: [ template_filter ] --END-- [ RunTime:0.000281s ]
NOTIC: [8] Undefined index: username D:\phpStudy\WWW\matouPCS\Application\Runtime\Cache\Home\2a94b8bda04ff446dcedd42276fc99ee.php 第 101 行.
NOTIC: [8] Undefined index: id D:\phpStudy\WWW\matouPCS\Application\Runtime\Cache\Home\2a94b8bda04ff446dcedd42276fc99ee.php 第 895 行.
NOTIC: [8] Undefined index: id D:\phpStudy\WWW\matouPCS\Application\Runtime\Cache\Home\2a94b8bda04ff446dcedd42276fc99ee.php 第 895 行.
INFO: Run Behavior\ParseTemplateBehavior [ RunTime:0.020845s ]
INFO: [ view_parse ] --END-- [ RunTime:0.020898s ]
INFO: [ view_filter ] --START--
INFO: Run Behavior\WriteHtmlCacheBehavior [ RunTime:0.000262s ]
INFO: [ view_filter ] --END-- [ RunTime:0.000297s ]
INFO: [ app_end ] --START--
INFO: Run Behavior\ShowPageTraceBehavior [ RunTime:0.000931s ]
INFO: [ app_end ] --END-- [ RunTime:0.001013s ]

[ 2017-01-26T15:05:00+08:00 ] ::1 /matouPCS/?s=/Home/Mtbu/rzbddydt/id/1
INFO: [ app_init ] --START--
INFO: Run Behavior\BuildLiteBehavior [ RunTime:0.000030s ]
INFO: [ app_init ] --END-- [ RunTime:0.000426s ]
INFO: [ app_begin ] --START--
INFO: Run Behavior\ReadHtmlCacheBehavior [ RunTime:0.000654s ]
INFO: [ app_begin ] --END-- [ RunTime:0.000725s ]
SQL: SHOW COLUMNS FROM `forcee` [ RunTime:0.0045s ]
SQL: SELECT * FROM forcee as f INNER JOIN user as u on f.uid = u.id INNER JOIN forceimage as m on f.id = m.pid INNER JOIN forcevideo as v on f.id = v.pid  WHERE ( f.id = 1 ) LIMIT 1   [ RunTime:0.0021s ]
SQL: SHOW COLUMNS FROM `foree_liuyan` [ RunTime:0.0176s ]
SQL: SELECT * FROM foree_liuyan as f INNER JOIN user as u on f.uid = u.id  ORDER BY f.id desc LIMIT 0,3   [ RunTime:0.0145s ]
INFO: [ view_parse ] --START--
INFO: [ template_filter ] --START--
INFO: Run Behavior\ContentReplaceBehavior [ RunTime:0.000159s ]
INFO: [ template_filter ] --END-- [ RunTime:0.000210s ]
INFO: Run Behavior\ParseTemplateBehavior [ RunTime:0.029417s ]
INFO: [ view_parse ] --END-- [ RunTime:0.029514s ]
INFO: [ view_filter ] --START--
INFO: Run Behavior\WriteHtmlCacheBehavior [ RunTime:0.000296s ]
INFO: [ view_filter ] --END-- [ RunTime:0.000351s ]
INFO: [ app_end ] --START--
INFO: Run Behavior\ShowPageTraceBehavior [ RunTime:0.000720s ]
INFO: [ app_end ] --END-- [ RunTime:0.000785s ]

[ 2017-01-26T15:05:07+08:00 ] ::1 /matouPCS/?s=/Home/Mtbu/rzbddyxq/id/1
INFO: [ app_init ] --START--
INFO: Run Behavior\BuildLiteBehavior [ RunTime:0.000012s ]
INFO: [ app_init ] --END-- [ RunTime:0.000275s ]
INFO: [ app_begin ] --START--
INFO: Run Behavior\ReadHtmlCacheBehavior [ RunTime:0.000425s ]
INFO: [ app_begin ] --END-- [ RunTime:0.000472s ]
SQL: SHOW COLUMNS FROM `forcee` [ RunTime:0.0038s ]
SQL: SELECT * FROM forcee as f INNER JOIN user as u on u.id = f.uid  WHERE ( f.id = 1 ) LIMIT 1   [ RunTime:0.0004s ]
SQL: SELECT * FROM forcee as f INNER JOIN reward1 as e on f.uid = e.uid  WHERE ( f.id = 1 )  [ RunTime:0.0003s ]
SQL: SELECT * FROM forcee as f INNER JOIN reward2 as r on f.uid = r.usid  WHERE ( f.id = 1 )  [ RunTime:0.0003s ]
SQL: SELECT * FROM forcee as f INNER JOIN due as d on f.uid = d.uid  WHERE (  f.id = 1  )  [ RunTime:0.0003s ]
SQL: SELECT * FROM forcee as f INNER JOIN recruit1 as e on f.uid = e.uid  WHERE ( f.id = 1 )  [ RunTime:0.0017s ]
SQL: SELECT * FROM forcee as f INNER JOIN recruit2 as r on f.uid = r.usid  WHERE (  f.id = 1  )  [ RunTime:0.0021s ]
SQL: SELECT * FROM forcee as f INNER JOIN employ as e on f.uid = e.uid INNER JOIN employwork as r on r.pid = e.id  WHERE ( f.id = 1 )  [ RunTime:0.0051s ]
SQL: SELECT * FROM forcee as f INNER JOIN flea as e on e.uid = f.uid  WHERE ( f.id = 1 and e.type = 1 )  [ RunTime:0.0004s ]
SQL: SELECT * FROM forcee as f INNER JOIN flea as e on e.uid = f.uid  WHERE ( f.id = 1 and e.type = 2 )  [ RunTime:0.0005s ]
SQL: SHOW COLUMNS FROM `foree_liuyan` [ RunTime:0.0041s ]
SQL: SELECT * FROM foree_liuyan as f INNER JOIN user as u on f.uid = u.id  ORDER BY f.id desc LIMIT 0,3   [ RunTime:0.0031s ]
INFO: [ view_parse ] --START--
INFO: [ template_filter ] --START--
INFO: Run Behavior\ContentReplaceBehavior [ RunTime:0.000160s ]
INFO: [ template_filter ] --END-- [ RunTime:0.000206s ]
INFO: Run Behavior\ParseTemplateBehavior [ RunTime:0.039890s ]
INFO: [ view_parse ] --END-- [ RunTime:0.039955s ]
INFO: [ view_filter ] --START--
INFO: Run Behavior\WriteHtmlCacheBehavior [ RunTime:0.000367s ]
INFO: [ view_filter ] --END-- [ RunTime:0.000425s ]
INFO: [ app_end ] --START--
INFO: Run Behavior\ShowPageTraceBehavior [ RunTime:0.000507s ]
INFO: [ app_end ] --END-- [ RunTime:0.000549s ]

[ 2017-01-26T15:05:10+08:00 ] ::1 /matouPCS/?s=/Home/Mtbu/rzbddydt
INFO: [ app_init ] --START--
INFO: Run Behavior\BuildLiteBehavior [ RunTime:0.000062s ]
INFO: [ app_init ] --END-- [ RunTime:0.001247s ]
INFO: [ app_begin ] --START--
INFO: Run Behavior\ReadHtmlCacheBehavior [ RunTime:0.000459s ]
INFO: [ app_begin ] --END-- [ RunTime:0.000510s ]
ERR: 参数错误或者未定义:id

[ 2017-01-26T15:05:18+08:00 ] ::1 /matouPCS/?s=/Home/Mtbu/rzbddydt_liuyan
INFO: [ app_init ] --START--
INFO: Run Behavior\BuildLiteBehavior [ RunTime:0.000012s ]
INFO: [ app_init ] --END-- [ RunTime:0.000319s ]
INFO: [ app_begin ] --START--
INFO: Run Behavior\ReadHtmlCacheBehavior [ RunTime:0.000403s ]
INFO: [ app_begin ] --END-- [ RunTime:0.000438s ]
NOTIC: [8] Undefined index: id D:\phpStudy\WWW\matouPCS\Application\Home\Controller\MtbuController.class.php 第 100 行.
SQL: SHOW COLUMNS FROM `foree_liuyan` [ RunTime:0.0063s ]
SQL: INSERT INTO `foree_liuyan` (`fid`,`content`,`time`) VALUES ('1','请问二','2017-01-26 15:05:17') [ RunTime:0.0007s ]
SQL: SHOW COLUMNS FROM `foree_liuyan` [ RunTime:0.0059s ]
SQL: SELECT * FROM foree_liuyan as f INNER JOIN user as u on f.uid = u.id  ORDER BY f.id desc LIMIT 0,3   [ RunTime:0.0052s ]

[ 2017-01-26T15:05:22+08:00 ] ::1 /matouPCS/?s=/Home/Mtbu/rzbddydt_liuyan
INFO: [ app_init ] --START--
INFO: Run Behavior\BuildLiteBehavior [ RunTime:0.000012s ]
INFO: [ app_init ] --END-- [ RunTime:0.000277s ]
INFO: [ app_begin ] --START--
INFO: Run Behavior\ReadHtmlCacheBehavior [ RunTime:0.000442s ]
INFO: [ app_begin ] --END-- [ RunTime:0.000478s ]
NOTIC: [8] Undefined index: id D:\phpStudy\WWW\matouPCS\Application\Home\Controller\MtbuController.class.php 第 100 行.
SQL: SHOW COLUMNS FROM `foree_liuyan` [ RunTime:0.0063s ]
SQL: INSERT INTO `foree_liuyan` (`fid`,`content`,`time`) VALUES ('1','请问二','2017-01-26 15:05:21') [ RunTime:0.0004s ]
SQL: SHOW COLUMNS FROM `foree_liuyan` [ RunTime:0.0064s ]
SQL: SELECT * FROM foree_liuyan as f INNER JOIN user as u on f.uid = u.id  ORDER BY f.id desc LIMIT 0,3   [ RunTime:0.0059s ]

[ 2017-01-26T15:05:27+08:00 ] ::1 /matouPCS/
INFO: [ app_init ] --START--
INFO: Run Behavior\BuildLiteBehavior [ RunTime:0.000015s ]
INFO: [ app_init ] --END-- [ RunTime:0.000463s ]
INFO: [ app_begin ] --START--
INFO: Run Behavior\ReadHtmlCacheBehavior [ RunTime:0.000505s ]
INFO: [ app_begin ] --END-- [ RunTime:0.000551s ]
SQL: SHOW COLUMNS FROM `reward2` [ RunTime:0.0114s ]
SQL: SELECT * FROM reward2 as  r INNER JOIN reward1 as e on r.pid = e.psid  INNER JOIN  user as u on e.uid = u.id  ORDER BY e.psid desc LIMIT 0,21   [ RunTime:0.0101s ]
SQL: SHOW COLUMNS FROM `forcee` [ RunTime:0.0063s ]
SQL: SELECT * FROM `forcee` WHERE ( status = 2 ) ORDER BY collect desc LIMIT 0,4   [ RunTime:0.0003s ]
SQL: SHOW COLUMNS FROM `shop` [ RunTime:0.0037s ]
SQL: SELECT * FROM `shop` ORDER BY collect desc LIMIT 0,4   [ RunTime:0.0003s ]
SQL: SHOW COLUMNS FROM `flea` [ RunTime:0.0036s ]
SQL: SELECT * FROM flea as f INNER JOIN fleaimage as e on f.fid = e.pid INNER JOIN user as u on f.uid = u.id  LIMIT 0,5   [ RunTime:0.0004s ]
INFO: [ view_parse ] --START--
INFO: [ template_filter ] --START--
INFO: Run Behavior\ContentReplaceBehavior [ RunTime:0.000204s ]
INFO: [ template_filter ] --END-- [ RunTime:0.000249s ]
NOTIC: [8] Undefined index: username D:\phpStudy\WWW\matouPCS\Application\Runtime\Cache\Home\2a94b8bda04ff446dcedd42276fc99ee.php 第 101 行.
NOTIC: [8] Undefined index: id D:\phpStudy\WWW\matouPCS\Application\Runtime\Cache\Home\2a94b8bda04ff446dcedd42276fc99ee.php 第 895 行.
NOTIC: [8] Undefined index: id D:\phpStudy\WWW\matouPCS\Application\Runtime\Cache\Home\2a94b8bda04ff446dcedd42276fc99ee.php 第 895 行.
INFO: Run Behavior\ParseTemplateBehavior [ RunTime:0.020803s ]
INFO: [ view_parse ] --END-- [ RunTime:0.020844s ]
INFO: [ view_filter ] --START--
INFO: Run Behavior\WriteHtmlCacheBehavior [ RunTime:0.000181s ]
INFO: [ view_filter ] --END-- [ RunTime:0.000220s ]
INFO: [ app_end ] --START--
INFO: Run Behavior\ShowPageTraceBehavior [ RunTime:0.000685s ]
INFO: [ app_end ] --END-- [ RunTime:0.000735s ]

[ 2017-01-26T15:05:43+08:00 ] ::1 /matouPCS/?s=/Home/Index/login
INFO: [ app_init ] --START--
INFO: Run Behavior\BuildLiteBehavior [ RunTime:0.000013s ]
INFO: [ app_init ] --END-- [ RunTime:0.000312s ]
INFO: [ app_begin ] --START--
INFO: Run Behavior\ReadHtmlCacheBehavior [ RunTime:0.000438s ]
INFO: [ app_begin ] --END-- [ RunTime:0.000473s ]
SQL: SHOW COLUMNS FROM `user` [ RunTime:0.0127s ]
SQL: SELECT * FROM `user` WHERE ( tel = 15236631921 and password = 123456 ) LIMIT 1   [ RunTime:0.0016s ]
NOTIC: [8] A session had already been started - ignoring session_start() D:\phpStudy\WWW\matouPCS\Application\Home\Controller\IndexController.class.php 第 70 行.
SQL: SELECT * FROM `user`  [ RunTime:0.0008s ]
SQL: SHOW COLUMNS FROM `user_fen` [ RunTime:0.0145s ]
SQL: SELECT * FROM `user_fen` WHERE (  uid = 23 )  [ RunTime:0.0005s ]
INFO: [ app_end ] --START--
INFO: Run Behavior\ShowPageTraceBehavior [ RunTime:0.000970s ]
INFO: [ app_end ] --END-- [ RunTime:0.001041s ]

[ 2017-01-26T15:05:44+08:00 ] ::1 /matouPCS/
INFO: [ app_init ] --START--
INFO: Run Behavior\BuildLiteBehavior [ RunTime:0.000022s ]
INFO: [ app_init ] --END-- [ RunTime:0.000501s ]
INFO: [ app_begin ] --START--
INFO: Run Behavior\ReadHtmlCacheBehavior [ RunTime:0.000555s ]
INFO: [ app_begin ] --END-- [ RunTime:0.000629s ]
SQL: SHOW COLUMNS FROM `reward2` [ RunTime:0.0048s ]
SQL: SELECT * FROM reward2 as  r INNER JOIN reward1 as e on r.pid = e.psid  INNER JOIN  user as u on e.uid = u.id  ORDER BY e.psid desc LIMIT 0,21   [ RunTime:0.0085s ]
SQL: SHOW COLUMNS FROM `forcee` [ RunTime:0.0040s ]
SQL: SELECT * FROM `forcee` WHERE ( status = 2 ) ORDER BY collect desc LIMIT 0,4   [ RunTime:0.0003s ]
SQL: SHOW COLUMNS FROM `shop` [ RunTime:0.0037s ]
SQL: SELECT * FROM `shop` ORDER BY collect desc LIMIT 0,4   [ RunTime:0.0004s ]
SQL: SHOW COLUMNS FROM `flea` [ RunTime:0.0080s ]
SQL: SELECT * FROM flea as f INNER JOIN fleaimage as e on f.fid = e.pid INNER JOIN user as u on f.uid = u.id  LIMIT 0,5   [ RunTime:0.0005s ]
INFO: [ view_parse ] --START--
INFO: [ template_filter ] --START--
INFO: Run Behavior\ContentReplaceBehavior [ RunTime:0.000224s ]
INFO: [ template_filter ] --END-- [ RunTime:0.000277s ]
INFO: Run Behavior\ParseTemplateBehavior [ RunTime:0.028489s ]
INFO: [ view_parse ] --END-- [ RunTime:0.028629s ]
INFO: [ view_filter ] --START--
INFO: Run Behavior\WriteHtmlCacheBehavior [ RunTime:0.000512s ]
INFO: [ view_filter ] --END-- [ RunTime:0.000649s ]
INFO: [ app_end ] --START--
INFO: Run Behavior\ShowPageTraceBehavior [ RunTime:0.000825s ]
INFO: [ app_end ] --END-- [ RunTime:0.000934s ]

[ 2017-01-26T15:05:53+08:00 ] ::1 /matouPCS/?s=/Home/Tzsc/xqxz/id/4
INFO: [ app_init ] --START--
INFO: Run Behavior\BuildLiteBehavior [ RunTime:0.000014s ]
INFO: [ app_init ] --END-- [ RunTime:0.000368s ]
INFO: [ app_begin ] --START--
INFO: Run Behavior\ReadHtmlCacheBehavior [ RunTime:0.000547s ]
INFO: [ app_begin ] --END-- [ RunTime:0.000592s ]
SQL: SHOW COLUMNS FROM `flea` [ RunTime:0.0042s ]
SQL: SELECT * FROM flea as f INNER JOIN fleaimage as m on f.fid = m.pid INNER JOIN user as u on f.uid = u.id  WHERE ( f.fid = 4 ) LIMIT 1   [ RunTime:0.0004s ]
SQL: SHOW COLUMNS FROM `user` [ RunTime:0.0066s ]
SQL: SELECT * FROM user as u INNER JOIN liuyan as l on u.id = l.uid INNER JOIN flea as f on l.xsid = f.fid  WHERE ( l.xzst = 1 and l.xsid = 4 ) ORDER BY l.lid desc  [ RunTime:0.0293s ]
INFO: [ view_parse ] --START--
INFO: [ template_filter ] --START--
INFO: Run Behavior\ContentReplaceBehavior [ RunTime:0.000097s ]
INFO: [ template_filter ] --END-- [ RunTime:0.000139s ]
INFO: Run Behavior\ParseTemplateBehavior [ RunTime:0.016277s ]
INFO: [ view_parse ] --END-- [ RunTime:0.016355s ]
INFO: [ view_filter ] --START--
INFO: Run Behavior\WriteHtmlCacheBehavior [ RunTime:0.000275s ]
INFO: [ view_filter ] --END-- [ RunTime:0.000306s ]
INFO: [ app_end ] --START--
INFO: Run Behavior\ShowPageTraceBehavior [ RunTime:0.000603s ]
INFO: [ app_end ] --END-- [ RunTime:0.000643s ]

[ 2017-01-26T15:05:57+08:00 ] ::1 /matouPCS/?s=/Home/User/liuyan
INFO: [ app_init ] --START--
INFO: Run Behavior\BuildLiteBehavior [ RunTime:0.000011s ]
INFO: [ app_init ] --END-- [ RunTime:0.000279s ]
INFO: [ app_begin ] --START--
INFO: Run Behavior\ReadHtmlCacheBehavior [ RunTime:0.000457s ]
INFO: [ app_begin ] --END-- [ RunTime:0.000493s ]
SQL: SHOW COLUMNS FROM `liuyan` [ RunTime:0.0067s ]
SQL: INSERT INTO `liuyan` (`uid`,`xsid`,`contents`,`ltime`,`xzst`) VALUES ('23','4','12321321312','2017-01-26 15:05:56','1') [ RunTime:0.0005s ]
SQL: SHOW COLUMNS FROM `user` [ RunTime:0.0073s ]
SQL: SELECT * FROM user as u INNER JOIN liuyan as l on u.id = l.uid  WHERE ( l.xzst = 1 ) ORDER BY l.lid desc  [ RunTime:0.0059s ]

[ 2017-01-26T15:06:02+08:00 ] ::1 /matouPCS/?s=/Home/User/liuyan
INFO: [ app_init ] --START--
INFO: Run Behavior\BuildLiteBehavior [ RunTime:0.000013s ]
INFO: [ app_init ] --END-- [ RunTime:0.000338s ]
INFO: [ app_begin ] --START--
INFO: Run Behavior\ReadHtmlCacheBehavior [ RunTime:0.000443s ]
INFO: [ app_begin ] --END-- [ RunTime:0.000481s ]
SQL: SHOW COLUMNS FROM `liuyan` [ RunTime:0.0104s ]
SQL: INSERT INTO `liuyan` (`uid`,`xsid`,`contents`,`ltime`,`xzst`) VALUES ('23','4','11111111111111111111111111111111111111111','2017-01-26 15:06:01','1') [ RunTime:0.0009s ]
SQL: SHOW COLUMNS FROM `user` [ RunTime:0.0126s ]
SQL: SELECT * FROM user as u INNER JOIN liuyan as l on u.id = l.uid  WHERE ( l.xzst = 1 ) ORDER BY l.lid desc  [ RunTime:0.0103s ]

[ 2017-01-26T15:06:09+08:00 ] ::1 /matouPCS/?s=/Home/Tzsc/xqqg/id/6
INFO: [ app_init ] --START--
INFO: Run Behavior\BuildLiteBehavior [ RunTime:0.000016s ]
INFO: [ app_init ] --END-- [ RunTime:0.000328s ]
INFO: [ app_begin ] --START--
INFO: Run Behavior\ReadHtmlCacheBehavior [ RunTime:0.000455s ]
INFO: [ app_begin ] --END-- [ RunTime:0.000499s ]
SQL: SHOW COLUMNS FROM `flea` [ RunTime:0.0098s ]
SQL: SELECT * FROM flea as f INNER JOIN fleaimage as m on f.fid = m.pid INNER JOIN user as u on f.uid = u.id  WHERE ( f.fid = 6 ) LIMIT 1   [ RunTime:0.0012s ]
SQL: SHOW COLUMNS FROM `user` [ RunTime:0.0082s ]
SQL: SELECT * FROM user as u INNER JOIN liuyan as l on u.id = l.uid INNER JOIN flea as f on l.xsid = f.fid  WHERE ( l.xzst = 2 and l.xsid = 6 ) ORDER BY l.lid desc  [ RunTime:0.0104s ]
INFO: [ view_parse ] --START--
INFO: [ template_filter ] --START--
INFO: Run Behavior\ContentReplaceBehavior [ RunTime:0.000127s ]
INFO: [ template_filter ] --END-- [ RunTime:0.000191s ]
INFO: Run Behavior\ParseTemplateBehavior [ RunTime:0.041830s ]
INFO: [ view_parse ] --END-- [ RunTime:0.041941s ]
INFO: [ view_filter ] --START--
INFO: Run Behavior\WriteHtmlCacheBehavior [ RunTime:0.000290s ]
INFO: [ view_filter ] --END-- [ RunTime:0.000344s ]
INFO: [ app_end ] --START--
INFO: Run Behavior\ShowPageTraceBehavior [ RunTime:0.000718s ]
INFO: [ app_end ] --END-- [ RunTime:0.000832s ]

[ 2017-01-26T15:06:14+08:00 ] ::1 /matouPCS/?s=/Home/Tzsc/xqxz/id/4
INFO: [ app_init ] --START--
INFO: Run Behavior\BuildLiteBehavior [ RunTime:0.000012s ]
INFO: [ app_init ] --END-- [ RunTime:0.000315s ]
INFO: [ app_begin ] --START--
INFO: Run Behavior\ReadHtmlCacheBehavior [ RunTime:0.000450s ]
INFO: [ app_begin ] --END-- [ RunTime:0.000501s ]
SQL: SHOW COLUMNS FROM `flea` [ RunTime:0.0048s ]
SQL: SELECT * FROM flea as f INNER JOIN fleaimage as m on f.fid = m.pid INNER JOIN user as u on f.uid = u.id  WHERE ( f.fid = 4 ) LIMIT 1   [ RunTime:0.0005s ]
SQL: SHOW COLUMNS FROM `user` [ RunTime:0.0037s ]
SQL: SELECT * FROM user as u INNER JOIN liuyan as l on u.id = l.uid INNER JOIN flea as f on l.xsid = f.fid  WHERE ( l.xzst = 1 and l.xsid = 4 ) ORDER BY l.lid desc  [ RunTime:0.0036s ]
INFO: [ view_parse ] --START--
INFO: [ template_filter ] --START--
INFO: Run Behavior\ContentReplaceBehavior [ RunTime:0.000085s ]
INFO: [ template_filter ] --END-- [ RunTime:0.000128s ]
INFO: Run Behavior\ParseTemplateBehavior [ RunTime:0.010590s ]
INFO: [ view_parse ] --END-- [ RunTime:0.010681s ]
INFO: [ view_filter ] --START--
INFO: Run Behavior\WriteHtmlCacheBehavior [ RunTime:0.000182s ]
INFO: [ view_filter ] --END-- [ RunTime:0.000213s ]
INFO: [ app_end ] --START--
INFO: Run Behavior\ShowPageTraceBehavior [ RunTime:0.000465s ]
INFO: [ app_end ] --END-- [ RunTime:0.000503s ]

[ 2017-01-26T15:07:05+08:00 ] ::1 /matouPCS/?s=/Home/Tzsc/xqxz/id/4
INFO: [ app_init ] --START--
INFO: Run Behavior\BuildLiteBehavior [ RunTime:0.000011s ]
INFO: [ app_init ] --END-- [ RunTime:0.000304s ]
INFO: [ app_begin ] --START--
INFO: Run Behavior\ReadHtmlCacheBehavior [ RunTime:0.000500s ]
INFO: [ app_begin ] --END-- [ RunTime:0.000539s ]
SQL: SHOW COLUMNS FROM `flea` [ RunTime:0.0041s ]
SQL: SELECT * FROM flea as f INNER JOIN fleaimage as m on f.fid = m.pid INNER JOIN user as u on f.uid = u.id  WHERE ( f.fid = 4 ) LIMIT 1   [ RunTime:0.0005s ]
SQL: SHOW COLUMNS FROM `user` [ RunTime:0.0037s ]
SQL: SELECT * FROM user as u INNER JOIN liuyan as l on u.id = l.uid INNER JOIN flea as f on l.xsid = f.fid  WHERE ( l.xzst = 1 and l.xsid = 4 ) ORDER BY l.lid desc  [ RunTime:0.0044s ]
INFO: [ view_parse ] --START--
INFO: [ template_filter ] --START--
INFO: Run Behavior\ContentReplaceBehavior [ RunTime:0.000084s ]
INFO: [ template_filter ] --END-- [ RunTime:0.000125s ]
INFO: Run Behavior\ParseTemplateBehavior [ RunTime:0.009790s ]
INFO: [ view_parse ] --END-- [ RunTime:0.009840s ]
INFO: [ view_filter ] --START--
INFO: Run Behavior\WriteHtmlCacheBehavior [ RunTime:0.000252s ]
INFO: [ view_filter ] --END-- [ RunTime:0.000284s ]
INFO: [ app_end ] --START--
INFO: Run Behavior\ShowPageTraceBehavior [ RunTime:0.000688s ]
INFO: [ app_end ] --END-- [ RunTime:0.000735s ]

[ 2017-01-26T15:07:16+08:00 ] ::1 /matouPCS/?s=/Home/Tzsc/xqxz/id/4
INFO: [ app_init ] --START--
INFO: Run Behavior\BuildLiteBehavior [ RunTime:0.000027s ]
INFO: [ app_init ] --END-- [ RunTime:0.000591s ]
INFO: [ app_begin ] --START--
INFO: Run Behavior\ReadHtmlCacheBehavior [ RunTime:0.000483s ]
INFO: [ app_begin ] --END-- [ RunTime:0.000529s ]
SQL: SHOW COLUMNS FROM `flea` [ RunTime:0.0068s ]
SQL: SELECT * FROM flea as f INNER JOIN fleaimage as m on f.fid = m.pid INNER JOIN user as u on f.uid = u.id  WHERE ( f.fid = 4 ) LIMIT 1   [ RunTime:0.0023s ]
SQL: SHOW COLUMNS FROM `user` [ RunTime:0.0078s ]
SQL: SELECT * FROM user as u INNER JOIN liuyan as l on u.id = l.uid INNER JOIN flea as f on l.xsid = f.fid  WHERE ( l.xzst = 1 and l.xsid = 4 ) ORDER BY l.lid desc  [ RunTime:0.0069s ]
INFO: [ view_parse ] --START--
INFO: [ template_filter ] --START--
INFO: Run Behavior\ContentReplaceBehavior [ RunTime:0.000141s ]
INFO: [ template_filter ] --END-- [ RunTime:0.000188s ]
INFO: Run Behavior\ParseTemplateBehavior [ RunTime:0.017881s ]
INFO: [ view_parse ] --END-- [ RunTime:0.017947s ]
INFO: [ view_filter ] --START--
INFO: Run Behavior\WriteHtmlCacheBehavior [ RunTime:0.000175s ]
INFO: [ view_filter ] --END-- [ RunTime:0.000205s ]
INFO: [ app_end ] --START--
INFO: Run Behavior\ShowPageTraceBehavior [ RunTime:0.000462s ]
INFO: [ app_end ] --END-- [ RunTime:0.000500s ]

[ 2017-01-26T15:07:18+08:00 ] ::1 /matouPCS/?s=/Home/Index
INFO: [ app_init ] --START--
INFO: Run Behavior\BuildLiteBehavior [ RunTime:0.000014s ]
INFO: [ app_init ] --END-- [ RunTime:0.000312s ]
INFO: [ app_begin ] --START--
INFO: Run Behavior\ReadHtmlCacheBehavior [ RunTime:0.000439s ]
INFO: [ app_begin ] --END-- [ RunTime:0.000476s ]
SQL: SHOW COLUMNS FROM `reward2` [ RunTime:0.0051s ]
SQL: SELECT * FROM reward2 as  r INNER JOIN reward1 as e on r.pid = e.psid  INNER JOIN  user as u on e.uid = u.id  ORDER BY e.psid desc LIMIT 0,21   [ RunTime:0.0040s ]
SQL: SHOW COLUMNS FROM `forcee` [ RunTime:0.0036s ]
SQL: SELECT * FROM `forcee` WHERE ( status = 2 ) ORDER BY collect desc LIMIT 0,4   [ RunTime:0.0003s ]
SQL: SHOW COLUMNS FROM `shop` [ RunTime:0.0035s ]
SQL: SELECT * FROM `shop` ORDER BY collect desc LIMIT 0,4   [ RunTime:0.0003s ]
SQL: SHOW COLUMNS FROM `flea` [ RunTime:0.0042s ]
SQL: SELECT * FROM flea as f INNER JOIN fleaimage as e on f.fid = e.pid INNER JOIN user as u on f.uid = u.id  LIMIT 0,5   [ RunTime:0.0004s ]
INFO: [ view_parse ] --START--
INFO: [ template_filter ] --START--
INFO: Run Behavior\ContentReplaceBehavior [ RunTime:0.000222s ]
INFO: [ template_filter ] --END-- [ RunTime:0.000272s ]
INFO: Run Behavior\ParseTemplateBehavior [ RunTime:0.023722s ]
INFO: [ view_parse ] --END-- [ RunTime:0.023800s ]
INFO: [ view_filter ] --START--
INFO: Run Behavior\WriteHtmlCacheBehavior [ RunTime:0.000398s ]
INFO: [ view_filter ] --END-- [ RunTime:0.000456s ]
INFO: [ app_end ] --START--
INFO: Run Behavior\ShowPageTraceBehavior [ RunTime:0.000782s ]
INFO: [ app_end ] --END-- [ RunTime:0.000855s ]

[ 2017-01-26T15:08:03+08:00 ] ::1 /matouPCS/?s=/Home/Index
INFO: [ app_init ] --START--
INFO: Run Behavior\BuildLiteBehavior [ RunTime:0.000015s ]
INFO: [ app_init ] --END-- [ RunTime:0.000353s ]
INFO: [ app_begin ] --START--
INFO: Run Behavior\ReadHtmlCacheBehavior [ RunTime:0.000443s ]
INFO: [ app_begin ] --END-- [ RunTime:0.000487s ]
SQL: SHOW COLUMNS FROM `reward2` [ RunTime:0.0040s ]
SQL: SELECT * FROM reward2 as  r INNER JOIN reward1 as e on r.pid = e.psid  INNER JOIN  user as u on e.uid = u.id  ORDER BY e.psid desc LIMIT 0,21   [ RunTime:0.0051s ]
SQL: SHOW COLUMNS FROM `forcee` [ RunTime:0.0036s ]
SQL: SELECT * FROM `forcee` WHERE ( status = 2 ) ORDER BY collect desc LIMIT 0,4   [ RunTime:0.0004s ]
SQL: SHOW COLUMNS FROM `shop` [ RunTime:0.0059s ]
SQL: SELECT * FROM `shop` ORDER BY collect desc LIMIT 0,4   [ RunTime:0.0003s ]
SQL: SHOW COLUMNS FROM `flea` [ RunTime:0.0035s ]
SQL: SELECT * FROM flea as f INNER JOIN fleaimage as e on f.fid = e.pid INNER JOIN user as u on f.uid = u.id  LIMIT 0,5   [ RunTime:0.0004s ]
INFO: [ view_parse ] --START--
INFO: [ template_filter ] --START--
INFO: Run Behavior\ContentReplaceBehavior [ RunTime:0.000224s ]
INFO: [ template_filter ] --END-- [ RunTime:0.000269s ]
INFO: Run Behavior\ParseTemplateBehavior [ RunTime:0.021666s ]
INFO: [ view_parse ] --END-- [ RunTime:0.021710s ]
INFO: [ view_filter ] --START--
INFO: Run Behavior\WriteHtmlCacheBehavior [ RunTime:0.000186s ]
INFO: [ view_filter ] --END-- [ RunTime:0.000214s ]
INFO: [ app_end ] --START--
INFO: Run Behavior\ShowPageTraceBehavior [ RunTime:0.000568s ]
INFO: [ app_end ] --END-- [ RunTime:0.000624s ]

[ 2017-01-26T15:08:41+08:00 ] ::1 /matouPCS/?s=/Home/Mtbu/rzbddydt/id/1
INFO: [ app_init ] --START--
INFO: Run Behavior\BuildLiteBehavior [ RunTime:0.000024s ]
INFO: [ app_init ] --END-- [ RunTime:0.000496s ]
INFO: [ app_begin ] --START--
INFO: Run Behavior\ReadHtmlCacheBehavior [ RunTime:0.000463s ]
INFO: [ app_begin ] --END-- [ RunTime:0.000513s ]
SQL: SHOW COLUMNS FROM `forcee` [ RunTime:0.0060s ]
SQL: SELECT * FROM forcee as f INNER JOIN user as u on f.uid = u.id INNER JOIN forceimage as m on f.id = m.pid INNER JOIN forcevideo as v on f.id = v.pid  WHERE ( f.id = 1 ) LIMIT 1   [ RunTime:0.0010s ]
SQL: SHOW COLUMNS FROM `foree_liuyan` [ RunTime:0.0070s ]
SQL: SELECT * FROM foree_liuyan as f INNER JOIN user as u on f.uid = u.id  ORDER BY f.id desc LIMIT 0,3   [ RunTime:0.0055s ]
INFO: [ view_parse ] --START--
INFO: [ template_filter ] --START--
INFO: Run Behavior\ContentReplaceBehavior [ RunTime:0.000745s ]
INFO: [ template_filter ] --END-- [ RunTime:0.000893s ]
INFO: Run Behavior\ParseTemplateBehavior [ RunTime:0.028600s ]
INFO: [ view_parse ] --END-- [ RunTime:0.028716s ]
INFO: [ view_filter ] --START--
INFO: Run Behavior\WriteHtmlCacheBehavior [ RunTime:0.000386s ]
INFO: [ view_filter ] --END-- [ RunTime:0.000573s ]
INFO: [ app_end ] --START--
INFO: Run Behavior\ShowPageTraceBehavior [ RunTime:0.001043s ]
INFO: [ app_end ] --END-- [ RunTime:0.001123s ]

[ 2017-01-26T15:08:47+08:00 ] ::1 /matouPCS/?s=/Home/Mtbu/rzbddydt_liuyan
INFO: [ app_init ] --START--
INFO: Run Behavior\BuildLiteBehavior [ RunTime:0.000012s ]
INFO: [ app_init ] --END-- [ RunTime:0.000277s ]
INFO: [ app_begin ] --START--
INFO: Run Behavior\ReadHtmlCacheBehavior [ RunTime:0.000405s ]
INFO: [ app_begin ] --END-- [ RunTime:0.000441s ]
SQL: SHOW COLUMNS FROM `foree_liuyan` [ RunTime:0.0099s ]
SQL: INSERT INTO `foree_liuyan` (`fid`,`uid`,`content`,`time`) VALUES ('1','23','123213123','2017-01-26 15:08:46') [ RunTime:0.0006s ]
SQL: SHOW COLUMNS FROM `foree_liuyan` [ RunTime:0.0095s ]
SQL: SELECT * FROM foree_liuyan as f INNER JOIN user as u on f.uid = u.id  ORDER BY f.id desc LIMIT 0,3   [ RunTime:0.0098s ]

[ 2017-01-26T15:08:53+08:00 ] ::1 /matouPCS/?s=/Home/Mtbu/rzbddndt/id/2
INFO: [ app_init ] --START--
INFO: Run Behavior\BuildLiteBehavior [ RunTime:0.000012s ]
INFO: [ app_init ] --END-- [ RunTime:0.000276s ]
INFO: [ app_begin ] --START--
INFO: Run Behavior\ReadHtmlCacheBehavior [ RunTime:0.000421s ]
INFO: [ app_begin ] --END-- [ RunTime:0.000469s ]
SQL: SHOW COLUMNS FROM `forcee` [ RunTime:0.0043s ]
SQL: SELECT * FROM forcee as f INNER JOIN user as u on f.uid = u.id INNER JOIN forceimage as m on f.id = m.pid INNER JOIN forcevideo as v on f.id = v.pid  WHERE ( f.id = 2 ) LIMIT 1   [ RunTime:0.0007s ]
INFO: [ view_parse ] --START--
INFO: [ template_filter ] --START--
INFO: Run Behavior\ContentReplaceBehavior [ RunTime:0.000167s ]
INFO: [ template_filter ] --END-- [ RunTime:0.000216s ]
INFO: Run Behavior\ParseTemplateBehavior [ RunTime:0.049352s ]
INFO: [ view_parse ] --END-- [ RunTime:0.049452s ]
INFO: [ view_filter ] --START--
INFO: Run Behavior\WriteHtmlCacheBehavior [ RunTime:0.000264s ]
INFO: [ view_filter ] --END-- [ RunTime:0.000308s ]
INFO: [ app_end ] --START--
INFO: Run Behavior\ShowPageTraceBehavior [ RunTime:0.000483s ]
INFO: [ app_end ] --END-- [ RunTime:0.000529s ]

[ 2017-01-26T15:09:03+08:00 ] ::1 /matouPCS/?s=/Home/Mtbu/rzbddydt/id/1
INFO: [ app_init ] --START--
INFO: Run Behavior\BuildLiteBehavior [ RunTime:0.000012s ]
INFO: [ app_init ] --END-- [ RunTime:0.000294s ]
INFO: [ app_begin ] --START--
INFO: Run Behavior\ReadHtmlCacheBehavior [ RunTime:0.000413s ]
INFO: [ app_begin ] --END-- [ RunTime:0.000451s ]
SQL: SHOW COLUMNS FROM `forcee` [ RunTime:0.0060s ]
SQL: SELECT * FROM forcee as f INNER JOIN user as u on f.uid = u.id INNER JOIN forceimage as m on f.id = m.pid INNER JOIN forcevideo as v on f.id = v.pid  WHERE ( f.id = 1 ) LIMIT 1   [ RunTime:0.0006s ]
SQL: SHOW COLUMNS FROM `foree_liuyan` [ RunTime:0.0054s ]
SQL: SELECT * FROM foree_liuyan as f INNER JOIN user as u on f.uid = u.id  ORDER BY f.id desc LIMIT 0,3   [ RunTime:0.0055s ]
INFO: [ view_parse ] --START--
INFO: [ template_filter ] --START--
INFO: Run Behavior\ContentReplaceBehavior [ RunTime:0.000142s ]
INFO: [ template_filter ] --END-- [ RunTime:0.000188s ]
INFO: Run Behavior\ParseTemplateBehavior [ RunTime:0.015195s ]
INFO: [ view_parse ] --END-- [ RunTime:0.015265s ]
INFO: [ view_filter ] --START--
INFO: Run Behavior\WriteHtmlCacheBehavior [ RunTime:0.000176s ]
INFO: [ view_filter ] --END-- [ RunTime:0.000205s ]
INFO: [ app_end ] --START--
INFO: Run Behavior\ShowPageTraceBehavior [ RunTime:0.000512s ]
INFO: [ app_end ] --END-- [ RunTime:0.000551s ]

[ 2017-01-26T15:09:13+08:00 ] ::1 /matouPCS/?s=/Home/Mtbu/rzbddyxq/id/1
INFO: [ app_init ] --START--
INFO: Run Behavior\BuildLiteBehavior [ RunTime:0.000014s ]
INFO: [ app_init ] --END-- [ RunTime:0.000369s ]
INFO: [ app_begin ] --START--
INFO: Run Behavior\ReadHtmlCacheBehavior [ RunTime:0.000515s ]
INFO: [ app_begin ] --END-- [ RunTime:0.000555s ]
SQL: SHOW COLUMNS FROM `forcee` [ RunTime:0.0046s ]
SQL: SELECT * FROM forcee as f INNER JOIN user as u on u.id = f.uid  WHERE ( f.id = 1 ) LIMIT 1   [ RunTime:0.0005s ]
SQL: SELECT * FROM forcee as f INNER JOIN reward1 as e on f.uid = e.uid  WHERE ( f.id = 1 )  [ RunTime:0.0004s ]
SQL: SELECT * FROM forcee as f INNER JOIN reward2 as r on f.uid = r.usid  WHERE ( f.id = 1 )  [ RunTime:0.0004s ]
SQL: SELECT * FROM forcee as f INNER JOIN due as d on f.uid = d.uid  WHERE (  f.id = 1  )  [ RunTime:0.0007s ]
SQL: SELECT * FROM forcee as f INNER JOIN recruit1 as e on f.uid = e.uid  WHERE ( f.id = 1 )  [ RunTime:0.0005s ]
SQL: SELECT * FROM forcee as f INNER JOIN recruit2 as r on f.uid = r.usid  WHERE (  f.id = 1  )  [ RunTime:0.0004s ]
SQL: SELECT * FROM forcee as f INNER JOIN employ as e on f.uid = e.uid INNER JOIN employwork as r on r.pid = e.id  WHERE ( f.id = 1 )  [ RunTime:0.0007s ]
SQL: SELECT * FROM forcee as f INNER JOIN flea as e on e.uid = f.uid  WHERE ( f.id = 1 and e.type = 1 )  [ RunTime:0.0005s ]
SQL: SELECT * FROM forcee as f INNER JOIN flea as e on e.uid = f.uid  WHERE ( f.id = 1 and e.type = 2 )  [ RunTime:0.0006s ]
SQL: SHOW COLUMNS FROM `foree_liuyan` [ RunTime:0.0047s ]
SQL: SELECT * FROM foree_liuyan as f INNER JOIN user as u on f.uid = u.id  ORDER BY f.id desc LIMIT 0,3   [ RunTime:0.0044s ]
INFO: [ view_parse ] --START--
INFO: [ template_filter ] --START--
INFO: Run Behavior\ContentReplaceBehavior [ RunTime:0.000296s ]
INFO: [ template_filter ] --END-- [ RunTime:0.000362s ]
INFO: Run Behavior\ParseTemplateBehavior [ RunTime:0.032019s ]
INFO: [ view_parse ] --END-- [ RunTime:0.032094s ]
INFO: [ view_filter ] --START--
INFO: Run Behavior\WriteHtmlCacheBehavior [ RunTime:0.000402s ]
INFO: [ view_filter ] --END-- [ RunTime:0.000449s ]
INFO: [ app_end ] --START--
INFO: Run Behavior\ShowPageTraceBehavior [ RunTime:0.000791s ]
INFO: [ app_end ] --END-- [ RunTime:0.000848s ]

[ 2017-01-26T15:09:16+08:00 ] ::1 /matouPCS/?s=/Home/Mtbu/rzbddydt
INFO: [ app_init ] --START--
INFO: Run Behavior\BuildLiteBehavior [ RunTime:0.000012s ]
INFO: [ app_init ] --END-- [ RunTime:0.000279s ]
INFO: [ app_begin ] --START--
INFO: Run Behavior\ReadHtmlCacheBehavior [ RunTime:0.000432s ]
INFO: [ app_begin ] --END-- [ RunTime:0.000470s ]
ERR: 参数错误或者未定义:id

[ 2017-01-26T15:10:37+08:00 ] ::1 /matouPCS/?s=/Home/Mtbu/rzbddydt
INFO: [ app_init ] --START--
INFO: Run Behavior\BuildLiteBehavior [ RunTime:0.000014s ]
INFO: [ app_init ] --END-- [ RunTime:0.000295s ]
INFO: [ app_begin ] --START--
INFO: Run Behavior\ReadHtmlCacheBehavior [ RunTime:0.000413s ]
INFO: [ app_begin ] --END-- [ RunTime:0.000452s ]
ERR: 参数错误或者未定义:id

[ 2017-01-26T15:10:48+08:00 ] ::1 /matouPCS/?s=/Home/Mtbu/rzbddyxq/id/1
INFO: [ app_init ] --START--
INFO: Run Behavior\BuildLiteBehavior [ RunTime:0.000018s ]
INFO: [ app_init ] --END-- [ RunTime:0.000422s ]
INFO: [ app_begin ] --START--
INFO: Run Behavior\ReadHtmlCacheBehavior [ RunTime:0.000632s ]
INFO: [ app_begin ] --END-- [ RunTime:0.000691s ]
SQL: SHOW COLUMNS FROM `forcee` [ RunTime:0.0046s ]
SQL: SELECT * FROM forcee as f INNER JOIN user as u on u.id = f.uid  WHERE ( f.id = 1 ) LIMIT 1   [ RunTime:0.0004s ]
SQL: SELECT * FROM forcee as f INNER JOIN reward1 as e on f.uid = e.uid  WHERE ( f.id = 1 )  [ RunTime:0.0002s ]
SQL: SELECT * FROM forcee as f INNER JOIN reward2 as r on f.uid = r.usid  WHERE ( f.id = 1 )  [ RunTime:0.0002s ]
SQL: SELECT * FROM forcee as f INNER JOIN due as d on f.uid = d.uid  WHERE (  f.id = 1  )  [ RunTime:0.0003s ]
SQL: SELECT * FROM forcee as f INNER JOIN recruit1 as e on f.uid = e.uid  WHERE ( f.id = 1 )  [ RunTime:0.0002s ]
SQL: SELECT * FROM forcee as f INNER JOIN recruit2 as r on f.uid = r.usid  WHERE (  f.id = 1  )  [ RunTime:0.0003s ]
SQL: SELECT * FROM forcee as f INNER JOIN employ as e on f.uid = e.uid INNER JOIN employwork as r on r.pid = e.id  WHERE ( f.id = 1 )  [ RunTime:0.0004s ]
SQL: SELECT * FROM forcee as f INNER JOIN flea as e on e.uid = f.uid  WHERE ( f.id = 1 and e.type = 1 )  [ RunTime:0.0003s ]
SQL: SELECT * FROM forcee as f INNER JOIN flea as e on e.uid = f.uid  WHERE ( f.id = 1 and e.type = 2 )  [ RunTime:0.0003s ]
SQL: SHOW COLUMNS FROM `foree_liuyan` [ RunTime:0.0042s ]
SQL: SELECT * FROM foree_liuyan as f INNER JOIN user as u on f.uid = u.id  ORDER BY f.id desc LIMIT 0,3   [ RunTime:0.0037s ]
INFO: [ view_parse ] --START--
INFO: [ template_filter ] --START--
INFO: Run Behavior\ContentReplaceBehavior [ RunTime:0.000170s ]
INFO: [ template_filter ] --END-- [ RunTime:0.000214s ]
INFO: Run Behavior\ParseTemplateBehavior [ RunTime:0.021326s ]
INFO: [ view_parse ] --END-- [ RunTime:0.021376s ]
INFO: [ view_filter ] --START--
INFO: Run Behavior\WriteHtmlCacheBehavior [ RunTime:0.000187s ]
INFO: [ view_filter ] --END-- [ RunTime:0.000215s ]
INFO: [ app_end ] --START--
INFO: Run Behavior\ShowPageTraceBehavior [ RunTime:0.000473s ]
INFO: [ app_end ] --END-- [ RunTime:0.000512s ]

