[ 2017-02-22T18:49:26+08:00 ] ::1 /matouPCS/?s=/Home/Xsdt
INFO: [ app_init ] --START--
INFO: Run Behavior\BuildLiteBehavior [ RunTime:0.000013s ]
INFO: [ app_init ] --END-- [ RunTime:0.000330s ]
INFO: [ app_begin ] --START--
INFO: Run Behavior\ReadHtmlCacheBehavior [ RunTime:0.000597s ]
INFO: [ app_begin ] --END-- [ RunTime:0.000655s ]
SQL: SHOW COLUMNS FROM `reward2` [ RunTime:0.0115s ]
SQL: SELECT * FROM reward2 as  r INNER JOIN reward1 as e on r.pid = e.psid  INNER JOIN  user as u on e.uid = u.id  ORDER BY e.psid desc LIMIT 0,3   [ RunTime:0.0136s ]
SQL: SHOW COLUMNS FROM `user` [ RunTime:0.0118s ]
SQL: SELECT * FROM user as u INNER JOIN forcee as f on f.uid = u.id  WHERE ( f.status = 2 ) ORDER BY f.collect desc LIMIT 0,4   [ RunTime:0.0013s ]
SQL: SHOW COLUMNS FROM `reward1` [ RunTime:0.0087s ]
SQL: SELECT * FROM `reward1`  [ RunTime:0.0005s ]
INFO: [ view_parse ] --START--
INFO: [ template_filter ] --START--
INFO: Run Behavior\ContentReplaceBehavior [ RunTime:0.000244s ]
INFO: [ template_filter ] --END-- [ RunTime:0.000332s ]
INFO: Run Behavior\ParseTemplateBehavior [ RunTime:0.022303s ]
INFO: [ view_parse ] --END-- [ RunTime:0.022400s ]
INFO: [ view_filter ] --START--
INFO: Run Behavior\WriteHtmlCacheBehavior [ RunTime:0.000261s ]
INFO: [ view_filter ] --END-- [ RunTime:0.000296s ]
INFO: [ app_end ] --START--
INFO: Run Behavior\ShowPageTraceBehavior [ RunTime:0.000613s ]
INFO: [ app_end ] --END-- [ RunTime:0.000668s ]

[ 2017-02-22T18:49:28+08:00 ] ::1 /matouPCS/?s=/Home/Box/orders&p=1&type=&sex=&age=&date=&address=&re=1
INFO: [ app_init ] --START--
INFO: Run Behavior\BuildLiteBehavior [ RunTime:0.000019s ]
INFO: [ app_init ] --END-- [ RunTime:0.000523s ]
INFO: [ app_begin ] --START--
INFO: Run Behavior\ReadHtmlCacheBehavior [ RunTime:0.001030s ]
INFO: [ app_begin ] --END-- [ RunTime:0.001123s ]
NOTIC: [8] Undefined variable: where D:\phpStudy\WWW\matouPCS\Application\Home\Controller\BoxController.class.php 第 103 行.
NOTIC: [8] Undefined variable: jwhere D:\phpStudy\WWW\matouPCS\Application\Home\Controller\BoxController.class.php 第 104 行.
SQL: SHOW COLUMNS FROM `reward2` [ RunTime:0.0095s ]
SQL: SELECT * FROM reward2 as r INNER JOIN reward1 as e on r.pid = e.psid   [ RunTime:0.0010s ]
SQL: SHOW COLUMNS FROM `reward1` [ RunTime:0.0095s ]
SQL: SELECT COUNT(*) AS tp_count FROM `reward1` LIMIT 1   [ RunTime:0.0006s ]
SQL: SHOW COLUMNS FROM `reward1` [ RunTime:0.0095s ]
SQL: SELECT * FROM reward1 as e INNER JOIN user as u on e.uid = u.id  ORDER BY  e.psid desc  LIMIT 0,2   [ RunTime:0.0012s ]
NOTIC: [2] Missing argument 1 for Think\PageAjax::show(), called in D:\phpStudy\WWW\matouPCS\Application\Home\Controller\BoxController.class.php on line 131 and defined D:\phpStudy\WWW\matouPCS\ThinkPHP\Library\Think\PageAjax.class.php 第 77 行.
NOTIC: [8] Undefined variable: url_replace D:\phpStudy\WWW\matouPCS\ThinkPHP\Library\Think\PageAjax.class.php 第 84 行.
INFO: [ view_parse ] --START--
INFO: [ template_filter ] --START--
INFO: Run Behavior\ContentReplaceBehavior [ RunTime:0.000048s ]
INFO: [ template_filter ] --END-- [ RunTime:0.000107s ]
INFO: Run Behavior\ParseTemplateBehavior [ RunTime:0.020614s ]
INFO: [ view_parse ] --END-- [ RunTime:0.020734s ]
INFO: [ view_filter ] --START--
INFO: Run Behavior\WriteHtmlCacheBehavior [ RunTime:0.000459s ]
INFO: [ view_filter ] --END-- [ RunTime:0.000515s ]
INFO: [ app_end ] --START--
INFO: Run Behavior\ShowPageTraceBehavior [ RunTime:0.000848s ]
INFO: [ app_end ] --END-- [ RunTime:0.000902s ]

[ 2017-02-22T18:49:36+08:00 ] ::1 /matouPCS/?s=/Home/Box/orders&p=1&type=%E4%B8%BB%E6%8C%81%E4%BA%BA&sex=&age=&date=&address=&re=1
INFO: [ app_init ] --START--
INFO: Run Behavior\BuildLiteBehavior [ RunTime:0.000011s ]
INFO: [ app_init ] --END-- [ RunTime:0.000292s ]
INFO: [ app_begin ] --START--
INFO: Run Behavior\ReadHtmlCacheBehavior [ RunTime:0.000461s ]
INFO: [ app_begin ] --END-- [ RunTime:0.000497s ]
NOTIC: [8] Undefined variable: jwhere D:\phpStudy\WWW\matouPCS\Application\Home\Controller\BoxController.class.php 第 104 行.
SQL: SHOW COLUMNS FROM `reward2` [ RunTime:0.0111s ]
SQL: SELECT * FROM reward2 as r INNER JOIN reward1 as e on r.pid = e.psid  WHERE ( r.type = '主持人' )  [ RunTime:0.0007s ]
SQL: SELECT COUNT(*) AS tp_count FROM reward2 as r WHERE ( r.type = '主持人' ) LIMIT 1   [ RunTime:0.0004s ]
SQL: SHOW COLUMNS FROM `reward1` [ RunTime:0.0066s ]
SQL: SELECT * FROM reward1 as e INNER JOIN user as u on e.uid = u.id  ORDER BY  e.psid desc  LIMIT 0,2   [ RunTime:0.0008s ]
NOTIC: [2] Missing argument 1 for Think\PageAjax::show(), called in D:\phpStudy\WWW\matouPCS\Application\Home\Controller\BoxController.class.php on line 131 and defined D:\phpStudy\WWW\matouPCS\ThinkPHP\Library\Think\PageAjax.class.php 第 77 行.
NOTIC: [8] Undefined variable: url_replace D:\phpStudy\WWW\matouPCS\ThinkPHP\Library\Think\PageAjax.class.php 第 84 行.
INFO: [ view_parse ] --START--
INFO: [ template_filter ] --START--
INFO: Run Behavior\ContentReplaceBehavior [ RunTime:0.000089s ]
INFO: [ template_filter ] --END-- [ RunTime:0.000198s ]
INFO: Run Behavior\ParseTemplateBehavior [ RunTime:0.015676s ]
INFO: [ view_parse ] --END-- [ RunTime:0.015785s ]
INFO: [ view_filter ] --START--
INFO: Run Behavior\WriteHtmlCacheBehavior [ RunTime:0.000460s ]
INFO: [ view_filter ] --END-- [ RunTime:0.000544s ]
INFO: [ app_end ] --START--
INFO: Run Behavior\ShowPageTraceBehavior [ RunTime:0.000889s ]
INFO: [ app_end ] --END-- [ RunTime:0.000953s ]

[ 2017-02-22T18:49:44+08:00 ] ::1 /matouPCS/?s=/Home/Box/orders&p=2&type=%E4%B8%BB%E6%8C%81%E4%BA%BA&sex=&age=&date=&address=&re=1
INFO: [ app_init ] --START--
INFO: Run Behavior\BuildLiteBehavior [ RunTime:0.000013s ]
INFO: [ app_init ] --END-- [ RunTime:0.000319s ]
INFO: [ app_begin ] --START--
INFO: Run Behavior\ReadHtmlCacheBehavior [ RunTime:0.000414s ]
INFO: [ app_begin ] --END-- [ RunTime:0.000448s ]
NOTIC: [8] Undefined variable: jwhere D:\phpStudy\WWW\matouPCS\Application\Home\Controller\BoxController.class.php 第 104 行.
SQL: SHOW COLUMNS FROM `reward2` [ RunTime:0.0119s ]
SQL: SELECT * FROM reward2 as r INNER JOIN reward1 as e on r.pid = e.psid  WHERE ( r.type = '主持人' )  [ RunTime:0.0011s ]
SQL: SELECT COUNT(*) AS tp_count FROM reward2 as r WHERE ( r.type = '主持人' ) LIMIT 1   [ RunTime:0.0007s ]
SQL: SHOW COLUMNS FROM `reward1` [ RunTime:0.0099s ]
SQL: SELECT * FROM reward1 as e INNER JOIN user as u on e.uid = u.id  ORDER BY  e.psid desc  LIMIT 2,2   [ RunTime:0.0006s ]
NOTIC: [2] Missing argument 1 for Think\PageAjax::show(), called in D:\phpStudy\WWW\matouPCS\Application\Home\Controller\BoxController.class.php on line 131 and defined D:\phpStudy\WWW\matouPCS\ThinkPHP\Library\Think\PageAjax.class.php 第 77 行.
NOTIC: [8] Undefined variable: url_replace D:\phpStudy\WWW\matouPCS\ThinkPHP\Library\Think\PageAjax.class.php 第 84 行.
INFO: [ view_parse ] --START--
INFO: [ template_filter ] --START--
INFO: Run Behavior\ContentReplaceBehavior [ RunTime:0.000059s ]
INFO: [ template_filter ] --END-- [ RunTime:0.000131s ]
INFO: Run Behavior\ParseTemplateBehavior [ RunTime:0.014871s ]
INFO: [ view_parse ] --END-- [ RunTime:0.014959s ]
INFO: [ view_filter ] --START--
INFO: Run Behavior\WriteHtmlCacheBehavior [ RunTime:0.000399s ]
INFO: [ view_filter ] --END-- [ RunTime:0.000457s ]
INFO: [ app_end ] --START--
INFO: Run Behavior\ShowPageTraceBehavior [ RunTime:0.000913s ]
INFO: [ app_end ] --END-- [ RunTime:0.000978s ]

[ 2017-02-22T18:49:46+08:00 ] ::1 /matouPCS/?s=/Home/Box/orders&p=1&type=%E4%B8%BB%E6%8C%81%E4%BA%BA&sex=&age=&date=&address=&re=1
INFO: [ app_init ] --START--
INFO: Run Behavior\BuildLiteBehavior [ RunTime:0.000011s ]
INFO: [ app_init ] --END-- [ RunTime:0.000282s ]
INFO: [ app_begin ] --START--
INFO: Run Behavior\ReadHtmlCacheBehavior [ RunTime:0.000410s ]
INFO: [ app_begin ] --END-- [ RunTime:0.000444s ]
NOTIC: [8] Undefined variable: jwhere D:\phpStudy\WWW\matouPCS\Application\Home\Controller\BoxController.class.php 第 104 行.
SQL: SHOW COLUMNS FROM `reward2` [ RunTime:0.0112s ]
SQL: SELECT * FROM reward2 as r INNER JOIN reward1 as e on r.pid = e.psid  WHERE ( r.type = '主持人' )  [ RunTime:0.0020s ]
SQL: SELECT COUNT(*) AS tp_count FROM reward2 as r WHERE ( r.type = '主持人' ) LIMIT 1   [ RunTime:0.0010s ]
SQL: SHOW COLUMNS FROM `reward1` [ RunTime:0.0122s ]
SQL: SELECT * FROM reward1 as e INNER JOIN user as u on e.uid = u.id  ORDER BY  e.psid desc  LIMIT 0,2   [ RunTime:0.0012s ]
NOTIC: [2] Missing argument 1 for Think\PageAjax::show(), called in D:\phpStudy\WWW\matouPCS\Application\Home\Controller\BoxController.class.php on line 131 and defined D:\phpStudy\WWW\matouPCS\ThinkPHP\Library\Think\PageAjax.class.php 第 77 行.
NOTIC: [8] Undefined variable: url_replace D:\phpStudy\WWW\matouPCS\ThinkPHP\Library\Think\PageAjax.class.php 第 84 行.
INFO: [ view_parse ] --START--
INFO: [ template_filter ] --START--
INFO: Run Behavior\ContentReplaceBehavior [ RunTime:0.000092s ]
INFO: [ template_filter ] --END-- [ RunTime:0.000209s ]
INFO: Run Behavior\ParseTemplateBehavior [ RunTime:0.026406s ]
INFO: [ view_parse ] --END-- [ RunTime:0.026635s ]
INFO: [ view_filter ] --START--
INFO: Run Behavior\WriteHtmlCacheBehavior [ RunTime:0.000412s ]
INFO: [ view_filter ] --END-- [ RunTime:0.000483s ]
INFO: [ app_end ] --START--
INFO: Run Behavior\ShowPageTraceBehavior [ RunTime:0.000959s ]
INFO: [ app_end ] --END-- [ RunTime:0.001029s ]

[ 2017-02-22T18:49:50+08:00 ] ::1 /matouPCS/?s=/Home/Box/orders&p=1&type=%E6%91%84%E5%BD%B1%E5%B8%88&sex=&age=&date=&address=&re=1
INFO: [ app_init ] --START--
INFO: Run Behavior\BuildLiteBehavior [ RunTime:0.000010s ]
INFO: [ app_init ] --END-- [ RunTime:0.000278s ]
INFO: [ app_begin ] --START--
INFO: Run Behavior\ReadHtmlCacheBehavior [ RunTime:0.000440s ]
INFO: [ app_begin ] --END-- [ RunTime:0.000476s ]
NOTIC: [8] Undefined variable: jwhere D:\phpStudy\WWW\matouPCS\Application\Home\Controller\BoxController.class.php 第 104 行.
SQL: SHOW COLUMNS FROM `reward2` [ RunTime:0.0070s ]
SQL: SELECT * FROM reward2 as r INNER JOIN reward1 as e on r.pid = e.psid  WHERE ( r.type = '摄影师' )  [ RunTime:0.0009s ]
SQL: SELECT COUNT(*) AS tp_count FROM reward2 as r WHERE ( r.type = '摄影师' ) LIMIT 1   [ RunTime:0.0006s ]
SQL: SHOW COLUMNS FROM `reward1` [ RunTime:0.0046s ]
SQL: SELECT * FROM reward1 as e INNER JOIN user as u on e.uid = u.id  ORDER BY  e.psid desc  LIMIT 0,2   [ RunTime:0.0006s ]
NOTIC: [2] Missing argument 1 for Think\PageAjax::show(), called in D:\phpStudy\WWW\matouPCS\Application\Home\Controller\BoxController.class.php on line 131 and defined D:\phpStudy\WWW\matouPCS\ThinkPHP\Library\Think\PageAjax.class.php 第 77 行.
NOTIC: [8] Undefined variable: url_replace D:\phpStudy\WWW\matouPCS\ThinkPHP\Library\Think\PageAjax.class.php 第 84 行.
INFO: [ view_parse ] --START--
INFO: [ template_filter ] --START--
INFO: Run Behavior\ContentReplaceBehavior [ RunTime:0.000059s ]
INFO: [ template_filter ] --END-- [ RunTime:0.000146s ]
INFO: Run Behavior\ParseTemplateBehavior [ RunTime:0.011218s ]
INFO: [ view_parse ] --END-- [ RunTime:0.011263s ]
INFO: [ view_filter ] --START--
INFO: Run Behavior\WriteHtmlCacheBehavior [ RunTime:0.000191s ]
INFO: [ view_filter ] --END-- [ RunTime:0.000218s ]
INFO: [ app_end ] --START--
INFO: Run Behavior\ShowPageTraceBehavior [ RunTime:0.000490s ]
INFO: [ app_end ] --END-- [ RunTime:0.000522s ]

[ 2017-02-22T20:01:05+08:00 ] ::1 /matouPCS/
INFO: [ app_init ] --START--
INFO: Run Behavior\BuildLiteBehavior [ RunTime:0.000023s ]
INFO: [ app_init ] --END-- [ RunTime:0.000997s ]
INFO: [ app_begin ] --START--
INFO: Run Behavior\ReadHtmlCacheBehavior [ RunTime:0.000760s ]
INFO: [ app_begin ] --END-- [ RunTime:0.000836s ]
SQL: SHOW COLUMNS FROM `reward2` [ RunTime:0.0099s ]
SQL: SELECT * FROM reward2 as  r INNER JOIN reward1 as e on r.pid = e.psid  INNER JOIN  user as u on e.uid = u.id  ORDER BY e.psid desc LIMIT 0,21   [ RunTime:0.0008s ]
SQL: SHOW COLUMNS FROM `user` [ RunTime:0.0111s ]
SQL: SELECT * FROM user as u INNER JOIN forcee as f on f.uid = u.id  WHERE ( f.status = 2 ) ORDER BY f.collect desc LIMIT 0,4   [ RunTime:0.0007s ]
SQL: SHOW COLUMNS FROM `shop` [ RunTime:0.0085s ]
SQL: SELECT * FROM `shop` ORDER BY collect desc LIMIT 0,4   [ RunTime:0.0010s ]
SQL: SHOW COLUMNS FROM `flea` [ RunTime:0.0098s ]
SQL: SELECT * FROM flea as f INNER JOIN user as u on f.uid = u.id  WHERE ( tz_status = '1' ) LIMIT 0,5   [ RunTime:0.0026s ]
NOTIC: [8] Undefined variable: ren D:\xampp\htdocs\matouPCS\Application\Home\Controller\IndexController.class.php 第 39 行.
NOTIC: [8] Undefined variable: fbys D:\xampp\htdocs\matouPCS\Application\Home\Controller\IndexController.class.php 第 41 行.
NOTIC: [8] Undefined variable: fbyp D:\xampp\htdocs\matouPCS\Application\Home\Controller\IndexController.class.php 第 43 行.
INFO: [ view_parse ] --START--
INFO: [ template_filter ] --START--
INFO: Run Behavior\ContentReplaceBehavior [ RunTime:0.000391s ]
INFO: [ template_filter ] --END-- [ RunTime:0.000453s ]
NOTIC: [8] Undefined index: username D:\xampp\htdocs\matouPCS\Application\Runtime\Cache\Home\2a94b8bda04ff446dcedd42276fc99ee.php 第 104 行.
NOTIC: [8] Undefined variable: sp D:\xampp\htdocs\matouPCS\Application\Runtime\Cache\Home\2a94b8bda04ff446dcedd42276fc99ee.php 第 179 行.
NOTIC: [8] Undefined index: id D:\xampp\htdocs\matouPCS\Application\Runtime\Cache\Home\2a94b8bda04ff446dcedd42276fc99ee.php 第 929 行.
NOTIC: [8] Undefined index: id D:\xampp\htdocs\matouPCS\Application\Runtime\Cache\Home\2a94b8bda04ff446dcedd42276fc99ee.php 第 929 行.
INFO: Run Behavior\ParseTemplateBehavior [ RunTime:0.047185s ]
INFO: [ view_parse ] --END-- [ RunTime:0.047323s ]
INFO: [ view_filter ] --START--
INFO: Run Behavior\WriteHtmlCacheBehavior [ RunTime:0.000523s ]
INFO: [ view_filter ] --END-- [ RunTime:0.000576s ]
INFO: [ app_end ] --START--
INFO: Run Behavior\ShowPageTraceBehavior [ RunTime:0.001390s ]
INFO: [ app_end ] --END-- [ RunTime:0.001491s ]

[ 2017-02-22T20:01:09+08:00 ] ::1 /matouPCS/?s=/Home/Xsdt
INFO: [ app_init ] --START--
INFO: Run Behavior\BuildLiteBehavior [ RunTime:0.000020s ]
INFO: [ app_init ] --END-- [ RunTime:0.000606s ]
INFO: [ app_begin ] --START--
INFO: Run Behavior\ReadHtmlCacheBehavior [ RunTime:0.000546s ]
INFO: [ app_begin ] --END-- [ RunTime:0.000611s ]
SQL: SHOW COLUMNS FROM `reward2` [ RunTime:0.0089s ]
SQL: SELECT * FROM reward2 as  r INNER JOIN reward1 as e on r.pid = e.psid  INNER JOIN  user as u on e.uid = u.id  ORDER BY e.psid desc LIMIT 0,3   [ RunTime:0.0008s ]
SQL: SHOW COLUMNS FROM `user` [ RunTime:0.0073s ]
SQL: SELECT * FROM user as u INNER JOIN forcee as f on f.uid = u.id  WHERE ( f.status = 2 ) ORDER BY f.collect desc LIMIT 0,4   [ RunTime:0.0019s ]
SQL: SHOW COLUMNS FROM `reward1` [ RunTime:0.0076s ]
SQL: SELECT * FROM `reward1`  [ RunTime:0.0008s ]
INFO: [ view_parse ] --START--
INFO: [ template_filter ] --START--
INFO: Run Behavior\ContentReplaceBehavior [ RunTime:0.000230s ]
INFO: [ template_filter ] --END-- [ RunTime:0.000338s ]
NOTIC: [8] Undefined index: id D:\xampp\htdocs\matouPCS\Application\Runtime\Cache\Home\512f353e7cc5ac7bb6281b10a93262f7.php 第 526 行.
NOTIC: [8] Undefined index: id D:\xampp\htdocs\matouPCS\Application\Runtime\Cache\Home\512f353e7cc5ac7bb6281b10a93262f7.php 第 526 行.
INFO: Run Behavior\ParseTemplateBehavior [ RunTime:0.024961s ]
INFO: [ view_parse ] --END-- [ RunTime:0.025052s ]
INFO: [ view_filter ] --START--
INFO: Run Behavior\WriteHtmlCacheBehavior [ RunTime:0.000436s ]
INFO: [ view_filter ] --END-- [ RunTime:0.000497s ]
INFO: [ app_end ] --START--
INFO: Run Behavior\ShowPageTraceBehavior [ RunTime:0.005108s ]
INFO: [ app_end ] --END-- [ RunTime:0.008427s ]

[ 2017-02-22T20:01:10+08:00 ] ::1 /matouPCS/?s=/Home/Box/orders&p=1&type=&sex=&age=&date=&address=&re=
INFO: [ app_init ] --START--
INFO: Run Behavior\BuildLiteBehavior [ RunTime:0.000021s ]
INFO: [ app_init ] --END-- [ RunTime:0.000567s ]
INFO: [ app_begin ] --START--
INFO: Run Behavior\ReadHtmlCacheBehavior [ RunTime:0.000783s ]
INFO: [ app_begin ] --END-- [ RunTime:0.000874s ]
NOTIC: [8] Undefined variable: where D:\xampp\htdocs\matouPCS\Application\Home\Controller\BoxController.class.php 第 103 行.
NOTIC: [8] Undefined variable: jwhere D:\xampp\htdocs\matouPCS\Application\Home\Controller\BoxController.class.php 第 104 行.
SQL: SHOW COLUMNS FROM `reward2` [ RunTime:0.0420s ]
SQL: SELECT * FROM reward2 as r INNER JOIN reward1 as e on r.pid = e.psid   [ RunTime:0.0010s ]
SQL: SHOW COLUMNS FROM `reward1` [ RunTime:0.0090s ]
SQL: SELECT COUNT(*) AS tp_count FROM `reward1` LIMIT 1   [ RunTime:0.0018s ]
SQL: SHOW COLUMNS FROM `reward1` [ RunTime:0.0071s ]
SQL: SELECT * FROM reward1 as e INNER JOIN user as u on e.uid = u.id  ORDER BY  e.psid desc  LIMIT 0,2   [ RunTime:0.0008s ]
NOTIC: [2] Missing argument 1 for Think\PageAjax::show(), called in D:\xampp\htdocs\matouPCS\Application\Home\Controller\BoxController.class.php on line 131 and defined D:\xampp\htdocs\matouPCS\ThinkPHP\Library\Think\PageAjax.class.php 第 77 行.
NOTIC: [8] Undefined variable: url_replace D:\xampp\htdocs\matouPCS\ThinkPHP\Library\Think\PageAjax.class.php 第 84 行.
INFO: [ view_parse ] --START--
INFO: [ template_filter ] --START--
INFO: Run Behavior\ContentReplaceBehavior [ RunTime:0.000079s ]
INFO: [ template_filter ] --END-- [ RunTime:0.000172s ]
INFO: Run Behavior\ParseTemplateBehavior [ RunTime:0.016506s ]
INFO: [ view_parse ] --END-- [ RunTime:0.016604s ]
INFO: [ view_filter ] --START--
INFO: Run Behavior\WriteHtmlCacheBehavior [ RunTime:0.000375s ]
INFO: [ view_filter ] --END-- [ RunTime:0.000433s ]
INFO: [ app_end ] --START--
INFO: Run Behavior\ShowPageTraceBehavior [ RunTime:0.000698s ]
INFO: [ app_end ] --END-- [ RunTime:0.000766s ]

[ 2017-02-22T20:01:13+08:00 ] ::1 /matouPCS/?s=/Home/Box/orders&p=1&type=%E4%B8%BB%E6%8C%81%E4%BA%BA&sex=&age=&date=&address=&re=
INFO: [ app_init ] --START--
INFO: Run Behavior\BuildLiteBehavior [ RunTime:0.000015s ]
INFO: [ app_init ] --END-- [ RunTime:0.000380s ]
INFO: [ app_begin ] --START--
INFO: Run Behavior\ReadHtmlCacheBehavior [ RunTime:0.000526s ]
INFO: [ app_begin ] --END-- [ RunTime:0.000586s ]
NOTIC: [8] Undefined variable: jwhere D:\xampp\htdocs\matouPCS\Application\Home\Controller\BoxController.class.php 第 104 行.
SQL: SHOW COLUMNS FROM `reward2` [ RunTime:0.0074s ]
SQL: SELECT * FROM reward2 as r INNER JOIN reward1 as e on r.pid = e.psid  WHERE ( r.type = '主持人' )  [ RunTime:0.0707s ]
SQL: SELECT COUNT(*) AS tp_count FROM reward2 as r WHERE ( r.type = '主持人' ) LIMIT 1   [ RunTime:0.0056s ]
SQL: SHOW COLUMNS FROM `reward1` [ RunTime:0.0067s ]
SQL: SELECT * FROM reward1 as e INNER JOIN user as u on e.uid = u.id  ORDER BY  e.psid desc  LIMIT 0,2   [ RunTime:0.0009s ]
NOTIC: [2] Missing argument 1 for Think\PageAjax::show(), called in D:\xampp\htdocs\matouPCS\Application\Home\Controller\BoxController.class.php on line 131 and defined D:\xampp\htdocs\matouPCS\ThinkPHP\Library\Think\PageAjax.class.php 第 77 行.
NOTIC: [8] Undefined variable: url_replace D:\xampp\htdocs\matouPCS\ThinkPHP\Library\Think\PageAjax.class.php 第 84 行.
INFO: [ view_parse ] --START--
INFO: [ template_filter ] --START--
INFO: Run Behavior\ContentReplaceBehavior [ RunTime:0.000041s ]
INFO: [ template_filter ] --END-- [ RunTime:0.000095s ]
INFO: Run Behavior\ParseTemplateBehavior [ RunTime:0.014262s ]
INFO: [ view_parse ] --END-- [ RunTime:0.014329s ]
INFO: [ view_filter ] --START--
INFO: Run Behavior\WriteHtmlCacheBehavior [ RunTime:0.000259s ]
INFO: [ view_filter ] --END-- [ RunTime:0.000298s ]
INFO: [ app_end ] --START--
INFO: Run Behavior\ShowPageTraceBehavior [ RunTime:0.000644s ]
INFO: [ app_end ] --END-- [ RunTime:0.000705s ]

[ 2017-02-22T20:01:18+08:00 ] ::1 /matouPCS/?s=/Home/Box/orders&p=2&type=%E4%B8%BB%E6%8C%81%E4%BA%BA&sex=&age=&date=&address=&re=
INFO: [ app_init ] --START--
INFO: Run Behavior\BuildLiteBehavior [ RunTime:0.000015s ]
INFO: [ app_init ] --END-- [ RunTime:0.000370s ]
INFO: [ app_begin ] --START--
INFO: Run Behavior\ReadHtmlCacheBehavior [ RunTime:0.000561s ]
INFO: [ app_begin ] --END-- [ RunTime:0.000629s ]
NOTIC: [8] Undefined variable: jwhere D:\xampp\htdocs\matouPCS\Application\Home\Controller\BoxController.class.php 第 104 行.
SQL: SHOW COLUMNS FROM `reward2` [ RunTime:0.0060s ]
SQL: SELECT * FROM reward2 as r INNER JOIN reward1 as e on r.pid = e.psid  WHERE ( r.type = '主持人' )  [ RunTime:0.0018s ]
SQL: SELECT COUNT(*) AS tp_count FROM reward2 as r WHERE ( r.type = '主持人' ) LIMIT 1   [ RunTime:0.0010s ]
SQL: SHOW COLUMNS FROM `reward1` [ RunTime:0.0066s ]
SQL: SELECT * FROM reward1 as e INNER JOIN user as u on e.uid = u.id  ORDER BY  e.psid desc  LIMIT 2,2   [ RunTime:0.0004s ]
NOTIC: [2] Missing argument 1 for Think\PageAjax::show(), called in D:\xampp\htdocs\matouPCS\Application\Home\Controller\BoxController.class.php on line 131 and defined D:\xampp\htdocs\matouPCS\ThinkPHP\Library\Think\PageAjax.class.php 第 77 行.
NOTIC: [8] Undefined variable: url_replace D:\xampp\htdocs\matouPCS\ThinkPHP\Library\Think\PageAjax.class.php 第 84 行.
INFO: [ view_parse ] --START--
INFO: [ template_filter ] --START--
INFO: Run Behavior\ContentReplaceBehavior [ RunTime:0.000039s ]
INFO: [ template_filter ] --END-- [ RunTime:0.000089s ]
INFO: Run Behavior\ParseTemplateBehavior [ RunTime:0.012078s ]
INFO: [ view_parse ] --END-- [ RunTime:0.012231s ]
INFO: [ view_filter ] --START--
INFO: Run Behavior\WriteHtmlCacheBehavior [ RunTime:0.000496s ]
INFO: [ view_filter ] --END-- [ RunTime:0.000560s ]
INFO: [ app_end ] --START--
INFO: Run Behavior\ShowPageTraceBehavior [ RunTime:0.000604s ]
INFO: [ app_end ] --END-- [ RunTime:0.000658s ]

[ 2017-02-22T20:01:23+08:00 ] ::1 /matouPCS/?s=/Home/Box/orders&p=1&type=%E6%91%84%E5%BD%B1%E5%B8%88&sex=&age=&date=&address=&re=
INFO: [ app_init ] --START--
INFO: Run Behavior\BuildLiteBehavior [ RunTime:0.000016s ]
INFO: [ app_init ] --END-- [ RunTime:0.000405s ]
INFO: [ app_begin ] --START--
INFO: Run Behavior\ReadHtmlCacheBehavior [ RunTime:0.000522s ]
INFO: [ app_begin ] --END-- [ RunTime:0.000581s ]
NOTIC: [8] Undefined variable: jwhere D:\xampp\htdocs\matouPCS\Application\Home\Controller\BoxController.class.php 第 104 行.
SQL: SHOW COLUMNS FROM `reward2` [ RunTime:0.0078s ]
SQL: SELECT * FROM reward2 as r INNER JOIN reward1 as e on r.pid = e.psid  WHERE ( r.type = '摄影师' )  [ RunTime:0.0008s ]
SQL: SELECT COUNT(*) AS tp_count FROM reward2 as r WHERE ( r.type = '摄影师' ) LIMIT 1   [ RunTime:0.0014s ]
SQL: SHOW COLUMNS FROM `reward1` [ RunTime:0.0059s ]
SQL: SELECT * FROM reward1 as e INNER JOIN user as u on e.uid = u.id  ORDER BY  e.psid desc  LIMIT 0,2   [ RunTime:0.0006s ]
NOTIC: [2] Missing argument 1 for Think\PageAjax::show(), called in D:\xampp\htdocs\matouPCS\Application\Home\Controller\BoxController.class.php on line 131 and defined D:\xampp\htdocs\matouPCS\ThinkPHP\Library\Think\PageAjax.class.php 第 77 行.
INFO: [ view_parse ] --START--
INFO: [ template_filter ] --START--
INFO: Run Behavior\ContentReplaceBehavior [ RunTime:0.000053s ]
INFO: [ template_filter ] --END-- [ RunTime:0.000116s ]
INFO: Run Behavior\ParseTemplateBehavior [ RunTime:0.017547s ]
INFO: [ view_parse ] --END-- [ RunTime:0.017633s ]
INFO: [ view_filter ] --START--
INFO: Run Behavior\WriteHtmlCacheBehavior [ RunTime:0.000357s ]
INFO: [ view_filter ] --END-- [ RunTime:0.000415s ]
INFO: [ app_end ] --START--
INFO: Run Behavior\ShowPageTraceBehavior [ RunTime:0.002918s ]
INFO: [ app_end ] --END-- [ RunTime:0.002995s ]

