[ 2017-03-06T09:26:48+08:00 ] ::1 /matouPCS/
INFO: [ app_init ] --START--
INFO: Run Behavior\BuildLiteBehavior [ RunTime:0.000021s ]
INFO: [ app_init ] --END-- [ RunTime:0.000814s ]
INFO: [ app_begin ] --START--
INFO: Run Behavior\ReadHtmlCacheBehavior [ RunTime:0.000758s ]
INFO: [ app_begin ] --END-- [ RunTime:0.000815s ]
SQL: SHOW COLUMNS FROM `reward2` [ RunTime:0.0104s ]
SQL: SELECT * FROM reward2 as  r INNER JOIN reward1 as e on r.pid = e.psid  INNER JOIN  user as u on e.uid = u.id  ORDER BY e.psid desc LIMIT 0,21   [ RunTime:0.0037s ]
SQL: SHOW COLUMNS FROM `user` [ RunTime:0.0078s ]
SQL: SELECT * FROM user as u INNER JOIN forcee as f on f.uid = u.id  WHERE ( f.status = 2 ) ORDER BY f.collect desc LIMIT 0,4   [ RunTime:0.0027s ]
SQL: SELECT * FROM user as u INNER JOIN forcee as f on f.uid = u.id  WHERE ( f.status = 2 and u.id = 13 ) LIMIT 1   [ RunTime:0.0003s ]
SQL: SELECT * FROM user as u INNER JOIN due as d on u.id = d.uid  WHERE ( u.id = 13 ) LIMIT 1   [ RunTime:0.0017s ]
SQL: SELECT * FROM user as u INNER JOIN employ as d on u.id = d.uid  WHERE ( u.id = 13 ) LIMIT 1   [ RunTime:0.0018s ]
SQL: SHOW COLUMNS FROM `shop` [ RunTime:0.0089s ]
SQL: SELECT * FROM `shop` WHERE ( uid = 13 ) LIMIT 1   [ RunTime:0.0004s ]
SQL: SELECT * FROM `shop` ORDER BY collect desc LIMIT 0,4   [ RunTime:0.0003s ]
SQL: SHOW COLUMNS FROM `flea` [ RunTime:0.0078s ]
SQL: SELECT * FROM flea as f INNER JOIN user as u on f.uid = u.id  WHERE ( tz_status = '1' ) LIMIT 0,5   [ RunTime:0.0006s ]
INFO: [ view_parse ] --START--
INFO: [ template_filter ] --START--
INFO: Run Behavior\ContentReplaceBehavior [ RunTime:0.000309s ]
INFO: [ template_filter ] --END-- [ RunTime:0.000381s ]
INFO: Run Behavior\ParseTemplateBehavior [ RunTime:0.029633s ]
INFO: [ view_parse ] --END-- [ RunTime:0.029743s ]
INFO: [ view_filter ] --START--
INFO: Run Behavior\WriteHtmlCacheBehavior [ RunTime:0.000865s ]
INFO: [ view_filter ] --END-- [ RunTime:0.000918s ]
INFO: [ app_end ] --START--
INFO: Run Behavior\ShowPageTraceBehavior [ RunTime:0.001372s ]
INFO: [ app_end ] --END-- [ RunTime:0.001542s ]

[ 2017-03-06T09:26:49+08:00 ] ::1 /matouPCS/?s=/Home/User/wxcode/
INFO: [ app_init ] --START--
INFO: Run Behavior\BuildLiteBehavior [ RunTime:0.000022s ]
INFO: [ app_init ] --END-- [ RunTime:0.000405s ]
INFO: [ app_begin ] --START--
INFO: Run Behavior\ReadHtmlCacheBehavior [ RunTime:0.000555s ]
INFO: [ app_begin ] --END-- [ RunTime:0.000611s ]
NOTIC: [2048] Declaration of Home\Controller\UserController::get() should be compatible with that of Think\Controller::get() D:\www\matouPCS\Application\Home\Controller\UserController.class.php 第 1148 行.
NOTIC: [8] Undefined offset: 1 D:\www\matouPCS\Application\Home\Controller\UserController.class.php 第 1085 行.
NOTIC: [8] Trying to get property of non-object D:\www\matouPCS\Application\Home\Controller\UserController.class.php 第 1094 行.
NOTIC: [8] Trying to get property of non-object D:\www\matouPCS\Application\Home\Controller\UserController.class.php 第 1094 行.
NOTIC: [8] Trying to get property of non-object D:\www\matouPCS\Application\Home\Controller\UserController.class.php 第 1098 行.
SQL: SHOW COLUMNS FROM `user` [ RunTime:0.0069s ]
SQL: SELECT * FROM `user` WHERE ( weixin = '' ) LIMIT 1   [ RunTime:0.0003s ]
NOTIC: [8] A session had already been started - ignoring session_start() D:\www\matouPCS\Application\Home\Controller\UserController.class.php 第 1116 行.

[ 2017-03-06T09:26:54+08:00 ] ::1 /matouPCS/?s=/Home/Mtbu/rzbddydt/id/23
INFO: [ app_init ] --START--
INFO: Run Behavior\BuildLiteBehavior [ RunTime:0.000026s ]
INFO: [ app_init ] --END-- [ RunTime:0.000460s ]
INFO: [ app_begin ] --START--
INFO: Run Behavior\ReadHtmlCacheBehavior [ RunTime:0.001053s ]
INFO: [ app_begin ] --END-- [ RunTime:0.001243s ]
SQL: SHOW COLUMNS FROM `forcee` [ RunTime:0.0248s ]
SQL: SELECT * FROM `forcee` WHERE ( uid =23 and status=2 )  [ RunTime:0.0004s ]
SQL: SHOW COLUMNS FROM `forcee` [ RunTime:0.0169s ]
SQL: SELECT * FROM forcee as f INNER JOIN user as u on f.uid = u.id INNER JOIN forceimage as m on f.id = m.pid INNER JOIN forcevideo as v on f.id = v.pid  WHERE ( f.id = 4 ) LIMIT 1   [ RunTime:0.0032s ]
SQL: SHOW COLUMNS FROM `foree_liuyan` [ RunTime:0.0099s ]
SQL: SELECT * FROM foree_liuyan as f INNER JOIN user as u on f.uid = u.id  WHERE ( f.fid = 4 ) ORDER BY f.lid desc LIMIT 0,3   [ RunTime:0.0066s ]
SQL: SHOW COLUMNS FROM `dongtai` [ RunTime:0.0106s ]
SQL: SELECT * FROM dongtai as d INNER JOIN user as u on d.uid = u.id INNER JOIN dongimage as i on d.did = i.pid  WHERE ( d.uid = 23 ) ORDER BY d.did desc LIMIT 1   [ RunTime:0.0075s ]
SQL: SHOW COLUMNS FROM `dongimage` [ RunTime:0.0090s ]
SQL: SELECT * FROM dongimage as g INNER JOIN dongtai as d on d.did = g.pid  WHERE ( d.uid=23 ) ORDER BY g.iid desc  [ RunTime:0.0005s ]
SQL: SHOW COLUMNS FROM `user_fen` [ RunTime:0.0081s ]
SQL: SELECT * FROM `user_fen`  [ RunTime:0.0008s ]
NOTIC: [8] Undefined variable: user D:\www\matouPCS\Application\Home\Controller\MtbuController.class.php 第 667 行.
INFO: [ view_parse ] --START--
INFO: [ template_filter ] --START--
INFO: Run Behavior\ContentReplaceBehavior [ RunTime:0.000283s ]
INFO: [ template_filter ] --END-- [ RunTime:0.000347s ]
NOTIC: [8] Undefined variable: sp D:\www\matouPCS\Application\Runtime\Cache\Home\a875e04545ae3c485828dd86b81b0fda.php 第 197 行.
NOTIC: [8] Undefined variable: sp D:\www\matouPCS\Application\Runtime\Cache\Home\a875e04545ae3c485828dd86b81b0fda.php 第 199 行.
NOTIC: [8] Undefined variable: sp D:\www\matouPCS\Application\Runtime\Cache\Home\a875e04545ae3c485828dd86b81b0fda.php 第 207 行.
NOTIC: [8] Undefined variable: sp D:\www\matouPCS\Application\Runtime\Cache\Home\a875e04545ae3c485828dd86b81b0fda.php 第 209 行.
NOTIC: [8] Use of undefined constant username - assumed 'username' D:\www\matouPCS\Application\Runtime\Cache\Home\a875e04545ae3c485828dd86b81b0fda.php 第 494 行.
NOTIC: [8] Use of undefined constant tel - assumed 'tel' D:\www\matouPCS\Application\Runtime\Cache\Home\a875e04545ae3c485828dd86b81b0fda.php 第 494 行.
NOTIC: [8] Use of undefined constant username - assumed 'username' D:\www\matouPCS\Application\Runtime\Cache\Home\a875e04545ae3c485828dd86b81b0fda.php 第 495 行.
NOTIC: [8] Use of undefined constant tel - assumed 'tel' D:\www\matouPCS\Application\Runtime\Cache\Home\a875e04545ae3c485828dd86b81b0fda.php 第 495 行.
NOTIC: [8] Use of undefined constant bdlx - assumed 'bdlx' D:\www\matouPCS\Application\Runtime\Cache\Home\a875e04545ae3c485828dd86b81b0fda.php 第 498 行.
NOTIC: [8] Use of undefined constant bdlx - assumed 'bdlx' D:\www\matouPCS\Application\Runtime\Cache\Home\a875e04545ae3c485828dd86b81b0fda.php 第 499 行.
NOTIC: [8] Use of undefined constant bdlx - assumed 'bdlx' D:\www\matouPCS\Application\Runtime\Cache\Home\a875e04545ae3c485828dd86b81b0fda.php 第 884 行.
NOTIC: [8] Use of undefined constant bdlx - assumed 'bdlx' D:\www\matouPCS\Application\Runtime\Cache\Home\a875e04545ae3c485828dd86b81b0fda.php 第 885 行.
NOTIC: [8] Use of undefined constant username - assumed 'username' D:\www\matouPCS\Application\Runtime\Cache\Home\a875e04545ae3c485828dd86b81b0fda.php 第 904 行.
NOTIC: [8] Use of undefined constant tel - assumed 'tel' D:\www\matouPCS\Application\Runtime\Cache\Home\a875e04545ae3c485828dd86b81b0fda.php 第 904 行.
NOTIC: [8] Use of undefined constant username - assumed 'username' D:\www\matouPCS\Application\Runtime\Cache\Home\a875e04545ae3c485828dd86b81b0fda.php 第 905 行.
NOTIC: [8] Use of undefined constant tel - assumed 'tel' D:\www\matouPCS\Application\Runtime\Cache\Home\a875e04545ae3c485828dd86b81b0fda.php 第 905 行.
NOTIC: [8] Use of undefined constant bdlx - assumed 'bdlx' D:\www\matouPCS\Application\Runtime\Cache\Home\a875e04545ae3c485828dd86b81b0fda.php 第 884 行.
NOTIC: [8] Use of undefined constant bdlx - assumed 'bdlx' D:\www\matouPCS\Application\Runtime\Cache\Home\a875e04545ae3c485828dd86b81b0fda.php 第 885 行.
NOTIC: [8] Use of undefined constant username - assumed 'username' D:\www\matouPCS\Application\Runtime\Cache\Home\a875e04545ae3c485828dd86b81b0fda.php 第 904 行.
NOTIC: [8] Use of undefined constant tel - assumed 'tel' D:\www\matouPCS\Application\Runtime\Cache\Home\a875e04545ae3c485828dd86b81b0fda.php 第 904 行.
NOTIC: [8] Use of undefined constant username - assumed 'username' D:\www\matouPCS\Application\Runtime\Cache\Home\a875e04545ae3c485828dd86b81b0fda.php 第 905 行.
NOTIC: [8] Use of undefined constant tel - assumed 'tel' D:\www\matouPCS\Application\Runtime\Cache\Home\a875e04545ae3c485828dd86b81b0fda.php 第 905 行.
NOTIC: [8] Use of undefined constant bdlx - assumed 'bdlx' D:\www\matouPCS\Application\Runtime\Cache\Home\a875e04545ae3c485828dd86b81b0fda.php 第 890 行.
NOTIC: [8] Use of undefined constant bdlx - assumed 'bdlx' D:\www\matouPCS\Application\Runtime\Cache\Home\a875e04545ae3c485828dd86b81b0fda.php 第 891 行.
NOTIC: [8] Use of undefined constant username - assumed 'username' D:\www\matouPCS\Application\Runtime\Cache\Home\a875e04545ae3c485828dd86b81b0fda.php 第 904 行.
NOTIC: [8] Use of undefined constant tel - assumed 'tel' D:\www\matouPCS\Application\Runtime\Cache\Home\a875e04545ae3c485828dd86b81b0fda.php 第 904 行.
NOTIC: [8] Use of undefined constant username - assumed 'username' D:\www\matouPCS\Application\Runtime\Cache\Home\a875e04545ae3c485828dd86b81b0fda.php 第 905 行.
NOTIC: [8] Use of undefined constant tel - assumed 'tel' D:\www\matouPCS\Application\Runtime\Cache\Home\a875e04545ae3c485828dd86b81b0fda.php 第 905 行.
NOTIC: [8] Use of undefined constant username - assumed 'username' D:\www\matouPCS\Application\Runtime\Cache\Home\a875e04545ae3c485828dd86b81b0fda.php 第 1094 行.
NOTIC: [8] Use of undefined constant tel - assumed 'tel' D:\www\matouPCS\Application\Runtime\Cache\Home\a875e04545ae3c485828dd86b81b0fda.php 第 1094 行.
NOTIC: [8] Use of undefined constant username - assumed 'username' D:\www\matouPCS\Application\Runtime\Cache\Home\a875e04545ae3c485828dd86b81b0fda.php 第 1095 行.
NOTIC: [8] Use of undefined constant tel - assumed 'tel' D:\www\matouPCS\Application\Runtime\Cache\Home\a875e04545ae3c485828dd86b81b0fda.php 第 1095 行.
NOTIC: [8] Use of undefined constant did - assumed 'did' D:\www\matouPCS\Application\Runtime\Cache\Home\a875e04545ae3c485828dd86b81b0fda.php 第 1102 行.
NOTIC: [8] Use of undefined constant pid - assumed 'pid' D:\www\matouPCS\Application\Runtime\Cache\Home\a875e04545ae3c485828dd86b81b0fda.php 第 1102 行.
NOTIC: [8] Use of undefined constant did - assumed 'did' D:\www\matouPCS\Application\Runtime\Cache\Home\a875e04545ae3c485828dd86b81b0fda.php 第 1102 行.
NOTIC: [8] Use of undefined constant pid - assumed 'pid' D:\www\matouPCS\Application\Runtime\Cache\Home\a875e04545ae3c485828dd86b81b0fda.php 第 1102 行.
NOTIC: [8] Use of undefined constant did - assumed 'did' D:\www\matouPCS\Application\Runtime\Cache\Home\a875e04545ae3c485828dd86b81b0fda.php 第 1102 行.
NOTIC: [8] Use of undefined constant pid - assumed 'pid' D:\www\matouPCS\Application\Runtime\Cache\Home\a875e04545ae3c485828dd86b81b0fda.php 第 1102 行.
NOTIC: [8] Use of undefined constant did - assumed 'did' D:\www\matouPCS\Application\Runtime\Cache\Home\a875e04545ae3c485828dd86b81b0fda.php 第 1102 行.
NOTIC: [8] Use of undefined constant pid - assumed 'pid' D:\www\matouPCS\Application\Runtime\Cache\Home\a875e04545ae3c485828dd86b81b0fda.php 第 1102 行.
NOTIC: [8] Use of undefined constant did - assumed 'did' D:\www\matouPCS\Application\Runtime\Cache\Home\a875e04545ae3c485828dd86b81b0fda.php 第 1102 行.
NOTIC: [8] Use of undefined constant pid - assumed 'pid' D:\www\matouPCS\Application\Runtime\Cache\Home\a875e04545ae3c485828dd86b81b0fda.php 第 1102 行.
NOTIC: [8] Use of undefined constant did - assumed 'did' D:\www\matouPCS\Application\Runtime\Cache\Home\a875e04545ae3c485828dd86b81b0fda.php 第 1102 行.
NOTIC: [8] Use of undefined constant pid - assumed 'pid' D:\www\matouPCS\Application\Runtime\Cache\Home\a875e04545ae3c485828dd86b81b0fda.php 第 1102 行.
NOTIC: [8] Use of undefined constant did - assumed 'did' D:\www\matouPCS\Application\Runtime\Cache\Home\a875e04545ae3c485828dd86b81b0fda.php 第 1102 行.
NOTIC: [8] Use of undefined constant pid - assumed 'pid' D:\www\matouPCS\Application\Runtime\Cache\Home\a875e04545ae3c485828dd86b81b0fda.php 第 1102 行.
NOTIC: [8] Use of undefined constant did - assumed 'did' D:\www\matouPCS\Application\Runtime\Cache\Home\a875e04545ae3c485828dd86b81b0fda.php 第 1102 行.
NOTIC: [8] Use of undefined constant pid - assumed 'pid' D:\www\matouPCS\Application\Runtime\Cache\Home\a875e04545ae3c485828dd86b81b0fda.php 第 1102 行.
NOTIC: [8] Use of undefined constant did - assumed 'did' D:\www\matouPCS\Application\Runtime\Cache\Home\a875e04545ae3c485828dd86b81b0fda.php 第 1102 行.
NOTIC: [8] Use of undefined constant pid - assumed 'pid' D:\www\matouPCS\Application\Runtime\Cache\Home\a875e04545ae3c485828dd86b81b0fda.php 第 1102 行.
NOTIC: [8] Use of undefined constant did - assumed 'did' D:\www\matouPCS\Application\Runtime\Cache\Home\a875e04545ae3c485828dd86b81b0fda.php 第 1102 行.
NOTIC: [8] Use of undefined constant pid - assumed 'pid' D:\www\matouPCS\Application\Runtime\Cache\Home\a875e04545ae3c485828dd86b81b0fda.php 第 1102 行.
INFO: Run Behavior\ParseTemplateBehavior [ RunTime:0.029909s ]
INFO: [ view_parse ] --END-- [ RunTime:0.030028s ]
INFO: [ view_filter ] --START--
INFO: Run Behavior\WriteHtmlCacheBehavior [ RunTime:0.000403s ]
INFO: [ view_filter ] --END-- [ RunTime:0.000465s ]
INFO: [ app_end ] --START--
INFO: Run Behavior\ShowPageTraceBehavior [ RunTime:0.002271s ]
INFO: [ app_end ] --END-- [ RunTime:0.002429s ]

[ 2017-03-06T09:26:57+08:00 ] ::1 /matouPCS/index.php/Home/Mtbu/dnjzdt.html
INFO: [ app_init ] --START--
INFO: Run Behavior\BuildLiteBehavior [ RunTime:0.000018s ]
INFO: [ app_init ] --END-- [ RunTime:0.000599s ]
INFO: [ app_begin ] --START--
INFO: Run Behavior\ReadHtmlCacheBehavior [ RunTime:0.000549s ]
INFO: [ app_begin ] --END-- [ RunTime:0.000615s ]
SQL: SHOW COLUMNS FROM `dongtai` [ RunTime:0.0062s ]
SQL: SELECT COUNT(*) AS tp_count FROM `dongtai` LIMIT 1   [ RunTime:0.0003s ]
SQL: SHOW COLUMNS FROM `dongtai` [ RunTime:0.0060s ]
SQL: SELECT * FROM dongtai as d INNER JOIN user as u on d.uid = u.id  WHERE ( d.uid=23 ) ORDER BY d.did desc LIMIT 1,1   [ RunTime:0.0004s ]
SQL: SHOW COLUMNS FROM `dongimage` [ RunTime:0.0052s ]
SQL: SELECT * FROM dongimage as g INNER JOIN dongtai as d on d.did = g.pid  WHERE ( d.uid=23 ) ORDER BY g.iid desc  [ RunTime:0.0004s ]

[ 2017-03-06T09:27:00+08:00 ] ::1 /matouPCS/index.php/Home/Mtbu/dnjzdt.html
INFO: [ app_init ] --START--
INFO: Run Behavior\BuildLiteBehavior [ RunTime:0.000016s ]
INFO: [ app_init ] --END-- [ RunTime:0.000431s ]
INFO: [ app_begin ] --START--
INFO: Run Behavior\ReadHtmlCacheBehavior [ RunTime:0.000482s ]
INFO: [ app_begin ] --END-- [ RunTime:0.000537s ]
SQL: SHOW COLUMNS FROM `dongtai` [ RunTime:0.0064s ]
SQL: SELECT COUNT(*) AS tp_count FROM `dongtai` LIMIT 1   [ RunTime:0.0002s ]
SQL: SHOW COLUMNS FROM `dongtai` [ RunTime:0.0067s ]
SQL: SELECT * FROM dongtai as d INNER JOIN user as u on d.uid = u.id  WHERE ( d.uid=23 ) ORDER BY d.did desc LIMIT 2,1   [ RunTime:0.0004s ]
SQL: SHOW COLUMNS FROM `dongimage` [ RunTime:0.0056s ]
SQL: SELECT * FROM dongimage as g INNER JOIN dongtai as d on d.did = g.pid  WHERE ( d.uid=23 ) ORDER BY g.iid desc  [ RunTime:0.0004s ]

[ 2017-03-06T09:27:04+08:00 ] ::1 /matouPCS/?s=/Home/Mtbu/rzbd_gt_zan/did/29/zan/1
INFO: [ app_init ] --START--
INFO: Run Behavior\BuildLiteBehavior [ RunTime:0.000013s ]
INFO: [ app_init ] --END-- [ RunTime:0.000419s ]
INFO: [ app_begin ] --START--
INFO: Run Behavior\ReadHtmlCacheBehavior [ RunTime:0.000497s ]
INFO: [ app_begin ] --END-- [ RunTime:0.000550s ]
SQL: SHOW COLUMNS FROM `dongtai` [ RunTime:0.0064s ]
SQL: SELECT * FROM `dongtai` WHERE ( did = 29 ) LIMIT 1   [ RunTime:0.0003s ]
SQL: SELECT * FROM `dongtai` WHERE ( did = 29 ) LIMIT 1   [ RunTime:0.0002s ]
SQL: UPDATE `dongtai` SET `did`='29',`content`='活动',`type`='2',`zan`='0',`zid`='13,',`time`='2017-03-02',`uid`='23' WHERE ( did = 29 ) [ RunTime:0.0005s ]
SQL: UPDATE `dongtai` SET `zan`='1' WHERE ( did = 29 ) [ RunTime:0.0003s ]
INFO: [ app_end ] --START--
INFO: Run Behavior\ShowPageTraceBehavior [ RunTime:0.000694s ]
INFO: [ app_end ] --END-- [ RunTime:0.000742s ]

[ 2017-03-06T09:27:10+08:00 ] ::1 /matouPCS/index.php/Home/Mtbu/dnjzdt.html
INFO: [ app_init ] --START--
INFO: Run Behavior\BuildLiteBehavior [ RunTime:0.000014s ]
INFO: [ app_init ] --END-- [ RunTime:0.000429s ]
INFO: [ app_begin ] --START--
INFO: Run Behavior\ReadHtmlCacheBehavior [ RunTime:0.000498s ]
INFO: [ app_begin ] --END-- [ RunTime:0.000550s ]
SQL: SHOW COLUMNS FROM `dongtai` [ RunTime:0.0063s ]
SQL: SELECT COUNT(*) AS tp_count FROM `dongtai` LIMIT 1   [ RunTime:0.0003s ]
SQL: SHOW COLUMNS FROM `dongtai` [ RunTime:0.0060s ]
SQL: SELECT * FROM dongtai as d INNER JOIN user as u on d.uid = u.id  WHERE ( d.uid=23 ) ORDER BY d.did desc LIMIT 3,1   [ RunTime:0.0004s ]
SQL: SHOW COLUMNS FROM `dongimage` [ RunTime:0.0051s ]
SQL: SELECT * FROM dongimage as g INNER JOIN dongtai as d on d.did = g.pid  WHERE ( d.uid=23 ) ORDER BY g.iid desc  [ RunTime:0.0004s ]

[ 2017-03-06T09:27:15+08:00 ] ::1 /matouPCS/?s=/Home/Mtbu/rzbd_gt_zan/did/6/zan/10
INFO: [ app_init ] --START--
INFO: Run Behavior\BuildLiteBehavior [ RunTime:0.000013s ]
INFO: [ app_init ] --END-- [ RunTime:0.000426s ]
INFO: [ app_begin ] --START--
INFO: Run Behavior\ReadHtmlCacheBehavior [ RunTime:0.000506s ]
INFO: [ app_begin ] --END-- [ RunTime:0.000554s ]
SQL: SHOW COLUMNS FROM `dongtai` [ RunTime:0.0064s ]
SQL: SELECT * FROM `dongtai` WHERE ( did = 6 ) LIMIT 1   [ RunTime:0.0003s ]
SQL: SELECT * FROM `dongtai` WHERE ( did = 6 ) LIMIT 1   [ RunTime:0.0002s ]
SQL: UPDATE `dongtai` SET `did`='6',`content`='内容内容',`type`='1',`zan`='9',`zid`='13,',`time`='2017-02-09',`uid`='23' WHERE ( did = 6 ) [ RunTime:0.0003s ]
SQL: UPDATE `dongtai` SET `zan`='10' WHERE ( did = 6 ) [ RunTime:0.0002s ]
INFO: [ app_end ] --START--
INFO: Run Behavior\ShowPageTraceBehavior [ RunTime:0.000659s ]
INFO: [ app_end ] --END-- [ RunTime:0.000707s ]

[ 2017-03-06T09:27:21+08:00 ] ::1 /matouPCS/?s=/Home/Mtbu/rzbd_gt_zan/did/6/zan/9
INFO: [ app_init ] --START--
INFO: Run Behavior\BuildLiteBehavior [ RunTime:0.000011s ]
INFO: [ app_init ] --END-- [ RunTime:0.000429s ]
INFO: [ app_begin ] --START--
INFO: Run Behavior\ReadHtmlCacheBehavior [ RunTime:0.000549s ]
INFO: [ app_begin ] --END-- [ RunTime:0.000598s ]
SQL: SHOW COLUMNS FROM `dongtai` [ RunTime:0.0061s ]
SQL: SELECT * FROM `dongtai` WHERE ( did = 6 ) LIMIT 1   [ RunTime:0.0003s ]
SQL: SELECT * FROM `dongtai` WHERE ( did = 6 ) LIMIT 1   [ RunTime:0.0003s ]
SQL: UPDATE `dongtai` SET `did`='6',`content`='内容内容',`type`='1',`zan`='10',`zid`='13,13,',`time`='2017-02-09',`uid`='23' WHERE ( did = 6 ) [ RunTime:0.0003s ]
SQL: UPDATE `dongtai` SET `zan`='9' WHERE ( did = 6 ) [ RunTime:0.0002s ]
INFO: [ app_end ] --START--
INFO: Run Behavior\ShowPageTraceBehavior [ RunTime:0.000651s ]
INFO: [ app_end ] --END-- [ RunTime:0.000697s ]

