[ 2017-03-01T00:01:03+08:00 ] ::1 /matouPCS/?s=/Home/Mtbu
INFO: [ app_init ] --START--
INFO: Run Behavior\BuildLiteBehavior [ RunTime:0.000013s ]
INFO: [ app_init ] --END-- [ RunTime:0.000335s ]
INFO: [ app_begin ] --START--
INFO: Run Behavior\ReadHtmlCacheBehavior [ RunTime:0.001395s ]
INFO: [ app_begin ] --END-- [ RunTime:0.001533s ]
SQL: SHOW COLUMNS FROM `dongtai` [ RunTime:0.0064s ]
SQL: SELECT * FROM dongtai as d INNER JOIN user as u on d.uid = u.id INNER JOIN dongimage as i on d.did = i.pid  WHERE ( bdlx='2'||bdlx='3'||bdlx='4'||bdlx='5' ) ORDER BY d.did desc LIMIT 0,2   [ RunTime:0.0042s ]
SQL: SHOW COLUMNS FROM `forcee` [ RunTime:0.0025s ]
SQL: SELECT * FROM forcee as f INNER JOIN forceimage as r on f.id = r.pid INNER JOIN user as u on u.id = f.uid  ORDER BY f.collect desc  [ RunTime:0.0046s ]
INFO: [ view_parse ] --START--
INFO: [ template_filter ] --START--
INFO: Run Behavior\ContentReplaceBehavior [ RunTime:0.000163s ]
INFO: [ template_filter ] --END-- [ RunTime:0.000225s ]
NOTIC: [8] Undefined index: type D:\www\matouPCS\Application\Runtime\Cache\Home\01d3854d943345ccb8aef8c7ad49f784.php 第 799 行.
NOTIC: [8] Undefined index: type D:\www\matouPCS\Application\Runtime\Cache\Home\01d3854d943345ccb8aef8c7ad49f784.php 第 799 行.
NOTIC: [8] Undefined index: type D:\www\matouPCS\Application\Runtime\Cache\Home\01d3854d943345ccb8aef8c7ad49f784.php 第 799 行.
NOTIC: [8] Undefined index: type D:\www\matouPCS\Application\Runtime\Cache\Home\01d3854d943345ccb8aef8c7ad49f784.php 第 799 行.
INFO: Run Behavior\ParseTemplateBehavior [ RunTime:0.012796s ]
INFO: [ view_parse ] --END-- [ RunTime:0.012883s ]
INFO: [ view_filter ] --START--
INFO: Run Behavior\WriteHtmlCacheBehavior [ RunTime:0.000447s ]
INFO: [ view_filter ] --END-- [ RunTime:0.000490s ]
INFO: [ app_end ] --START--
INFO: Run Behavior\ShowPageTraceBehavior [ RunTime:0.000924s ]
INFO: [ app_end ] --END-- [ RunTime:0.000995s ]

[ 2017-03-01T00:01:05+08:00 ] ::1 /matouPCS/?s=/Home/Box/bddz&address=
INFO: [ app_init ] --START--
INFO: Run Behavior\BuildLiteBehavior [ RunTime:0.000020s ]
INFO: [ app_init ] --END-- [ RunTime:0.000430s ]
INFO: [ app_begin ] --START--
INFO: Run Behavior\ReadHtmlCacheBehavior [ RunTime:0.000525s ]
INFO: [ app_begin ] --END-- [ RunTime:0.000576s ]
SQL: SHOW COLUMNS FROM `dongtai` [ RunTime:0.0025s ]
SQL: SELECT * FROM dongtai as d INNER JOIN user as u on d.uid = u.id INNER JOIN dongimage as i on d.did = i.pid  ORDER BY d.did desc LIMIT 0,2   [ RunTime:0.0022s ]
INFO: [ view_parse ] --START--
INFO: [ template_filter ] --START--
INFO: Run Behavior\ContentReplaceBehavior [ RunTime:0.000040s ]
INFO: [ template_filter ] --END-- [ RunTime:0.000140s ]
INFO: Run Behavior\ParseTemplateBehavior [ RunTime:0.005839s ]
INFO: [ view_parse ] --END-- [ RunTime:0.005916s ]
INFO: [ view_filter ] --START--
INFO: Run Behavior\WriteHtmlCacheBehavior [ RunTime:0.000587s ]
INFO: [ view_filter ] --END-- [ RunTime:0.000643s ]
INFO: [ app_end ] --START--
INFO: Run Behavior\ShowPageTraceBehavior [ RunTime:0.000647s ]
INFO: [ app_end ] --END-- [ RunTime:0.000699s ]

[ 2017-03-01T00:02:16+08:00 ] ::1 /matouPCS/?s=/Home/Mtbu
INFO: [ app_init ] --START--
INFO: Run Behavior\BuildLiteBehavior [ RunTime:0.000023s ]
INFO: [ app_init ] --END-- [ RunTime:0.000580s ]
INFO: [ app_begin ] --START--
INFO: Run Behavior\ReadHtmlCacheBehavior [ RunTime:0.000575s ]
INFO: [ app_begin ] --END-- [ RunTime:0.000646s ]
SQL: SHOW COLUMNS FROM `dongtai` [ RunTime:0.0037s ]
SQL: SELECT * FROM dongtai as d INNER JOIN user as u on d.uid = u.id INNER JOIN dongimage as i on d.did = i.pid  WHERE ( bdlx='2'||bdlx='3'||bdlx='4'||bdlx='5' ) ORDER BY d.did desc LIMIT 0,2   [ RunTime:0.0028s ]
SQL: SHOW COLUMNS FROM `forcee` [ RunTime:0.0031s ]
SQL: SELECT * FROM forcee as f INNER JOIN forceimage as r on f.id = r.pid INNER JOIN user as u on u.id = f.uid  ORDER BY f.collect desc  [ RunTime:0.0024s ]
INFO: [ view_parse ] --START--
INFO: [ template_filter ] --START--
INFO: Run Behavior\ContentReplaceBehavior [ RunTime:0.000151s ]
INFO: [ template_filter ] --END-- [ RunTime:0.000199s ]
NOTIC: [8] Undefined index: type D:\www\matouPCS\Application\Runtime\Cache\Home\01d3854d943345ccb8aef8c7ad49f784.php 第 799 行.
NOTIC: [8] Undefined index: type D:\www\matouPCS\Application\Runtime\Cache\Home\01d3854d943345ccb8aef8c7ad49f784.php 第 799 行.
NOTIC: [8] Undefined index: type D:\www\matouPCS\Application\Runtime\Cache\Home\01d3854d943345ccb8aef8c7ad49f784.php 第 799 行.
NOTIC: [8] Undefined index: type D:\www\matouPCS\Application\Runtime\Cache\Home\01d3854d943345ccb8aef8c7ad49f784.php 第 799 行.
INFO: Run Behavior\ParseTemplateBehavior [ RunTime:0.011020s ]
INFO: [ view_parse ] --END-- [ RunTime:0.011075s ]
INFO: [ view_filter ] --START--
INFO: Run Behavior\WriteHtmlCacheBehavior [ RunTime:0.000444s ]
INFO: [ view_filter ] --END-- [ RunTime:0.000482s ]
INFO: [ app_end ] --START--
INFO: Run Behavior\ShowPageTraceBehavior [ RunTime:0.000529s ]
INFO: [ app_end ] --END-- [ RunTime:0.000585s ]

[ 2017-03-01T00:02:17+08:00 ] ::1 /matouPCS/?s=/Home/Box/bddz&address=
INFO: [ app_init ] --START--
INFO: Run Behavior\BuildLiteBehavior [ RunTime:0.000022s ]
INFO: [ app_init ] --END-- [ RunTime:0.000323s ]
INFO: [ app_begin ] --START--
INFO: Run Behavior\ReadHtmlCacheBehavior [ RunTime:0.000518s ]
INFO: [ app_begin ] --END-- [ RunTime:0.000566s ]
SQL: SHOW COLUMNS FROM `dongtai` [ RunTime:0.0029s ]
SQL: SELECT * FROM dongtai as d INNER JOIN user as u on d.uid = u.id INNER JOIN dongimage as i on d.did = i.pid  ORDER BY d.did desc LIMIT 0,2   [ RunTime:0.0022s ]
INFO: [ view_parse ] --START--
INFO: [ template_filter ] --START--
INFO: Run Behavior\ContentReplaceBehavior [ RunTime:0.000039s ]
INFO: [ template_filter ] --END-- [ RunTime:0.000142s ]
INFO: Run Behavior\ParseTemplateBehavior [ RunTime:0.006047s ]
INFO: [ view_parse ] --END-- [ RunTime:0.006096s ]
INFO: [ view_filter ] --START--
INFO: Run Behavior\WriteHtmlCacheBehavior [ RunTime:0.000294s ]
INFO: [ view_filter ] --END-- [ RunTime:0.000333s ]
INFO: [ app_end ] --START--
INFO: Run Behavior\ShowPageTraceBehavior [ RunTime:0.000445s ]
INFO: [ app_end ] --END-- [ RunTime:0.000485s ]

[ 2017-03-01T00:04:27+08:00 ] ::1 /matouPCS/?s=/Home/Mtbu
INFO: [ app_init ] --START--
INFO: Run Behavior\BuildLiteBehavior [ RunTime:0.000012s ]
INFO: [ app_init ] --END-- [ RunTime:0.000286s ]
INFO: [ app_begin ] --START--
INFO: Run Behavior\ReadHtmlCacheBehavior [ RunTime:0.000466s ]
INFO: [ app_begin ] --END-- [ RunTime:0.000515s ]
SQL: SHOW COLUMNS FROM `dongtai` [ RunTime:0.0032s ]
SQL: SELECT * FROM dongtai as d INNER JOIN user as u on d.uid = u.id INNER JOIN dongimage as i on d.did = i.pid  WHERE ( bdlx='2'||bdlx='3'||bdlx='4'||bdlx='5' ) ORDER BY d.did desc LIMIT 0,2   [ RunTime:0.0025s ]
SQL: SHOW COLUMNS FROM `forcee` [ RunTime:0.0022s ]
SQL: SELECT * FROM forcee as f INNER JOIN forceimage as r on f.id = r.pid INNER JOIN user as u on u.id = f.uid  ORDER BY f.collect desc  [ RunTime:0.0022s ]
INFO: [ view_parse ] --START--
INFO: [ template_filter ] --START--
INFO: Run Behavior\ContentReplaceBehavior [ RunTime:0.000157s ]
INFO: [ template_filter ] --END-- [ RunTime:0.000224s ]
NOTIC: [8] Undefined index: type D:\www\matouPCS\Application\Runtime\Cache\Home\01d3854d943345ccb8aef8c7ad49f784.php 第 780 行.
NOTIC: [8] Undefined index: type D:\www\matouPCS\Application\Runtime\Cache\Home\01d3854d943345ccb8aef8c7ad49f784.php 第 780 行.
NOTIC: [8] Undefined index: type D:\www\matouPCS\Application\Runtime\Cache\Home\01d3854d943345ccb8aef8c7ad49f784.php 第 780 行.
NOTIC: [8] Undefined index: type D:\www\matouPCS\Application\Runtime\Cache\Home\01d3854d943345ccb8aef8c7ad49f784.php 第 780 行.
INFO: Run Behavior\ParseTemplateBehavior [ RunTime:0.012720s ]
INFO: [ view_parse ] --END-- [ RunTime:0.012779s ]
INFO: [ view_filter ] --START--
INFO: Run Behavior\WriteHtmlCacheBehavior [ RunTime:0.000289s ]
INFO: [ view_filter ] --END-- [ RunTime:0.000331s ]
INFO: [ app_end ] --START--
INFO: Run Behavior\ShowPageTraceBehavior [ RunTime:0.000480s ]
INFO: [ app_end ] --END-- [ RunTime:0.000528s ]

[ 2017-03-01T00:04:29+08:00 ] ::1 /matouPCS/?s=/Home/Box/bddz&address=
INFO: [ app_init ] --START--
INFO: Run Behavior\BuildLiteBehavior [ RunTime:0.000016s ]
INFO: [ app_init ] --END-- [ RunTime:0.000324s ]
INFO: [ app_begin ] --START--
INFO: Run Behavior\ReadHtmlCacheBehavior [ RunTime:0.000564s ]
INFO: [ app_begin ] --END-- [ RunTime:0.000610s ]
SQL: SHOW COLUMNS FROM `dongtai` [ RunTime:0.0028s ]
SQL: SELECT * FROM dongtai as d INNER JOIN user as u on d.uid = u.id INNER JOIN dongimage as i on d.did = i.pid  ORDER BY d.did desc LIMIT 0,2   [ RunTime:0.0023s ]
INFO: [ view_parse ] --START--
INFO: [ template_filter ] --START--
INFO: Run Behavior\ContentReplaceBehavior [ RunTime:0.000038s ]
INFO: [ template_filter ] --END-- [ RunTime:0.000158s ]
INFO: Run Behavior\ParseTemplateBehavior [ RunTime:0.005590s ]
INFO: [ view_parse ] --END-- [ RunTime:0.005639s ]
INFO: [ view_filter ] --START--
INFO: Run Behavior\WriteHtmlCacheBehavior [ RunTime:0.000331s ]
INFO: [ view_filter ] --END-- [ RunTime:0.000369s ]
INFO: [ app_end ] --START--
INFO: Run Behavior\ShowPageTraceBehavior [ RunTime:0.000547s ]
INFO: [ app_end ] --END-- [ RunTime:0.000588s ]

[ 2017-03-01T00:04:53+08:00 ] ::1 /matouPCS/?s=/Home/Mtbu
INFO: [ app_init ] --START--
INFO: Run Behavior\BuildLiteBehavior [ RunTime:0.000015s ]
INFO: [ app_init ] --END-- [ RunTime:0.000378s ]
INFO: [ app_begin ] --START--
INFO: Run Behavior\ReadHtmlCacheBehavior [ RunTime:0.000601s ]
INFO: [ app_begin ] --END-- [ RunTime:0.000727s ]
SQL: SHOW COLUMNS FROM `dongtai` [ RunTime:0.0024s ]
SQL: SELECT * FROM dongtai as d INNER JOIN user as u on d.uid = u.id INNER JOIN dongimage as i on d.did = i.pid  WHERE ( bdlx='2'||bdlx='3'||bdlx='4'||bdlx='5' ) ORDER BY d.did desc LIMIT 0,2   [ RunTime:0.0024s ]
SQL: SHOW COLUMNS FROM `forcee` [ RunTime:0.0032s ]
SQL: SELECT * FROM forcee as f INNER JOIN forceimage as r on f.id = r.pid INNER JOIN user as u on u.id = f.uid  ORDER BY f.collect desc  [ RunTime:0.0022s ]
INFO: [ view_parse ] --START--
INFO: [ template_filter ] --START--
INFO: Run Behavior\ContentReplaceBehavior [ RunTime:0.000150s ]
INFO: [ template_filter ] --END-- [ RunTime:0.000204s ]
NOTIC: [8] Undefined index: type D:\www\matouPCS\Application\Runtime\Cache\Home\01d3854d943345ccb8aef8c7ad49f784.php 第 769 行.
NOTIC: [8] Undefined index: type D:\www\matouPCS\Application\Runtime\Cache\Home\01d3854d943345ccb8aef8c7ad49f784.php 第 769 行.
NOTIC: [8] Undefined index: type D:\www\matouPCS\Application\Runtime\Cache\Home\01d3854d943345ccb8aef8c7ad49f784.php 第 769 行.
NOTIC: [8] Undefined index: type D:\www\matouPCS\Application\Runtime\Cache\Home\01d3854d943345ccb8aef8c7ad49f784.php 第 769 行.
INFO: Run Behavior\ParseTemplateBehavior [ RunTime:0.011621s ]
INFO: [ view_parse ] --END-- [ RunTime:0.011681s ]
INFO: [ view_filter ] --START--
INFO: Run Behavior\WriteHtmlCacheBehavior [ RunTime:0.000354s ]
INFO: [ view_filter ] --END-- [ RunTime:0.000395s ]
INFO: [ app_end ] --START--
INFO: Run Behavior\ShowPageTraceBehavior [ RunTime:0.000566s ]
INFO: [ app_end ] --END-- [ RunTime:0.000613s ]

[ 2017-03-01T00:04:55+08:00 ] ::1 /matouPCS/?s=/Home/Box/bddz&address=
INFO: [ app_init ] --START--
INFO: Run Behavior\BuildLiteBehavior [ RunTime:0.000014s ]
INFO: [ app_init ] --END-- [ RunTime:0.000286s ]
INFO: [ app_begin ] --START--
INFO: Run Behavior\ReadHtmlCacheBehavior [ RunTime:0.000479s ]
INFO: [ app_begin ] --END-- [ RunTime:0.000530s ]
SQL: SHOW COLUMNS FROM `dongtai` [ RunTime:0.0026s ]
SQL: SELECT * FROM dongtai as d INNER JOIN user as u on d.uid = u.id INNER JOIN dongimage as i on d.did = i.pid  ORDER BY d.did desc LIMIT 0,2   [ RunTime:0.0022s ]
INFO: [ view_parse ] --START--
INFO: [ template_filter ] --START--
INFO: Run Behavior\ContentReplaceBehavior [ RunTime:0.000038s ]
INFO: [ template_filter ] --END-- [ RunTime:0.000130s ]
INFO: Run Behavior\ParseTemplateBehavior [ RunTime:0.005585s ]
INFO: [ view_parse ] --END-- [ RunTime:0.005633s ]
INFO: [ view_filter ] --START--
INFO: Run Behavior\WriteHtmlCacheBehavior [ RunTime:0.000277s ]
INFO: [ view_filter ] --END-- [ RunTime:0.000314s ]
INFO: [ app_end ] --START--
INFO: Run Behavior\ShowPageTraceBehavior [ RunTime:0.000473s ]
INFO: [ app_end ] --END-- [ RunTime:0.000514s ]

[ 2017-03-01T00:05:42+08:00 ] ::1 /matouPCS/?s=/Home/Mtbu
INFO: [ app_init ] --START--
INFO: Run Behavior\BuildLiteBehavior [ RunTime:0.000035s ]
INFO: [ app_init ] --END-- [ RunTime:0.000488s ]
INFO: [ app_begin ] --START--
INFO: Run Behavior\ReadHtmlCacheBehavior [ RunTime:0.000522s ]
INFO: [ app_begin ] --END-- [ RunTime:0.000572s ]
SQL: SHOW COLUMNS FROM `dongtai` [ RunTime:0.0032s ]
SQL: SELECT * FROM dongtai as d INNER JOIN user as u on d.uid = u.id INNER JOIN dongimage as i on d.did = i.pid  WHERE ( bdlx='2'||bdlx='3'||bdlx='4'||bdlx='5' ) ORDER BY d.did desc LIMIT 0,2   [ RunTime:0.0025s ]
SQL: SHOW COLUMNS FROM `forcee` [ RunTime:0.0022s ]
SQL: SELECT * FROM forcee as f INNER JOIN forceimage as r on f.id = r.pid INNER JOIN user as u on u.id = f.uid  ORDER BY f.collect desc  [ RunTime:0.0022s ]
INFO: [ view_parse ] --START--
INFO: [ template_filter ] --START--
INFO: Run Behavior\ContentReplaceBehavior [ RunTime:0.000192s ]
INFO: [ template_filter ] --END-- [ RunTime:0.000251s ]
NOTIC: [8] Undefined index: type D:\www\matouPCS\Application\Runtime\Cache\Home\01d3854d943345ccb8aef8c7ad49f784.php 第 770 行.
NOTIC: [8] Undefined index: type D:\www\matouPCS\Application\Runtime\Cache\Home\01d3854d943345ccb8aef8c7ad49f784.php 第 770 行.
NOTIC: [8] Undefined index: type D:\www\matouPCS\Application\Runtime\Cache\Home\01d3854d943345ccb8aef8c7ad49f784.php 第 770 行.
NOTIC: [8] Undefined index: type D:\www\matouPCS\Application\Runtime\Cache\Home\01d3854d943345ccb8aef8c7ad49f784.php 第 770 行.
INFO: Run Behavior\ParseTemplateBehavior [ RunTime:0.011791s ]
INFO: [ view_parse ] --END-- [ RunTime:0.011845s ]
INFO: [ view_filter ] --START--
INFO: Run Behavior\WriteHtmlCacheBehavior [ RunTime:0.000294s ]
INFO: [ view_filter ] --END-- [ RunTime:0.000334s ]
INFO: [ app_end ] --START--
INFO: Run Behavior\ShowPageTraceBehavior [ RunTime:0.000526s ]
INFO: [ app_end ] --END-- [ RunTime:0.000574s ]

[ 2017-03-01T00:05:43+08:00 ] ::1 /matouPCS/?s=/Home/Box/bddz&address=
INFO: [ app_init ] --START--
INFO: Run Behavior\BuildLiteBehavior [ RunTime:0.000013s ]
INFO: [ app_init ] --END-- [ RunTime:0.000290s ]
INFO: [ app_begin ] --START--
INFO: Run Behavior\ReadHtmlCacheBehavior [ RunTime:0.000461s ]
INFO: [ app_begin ] --END-- [ RunTime:0.000511s ]
SQL: SHOW COLUMNS FROM `dongtai` [ RunTime:0.0026s ]
SQL: SELECT * FROM dongtai as d INNER JOIN user as u on d.uid = u.id INNER JOIN dongimage as i on d.did = i.pid  ORDER BY d.did desc LIMIT 0,2   [ RunTime:0.0030s ]
INFO: [ view_parse ] --START--
INFO: [ template_filter ] --START--
INFO: Run Behavior\ContentReplaceBehavior [ RunTime:0.000049s ]
INFO: [ template_filter ] --END-- [ RunTime:0.000199s ]
INFO: Run Behavior\ParseTemplateBehavior [ RunTime:0.007060s ]
INFO: [ view_parse ] --END-- [ RunTime:0.007163s ]
INFO: [ view_filter ] --START--
INFO: Run Behavior\WriteHtmlCacheBehavior [ RunTime:0.000472s ]
INFO: [ view_filter ] --END-- [ RunTime:0.000533s ]
INFO: [ app_end ] --START--
INFO: Run Behavior\ShowPageTraceBehavior [ RunTime:0.000568s ]
INFO: [ app_end ] --END-- [ RunTime:0.000615s ]

[ 2017-03-01T00:06:00+08:00 ] ::1 /matouPCS/?s=/Home/Mtbu
INFO: [ app_init ] --START--
INFO: Run Behavior\BuildLiteBehavior [ RunTime:0.000024s ]
INFO: [ app_init ] --END-- [ RunTime:0.000318s ]
INFO: [ app_begin ] --START--
INFO: Run Behavior\ReadHtmlCacheBehavior [ RunTime:0.000450s ]
INFO: [ app_begin ] --END-- [ RunTime:0.000497s ]
SQL: SHOW COLUMNS FROM `dongtai` [ RunTime:0.0038s ]
SQL: SELECT * FROM dongtai as d INNER JOIN user as u on d.uid = u.id INNER JOIN dongimage as i on d.did = i.pid  WHERE ( bdlx='2'||bdlx='3'||bdlx='4'||bdlx='5' ) ORDER BY d.did desc LIMIT 0,2   [ RunTime:0.0033s ]
SQL: SHOW COLUMNS FROM `forcee` [ RunTime:0.0025s ]
SQL: SELECT * FROM forcee as f INNER JOIN forceimage as r on f.id = r.pid INNER JOIN user as u on u.id = f.uid  ORDER BY f.collect desc  [ RunTime:0.0026s ]
INFO: [ view_parse ] --START--
INFO: [ template_filter ] --START--
INFO: Run Behavior\ContentReplaceBehavior [ RunTime:0.000151s ]
INFO: [ template_filter ] --END-- [ RunTime:0.000214s ]
NOTIC: [8] Undefined index: type D:\www\matouPCS\Application\Runtime\Cache\Home\01d3854d943345ccb8aef8c7ad49f784.php 第 769 行.
NOTIC: [8] Undefined index: type D:\www\matouPCS\Application\Runtime\Cache\Home\01d3854d943345ccb8aef8c7ad49f784.php 第 769 行.
NOTIC: [8] Undefined index: type D:\www\matouPCS\Application\Runtime\Cache\Home\01d3854d943345ccb8aef8c7ad49f784.php 第 769 行.
NOTIC: [8] Undefined index: type D:\www\matouPCS\Application\Runtime\Cache\Home\01d3854d943345ccb8aef8c7ad49f784.php 第 769 行.
INFO: Run Behavior\ParseTemplateBehavior [ RunTime:0.013248s ]
INFO: [ view_parse ] --END-- [ RunTime:0.013310s ]
INFO: [ view_filter ] --START--
INFO: Run Behavior\WriteHtmlCacheBehavior [ RunTime:0.000338s ]
INFO: [ view_filter ] --END-- [ RunTime:0.000384s ]
INFO: [ app_end ] --START--
INFO: Run Behavior\ShowPageTraceBehavior [ RunTime:0.000555s ]
INFO: [ app_end ] --END-- [ RunTime:0.000608s ]

[ 2017-03-01T00:06:01+08:00 ] ::1 /matouPCS/?s=/Home/Box/bddz&address=
INFO: [ app_init ] --START--
INFO: Run Behavior\BuildLiteBehavior [ RunTime:0.000014s ]
INFO: [ app_init ] --END-- [ RunTime:0.000320s ]
INFO: [ app_begin ] --START--
INFO: Run Behavior\ReadHtmlCacheBehavior [ RunTime:0.000478s ]
INFO: [ app_begin ] --END-- [ RunTime:0.000528s ]
SQL: SHOW COLUMNS FROM `dongtai` [ RunTime:0.0029s ]
SQL: SELECT * FROM dongtai as d INNER JOIN user as u on d.uid = u.id INNER JOIN dongimage as i on d.did = i.pid  ORDER BY d.did desc LIMIT 0,2   [ RunTime:0.0028s ]
INFO: [ view_parse ] --START--
INFO: [ template_filter ] --START--
INFO: Run Behavior\ContentReplaceBehavior [ RunTime:0.000043s ]
INFO: [ template_filter ] --END-- [ RunTime:0.000145s ]
INFO: Run Behavior\ParseTemplateBehavior [ RunTime:0.006095s ]
INFO: [ view_parse ] --END-- [ RunTime:0.006152s ]
INFO: [ view_filter ] --START--
INFO: Run Behavior\WriteHtmlCacheBehavior [ RunTime:0.000318s ]
INFO: [ view_filter ] --END-- [ RunTime:0.000362s ]
INFO: [ app_end ] --START--
INFO: Run Behavior\ShowPageTraceBehavior [ RunTime:0.000497s ]
INFO: [ app_end ] --END-- [ RunTime:0.000557s ]

[ 2017-03-01T00:09:23+08:00 ] ::1 /matouPCS/?s=/Home/Mtbu
INFO: [ app_init ] --START--
INFO: Run Behavior\BuildLiteBehavior [ RunTime:0.000026s ]
INFO: [ app_init ] --END-- [ RunTime:0.001712s ]
INFO: [ app_begin ] --START--
INFO: Run Behavior\ReadHtmlCacheBehavior [ RunTime:0.001117s ]
INFO: [ app_begin ] --END-- [ RunTime:0.001275s ]
SQL: SHOW COLUMNS FROM `dongtai` [ RunTime:0.0030s ]
SQL: SELECT * FROM dongtai as d INNER JOIN user as u on d.uid = u.id INNER JOIN dongimage as i on d.did = i.pid  WHERE ( bdlx='2'||bdlx='3'||bdlx='4'||bdlx='5' ) ORDER BY d.did desc LIMIT 0,2   [ RunTime:0.0030s ]
SQL: SHOW COLUMNS FROM `forcee` [ RunTime:0.0024s ]
SQL: SELECT * FROM forcee as f INNER JOIN forceimage as r on f.id = r.pid INNER JOIN user as u on u.id = f.uid  ORDER BY f.collect desc  [ RunTime:0.0022s ]
INFO: [ view_parse ] --START--
INFO: [ template_filter ] --START--
INFO: Run Behavior\ContentReplaceBehavior [ RunTime:0.000156s ]
INFO: [ template_filter ] --END-- [ RunTime:0.000217s ]
NOTIC: [8] Undefined index: type D:\www\matouPCS\Application\Runtime\Cache\Home\01d3854d943345ccb8aef8c7ad49f784.php 第 767 行.
NOTIC: [8] Undefined index: type D:\www\matouPCS\Application\Runtime\Cache\Home\01d3854d943345ccb8aef8c7ad49f784.php 第 767 行.
NOTIC: [8] Undefined index: type D:\www\matouPCS\Application\Runtime\Cache\Home\01d3854d943345ccb8aef8c7ad49f784.php 第 767 行.
NOTIC: [8] Undefined index: type D:\www\matouPCS\Application\Runtime\Cache\Home\01d3854d943345ccb8aef8c7ad49f784.php 第 767 行.
INFO: Run Behavior\ParseTemplateBehavior [ RunTime:0.012384s ]
INFO: [ view_parse ] --END-- [ RunTime:0.012443s ]
INFO: [ view_filter ] --START--
INFO: Run Behavior\WriteHtmlCacheBehavior [ RunTime:0.000286s ]
INFO: [ view_filter ] --END-- [ RunTime:0.000327s ]
INFO: [ app_end ] --START--
INFO: Run Behavior\ShowPageTraceBehavior [ RunTime:0.000466s ]
INFO: [ app_end ] --END-- [ RunTime:0.000514s ]

[ 2017-03-01T00:09:24+08:00 ] ::1 /matouPCS/?s=/Home/Box/bddz&address=
INFO: [ app_init ] --START--
INFO: Run Behavior\BuildLiteBehavior [ RunTime:0.000015s ]
INFO: [ app_init ] --END-- [ RunTime:0.000299s ]
INFO: [ app_begin ] --START--
INFO: Run Behavior\ReadHtmlCacheBehavior [ RunTime:0.000570s ]
INFO: [ app_begin ] --END-- [ RunTime:0.000624s ]
SQL: SHOW COLUMNS FROM `dongtai` [ RunTime:0.0024s ]
SQL: SELECT * FROM dongtai as d INNER JOIN user as u on d.uid = u.id INNER JOIN dongimage as i on d.did = i.pid  ORDER BY d.did desc LIMIT 0,2   [ RunTime:0.0024s ]
INFO: [ view_parse ] --START--
INFO: [ template_filter ] --START--
INFO: Run Behavior\ContentReplaceBehavior [ RunTime:0.000039s ]
INFO: [ template_filter ] --END-- [ RunTime:0.000139s ]
INFO: Run Behavior\ParseTemplateBehavior [ RunTime:0.005758s ]
INFO: [ view_parse ] --END-- [ RunTime:0.005846s ]
INFO: [ view_filter ] --START--
INFO: Run Behavior\WriteHtmlCacheBehavior [ RunTime:0.000348s ]
INFO: [ view_filter ] --END-- [ RunTime:0.000398s ]
INFO: [ app_end ] --START--
INFO: Run Behavior\ShowPageTraceBehavior [ RunTime:0.000556s ]
INFO: [ app_end ] --END-- [ RunTime:0.000595s ]

[ 2017-03-01T00:10:20+08:00 ] ::1 /matouPCS/?s=/Home/Mtbu
INFO: [ app_init ] --START--
INFO: Run Behavior\BuildLiteBehavior [ RunTime:0.000033s ]
INFO: [ app_init ] --END-- [ RunTime:0.000493s ]
INFO: [ app_begin ] --START--
INFO: Run Behavior\ReadHtmlCacheBehavior [ RunTime:0.000440s ]
INFO: [ app_begin ] --END-- [ RunTime:0.000493s ]
SQL: SHOW COLUMNS FROM `dongtai` [ RunTime:0.0026s ]
SQL: SELECT * FROM dongtai as d INNER JOIN user as u on d.uid = u.id INNER JOIN dongimage as i on d.did = i.pid  WHERE ( bdlx='2'||bdlx='3'||bdlx='4'||bdlx='5' ) ORDER BY d.did desc LIMIT 0,2   [ RunTime:0.0022s ]
SQL: SHOW COLUMNS FROM `forcee` [ RunTime:0.0022s ]
SQL: SELECT * FROM forcee as f INNER JOIN forceimage as r on f.id = r.pid INNER JOIN user as u on u.id = f.uid  ORDER BY f.collect desc  [ RunTime:0.0033s ]
INFO: [ view_parse ] --START--
INFO: [ template_filter ] --START--
INFO: Run Behavior\ContentReplaceBehavior [ RunTime:0.000214s ]
INFO: [ template_filter ] --END-- [ RunTime:0.000276s ]
NOTIC: [8] Undefined index: type D:\www\matouPCS\Application\Runtime\Cache\Home\01d3854d943345ccb8aef8c7ad49f784.php 第 769 行.
NOTIC: [8] Undefined index: type D:\www\matouPCS\Application\Runtime\Cache\Home\01d3854d943345ccb8aef8c7ad49f784.php 第 769 行.
NOTIC: [8] Undefined index: type D:\www\matouPCS\Application\Runtime\Cache\Home\01d3854d943345ccb8aef8c7ad49f784.php 第 769 行.
NOTIC: [8] Undefined index: type D:\www\matouPCS\Application\Runtime\Cache\Home\01d3854d943345ccb8aef8c7ad49f784.php 第 769 行.
INFO: Run Behavior\ParseTemplateBehavior [ RunTime:0.012114s ]
INFO: [ view_parse ] --END-- [ RunTime:0.012186s ]
INFO: [ view_filter ] --START--
INFO: Run Behavior\WriteHtmlCacheBehavior [ RunTime:0.000276s ]
INFO: [ view_filter ] --END-- [ RunTime:0.000316s ]
INFO: [ app_end ] --START--
INFO: Run Behavior\ShowPageTraceBehavior [ RunTime:0.000480s ]
INFO: [ app_end ] --END-- [ RunTime:0.000537s ]

[ 2017-03-01T00:10:21+08:00 ] ::1 /matouPCS/?s=/Home/Box/bddz&address=
INFO: [ app_init ] --START--
INFO: Run Behavior\BuildLiteBehavior [ RunTime:0.000014s ]
INFO: [ app_init ] --END-- [ RunTime:0.000292s ]
INFO: [ app_begin ] --START--
INFO: Run Behavior\ReadHtmlCacheBehavior [ RunTime:0.000471s ]
INFO: [ app_begin ] --END-- [ RunTime:0.000519s ]
SQL: SHOW COLUMNS FROM `dongtai` [ RunTime:0.0038s ]
SQL: SELECT * FROM dongtai as d INNER JOIN user as u on d.uid = u.id INNER JOIN dongimage as i on d.did = i.pid  ORDER BY d.did desc LIMIT 0,2   [ RunTime:0.0026s ]
INFO: [ view_parse ] --START--
INFO: [ template_filter ] --START--
INFO: Run Behavior\ContentReplaceBehavior [ RunTime:0.000052s ]
INFO: [ template_filter ] --END-- [ RunTime:0.000230s ]
INFO: Run Behavior\ParseTemplateBehavior [ RunTime:0.006765s ]
INFO: [ view_parse ] --END-- [ RunTime:0.006825s ]
INFO: [ view_filter ] --START--
INFO: Run Behavior\WriteHtmlCacheBehavior [ RunTime:0.000303s ]
INFO: [ view_filter ] --END-- [ RunTime:0.000343s ]
INFO: [ app_end ] --START--
INFO: Run Behavior\ShowPageTraceBehavior [ RunTime:0.000496s ]
INFO: [ app_end ] --END-- [ RunTime:0.000538s ]

[ 2017-03-01T00:12:30+08:00 ] ::1 /matouPCS/?s=/Home/Mtbu
INFO: [ app_init ] --START--
INFO: Run Behavior\BuildLiteBehavior [ RunTime:0.000024s ]
INFO: [ app_init ] --END-- [ RunTime:0.000437s ]
INFO: [ app_begin ] --START--
INFO: Run Behavior\ReadHtmlCacheBehavior [ RunTime:0.000471s ]
INFO: [ app_begin ] --END-- [ RunTime:0.000522s ]
SQL: SHOW COLUMNS FROM `dongtai` [ RunTime:0.0025s ]
SQL: SELECT * FROM dongtai as d INNER JOIN user as u on d.uid = u.id INNER JOIN dongimage as i on d.did = i.pid  WHERE ( bdlx='2'||bdlx='3'||bdlx='4'||bdlx='5' ) ORDER BY d.did desc LIMIT 0,2   [ RunTime:0.0023s ]
SQL: SHOW COLUMNS FROM `forcee` [ RunTime:0.0023s ]
SQL: SELECT * FROM forcee as f INNER JOIN forceimage as r on f.id = r.pid INNER JOIN user as u on u.id = f.uid  ORDER BY f.collect desc  [ RunTime:0.0022s ]
INFO: [ view_parse ] --START--
INFO: [ template_filter ] --START--
INFO: Run Behavior\ContentReplaceBehavior [ RunTime:0.000149s ]
INFO: [ template_filter ] --END-- [ RunTime:0.000208s ]
NOTIC: [8] Undefined index: type D:\www\matouPCS\Application\Runtime\Cache\Home\01d3854d943345ccb8aef8c7ad49f784.php 第 769 行.
NOTIC: [8] Undefined index: type D:\www\matouPCS\Application\Runtime\Cache\Home\01d3854d943345ccb8aef8c7ad49f784.php 第 769 行.
NOTIC: [8] Undefined index: type D:\www\matouPCS\Application\Runtime\Cache\Home\01d3854d943345ccb8aef8c7ad49f784.php 第 769 行.
NOTIC: [8] Undefined index: type D:\www\matouPCS\Application\Runtime\Cache\Home\01d3854d943345ccb8aef8c7ad49f784.php 第 769 行.
INFO: Run Behavior\ParseTemplateBehavior [ RunTime:0.012761s ]
INFO: [ view_parse ] --END-- [ RunTime:0.012817s ]
INFO: [ view_filter ] --START--
INFO: Run Behavior\WriteHtmlCacheBehavior [ RunTime:0.000290s ]
INFO: [ view_filter ] --END-- [ RunTime:0.000330s ]
INFO: [ app_end ] --START--
INFO: Run Behavior\ShowPageTraceBehavior [ RunTime:0.000464s ]
INFO: [ app_end ] --END-- [ RunTime:0.000514s ]

[ 2017-03-01T00:12:31+08:00 ] ::1 /matouPCS/?s=/Home/Box/bddz&address=
INFO: [ app_init ] --START--
INFO: Run Behavior\BuildLiteBehavior [ RunTime:0.000014s ]
INFO: [ app_init ] --END-- [ RunTime:0.000342s ]
INFO: [ app_begin ] --START--
INFO: Run Behavior\ReadHtmlCacheBehavior [ RunTime:0.000608s ]
INFO: [ app_begin ] --END-- [ RunTime:0.000672s ]
SQL: SHOW COLUMNS FROM `dongtai` [ RunTime:0.0032s ]
SQL: SELECT * FROM dongtai as d INNER JOIN user as u on d.uid = u.id INNER JOIN dongimage as i on d.did = i.pid  ORDER BY d.did desc LIMIT 0,2   [ RunTime:0.0023s ]
INFO: [ view_parse ] --START--
INFO: [ template_filter ] --START--
INFO: Run Behavior\ContentReplaceBehavior [ RunTime:0.000041s ]
INFO: [ template_filter ] --END-- [ RunTime:0.000140s ]
INFO: Run Behavior\ParseTemplateBehavior [ RunTime:0.005556s ]
INFO: [ view_parse ] --END-- [ RunTime:0.005605s ]
INFO: [ view_filter ] --START--
INFO: Run Behavior\WriteHtmlCacheBehavior [ RunTime:0.000344s ]
INFO: [ view_filter ] --END-- [ RunTime:0.000383s ]
INFO: [ app_end ] --START--
INFO: Run Behavior\ShowPageTraceBehavior [ RunTime:0.000528s ]
INFO: [ app_end ] --END-- [ RunTime:0.000570s ]

[ 2017-03-01T00:17:59+08:00 ] ::1 /matouPCS/?s=/Home/Mtbu
INFO: [ app_init ] --START--
INFO: Run Behavior\BuildLiteBehavior [ RunTime:0.000014s ]
INFO: [ app_init ] --END-- [ RunTime:0.000282s ]
INFO: [ app_begin ] --START--
INFO: Run Behavior\ReadHtmlCacheBehavior [ RunTime:0.000477s ]
INFO: [ app_begin ] --END-- [ RunTime:0.000528s ]
SQL: SHOW COLUMNS FROM `dongtai` [ RunTime:0.0031s ]
SQL: SELECT * FROM dongtai as d INNER JOIN user as u on d.uid = u.id INNER JOIN dongimage as i on d.did = i.pid  WHERE ( bdlx='2'||bdlx='3'||bdlx='4'||bdlx='5' ) ORDER BY d.did desc LIMIT 0,2   [ RunTime:0.0022s ]
SQL: SHOW COLUMNS FROM `forcee` [ RunTime:0.0021s ]
SQL: SELECT * FROM forcee as f INNER JOIN forceimage as r on f.id = r.pid INNER JOIN user as u on u.id = f.uid  ORDER BY f.collect desc  [ RunTime:0.0022s ]
INFO: [ view_parse ] --START--
INFO: [ template_filter ] --START--
INFO: Run Behavior\ContentReplaceBehavior [ RunTime:0.000155s ]
INFO: [ template_filter ] --END-- [ RunTime:0.000209s ]

[ 2017-03-01T00:18:50+08:00 ] ::1 /matouPCS/?s=/Home/Mtbu
INFO: [ app_init ] --START--
INFO: Run Behavior\BuildLiteBehavior [ RunTime:0.000013s ]
INFO: [ app_init ] --END-- [ RunTime:0.000283s ]
INFO: [ app_begin ] --START--
INFO: Run Behavior\ReadHtmlCacheBehavior [ RunTime:0.000436s ]
INFO: [ app_begin ] --END-- [ RunTime:0.000486s ]
SQL: SHOW COLUMNS FROM `dongtai` [ RunTime:0.0033s ]
SQL: SELECT * FROM dongtai as d INNER JOIN user as u on d.uid = u.id INNER JOIN dongimage as i on d.did = i.pid  WHERE ( bdlx='2'||bdlx='3'||bdlx='4'||bdlx='5' ) ORDER BY d.did desc LIMIT 0,2   [ RunTime:0.0028s ]
SQL: SHOW COLUMNS FROM `forcee` [ RunTime:0.0023s ]
SQL: SELECT * FROM forcee as f INNER JOIN forceimage as r on f.id = r.pid INNER JOIN user as u on u.id = f.uid  ORDER BY f.collect desc  [ RunTime:0.0022s ]
INFO: [ view_parse ] --START--
INFO: [ template_filter ] --START--
INFO: Run Behavior\ContentReplaceBehavior [ RunTime:0.000151s ]
INFO: [ template_filter ] --END-- [ RunTime:0.000203s ]
NOTIC: [8] Undefined index: type D:\www\matouPCS\Application\Runtime\Cache\Home\01d3854d943345ccb8aef8c7ad49f784.php 第 799 行.
NOTIC: [8] Undefined index: type D:\www\matouPCS\Application\Runtime\Cache\Home\01d3854d943345ccb8aef8c7ad49f784.php 第 799 行.
NOTIC: [8] Undefined index: type D:\www\matouPCS\Application\Runtime\Cache\Home\01d3854d943345ccb8aef8c7ad49f784.php 第 799 行.
NOTIC: [8] Undefined index: type D:\www\matouPCS\Application\Runtime\Cache\Home\01d3854d943345ccb8aef8c7ad49f784.php 第 799 行.
INFO: Run Behavior\ParseTemplateBehavior [ RunTime:0.011778s ]
INFO: [ view_parse ] --END-- [ RunTime:0.011834s ]
INFO: [ view_filter ] --START--
INFO: Run Behavior\WriteHtmlCacheBehavior [ RunTime:0.000267s ]
INFO: [ view_filter ] --END-- [ RunTime:0.000307s ]
INFO: [ app_end ] --START--
INFO: Run Behavior\ShowPageTraceBehavior [ RunTime:0.000491s ]
INFO: [ app_end ] --END-- [ RunTime:0.000547s ]

[ 2017-03-01T00:18:51+08:00 ] ::1 /matouPCS/?s=/Home/Box/bddz&address=
INFO: [ app_init ] --START--
INFO: Run Behavior\BuildLiteBehavior [ RunTime:0.000014s ]
INFO: [ app_init ] --END-- [ RunTime:0.000336s ]
INFO: [ app_begin ] --START--
INFO: Run Behavior\ReadHtmlCacheBehavior [ RunTime:0.000459s ]
INFO: [ app_begin ] --END-- [ RunTime:0.000531s ]
SQL: SHOW COLUMNS FROM `dongtai` [ RunTime:0.0032s ]
SQL: SELECT * FROM dongtai as d INNER JOIN user as u on d.uid = u.id INNER JOIN dongimage as i on d.did = i.pid  ORDER BY d.did desc LIMIT 0,2   [ RunTime:0.0036s ]
INFO: [ view_parse ] --START--
INFO: [ template_filter ] --START--
INFO: Run Behavior\ContentReplaceBehavior [ RunTime:0.000046s ]
INFO: [ template_filter ] --END-- [ RunTime:0.000158s ]
INFO: Run Behavior\ParseTemplateBehavior [ RunTime:0.005975s ]
INFO: [ view_parse ] --END-- [ RunTime:0.006033s ]
INFO: [ view_filter ] --START--
INFO: Run Behavior\WriteHtmlCacheBehavior [ RunTime:0.000296s ]
INFO: [ view_filter ] --END-- [ RunTime:0.000338s ]
INFO: [ app_end ] --START--
INFO: Run Behavior\ShowPageTraceBehavior [ RunTime:0.000531s ]
INFO: [ app_end ] --END-- [ RunTime:0.000577s ]

[ 2017-03-01T00:21:45+08:00 ] ::1 /matouPCS/?s=/Home/Mtbu
INFO: [ app_init ] --START--
INFO: Run Behavior\BuildLiteBehavior [ RunTime:0.000016s ]
INFO: [ app_init ] --END-- [ RunTime:0.000537s ]
INFO: [ app_begin ] --START--
INFO: Run Behavior\ReadHtmlCacheBehavior [ RunTime:0.000512s ]
INFO: [ app_begin ] --END-- [ RunTime:0.000565s ]
SQL: SHOW COLUMNS FROM `dongtai` [ RunTime:0.0034s ]
SQL: SELECT * FROM dongtai as d INNER JOIN user as u on d.uid = u.id INNER JOIN dongimage as i on d.did = i.pid  WHERE ( bdlx='2'||bdlx='3'||bdlx='4'||bdlx='5' ) ORDER BY d.did desc LIMIT 0,2   [ RunTime:0.0023s ]
SQL: SHOW COLUMNS FROM `forcee` [ RunTime:0.0024s ]
SQL: SELECT * FROM forcee as f INNER JOIN forceimage as r on f.id = r.pid INNER JOIN user as u on u.id = f.uid  ORDER BY f.collect desc  [ RunTime:0.0023s ]
INFO: [ view_parse ] --START--
INFO: [ template_filter ] --START--
INFO: Run Behavior\ContentReplaceBehavior [ RunTime:0.000154s ]
INFO: [ template_filter ] --END-- [ RunTime:0.000213s ]
NOTIC: [8] Undefined index: type D:\www\matouPCS\Application\Runtime\Cache\Home\01d3854d943345ccb8aef8c7ad49f784.php 第 799 行.
NOTIC: [8] Undefined index: type D:\www\matouPCS\Application\Runtime\Cache\Home\01d3854d943345ccb8aef8c7ad49f784.php 第 799 行.
NOTIC: [8] Undefined index: type D:\www\matouPCS\Application\Runtime\Cache\Home\01d3854d943345ccb8aef8c7ad49f784.php 第 799 行.
NOTIC: [8] Undefined index: type D:\www\matouPCS\Application\Runtime\Cache\Home\01d3854d943345ccb8aef8c7ad49f784.php 第 799 行.
INFO: Run Behavior\ParseTemplateBehavior [ RunTime:0.012052s ]
INFO: [ view_parse ] --END-- [ RunTime:0.012111s ]
INFO: [ view_filter ] --START--
INFO: Run Behavior\WriteHtmlCacheBehavior [ RunTime:0.000358s ]
INFO: [ view_filter ] --END-- [ RunTime:0.000399s ]
INFO: [ app_end ] --START--
INFO: Run Behavior\ShowPageTraceBehavior [ RunTime:0.000617s ]
INFO: [ app_end ] --END-- [ RunTime:0.000675s ]

[ 2017-03-01T00:21:46+08:00 ] ::1 /matouPCS/?s=/Home/Box/bddz&address=
INFO: [ app_init ] --START--
INFO: Run Behavior\BuildLiteBehavior [ RunTime:0.000013s ]
INFO: [ app_init ] --END-- [ RunTime:0.000296s ]
INFO: [ app_begin ] --START--
INFO: Run Behavior\ReadHtmlCacheBehavior [ RunTime:0.000465s ]
INFO: [ app_begin ] --END-- [ RunTime:0.000513s ]
SQL: SHOW COLUMNS FROM `dongtai` [ RunTime:0.0029s ]
SQL: SELECT * FROM dongtai as d INNER JOIN user as u on d.uid = u.id INNER JOIN dongimage as i on d.did = i.pid  ORDER BY d.did desc LIMIT 0,2   [ RunTime:0.0023s ]
INFO: [ view_parse ] --START--
INFO: [ template_filter ] --START--
INFO: Run Behavior\ContentReplaceBehavior [ RunTime:0.000037s ]
INFO: [ template_filter ] --END-- [ RunTime:0.000126s ]
INFO: Run Behavior\ParseTemplateBehavior [ RunTime:0.005373s ]
INFO: [ view_parse ] --END-- [ RunTime:0.005434s ]
INFO: [ view_filter ] --START--
INFO: Run Behavior\WriteHtmlCacheBehavior [ RunTime:0.000296s ]
INFO: [ view_filter ] --END-- [ RunTime:0.000357s ]
INFO: [ app_end ] --START--
INFO: Run Behavior\ShowPageTraceBehavior [ RunTime:0.000491s ]
INFO: [ app_end ] --END-- [ RunTime:0.000533s ]

[ 2017-03-01T00:21:48+08:00 ] ::1 /matouPCS/?s=/Home/index
INFO: [ app_init ] --START--
INFO: Run Behavior\BuildLiteBehavior [ RunTime:0.000022s ]
INFO: [ app_init ] --END-- [ RunTime:0.000305s ]
INFO: [ app_begin ] --START--
INFO: Run Behavior\ReadHtmlCacheBehavior [ RunTime:0.000759s ]
INFO: [ app_begin ] --END-- [ RunTime:0.000825s ]
SQL: SHOW COLUMNS FROM `reward2` [ RunTime:0.0032s ]
SQL: SELECT * FROM reward2 as  r INNER JOIN reward1 as e on r.pid = e.psid  INNER JOIN  user as u on e.uid = u.id  ORDER BY e.psid desc LIMIT 0,21   [ RunTime:0.0007s ]
SQL: SHOW COLUMNS FROM `user` [ RunTime:0.0022s ]
SQL: SELECT * FROM user as u INNER JOIN forcee as f on f.uid = u.id  WHERE ( f.status = 2 ) ORDER BY f.collect desc LIMIT 0,4   [ RunTime:0.0003s ]
SQL: SELECT * FROM user as u INNER JOIN forcee as f on f.uid = u.id  WHERE ( f.status = 2 and u.id = 8 ) LIMIT 1   [ RunTime:0.0002s ]
SQL: SELECT * FROM user as u INNER JOIN due as d on u.id = d.uid  WHERE ( u.id = 8 ) LIMIT 1   [ RunTime:0.0005s ]
SQL: SELECT * FROM user as u INNER JOIN employ as d on u.id = d.uid  WHERE ( u.id = 8 ) LIMIT 1   [ RunTime:0.0007s ]
SQL: SHOW COLUMNS FROM `shop` [ RunTime:0.0032s ]
SQL: SELECT * FROM `shop` WHERE ( uid = 8 ) LIMIT 1   [ RunTime:0.0003s ]
SQL: SELECT * FROM `shop` ORDER BY collect desc LIMIT 0,4   [ RunTime:0.0002s ]
SQL: SHOW COLUMNS FROM `flea` [ RunTime:0.0025s ]
SQL: SELECT * FROM flea as f INNER JOIN user as u on f.uid = u.id  WHERE ( tz_status = '1' ) LIMIT 0,5   [ RunTime:0.0003s ]
INFO: [ view_parse ] --START--
INFO: [ template_filter ] --START--
INFO: Run Behavior\ContentReplaceBehavior [ RunTime:0.000243s ]
INFO: [ template_filter ] --END-- [ RunTime:0.000303s ]
NOTIC: [2] in_array() expects parameter 2 to be array, null given D:\www\matouPCS\Application\Runtime\Cache\Home\2a94b8bda04ff446dcedd42276fc99ee.php 第 795 行.
INFO: Run Behavior\ParseTemplateBehavior [ RunTime:0.020946s ]
INFO: [ view_parse ] --END-- [ RunTime:0.021020s ]
INFO: [ view_filter ] --START--
INFO: Run Behavior\WriteHtmlCacheBehavior [ RunTime:0.000360s ]
INFO: [ view_filter ] --END-- [ RunTime:0.000403s ]
INFO: [ app_end ] --START--
INFO: Run Behavior\ShowPageTraceBehavior [ RunTime:0.000625s ]
INFO: [ app_end ] --END-- [ RunTime:0.000695s ]

[ 2017-03-01T00:24:55+08:00 ] ::1 /matouPCS/?s=/Home/Mtbu
INFO: [ app_init ] --START--
INFO: Run Behavior\BuildLiteBehavior [ RunTime:0.000027s ]
INFO: [ app_init ] --END-- [ RunTime:0.000430s ]
INFO: [ app_begin ] --START--
INFO: Run Behavior\ReadHtmlCacheBehavior [ RunTime:0.000596s ]
INFO: [ app_begin ] --END-- [ RunTime:0.000647s ]
SQL: SHOW COLUMNS FROM `dongtai` [ RunTime:0.0031s ]
SQL: SELECT * FROM dongtai as d INNER JOIN user as u on d.uid = u.id INNER JOIN dongimage as i on d.did = i.pid  WHERE ( bdlx='2'||bdlx='3'||bdlx='4'||bdlx='5' ) ORDER BY d.did desc LIMIT 0,2   [ RunTime:0.0029s ]
SQL: SHOW COLUMNS FROM `forcee` [ RunTime:0.0027s ]
SQL: SELECT * FROM forcee as f INNER JOIN forceimage as r on f.id = r.pid INNER JOIN user as u on u.id = f.uid  ORDER BY f.collect desc  [ RunTime:0.0033s ]
INFO: [ view_parse ] --START--
INFO: [ template_filter ] --START--
INFO: Run Behavior\ContentReplaceBehavior [ RunTime:0.000147s ]
INFO: [ template_filter ] --END-- [ RunTime:0.000200s ]
NOTIC: [8] Undefined variable: sp D:\www\matouPCS\Application\Runtime\Cache\Home\01d3854d943345ccb8aef8c7ad49f784.php 第 206 行.
NOTIC: [8] Undefined variable: sp D:\www\matouPCS\Application\Runtime\Cache\Home\01d3854d943345ccb8aef8c7ad49f784.php 第 208 行.
NOTIC: [8] Undefined variable: sp D:\www\matouPCS\Application\Runtime\Cache\Home\01d3854d943345ccb8aef8c7ad49f784.php 第 216 行.
NOTIC: [8] Undefined variable: sp D:\www\matouPCS\Application\Runtime\Cache\Home\01d3854d943345ccb8aef8c7ad49f784.php 第 218 行.
NOTIC: [8] Undefined index: type D:\www\matouPCS\Application\Runtime\Cache\Home\01d3854d943345ccb8aef8c7ad49f784.php 第 889 行.
NOTIC: [8] Undefined index: type D:\www\matouPCS\Application\Runtime\Cache\Home\01d3854d943345ccb8aef8c7ad49f784.php 第 889 行.
NOTIC: [8] Undefined index: type D:\www\matouPCS\Application\Runtime\Cache\Home\01d3854d943345ccb8aef8c7ad49f784.php 第 889 行.
NOTIC: [8] Undefined index: type D:\www\matouPCS\Application\Runtime\Cache\Home\01d3854d943345ccb8aef8c7ad49f784.php 第 889 行.
INFO: Run Behavior\ParseTemplateBehavior [ RunTime:0.012145s ]
INFO: [ view_parse ] --END-- [ RunTime:0.012205s ]
INFO: [ view_filter ] --START--
INFO: Run Behavior\WriteHtmlCacheBehavior [ RunTime:0.000369s ]
INFO: [ view_filter ] --END-- [ RunTime:0.000409s ]
INFO: [ app_end ] --START--
INFO: Run Behavior\ShowPageTraceBehavior [ RunTime:0.000709s ]
INFO: [ app_end ] --END-- [ RunTime:0.000771s ]

[ 2017-03-01T00:24:56+08:00 ] ::1 /matouPCS/?s=/Home/Box/bddz&address=
INFO: [ app_init ] --START--
INFO: Run Behavior\BuildLiteBehavior [ RunTime:0.000014s ]
INFO: [ app_init ] --END-- [ RunTime:0.000289s ]
INFO: [ app_begin ] --START--
INFO: Run Behavior\ReadHtmlCacheBehavior [ RunTime:0.000556s ]
INFO: [ app_begin ] --END-- [ RunTime:0.000606s ]
SQL: SHOW COLUMNS FROM `dongtai` [ RunTime:0.0023s ]
SQL: SELECT * FROM dongtai as d INNER JOIN user as u on d.uid = u.id INNER JOIN dongimage as i on d.did = i.pid  ORDER BY d.did desc LIMIT 0,2   [ RunTime:0.0020s ]
INFO: [ view_parse ] --START--
INFO: [ template_filter ] --START--
INFO: Run Behavior\ContentReplaceBehavior [ RunTime:0.000040s ]
INFO: [ template_filter ] --END-- [ RunTime:0.000134s ]
INFO: Run Behavior\ParseTemplateBehavior [ RunTime:0.005458s ]
INFO: [ view_parse ] --END-- [ RunTime:0.005510s ]
INFO: [ view_filter ] --START--
INFO: Run Behavior\WriteHtmlCacheBehavior [ RunTime:0.000362s ]
INFO: [ view_filter ] --END-- [ RunTime:0.000400s ]
INFO: [ app_end ] --START--
INFO: Run Behavior\ShowPageTraceBehavior [ RunTime:0.000519s ]
INFO: [ app_end ] --END-- [ RunTime:0.000560s ]

[ 2017-03-01T00:26:03+08:00 ] ::1 /matouPCS/?s=/Home/Mtbu
INFO: [ app_init ] --START--
INFO: Run Behavior\BuildLiteBehavior [ RunTime:0.000027s ]
INFO: [ app_init ] --END-- [ RunTime:0.000464s ]
INFO: [ app_begin ] --START--
INFO: Run Behavior\ReadHtmlCacheBehavior [ RunTime:0.000498s ]
INFO: [ app_begin ] --END-- [ RunTime:0.000549s ]
SQL: SHOW COLUMNS FROM `dongtai` [ RunTime:0.0032s ]
SQL: SELECT * FROM dongtai as d INNER JOIN user as u on d.uid = u.id INNER JOIN dongimage as i on d.did = i.pid  WHERE ( bdlx='2'||bdlx='3'||bdlx='4'||bdlx='5' ) ORDER BY d.did desc LIMIT 0,2   [ RunTime:0.0027s ]
SQL: SHOW COLUMNS FROM `forcee` [ RunTime:0.0022s ]
SQL: SELECT * FROM forcee as f INNER JOIN forceimage as r on f.id = r.pid INNER JOIN user as u on u.id = f.uid  ORDER BY f.collect desc  [ RunTime:0.0022s ]
INFO: [ view_parse ] --START--
INFO: [ template_filter ] --START--
INFO: Run Behavior\ContentReplaceBehavior [ RunTime:0.000151s ]
INFO: [ template_filter ] --END-- [ RunTime:0.000209s ]
NOTIC: [8] Undefined variable: sp D:\www\matouPCS\Application\Runtime\Cache\Home\01d3854d943345ccb8aef8c7ad49f784.php 第 206 行.
NOTIC: [8] Undefined variable: sp D:\www\matouPCS\Application\Runtime\Cache\Home\01d3854d943345ccb8aef8c7ad49f784.php 第 208 行.
NOTIC: [8] Undefined variable: sp D:\www\matouPCS\Application\Runtime\Cache\Home\01d3854d943345ccb8aef8c7ad49f784.php 第 216 行.
NOTIC: [8] Undefined variable: sp D:\www\matouPCS\Application\Runtime\Cache\Home\01d3854d943345ccb8aef8c7ad49f784.php 第 218 行.
NOTIC: [8] Undefined index: type D:\www\matouPCS\Application\Runtime\Cache\Home\01d3854d943345ccb8aef8c7ad49f784.php 第 889 行.
NOTIC: [8] Undefined index: type D:\www\matouPCS\Application\Runtime\Cache\Home\01d3854d943345ccb8aef8c7ad49f784.php 第 889 行.
NOTIC: [8] Undefined index: type D:\www\matouPCS\Application\Runtime\Cache\Home\01d3854d943345ccb8aef8c7ad49f784.php 第 889 行.
NOTIC: [8] Undefined index: type D:\www\matouPCS\Application\Runtime\Cache\Home\01d3854d943345ccb8aef8c7ad49f784.php 第 889 行.
INFO: Run Behavior\ParseTemplateBehavior [ RunTime:0.013271s ]
INFO: [ view_parse ] --END-- [ RunTime:0.013325s ]
INFO: [ view_filter ] --START--
INFO: Run Behavior\WriteHtmlCacheBehavior [ RunTime:0.000297s ]
INFO: [ view_filter ] --END-- [ RunTime:0.000336s ]
INFO: [ app_end ] --START--
INFO: Run Behavior\ShowPageTraceBehavior [ RunTime:0.000534s ]
INFO: [ app_end ] --END-- [ RunTime:0.000581s ]

[ 2017-03-01T00:26:04+08:00 ] ::1 /matouPCS/?s=/Home/Box/bddz&address=
INFO: [ app_init ] --START--
INFO: Run Behavior\BuildLiteBehavior [ RunTime:0.000016s ]
INFO: [ app_init ] --END-- [ RunTime:0.000319s ]
INFO: [ app_begin ] --START--
INFO: Run Behavior\ReadHtmlCacheBehavior [ RunTime:0.000570s ]
INFO: [ app_begin ] --END-- [ RunTime:0.000624s ]
SQL: SHOW COLUMNS FROM `dongtai` [ RunTime:0.0028s ]
SQL: SELECT * FROM dongtai as d INNER JOIN user as u on d.uid = u.id INNER JOIN dongimage as i on d.did = i.pid  ORDER BY d.did desc LIMIT 0,2   [ RunTime:0.0023s ]
INFO: [ view_parse ] --START--
INFO: [ template_filter ] --START--
INFO: Run Behavior\ContentReplaceBehavior [ RunTime:0.000038s ]
INFO: [ template_filter ] --END-- [ RunTime:0.000130s ]
INFO: Run Behavior\ParseTemplateBehavior [ RunTime:0.005555s ]
INFO: [ view_parse ] --END-- [ RunTime:0.005613s ]
INFO: [ view_filter ] --START--
INFO: Run Behavior\WriteHtmlCacheBehavior [ RunTime:0.000316s ]
INFO: [ view_filter ] --END-- [ RunTime:0.000402s ]
INFO: [ app_end ] --START--
INFO: Run Behavior\ShowPageTraceBehavior [ RunTime:0.000487s ]
INFO: [ app_end ] --END-- [ RunTime:0.000527s ]

[ 2017-03-01T00:27:19+08:00 ] ::1 /matouPCS/?s=/Home/Mtbu
INFO: [ app_init ] --START--
INFO: Run Behavior\BuildLiteBehavior [ RunTime:0.000023s ]
INFO: [ app_init ] --END-- [ RunTime:0.000382s ]
INFO: [ app_begin ] --START--
INFO: Run Behavior\ReadHtmlCacheBehavior [ RunTime:0.000515s ]
INFO: [ app_begin ] --END-- [ RunTime:0.000566s ]
SQL: SHOW COLUMNS FROM `dongtai` [ RunTime:0.0029s ]
SQL: SELECT * FROM dongtai as d INNER JOIN user as u on d.uid = u.id INNER JOIN dongimage as i on d.did = i.pid  WHERE ( bdlx='2'||bdlx='3'||bdlx='4'||bdlx='5' ) ORDER BY d.did desc LIMIT 0,2   [ RunTime:0.0024s ]
SQL: SHOW COLUMNS FROM `forcee` [ RunTime:0.0022s ]
SQL: SELECT * FROM forcee as f INNER JOIN forceimage as r on f.id = r.pid INNER JOIN user as u on u.id = f.uid  ORDER BY f.collect desc  [ RunTime:0.0023s ]
INFO: [ view_parse ] --START--
INFO: [ template_filter ] --START--
INFO: Run Behavior\ContentReplaceBehavior [ RunTime:0.000147s ]
INFO: [ template_filter ] --END-- [ RunTime:0.000200s ]
NOTIC: [8] Undefined variable: sp D:\www\matouPCS\Application\Runtime\Cache\Home\01d3854d943345ccb8aef8c7ad49f784.php 第 203 行.
NOTIC: [8] Undefined variable: sp D:\www\matouPCS\Application\Runtime\Cache\Home\01d3854d943345ccb8aef8c7ad49f784.php 第 205 行.
NOTIC: [8] Undefined variable: sp D:\www\matouPCS\Application\Runtime\Cache\Home\01d3854d943345ccb8aef8c7ad49f784.php 第 213 行.
NOTIC: [8] Undefined variable: sp D:\www\matouPCS\Application\Runtime\Cache\Home\01d3854d943345ccb8aef8c7ad49f784.php 第 215 行.
NOTIC: [8] Undefined index: type D:\www\matouPCS\Application\Runtime\Cache\Home\01d3854d943345ccb8aef8c7ad49f784.php 第 886 行.
NOTIC: [8] Undefined index: type D:\www\matouPCS\Application\Runtime\Cache\Home\01d3854d943345ccb8aef8c7ad49f784.php 第 886 行.
NOTIC: [8] Undefined index: type D:\www\matouPCS\Application\Runtime\Cache\Home\01d3854d943345ccb8aef8c7ad49f784.php 第 886 行.
NOTIC: [8] Undefined index: type D:\www\matouPCS\Application\Runtime\Cache\Home\01d3854d943345ccb8aef8c7ad49f784.php 第 886 行.
INFO: Run Behavior\ParseTemplateBehavior [ RunTime:0.012237s ]
INFO: [ view_parse ] --END-- [ RunTime:0.012293s ]
INFO: [ view_filter ] --START--
INFO: Run Behavior\WriteHtmlCacheBehavior [ RunTime:0.000314s ]
INFO: [ view_filter ] --END-- [ RunTime:0.000353s ]
INFO: [ app_end ] --START--
INFO: Run Behavior\ShowPageTraceBehavior [ RunTime:0.000548s ]
INFO: [ app_end ] --END-- [ RunTime:0.000607s ]

[ 2017-03-01T00:27:20+08:00 ] ::1 /matouPCS/?s=/Home/Box/bddz&address=
INFO: [ app_init ] --START--
INFO: Run Behavior\BuildLiteBehavior [ RunTime:0.000017s ]
INFO: [ app_init ] --END-- [ RunTime:0.000403s ]
INFO: [ app_begin ] --START--
INFO: Run Behavior\ReadHtmlCacheBehavior [ RunTime:0.000777s ]
INFO: [ app_begin ] --END-- [ RunTime:0.000852s ]
SQL: SHOW COLUMNS FROM `dongtai` [ RunTime:0.0030s ]
SQL: SELECT * FROM dongtai as d INNER JOIN user as u on d.uid = u.id INNER JOIN dongimage as i on d.did = i.pid  ORDER BY d.did desc LIMIT 0,2   [ RunTime:0.0025s ]
INFO: [ view_parse ] --START--
INFO: [ template_filter ] --START--
INFO: Run Behavior\ContentReplaceBehavior [ RunTime:0.000061s ]
INFO: [ template_filter ] --END-- [ RunTime:0.000164s ]
INFO: Run Behavior\ParseTemplateBehavior [ RunTime:0.005400s ]
INFO: [ view_parse ] --END-- [ RunTime:0.005448s ]
INFO: [ view_filter ] --START--
INFO: Run Behavior\WriteHtmlCacheBehavior [ RunTime:0.000319s ]
INFO: [ view_filter ] --END-- [ RunTime:0.000354s ]
INFO: [ app_end ] --START--
INFO: Run Behavior\ShowPageTraceBehavior [ RunTime:0.000488s ]
INFO: [ app_end ] --END-- [ RunTime:0.000527s ]

[ 2017-03-01T00:30:02+08:00 ] ::1 /matouPCS/?s=/Home/Mtbu
INFO: [ app_init ] --START--
INFO: Run Behavior\BuildLiteBehavior [ RunTime:0.000013s ]
INFO: [ app_init ] --END-- [ RunTime:0.000288s ]
INFO: [ app_begin ] --START--
INFO: Run Behavior\ReadHtmlCacheBehavior [ RunTime:0.000455s ]
INFO: [ app_begin ] --END-- [ RunTime:0.000504s ]
SQL: SHOW COLUMNS FROM `dongtai` [ RunTime:0.0027s ]
SQL: SELECT * FROM dongtai as d INNER JOIN user as u on d.uid = u.id INNER JOIN dongimage as i on d.did = i.pid  WHERE ( bdlx='2'||bdlx='3'||bdlx='4'||bdlx='5' ) ORDER BY d.did desc LIMIT 0,2   [ RunTime:0.0028s ]
SQL: SHOW COLUMNS FROM `forcee` [ RunTime:0.0024s ]
SQL: SELECT * FROM forcee as f INNER JOIN forceimage as r on f.id = r.pid INNER JOIN user as u on u.id = f.uid  ORDER BY f.collect desc  [ RunTime:0.0022s ]
INFO: [ view_parse ] --START--
INFO: [ template_filter ] --START--
INFO: Run Behavior\ContentReplaceBehavior [ RunTime:0.000183s ]
INFO: [ template_filter ] --END-- [ RunTime:0.000274s ]
NOTIC: [8] Undefined variable: sp D:\www\matouPCS\Application\Runtime\Cache\Home\01d3854d943345ccb8aef8c7ad49f784.php 第 207 行.
NOTIC: [8] Undefined variable: sp D:\www\matouPCS\Application\Runtime\Cache\Home\01d3854d943345ccb8aef8c7ad49f784.php 第 209 行.
NOTIC: [8] Undefined variable: sp D:\www\matouPCS\Application\Runtime\Cache\Home\01d3854d943345ccb8aef8c7ad49f784.php 第 217 行.
NOTIC: [8] Undefined variable: sp D:\www\matouPCS\Application\Runtime\Cache\Home\01d3854d943345ccb8aef8c7ad49f784.php 第 219 行.
NOTIC: [8] Undefined index: type D:\www\matouPCS\Application\Runtime\Cache\Home\01d3854d943345ccb8aef8c7ad49f784.php 第 890 行.
NOTIC: [8] Undefined index: type D:\www\matouPCS\Application\Runtime\Cache\Home\01d3854d943345ccb8aef8c7ad49f784.php 第 890 行.
NOTIC: [8] Undefined index: type D:\www\matouPCS\Application\Runtime\Cache\Home\01d3854d943345ccb8aef8c7ad49f784.php 第 890 行.
NOTIC: [8] Undefined index: type D:\www\matouPCS\Application\Runtime\Cache\Home\01d3854d943345ccb8aef8c7ad49f784.php 第 890 行.
INFO: Run Behavior\ParseTemplateBehavior [ RunTime:0.013054s ]
INFO: [ view_parse ] --END-- [ RunTime:0.013109s ]
INFO: [ view_filter ] --START--
INFO: Run Behavior\WriteHtmlCacheBehavior [ RunTime:0.000321s ]
INFO: [ view_filter ] --END-- [ RunTime:0.000360s ]
INFO: [ app_end ] --START--
INFO: Run Behavior\ShowPageTraceBehavior [ RunTime:0.000509s ]
INFO: [ app_end ] --END-- [ RunTime:0.000586s ]

[ 2017-03-01T00:30:03+08:00 ] ::1 /matouPCS/?s=/Home/Box/bddz&address=
INFO: [ app_init ] --START--
INFO: Run Behavior\BuildLiteBehavior [ RunTime:0.000013s ]
INFO: [ app_init ] --END-- [ RunTime:0.000313s ]
INFO: [ app_begin ] --START--
INFO: Run Behavior\ReadHtmlCacheBehavior [ RunTime:0.000536s ]
INFO: [ app_begin ] --END-- [ RunTime:0.000585s ]
SQL: SHOW COLUMNS FROM `dongtai` [ RunTime:0.0029s ]
SQL: SELECT * FROM dongtai as d INNER JOIN user as u on d.uid = u.id INNER JOIN dongimage as i on d.did = i.pid  ORDER BY d.did desc LIMIT 0,2   [ RunTime:0.0021s ]
INFO: [ view_parse ] --START--
INFO: [ template_filter ] --START--
INFO: Run Behavior\ContentReplaceBehavior [ RunTime:0.000039s ]
INFO: [ template_filter ] --END-- [ RunTime:0.000138s ]
INFO: Run Behavior\ParseTemplateBehavior [ RunTime:0.005446s ]
INFO: [ view_parse ] --END-- [ RunTime:0.005495s ]
INFO: [ view_filter ] --START--
INFO: Run Behavior\WriteHtmlCacheBehavior [ RunTime:0.000346s ]
INFO: [ view_filter ] --END-- [ RunTime:0.000385s ]
INFO: [ app_end ] --START--
INFO: Run Behavior\ShowPageTraceBehavior [ RunTime:0.000620s ]
INFO: [ app_end ] --END-- [ RunTime:0.000682s ]

[ 2017-03-01T00:30:21+08:00 ] ::1 /matouPCS/?s=/Home/User/xqxx
INFO: [ app_init ] --START--
INFO: Run Behavior\BuildLiteBehavior [ RunTime:0.000013s ]
INFO: [ app_init ] --END-- [ RunTime:0.000289s ]
INFO: [ app_begin ] --START--
INFO: Run Behavior\ReadHtmlCacheBehavior [ RunTime:0.000596s ]
INFO: [ app_begin ] --END-- [ RunTime:0.000647s ]
INFO: [ view_parse ] --START--
INFO: [ template_filter ] --START--
INFO: Run Behavior\ContentReplaceBehavior [ RunTime:0.000033s ]
INFO: [ template_filter ] --END-- [ RunTime:0.000081s ]
INFO: Run Behavior\ParseTemplateBehavior [ RunTime:0.004231s ]
INFO: [ view_parse ] --END-- [ RunTime:0.004302s ]
INFO: [ view_filter ] --START--
INFO: Run Behavior\WriteHtmlCacheBehavior [ RunTime:0.000333s ]
INFO: [ view_filter ] --END-- [ RunTime:0.000374s ]
INFO: [ app_end ] --START--
INFO: Run Behavior\ShowPageTraceBehavior [ RunTime:0.000512s ]
INFO: [ app_end ] --END-- [ RunTime:0.000556s ]

[ 2017-03-01T00:30:26+08:00 ] ::1 /matouPCS/?s=/Home/Mtbu
INFO: [ app_init ] --START--
INFO: Run Behavior\BuildLiteBehavior [ RunTime:0.000014s ]
INFO: [ app_init ] --END-- [ RunTime:0.000377s ]
INFO: [ app_begin ] --START--
INFO: Run Behavior\ReadHtmlCacheBehavior [ RunTime:0.000571s ]
INFO: [ app_begin ] --END-- [ RunTime:0.000622s ]
SQL: SHOW COLUMNS FROM `dongtai` [ RunTime:0.0034s ]
SQL: SELECT * FROM dongtai as d INNER JOIN user as u on d.uid = u.id INNER JOIN dongimage as i on d.did = i.pid  WHERE ( bdlx='2'||bdlx='3'||bdlx='4'||bdlx='5' ) ORDER BY d.did desc LIMIT 0,2   [ RunTime:0.0024s ]
SQL: SHOW COLUMNS FROM `forcee` [ RunTime:0.0021s ]
SQL: SELECT * FROM forcee as f INNER JOIN forceimage as r on f.id = r.pid INNER JOIN user as u on u.id = f.uid  ORDER BY f.collect desc  [ RunTime:0.0023s ]
INFO: [ view_parse ] --START--
INFO: [ template_filter ] --START--
INFO: Run Behavior\ContentReplaceBehavior [ RunTime:0.000149s ]
INFO: [ template_filter ] --END-- [ RunTime:0.000204s ]
NOTIC: [8] Undefined variable: sp D:\www\matouPCS\Application\Runtime\Cache\Home\01d3854d943345ccb8aef8c7ad49f784.php 第 207 行.
NOTIC: [8] Undefined variable: sp D:\www\matouPCS\Application\Runtime\Cache\Home\01d3854d943345ccb8aef8c7ad49f784.php 第 209 行.
NOTIC: [8] Undefined variable: sp D:\www\matouPCS\Application\Runtime\Cache\Home\01d3854d943345ccb8aef8c7ad49f784.php 第 217 行.
NOTIC: [8] Undefined variable: sp D:\www\matouPCS\Application\Runtime\Cache\Home\01d3854d943345ccb8aef8c7ad49f784.php 第 219 行.
NOTIC: [8] Undefined index: type D:\www\matouPCS\Application\Runtime\Cache\Home\01d3854d943345ccb8aef8c7ad49f784.php 第 890 行.
NOTIC: [8] Undefined index: type D:\www\matouPCS\Application\Runtime\Cache\Home\01d3854d943345ccb8aef8c7ad49f784.php 第 890 行.
NOTIC: [8] Undefined index: type D:\www\matouPCS\Application\Runtime\Cache\Home\01d3854d943345ccb8aef8c7ad49f784.php 第 890 行.
NOTIC: [8] Undefined index: type D:\www\matouPCS\Application\Runtime\Cache\Home\01d3854d943345ccb8aef8c7ad49f784.php 第 890 行.
INFO: Run Behavior\ParseTemplateBehavior [ RunTime:0.012624s ]
INFO: [ view_parse ] --END-- [ RunTime:0.012679s ]
INFO: [ view_filter ] --START--
INFO: Run Behavior\WriteHtmlCacheBehavior [ RunTime:0.000349s ]
INFO: [ view_filter ] --END-- [ RunTime:0.000389s ]
INFO: [ app_end ] --START--
INFO: Run Behavior\ShowPageTraceBehavior [ RunTime:0.000634s ]
INFO: [ app_end ] --END-- [ RunTime:0.000690s ]

[ 2017-03-01T00:30:28+08:00 ] ::1 /matouPCS/?s=/Home/Box/bddz&address=
INFO: [ app_init ] --START--
INFO: Run Behavior\BuildLiteBehavior [ RunTime:0.000024s ]
INFO: [ app_init ] --END-- [ RunTime:0.000319s ]
INFO: [ app_begin ] --START--
INFO: Run Behavior\ReadHtmlCacheBehavior [ RunTime:0.000571s ]
INFO: [ app_begin ] --END-- [ RunTime:0.000623s ]
SQL: SHOW COLUMNS FROM `dongtai` [ RunTime:0.0038s ]
SQL: SELECT * FROM dongtai as d INNER JOIN user as u on d.uid = u.id INNER JOIN dongimage as i on d.did = i.pid  ORDER BY d.did desc LIMIT 0,2   [ RunTime:0.0032s ]
INFO: [ view_parse ] --START--
INFO: [ template_filter ] --START--
INFO: Run Behavior\ContentReplaceBehavior [ RunTime:0.000040s ]
INFO: [ template_filter ] --END-- [ RunTime:0.000140s ]
INFO: Run Behavior\ParseTemplateBehavior [ RunTime:0.005307s ]
INFO: [ view_parse ] --END-- [ RunTime:0.005359s ]
INFO: [ view_filter ] --START--
INFO: Run Behavior\WriteHtmlCacheBehavior [ RunTime:0.000335s ]
INFO: [ view_filter ] --END-- [ RunTime:0.000416s ]
INFO: [ app_end ] --START--
INFO: Run Behavior\ShowPageTraceBehavior [ RunTime:0.000512s ]
INFO: [ app_end ] --END-- [ RunTime:0.000553s ]

[ 2017-03-01T00:30:32+08:00 ] ::1 /matouPCS/?s=/Home/Mtbu
INFO: [ app_init ] --START--
INFO: Run Behavior\BuildLiteBehavior [ RunTime:0.000013s ]
INFO: [ app_init ] --END-- [ RunTime:0.000272s ]
INFO: [ app_begin ] --START--
INFO: Run Behavior\ReadHtmlCacheBehavior [ RunTime:0.000510s ]
INFO: [ app_begin ] --END-- [ RunTime:0.000560s ]
SQL: SHOW COLUMNS FROM `dongtai` [ RunTime:0.0038s ]
SQL: SELECT * FROM dongtai as d INNER JOIN user as u on d.uid = u.id INNER JOIN dongimage as i on d.did = i.pid  WHERE ( bdlx='2'||bdlx='3'||bdlx='4'||bdlx='5' ) ORDER BY d.did desc LIMIT 0,2   [ RunTime:0.0036s ]
SQL: SHOW COLUMNS FROM `forcee` [ RunTime:0.0030s ]
SQL: SELECT * FROM forcee as f INNER JOIN forceimage as r on f.id = r.pid INNER JOIN user as u on u.id = f.uid  ORDER BY f.collect desc  [ RunTime:0.0027s ]
INFO: [ view_parse ] --START--
INFO: [ template_filter ] --START--
INFO: Run Behavior\ContentReplaceBehavior [ RunTime:0.000178s ]
INFO: [ template_filter ] --END-- [ RunTime:0.000239s ]
NOTIC: [8] Undefined variable: sp D:\www\matouPCS\Application\Runtime\Cache\Home\01d3854d943345ccb8aef8c7ad49f784.php 第 207 行.
NOTIC: [8] Undefined variable: sp D:\www\matouPCS\Application\Runtime\Cache\Home\01d3854d943345ccb8aef8c7ad49f784.php 第 209 行.
NOTIC: [8] Undefined variable: sp D:\www\matouPCS\Application\Runtime\Cache\Home\01d3854d943345ccb8aef8c7ad49f784.php 第 217 行.
NOTIC: [8] Undefined variable: sp D:\www\matouPCS\Application\Runtime\Cache\Home\01d3854d943345ccb8aef8c7ad49f784.php 第 219 行.
NOTIC: [8] Undefined index: type D:\www\matouPCS\Application\Runtime\Cache\Home\01d3854d943345ccb8aef8c7ad49f784.php 第 890 行.
NOTIC: [8] Undefined index: type D:\www\matouPCS\Application\Runtime\Cache\Home\01d3854d943345ccb8aef8c7ad49f784.php 第 890 行.
NOTIC: [8] Undefined index: type D:\www\matouPCS\Application\Runtime\Cache\Home\01d3854d943345ccb8aef8c7ad49f784.php 第 890 行.
NOTIC: [8] Undefined index: type D:\www\matouPCS\Application\Runtime\Cache\Home\01d3854d943345ccb8aef8c7ad49f784.php 第 890 行.
INFO: Run Behavior\ParseTemplateBehavior [ RunTime:0.013562s ]
INFO: [ view_parse ] --END-- [ RunTime:0.013620s ]
INFO: [ view_filter ] --START--
INFO: Run Behavior\WriteHtmlCacheBehavior [ RunTime:0.000576s ]
INFO: [ view_filter ] --END-- [ RunTime:0.000630s ]
INFO: [ app_end ] --START--
INFO: Run Behavior\ShowPageTraceBehavior [ RunTime:0.000989s ]
INFO: [ app_end ] --END-- [ RunTime:0.001058s ]

[ 2017-03-01T00:30:33+08:00 ] ::1 /matouPCS/?s=/Home/Box/bddz&address=
INFO: [ app_init ] --START--
INFO: Run Behavior\BuildLiteBehavior [ RunTime:0.000013s ]
INFO: [ app_init ] --END-- [ RunTime:0.000313s ]
INFO: [ app_begin ] --START--
INFO: Run Behavior\ReadHtmlCacheBehavior [ RunTime:0.000752s ]
INFO: [ app_begin ] --END-- [ RunTime:0.000807s ]
SQL: SHOW COLUMNS FROM `dongtai` [ RunTime:0.0028s ]
SQL: SELECT * FROM dongtai as d INNER JOIN user as u on d.uid = u.id INNER JOIN dongimage as i on d.did = i.pid  ORDER BY d.did desc LIMIT 0,2   [ RunTime:0.0022s ]
INFO: [ view_parse ] --START--
INFO: [ template_filter ] --START--
INFO: Run Behavior\ContentReplaceBehavior [ RunTime:0.000037s ]
INFO: [ template_filter ] --END-- [ RunTime:0.000132s ]
INFO: Run Behavior\ParseTemplateBehavior [ RunTime:0.005315s ]
INFO: [ view_parse ] --END-- [ RunTime:0.005363s ]
INFO: [ view_filter ] --START--
INFO: Run Behavior\WriteHtmlCacheBehavior [ RunTime:0.000407s ]
INFO: [ view_filter ] --END-- [ RunTime:0.000456s ]
INFO: [ app_end ] --START--
INFO: Run Behavior\ShowPageTraceBehavior [ RunTime:0.000528s ]
INFO: [ app_end ] --END-- [ RunTime:0.000568s ]

[ 2017-03-01T00:30:35+08:00 ] ::1 /matouPCS/?s=/Home/User/user_yp
INFO: [ app_init ] --START--
INFO: Run Behavior\BuildLiteBehavior [ RunTime:0.000013s ]
INFO: [ app_init ] --END-- [ RunTime:0.000365s ]
INFO: [ app_begin ] --START--
INFO: Run Behavior\ReadHtmlCacheBehavior [ RunTime:0.000506s ]
INFO: [ app_begin ] --END-- [ RunTime:0.000556s ]
SQL: SHOW COLUMNS FROM `employ` [ RunTime:0.0040s ]
ERR: SQLSTATE[42S22]: Column not found: 1054 Unknown column 'e.id' in 'on clause'

[ 2017-03-01T00:30:42+08:00 ] ::1 /matouPCS/?s=/Home/User/bdzx
INFO: [ app_init ] --START--
INFO: Run Behavior\BuildLiteBehavior [ RunTime:0.000012s ]
INFO: [ app_init ] --END-- [ RunTime:0.000264s ]
INFO: [ app_begin ] --START--
INFO: Run Behavior\ReadHtmlCacheBehavior [ RunTime:0.000465s ]
INFO: [ app_begin ] --END-- [ RunTime:0.000513s ]
SQL: SHOW COLUMNS FROM `user` [ RunTime:0.0035s ]
SQL: SELECT * FROM `user` WHERE (  id = 8  ) LIMIT 1   [ RunTime:0.0003s ]
SQL: SHOW COLUMNS FROM `user_fen` [ RunTime:0.0028s ]
SQL: SELECT * FROM `user_fen` WHERE (  uid = 8  ) LIMIT 0,6   [ RunTime:0.0002s ]
SQL: SHOW COLUMNS FROM `user` [ RunTime:0.0025s ]
SQL: SELECT * FROM user as u INNER JOIN user_fen as f on u.id = f.uid  LIMIT 0,6   [ RunTime:0.0006s ]
SQL: SELECT * FROM user as u INNER JOIN user_fen as f on u.id = f.uid  WHERE ( f.uid = 8 ) LIMIT 0,6   [ RunTime:0.0003s ]
SQL: SELECT * FROM `user`  [ RunTime:0.0002s ]
SQL: SHOW COLUMNS FROM `dongtai` [ RunTime:0.0022s ]
SQL: SELECT * FROM dongtai as d INNER JOIN user as u on d.uid = u.id INNER JOIN dongimage as i on d.did = i.pid  ORDER BY d.did desc LIMIT 1   [ RunTime:0.0023s ]
INFO: [ view_parse ] --START--
INFO: [ template_filter ] --START--
INFO: Run Behavior\ContentReplaceBehavior [ RunTime:0.000280s ]
INFO: [ template_filter ] --END-- [ RunTime:0.000379s ]
NOTIC: [8] Undefined variable: num D:\www\matouPCS\Application\Runtime\Cache\Home\c5708b193e7766e8ca9ece0983897c0e.php 第 413 行.
NOTIC: [8] Undefined variable: gzs D:\www\matouPCS\Application\Runtime\Cache\Home\c5708b193e7766e8ca9ece0983897c0e.php 第 444 行.
NOTIC: [8] Undefined index: id D:\www\matouPCS\Application\Runtime\Cache\Home\c5708b193e7766e8ca9ece0983897c0e.php 第 749 行.
INFO: Run Behavior\ParseTemplateBehavior [ RunTime:0.012798s ]
INFO: [ view_parse ] --END-- [ RunTime:0.012844s ]
INFO: [ view_filter ] --START--
INFO: Run Behavior\WriteHtmlCacheBehavior [ RunTime:0.000293s ]
INFO: [ view_filter ] --END-- [ RunTime:0.000333s ]
INFO: [ app_end ] --START--
INFO: Run Behavior\ShowPageTraceBehavior [ RunTime:0.000710s ]
INFO: [ app_end ] --END-- [ RunTime:0.000792s ]

