[ 2017-03-08T09:09:56+08:00 ] ::1 /matouPCS/?s=/Home/Mtbu/spbddnxq/id/3
INFO: [ app_init ] --START--
INFO: Run Behavior\BuildLiteBehavior [ RunTime:0.000013s ]
INFO: [ app_init ] --END-- [ RunTime:0.002248s ]
INFO: [ app_begin ] --START--
INFO: Run Behavior\ReadHtmlCacheBehavior [ RunTime:0.000789s ]
INFO: [ app_begin ] --END-- [ RunTime:0.000857s ]
SQL: SHOW COLUMNS FROM `shop` [ RunTime:0.0170s ]
SQL: SELECT * FROM `shop` WHERE ( uid =3 and status=2 )  [ RunTime:0.0017s ]
NOTIC: [2] Invalid argument supplied for foreach() D:\www\matouPCS\Application\Home\Controller\MtbuController.class.php 第 1306 行.
SQL: SHOW COLUMNS FROM `shop` [ RunTime:0.0025s ]
NOTIC: [8] Undefined variable: id D:\www\matouPCS\Application\Home\Controller\MtbuController.class.php 第 1309 行.
ERR: SQLSTATE[42000]: Syntax error or access violation: 1064 You have an error in your SQL syntax; check the manual that corresponds to your MySQL server version for the right syntax to use near ') LIMIT 1' at line 1

[ 2017-03-08T09:10:05+08:00 ] ::1 /matouPCS/
INFO: [ app_init ] --START--
INFO: Run Behavior\BuildLiteBehavior [ RunTime:0.000016s ]
INFO: [ app_init ] --END-- [ RunTime:0.000418s ]
INFO: [ app_begin ] --START--
INFO: Run Behavior\ReadHtmlCacheBehavior [ RunTime:0.000519s ]
INFO: [ app_begin ] --END-- [ RunTime:0.000576s ]
SQL: SHOW COLUMNS FROM `reward2` [ RunTime:0.0055s ]
SQL: SELECT * FROM reward2 as  r INNER JOIN reward1 as e on r.pid = e.psid  INNER JOIN  user as u on e.uid = u.id  ORDER BY e.psid desc LIMIT 0,21   [ RunTime:0.0060s ]
SQL: SHOW COLUMNS FROM `user` [ RunTime:0.0027s ]
SQL: SELECT * FROM user as u INNER JOIN forcee as f on f.uid = u.id  WHERE ( f.status = 2 ) ORDER BY f.collect desc LIMIT 0,4   [ RunTime:0.0025s ]
SQL: SHOW COLUMNS FROM `shop` [ RunTime:0.0031s ]
SQL: SELECT * FROM `shop` ORDER BY collect desc LIMIT 0,4   [ RunTime:0.0007s ]
SQL: SHOW COLUMNS FROM `flea` [ RunTime:0.0047s ]
SQL: SELECT * FROM flea as f INNER JOIN user as u on f.uid = u.id  WHERE ( tz_status = '1' ) LIMIT 0,5   [ RunTime:0.0003s ]
NOTIC: [8] Undefined variable: ren D:\www\matouPCS\Application\Home\Controller\IndexController.class.php 第 46 行.
NOTIC: [8] Undefined variable: fbys D:\www\matouPCS\Application\Home\Controller\IndexController.class.php 第 48 行.
NOTIC: [8] Undefined variable: fbyp D:\www\matouPCS\Application\Home\Controller\IndexController.class.php 第 50 行.
INFO: [ view_parse ] --START--
INFO: [ template_filter ] --START--
INFO: Run Behavior\ContentReplaceBehavior [ RunTime:0.000237s ]
INFO: [ template_filter ] --END-- [ RunTime:0.000295s ]
NOTIC: [8] Undefined index: username D:\www\matouPCS\Application\Runtime\Cache\Home\2a94b8bda04ff446dcedd42276fc99ee.php 第 123 行.
NOTIC: [8] Undefined index: id D:\www\matouPCS\Application\Runtime\Cache\Home\2a94b8bda04ff446dcedd42276fc99ee.php 第 132 行.
NOTIC: [8] Undefined variable: sp D:\www\matouPCS\Application\Runtime\Cache\Home\2a94b8bda04ff446dcedd42276fc99ee.php 第 244 行.
NOTIC: [8] Undefined variable: sp D:\www\matouPCS\Application\Runtime\Cache\Home\2a94b8bda04ff446dcedd42276fc99ee.php 第 246 行.
NOTIC: [8] Undefined variable: sp D:\www\matouPCS\Application\Runtime\Cache\Home\2a94b8bda04ff446dcedd42276fc99ee.php 第 254 行.
NOTIC: [8] Undefined variable: sp D:\www\matouPCS\Application\Runtime\Cache\Home\2a94b8bda04ff446dcedd42276fc99ee.php 第 256 行.
NOTIC: [8] Undefined index: id D:\www\matouPCS\Application\Runtime\Cache\Home\2a94b8bda04ff446dcedd42276fc99ee.php 第 1091 行.
NOTIC: [8] Undefined index: id D:\www\matouPCS\Application\Runtime\Cache\Home\2a94b8bda04ff446dcedd42276fc99ee.php 第 1091 行.
INFO: Run Behavior\ParseTemplateBehavior [ RunTime:0.029172s ]
INFO: [ view_parse ] --END-- [ RunTime:0.029219s ]
INFO: [ view_filter ] --START--
INFO: Run Behavior\WriteHtmlCacheBehavior [ RunTime:0.000772s ]
INFO: [ view_filter ] --END-- [ RunTime:0.000816s ]
INFO: [ app_end ] --START--
INFO: Run Behavior\ShowPageTraceBehavior [ RunTime:0.001012s ]
INFO: [ app_end ] --END-- [ RunTime:0.001082s ]

[ 2017-03-08T09:10:06+08:00 ] ::1 /matouPCS/?s=/Home/User/wxcode/
INFO: [ app_init ] --START--
INFO: Run Behavior\BuildLiteBehavior [ RunTime:0.000015s ]
INFO: [ app_init ] --END-- [ RunTime:0.000353s ]
INFO: [ app_begin ] --START--
INFO: Run Behavior\ReadHtmlCacheBehavior [ RunTime:0.000428s ]
INFO: [ app_begin ] --END-- [ RunTime:0.000479s ]
NOTIC: [2048] Declaration of Home\Controller\UserController::get() should be compatible with that of Think\Controller::get() D:\www\matouPCS\Application\Home\Controller\UserController.class.php 第 1276 行.
NOTIC: [8] Undefined offset: 1 D:\www\matouPCS\Application\Home\Controller\UserController.class.php 第 1213 行.
NOTIC: [8] Trying to get property of non-object D:\www\matouPCS\Application\Home\Controller\UserController.class.php 第 1222 行.
NOTIC: [8] Trying to get property of non-object D:\www\matouPCS\Application\Home\Controller\UserController.class.php 第 1222 行.
NOTIC: [8] Trying to get property of non-object D:\www\matouPCS\Application\Home\Controller\UserController.class.php 第 1226 行.
SQL: SHOW COLUMNS FROM `user` [ RunTime:0.0030s ]
SQL: SELECT * FROM `user` WHERE ( weixin = '' ) LIMIT 1   [ RunTime:0.0003s ]
NOTIC: [8] A session had already been started - ignoring session_start() D:\www\matouPCS\Application\Home\Controller\UserController.class.php 第 1244 行.

[ 2017-03-08T09:12:44+08:00 ] ::1 /matouPCS/?s=/Home/Tzsc/xqxz/id/78
INFO: [ app_init ] --START--
INFO: Run Behavior\BuildLiteBehavior [ RunTime:0.000014s ]
INFO: [ app_init ] --END-- [ RunTime:0.000431s ]
INFO: [ app_begin ] --START--
INFO: Run Behavior\ReadHtmlCacheBehavior [ RunTime:0.000803s ]
INFO: [ app_begin ] --END-- [ RunTime:0.000858s ]
SQL: SHOW COLUMNS FROM `flea` [ RunTime:0.0036s ]
SQL: SELECT * FROM flea as f INNER JOIN fleaimage as m on f.fid = m.pid INNER JOIN user as u on f.uid = u.id  WHERE ( f.fid = 78 and tz_status = '1' ) LIMIT 1   [ RunTime:0.0028s ]
SQL: SHOW COLUMNS FROM `user` [ RunTime:0.0027s ]
SQL: SELECT * FROM user as u INNER JOIN liuyan as l on u.id = l.uid INNER JOIN flea as f on l.xsid = f.fid  WHERE ( l.xsid = 78 and tz_status = '1' ) ORDER BY l.lid desc LIMIT 0,3   [ RunTime:0.0051s ]
INFO: [ view_parse ] --START--
INFO: [ template_filter ] --START--
INFO: Run Behavior\ContentReplaceBehavior [ RunTime:0.000141s ]
INFO: [ template_filter ] --END-- [ RunTime:0.000198s ]
NOTIC: [8] Undefined variable: sp D:\www\matouPCS\Application\Runtime\Cache\Home\bcd710f0fdbc0f0916ac40b9b396f03c.php 第 124 行.
NOTIC: [8] Undefined variable: sp D:\www\matouPCS\Application\Runtime\Cache\Home\bcd710f0fdbc0f0916ac40b9b396f03c.php 第 126 行.
NOTIC: [8] Undefined variable: sp D:\www\matouPCS\Application\Runtime\Cache\Home\bcd710f0fdbc0f0916ac40b9b396f03c.php 第 134 行.
NOTIC: [8] Undefined variable: sp D:\www\matouPCS\Application\Runtime\Cache\Home\bcd710f0fdbc0f0916ac40b9b396f03c.php 第 136 行.
INFO: Run Behavior\ParseTemplateBehavior [ RunTime:0.016491s ]
INFO: [ view_parse ] --END-- [ RunTime:0.018119s ]
INFO: [ view_filter ] --START--
INFO: Run Behavior\WriteHtmlCacheBehavior [ RunTime:0.000382s ]
INFO: [ view_filter ] --END-- [ RunTime:0.000426s ]
INFO: [ app_end ] --START--
INFO: Run Behavior\ShowPageTraceBehavior [ RunTime:0.000624s ]
INFO: [ app_end ] --END-- [ RunTime:0.000677s ]

[ 2017-03-08T09:12:58+08:00 ] ::1 /matouPCS/?s=/Home/Tzsc/xqxz/id/77
INFO: [ app_init ] --START--
INFO: Run Behavior\BuildLiteBehavior [ RunTime:0.000015s ]
INFO: [ app_init ] --END-- [ RunTime:0.000450s ]
INFO: [ app_begin ] --START--
INFO: Run Behavior\ReadHtmlCacheBehavior [ RunTime:0.000858s ]
INFO: [ app_begin ] --END-- [ RunTime:0.000921s ]
SQL: SHOW COLUMNS FROM `flea` [ RunTime:0.0034s ]
SQL: SELECT * FROM flea as f INNER JOIN fleaimage as m on f.fid = m.pid INNER JOIN user as u on f.uid = u.id  WHERE ( f.fid = 77 and tz_status = '1' ) LIMIT 1   [ RunTime:0.0006s ]
SQL: SHOW COLUMNS FROM `user` [ RunTime:0.0030s ]
SQL: SELECT * FROM user as u INNER JOIN liuyan as l on u.id = l.uid INNER JOIN flea as f on l.xsid = f.fid  WHERE ( l.xsid = 77 and tz_status = '1' ) ORDER BY l.lid desc LIMIT 0,3   [ RunTime:0.0030s ]
INFO: [ view_parse ] --START--
INFO: [ template_filter ] --START--
INFO: Run Behavior\ContentReplaceBehavior [ RunTime:0.000146s ]
INFO: [ template_filter ] --END-- [ RunTime:0.000211s ]
NOTIC: [8] Undefined variable: sp D:\www\matouPCS\Application\Runtime\Cache\Home\bcd710f0fdbc0f0916ac40b9b396f03c.php 第 124 行.
NOTIC: [8] Undefined variable: sp D:\www\matouPCS\Application\Runtime\Cache\Home\bcd710f0fdbc0f0916ac40b9b396f03c.php 第 126 行.
NOTIC: [8] Undefined variable: sp D:\www\matouPCS\Application\Runtime\Cache\Home\bcd710f0fdbc0f0916ac40b9b396f03c.php 第 134 行.
NOTIC: [8] Undefined variable: sp D:\www\matouPCS\Application\Runtime\Cache\Home\bcd710f0fdbc0f0916ac40b9b396f03c.php 第 136 行.
INFO: Run Behavior\ParseTemplateBehavior [ RunTime:0.014364s ]
INFO: [ view_parse ] --END-- [ RunTime:0.014420s ]
INFO: [ view_filter ] --START--
INFO: Run Behavior\WriteHtmlCacheBehavior [ RunTime:0.000381s ]
INFO: [ view_filter ] --END-- [ RunTime:0.000427s ]
INFO: [ app_end ] --START--
INFO: Run Behavior\ShowPageTraceBehavior [ RunTime:0.000671s ]
INFO: [ app_end ] --END-- [ RunTime:0.000728s ]

[ 2017-03-08T09:13:26+08:00 ] ::1 /matouPCS/?s=/Home/Tzsc/xqxz/id/79
INFO: [ app_init ] --START--
INFO: Run Behavior\BuildLiteBehavior [ RunTime:0.000014s ]
INFO: [ app_init ] --END-- [ RunTime:0.000446s ]
INFO: [ app_begin ] --START--
INFO: Run Behavior\ReadHtmlCacheBehavior [ RunTime:0.000560s ]
INFO: [ app_begin ] --END-- [ RunTime:0.000614s ]
SQL: SHOW COLUMNS FROM `flea` [ RunTime:0.0030s ]
SQL: SELECT * FROM flea as f INNER JOIN fleaimage as m on f.fid = m.pid INNER JOIN user as u on f.uid = u.id  WHERE ( f.fid = 79 and tz_status = '1' ) LIMIT 1   [ RunTime:0.0004s ]
SQL: SHOW COLUMNS FROM `user` [ RunTime:0.0027s ]
SQL: SELECT * FROM user as u INNER JOIN liuyan as l on u.id = l.uid INNER JOIN flea as f on l.xsid = f.fid  WHERE ( l.xsid = 79 and tz_status = '1' ) ORDER BY l.lid desc LIMIT 0,3   [ RunTime:0.0023s ]
INFO: [ view_parse ] --START--
INFO: [ template_filter ] --START--
INFO: Run Behavior\ContentReplaceBehavior [ RunTime:0.000143s ]
INFO: [ template_filter ] --END-- [ RunTime:0.000199s ]
NOTIC: [8] Undefined variable: sp D:\www\matouPCS\Application\Runtime\Cache\Home\bcd710f0fdbc0f0916ac40b9b396f03c.php 第 124 行.
NOTIC: [8] Undefined variable: sp D:\www\matouPCS\Application\Runtime\Cache\Home\bcd710f0fdbc0f0916ac40b9b396f03c.php 第 126 行.
NOTIC: [8] Undefined variable: sp D:\www\matouPCS\Application\Runtime\Cache\Home\bcd710f0fdbc0f0916ac40b9b396f03c.php 第 134 行.
NOTIC: [8] Undefined variable: sp D:\www\matouPCS\Application\Runtime\Cache\Home\bcd710f0fdbc0f0916ac40b9b396f03c.php 第 136 行.
INFO: Run Behavior\ParseTemplateBehavior [ RunTime:0.012421s ]
INFO: [ view_parse ] --END-- [ RunTime:0.012470s ]
INFO: [ view_filter ] --START--
INFO: Run Behavior\WriteHtmlCacheBehavior [ RunTime:0.000392s ]
INFO: [ view_filter ] --END-- [ RunTime:0.000436s ]
INFO: [ app_end ] --START--
INFO: Run Behavior\ShowPageTraceBehavior [ RunTime:0.000585s ]
INFO: [ app_end ] --END-- [ RunTime:0.000634s ]

[ 2017-03-08T09:13:27+08:00 ] ::1 /matouPCS/?s=/Home/Tzsc/xqxz/id/79
INFO: [ app_init ] --START--
INFO: Run Behavior\BuildLiteBehavior [ RunTime:0.000014s ]
INFO: [ app_init ] --END-- [ RunTime:0.000408s ]
INFO: [ app_begin ] --START--
INFO: Run Behavior\ReadHtmlCacheBehavior [ RunTime:0.000491s ]
INFO: [ app_begin ] --END-- [ RunTime:0.000543s ]
SQL: SHOW COLUMNS FROM `flea` [ RunTime:0.0032s ]
SQL: SELECT * FROM flea as f INNER JOIN fleaimage as m on f.fid = m.pid INNER JOIN user as u on f.uid = u.id  WHERE ( f.fid = 79 and tz_status = '1' ) LIMIT 1   [ RunTime:0.0004s ]
SQL: SHOW COLUMNS FROM `user` [ RunTime:0.0025s ]
SQL: SELECT * FROM user as u INNER JOIN liuyan as l on u.id = l.uid INNER JOIN flea as f on l.xsid = f.fid  WHERE ( l.xsid = 79 and tz_status = '1' ) ORDER BY l.lid desc LIMIT 0,3   [ RunTime:0.0022s ]
INFO: [ view_parse ] --START--
INFO: [ template_filter ] --START--
INFO: Run Behavior\ContentReplaceBehavior [ RunTime:0.000136s ]
INFO: [ template_filter ] --END-- [ RunTime:0.000193s ]
NOTIC: [8] Undefined variable: sp D:\www\matouPCS\Application\Runtime\Cache\Home\bcd710f0fdbc0f0916ac40b9b396f03c.php 第 124 行.
NOTIC: [8] Undefined variable: sp D:\www\matouPCS\Application\Runtime\Cache\Home\bcd710f0fdbc0f0916ac40b9b396f03c.php 第 126 行.
NOTIC: [8] Undefined variable: sp D:\www\matouPCS\Application\Runtime\Cache\Home\bcd710f0fdbc0f0916ac40b9b396f03c.php 第 134 行.
NOTIC: [8] Undefined variable: sp D:\www\matouPCS\Application\Runtime\Cache\Home\bcd710f0fdbc0f0916ac40b9b396f03c.php 第 136 行.
INFO: Run Behavior\ParseTemplateBehavior [ RunTime:0.011759s ]
INFO: [ view_parse ] --END-- [ RunTime:0.011806s ]
INFO: [ view_filter ] --START--
INFO: Run Behavior\WriteHtmlCacheBehavior [ RunTime:0.000318s ]
INFO: [ view_filter ] --END-- [ RunTime:0.000361s ]
INFO: [ app_end ] --START--
INFO: Run Behavior\ShowPageTraceBehavior [ RunTime:0.000563s ]
INFO: [ app_end ] --END-- [ RunTime:0.000625s ]

[ 2017-03-08T09:18:30+08:00 ] ::1 /matouPCS/?s=/Home/Tzsc/xqxz/id/79
INFO: [ app_init ] --START--
INFO: Run Behavior\BuildLiteBehavior [ RunTime:0.000020s ]
INFO: [ app_init ] --END-- [ RunTime:0.000855s ]
INFO: [ app_begin ] --START--
INFO: Run Behavior\ReadHtmlCacheBehavior [ RunTime:0.000860s ]
INFO: [ app_begin ] --END-- [ RunTime:0.000922s ]
SQL: SHOW COLUMNS FROM `flea` [ RunTime:0.0079s ]
SQL: SELECT * FROM flea as f INNER JOIN fleaimage as m on f.fid = m.pid INNER JOIN user as u on f.uid = u.id  WHERE ( f.fid = 79 and tz_status = '1' ) LIMIT 1   [ RunTime:0.0008s ]
SQL: SHOW COLUMNS FROM `user` [ RunTime:0.0041s ]
SQL: SELECT * FROM user as u INNER JOIN liuyan as l on u.id = l.uid INNER JOIN flea as f on l.xsid = f.fid  WHERE ( l.xsid = 79 and tz_status = '1' ) ORDER BY l.lid desc LIMIT 0,3   [ RunTime:0.0047s ]
INFO: [ view_parse ] --START--
INFO: [ template_filter ] --START--
INFO: Run Behavior\ContentReplaceBehavior [ RunTime:0.000358s ]
INFO: [ template_filter ] --END-- [ RunTime:0.000644s ]
NOTIC: [8] Undefined variable: sp D:\www\matouPCS\Application\Runtime\Cache\Home\bcd710f0fdbc0f0916ac40b9b396f03c.php 第 124 行.
NOTIC: [8] Undefined variable: sp D:\www\matouPCS\Application\Runtime\Cache\Home\bcd710f0fdbc0f0916ac40b9b396f03c.php 第 126 行.
NOTIC: [8] Undefined variable: sp D:\www\matouPCS\Application\Runtime\Cache\Home\bcd710f0fdbc0f0916ac40b9b396f03c.php 第 134 行.
NOTIC: [8] Undefined variable: sp D:\www\matouPCS\Application\Runtime\Cache\Home\bcd710f0fdbc0f0916ac40b9b396f03c.php 第 136 行.
INFO: Run Behavior\ParseTemplateBehavior [ RunTime:0.023660s ]
INFO: [ view_parse ] --END-- [ RunTime:0.023804s ]
INFO: [ view_filter ] --START--
INFO: Run Behavior\WriteHtmlCacheBehavior [ RunTime:0.000773s ]
INFO: [ view_filter ] --END-- [ RunTime:0.000834s ]
INFO: [ app_end ] --START--
INFO: Run Behavior\ShowPageTraceBehavior [ RunTime:0.000908s ]
INFO: [ app_end ] --END-- [ RunTime:0.000967s ]

[ 2017-03-08T09:18:36+08:00 ] ::1 /matouPCS/?s=/Home/User/liuyan
INFO: [ app_init ] --START--
INFO: Run Behavior\BuildLiteBehavior [ RunTime:0.000012s ]
INFO: [ app_init ] --END-- [ RunTime:0.000407s ]
INFO: [ app_begin ] --START--
INFO: Run Behavior\ReadHtmlCacheBehavior [ RunTime:0.000483s ]
INFO: [ app_begin ] --END-- [ RunTime:0.000531s ]
NOTIC: [2048] Declaration of Home\Controller\UserController::get() should be compatible with that of Think\Controller::get() D:\www\matouPCS\Application\Home\Controller\UserController.class.php 第 1276 行.
SQL: SHOW COLUMNS FROM `liuyan` [ RunTime:0.0029s ]
SQL: INSERT INTO `liuyan` (`uid`,`xsid`,`contents`,`ltime`,`xzst`) VALUES ('13','79','www','2017-03-08 09:18:35','2') [ RunTime:0.0063s ]
ERR: SQLSTATE[42S02]: Base table or view not found: 1146 Table 'matoupc.user_xx' doesn't exist

[ 2017-03-08T09:19:01+08:00 ] ::1 /matouPCS/?s=/Home/Tzsc/xqxz/id/79
INFO: [ app_init ] --START--
INFO: Run Behavior\BuildLiteBehavior [ RunTime:0.000012s ]
INFO: [ app_init ] --END-- [ RunTime:0.000415s ]
INFO: [ app_begin ] --START--
INFO: Run Behavior\ReadHtmlCacheBehavior [ RunTime:0.000495s ]
INFO: [ app_begin ] --END-- [ RunTime:0.000546s ]
SQL: SHOW COLUMNS FROM `flea` [ RunTime:0.0032s ]
SQL: SELECT * FROM flea as f INNER JOIN fleaimage as m on f.fid = m.pid INNER JOIN user as u on f.uid = u.id  WHERE ( f.fid = 79 and tz_status = '1' ) LIMIT 1   [ RunTime:0.0004s ]
SQL: SHOW COLUMNS FROM `user` [ RunTime:0.0028s ]
SQL: SELECT * FROM user as u INNER JOIN liuyan as l on u.id = l.uid INNER JOIN flea as f on l.xsid = f.fid  WHERE ( l.xsid = 79 and tz_status = '1' ) ORDER BY l.lid desc LIMIT 0,3   [ RunTime:0.0027s ]
INFO: [ view_parse ] --START--
INFO: [ template_filter ] --START--
INFO: Run Behavior\ContentReplaceBehavior [ RunTime:0.000132s ]
INFO: [ template_filter ] --END-- [ RunTime:0.000182s ]
NOTIC: [8] Undefined variable: sp D:\www\matouPCS\Application\Runtime\Cache\Home\bcd710f0fdbc0f0916ac40b9b396f03c.php 第 124 行.
NOTIC: [8] Undefined variable: sp D:\www\matouPCS\Application\Runtime\Cache\Home\bcd710f0fdbc0f0916ac40b9b396f03c.php 第 126 行.
NOTIC: [8] Undefined variable: sp D:\www\matouPCS\Application\Runtime\Cache\Home\bcd710f0fdbc0f0916ac40b9b396f03c.php 第 134 行.
NOTIC: [8] Undefined variable: sp D:\www\matouPCS\Application\Runtime\Cache\Home\bcd710f0fdbc0f0916ac40b9b396f03c.php 第 136 行.
INFO: Run Behavior\ParseTemplateBehavior [ RunTime:0.011510s ]
INFO: [ view_parse ] --END-- [ RunTime:0.011593s ]
INFO: [ view_filter ] --START--
INFO: Run Behavior\WriteHtmlCacheBehavior [ RunTime:0.000347s ]
INFO: [ view_filter ] --END-- [ RunTime:0.000414s ]
INFO: [ app_end ] --START--
INFO: Run Behavior\ShowPageTraceBehavior [ RunTime:0.000579s ]
INFO: [ app_end ] --END-- [ RunTime:0.000634s ]

[ 2017-03-08T09:19:05+08:00 ] ::1 /matouPCS/?s=/Home/User/liuyan
INFO: [ app_init ] --START--
INFO: Run Behavior\BuildLiteBehavior [ RunTime:0.000012s ]
INFO: [ app_init ] --END-- [ RunTime:0.000391s ]
INFO: [ app_begin ] --START--
INFO: Run Behavior\ReadHtmlCacheBehavior [ RunTime:0.000465s ]
INFO: [ app_begin ] --END-- [ RunTime:0.000512s ]
NOTIC: [2048] Declaration of Home\Controller\UserController::get() should be compatible with that of Think\Controller::get() D:\www\matouPCS\Application\Home\Controller\UserController.class.php 第 1276 行.
SQL: SHOW COLUMNS FROM `liuyan` [ RunTime:0.0031s ]
SQL: INSERT INTO `liuyan` (`uid`,`xsid`,`contents`,`ltime`,`xzst`) VALUES ('13','79','www','2017-03-08 09:19:04','2') [ RunTime:0.0002s ]
NOTIC: [8] Undefined index: fid D:\www\matouPCS\Application\Home\Controller\UserController.class.php 第 107 行.
ERR: SQLSTATE[42S02]: Base table or view not found: 1146 Table 'matoupc.user_xx' doesn't exist

[ 2017-03-08T09:20:12+08:00 ] ::1 /matouPCS/?s=/Home/Tzsc/xqxz/id/79
INFO: [ app_init ] --START--
INFO: Run Behavior\BuildLiteBehavior [ RunTime:0.000014s ]
INFO: [ app_init ] --END-- [ RunTime:0.000416s ]
INFO: [ app_begin ] --START--
INFO: Run Behavior\ReadHtmlCacheBehavior [ RunTime:0.000489s ]
INFO: [ app_begin ] --END-- [ RunTime:0.000540s ]
SQL: SHOW COLUMNS FROM `flea` [ RunTime:0.0033s ]
SQL: SELECT * FROM flea as f INNER JOIN fleaimage as m on f.fid = m.pid INNER JOIN user as u on f.uid = u.id  WHERE ( f.fid = 79 and tz_status = '1' ) LIMIT 1   [ RunTime:0.0005s ]
SQL: SHOW COLUMNS FROM `user` [ RunTime:0.0032s ]
SQL: SELECT * FROM user as u INNER JOIN liuyan as l on u.id = l.uid INNER JOIN flea as f on l.xsid = f.fid  WHERE ( l.xsid = 79 and tz_status = '1' ) ORDER BY l.lid desc LIMIT 0,3   [ RunTime:0.0026s ]
INFO: [ view_parse ] --START--
INFO: [ template_filter ] --START--
INFO: Run Behavior\ContentReplaceBehavior [ RunTime:0.000138s ]
INFO: [ template_filter ] --END-- [ RunTime:0.000188s ]
NOTIC: [8] Undefined variable: sp D:\www\matouPCS\Application\Runtime\Cache\Home\bcd710f0fdbc0f0916ac40b9b396f03c.php 第 124 行.
NOTIC: [8] Undefined variable: sp D:\www\matouPCS\Application\Runtime\Cache\Home\bcd710f0fdbc0f0916ac40b9b396f03c.php 第 126 行.
NOTIC: [8] Undefined variable: sp D:\www\matouPCS\Application\Runtime\Cache\Home\bcd710f0fdbc0f0916ac40b9b396f03c.php 第 134 行.
NOTIC: [8] Undefined variable: sp D:\www\matouPCS\Application\Runtime\Cache\Home\bcd710f0fdbc0f0916ac40b9b396f03c.php 第 136 行.
INFO: Run Behavior\ParseTemplateBehavior [ RunTime:0.011187s ]
INFO: [ view_parse ] --END-- [ RunTime:0.011234s ]
INFO: [ view_filter ] --START--
INFO: Run Behavior\WriteHtmlCacheBehavior [ RunTime:0.000336s ]
INFO: [ view_filter ] --END-- [ RunTime:0.000380s ]
INFO: [ app_end ] --START--
INFO: Run Behavior\ShowPageTraceBehavior [ RunTime:0.000562s ]
INFO: [ app_end ] --END-- [ RunTime:0.000635s ]

[ 2017-03-08T09:20:21+08:00 ] ::1 /matouPCS/?s=/Home/User/liuyan
INFO: [ app_init ] --START--
INFO: Run Behavior\BuildLiteBehavior [ RunTime:0.000012s ]
INFO: [ app_init ] --END-- [ RunTime:0.000424s ]
INFO: [ app_begin ] --START--
INFO: Run Behavior\ReadHtmlCacheBehavior [ RunTime:0.000495s ]
INFO: [ app_begin ] --END-- [ RunTime:0.000545s ]
NOTIC: [2048] Declaration of Home\Controller\UserController::get() should be compatible with that of Think\Controller::get() D:\www\matouPCS\Application\Home\Controller\UserController.class.php 第 1276 行.
SQL: SHOW COLUMNS FROM `liuyan` [ RunTime:0.0029s ]
SQL: INSERT INTO `liuyan` (`uid`,`xsid`,`contents`,`ltime`,`xzst`) VALUES ('13','79','123','2017-03-08 09:20:20','2') [ RunTime:0.0003s ]
ERR: SQLSTATE[42S02]: Base table or view not found: 1146 Table 'matoupc.user_xx' doesn't exist

[ 2017-03-08T09:22:45+08:00 ] ::1 /matouPCS/?s=/Home/Tzsc/xqxz/id/79
INFO: [ app_init ] --START--
INFO: Run Behavior\BuildLiteBehavior [ RunTime:0.000013s ]
INFO: [ app_init ] --END-- [ RunTime:0.000432s ]
INFO: [ app_begin ] --START--
INFO: Run Behavior\ReadHtmlCacheBehavior [ RunTime:0.000554s ]
INFO: [ app_begin ] --END-- [ RunTime:0.000606s ]
SQL: SHOW COLUMNS FROM `flea` [ RunTime:0.0033s ]
SQL: SELECT * FROM flea as f INNER JOIN fleaimage as m on f.fid = m.pid INNER JOIN user as u on f.uid = u.id  WHERE ( f.fid = 79 and tz_status = '1' ) LIMIT 1   [ RunTime:0.0006s ]
SQL: SHOW COLUMNS FROM `user` [ RunTime:0.0028s ]
SQL: SELECT * FROM user as u INNER JOIN liuyan as l on u.id = l.uid INNER JOIN flea as f on l.xsid = f.fid  WHERE ( l.xsid = 79 and tz_status = '1' ) ORDER BY l.lid desc LIMIT 0,3   [ RunTime:0.0032s ]
INFO: [ view_parse ] --START--
INFO: [ template_filter ] --START--
INFO: Run Behavior\ContentReplaceBehavior [ RunTime:0.000136s ]
INFO: [ template_filter ] --END-- [ RunTime:0.000192s ]
NOTIC: [8] Undefined variable: sp D:\www\matouPCS\Application\Runtime\Cache\Home\bcd710f0fdbc0f0916ac40b9b396f03c.php 第 124 行.
NOTIC: [8] Undefined variable: sp D:\www\matouPCS\Application\Runtime\Cache\Home\bcd710f0fdbc0f0916ac40b9b396f03c.php 第 126 行.
NOTIC: [8] Undefined variable: sp D:\www\matouPCS\Application\Runtime\Cache\Home\bcd710f0fdbc0f0916ac40b9b396f03c.php 第 134 行.
NOTIC: [8] Undefined variable: sp D:\www\matouPCS\Application\Runtime\Cache\Home\bcd710f0fdbc0f0916ac40b9b396f03c.php 第 136 行.
INFO: Run Behavior\ParseTemplateBehavior [ RunTime:0.012466s ]
INFO: [ view_parse ] --END-- [ RunTime:0.012521s ]
INFO: [ view_filter ] --START--
INFO: Run Behavior\WriteHtmlCacheBehavior [ RunTime:0.000400s ]
INFO: [ view_filter ] --END-- [ RunTime:0.000443s ]
INFO: [ app_end ] --START--
INFO: Run Behavior\ShowPageTraceBehavior [ RunTime:0.000725s ]
INFO: [ app_end ] --END-- [ RunTime:0.000796s ]

[ 2017-03-08T09:22:48+08:00 ] ::1 /matouPCS/?s=/Home/User/wxcode/
INFO: [ app_init ] --START--
INFO: Run Behavior\BuildLiteBehavior [ RunTime:0.000017s ]
INFO: [ app_init ] --END-- [ RunTime:0.000394s ]
INFO: [ app_begin ] --START--
INFO: Run Behavior\ReadHtmlCacheBehavior [ RunTime:0.000497s ]
INFO: [ app_begin ] --END-- [ RunTime:0.000568s ]
NOTIC: [2048] Declaration of Home\Controller\UserController::get() should be compatible with that of Think\Controller::get() D:\www\matouPCS\Application\Home\Controller\UserController.class.php 第 1276 行.
NOTIC: [8] Undefined offset: 1 D:\www\matouPCS\Application\Home\Controller\UserController.class.php 第 1213 行.
NOTIC: [8] Trying to get property of non-object D:\www\matouPCS\Application\Home\Controller\UserController.class.php 第 1222 行.
NOTIC: [8] Trying to get property of non-object D:\www\matouPCS\Application\Home\Controller\UserController.class.php 第 1222 行.
NOTIC: [8] Trying to get property of non-object D:\www\matouPCS\Application\Home\Controller\UserController.class.php 第 1226 行.
SQL: SHOW COLUMNS FROM `user` [ RunTime:0.0032s ]
SQL: SELECT * FROM `user` WHERE ( weixin = '' ) LIMIT 1   [ RunTime:0.0003s ]
NOTIC: [8] A session had already been started - ignoring session_start() D:\www\matouPCS\Application\Home\Controller\UserController.class.php 第 1244 行.

[ 2017-03-08T09:22:50+08:00 ] ::1 /matouPCS/?s=/Home/Tzsc/xqxz/id/77
INFO: [ app_init ] --START--
INFO: Run Behavior\BuildLiteBehavior [ RunTime:0.000013s ]
INFO: [ app_init ] --END-- [ RunTime:0.000413s ]
INFO: [ app_begin ] --START--
INFO: Run Behavior\ReadHtmlCacheBehavior [ RunTime:0.000499s ]
INFO: [ app_begin ] --END-- [ RunTime:0.000549s ]
SQL: SHOW COLUMNS FROM `flea` [ RunTime:0.0031s ]
SQL: SELECT * FROM flea as f INNER JOIN fleaimage as m on f.fid = m.pid INNER JOIN user as u on f.uid = u.id  WHERE ( f.fid = 77 and tz_status = '1' ) LIMIT 1   [ RunTime:0.0005s ]
SQL: SHOW COLUMNS FROM `user` [ RunTime:0.0027s ]
SQL: SELECT * FROM user as u INNER JOIN liuyan as l on u.id = l.uid INNER JOIN flea as f on l.xsid = f.fid  WHERE ( l.xsid = 77 and tz_status = '1' ) ORDER BY l.lid desc LIMIT 0,3   [ RunTime:0.0034s ]
INFO: [ view_parse ] --START--
INFO: [ template_filter ] --START--
INFO: Run Behavior\ContentReplaceBehavior [ RunTime:0.000134s ]
INFO: [ template_filter ] --END-- [ RunTime:0.000183s ]
NOTIC: [8] Undefined variable: sp D:\www\matouPCS\Application\Runtime\Cache\Home\bcd710f0fdbc0f0916ac40b9b396f03c.php 第 124 行.
NOTIC: [8] Undefined variable: sp D:\www\matouPCS\Application\Runtime\Cache\Home\bcd710f0fdbc0f0916ac40b9b396f03c.php 第 126 行.
NOTIC: [8] Undefined variable: sp D:\www\matouPCS\Application\Runtime\Cache\Home\bcd710f0fdbc0f0916ac40b9b396f03c.php 第 134 行.
NOTIC: [8] Undefined variable: sp D:\www\matouPCS\Application\Runtime\Cache\Home\bcd710f0fdbc0f0916ac40b9b396f03c.php 第 136 行.
INFO: Run Behavior\ParseTemplateBehavior [ RunTime:0.010833s ]
INFO: [ view_parse ] --END-- [ RunTime:0.010883s ]
INFO: [ view_filter ] --START--
INFO: Run Behavior\WriteHtmlCacheBehavior [ RunTime:0.000309s ]
INFO: [ view_filter ] --END-- [ RunTime:0.000352s ]
INFO: [ app_end ] --START--
INFO: Run Behavior\ShowPageTraceBehavior [ RunTime:0.000548s ]
INFO: [ app_end ] --END-- [ RunTime:0.000611s ]

[ 2017-03-08T09:22:59+08:00 ] ::1 /matouPCS/?s=/Home/User/liuyan
INFO: [ app_init ] --START--
INFO: Run Behavior\BuildLiteBehavior [ RunTime:0.000012s ]
INFO: [ app_init ] --END-- [ RunTime:0.000411s ]
INFO: [ app_begin ] --START--
INFO: Run Behavior\ReadHtmlCacheBehavior [ RunTime:0.000489s ]
INFO: [ app_begin ] --END-- [ RunTime:0.000539s ]
NOTIC: [2048] Declaration of Home\Controller\UserController::get() should be compatible with that of Think\Controller::get() D:\www\matouPCS\Application\Home\Controller\UserController.class.php 第 1276 行.
SQL: SHOW COLUMNS FROM `liuyan` [ RunTime:0.0031s ]
SQL: INSERT INTO `liuyan` (`uid`,`xsid`,`contents`,`ltime`,`xzst`) VALUES ('13','77','88','2017-03-08 09:22:58','2') [ RunTime:0.0003s ]
ERR: SQLSTATE[42S02]: Base table or view not found: 1146 Table 'matoupc.user_xx' doesn't exist

[ 2017-03-08T09:23:04+08:00 ] ::1 /matouPCS/?s=/Home/Tzsc/xqxz/id/77
INFO: [ app_init ] --START--
INFO: Run Behavior\BuildLiteBehavior [ RunTime:0.000013s ]
INFO: [ app_init ] --END-- [ RunTime:0.000519s ]
INFO: [ app_begin ] --START--
INFO: Run Behavior\ReadHtmlCacheBehavior [ RunTime:0.000512s ]
INFO: [ app_begin ] --END-- [ RunTime:0.000566s ]
SQL: SHOW COLUMNS FROM `flea` [ RunTime:0.0031s ]
SQL: SELECT * FROM flea as f INNER JOIN fleaimage as m on f.fid = m.pid INNER JOIN user as u on f.uid = u.id  WHERE ( f.fid = 77 and tz_status = '1' ) LIMIT 1   [ RunTime:0.0004s ]
SQL: SHOW COLUMNS FROM `user` [ RunTime:0.0027s ]
SQL: SELECT * FROM user as u INNER JOIN liuyan as l on u.id = l.uid INNER JOIN flea as f on l.xsid = f.fid  WHERE ( l.xsid = 77 and tz_status = '1' ) ORDER BY l.lid desc LIMIT 0,3   [ RunTime:0.0024s ]
INFO: [ view_parse ] --START--
INFO: [ template_filter ] --START--
INFO: Run Behavior\ContentReplaceBehavior [ RunTime:0.000135s ]
INFO: [ template_filter ] --END-- [ RunTime:0.000187s ]
NOTIC: [8] Undefined variable: sp D:\www\matouPCS\Application\Runtime\Cache\Home\bcd710f0fdbc0f0916ac40b9b396f03c.php 第 124 行.
NOTIC: [8] Undefined variable: sp D:\www\matouPCS\Application\Runtime\Cache\Home\bcd710f0fdbc0f0916ac40b9b396f03c.php 第 126 行.
NOTIC: [8] Undefined variable: sp D:\www\matouPCS\Application\Runtime\Cache\Home\bcd710f0fdbc0f0916ac40b9b396f03c.php 第 134 行.
NOTIC: [8] Undefined variable: sp D:\www\matouPCS\Application\Runtime\Cache\Home\bcd710f0fdbc0f0916ac40b9b396f03c.php 第 136 行.
INFO: Run Behavior\ParseTemplateBehavior [ RunTime:0.011061s ]
INFO: [ view_parse ] --END-- [ RunTime:0.011108s ]
INFO: [ view_filter ] --START--
INFO: Run Behavior\WriteHtmlCacheBehavior [ RunTime:0.000320s ]
INFO: [ view_filter ] --END-- [ RunTime:0.000362s ]
INFO: [ app_end ] --START--
INFO: Run Behavior\ShowPageTraceBehavior [ RunTime:0.000550s ]
INFO: [ app_end ] --END-- [ RunTime:0.000612s ]

[ 2017-03-08T09:27:35+08:00 ] ::1 /matouPCS/?s=/Home/Tzsc/xqxz/id/77
INFO: [ app_init ] --START--
INFO: Run Behavior\BuildLiteBehavior [ RunTime:0.000013s ]
INFO: [ app_init ] --END-- [ RunTime:0.000462s ]
INFO: [ app_begin ] --START--
INFO: Run Behavior\ReadHtmlCacheBehavior [ RunTime:0.000787s ]
INFO: [ app_begin ] --END-- [ RunTime:0.000861s ]
SQL: SHOW COLUMNS FROM `flea` [ RunTime:0.0038s ]
SQL: SELECT * FROM flea as f INNER JOIN fleaimage as m on f.fid = m.pid INNER JOIN user as u on f.uid = u.id  WHERE ( f.fid = 77 and tz_status = '1' ) LIMIT 1   [ RunTime:0.0006s ]
SQL: SHOW COLUMNS FROM `user` [ RunTime:0.0038s ]
SQL: SELECT * FROM user as u INNER JOIN liuyan as l on u.id = l.uid INNER JOIN flea as f on l.xsid = f.fid  WHERE ( l.xsid = 77 and tz_status = '1' ) ORDER BY l.lid desc LIMIT 0,3   [ RunTime:0.0031s ]
INFO: [ view_parse ] --START--
INFO: [ template_filter ] --START--
INFO: Run Behavior\ContentReplaceBehavior [ RunTime:0.000140s ]
INFO: [ template_filter ] --END-- [ RunTime:0.000197s ]
NOTIC: [8] Undefined variable: sp D:\www\matouPCS\Application\Runtime\Cache\Home\bcd710f0fdbc0f0916ac40b9b396f03c.php 第 124 行.
NOTIC: [8] Undefined variable: sp D:\www\matouPCS\Application\Runtime\Cache\Home\bcd710f0fdbc0f0916ac40b9b396f03c.php 第 126 行.
NOTIC: [8] Undefined variable: sp D:\www\matouPCS\Application\Runtime\Cache\Home\bcd710f0fdbc0f0916ac40b9b396f03c.php 第 134 行.
NOTIC: [8] Undefined variable: sp D:\www\matouPCS\Application\Runtime\Cache\Home\bcd710f0fdbc0f0916ac40b9b396f03c.php 第 136 行.
INFO: Run Behavior\ParseTemplateBehavior [ RunTime:0.013387s ]
INFO: [ view_parse ] --END-- [ RunTime:0.013437s ]
INFO: [ view_filter ] --START--
INFO: Run Behavior\WriteHtmlCacheBehavior [ RunTime:0.000506s ]
INFO: [ view_filter ] --END-- [ RunTime:0.000551s ]
INFO: [ app_end ] --START--
INFO: Run Behavior\ShowPageTraceBehavior [ RunTime:0.000772s ]
INFO: [ app_end ] --END-- [ RunTime:0.000853s ]

[ 2017-03-08T09:27:44+08:00 ] ::1 /matouPCS/?s=/Home/User/liuyan
INFO: [ app_init ] --START--
INFO: Run Behavior\BuildLiteBehavior [ RunTime:0.000023s ]
INFO: [ app_init ] --END-- [ RunTime:0.000464s ]
INFO: [ app_begin ] --START--
INFO: Run Behavior\ReadHtmlCacheBehavior [ RunTime:0.000528s ]
INFO: [ app_begin ] --END-- [ RunTime:0.000578s ]
NOTIC: [2048] Declaration of Home\Controller\UserController::get() should be compatible with that of Think\Controller::get() D:\www\matouPCS\Application\Home\Controller\UserController.class.php 第 1276 行.
SQL: SHOW COLUMNS FROM `liuyan` [ RunTime:0.0037s ]
SQL: INSERT INTO `liuyan` (`uid`,`xsid`,`contents`,`ltime`,`xzst`) VALUES ('13','77','66','2017-03-08 09:27:43','2') [ RunTime:0.0002s ]
SQL: SHOW COLUMNS FROM `user_xx` [ RunTime:0.0032s ]
SQL: INSERT INTO `user_xx` (`uid`,`fid`,`type_xx`,`type_xs`,`content_xx`) VALUES ('13','23','3','6','66') [ RunTime:0.0003s ]
SQL: SHOW COLUMNS FROM `user` [ RunTime:0.0032s ]
SQL: SELECT * FROM user as u INNER JOIN liuyan as l on u.id = l.uid INNER JOIN flea as f on l.xsid = f.fid  WHERE ( l.xsid = 77 and tz_status = '1' ) ORDER BY l.lid desc LIMIT 0,3   [ RunTime:0.0033s ]

