[ 2017-03-02T10:18:55+08:00 ] ::1 /matouPCS/
INFO: [ app_init ] --START--
INFO: Run Behavior\BuildLiteBehavior [ RunTime:0.000047s ]
INFO: [ app_init ] --END-- [ RunTime:0.004029s ]
INFO: [ app_begin ] --START--
INFO: Run Behavior\ReadHtmlCacheBehavior [ RunTime:0.000574s ]
INFO: [ app_begin ] --END-- [ RunTime:0.000629s ]
SQL: SHOW COLUMNS FROM `reward2` [ RunTime:0.0197s ]
SQL: SELECT * FROM reward2 as  r INNER JOIN reward1 as e on r.pid = e.psid  INNER JOIN  user as u on e.uid = u.id  ORDER BY e.psid desc LIMIT 0,21   [ RunTime:0.0089s ]
SQL: SHOW COLUMNS FROM `user` [ RunTime:0.0027s ]
SQL: SELECT * FROM user as u INNER JOIN forcee as f on f.uid = u.id  WHERE ( f.status = 2 ) ORDER BY f.collect desc LIMIT 0,4   [ RunTime:0.0026s ]
SQL: SHOW COLUMNS FROM `shop` [ RunTime:0.0038s ]
SQL: SELECT * FROM `shop` ORDER BY collect desc LIMIT 0,4   [ RunTime:0.0014s ]
SQL: SHOW COLUMNS FROM `flea` [ RunTime:0.0051s ]
SQL: SELECT * FROM flea as f INNER JOIN user as u on f.uid = u.id  WHERE ( tz_status = '1' ) LIMIT 0,5   [ RunTime:0.0004s ]
NOTIC: [8] Undefined variable: ren D:\www\matouPCS\Application\Home\Controller\IndexController.class.php 第 46 行.
NOTIC: [8] Undefined variable: fbys D:\www\matouPCS\Application\Home\Controller\IndexController.class.php 第 48 行.
NOTIC: [8] Undefined variable: fbyp D:\www\matouPCS\Application\Home\Controller\IndexController.class.php 第 50 行.
INFO: [ view_parse ] --START--
INFO: [ template_filter ] --START--
INFO: Run Behavior\ContentReplaceBehavior [ RunTime:0.000246s ]
INFO: [ template_filter ] --END-- [ RunTime:0.000302s ]
NOTIC: [8] Undefined index: username D:\www\matouPCS\Application\Runtime\Cache\Home\2a94b8bda04ff446dcedd42276fc99ee.php 第 123 行.
NOTIC: [8] Undefined variable: sp D:\www\matouPCS\Application\Runtime\Cache\Home\2a94b8bda04ff446dcedd42276fc99ee.php 第 202 行.
NOTIC: [8] Undefined variable: sp D:\www\matouPCS\Application\Runtime\Cache\Home\2a94b8bda04ff446dcedd42276fc99ee.php 第 204 行.
NOTIC: [8] Undefined variable: sp D:\www\matouPCS\Application\Runtime\Cache\Home\2a94b8bda04ff446dcedd42276fc99ee.php 第 212 行.
NOTIC: [8] Undefined variable: sp D:\www\matouPCS\Application\Runtime\Cache\Home\2a94b8bda04ff446dcedd42276fc99ee.php 第 214 行.
NOTIC: [8] Undefined index: id D:\www\matouPCS\Application\Runtime\Cache\Home\2a94b8bda04ff446dcedd42276fc99ee.php 第 1051 行.
NOTIC: [8] Undefined index: id D:\www\matouPCS\Application\Runtime\Cache\Home\2a94b8bda04ff446dcedd42276fc99ee.php 第 1051 行.
NOTIC: [8] Undefined index: id D:\www\matouPCS\Application\Runtime\Cache\Home\2a94b8bda04ff446dcedd42276fc99ee.php 第 1051 行.
NOTIC: [8] Undefined index: id D:\www\matouPCS\Application\Runtime\Cache\Home\2a94b8bda04ff446dcedd42276fc99ee.php 第 1051 行.
INFO: Run Behavior\ParseTemplateBehavior [ RunTime:0.026564s ]
INFO: [ view_parse ] --END-- [ RunTime:0.026622s ]
INFO: [ view_filter ] --START--
INFO: Run Behavior\WriteHtmlCacheBehavior [ RunTime:0.000389s ]
INFO: [ view_filter ] --END-- [ RunTime:0.000432s ]
INFO: [ app_end ] --START--
INFO: Run Behavior\ShowPageTraceBehavior [ RunTime:0.000647s ]
INFO: [ app_end ] --END-- [ RunTime:0.000699s ]

[ 2017-03-02T10:19:03+08:00 ] ::1 /matouPCS/?s=/Home/Xsdt
INFO: [ app_init ] --START--
INFO: Run Behavior\BuildLiteBehavior [ RunTime:0.000014s ]
INFO: [ app_init ] --END-- [ RunTime:0.000425s ]
INFO: [ app_begin ] --START--
INFO: Run Behavior\ReadHtmlCacheBehavior [ RunTime:0.000503s ]
INFO: [ app_begin ] --END-- [ RunTime:0.000568s ]
SQL: SHOW COLUMNS FROM `reward2` [ RunTime:0.0032s ]
SQL: SELECT * FROM reward2 as  r INNER JOIN reward1 as e on r.pid = e.psid  INNER JOIN  user as u on e.uid = u.id  ORDER BY e.psid desc LIMIT 0,3   [ RunTime:0.0004s ]
SQL: SHOW COLUMNS FROM `user` [ RunTime:0.0029s ]
SQL: SELECT * FROM user as u INNER JOIN forcee as f on f.uid = u.id  WHERE ( f.status = 2 ) ORDER BY f.collect desc LIMIT 0,4   [ RunTime:0.0005s ]
SQL: SHOW COLUMNS FROM `reward1` [ RunTime:0.0028s ]
SQL: SELECT * FROM `reward1`  [ RunTime:0.0002s ]
INFO: [ view_parse ] --START--
INFO: [ template_filter ] --START--
INFO: Run Behavior\ContentReplaceBehavior [ RunTime:0.000162s ]
INFO: [ template_filter ] --END-- [ RunTime:0.000222s ]
NOTIC: [8] Undefined index: username D:\www\matouPCS\Application\Runtime\Cache\Home\512f353e7cc5ac7bb6281b10a93262f7.php 第 130 行.
NOTIC: [8] Undefined variable: sp D:\www\matouPCS\Application\Runtime\Cache\Home\512f353e7cc5ac7bb6281b10a93262f7.php 第 214 行.
NOTIC: [8] Undefined variable: sp D:\www\matouPCS\Application\Runtime\Cache\Home\512f353e7cc5ac7bb6281b10a93262f7.php 第 216 行.
NOTIC: [8] Undefined variable: sp D:\www\matouPCS\Application\Runtime\Cache\Home\512f353e7cc5ac7bb6281b10a93262f7.php 第 224 行.
NOTIC: [8] Undefined variable: sp D:\www\matouPCS\Application\Runtime\Cache\Home\512f353e7cc5ac7bb6281b10a93262f7.php 第 226 行.
NOTIC: [8] Undefined index: id D:\www\matouPCS\Application\Runtime\Cache\Home\512f353e7cc5ac7bb6281b10a93262f7.php 第 812 行.
NOTIC: [8] Undefined index: type D:\www\matouPCS\Application\Runtime\Cache\Home\512f353e7cc5ac7bb6281b10a93262f7.php 第 821 行.
NOTIC: [8] Undefined index: id D:\www\matouPCS\Application\Runtime\Cache\Home\512f353e7cc5ac7bb6281b10a93262f7.php 第 812 行.
NOTIC: [8] Undefined index: type D:\www\matouPCS\Application\Runtime\Cache\Home\512f353e7cc5ac7bb6281b10a93262f7.php 第 821 行.
NOTIC: [8] Undefined index: id D:\www\matouPCS\Application\Runtime\Cache\Home\512f353e7cc5ac7bb6281b10a93262f7.php 第 812 行.
NOTIC: [8] Undefined index: type D:\www\matouPCS\Application\Runtime\Cache\Home\512f353e7cc5ac7bb6281b10a93262f7.php 第 821 行.
NOTIC: [8] Undefined index: id D:\www\matouPCS\Application\Runtime\Cache\Home\512f353e7cc5ac7bb6281b10a93262f7.php 第 812 行.
NOTIC: [8] Undefined index: type D:\www\matouPCS\Application\Runtime\Cache\Home\512f353e7cc5ac7bb6281b10a93262f7.php 第 821 行.
INFO: Run Behavior\ParseTemplateBehavior [ RunTime:0.013217s ]
INFO: [ view_parse ] --END-- [ RunTime:0.013263s ]
INFO: [ view_filter ] --START--
INFO: Run Behavior\WriteHtmlCacheBehavior [ RunTime:0.000320s ]
INFO: [ view_filter ] --END-- [ RunTime:0.000363s ]
INFO: [ app_end ] --START--
INFO: Run Behavior\ShowPageTraceBehavior [ RunTime:0.000533s ]
INFO: [ app_end ] --END-- [ RunTime:0.000586s ]

[ 2017-03-02T10:19:05+08:00 ] ::1 /matouPCS/?s=/Home/Box/orders&p=1&type=&sex=&age=&date=&address=&re=
INFO: [ app_init ] --START--
INFO: Run Behavior\BuildLiteBehavior [ RunTime:0.000014s ]
INFO: [ app_init ] --END-- [ RunTime:0.000370s ]
INFO: [ app_begin ] --START--
INFO: Run Behavior\ReadHtmlCacheBehavior [ RunTime:0.000408s ]
INFO: [ app_begin ] --END-- [ RunTime:0.000455s ]
SQL: SHOW COLUMNS FROM `reward2` [ RunTime:0.0033s ]
SQL: SELECT * FROM reward2 as r INNER JOIN reward1 as e on r.pid = e.psid   [ RunTime:0.0004s ]
SQL: SHOW COLUMNS FROM `reward1` [ RunTime:0.0029s ]
SQL: SELECT COUNT(*) AS tp_count FROM `reward1` LIMIT 1   [ RunTime:0.0020s ]
SQL: SHOW COLUMNS FROM `reward1` [ RunTime:0.0035s ]
SQL: SELECT * FROM reward1 as e INNER JOIN user as u on e.uid = u.id  ORDER BY  e.psid desc  LIMIT 0,10   [ RunTime:0.0005s ]
NOTIC: [2] Missing argument 1 for Think\PageAjax::show(), called in D:\www\matouPCS\Application\Home\Controller\BoxController.class.php on line 161 and defined D:\www\matouPCS\ThinkPHP\Library\Think\PageAjax.class.php 第 77 行.
NOTIC: [8] Undefined variable: url_replace D:\www\matouPCS\ThinkPHP\Library\Think\PageAjax.class.php 第 84 行.
INFO: [ view_parse ] --START--
INFO: [ template_filter ] --START--
INFO: Run Behavior\ContentReplaceBehavior [ RunTime:0.000043s ]
INFO: [ template_filter ] --END-- [ RunTime:0.000102s ]
INFO: Run Behavior\ParseTemplateBehavior [ RunTime:0.005996s ]
INFO: [ view_parse ] --END-- [ RunTime:0.006054s ]
INFO: [ view_filter ] --START--
INFO: Run Behavior\WriteHtmlCacheBehavior [ RunTime:0.000403s ]
INFO: [ view_filter ] --END-- [ RunTime:0.000452s ]
INFO: [ app_end ] --START--
INFO: Run Behavior\ShowPageTraceBehavior [ RunTime:0.000583s ]
INFO: [ app_end ] --END-- [ RunTime:0.000633s ]

[ 2017-03-02T10:19:12+08:00 ] ::1 /matouPCS/?s=/Home/Ysq
INFO: [ app_init ] --START--
INFO: Run Behavior\BuildLiteBehavior [ RunTime:0.000014s ]
INFO: [ app_init ] --END-- [ RunTime:0.000421s ]
INFO: [ app_begin ] --START--
INFO: Run Behavior\ReadHtmlCacheBehavior [ RunTime:0.000499s ]
INFO: [ app_begin ] --END-- [ RunTime:0.000550s ]
SQL: SHOW COLUMNS FROM `due` [ RunTime:0.0054s ]
SQL: SELECT * FROM `due`  [ RunTime:0.0003s ]
SQL: SHOW COLUMNS FROM `due` [ RunTime:0.0028s ]
SQL: SELECT * FROM due as d INNER JOIN user as u on d.uid = u.id  ORDER BY d.collect desc LIMIT 0,3   [ RunTime:0.0003s ]
SQL: SHOW COLUMNS FROM `forcee` [ RunTime:0.0027s ]
SQL: SELECT * FROM forcee as f INNER JOIN forceimage as r on f.id = r.pid  ORDER BY f.collect desc LIMIT 0,3   [ RunTime:0.0061s ]
INFO: [ view_parse ] --START--
INFO: [ template_filter ] --START--
INFO: Run Behavior\ContentReplaceBehavior [ RunTime:0.000141s ]
INFO: [ template_filter ] --END-- [ RunTime:0.000191s ]
NOTIC: [8] Undefined index: username D:\www\matouPCS\Application\Runtime\Cache\Home\008b062d5cb6dc7f5ac331e197d90535.php 第 119 行.
NOTIC: [8] Undefined variable: sp D:\www\matouPCS\Application\Runtime\Cache\Home\008b062d5cb6dc7f5ac331e197d90535.php 第 203 行.
NOTIC: [8] Undefined variable: sp D:\www\matouPCS\Application\Runtime\Cache\Home\008b062d5cb6dc7f5ac331e197d90535.php 第 205 行.
NOTIC: [8] Undefined variable: sp D:\www\matouPCS\Application\Runtime\Cache\Home\008b062d5cb6dc7f5ac331e197d90535.php 第 213 行.
NOTIC: [8] Undefined variable: sp D:\www\matouPCS\Application\Runtime\Cache\Home\008b062d5cb6dc7f5ac331e197d90535.php 第 215 行.
NOTIC: [8] Undefined index: type D:\www\matouPCS\Application\Runtime\Cache\Home\008b062d5cb6dc7f5ac331e197d90535.php 第 762 行.
NOTIC: [8] Undefined index: type D:\www\matouPCS\Application\Runtime\Cache\Home\008b062d5cb6dc7f5ac331e197d90535.php 第 762 行.
NOTIC: [8] Undefined index: type D:\www\matouPCS\Application\Runtime\Cache\Home\008b062d5cb6dc7f5ac331e197d90535.php 第 762 行.
INFO: Run Behavior\ParseTemplateBehavior [ RunTime:0.013212s ]
INFO: [ view_parse ] --END-- [ RunTime:0.013290s ]
INFO: [ view_filter ] --START--
INFO: Run Behavior\WriteHtmlCacheBehavior [ RunTime:0.000309s ]
INFO: [ view_filter ] --END-- [ RunTime:0.000355s ]
INFO: [ app_end ] --START--
INFO: Run Behavior\ShowPageTraceBehavior [ RunTime:0.000515s ]
INFO: [ app_end ] --END-- [ RunTime:0.000572s ]

[ 2017-03-02T10:19:13+08:00 ] ::1 /matouPCS/?s=/Home/Box/ysdt&p=1&type=&sex=&age=&bd=&date=
INFO: [ app_init ] --START--
INFO: Run Behavior\BuildLiteBehavior [ RunTime:0.000013s ]
INFO: [ app_init ] --END-- [ RunTime:0.000326s ]
INFO: [ app_begin ] --START--
INFO: Run Behavior\ReadHtmlCacheBehavior [ RunTime:0.000419s ]
INFO: [ app_begin ] --END-- [ RunTime:0.000465s ]
NOTIC: [8] Undefined variable: address D:\www\matouPCS\Application\Home\Controller\BoxController.class.php 第 256 行.
SQL: SHOW COLUMNS FROM `due` [ RunTime:0.0037s ]
NOTIC: [8] Undefined variable: where D:\www\matouPCS\Application\Home\Controller\BoxController.class.php 第 259 行.
SQL: SELECT COUNT(*) AS tp_count FROM due as d LIMIT 1   [ RunTime:0.0002s ]
SQL: SELECT * FROM due as d INNER JOIN user as u on d.uid = u.id INNER JOIN dueimage as m on d.did = m.pid INNER JOIN duevideo as v on d.did = v.pid INNER JOIN due_dang as a on a.pid = d.did  LIMIT 0,10   [ RunTime:0.0061s ]
NOTIC: [2] Missing argument 1 for Think\PageAjax::show(), called in D:\www\matouPCS\Application\Home\Controller\BoxController.class.php on line 384 and defined D:\www\matouPCS\ThinkPHP\Library\Think\PageAjax.class.php 第 77 行.
NOTIC: [8] Undefined variable: url_replace D:\www\matouPCS\ThinkPHP\Library\Think\PageAjax.class.php 第 84 行.
NOTIC: [8] Undefined variable: data D:\www\matouPCS\Application\Home\Controller\BoxController.class.php 第 387 行.
INFO: [ view_parse ] --START--
INFO: [ template_filter ] --START--
INFO: Run Behavior\ContentReplaceBehavior [ RunTime:0.000037s ]
INFO: [ template_filter ] --END-- [ RunTime:0.000080s ]
INFO: Run Behavior\ParseTemplateBehavior [ RunTime:0.006105s ]
INFO: [ view_parse ] --END-- [ RunTime:0.006154s ]
INFO: [ view_filter ] --START--
INFO: Run Behavior\WriteHtmlCacheBehavior [ RunTime:0.000308s ]
INFO: [ view_filter ] --END-- [ RunTime:0.000347s ]
INFO: [ app_end ] --START--
INFO: Run Behavior\ShowPageTraceBehavior [ RunTime:0.000482s ]
INFO: [ app_end ] --END-- [ RunTime:0.000526s ]

[ 2017-03-02T10:19:18+08:00 ] ::1 /matouPCS/?s=/Home/Zpdt1/index/type/0
INFO: [ app_init ] --START--
INFO: Run Behavior\BuildLiteBehavior [ RunTime:0.000014s ]
INFO: [ app_init ] --END-- [ RunTime:0.000452s ]
INFO: [ app_begin ] --START--
INFO: Run Behavior\ReadHtmlCacheBehavior [ RunTime:0.000523s ]
INFO: [ app_begin ] --END-- [ RunTime:0.000573s ]
SQL: SHOW COLUMNS FROM `recruit1` [ RunTime:0.0047s ]
SQL: SELECT * FROM `recruit1`  [ RunTime:0.0016s ]
SQL: SHOW COLUMNS FROM `recruit2` [ RunTime:0.0055s ]
SQL: SELECT * FROM recruit2 as  r INNER JOIN recruit1 as e on r.pid = e.rid  INNER JOIN  user as u on e.uid = u.id INNER JOIN forcee as f on f.uid = u.id  ORDER BY r.id desc LIMIT 0,3   [ RunTime:0.0035s ]
NOTIC: [8] Undefined variable: list D:\www\matouPCS\Application\Home\Controller\Zpdt1Controller.class.php 第 15 行.
SQL: SHOW COLUMNS FROM `forcee` [ RunTime:0.0029s ]
SQL: SELECT * FROM forcee as f INNER JOIN forceimage as r on f.id = r.pid  ORDER BY f.collect desc LIMIT 0,3   [ RunTime:0.0030s ]
INFO: [ view_parse ] --START--
INFO: [ template_filter ] --START--
INFO: Run Behavior\ContentReplaceBehavior [ RunTime:0.000231s ]
INFO: [ template_filter ] --END-- [ RunTime:0.000305s ]
NOTIC: [8] Undefined index: username D:\www\matouPCS\Application\Runtime\Cache\Home\96c30227530d2a0f3f48e98d8099d90e.php 第 117 行.
NOTIC: [8] Undefined variable: sp D:\www\matouPCS\Application\Runtime\Cache\Home\96c30227530d2a0f3f48e98d8099d90e.php 第 201 行.
NOTIC: [8] Undefined variable: sp D:\www\matouPCS\Application\Runtime\Cache\Home\96c30227530d2a0f3f48e98d8099d90e.php 第 203 行.
NOTIC: [8] Undefined variable: sp D:\www\matouPCS\Application\Runtime\Cache\Home\96c30227530d2a0f3f48e98d8099d90e.php 第 211 行.
NOTIC: [8] Undefined variable: sp D:\www\matouPCS\Application\Runtime\Cache\Home\96c30227530d2a0f3f48e98d8099d90e.php 第 213 行.
NOTIC: [8] Undefined index: id D:\www\matouPCS\Application\Runtime\Cache\Home\96c30227530d2a0f3f48e98d8099d90e.php 第 777 行.
NOTIC: [8] Undefined index: type D:\www\matouPCS\Application\Runtime\Cache\Home\96c30227530d2a0f3f48e98d8099d90e.php 第 786 行.
NOTIC: [8] Undefined index: id D:\www\matouPCS\Application\Runtime\Cache\Home\96c30227530d2a0f3f48e98d8099d90e.php 第 777 行.
NOTIC: [8] Undefined index: type D:\www\matouPCS\Application\Runtime\Cache\Home\96c30227530d2a0f3f48e98d8099d90e.php 第 786 行.
NOTIC: [8] Undefined index: id D:\www\matouPCS\Application\Runtime\Cache\Home\96c30227530d2a0f3f48e98d8099d90e.php 第 777 行.
NOTIC: [8] Undefined index: type D:\www\matouPCS\Application\Runtime\Cache\Home\96c30227530d2a0f3f48e98d8099d90e.php 第 786 行.
INFO: Run Behavior\ParseTemplateBehavior [ RunTime:0.015987s ]
INFO: [ view_parse ] --END-- [ RunTime:0.016058s ]
INFO: [ view_filter ] --START--
INFO: Run Behavior\WriteHtmlCacheBehavior [ RunTime:0.000360s ]
INFO: [ view_filter ] --END-- [ RunTime:0.000411s ]
INFO: [ app_end ] --START--
INFO: Run Behavior\ShowPageTraceBehavior [ RunTime:0.000628s ]
INFO: [ app_end ] --END-- [ RunTime:0.000688s ]

[ 2017-03-02T10:19:19+08:00 ] ::1 /matouPCS/?s=/Home/Box/zpdt&p=1&type=&sex=&age=&worktime=&rzbd=&address=
INFO: [ app_init ] --START--
INFO: Run Behavior\BuildLiteBehavior [ RunTime:0.000016s ]
INFO: [ app_init ] --END-- [ RunTime:0.000394s ]
INFO: [ app_begin ] --START--
INFO: Run Behavior\ReadHtmlCacheBehavior [ RunTime:0.000513s ]
INFO: [ app_begin ] --END-- [ RunTime:0.000568s ]
SQL: SHOW COLUMNS FROM `recruit1` [ RunTime:0.0038s ]
SQL: SELECT COUNT(*) AS tp_count FROM `recruit1` LIMIT 1   [ RunTime:0.0002s ]
SQL: SHOW COLUMNS FROM `recruit2` [ RunTime:0.0028s ]
SQL: SELECT * FROM `recruit2`  [ RunTime:0.0003s ]
SQL: SHOW COLUMNS FROM `recruit1` [ RunTime:0.0025s ]
SQL: SELECT * FROM recruit1 as e INNER JOIN user as u on e.uid = u.id INNER JOIN forcee as f on f.uid = u.id  ORDER BY e.rid desc LIMIT 0,10   [ RunTime:0.0028s ]
NOTIC: [8] Undefined offset: 0 D:\www\matouPCS\Application\Home\Controller\BoxController.class.php 第 567 行.
NOTIC: [8] Undefined offset: 0 D:\www\matouPCS\Application\Home\Controller\BoxController.class.php 第 567 行.
NOTIC: [8] Undefined offset: 0 D:\www\matouPCS\Application\Home\Controller\BoxController.class.php 第 567 行.
NOTIC: [8] Undefined offset: 0 D:\www\matouPCS\Application\Home\Controller\BoxController.class.php 第 567 行.
NOTIC: [2] Missing argument 1 for Think\PageAjax::show(), called in D:\www\matouPCS\Application\Home\Controller\BoxController.class.php on line 573 and defined D:\www\matouPCS\ThinkPHP\Library\Think\PageAjax.class.php 第 77 行.
NOTIC: [8] Undefined variable: url_replace D:\www\matouPCS\ThinkPHP\Library\Think\PageAjax.class.php 第 84 行.
INFO: [ view_parse ] --START--
INFO: [ template_filter ] --START--
INFO: Run Behavior\ContentReplaceBehavior [ RunTime:0.000038s ]
INFO: [ template_filter ] --END-- [ RunTime:0.000085s ]
NOTIC: [8] Undefined index: date D:\www\matouPCS\Application\Runtime\Cache\Home\2b51774f85e06f5bcc90569668a884c3.php 第 32 行.
NOTIC: [8] Undefined index: date D:\www\matouPCS\Application\Runtime\Cache\Home\2b51774f85e06f5bcc90569668a884c3.php 第 32 行.
NOTIC: [8] Undefined index: date D:\www\matouPCS\Application\Runtime\Cache\Home\2b51774f85e06f5bcc90569668a884c3.php 第 32 行.
NOTIC: [8] Undefined index: date D:\www\matouPCS\Application\Runtime\Cache\Home\2b51774f85e06f5bcc90569668a884c3.php 第 32 行.
NOTIC: [8] Undefined index: date D:\www\matouPCS\Application\Runtime\Cache\Home\2b51774f85e06f5bcc90569668a884c3.php 第 32 行.
NOTIC: [8] Undefined index: date D:\www\matouPCS\Application\Runtime\Cache\Home\2b51774f85e06f5bcc90569668a884c3.php 第 32 行.
INFO: Run Behavior\ParseTemplateBehavior [ RunTime:0.007087s ]
INFO: [ view_parse ] --END-- [ RunTime:0.007130s ]
INFO: [ view_filter ] --START--
INFO: Run Behavior\WriteHtmlCacheBehavior [ RunTime:0.000316s ]
INFO: [ view_filter ] --END-- [ RunTime:0.000357s ]
INFO: [ app_end ] --START--
INFO: Run Behavior\ShowPageTraceBehavior [ RunTime:0.000502s ]
INFO: [ app_end ] --END-- [ RunTime:0.000545s ]

[ 2017-03-02T10:19:41+08:00 ] ::1 /matouPCS/?s=/Home/Mtbu
INFO: [ app_init ] --START--
INFO: Run Behavior\BuildLiteBehavior [ RunTime:0.000013s ]
INFO: [ app_init ] --END-- [ RunTime:0.000431s ]
INFO: [ app_begin ] --START--
INFO: Run Behavior\ReadHtmlCacheBehavior [ RunTime:0.000661s ]
INFO: [ app_begin ] --END-- [ RunTime:0.000741s ]
SQL: SHOW COLUMNS FROM `dongtai` [ RunTime:0.0057s ]
SQL: SELECT * FROM dongtai as d INNER JOIN user as u on d.uid = u.id INNER JOIN dongimage as i on d.did = i.pid  ORDER BY d.did desc LIMIT 0,2   [ RunTime:0.0058s ]
SQL: SHOW COLUMNS FROM `forcee` [ RunTime:0.0033s ]
SQL: SELECT * FROM forcee as f INNER JOIN forceimage as r on f.id = r.pid INNER JOIN user as u on u.id = f.uid  ORDER BY f.collect desc LIMIT 0,2   [ RunTime:0.0027s ]
INFO: [ view_parse ] --START--
INFO: [ template_filter ] --START--
INFO: Run Behavior\ContentReplaceBehavior [ RunTime:0.000146s ]
INFO: [ template_filter ] --END-- [ RunTime:0.000194s ]
NOTIC: [8] Undefined index: username D:\www\matouPCS\Application\Runtime\Cache\Home\01d3854d943345ccb8aef8c7ad49f784.php 第 123 行.
NOTIC: [8] Undefined variable: sp D:\www\matouPCS\Application\Runtime\Cache\Home\01d3854d943345ccb8aef8c7ad49f784.php 第 207 行.
NOTIC: [8] Undefined variable: sp D:\www\matouPCS\Application\Runtime\Cache\Home\01d3854d943345ccb8aef8c7ad49f784.php 第 209 行.
NOTIC: [8] Undefined variable: sp D:\www\matouPCS\Application\Runtime\Cache\Home\01d3854d943345ccb8aef8c7ad49f784.php 第 217 行.
NOTIC: [8] Undefined variable: sp D:\www\matouPCS\Application\Runtime\Cache\Home\01d3854d943345ccb8aef8c7ad49f784.php 第 219 行.
NOTIC: [8] Undefined index: type D:\www\matouPCS\Application\Runtime\Cache\Home\01d3854d943345ccb8aef8c7ad49f784.php 第 889 行.
NOTIC: [8] Undefined index: type D:\www\matouPCS\Application\Runtime\Cache\Home\01d3854d943345ccb8aef8c7ad49f784.php 第 889 行.
INFO: Run Behavior\ParseTemplateBehavior [ RunTime:0.011874s ]
INFO: [ view_parse ] --END-- [ RunTime:0.011933s ]
INFO: [ view_filter ] --START--
INFO: Run Behavior\WriteHtmlCacheBehavior [ RunTime:0.000516s ]
INFO: [ view_filter ] --END-- [ RunTime:0.000591s ]
INFO: [ app_end ] --START--
INFO: Run Behavior\ShowPageTraceBehavior [ RunTime:0.000603s ]
INFO: [ app_end ] --END-- [ RunTime:0.000674s ]

[ 2017-03-02T10:19:42+08:00 ] ::1 /matouPCS/?s=/Home/Box/bddz&address=
INFO: [ app_init ] --START--
INFO: Run Behavior\BuildLiteBehavior [ RunTime:0.000015s ]
INFO: [ app_init ] --END-- [ RunTime:0.000425s ]
INFO: [ app_begin ] --START--
INFO: Run Behavior\ReadHtmlCacheBehavior [ RunTime:0.000535s ]
INFO: [ app_begin ] --END-- [ RunTime:0.000589s ]
SQL: SHOW COLUMNS FROM `dongtai` [ RunTime:0.0031s ]
SQL: SELECT * FROM dongtai as d INNER JOIN user as u on d.uid = u.id INNER JOIN dongimage as i on d.did = i.pid  ORDER BY d.did desc LIMIT 0,2   [ RunTime:0.0025s ]
INFO: [ view_parse ] --START--
INFO: [ template_filter ] --START--
INFO: Run Behavior\ContentReplaceBehavior [ RunTime:0.000042s ]
INFO: [ template_filter ] --END-- [ RunTime:0.000150s ]
INFO: Run Behavior\ParseTemplateBehavior [ RunTime:0.005383s ]
INFO: [ view_parse ] --END-- [ RunTime:0.005436s ]
INFO: [ view_filter ] --START--
INFO: Run Behavior\WriteHtmlCacheBehavior [ RunTime:0.000330s ]
INFO: [ view_filter ] --END-- [ RunTime:0.000370s ]
INFO: [ app_end ] --START--
INFO: Run Behavior\ShowPageTraceBehavior [ RunTime:0.000508s ]
INFO: [ app_end ] --END-- [ RunTime:0.000553s ]

[ 2017-03-02T10:19:46+08:00 ] ::1 /matouPCS/?s=/Home/Mtbu/dongtaidi
INFO: [ app_init ] --START--
INFO: Run Behavior\BuildLiteBehavior [ RunTime:0.000013s ]
INFO: [ app_init ] --END-- [ RunTime:0.000403s ]
INFO: [ app_begin ] --START--
INFO: Run Behavior\ReadHtmlCacheBehavior [ RunTime:0.000528s ]
INFO: [ app_begin ] --END-- [ RunTime:0.000616s ]
SQL: SHOW COLUMNS FROM `forcee` [ RunTime:0.0029s ]
SQL: SELECT * FROM forcee as f INNER JOIN forceimage as r on f.id = r.pid INNER JOIN user as u on u.id = f.uid  WHERE ( f.type_bd = '表演团' ) ORDER BY f.id LIMIT 0,3   [ RunTime:0.0027s ]

[ 2017-03-02T10:19:51+08:00 ] ::1 /matouPCS/?s=/Home/Mtbu/dongtaidi
INFO: [ app_init ] --START--
INFO: Run Behavior\BuildLiteBehavior [ RunTime:0.000012s ]
INFO: [ app_init ] --END-- [ RunTime:0.000420s ]
INFO: [ app_begin ] --START--
INFO: Run Behavior\ReadHtmlCacheBehavior [ RunTime:0.000496s ]
INFO: [ app_begin ] --END-- [ RunTime:0.000545s ]
SQL: SHOW COLUMNS FROM `forcee` [ RunTime:0.0037s ]
SQL: SELECT * FROM forcee as f INNER JOIN forceimage as r on f.id = r.pid INNER JOIN user as u on u.id = f.uid  WHERE ( f.type_bd = '婚庆公司' ) ORDER BY f.id LIMIT 0,3   [ RunTime:0.0032s ]

[ 2017-03-02T10:19:52+08:00 ] ::1 /matouPCS/?s=/Home/Mtbu/dongtaidi
INFO: [ app_init ] --START--
INFO: Run Behavior\BuildLiteBehavior [ RunTime:0.000016s ]
INFO: [ app_init ] --END-- [ RunTime:0.000428s ]
INFO: [ app_begin ] --START--
INFO: Run Behavior\ReadHtmlCacheBehavior [ RunTime:0.000520s ]
INFO: [ app_begin ] --END-- [ RunTime:0.000582s ]
SQL: SHOW COLUMNS FROM `forcee` [ RunTime:0.0032s ]
SQL: SELECT * FROM forcee as f INNER JOIN forceimage as r on f.id = r.pid INNER JOIN user as u on u.id = f.uid  WHERE ( f.type_bd = '影楼' ) ORDER BY f.id LIMIT 0,3   [ RunTime:0.0025s ]

[ 2017-03-02T10:19:54+08:00 ] ::1 /matouPCS/?s=/Home/Mtbu/dongtaidi
INFO: [ app_init ] --START--
INFO: Run Behavior\BuildLiteBehavior [ RunTime:0.000013s ]
INFO: [ app_init ] --END-- [ RunTime:0.000421s ]
INFO: [ app_begin ] --START--
INFO: Run Behavior\ReadHtmlCacheBehavior [ RunTime:0.000497s ]
INFO: [ app_begin ] --END-- [ RunTime:0.000546s ]
SQL: SHOW COLUMNS FROM `forcee` [ RunTime:0.0033s ]
SQL: SELECT * FROM forcee as f INNER JOIN forceimage as r on f.id = r.pid INNER JOIN user as u on u.id = f.uid  WHERE ( f.type_bd = '表演团' ) ORDER BY f.id LIMIT 0,3   [ RunTime:0.0029s ]

[ 2017-03-02T10:19:55+08:00 ] ::1 /matouPCS/?s=/Home/Mtbu/dongtaidi
INFO: [ app_init ] --START--
INFO: Run Behavior\BuildLiteBehavior [ RunTime:0.000013s ]
INFO: [ app_init ] --END-- [ RunTime:0.000446s ]
INFO: [ app_begin ] --START--
INFO: Run Behavior\ReadHtmlCacheBehavior [ RunTime:0.000565s ]
INFO: [ app_begin ] --END-- [ RunTime:0.000615s ]
SQL: SHOW COLUMNS FROM `forcee` [ RunTime:0.0033s ]
SQL: SELECT * FROM forcee as f INNER JOIN forceimage as r on f.id = r.pid INNER JOIN user as u on u.id = f.uid  WHERE ( f.type_bd = '工作室' ) ORDER BY f.id LIMIT 0,3   [ RunTime:0.0032s ]

[ 2017-03-02T10:20:04+08:00 ] ::1 /matouPCS/?s=/Home/Tjcs/spxq/id/7
INFO: [ app_init ] --START--
INFO: Run Behavior\BuildLiteBehavior [ RunTime:0.000023s ]
INFO: [ app_init ] --END-- [ RunTime:0.000625s ]
INFO: [ app_begin ] --START--
INFO: Run Behavior\ReadHtmlCacheBehavior [ RunTime:0.000502s ]
INFO: [ app_begin ] --END-- [ RunTime:0.000557s ]
SQL: SHOW COLUMNS FROM `shop` [ RunTime:0.0032s ]
SQL: SELECT * FROM shop as c INNER JOIN user as u on c.uid = u.id  WHERE ( c.id=7 )  [ RunTime:0.0005s ]
SQL: SHOW COLUMNS FROM `commodity` [ RunTime:0.0049s ]
SQL: SELECT * FROM commodity as c INNER JOIN comimage as m on c.id = m.psid  WHERE ( pid=7 )  [ RunTime:0.0025s ]
SQL: SHOW COLUMNS FROM `shop_liuyan` [ RunTime:0.0045s ]
SQL: SELECT * FROM shop_liuyan as s INNER JOIN user as u on s.uid = u.id  WHERE ( s.sid = 7 ) ORDER BY s.id desc LIMIT 0,3   [ RunTime:0.0047s ]
INFO: [ view_parse ] --START--
INFO: [ template_filter ] --START--
INFO: Run Behavior\ContentReplaceBehavior [ RunTime:0.000129s ]
INFO: [ template_filter ] --END-- [ RunTime:0.000183s ]
NOTIC: [8] Undefined index: username D:\www\matouPCS\Application\Runtime\Cache\Home\b58e02491b2a48f58b374f579a680aa9.php 第 114 行.
NOTIC: [8] Undefined variable: sp D:\www\matouPCS\Application\Runtime\Cache\Home\b58e02491b2a48f58b374f579a680aa9.php 第 198 行.
NOTIC: [8] Undefined variable: sp D:\www\matouPCS\Application\Runtime\Cache\Home\b58e02491b2a48f58b374f579a680aa9.php 第 200 行.
NOTIC: [8] Undefined variable: sp D:\www\matouPCS\Application\Runtime\Cache\Home\b58e02491b2a48f58b374f579a680aa9.php 第 208 行.
NOTIC: [8] Undefined variable: sp D:\www\matouPCS\Application\Runtime\Cache\Home\b58e02491b2a48f58b374f579a680aa9.php 第 210 行.
NOTIC: [8] Undefined index: id D:\www\matouPCS\Application\Runtime\Cache\Home\b58e02491b2a48f58b374f579a680aa9.php 第 529 行.
NOTIC: [8] Undefined index: type D:\www\matouPCS\Application\Runtime\Cache\Home\b58e02491b2a48f58b374f579a680aa9.php 第 681 行.
NOTIC: [8] Undefined index: time D:\www\matouPCS\Application\Runtime\Cache\Home\b58e02491b2a48f58b374f579a680aa9.php 第 690 行.
INFO: Run Behavior\ParseTemplateBehavior [ RunTime:0.013206s ]
INFO: [ view_parse ] --END-- [ RunTime:0.013254s ]
INFO: [ view_filter ] --START--
INFO: Run Behavior\WriteHtmlCacheBehavior [ RunTime:0.000388s ]
INFO: [ view_filter ] --END-- [ RunTime:0.000431s ]
INFO: [ app_end ] --START--
INFO: Run Behavior\ShowPageTraceBehavior [ RunTime:0.000609s ]
INFO: [ app_end ] --END-- [ RunTime:0.000674s ]

[ 2017-03-02T10:20:10+08:00 ] ::1 /matouPCS/?s=/Home/Tjcs/spxq/id/2
INFO: [ app_init ] --START--
INFO: Run Behavior\BuildLiteBehavior [ RunTime:0.000014s ]
INFO: [ app_init ] --END-- [ RunTime:0.000413s ]
INFO: [ app_begin ] --START--
INFO: Run Behavior\ReadHtmlCacheBehavior [ RunTime:0.000502s ]
INFO: [ app_begin ] --END-- [ RunTime:0.000557s ]
SQL: SHOW COLUMNS FROM `shop` [ RunTime:0.0035s ]
SQL: SELECT * FROM shop as c INNER JOIN user as u on c.uid = u.id  WHERE ( c.id=2 )  [ RunTime:0.0004s ]
SQL: SHOW COLUMNS FROM `commodity` [ RunTime:0.0030s ]
SQL: SELECT * FROM commodity as c INNER JOIN comimage as m on c.id = m.psid  WHERE ( pid=2 )  [ RunTime:0.0006s ]
SQL: SHOW COLUMNS FROM `shop_liuyan` [ RunTime:0.0026s ]
SQL: SELECT * FROM shop_liuyan as s INNER JOIN user as u on s.uid = u.id  WHERE ( s.sid = 2 ) ORDER BY s.id desc LIMIT 0,3   [ RunTime:0.0032s ]
INFO: [ view_parse ] --START--
INFO: [ template_filter ] --START--
INFO: Run Behavior\ContentReplaceBehavior [ RunTime:0.000133s ]
INFO: [ template_filter ] --END-- [ RunTime:0.000190s ]
NOTIC: [8] Undefined index: username D:\www\matouPCS\Application\Runtime\Cache\Home\b58e02491b2a48f58b374f579a680aa9.php 第 114 行.
NOTIC: [8] Undefined variable: sp D:\www\matouPCS\Application\Runtime\Cache\Home\b58e02491b2a48f58b374f579a680aa9.php 第 198 行.
NOTIC: [8] Undefined variable: sp D:\www\matouPCS\Application\Runtime\Cache\Home\b58e02491b2a48f58b374f579a680aa9.php 第 200 行.
NOTIC: [8] Undefined variable: sp D:\www\matouPCS\Application\Runtime\Cache\Home\b58e02491b2a48f58b374f579a680aa9.php 第 208 行.
NOTIC: [8] Undefined variable: sp D:\www\matouPCS\Application\Runtime\Cache\Home\b58e02491b2a48f58b374f579a680aa9.php 第 210 行.
NOTIC: [8] Undefined index: id D:\www\matouPCS\Application\Runtime\Cache\Home\b58e02491b2a48f58b374f579a680aa9.php 第 529 行.
NOTIC: [8] Undefined index: type D:\www\matouPCS\Application\Runtime\Cache\Home\b58e02491b2a48f58b374f579a680aa9.php 第 681 行.
NOTIC: [8] Undefined index: time D:\www\matouPCS\Application\Runtime\Cache\Home\b58e02491b2a48f58b374f579a680aa9.php 第 690 行.
NOTIC: [8] Undefined index: type D:\www\matouPCS\Application\Runtime\Cache\Home\b58e02491b2a48f58b374f579a680aa9.php 第 681 行.
NOTIC: [8] Undefined index: time D:\www\matouPCS\Application\Runtime\Cache\Home\b58e02491b2a48f58b374f579a680aa9.php 第 690 行.
NOTIC: [8] Undefined index: type D:\www\matouPCS\Application\Runtime\Cache\Home\b58e02491b2a48f58b374f579a680aa9.php 第 681 行.
NOTIC: [8] Undefined index: time D:\www\matouPCS\Application\Runtime\Cache\Home\b58e02491b2a48f58b374f579a680aa9.php 第 690 行.
INFO: Run Behavior\ParseTemplateBehavior [ RunTime:0.012743s ]
INFO: [ view_parse ] --END-- [ RunTime:0.012792s ]
INFO: [ view_filter ] --START--
INFO: Run Behavior\WriteHtmlCacheBehavior [ RunTime:0.000318s ]
INFO: [ view_filter ] --END-- [ RunTime:0.000359s ]
INFO: [ app_end ] --START--
INFO: Run Behavior\ShowPageTraceBehavior [ RunTime:0.000596s ]
INFO: [ app_end ] --END-- [ RunTime:0.000670s ]

[ 2017-03-02T10:20:13+08:00 ] ::1 /matouPCS/?s=/Home/Mtbu/spbddydt/id/2
INFO: [ app_init ] --START--
INFO: Run Behavior\BuildLiteBehavior [ RunTime:0.000012s ]
INFO: [ app_init ] --END-- [ RunTime:0.000394s ]
INFO: [ app_begin ] --START--
INFO: Run Behavior\ReadHtmlCacheBehavior [ RunTime:0.000535s ]
INFO: [ app_begin ] --END-- [ RunTime:0.000588s ]
SQL: SHOW COLUMNS FROM `shop` [ RunTime:0.0033s ]
SQL: SELECT * FROM shop as s INNER JOIN user as u on s.uid = u.id  WHERE ( s.id = 2 ) LIMIT 1   [ RunTime:0.0004s ]
SQL: SHOW COLUMNS FROM `shop_liuyan` [ RunTime:0.0029s ]
SQL: SELECT * FROM shop_liuyan as s INNER JOIN user as u on s.uid = u.id  WHERE ( s.sid = 2 ) ORDER BY s.id desc LIMIT 0,3   [ RunTime:0.0025s ]
SQL: SHOW COLUMNS FROM `shop` [ RunTime:0.0027s ]
SQL: SELECT * FROM `shop` WHERE ( id = 2 )  [ RunTime:0.0003s ]
SQL: SHOW COLUMNS FROM `dongtai` [ RunTime:0.0030s ]
SQL: SELECT * FROM dongtai as d INNER JOIN user as u on d.uid = u.id INNER JOIN dongimage as i on d.did = i.pid  WHERE ( d.uid = 13 ) ORDER BY d.did desc LIMIT 1   [ RunTime:0.0023s ]
INFO: [ view_parse ] --START--
INFO: [ template_filter ] --START--
INFO: Run Behavior\ContentReplaceBehavior [ RunTime:0.000322s ]
INFO: [ template_filter ] --END-- [ RunTime:0.000381s ]
NOTIC: [8] Undefined index: username D:\www\matouPCS\Application\Runtime\Cache\Home\1059204452d19bf5271e5c76532396dc.php 第 111 行.
NOTIC: [8] Undefined index: status D:\www\matouPCS\Application\Runtime\Cache\Home\1059204452d19bf5271e5c76532396dc.php 第 195 行.
NOTIC: [8] Undefined index: status D:\www\matouPCS\Application\Runtime\Cache\Home\1059204452d19bf5271e5c76532396dc.php 第 197 行.
NOTIC: [8] Undefined index: status D:\www\matouPCS\Application\Runtime\Cache\Home\1059204452d19bf5271e5c76532396dc.php 第 205 行.
NOTIC: [8] Undefined index: status D:\www\matouPCS\Application\Runtime\Cache\Home\1059204452d19bf5271e5c76532396dc.php 第 207 行.
NOTIC: [8] Use of undefined constant username - assumed 'username' D:\www\matouPCS\Application\Runtime\Cache\Home\1059204452d19bf5271e5c76532396dc.php 第 492 行.
NOTIC: [8] Use of undefined constant tel - assumed 'tel' D:\www\matouPCS\Application\Runtime\Cache\Home\1059204452d19bf5271e5c76532396dc.php 第 492 行.
NOTIC: [8] Use of undefined constant username - assumed 'username' D:\www\matouPCS\Application\Runtime\Cache\Home\1059204452d19bf5271e5c76532396dc.php 第 493 行.
NOTIC: [8] Use of undefined constant tel - assumed 'tel' D:\www\matouPCS\Application\Runtime\Cache\Home\1059204452d19bf5271e5c76532396dc.php 第 493 行.
NOTIC: [8] Undefined index: time D:\www\matouPCS\Application\Runtime\Cache\Home\1059204452d19bf5271e5c76532396dc.php 第 695 行.
NOTIC: [8] Undefined index: time D:\www\matouPCS\Application\Runtime\Cache\Home\1059204452d19bf5271e5c76532396dc.php 第 695 行.
NOTIC: [8] Undefined index: time D:\www\matouPCS\Application\Runtime\Cache\Home\1059204452d19bf5271e5c76532396dc.php 第 695 行.
INFO: Run Behavior\ParseTemplateBehavior [ RunTime:0.022430s ]
INFO: [ view_parse ] --END-- [ RunTime:0.022479s ]
INFO: [ view_filter ] --START--
INFO: Run Behavior\WriteHtmlCacheBehavior [ RunTime:0.000322s ]
INFO: [ view_filter ] --END-- [ RunTime:0.000367s ]
INFO: [ app_end ] --START--
INFO: Run Behavior\ShowPageTraceBehavior [ RunTime:0.000540s ]
INFO: [ app_end ] --END-- [ RunTime:0.000594s ]

[ 2017-03-02T10:20:17+08:00 ] ::1 /matouPCS/?s=/Home/Mtbu/spbddyxq/id/2
INFO: [ app_init ] --START--
INFO: Run Behavior\BuildLiteBehavior [ RunTime:0.000012s ]
INFO: [ app_init ] --END-- [ RunTime:0.000403s ]
INFO: [ app_begin ] --START--
INFO: Run Behavior\ReadHtmlCacheBehavior [ RunTime:0.000624s ]
INFO: [ app_begin ] --END-- [ RunTime:0.000695s ]
SQL: SHOW COLUMNS FROM `shop` [ RunTime:0.0033s ]
SQL: SELECT * FROM `shop` WHERE ( id = 2 )  [ RunTime:0.0004s ]
SQL: SHOW COLUMNS FROM `shop` [ RunTime:0.0033s ]
SQL: SELECT * FROM shop as s INNER JOIN user as u on u.id = s.uid  WHERE ( s.id = 2 ) LIMIT 1   [ RunTime:0.0004s ]
SQL: SELECT * FROM shop as s INNER JOIN reward1 as e on s.uid = e.uid  WHERE ( s.id = 2 )  [ RunTime:0.0003s ]
SQL: SELECT * FROM shop as s INNER JOIN reward2 as r on s.uid = r.usid  WHERE ( s.id = 2 )  [ RunTime:0.0003s ]
SQL: SELECT * FROM shop as s INNER JOIN due as d on s.uid = d.uid  WHERE (  s.id = 2  )  [ RunTime:0.0004s ]
SQL: SELECT * FROM shop as s INNER JOIN recruit1 as e on s.uid = e.uid  WHERE ( s.id = 2 )  [ RunTime:0.0003s ]
SQL: SELECT * FROM shop as s INNER JOIN recruit2 as r on s.uid = r.usid  WHERE (  s.id = 2  )  [ RunTime:0.0003s ]
SQL: SELECT * FROM shop as s INNER JOIN employ as e on s.uid = e.uid INNER JOIN employwork as r on r.pid = e.eid  WHERE ( s.id = 2 )  [ RunTime:0.0043s ]
SQL: SELECT * FROM shop as s INNER JOIN flea as e on e.uid = s.uid  WHERE ( s.id = 2 and e.type = 1 )  [ RunTime:0.0004s ]
SQL: SELECT * FROM shop as s INNER JOIN flea as e on e.uid = s.uid  WHERE ( s.id = 2 and e.type = 2 )  [ RunTime:0.0003s ]
SQL: SHOW COLUMNS FROM `shop_liuyan` [ RunTime:0.0025s ]
SQL: SELECT * FROM shop_liuyan as s INNER JOIN user as u on s.uid = u.id  WHERE ( s.sid = 2 ) ORDER BY s.id desc LIMIT 0,3   [ RunTime:0.0027s ]
SQL: SELECT * FROM shop as s INNER JOIN user as u on s.uid = u.id  WHERE ( s.id = 2 ) LIMIT 1   [ RunTime:0.0003s ]
INFO: [ view_parse ] --START--
INFO: [ template_filter ] --START--
INFO: Run Behavior\ContentReplaceBehavior [ RunTime:0.000359s ]
INFO: [ template_filter ] --END-- [ RunTime:0.000455s ]
NOTIC: [8] Use of undefined constant username - assumed 'username' D:\www\matouPCS\Application\Runtime\Cache\Home\cadee8d58bf28f82714a76742a4d581c.php 第 104 行.
NOTIC: [8] Use of undefined constant tel - assumed 'tel' D:\www\matouPCS\Application\Runtime\Cache\Home\cadee8d58bf28f82714a76742a4d581c.php 第 104 行.
NOTIC: [8] Use of undefined constant username - assumed 'username' D:\www\matouPCS\Application\Runtime\Cache\Home\cadee8d58bf28f82714a76742a4d581c.php 第 105 行.
NOTIC: [8] Use of undefined constant tel - assumed 'tel' D:\www\matouPCS\Application\Runtime\Cache\Home\cadee8d58bf28f82714a76742a4d581c.php 第 105 行.
NOTIC: [8] Use of undefined constant bdlx - assumed 'bdlx' D:\www\matouPCS\Application\Runtime\Cache\Home\cadee8d58bf28f82714a76742a4d581c.php 第 347 行.
NOTIC: [8] Use of undefined constant bdlx - assumed 'bdlx' D:\www\matouPCS\Application\Runtime\Cache\Home\cadee8d58bf28f82714a76742a4d581c.php 第 348 行.
NOTIC: [8] Undefined index: time D:\www\matouPCS\Application\Runtime\Cache\Home\cadee8d58bf28f82714a76742a4d581c.php 第 359 行.
NOTIC: [8] Use of undefined constant bdlx - assumed 'bdlx' D:\www\matouPCS\Application\Runtime\Cache\Home\cadee8d58bf28f82714a76742a4d581c.php 第 347 行.
NOTIC: [8] Use of undefined constant bdlx - assumed 'bdlx' D:\www\matouPCS\Application\Runtime\Cache\Home\cadee8d58bf28f82714a76742a4d581c.php 第 348 行.
NOTIC: [8] Undefined index: time D:\www\matouPCS\Application\Runtime\Cache\Home\cadee8d58bf28f82714a76742a4d581c.php 第 359 行.
NOTIC: [8] Use of undefined constant bdlx - assumed 'bdlx' D:\www\matouPCS\Application\Runtime\Cache\Home\cadee8d58bf28f82714a76742a4d581c.php 第 347 行.
NOTIC: [8] Use of undefined constant bdlx - assumed 'bdlx' D:\www\matouPCS\Application\Runtime\Cache\Home\cadee8d58bf28f82714a76742a4d581c.php 第 348 行.
NOTIC: [8] Undefined index: time D:\www\matouPCS\Application\Runtime\Cache\Home\cadee8d58bf28f82714a76742a4d581c.php 第 359 行.
INFO: Run Behavior\ParseTemplateBehavior [ RunTime:0.028415s ]
INFO: [ view_parse ] --END-- [ RunTime:0.028463s ]
INFO: [ view_filter ] --START--
INFO: Run Behavior\WriteHtmlCacheBehavior [ RunTime:0.000320s ]
INFO: [ view_filter ] --END-- [ RunTime:0.000363s ]
INFO: [ app_end ] --START--
INFO: Run Behavior\ShowPageTraceBehavior [ RunTime:0.000531s ]
INFO: [ app_end ] --END-- [ RunTime:0.000594s ]

[ 2017-03-02T10:20:23+08:00 ] ::1 /matouPCS/?s=/Home/Mtbu/rzbddydt/uid/8
INFO: [ app_init ] --START--
INFO: Run Behavior\BuildLiteBehavior [ RunTime:0.000034s ]
INFO: [ app_init ] --END-- [ RunTime:0.000692s ]
INFO: [ app_begin ] --START--
INFO: Run Behavior\ReadHtmlCacheBehavior [ RunTime:0.000507s ]
INFO: [ app_begin ] --END-- [ RunTime:0.000570s ]
ERR: 参数错误或者未定义:id

[ 2017-03-02T10:20:27+08:00 ] ::1 /matouPCS/?s=/Home/Mtbu/rzbddydt/uid/8
INFO: [ app_init ] --START--
INFO: Run Behavior\BuildLiteBehavior [ RunTime:0.000014s ]
INFO: [ app_init ] --END-- [ RunTime:0.000421s ]
INFO: [ app_begin ] --START--
INFO: Run Behavior\ReadHtmlCacheBehavior [ RunTime:0.000934s ]
INFO: [ app_begin ] --END-- [ RunTime:0.001008s ]
ERR: 参数错误或者未定义:id

[ 2017-03-02T10:20:33+08:00 ] ::1 /matouPCS/?s=/Home/Mtbu/rzbddydt/uid/8
INFO: [ app_init ] --START--
INFO: Run Behavior\BuildLiteBehavior [ RunTime:0.000014s ]
INFO: [ app_init ] --END-- [ RunTime:0.000521s ]
INFO: [ app_begin ] --START--
INFO: Run Behavior\ReadHtmlCacheBehavior [ RunTime:0.000482s ]
INFO: [ app_begin ] --END-- [ RunTime:0.000534s ]
ERR: 参数错误或者未定义:id

[ 2017-03-02T10:20:38+08:00 ] ::1 /matouPCS/?s=/Home/Mtbu/rzbddydt/uid/8
INFO: [ app_init ] --START--
INFO: Run Behavior\BuildLiteBehavior [ RunTime:0.000014s ]
INFO: [ app_init ] --END-- [ RunTime:0.000408s ]
INFO: [ app_begin ] --START--
INFO: Run Behavior\ReadHtmlCacheBehavior [ RunTime:0.000481s ]
INFO: [ app_begin ] --END-- [ RunTime:0.000533s ]
ERR: 参数错误或者未定义:id

[ 2017-03-02T10:21:34+08:00 ] ::1 /matouPCS/?s=/Home/Mtbu/spbddyxq/id/2
INFO: [ app_init ] --START--
INFO: Run Behavior\BuildLiteBehavior [ RunTime:0.000014s ]
INFO: [ app_init ] --END-- [ RunTime:0.000415s ]
INFO: [ app_begin ] --START--
INFO: Run Behavior\ReadHtmlCacheBehavior [ RunTime:0.000493s ]
INFO: [ app_begin ] --END-- [ RunTime:0.000546s ]
SQL: SHOW COLUMNS FROM `shop` [ RunTime:0.0036s ]
SQL: SELECT * FROM `shop` WHERE ( id = 2 )  [ RunTime:0.0003s ]
SQL: SHOW COLUMNS FROM `shop` [ RunTime:0.0035s ]
SQL: SELECT * FROM shop as s INNER JOIN user as u on u.id = s.uid  WHERE ( s.id = 2 ) LIMIT 1   [ RunTime:0.0004s ]
SQL: SELECT * FROM shop as s INNER JOIN reward1 as e on s.uid = e.uid  WHERE ( s.id = 2 )  [ RunTime:0.0003s ]
SQL: SELECT * FROM shop as s INNER JOIN reward2 as r on s.uid = r.usid  WHERE ( s.id = 2 )  [ RunTime:0.0003s ]
SQL: SELECT * FROM shop as s INNER JOIN due as d on s.uid = d.uid  WHERE (  s.id = 2  )  [ RunTime:0.0003s ]
SQL: SELECT * FROM shop as s INNER JOIN recruit1 as e on s.uid = e.uid  WHERE ( s.id = 2 )  [ RunTime:0.0003s ]
SQL: SELECT * FROM shop as s INNER JOIN recruit2 as r on s.uid = r.usid  WHERE (  s.id = 2  )  [ RunTime:0.0003s ]
SQL: SELECT * FROM shop as s INNER JOIN employ as e on s.uid = e.uid INNER JOIN employwork as r on r.pid = e.eid  WHERE ( s.id = 2 )  [ RunTime:0.0003s ]
SQL: SELECT * FROM shop as s INNER JOIN flea as e on e.uid = s.uid  WHERE ( s.id = 2 and e.type = 1 )  [ RunTime:0.0003s ]
SQL: SELECT * FROM shop as s INNER JOIN flea as e on e.uid = s.uid  WHERE ( s.id = 2 and e.type = 2 )  [ RunTime:0.0003s ]
SQL: SHOW COLUMNS FROM `shop_liuyan` [ RunTime:0.0026s ]
SQL: SELECT * FROM shop_liuyan as s INNER JOIN user as u on s.uid = u.id  WHERE ( s.sid = 2 ) ORDER BY s.id desc LIMIT 0,3   [ RunTime:0.0026s ]
SQL: SELECT * FROM shop as s INNER JOIN user as u on s.uid = u.id  WHERE ( s.id = 2 ) LIMIT 1   [ RunTime:0.0003s ]
INFO: [ view_parse ] --START--
INFO: [ template_filter ] --START--
INFO: Run Behavior\ContentReplaceBehavior [ RunTime:0.000281s ]
INFO: [ template_filter ] --END-- [ RunTime:0.000349s ]
NOTIC: [8] Use of undefined constant username - assumed 'username' D:\www\matouPCS\Application\Runtime\Cache\Home\cadee8d58bf28f82714a76742a4d581c.php 第 104 行.
NOTIC: [8] Use of undefined constant tel - assumed 'tel' D:\www\matouPCS\Application\Runtime\Cache\Home\cadee8d58bf28f82714a76742a4d581c.php 第 104 行.
NOTIC: [8] Use of undefined constant username - assumed 'username' D:\www\matouPCS\Application\Runtime\Cache\Home\cadee8d58bf28f82714a76742a4d581c.php 第 105 行.
NOTIC: [8] Use of undefined constant tel - assumed 'tel' D:\www\matouPCS\Application\Runtime\Cache\Home\cadee8d58bf28f82714a76742a4d581c.php 第 105 行.
NOTIC: [8] Use of undefined constant bdlx - assumed 'bdlx' D:\www\matouPCS\Application\Runtime\Cache\Home\cadee8d58bf28f82714a76742a4d581c.php 第 347 行.
NOTIC: [8] Use of undefined constant bdlx - assumed 'bdlx' D:\www\matouPCS\Application\Runtime\Cache\Home\cadee8d58bf28f82714a76742a4d581c.php 第 348 行.
NOTIC: [8] Undefined index: time D:\www\matouPCS\Application\Runtime\Cache\Home\cadee8d58bf28f82714a76742a4d581c.php 第 359 行.
NOTIC: [8] Use of undefined constant bdlx - assumed 'bdlx' D:\www\matouPCS\Application\Runtime\Cache\Home\cadee8d58bf28f82714a76742a4d581c.php 第 347 行.
NOTIC: [8] Use of undefined constant bdlx - assumed 'bdlx' D:\www\matouPCS\Application\Runtime\Cache\Home\cadee8d58bf28f82714a76742a4d581c.php 第 348 行.
NOTIC: [8] Undefined index: time D:\www\matouPCS\Application\Runtime\Cache\Home\cadee8d58bf28f82714a76742a4d581c.php 第 359 行.
NOTIC: [8] Use of undefined constant bdlx - assumed 'bdlx' D:\www\matouPCS\Application\Runtime\Cache\Home\cadee8d58bf28f82714a76742a4d581c.php 第 347 行.
NOTIC: [8] Use of undefined constant bdlx - assumed 'bdlx' D:\www\matouPCS\Application\Runtime\Cache\Home\cadee8d58bf28f82714a76742a4d581c.php 第 348 行.
NOTIC: [8] Undefined index: time D:\www\matouPCS\Application\Runtime\Cache\Home\cadee8d58bf28f82714a76742a4d581c.php 第 359 行.
INFO: Run Behavior\ParseTemplateBehavior [ RunTime:0.028646s ]
INFO: [ view_parse ] --END-- [ RunTime:0.028709s ]
INFO: [ view_filter ] --START--
INFO: Run Behavior\WriteHtmlCacheBehavior [ RunTime:0.000490s ]
INFO: [ view_filter ] --END-- [ RunTime:0.000533s ]
INFO: [ app_end ] --START--
INFO: Run Behavior\ShowPageTraceBehavior [ RunTime:0.000522s ]
INFO: [ app_end ] --END-- [ RunTime:0.000578s ]

[ 2017-03-02T10:21:37+08:00 ] ::1 /matouPCS/?s=/Home/Mtbu/rzbddydt/uid/8
INFO: [ app_init ] --START--
INFO: Run Behavior\BuildLiteBehavior [ RunTime:0.000015s ]
INFO: [ app_init ] --END-- [ RunTime:0.000521s ]
INFO: [ app_begin ] --START--
INFO: Run Behavior\ReadHtmlCacheBehavior [ RunTime:0.000550s ]
INFO: [ app_begin ] --END-- [ RunTime:0.000632s ]
ERR: 参数错误或者未定义:id

[ 2017-03-02T10:22:00+08:00 ] ::1 /matouPCS/?s=/Home/Mtbu/rzbddndt/uid/8
INFO: [ app_init ] --START--
INFO: Run Behavior\BuildLiteBehavior [ RunTime:0.000013s ]
INFO: [ app_init ] --END-- [ RunTime:0.000549s ]
INFO: [ app_begin ] --START--
INFO: Run Behavior\ReadHtmlCacheBehavior [ RunTime:0.000554s ]
INFO: [ app_begin ] --END-- [ RunTime:0.000605s ]
SQL: SHOW COLUMNS FROM `forcee` [ RunTime:0.0035s ]
SQL: SELECT * FROM `forcee` WHERE ( uid = 8 )  [ RunTime:0.0004s ]
NOTIC: [2] Invalid argument supplied for foreach() D:\www\matouPCS\Application\Home\Controller\MtbuController.class.php 第 561 行.
SQL: SHOW COLUMNS FROM `forcee` [ RunTime:0.0030s ]
NOTIC: [8] Undefined variable: id D:\www\matouPCS\Application\Home\Controller\MtbuController.class.php 第 565 行.
ERR: SQLSTATE[42000]: Syntax error or access violation: 1064 You have an error in your SQL syntax; check the manual that corresponds to your MySQL server version for the right syntax to use near ') LIMIT 1' at line 1

[ 2017-03-02T10:22:07+08:00 ] ::1 /matouPCS/?s=/Home/Mtbu/rzbddndt/uid/23
INFO: [ app_init ] --START--
INFO: Run Behavior\BuildLiteBehavior [ RunTime:0.000012s ]
INFO: [ app_init ] --END-- [ RunTime:0.000408s ]
INFO: [ app_begin ] --START--
INFO: Run Behavior\ReadHtmlCacheBehavior [ RunTime:0.000813s ]
INFO: [ app_begin ] --END-- [ RunTime:0.000882s ]
SQL: SHOW COLUMNS FROM `forcee` [ RunTime:0.0029s ]
SQL: SELECT * FROM `forcee` WHERE ( uid = 23 )  [ RunTime:0.0003s ]
SQL: SHOW COLUMNS FROM `forcee` [ RunTime:0.0027s ]
SQL: SELECT * FROM forcee as f INNER JOIN user as u on f.uid = u.id INNER JOIN forceimage as m on f.id = m.pid INNER JOIN forcevideo as v on f.id = v.pid  WHERE ( f.id = 4 ) LIMIT 1   [ RunTime:0.0022s ]
SQL: SHOW COLUMNS FROM `foree_liuyan` [ RunTime:0.0043s ]
SQL: SELECT * FROM foree_liuyan as f INNER JOIN user as u on f.uid = u.id  WHERE ( f.fid = 4 ) ORDER BY f.lid desc LIMIT 0,3   [ RunTime:0.0004s ]
SQL: SELECT * FROM `forcee` WHERE ( id = 4 )  [ RunTime:0.0002s ]
SQL: SHOW COLUMNS FROM `dongtai` [ RunTime:0.0030s ]
SQL: SELECT * FROM dongtai as d INNER JOIN user as u on d.uid = u.id INNER JOIN dongimage as i on d.did = i.pid  WHERE ( d.uid = 23 ) ORDER BY d.did desc LIMIT 1   [ RunTime:0.0024s ]
INFO: [ view_parse ] --START--
INFO: [ template_filter ] --START--
INFO: Run Behavior\ContentReplaceBehavior [ RunTime:0.000311s ]
INFO: [ template_filter ] --END-- [ RunTime:0.000370s ]
NOTIC: [8] Use of undefined constant username - assumed 'username' D:\www\matouPCS\Application\Runtime\Cache\Home\515b4d3cb276c469b7737bac37717ec9.php 第 114 行.
NOTIC: [8] Use of undefined constant tel - assumed 'tel' D:\www\matouPCS\Application\Runtime\Cache\Home\515b4d3cb276c469b7737bac37717ec9.php 第 114 行.
NOTIC: [8] Use of undefined constant username - assumed 'username' D:\www\matouPCS\Application\Runtime\Cache\Home\515b4d3cb276c469b7737bac37717ec9.php 第 115 行.
NOTIC: [8] Use of undefined constant tel - assumed 'tel' D:\www\matouPCS\Application\Runtime\Cache\Home\515b4d3cb276c469b7737bac37717ec9.php 第 115 行.
NOTIC: [8] Undefined index: id D:\www\matouPCS\Application\Runtime\Cache\Home\515b4d3cb276c469b7737bac37717ec9.php 第 140 行.
NOTIC: [8] Undefined index: id D:\www\matouPCS\Application\Runtime\Cache\Home\515b4d3cb276c469b7737bac37717ec9.php 第 142 行.
NOTIC: [8] Undefined index: id D:\www\matouPCS\Application\Runtime\Cache\Home\515b4d3cb276c469b7737bac37717ec9.php 第 203 行.
NOTIC: [8] Undefined index: id D:\www\matouPCS\Application\Runtime\Cache\Home\515b4d3cb276c469b7737bac37717ec9.php 第 244 行.
NOTIC: [8] Undefined index: type D:\www\matouPCS\Application\Runtime\Cache\Home\515b4d3cb276c469b7737bac37717ec9.php 第 282 行.
NOTIC: [8] Undefined index: id D:\www\matouPCS\Application\Runtime\Cache\Home\515b4d3cb276c469b7737bac37717ec9.php 第 805 行.
INFO: Run Behavior\ParseTemplateBehavior [ RunTime:0.019565s ]
INFO: [ view_parse ] --END-- [ RunTime:0.019613s ]
INFO: [ view_filter ] --START--
INFO: Run Behavior\WriteHtmlCacheBehavior [ RunTime:0.000382s ]
INFO: [ view_filter ] --END-- [ RunTime:0.000425s ]
INFO: [ app_end ] --START--
INFO: Run Behavior\ShowPageTraceBehavior [ RunTime:0.000580s ]
INFO: [ app_end ] --END-- [ RunTime:0.000640s ]

[ 2017-03-02T10:22:18+08:00 ] ::1 /matouPCS/?s=/Home/Mtbu/rzbddnxq/id/
INFO: [ app_init ] --START--
INFO: Run Behavior\BuildLiteBehavior [ RunTime:0.000015s ]
INFO: [ app_init ] --END-- [ RunTime:0.000411s ]
INFO: [ app_begin ] --START--
INFO: Run Behavior\ReadHtmlCacheBehavior [ RunTime:0.000524s ]
INFO: [ app_begin ] --END-- [ RunTime:0.000575s ]
ERR: 参数错误或者未定义:id

