[ 2017-04-02T09:42:36+08:00 ] 127.0.0.1 /matouPCS/
INFO: [ app_init ] --START--
INFO: Run Behavior\BuildLiteBehavior [ RunTime:0.000019s ]
INFO: [ app_init ] --END-- [ RunTime:0.001440s ]
INFO: [ app_begin ] --START--
INFO: Run Behavior\ReadHtmlCacheBehavior [ RunTime:0.000722s ]
INFO: [ app_begin ] --END-- [ RunTime:0.000775s ]
SQL: SHOW COLUMNS FROM `reward2` [ RunTime:0.0061s ]
SQL: SELECT * FROM reward2 as  r INNER JOIN reward1 as e on r.pid = e.psid  INNER JOIN  user as u on e.uid = u.id  ORDER BY e.psid desc LIMIT 0,21   [ RunTime:0.0045s ]
SQL: SHOW COLUMNS FROM `user` [ RunTime:0.0040s ]
SQL: SELECT * FROM user as u INNER JOIN forcee as f on f.uid = u.id  WHERE ( f.status = 2 ) ORDER BY f.collect desc LIMIT 0,4   [ RunTime:0.0056s ]
SQL: SHOW COLUMNS FROM `shop` [ RunTime:0.0048s ]
SQL: SELECT * FROM `shop` ORDER BY collect desc LIMIT 0,4   [ RunTime:0.0005s ]
SQL: SHOW COLUMNS FROM `flea` [ RunTime:0.0056s ]
SQL: SELECT * FROM flea as f INNER JOIN user as u on f.uid = u.id  WHERE ( tz_status = '1' ) ORDER BY f.fid desc LIMIT 0,5   [ RunTime:0.0007s ]
NOTIC: [8] Undefined variable: ren D:\www\matouPCS\Application\Home\Controller\IndexController.class.php 第 47 行.
NOTIC: [8] Undefined variable: fbys D:\www\matouPCS\Application\Home\Controller\IndexController.class.php 第 49 行.
NOTIC: [8] Undefined variable: fbyp D:\www\matouPCS\Application\Home\Controller\IndexController.class.php 第 51 行.
INFO: [ view_parse ] --START--
INFO: [ template_filter ] --START--
INFO: Run Behavior\ContentReplaceBehavior [ RunTime:0.000258s ]
INFO: [ template_filter ] --END-- [ RunTime:0.000348s ]
NOTIC: [8] Undefined index: username D:\www\matouPCS\Application\Runtime\Cache\Home\2a94b8bda04ff446dcedd42276fc99ee.php 第 50 行.
NOTIC: [8] Undefined index: id D:\www\matouPCS\Application\Runtime\Cache\Home\2a94b8bda04ff446dcedd42276fc99ee.php 第 59 行.
NOTIC: [8] Undefined variable: sp D:\www\matouPCS\Application\Runtime\Cache\Home\2a94b8bda04ff446dcedd42276fc99ee.php 第 179 行.
NOTIC: [8] Undefined variable: sp D:\www\matouPCS\Application\Runtime\Cache\Home\2a94b8bda04ff446dcedd42276fc99ee.php 第 181 行.
NOTIC: [8] Undefined variable: sp D:\www\matouPCS\Application\Runtime\Cache\Home\2a94b8bda04ff446dcedd42276fc99ee.php 第 189 行.
NOTIC: [8] Undefined variable: sp D:\www\matouPCS\Application\Runtime\Cache\Home\2a94b8bda04ff446dcedd42276fc99ee.php 第 191 行.
NOTIC: [8] Undefined index: id D:\www\matouPCS\Application\Runtime\Cache\Home\2a94b8bda04ff446dcedd42276fc99ee.php 第 1092 行.
NOTIC: [8] Undefined index: id D:\www\matouPCS\Application\Runtime\Cache\Home\2a94b8bda04ff446dcedd42276fc99ee.php 第 1092 行.
NOTIC: [8] Use of undefined constant imagename - assumed 'imagename' D:\www\matouPCS\Application\Runtime\Cache\Home\2a94b8bda04ff446dcedd42276fc99ee.php 第 1291 行.
NOTIC: [8] Use of undefined constant imagename - assumed 'imagename' D:\www\matouPCS\Application\Runtime\Cache\Home\2a94b8bda04ff446dcedd42276fc99ee.php 第 1265 行.
NOTIC: [8] Use of undefined constant imagename - assumed 'imagename' D:\www\matouPCS\Application\Runtime\Cache\Home\2a94b8bda04ff446dcedd42276fc99ee.php 第 1265 行.
INFO: Run Behavior\ParseTemplateBehavior [ RunTime:0.027674s ]
INFO: [ view_parse ] --END-- [ RunTime:0.027742s ]
INFO: [ view_filter ] --START--
INFO: Run Behavior\WriteHtmlCacheBehavior [ RunTime:0.000627s ]
INFO: [ view_filter ] --END-- [ RunTime:0.000672s ]
INFO: [ app_end ] --START--
INFO: Run Behavior\ShowPageTraceBehavior [ RunTime:0.001275s ]
INFO: [ app_end ] --END-- [ RunTime:0.001362s ]

[ 2017-04-02T09:43:21+08:00 ] 127.0.0.1 /matouPCS/
INFO: [ app_init ] --START--
INFO: Run Behavior\BuildLiteBehavior [ RunTime:0.000023s ]
INFO: [ app_init ] --END-- [ RunTime:0.000689s ]
INFO: [ app_begin ] --START--
INFO: Run Behavior\ReadHtmlCacheBehavior [ RunTime:0.000710s ]
INFO: [ app_begin ] --END-- [ RunTime:0.000788s ]
SQL: SHOW COLUMNS FROM `reward2` [ RunTime:0.0042s ]
SQL: SELECT * FROM reward2 as  r INNER JOIN reward1 as e on r.pid = e.psid  INNER JOIN  user as u on e.uid = u.id  ORDER BY e.psid desc LIMIT 0,21   [ RunTime:0.0008s ]
SQL: SHOW COLUMNS FROM `user` [ RunTime:0.0061s ]
SQL: SELECT * FROM user as u INNER JOIN forcee as f on f.uid = u.id  WHERE ( f.status = 2 ) ORDER BY f.collect desc LIMIT 0,4   [ RunTime:0.0056s ]
SQL: SHOW COLUMNS FROM `shop` [ RunTime:0.0037s ]
SQL: SELECT * FROM `shop` ORDER BY collect desc LIMIT 0,4   [ RunTime:0.0003s ]
SQL: SHOW COLUMNS FROM `flea` [ RunTime:0.0070s ]
SQL: SELECT * FROM flea as f INNER JOIN user as u on f.uid = u.id  WHERE ( tz_status = '1' ) ORDER BY f.fid desc LIMIT 0,5   [ RunTime:0.0006s ]
NOTIC: [8] Undefined variable: ren D:\www\matouPCS\Application\Home\Controller\IndexController.class.php 第 47 行.
NOTIC: [8] Undefined variable: fbys D:\www\matouPCS\Application\Home\Controller\IndexController.class.php 第 49 行.
NOTIC: [8] Undefined variable: fbyp D:\www\matouPCS\Application\Home\Controller\IndexController.class.php 第 51 行.
INFO: [ view_parse ] --START--
INFO: [ template_filter ] --START--
INFO: Run Behavior\ContentReplaceBehavior [ RunTime:0.000314s ]
INFO: [ template_filter ] --END-- [ RunTime:0.000400s ]
NOTIC: [8] Undefined index: username D:\www\matouPCS\Application\Runtime\Cache\Home\2a94b8bda04ff446dcedd42276fc99ee.php 第 50 行.
NOTIC: [8] Undefined index: id D:\www\matouPCS\Application\Runtime\Cache\Home\2a94b8bda04ff446dcedd42276fc99ee.php 第 59 行.
NOTIC: [8] Undefined variable: sp D:\www\matouPCS\Application\Runtime\Cache\Home\2a94b8bda04ff446dcedd42276fc99ee.php 第 179 行.
NOTIC: [8] Undefined variable: sp D:\www\matouPCS\Application\Runtime\Cache\Home\2a94b8bda04ff446dcedd42276fc99ee.php 第 181 行.
NOTIC: [8] Undefined variable: sp D:\www\matouPCS\Application\Runtime\Cache\Home\2a94b8bda04ff446dcedd42276fc99ee.php 第 189 行.
NOTIC: [8] Undefined variable: sp D:\www\matouPCS\Application\Runtime\Cache\Home\2a94b8bda04ff446dcedd42276fc99ee.php 第 191 行.
NOTIC: [8] Undefined index: id D:\www\matouPCS\Application\Runtime\Cache\Home\2a94b8bda04ff446dcedd42276fc99ee.php 第 1092 行.
NOTIC: [8] Undefined index: id D:\www\matouPCS\Application\Runtime\Cache\Home\2a94b8bda04ff446dcedd42276fc99ee.php 第 1092 行.
NOTIC: [8] Use of undefined constant imagename - assumed 'imagename' D:\www\matouPCS\Application\Runtime\Cache\Home\2a94b8bda04ff446dcedd42276fc99ee.php 第 1291 行.
NOTIC: [8] Use of undefined constant imagename - assumed 'imagename' D:\www\matouPCS\Application\Runtime\Cache\Home\2a94b8bda04ff446dcedd42276fc99ee.php 第 1265 行.
NOTIC: [8] Use of undefined constant imagename - assumed 'imagename' D:\www\matouPCS\Application\Runtime\Cache\Home\2a94b8bda04ff446dcedd42276fc99ee.php 第 1265 行.
INFO: Run Behavior\ParseTemplateBehavior [ RunTime:0.027994s ]
INFO: [ view_parse ] --END-- [ RunTime:0.028163s ]
INFO: [ view_filter ] --START--
INFO: Run Behavior\WriteHtmlCacheBehavior [ RunTime:0.001559s ]
INFO: [ view_filter ] --END-- [ RunTime:0.001774s ]
INFO: [ app_end ] --START--
INFO: Run Behavior\ShowPageTraceBehavior [ RunTime:0.001063s ]
INFO: [ app_end ] --END-- [ RunTime:0.001207s ]

[ 2017-04-02T09:44:12+08:00 ] 127.0.0.1 /matouPCS/
INFO: [ app_init ] --START--
INFO: Run Behavior\BuildLiteBehavior [ RunTime:0.000015s ]
INFO: [ app_init ] --END-- [ RunTime:0.000451s ]
INFO: [ app_begin ] --START--
INFO: Run Behavior\ReadHtmlCacheBehavior [ RunTime:0.000528s ]
INFO: [ app_begin ] --END-- [ RunTime:0.000587s ]
SQL: SHOW COLUMNS FROM `reward2` [ RunTime:0.0044s ]
SQL: SELECT * FROM reward2 as  r INNER JOIN reward1 as e on r.pid = e.psid  INNER JOIN  user as u on e.uid = u.id  ORDER BY e.psid desc LIMIT 0,21   [ RunTime:0.0005s ]
SQL: SHOW COLUMNS FROM `user` [ RunTime:0.0046s ]
SQL: SELECT * FROM user as u INNER JOIN forcee as f on f.uid = u.id  WHERE ( f.status = 2 ) ORDER BY f.collect desc LIMIT 0,4   [ RunTime:0.0031s ]
SQL: SHOW COLUMNS FROM `shop` [ RunTime:0.0032s ]
SQL: SELECT * FROM `shop` ORDER BY collect desc LIMIT 0,4   [ RunTime:0.0003s ]
SQL: SHOW COLUMNS FROM `flea` [ RunTime:0.0029s ]
SQL: SELECT * FROM flea as f INNER JOIN user as u on f.uid = u.id  WHERE ( tz_status = '1' ) ORDER BY f.fid desc LIMIT 0,5   [ RunTime:0.0004s ]
NOTIC: [8] Undefined variable: ren D:\www\matouPCS\Application\Home\Controller\IndexController.class.php 第 47 行.
NOTIC: [8] Undefined variable: fbys D:\www\matouPCS\Application\Home\Controller\IndexController.class.php 第 49 行.
NOTIC: [8] Undefined variable: fbyp D:\www\matouPCS\Application\Home\Controller\IndexController.class.php 第 51 行.
INFO: [ view_parse ] --START--
INFO: [ template_filter ] --START--
INFO: Run Behavior\ContentReplaceBehavior [ RunTime:0.000215s ]
INFO: [ template_filter ] --END-- [ RunTime:0.000302s ]
NOTIC: [8] Undefined index: username D:\www\matouPCS\Application\Runtime\Cache\Home\2a94b8bda04ff446dcedd42276fc99ee.php 第 50 行.
NOTIC: [8] Undefined index: id D:\www\matouPCS\Application\Runtime\Cache\Home\2a94b8bda04ff446dcedd42276fc99ee.php 第 59 行.
NOTIC: [8] Undefined variable: sp D:\www\matouPCS\Application\Runtime\Cache\Home\2a94b8bda04ff446dcedd42276fc99ee.php 第 179 行.
NOTIC: [8] Undefined variable: sp D:\www\matouPCS\Application\Runtime\Cache\Home\2a94b8bda04ff446dcedd42276fc99ee.php 第 181 行.
NOTIC: [8] Undefined variable: sp D:\www\matouPCS\Application\Runtime\Cache\Home\2a94b8bda04ff446dcedd42276fc99ee.php 第 189 行.
NOTIC: [8] Undefined variable: sp D:\www\matouPCS\Application\Runtime\Cache\Home\2a94b8bda04ff446dcedd42276fc99ee.php 第 191 行.
NOTIC: [8] Undefined index: id D:\www\matouPCS\Application\Runtime\Cache\Home\2a94b8bda04ff446dcedd42276fc99ee.php 第 1086 行.
NOTIC: [8] Undefined index: id D:\www\matouPCS\Application\Runtime\Cache\Home\2a94b8bda04ff446dcedd42276fc99ee.php 第 1086 行.
NOTIC: [8] Use of undefined constant imagename - assumed 'imagename' D:\www\matouPCS\Application\Runtime\Cache\Home\2a94b8bda04ff446dcedd42276fc99ee.php 第 1285 行.
NOTIC: [8] Use of undefined constant imagename - assumed 'imagename' D:\www\matouPCS\Application\Runtime\Cache\Home\2a94b8bda04ff446dcedd42276fc99ee.php 第 1259 行.
NOTIC: [8] Use of undefined constant imagename - assumed 'imagename' D:\www\matouPCS\Application\Runtime\Cache\Home\2a94b8bda04ff446dcedd42276fc99ee.php 第 1259 行.
INFO: Run Behavior\ParseTemplateBehavior [ RunTime:0.021819s ]
INFO: [ view_parse ] --END-- [ RunTime:0.021880s ]
INFO: [ view_filter ] --START--
INFO: Run Behavior\WriteHtmlCacheBehavior [ RunTime:0.000386s ]
INFO: [ view_filter ] --END-- [ RunTime:0.000441s ]
INFO: [ app_end ] --START--
INFO: Run Behavior\ShowPageTraceBehavior [ RunTime:0.000578s ]
INFO: [ app_end ] --END-- [ RunTime:0.000637s ]

[ 2017-04-02T09:46:08+08:00 ] 127.0.0.1 /matouPCS/
INFO: [ app_init ] --START--
INFO: Run Behavior\BuildLiteBehavior [ RunTime:0.000014s ]
INFO: [ app_init ] --END-- [ RunTime:0.000452s ]
INFO: [ app_begin ] --START--
INFO: Run Behavior\ReadHtmlCacheBehavior [ RunTime:0.000575s ]
INFO: [ app_begin ] --END-- [ RunTime:0.000630s ]
SQL: SHOW COLUMNS FROM `reward2` [ RunTime:0.0048s ]
SQL: SELECT * FROM reward2 as  r INNER JOIN reward1 as e on r.pid = e.psid  INNER JOIN  user as u on e.uid = u.id  ORDER BY e.psid desc LIMIT 0,21   [ RunTime:0.0004s ]
SQL: SHOW COLUMNS FROM `user` [ RunTime:0.0035s ]
SQL: SELECT * FROM user as u INNER JOIN forcee as f on f.uid = u.id  WHERE ( f.status = 2 ) ORDER BY f.collect desc LIMIT 0,4   [ RunTime:0.0031s ]
SQL: SHOW COLUMNS FROM `shop` [ RunTime:0.0032s ]
SQL: SELECT * FROM `shop` ORDER BY collect desc LIMIT 0,4   [ RunTime:0.0003s ]
SQL: SHOW COLUMNS FROM `flea` [ RunTime:0.0034s ]
SQL: SELECT * FROM flea as f INNER JOIN user as u on f.uid = u.id  WHERE ( tz_status = '1' ) ORDER BY f.fid desc LIMIT 0,5   [ RunTime:0.0005s ]
NOTIC: [8] Undefined variable: ren D:\www\matouPCS\Application\Home\Controller\IndexController.class.php 第 47 行.
NOTIC: [8] Undefined variable: fbys D:\www\matouPCS\Application\Home\Controller\IndexController.class.php 第 49 行.
NOTIC: [8] Undefined variable: fbyp D:\www\matouPCS\Application\Home\Controller\IndexController.class.php 第 51 行.
INFO: [ view_parse ] --START--
INFO: [ template_filter ] --START--
INFO: Run Behavior\ContentReplaceBehavior [ RunTime:0.000223s ]
INFO: [ template_filter ] --END-- [ RunTime:0.000283s ]
NOTIC: [8] Undefined index: username D:\www\matouPCS\Application\Runtime\Cache\Home\2a94b8bda04ff446dcedd42276fc99ee.php 第 50 行.
NOTIC: [8] Undefined index: id D:\www\matouPCS\Application\Runtime\Cache\Home\2a94b8bda04ff446dcedd42276fc99ee.php 第 59 行.
NOTIC: [8] Undefined variable: sp D:\www\matouPCS\Application\Runtime\Cache\Home\2a94b8bda04ff446dcedd42276fc99ee.php 第 179 行.
NOTIC: [8] Undefined variable: sp D:\www\matouPCS\Application\Runtime\Cache\Home\2a94b8bda04ff446dcedd42276fc99ee.php 第 181 行.
NOTIC: [8] Undefined variable: sp D:\www\matouPCS\Application\Runtime\Cache\Home\2a94b8bda04ff446dcedd42276fc99ee.php 第 189 行.
NOTIC: [8] Undefined variable: sp D:\www\matouPCS\Application\Runtime\Cache\Home\2a94b8bda04ff446dcedd42276fc99ee.php 第 191 行.
NOTIC: [8] Undefined index: id D:\www\matouPCS\Application\Runtime\Cache\Home\2a94b8bda04ff446dcedd42276fc99ee.php 第 1087 行.
NOTIC: [8] Undefined index: id D:\www\matouPCS\Application\Runtime\Cache\Home\2a94b8bda04ff446dcedd42276fc99ee.php 第 1087 行.
NOTIC: [8] Use of undefined constant imagename - assumed 'imagename' D:\www\matouPCS\Application\Runtime\Cache\Home\2a94b8bda04ff446dcedd42276fc99ee.php 第 1286 行.
NOTIC: [8] Use of undefined constant imagename - assumed 'imagename' D:\www\matouPCS\Application\Runtime\Cache\Home\2a94b8bda04ff446dcedd42276fc99ee.php 第 1260 行.
NOTIC: [8] Use of undefined constant imagename - assumed 'imagename' D:\www\matouPCS\Application\Runtime\Cache\Home\2a94b8bda04ff446dcedd42276fc99ee.php 第 1260 行.
INFO: Run Behavior\ParseTemplateBehavior [ RunTime:0.021752s ]
INFO: [ view_parse ] --END-- [ RunTime:0.021816s ]
INFO: [ view_filter ] --START--
INFO: Run Behavior\WriteHtmlCacheBehavior [ RunTime:0.000412s ]
INFO: [ view_filter ] --END-- [ RunTime:0.000475s ]
INFO: [ app_end ] --START--
INFO: Run Behavior\ShowPageTraceBehavior [ RunTime:0.000688s ]
INFO: [ app_end ] --END-- [ RunTime:0.000752s ]

[ 2017-04-02T09:46:16+08:00 ] 127.0.0.1 /matouPCS/
INFO: [ app_init ] --START--
INFO: Run Behavior\BuildLiteBehavior [ RunTime:0.000014s ]
INFO: [ app_init ] --END-- [ RunTime:0.000339s ]
INFO: [ app_begin ] --START--
INFO: Run Behavior\ReadHtmlCacheBehavior [ RunTime:0.000447s ]
INFO: [ app_begin ] --END-- [ RunTime:0.000499s ]
SQL: SHOW COLUMNS FROM `reward2` [ RunTime:0.0065s ]
SQL: SELECT * FROM reward2 as  r INNER JOIN reward1 as e on r.pid = e.psid  INNER JOIN  user as u on e.uid = u.id  ORDER BY e.psid desc LIMIT 0,21   [ RunTime:0.0005s ]
SQL: SHOW COLUMNS FROM `user` [ RunTime:0.0038s ]
SQL: SELECT * FROM user as u INNER JOIN forcee as f on f.uid = u.id  WHERE ( f.status = 2 ) ORDER BY f.collect desc LIMIT 0,4   [ RunTime:0.0031s ]
SQL: SHOW COLUMNS FROM `shop` [ RunTime:0.0032s ]
SQL: SELECT * FROM `shop` ORDER BY collect desc LIMIT 0,4   [ RunTime:0.0003s ]
SQL: SHOW COLUMNS FROM `flea` [ RunTime:0.0029s ]
SQL: SELECT * FROM flea as f INNER JOIN user as u on f.uid = u.id  WHERE ( tz_status = '1' ) ORDER BY f.fid desc LIMIT 0,5   [ RunTime:0.0006s ]
NOTIC: [8] Undefined variable: ren D:\www\matouPCS\Application\Home\Controller\IndexController.class.php 第 47 行.
NOTIC: [8] Undefined variable: fbys D:\www\matouPCS\Application\Home\Controller\IndexController.class.php 第 49 行.
NOTIC: [8] Undefined variable: fbyp D:\www\matouPCS\Application\Home\Controller\IndexController.class.php 第 51 行.
INFO: [ view_parse ] --START--
INFO: [ template_filter ] --START--
INFO: Run Behavior\ContentReplaceBehavior [ RunTime:0.000220s ]
INFO: [ template_filter ] --END-- [ RunTime:0.000277s ]
NOTIC: [8] Undefined index: username D:\www\matouPCS\Application\Runtime\Cache\Home\2a94b8bda04ff446dcedd42276fc99ee.php 第 50 行.
NOTIC: [8] Undefined index: id D:\www\matouPCS\Application\Runtime\Cache\Home\2a94b8bda04ff446dcedd42276fc99ee.php 第 59 行.
NOTIC: [8] Undefined variable: sp D:\www\matouPCS\Application\Runtime\Cache\Home\2a94b8bda04ff446dcedd42276fc99ee.php 第 179 行.
NOTIC: [8] Undefined variable: sp D:\www\matouPCS\Application\Runtime\Cache\Home\2a94b8bda04ff446dcedd42276fc99ee.php 第 181 行.
NOTIC: [8] Undefined variable: sp D:\www\matouPCS\Application\Runtime\Cache\Home\2a94b8bda04ff446dcedd42276fc99ee.php 第 189 行.
NOTIC: [8] Undefined variable: sp D:\www\matouPCS\Application\Runtime\Cache\Home\2a94b8bda04ff446dcedd42276fc99ee.php 第 191 行.
NOTIC: [8] Undefined index: id D:\www\matouPCS\Application\Runtime\Cache\Home\2a94b8bda04ff446dcedd42276fc99ee.php 第 1087 行.
NOTIC: [8] Undefined index: id D:\www\matouPCS\Application\Runtime\Cache\Home\2a94b8bda04ff446dcedd42276fc99ee.php 第 1087 行.
NOTIC: [8] Use of undefined constant imagename - assumed 'imagename' D:\www\matouPCS\Application\Runtime\Cache\Home\2a94b8bda04ff446dcedd42276fc99ee.php 第 1286 行.
NOTIC: [8] Use of undefined constant imagename - assumed 'imagename' D:\www\matouPCS\Application\Runtime\Cache\Home\2a94b8bda04ff446dcedd42276fc99ee.php 第 1260 行.
NOTIC: [8] Use of undefined constant imagename - assumed 'imagename' D:\www\matouPCS\Application\Runtime\Cache\Home\2a94b8bda04ff446dcedd42276fc99ee.php 第 1260 行.
INFO: Run Behavior\ParseTemplateBehavior [ RunTime:0.021490s ]
INFO: [ view_parse ] --END-- [ RunTime:0.021582s ]
INFO: [ view_filter ] --START--
INFO: Run Behavior\WriteHtmlCacheBehavior [ RunTime:0.000340s ]
INFO: [ view_filter ] --END-- [ RunTime:0.000386s ]
INFO: [ app_end ] --START--
INFO: Run Behavior\ShowPageTraceBehavior [ RunTime:0.000564s ]
INFO: [ app_end ] --END-- [ RunTime:0.000629s ]

[ 2017-04-02T10:12:55+08:00 ] 127.0.0.1 /matouPCS/
INFO: [ app_init ] --START--
INFO: Run Behavior\BuildLiteBehavior [ RunTime:0.000041s ]
INFO: [ app_init ] --END-- [ RunTime:0.000622s ]
INFO: [ app_begin ] --START--
INFO: Run Behavior\ReadHtmlCacheBehavior [ RunTime:0.000581s ]
INFO: [ app_begin ] --END-- [ RunTime:0.000644s ]
SQL: SHOW COLUMNS FROM `reward2` [ RunTime:0.0053s ]
SQL: SELECT * FROM reward2 as  r INNER JOIN reward1 as e on r.pid = e.psid  INNER JOIN  user as u on e.uid = u.id  ORDER BY e.psid desc LIMIT 0,21   [ RunTime:0.0014s ]
SQL: SHOW COLUMNS FROM `user` [ RunTime:0.0035s ]
SQL: SELECT * FROM user as u INNER JOIN forcee as f on f.uid = u.id  WHERE ( f.status = 2 ) ORDER BY f.collect desc LIMIT 0,4   [ RunTime:0.0046s ]
SQL: SHOW COLUMNS FROM `shop` [ RunTime:0.0035s ]
SQL: SELECT * FROM `shop` ORDER BY collect desc LIMIT 0,4   [ RunTime:0.0003s ]
SQL: SHOW COLUMNS FROM `flea` [ RunTime:0.0035s ]
SQL: SELECT * FROM flea as f INNER JOIN user as u on f.uid = u.id  WHERE ( tz_status = '1' ) ORDER BY f.fid desc LIMIT 0,5   [ RunTime:0.0004s ]
NOTIC: [8] Undefined variable: ren D:\www\matouPCS\Application\Home\Controller\IndexController.class.php 第 47 行.
NOTIC: [8] Undefined variable: fbys D:\www\matouPCS\Application\Home\Controller\IndexController.class.php 第 49 行.
NOTIC: [8] Undefined variable: fbyp D:\www\matouPCS\Application\Home\Controller\IndexController.class.php 第 51 行.
INFO: [ view_parse ] --START--
INFO: [ template_filter ] --START--
INFO: Run Behavior\ContentReplaceBehavior [ RunTime:0.000378s ]
INFO: [ template_filter ] --END-- [ RunTime:0.000489s ]
NOTIC: [8] Undefined index: username D:\www\matouPCS\Application\Runtime\Cache\Home\2a94b8bda04ff446dcedd42276fc99ee.php 第 50 行.
NOTIC: [8] Undefined index: id D:\www\matouPCS\Application\Runtime\Cache\Home\2a94b8bda04ff446dcedd42276fc99ee.php 第 59 行.
NOTIC: [8] Undefined variable: sp D:\www\matouPCS\Application\Runtime\Cache\Home\2a94b8bda04ff446dcedd42276fc99ee.php 第 179 行.
NOTIC: [8] Undefined variable: sp D:\www\matouPCS\Application\Runtime\Cache\Home\2a94b8bda04ff446dcedd42276fc99ee.php 第 181 行.
NOTIC: [8] Undefined variable: sp D:\www\matouPCS\Application\Runtime\Cache\Home\2a94b8bda04ff446dcedd42276fc99ee.php 第 189 行.
NOTIC: [8] Undefined variable: sp D:\www\matouPCS\Application\Runtime\Cache\Home\2a94b8bda04ff446dcedd42276fc99ee.php 第 191 行.
NOTIC: [8] Undefined index: id D:\www\matouPCS\Application\Runtime\Cache\Home\2a94b8bda04ff446dcedd42276fc99ee.php 第 1086 行.
NOTIC: [8] Undefined index: id D:\www\matouPCS\Application\Runtime\Cache\Home\2a94b8bda04ff446dcedd42276fc99ee.php 第 1086 行.
NOTIC: [8] Use of undefined constant imagename - assumed 'imagename' D:\www\matouPCS\Application\Runtime\Cache\Home\2a94b8bda04ff446dcedd42276fc99ee.php 第 1285 行.
NOTIC: [8] Use of undefined constant imagename - assumed 'imagename' D:\www\matouPCS\Application\Runtime\Cache\Home\2a94b8bda04ff446dcedd42276fc99ee.php 第 1259 行.
NOTIC: [8] Use of undefined constant imagename - assumed 'imagename' D:\www\matouPCS\Application\Runtime\Cache\Home\2a94b8bda04ff446dcedd42276fc99ee.php 第 1259 行.
INFO: Run Behavior\ParseTemplateBehavior [ RunTime:0.024137s ]
INFO: [ view_parse ] --END-- [ RunTime:0.024197s ]
INFO: [ view_filter ] --START--
INFO: Run Behavior\WriteHtmlCacheBehavior [ RunTime:0.000429s ]
INFO: [ view_filter ] --END-- [ RunTime:0.000474s ]
INFO: [ app_end ] --START--
INFO: Run Behavior\ShowPageTraceBehavior [ RunTime:0.000580s ]
INFO: [ app_end ] --END-- [ RunTime:0.000634s ]

[ 2017-04-02T10:17:42+08:00 ] 127.0.0.1 /matouPCS/
INFO: [ app_init ] --START--
INFO: Run Behavior\BuildLiteBehavior [ RunTime:0.000039s ]
INFO: [ app_init ] --END-- [ RunTime:0.000683s ]
INFO: [ app_begin ] --START--
INFO: Run Behavior\ReadHtmlCacheBehavior [ RunTime:0.000571s ]
INFO: [ app_begin ] --END-- [ RunTime:0.000634s ]
SQL: SHOW COLUMNS FROM `reward2` [ RunTime:0.0055s ]
SQL: SELECT * FROM reward2 as  r INNER JOIN reward1 as e on r.pid = e.psid  INNER JOIN  user as u on e.uid = u.id  ORDER BY e.psid desc LIMIT 0,21   [ RunTime:0.0007s ]
SQL: SHOW COLUMNS FROM `user` [ RunTime:0.0062s ]
SQL: SELECT * FROM user as u INNER JOIN forcee as f on f.uid = u.id  WHERE ( f.status = 2 ) ORDER BY f.collect desc LIMIT 0,4   [ RunTime:0.0043s ]
SQL: SHOW COLUMNS FROM `shop` [ RunTime:0.0036s ]
SQL: SELECT * FROM `shop` ORDER BY collect desc LIMIT 0,4   [ RunTime:0.0005s ]
SQL: SHOW COLUMNS FROM `flea` [ RunTime:0.0048s ]
SQL: SELECT * FROM flea as f INNER JOIN user as u on f.uid = u.id  WHERE ( tz_status = '1' ) ORDER BY f.fid desc LIMIT 0,5   [ RunTime:0.0005s ]
NOTIC: [8] Undefined variable: ren D:\www\matouPCS\Application\Home\Controller\IndexController.class.php 第 47 行.
NOTIC: [8] Undefined variable: fbys D:\www\matouPCS\Application\Home\Controller\IndexController.class.php 第 49 行.
NOTIC: [8] Undefined variable: fbyp D:\www\matouPCS\Application\Home\Controller\IndexController.class.php 第 51 行.
INFO: [ view_parse ] --START--
INFO: [ template_filter ] --START--
INFO: Run Behavior\ContentReplaceBehavior [ RunTime:0.000253s ]
INFO: [ template_filter ] --END-- [ RunTime:0.000315s ]
NOTIC: [8] Undefined index: username D:\www\matouPCS\Application\Runtime\Cache\Home\2a94b8bda04ff446dcedd42276fc99ee.php 第 50 行.
NOTIC: [8] Undefined index: id D:\www\matouPCS\Application\Runtime\Cache\Home\2a94b8bda04ff446dcedd42276fc99ee.php 第 59 行.
NOTIC: [8] Undefined variable: sp D:\www\matouPCS\Application\Runtime\Cache\Home\2a94b8bda04ff446dcedd42276fc99ee.php 第 179 行.
NOTIC: [8] Undefined variable: sp D:\www\matouPCS\Application\Runtime\Cache\Home\2a94b8bda04ff446dcedd42276fc99ee.php 第 181 行.
NOTIC: [8] Undefined variable: sp D:\www\matouPCS\Application\Runtime\Cache\Home\2a94b8bda04ff446dcedd42276fc99ee.php 第 189 行.
NOTIC: [8] Undefined variable: sp D:\www\matouPCS\Application\Runtime\Cache\Home\2a94b8bda04ff446dcedd42276fc99ee.php 第 191 行.
NOTIC: [8] Undefined index: id D:\www\matouPCS\Application\Runtime\Cache\Home\2a94b8bda04ff446dcedd42276fc99ee.php 第 1086 行.
NOTIC: [8] Undefined index: id D:\www\matouPCS\Application\Runtime\Cache\Home\2a94b8bda04ff446dcedd42276fc99ee.php 第 1086 行.
NOTIC: [8] Use of undefined constant imagename - assumed 'imagename' D:\www\matouPCS\Application\Runtime\Cache\Home\2a94b8bda04ff446dcedd42276fc99ee.php 第 1285 行.
NOTIC: [8] Use of undefined constant imagename - assumed 'imagename' D:\www\matouPCS\Application\Runtime\Cache\Home\2a94b8bda04ff446dcedd42276fc99ee.php 第 1259 行.
NOTIC: [8] Use of undefined constant imagename - assumed 'imagename' D:\www\matouPCS\Application\Runtime\Cache\Home\2a94b8bda04ff446dcedd42276fc99ee.php 第 1259 行.
INFO: Run Behavior\ParseTemplateBehavior [ RunTime:0.023426s ]
INFO: [ view_parse ] --END-- [ RunTime:0.023504s ]
INFO: [ view_filter ] --START--
INFO: Run Behavior\WriteHtmlCacheBehavior [ RunTime:0.000331s ]
INFO: [ view_filter ] --END-- [ RunTime:0.000371s ]
INFO: [ app_end ] --START--
INFO: Run Behavior\ShowPageTraceBehavior [ RunTime:0.000743s ]
INFO: [ app_end ] --END-- [ RunTime:0.000832s ]

[ 2017-04-02T10:18:05+08:00 ] 127.0.0.1 /matouPCS/
INFO: [ app_init ] --START--
INFO: Run Behavior\BuildLiteBehavior [ RunTime:0.000016s ]
INFO: [ app_init ] --END-- [ RunTime:0.000547s ]
INFO: [ app_begin ] --START--
INFO: Run Behavior\ReadHtmlCacheBehavior [ RunTime:0.000499s ]
INFO: [ app_begin ] --END-- [ RunTime:0.000556s ]
SQL: SHOW COLUMNS FROM `reward2` [ RunTime:0.0046s ]
SQL: SELECT * FROM reward2 as  r INNER JOIN reward1 as e on r.pid = e.psid  INNER JOIN  user as u on e.uid = u.id  ORDER BY e.psid desc LIMIT 0,21   [ RunTime:0.0017s ]
SQL: SHOW COLUMNS FROM `user` [ RunTime:0.0039s ]
SQL: SELECT * FROM user as u INNER JOIN forcee as f on f.uid = u.id  WHERE ( f.status = 2 ) ORDER BY f.collect desc LIMIT 0,4   [ RunTime:0.0034s ]
SQL: SHOW COLUMNS FROM `shop` [ RunTime:0.0034s ]
SQL: SELECT * FROM `shop` ORDER BY collect desc LIMIT 0,4   [ RunTime:0.0004s ]
SQL: SHOW COLUMNS FROM `flea` [ RunTime:0.0058s ]
SQL: SELECT * FROM flea as f INNER JOIN user as u on f.uid = u.id  WHERE ( tz_status = '1' ) ORDER BY f.fid desc LIMIT 0,5   [ RunTime:0.0005s ]
NOTIC: [8] Undefined variable: ren D:\www\matouPCS\Application\Home\Controller\IndexController.class.php 第 47 行.
NOTIC: [8] Undefined variable: fbys D:\www\matouPCS\Application\Home\Controller\IndexController.class.php 第 49 行.
NOTIC: [8] Undefined variable: fbyp D:\www\matouPCS\Application\Home\Controller\IndexController.class.php 第 51 行.
INFO: [ view_parse ] --START--
INFO: [ template_filter ] --START--
INFO: Run Behavior\ContentReplaceBehavior [ RunTime:0.000230s ]
INFO: [ template_filter ] --END-- [ RunTime:0.000297s ]
NOTIC: [8] Undefined index: username D:\www\matouPCS\Application\Runtime\Cache\Home\2a94b8bda04ff446dcedd42276fc99ee.php 第 50 行.
NOTIC: [8] Undefined index: id D:\www\matouPCS\Application\Runtime\Cache\Home\2a94b8bda04ff446dcedd42276fc99ee.php 第 59 行.
NOTIC: [8] Undefined variable: sp D:\www\matouPCS\Application\Runtime\Cache\Home\2a94b8bda04ff446dcedd42276fc99ee.php 第 179 行.
NOTIC: [8] Undefined variable: sp D:\www\matouPCS\Application\Runtime\Cache\Home\2a94b8bda04ff446dcedd42276fc99ee.php 第 181 行.
NOTIC: [8] Undefined variable: sp D:\www\matouPCS\Application\Runtime\Cache\Home\2a94b8bda04ff446dcedd42276fc99ee.php 第 189 行.
NOTIC: [8] Undefined variable: sp D:\www\matouPCS\Application\Runtime\Cache\Home\2a94b8bda04ff446dcedd42276fc99ee.php 第 191 行.
NOTIC: [8] Undefined index: id D:\www\matouPCS\Application\Runtime\Cache\Home\2a94b8bda04ff446dcedd42276fc99ee.php 第 1086 行.
NOTIC: [8] Undefined index: id D:\www\matouPCS\Application\Runtime\Cache\Home\2a94b8bda04ff446dcedd42276fc99ee.php 第 1086 行.
NOTIC: [8] Use of undefined constant imagename - assumed 'imagename' D:\www\matouPCS\Application\Runtime\Cache\Home\2a94b8bda04ff446dcedd42276fc99ee.php 第 1285 行.
NOTIC: [8] Use of undefined constant imagename - assumed 'imagename' D:\www\matouPCS\Application\Runtime\Cache\Home\2a94b8bda04ff446dcedd42276fc99ee.php 第 1259 行.
NOTIC: [8] Use of undefined constant imagename - assumed 'imagename' D:\www\matouPCS\Application\Runtime\Cache\Home\2a94b8bda04ff446dcedd42276fc99ee.php 第 1259 行.
INFO: Run Behavior\ParseTemplateBehavior [ RunTime:0.023315s ]
INFO: [ view_parse ] --END-- [ RunTime:0.023375s ]
INFO: [ view_filter ] --START--
INFO: Run Behavior\WriteHtmlCacheBehavior [ RunTime:0.000334s ]
INFO: [ view_filter ] --END-- [ RunTime:0.000378s ]
INFO: [ app_end ] --START--
INFO: Run Behavior\ShowPageTraceBehavior [ RunTime:0.000566s ]
INFO: [ app_end ] --END-- [ RunTime:0.000621s ]

[ 2017-04-02T10:18:42+08:00 ] 127.0.0.1 /matouPCS/
INFO: [ app_init ] --START--
INFO: Run Behavior\BuildLiteBehavior [ RunTime:0.000015s ]
INFO: [ app_init ] --END-- [ RunTime:0.000413s ]
INFO: [ app_begin ] --START--
INFO: Run Behavior\ReadHtmlCacheBehavior [ RunTime:0.000558s ]
INFO: [ app_begin ] --END-- [ RunTime:0.000618s ]
SQL: SHOW COLUMNS FROM `reward2` [ RunTime:0.0079s ]
SQL: SELECT * FROM reward2 as  r INNER JOIN reward1 as e on r.pid = e.psid  INNER JOIN  user as u on e.uid = u.id  ORDER BY e.psid desc LIMIT 0,21   [ RunTime:0.0009s ]
SQL: SHOW COLUMNS FROM `user` [ RunTime:0.0056s ]
SQL: SELECT * FROM user as u INNER JOIN forcee as f on f.uid = u.id  WHERE ( f.status = 2 ) ORDER BY f.collect desc LIMIT 0,4   [ RunTime:0.0065s ]
SQL: SHOW COLUMNS FROM `shop` [ RunTime:0.0038s ]
SQL: SELECT * FROM `shop` ORDER BY collect desc LIMIT 0,4   [ RunTime:0.0004s ]
SQL: SHOW COLUMNS FROM `flea` [ RunTime:0.0048s ]
SQL: SELECT * FROM flea as f INNER JOIN user as u on f.uid = u.id  WHERE ( tz_status = '1' ) ORDER BY f.fid desc LIMIT 0,5   [ RunTime:0.0010s ]
NOTIC: [8] Undefined variable: ren D:\www\matouPCS\Application\Home\Controller\IndexController.class.php 第 47 行.
NOTIC: [8] Undefined variable: fbys D:\www\matouPCS\Application\Home\Controller\IndexController.class.php 第 49 行.
NOTIC: [8] Undefined variable: fbyp D:\www\matouPCS\Application\Home\Controller\IndexController.class.php 第 51 行.
INFO: [ view_parse ] --START--
INFO: [ template_filter ] --START--
INFO: Run Behavior\ContentReplaceBehavior [ RunTime:0.000311s ]
INFO: [ template_filter ] --END-- [ RunTime:0.000381s ]
NOTIC: [8] Undefined index: username D:\www\matouPCS\Application\Runtime\Cache\Home\2a94b8bda04ff446dcedd42276fc99ee.php 第 50 行.
NOTIC: [8] Undefined index: id D:\www\matouPCS\Application\Runtime\Cache\Home\2a94b8bda04ff446dcedd42276fc99ee.php 第 59 行.
NOTIC: [8] Undefined variable: sp D:\www\matouPCS\Application\Runtime\Cache\Home\2a94b8bda04ff446dcedd42276fc99ee.php 第 179 行.
NOTIC: [8] Undefined variable: sp D:\www\matouPCS\Application\Runtime\Cache\Home\2a94b8bda04ff446dcedd42276fc99ee.php 第 181 行.
NOTIC: [8] Undefined variable: sp D:\www\matouPCS\Application\Runtime\Cache\Home\2a94b8bda04ff446dcedd42276fc99ee.php 第 189 行.
NOTIC: [8] Undefined variable: sp D:\www\matouPCS\Application\Runtime\Cache\Home\2a94b8bda04ff446dcedd42276fc99ee.php 第 191 行.
NOTIC: [8] Undefined index: id D:\www\matouPCS\Application\Runtime\Cache\Home\2a94b8bda04ff446dcedd42276fc99ee.php 第 1086 行.
NOTIC: [8] Undefined index: id D:\www\matouPCS\Application\Runtime\Cache\Home\2a94b8bda04ff446dcedd42276fc99ee.php 第 1086 行.
NOTIC: [8] Use of undefined constant imagename - assumed 'imagename' D:\www\matouPCS\Application\Runtime\Cache\Home\2a94b8bda04ff446dcedd42276fc99ee.php 第 1285 行.
NOTIC: [8] Use of undefined constant imagename - assumed 'imagename' D:\www\matouPCS\Application\Runtime\Cache\Home\2a94b8bda04ff446dcedd42276fc99ee.php 第 1259 行.
NOTIC: [8] Use of undefined constant imagename - assumed 'imagename' D:\www\matouPCS\Application\Runtime\Cache\Home\2a94b8bda04ff446dcedd42276fc99ee.php 第 1259 行.
INFO: Run Behavior\ParseTemplateBehavior [ RunTime:0.027803s ]
INFO: [ view_parse ] --END-- [ RunTime:0.027938s ]
INFO: [ view_filter ] --START--
INFO: Run Behavior\WriteHtmlCacheBehavior [ RunTime:0.000402s ]
INFO: [ view_filter ] --END-- [ RunTime:0.000450s ]
INFO: [ app_end ] --START--
INFO: Run Behavior\ShowPageTraceBehavior [ RunTime:0.001945s ]
INFO: [ app_end ] --END-- [ RunTime:0.002076s ]

[ 2017-04-02T10:21:28+08:00 ] 127.0.0.1 /matouPCS/
INFO: [ app_init ] --START--
INFO: Run Behavior\BuildLiteBehavior [ RunTime:0.000017s ]
INFO: [ app_init ] --END-- [ RunTime:0.000423s ]
INFO: [ app_begin ] --START--
INFO: Run Behavior\ReadHtmlCacheBehavior [ RunTime:0.000810s ]
INFO: [ app_begin ] --END-- [ RunTime:0.000896s ]
SQL: SHOW COLUMNS FROM `reward2` [ RunTime:0.0100s ]
SQL: SELECT * FROM reward2 as  r INNER JOIN reward1 as e on r.pid = e.psid  INNER JOIN  user as u on e.uid = u.id  ORDER BY e.psid desc LIMIT 0,21   [ RunTime:0.0007s ]
SQL: SHOW COLUMNS FROM `user` [ RunTime:0.0103s ]
SQL: SELECT * FROM user as u INNER JOIN forcee as f on f.uid = u.id  WHERE ( f.status = 2 ) ORDER BY f.collect desc LIMIT 0,4   [ RunTime:0.0034s ]
SQL: SHOW COLUMNS FROM `shop` [ RunTime:0.0052s ]
SQL: SELECT * FROM `shop` ORDER BY collect desc LIMIT 0,4   [ RunTime:0.0004s ]
SQL: SHOW COLUMNS FROM `flea` [ RunTime:0.0034s ]
SQL: SELECT * FROM flea as f INNER JOIN user as u on f.uid = u.id  WHERE ( tz_status = '1' ) ORDER BY f.fid desc LIMIT 0,5   [ RunTime:0.0005s ]
NOTIC: [8] Undefined variable: ren D:\www\matouPCS\Application\Home\Controller\IndexController.class.php 第 47 行.
NOTIC: [8] Undefined variable: fbys D:\www\matouPCS\Application\Home\Controller\IndexController.class.php 第 49 行.
NOTIC: [8] Undefined variable: fbyp D:\www\matouPCS\Application\Home\Controller\IndexController.class.php 第 51 行.
INFO: [ view_parse ] --START--
INFO: [ template_filter ] --START--
INFO: Run Behavior\ContentReplaceBehavior [ RunTime:0.000295s ]
INFO: [ template_filter ] --END-- [ RunTime:0.000358s ]
NOTIC: [8] Undefined index: username D:\www\matouPCS\Application\Runtime\Cache\Home\2a94b8bda04ff446dcedd42276fc99ee.php 第 50 行.
NOTIC: [8] Undefined index: id D:\www\matouPCS\Application\Runtime\Cache\Home\2a94b8bda04ff446dcedd42276fc99ee.php 第 59 行.
NOTIC: [8] Undefined variable: sp D:\www\matouPCS\Application\Runtime\Cache\Home\2a94b8bda04ff446dcedd42276fc99ee.php 第 179 行.
NOTIC: [8] Undefined variable: sp D:\www\matouPCS\Application\Runtime\Cache\Home\2a94b8bda04ff446dcedd42276fc99ee.php 第 181 行.
NOTIC: [8] Undefined variable: sp D:\www\matouPCS\Application\Runtime\Cache\Home\2a94b8bda04ff446dcedd42276fc99ee.php 第 189 行.
NOTIC: [8] Undefined variable: sp D:\www\matouPCS\Application\Runtime\Cache\Home\2a94b8bda04ff446dcedd42276fc99ee.php 第 191 行.
NOTIC: [8] Undefined index: id D:\www\matouPCS\Application\Runtime\Cache\Home\2a94b8bda04ff446dcedd42276fc99ee.php 第 1096 行.
NOTIC: [8] Undefined index: id D:\www\matouPCS\Application\Runtime\Cache\Home\2a94b8bda04ff446dcedd42276fc99ee.php 第 1096 行.
NOTIC: [8] Use of undefined constant imagename - assumed 'imagename' D:\www\matouPCS\Application\Runtime\Cache\Home\2a94b8bda04ff446dcedd42276fc99ee.php 第 1295 行.
NOTIC: [8] Use of undefined constant imagename - assumed 'imagename' D:\www\matouPCS\Application\Runtime\Cache\Home\2a94b8bda04ff446dcedd42276fc99ee.php 第 1269 行.
NOTIC: [8] Use of undefined constant imagename - assumed 'imagename' D:\www\matouPCS\Application\Runtime\Cache\Home\2a94b8bda04ff446dcedd42276fc99ee.php 第 1269 行.
INFO: Run Behavior\ParseTemplateBehavior [ RunTime:0.023607s ]
INFO: [ view_parse ] --END-- [ RunTime:0.023669s ]
INFO: [ view_filter ] --START--
INFO: Run Behavior\WriteHtmlCacheBehavior [ RunTime:0.000552s ]
INFO: [ view_filter ] --END-- [ RunTime:0.000613s ]
INFO: [ app_end ] --START--
INFO: Run Behavior\ShowPageTraceBehavior [ RunTime:0.000648s ]
INFO: [ app_end ] --END-- [ RunTime:0.000706s ]

[ 2017-04-02T10:32:27+08:00 ] 127.0.0.1 /matouPCS/
INFO: [ app_init ] --START--
INFO: Run Behavior\BuildLiteBehavior [ RunTime:0.000034s ]
INFO: [ app_init ] --END-- [ RunTime:0.000662s ]
INFO: [ app_begin ] --START--
INFO: Run Behavior\ReadHtmlCacheBehavior [ RunTime:0.000579s ]
INFO: [ app_begin ] --END-- [ RunTime:0.000633s ]
SQL: SHOW COLUMNS FROM `reward2` [ RunTime:0.0074s ]
SQL: SELECT * FROM reward2 as  r INNER JOIN reward1 as e on r.pid = e.psid  INNER JOIN  user as u on e.uid = u.id  ORDER BY e.psid desc LIMIT 0,21   [ RunTime:0.0007s ]
SQL: SHOW COLUMNS FROM `user` [ RunTime:0.0036s ]
SQL: SELECT * FROM user as u INNER JOIN forcee as f on f.uid = u.id  WHERE ( f.status = 2 ) ORDER BY f.collect desc LIMIT 0,4   [ RunTime:0.0066s ]
SQL: SHOW COLUMNS FROM `shop` [ RunTime:0.0044s ]
SQL: SELECT * FROM `shop` ORDER BY collect desc LIMIT 0,4   [ RunTime:0.0003s ]
SQL: SHOW COLUMNS FROM `flea` [ RunTime:0.0031s ]
SQL: SELECT * FROM flea as f INNER JOIN user as u on f.uid = u.id  WHERE ( tz_status = '1' ) ORDER BY f.fid desc LIMIT 0,5   [ RunTime:0.0004s ]
NOTIC: [8] Undefined variable: ren D:\www\matouPCS\Application\Home\Controller\IndexController.class.php 第 47 行.
NOTIC: [8] Undefined variable: fbys D:\www\matouPCS\Application\Home\Controller\IndexController.class.php 第 49 行.
NOTIC: [8] Undefined variable: fbyp D:\www\matouPCS\Application\Home\Controller\IndexController.class.php 第 51 行.
INFO: [ view_parse ] --START--
INFO: [ template_filter ] --START--
INFO: Run Behavior\ContentReplaceBehavior [ RunTime:0.000238s ]
INFO: [ template_filter ] --END-- [ RunTime:0.000311s ]
NOTIC: [8] Undefined index: username D:\www\matouPCS\Application\Runtime\Cache\Home\2a94b8bda04ff446dcedd42276fc99ee.php 第 50 行.
NOTIC: [8] Undefined index: id D:\www\matouPCS\Application\Runtime\Cache\Home\2a94b8bda04ff446dcedd42276fc99ee.php 第 59 行.
NOTIC: [8] Undefined variable: sp D:\www\matouPCS\Application\Runtime\Cache\Home\2a94b8bda04ff446dcedd42276fc99ee.php 第 179 行.
NOTIC: [8] Undefined variable: sp D:\www\matouPCS\Application\Runtime\Cache\Home\2a94b8bda04ff446dcedd42276fc99ee.php 第 181 行.
NOTIC: [8] Undefined variable: sp D:\www\matouPCS\Application\Runtime\Cache\Home\2a94b8bda04ff446dcedd42276fc99ee.php 第 189 行.
NOTIC: [8] Undefined variable: sp D:\www\matouPCS\Application\Runtime\Cache\Home\2a94b8bda04ff446dcedd42276fc99ee.php 第 191 行.
NOTIC: [8] Undefined index: id D:\www\matouPCS\Application\Runtime\Cache\Home\2a94b8bda04ff446dcedd42276fc99ee.php 第 1133 行.
NOTIC: [8] Undefined index: id D:\www\matouPCS\Application\Runtime\Cache\Home\2a94b8bda04ff446dcedd42276fc99ee.php 第 1133 行.
NOTIC: [8] Use of undefined constant imagename - assumed 'imagename' D:\www\matouPCS\Application\Runtime\Cache\Home\2a94b8bda04ff446dcedd42276fc99ee.php 第 1332 行.
NOTIC: [8] Use of undefined constant imagename - assumed 'imagename' D:\www\matouPCS\Application\Runtime\Cache\Home\2a94b8bda04ff446dcedd42276fc99ee.php 第 1306 行.
NOTIC: [8] Use of undefined constant imagename - assumed 'imagename' D:\www\matouPCS\Application\Runtime\Cache\Home\2a94b8bda04ff446dcedd42276fc99ee.php 第 1306 行.
INFO: Run Behavior\ParseTemplateBehavior [ RunTime:0.028421s ]
INFO: [ view_parse ] --END-- [ RunTime:0.028485s ]
INFO: [ view_filter ] --START--
INFO: Run Behavior\WriteHtmlCacheBehavior [ RunTime:0.000554s ]
INFO: [ view_filter ] --END-- [ RunTime:0.000598s ]
INFO: [ app_end ] --START--
INFO: Run Behavior\ShowPageTraceBehavior [ RunTime:0.000713s ]
INFO: [ app_end ] --END-- [ RunTime:0.000778s ]

