[ 2017-03-04T15:06:26+08:00 ] ::1 /matouPCS/Uploads/223
INFO: [ app_init ] --START--
INFO: Run Behavior\BuildLiteBehavior [ RunTime:0.000017s ]
INFO: [ app_init ] --END-- [ RunTime:0.000453s ]
ERR: 无法加载模块:Uploads

[ 2017-03-04T15:06:29+08:00 ] ::1 /matouPCS/Uploads/223
INFO: [ app_init ] --START--
INFO: Run Behavior\BuildLiteBehavior [ RunTime:0.000015s ]
INFO: [ app_init ] --END-- [ RunTime:0.000404s ]
ERR: 无法加载模块:Uploads

[ 2017-03-04T15:06:30+08:00 ] ::1 /matouPCS/Uploads/223
INFO: [ app_init ] --START--
INFO: Run Behavior\BuildLiteBehavior [ RunTime:0.000015s ]
INFO: [ app_init ] --END-- [ RunTime:0.000349s ]
ERR: 无法加载模块:Uploads

[ 2017-03-04T15:29:52+08:00 ] ::1 /matouPCS/Uploads/223
INFO: [ app_init ] --START--
INFO: Run Behavior\BuildLiteBehavior [ RunTime:0.000040s ]
INFO: [ app_init ] --END-- [ RunTime:0.000959s ]
ERR: 无法加载模块:Uploads

[ 2017-03-04T15:29:56+08:00 ] ::1 /matouPCS/Uploads/223
INFO: [ app_init ] --START--
INFO: Run Behavior\BuildLiteBehavior [ RunTime:0.000087s ]
INFO: [ app_init ] --END-- [ RunTime:0.001895s ]
ERR: 无法加载模块:Uploads

[ 2017-03-04T18:07:57+08:00 ] ::1 /matouPCS/Public/Home/css/3rank-footer.css
INFO: [ app_init ] --START--
INFO: Run Behavior\BuildLiteBehavior [ RunTime:0.000174s ]
INFO: [ app_init ] --END-- [ RunTime:0.006541s ]
ERR: 无法加载模块:Public

[ 2017-03-04T18:18:24+08:00 ] ::1 /matouPCS/Public/Home/css/3rank-footer.css
INFO: [ app_init ] --START--
INFO: Run Behavior\BuildLiteBehavior [ RunTime:0.000046s ]
INFO: [ app_init ] --END-- [ RunTime:0.001051s ]
ERR: 无法加载模块:Public

[ 2017-03-04T18:18:25+08:00 ] ::1 /matouPCS/Public/Home/css/3rank-footer.css
INFO: [ app_init ] --START--
INFO: Run Behavior\BuildLiteBehavior [ RunTime:0.000302s ]
INFO: [ app_init ] --END-- [ RunTime:0.014146s ]
ERR: 无法加载模块:Public

[ 2017-03-04T18:22:42+08:00 ] ::1 /matouPCS/Public/Home/img/icon_photo.png
INFO: [ app_init ] --START--
INFO: Run Behavior\BuildLiteBehavior [ RunTime:0.000038s ]
INFO: [ app_init ] --END-- [ RunTime:0.000877s ]
ERR: 无法加载模块:Public

[ 2017-03-04T18:22:53+08:00 ] ::1 /matouPCS/Public/Home/img/icon_photo.png
INFO: [ app_init ] --START--
INFO: Run Behavior\BuildLiteBehavior [ RunTime:0.000024s ]
INFO: [ app_init ] --END-- [ RunTime:0.000666s ]
ERR: 无法加载模块:Public

[ 2017-03-04T18:42:04+08:00 ] ::1 /matouPCS/?s=/User/userZp
INFO: [ app_init ] --START--
INFO: Run Behavior\BuildLiteBehavior [ RunTime:0.000060s ]
INFO: [ app_init ] --END-- [ RunTime:0.002085s ]
ERR: 无法加载模块:User

[ 2017-03-04T19:09:02+08:00 ] ::1 /matouPCS/Public/Home/css/3rank-footer.css
INFO: [ app_init ] --START--
INFO: Run Behavior\BuildLiteBehavior [ RunTime:0.000021s ]
INFO: [ app_init ] --END-- [ RunTime:0.000749s ]
ERR: 无法加载模块:Public

[ 2017-03-04T19:09:02+08:00 ] ::1 /matouPCS/Public/Home/css/3rank-footer.css
INFO: [ app_init ] --START--
INFO: Run Behavior\BuildLiteBehavior [ RunTime:0.000019s ]
INFO: [ app_init ] --END-- [ RunTime:0.000512s ]
ERR: 无法加载模块:Public

[ 2017-03-04T19:09:20+08:00 ] ::1 /matouPCS/Public/Home/css/3rank-footer.css
INFO: [ app_init ] --START--
INFO: Run Behavior\BuildLiteBehavior [ RunTime:0.000038s ]
INFO: [ app_init ] --END-- [ RunTime:0.000602s ]
ERR: 无法加载模块:Public

[ 2017-03-04T19:09:21+08:00 ] ::1 /matouPCS/Public/Home/css/3rank-footer.css
INFO: [ app_init ] --START--
INFO: Run Behavior\BuildLiteBehavior [ RunTime:0.000039s ]
INFO: [ app_init ] --END-- [ RunTime:0.000907s ]
ERR: 无法加载模块:Public

[ 2017-03-04T19:09:25+08:00 ] ::1 /matouPCS/Uploads/Uploads/2017-02-23/58ae3e45bac04.jpg
INFO: [ app_init ] --START--
INFO: Run Behavior\BuildLiteBehavior [ RunTime:0.000028s ]
INFO: [ app_init ] --END-- [ RunTime:0.000717s ]
ERR: 无法加载模块:Uploads

[ 2017-03-04T19:09:25+08:00 ] ::1 /matouPCS/Uploads/Uploads/2017-02-23/58ae3e45c05bd.jpg
INFO: [ app_init ] --START--
INFO: Run Behavior\BuildLiteBehavior [ RunTime:0.000042s ]
INFO: [ app_init ] --END-- [ RunTime:0.000858s ]
ERR: 无法加载模块:Uploads

[ 2017-03-04T19:09:25+08:00 ] ::1 /matouPCS/Public/Home/css/3rank-footer.css
INFO: [ app_init ] --START--
INFO: Run Behavior\BuildLiteBehavior [ RunTime:0.000019s ]
INFO: [ app_init ] --END-- [ RunTime:0.000542s ]
ERR: 无法加载模块:Public

[ 2017-03-04T19:09:25+08:00 ] ::1 /matouPCS/Public/Home/showWin.js
INFO: [ app_init ] --START--
INFO: Run Behavior\BuildLiteBehavior [ RunTime:0.000041s ]
INFO: [ app_init ] --END-- [ RunTime:0.001655s ]
ERR: 无法加载模块:Public

[ 2017-03-04T19:09:25+08:00 ] ::1 /matouPCS/Uploads/Uploads/2017-02-23/58ae4e294ecc1.png
INFO: [ app_init ] --START--
INFO: Run Behavior\BuildLiteBehavior [ RunTime:0.000023s ]
INFO: [ app_init ] --END-- [ RunTime:0.000574s ]
ERR: 无法加载模块:Uploads

[ 2017-03-04T19:09:25+08:00 ] ::1 /matouPCS/Uploads/Uploads/2017-02-23/58ae3e45c05bd.jpg
INFO: [ app_init ] --START--
INFO: Run Behavior\BuildLiteBehavior [ RunTime:0.000052s ]
INFO: [ app_init ] --END-- [ RunTime:0.000927s ]
ERR: 无法加载模块:Uploads

[ 2017-03-04T19:09:25+08:00 ] ::1 /matouPCS/Uploads/Uploads/2017-02-23/58ae3e45bac04.jpg
INFO: [ app_init ] --START--
INFO: Run Behavior\BuildLiteBehavior [ RunTime:0.000048s ]
INFO: [ app_init ] --END-- [ RunTime:0.000990s ]
ERR: 无法加载模块:Uploads

[ 2017-03-04T19:09:25+08:00 ] ::1 /matouPCS/Public/Home/css/3rank-footer.css
INFO: [ app_init ] --START--
INFO: Run Behavior\BuildLiteBehavior [ RunTime:0.000030s ]
INFO: [ app_init ] --END-- [ RunTime:0.000755s ]
ERR: 无法加载模块:Public

[ 2017-03-04T19:09:25+08:00 ] ::1 /matouPCS/Public/Home/showWin.js
INFO: [ app_init ] --START--
INFO: Run Behavior\BuildLiteBehavior [ RunTime:0.000161s ]
INFO: [ app_init ] --END-- [ RunTime:0.001610s ]
ERR: 无法加载模块:Public

[ 2017-03-04T19:09:28+08:00 ] ::1 /matouPCS/Public/Home/css/3rank-footer.css
INFO: [ app_init ] --START--
INFO: Run Behavior\BuildLiteBehavior [ RunTime:0.000020s ]
INFO: [ app_init ] --END-- [ RunTime:0.000579s ]
ERR: 无法加载模块:Public

[ 2017-03-04T19:09:28+08:00 ] ::1 /matouPCS/Public/Home/css/3rank-footer.css
INFO: [ app_init ] --START--
INFO: Run Behavior\BuildLiteBehavior [ RunTime:0.000040s ]
INFO: [ app_init ] --END-- [ RunTime:0.001275s ]
ERR: 无法加载模块:Public

[ 2017-03-04T19:09:43+08:00 ] ::1 /matouPCS/Public/Home/css/3rank-footer.css
INFO: [ app_init ] --START--
INFO: Run Behavior\BuildLiteBehavior [ RunTime:0.000018s ]
INFO: [ app_init ] --END-- [ RunTime:0.000483s ]
ERR: 无法加载模块:Public

[ 2017-03-04T19:09:44+08:00 ] ::1 /matouPCS/Public/Home/css/3rank-footer.css
INFO: [ app_init ] --START--
INFO: Run Behavior\BuildLiteBehavior [ RunTime:0.000072s ]
INFO: [ app_init ] --END-- [ RunTime:0.001375s ]
ERR: 无法加载模块:Public

