[ 2017-04-06T09:49:24+08:00 ] 127.0.0.1 /matouPCS/Uploads/Uploads/2017-01-05/586e150e66a05.jpg
INFO: [ app_init ] --START--
INFO: Run Behavior\BuildLiteBehavior [ RunTime:0.000015s ]
INFO: [ app_init ] --END-- [ RunTime:0.000577s ]
ERR: 无法加载模块:Uploads

[ 2017-04-06T09:49:24+08:00 ] 127.0.0.1 /matouPCS/Uploads/Uploads/2017-01-05/586e150e66a05.jpg
INFO: [ app_init ] --START--
INFO: Run Behavior\BuildLiteBehavior [ RunTime:0.000017s ]
INFO: [ app_init ] --END-- [ RunTime:0.000412s ]
ERR: 无法加载模块:Uploads

[ 2017-04-06T14:27:57+08:00 ] 127.0.0.1 /matouPCS/Public/Home/img/simple_s2_580aece7.png
INFO: [ app_init ] --START--
INFO: Run Behavior\BuildLiteBehavior [ RunTime:0.000110s ]
INFO: [ app_init ] --END-- [ RunTime:0.001399s ]
ERR: 无法加载模块:Public

[ 2017-04-06T14:27:57+08:00 ] 127.0.0.1 /matouPCS/Public/Home/img/simple_s_468f567e.png
INFO: [ app_init ] --START--
INFO: Run Behavior\BuildLiteBehavior [ RunTime:0.000022s ]
INFO: [ app_init ] --END-- [ RunTime:0.000768s ]
ERR: 无法加载模块:Public

[ 2017-04-06T18:50:13+08:00 ] 127.0.0.1 /matouPCs/Public/Home/img/LOGO-zp.png
INFO: [ app_init ] --START--
INFO: Run Behavior\BuildLiteBehavior [ RunTime:0.000029s ]
INFO: [ app_init ] --END-- [ RunTime:0.000813s ]
ERR: 无法加载模块:Public

[ 2017-04-06T18:50:14+08:00 ] 127.0.0.1 /matouPCs/Public/Home/img/LOGO-zp.png
INFO: [ app_init ] --START--
INFO: Run Behavior\BuildLiteBehavior [ RunTime:0.000023s ]
INFO: [ app_init ] --END-- [ RunTime:0.000704s ]
ERR: 无法加载模块:Public

[ 2017-04-06T18:52:58+08:00 ] 127.0.0.1 /matouPCs/Public/Home/img/LOGO-zp.png
INFO: [ app_init ] --START--
INFO: Run Behavior\BuildLiteBehavior [ RunTime:0.000033s ]
INFO: [ app_init ] --END-- [ RunTime:0.001131s ]
ERR: 无法加载模块:Public

[ 2017-04-06T18:52:58+08:00 ] 127.0.0.1 /matouPCs/Public/Home/img/LOGO-zp.png
INFO: [ app_init ] --START--
INFO: Run Behavior\BuildLiteBehavior [ RunTime:0.000033s ]
INFO: [ app_init ] --END-- [ RunTime:0.003951s ]
ERR: 无法加载模块:Public

[ 2017-04-06T19:10:08+08:00 ] 127.0.0.1 /matouPCS/Public/Home/img/LOGO-zp.png
INFO: [ app_init ] --START--
INFO: Run Behavior\BuildLiteBehavior [ RunTime:0.000033s ]
INFO: [ app_init ] --END-- [ RunTime:0.000825s ]
ERR: 无法加载模块:Public

[ 2017-04-06T19:10:08+08:00 ] 127.0.0.1 /matouPCS/Public/Home/img/LOGO-zp.png
INFO: [ app_init ] --START--
INFO: Run Behavior\BuildLiteBehavior [ RunTime:0.000022s ]
INFO: [ app_init ] --END-- [ RunTime:0.000591s ]
ERR: 无法加载模块:Public

[ 2017-04-06T19:10:11+08:00 ] 127.0.0.1 /matouPCS/Public/Home/img/LOGO-zp.png
INFO: [ app_init ] --START--
INFO: Run Behavior\BuildLiteBehavior [ RunTime:0.000034s ]
INFO: [ app_init ] --END-- [ RunTime:0.000840s ]
ERR: 无法加载模块:Public

[ 2017-04-06T19:10:11+08:00 ] 127.0.0.1 /matouPCS/Public/Home/img/LOGO-zp.png
INFO: [ app_init ] --START--
INFO: Run Behavior\BuildLiteBehavior [ RunTime:0.000032s ]
INFO: [ app_init ] --END-- [ RunTime:0.000623s ]
ERR: 无法加载模块:Public

[ 2017-04-06T19:10:14+08:00 ] 127.0.0.1 /matouPCS/Public/Home/img/LOGO-zp.png
INFO: [ app_init ] --START--
INFO: Run Behavior\BuildLiteBehavior [ RunTime:0.000022s ]
INFO: [ app_init ] --END-- [ RunTime:0.000683s ]
ERR: 无法加载模块:Public

[ 2017-04-06T19:10:14+08:00 ] 127.0.0.1 /matouPCS/Public/Home/img/LOGO-zp.png
INFO: [ app_init ] --START--
INFO: Run Behavior\BuildLiteBehavior [ RunTime:0.000031s ]
INFO: [ app_init ] --END-- [ RunTime:0.000755s ]
ERR: 无法加载模块:Public

[ 2017-04-06T19:37:00+08:00 ] 127.0.0.1 /matouPCS/img/alert-close.png
INFO: [ app_init ] --START--
INFO: Run Behavior\BuildLiteBehavior [ RunTime:0.000038s ]
INFO: [ app_init ] --END-- [ RunTime:0.001423s ]
ERR: 无法加载模块:Img

[ 2017-04-06T19:37:00+08:00 ] 127.0.0.1 /matouPCS/img/wyxs.png
INFO: [ app_init ] --START--
INFO: Run Behavior\BuildLiteBehavior [ RunTime:0.000033s ]
INFO: [ app_init ] --END-- [ RunTime:0.000793s ]
ERR: 无法加载模块:Img

[ 2017-04-06T19:37:00+08:00 ] 127.0.0.1 /matouPCS/img/wyys.png
INFO: [ app_init ] --START--
INFO: Run Behavior\BuildLiteBehavior [ RunTime:0.000026s ]
INFO: [ app_init ] --END-- [ RunTime:0.000753s ]
ERR: 无法加载模块:Img

[ 2017-04-06T19:37:00+08:00 ] 127.0.0.1 /matouPCS/img/wyyp.png
INFO: [ app_init ] --START--
INFO: Run Behavior\BuildLiteBehavior [ RunTime:0.000032s ]
INFO: [ app_init ] --END-- [ RunTime:0.000746s ]
ERR: 无法加载模块:Img

[ 2017-04-06T19:37:00+08:00 ] 127.0.0.1 /matouPCS/img/wyqg.png
INFO: [ app_init ] --START--
INFO: Run Behavior\BuildLiteBehavior [ RunTime:0.000027s ]
INFO: [ app_init ] --END-- [ RunTime:0.000771s ]
ERR: 无法加载模块:Img

[ 2017-04-06T19:37:01+08:00 ] 127.0.0.1 /matouPCS/img/wyzp.png
INFO: [ app_init ] --START--
INFO: Run Behavior\BuildLiteBehavior [ RunTime:0.000042s ]
INFO: [ app_init ] --END-- [ RunTime:0.000936s ]
ERR: 无法加载模块:Img

[ 2017-04-06T19:37:01+08:00 ] 127.0.0.1 /matouPCS/img/wyxz.png
INFO: [ app_init ] --START--
INFO: Run Behavior\BuildLiteBehavior [ RunTime:0.000018s ]
INFO: [ app_init ] --END-- [ RunTime:0.000503s ]
ERR: 无法加载模块:Img

[ 2017-04-06T19:37:01+08:00 ] 127.0.0.1 /matouPCS/img/wyyp.png
INFO: [ app_init ] --START--
INFO: Run Behavior\BuildLiteBehavior [ RunTime:0.000030s ]
INFO: [ app_init ] --END-- [ RunTime:0.000854s ]
ERR: 无法加载模块:Img

[ 2017-04-06T19:37:01+08:00 ] 127.0.0.1 /matouPCS/img/alert-close.png
INFO: [ app_init ] --START--
INFO: Run Behavior\BuildLiteBehavior [ RunTime:0.000025s ]
INFO: [ app_init ] --END-- [ RunTime:0.000741s ]
ERR: 无法加载模块:Img

[ 2017-04-06T19:37:01+08:00 ] 127.0.0.1 /matouPCS/img/wyzp.png
INFO: [ app_init ] --START--
INFO: Run Behavior\BuildLiteBehavior [ RunTime:0.000028s ]
INFO: [ app_init ] --END-- [ RunTime:0.000721s ]
ERR: 无法加载模块:Img

[ 2017-04-06T19:37:01+08:00 ] 127.0.0.1 /matouPCS/img/wyxs.png
INFO: [ app_init ] --START--
INFO: Run Behavior\BuildLiteBehavior [ RunTime:0.000026s ]
INFO: [ app_init ] --END-- [ RunTime:0.000780s ]
ERR: 无法加载模块:Img

[ 2017-04-06T19:37:01+08:00 ] 127.0.0.1 /matouPCS/img/wyqg.png
INFO: [ app_init ] --START--
INFO: Run Behavior\BuildLiteBehavior [ RunTime:0.000061s ]
INFO: [ app_init ] --END-- [ RunTime:0.000953s ]
ERR: 无法加载模块:Img

[ 2017-04-06T19:37:01+08:00 ] 127.0.0.1 /matouPCS/img/wyys.png
INFO: [ app_init ] --START--
INFO: Run Behavior\BuildLiteBehavior [ RunTime:0.000027s ]
INFO: [ app_init ] --END-- [ RunTime:0.000986s ]
ERR: 无法加载模块:Img

[ 2017-04-06T19:37:01+08:00 ] 127.0.0.1 /matouPCS/img/wyxz.png
INFO: [ app_init ] --START--
INFO: Run Behavior\BuildLiteBehavior [ RunTime:0.000031s ]
INFO: [ app_init ] --END-- [ RunTime:0.000759s ]
ERR: 无法加载模块:Img

[ 2017-04-06T19:37:17+08:00 ] 127.0.0.1 /matouPCS/img/wyxs.png
INFO: [ app_init ] --START--
INFO: Run Behavior\BuildLiteBehavior [ RunTime:0.000032s ]
INFO: [ app_init ] --END-- [ RunTime:0.000710s ]
ERR: 无法加载模块:Img

[ 2017-04-06T19:37:17+08:00 ] 127.0.0.1 /matouPCS/img/wyxz.png
INFO: [ app_init ] --START--
INFO: Run Behavior\BuildLiteBehavior [ RunTime:0.000035s ]
INFO: [ app_init ] --END-- [ RunTime:0.001027s ]
ERR: 无法加载模块:Img

[ 2017-04-06T19:37:17+08:00 ] 127.0.0.1 /matouPCS/img/alert-close.png
INFO: [ app_init ] --START--
INFO: Run Behavior\BuildLiteBehavior [ RunTime:0.000088s ]
INFO: [ app_init ] --END-- [ RunTime:0.001358s ]
ERR: 无法加载模块:Img

[ 2017-04-06T19:37:17+08:00 ] 127.0.0.1 /matouPCS/img/wyyp.png
INFO: [ app_init ] --START--
INFO: Run Behavior\BuildLiteBehavior [ RunTime:0.000036s ]
INFO: [ app_init ] --END-- [ RunTime:0.000962s ]
ERR: 无法加载模块:Img

[ 2017-04-06T19:37:17+08:00 ] 127.0.0.1 /matouPCS/img/wyzp.png
INFO: [ app_init ] --START--
INFO: Run Behavior\BuildLiteBehavior [ RunTime:0.000032s ]
INFO: [ app_init ] --END-- [ RunTime:0.000906s ]
ERR: 无法加载模块:Img

[ 2017-04-06T19:37:17+08:00 ] 127.0.0.1 /matouPCS/img/wyys.png
INFO: [ app_init ] --START--
INFO: Run Behavior\BuildLiteBehavior [ RunTime:0.000037s ]
INFO: [ app_init ] --END-- [ RunTime:0.000799s ]
ERR: 无法加载模块:Img

[ 2017-04-06T19:37:17+08:00 ] 127.0.0.1 /matouPCS/img/wyqg.png
INFO: [ app_init ] --START--
INFO: Run Behavior\BuildLiteBehavior [ RunTime:0.000036s ]
INFO: [ app_init ] --END-- [ RunTime:0.000841s ]
ERR: 无法加载模块:Img

[ 2017-04-06T19:37:18+08:00 ] 127.0.0.1 /matouPCS/img/wyzp.png
INFO: [ app_init ] --START--
INFO: Run Behavior\BuildLiteBehavior [ RunTime:0.000028s ]
INFO: [ app_init ] --END-- [ RunTime:0.000807s ]
ERR: 无法加载模块:Img

[ 2017-04-06T19:37:18+08:00 ] 127.0.0.1 /matouPCS/img/alert-close.png
INFO: [ app_init ] --START--
INFO: Run Behavior\BuildLiteBehavior [ RunTime:0.000030s ]
INFO: [ app_init ] --END-- [ RunTime:0.000732s ]
ERR: 无法加载模块:Img

[ 2017-04-06T19:37:18+08:00 ] 127.0.0.1 /matouPCS/img/wyyp.png
INFO: [ app_init ] --START--
INFO: Run Behavior\BuildLiteBehavior [ RunTime:0.000037s ]
INFO: [ app_init ] --END-- [ RunTime:0.001898s ]
ERR: 无法加载模块:Img

[ 2017-04-06T19:37:18+08:00 ] 127.0.0.1 /matouPCS/img/wyxz.png
INFO: [ app_init ] --START--
INFO: Run Behavior\BuildLiteBehavior [ RunTime:0.000066s ]
INFO: [ app_init ] --END-- [ RunTime:0.001633s ]
ERR: 无法加载模块:Img

[ 2017-04-06T19:37:18+08:00 ] 127.0.0.1 /matouPCS/img/wyys.png
INFO: [ app_init ] --START--
INFO: Run Behavior\BuildLiteBehavior [ RunTime:0.000034s ]
INFO: [ app_init ] --END-- [ RunTime:0.001292s ]
ERR: 无法加载模块:Img

[ 2017-04-06T19:37:18+08:00 ] 127.0.0.1 /matouPCS/img/wyqg.png
INFO: [ app_init ] --START--
INFO: Run Behavior\BuildLiteBehavior [ RunTime:0.000058s ]
INFO: [ app_init ] --END-- [ RunTime:0.000811s ]
ERR: 无法加载模块:Img

[ 2017-04-06T19:37:18+08:00 ] 127.0.0.1 /matouPCS/img/wyxs.png
INFO: [ app_init ] --START--
INFO: Run Behavior\BuildLiteBehavior [ RunTime:0.000030s ]
INFO: [ app_init ] --END-- [ RunTime:0.000821s ]
ERR: 无法加载模块:Img

[ 2017-04-06T19:39:52+08:00 ] 127.0.0.1 /matouPCS/img/alert-close.png
INFO: [ app_init ] --START--
INFO: Run Behavior\BuildLiteBehavior [ RunTime:0.000036s ]
INFO: [ app_init ] --END-- [ RunTime:0.003148s ]
ERR: 无法加载模块:Img

[ 2017-04-06T19:39:52+08:00 ] 127.0.0.1 /matouPCS/img/wyys.png
INFO: [ app_init ] --START--
INFO: Run Behavior\BuildLiteBehavior [ RunTime:0.000031s ]
INFO: [ app_init ] --END-- [ RunTime:0.000828s ]
ERR: 无法加载模块:Img

[ 2017-04-06T19:39:52+08:00 ] 127.0.0.1 /matouPCS/img/wyzp.png
INFO: [ app_init ] --START--
INFO: Run Behavior\BuildLiteBehavior [ RunTime:0.000027s ]
INFO: [ app_init ] --END-- [ RunTime:0.000764s ]
ERR: 无法加载模块:Img

[ 2017-04-06T19:39:52+08:00 ] 127.0.0.1 /matouPCS/img/wyxs.png
INFO: [ app_init ] --START--
INFO: Run Behavior\BuildLiteBehavior [ RunTime:0.000035s ]
INFO: [ app_init ] --END-- [ RunTime:0.000785s ]
ERR: 无法加载模块:Img

[ 2017-04-06T19:39:52+08:00 ] 127.0.0.1 /matouPCS/img/wyqg.png
INFO: [ app_init ] --START--
INFO: Run Behavior\BuildLiteBehavior [ RunTime:0.000032s ]
INFO: [ app_init ] --END-- [ RunTime:0.000770s ]
ERR: 无法加载模块:Img

[ 2017-04-06T19:39:52+08:00 ] 127.0.0.1 /matouPCS/img/wyxz.png
INFO: [ app_init ] --START--
INFO: Run Behavior\BuildLiteBehavior [ RunTime:0.000020s ]
INFO: [ app_init ] --END-- [ RunTime:0.000544s ]
ERR: 无法加载模块:Img

[ 2017-04-06T19:39:52+08:00 ] 127.0.0.1 /matouPCS/img/alert-close.png
INFO: [ app_init ] --START--
INFO: Run Behavior\BuildLiteBehavior [ RunTime:0.000035s ]
INFO: [ app_init ] --END-- [ RunTime:0.000891s ]
ERR: 无法加载模块:Img

[ 2017-04-06T19:39:52+08:00 ] 127.0.0.1 /matouPCS/img/wyyp.png
INFO: [ app_init ] --START--
INFO: Run Behavior\BuildLiteBehavior [ RunTime:0.000029s ]
INFO: [ app_init ] --END-- [ RunTime:0.000794s ]
ERR: 无法加载模块:Img

[ 2017-04-06T19:39:52+08:00 ] 127.0.0.1 /matouPCS/img/wyqg.png
INFO: [ app_init ] --START--
INFO: Run Behavior\BuildLiteBehavior [ RunTime:0.000025s ]
INFO: [ app_init ] --END-- [ RunTime:0.000739s ]
ERR: 无法加载模块:Img

[ 2017-04-06T19:39:52+08:00 ] 127.0.0.1 /matouPCS/img/wyxs.png
INFO: [ app_init ] --START--
INFO: Run Behavior\BuildLiteBehavior [ RunTime:0.000030s ]
INFO: [ app_init ] --END-- [ RunTime:0.000699s ]
ERR: 无法加载模块:Img

[ 2017-04-06T19:39:52+08:00 ] 127.0.0.1 /matouPCS/img/wyys.png
INFO: [ app_init ] --START--
INFO: Run Behavior\BuildLiteBehavior [ RunTime:0.000044s ]
INFO: [ app_init ] --END-- [ RunTime:0.000924s ]
ERR: 无法加载模块:Img

[ 2017-04-06T19:39:52+08:00 ] 127.0.0.1 /matouPCS/img/wyzp.png
INFO: [ app_init ] --START--
INFO: Run Behavior\BuildLiteBehavior [ RunTime:0.000030s ]
INFO: [ app_init ] --END-- [ RunTime:0.000760s ]
ERR: 无法加载模块:Img

[ 2017-04-06T19:39:52+08:00 ] 127.0.0.1 /matouPCS/img/wyxz.png
INFO: [ app_init ] --START--
INFO: Run Behavior\BuildLiteBehavior [ RunTime:0.000019s ]
INFO: [ app_init ] --END-- [ RunTime:0.000533s ]
ERR: 无法加载模块:Img

