[ 2017-04-11T10:06:03+08:00 ] 127.0.0.1 /matouPCS/Public/Home/js/mtb.js
INFO: [ app_init ] --START--
INFO: Run Behavior\BuildLiteBehavior [ RunTime:0.000024s ]
INFO: [ app_init ] --END-- [ RunTime:0.000675s ]
ERR: 无法加载模块:Public

[ 2017-04-11T10:06:26+08:00 ] 127.0.0.1 /matouPCS/Public/Home/js/mtb.js
INFO: [ app_init ] --START--
INFO: Run Behavior\BuildLiteBehavior [ RunTime:0.000013s ]
INFO: [ app_init ] --END-- [ RunTime:0.000403s ]
ERR: 无法加载模块:Public

[ 2017-04-11T10:06:44+08:00 ] 127.0.0.1 /matouPCS/Public/Home/js/mtb.js
INFO: [ app_init ] --START--
INFO: Run Behavior\BuildLiteBehavior [ RunTime:0.000022s ]
INFO: [ app_init ] --END-- [ RunTime:0.000604s ]
ERR: 无法加载模块:Public

[ 2017-04-11T10:07:06+08:00 ] 127.0.0.1 /matouPCS/Public/Home/js/mtb.js
INFO: [ app_init ] --START--
INFO: Run Behavior\BuildLiteBehavior [ RunTime:0.000012s ]
INFO: [ app_init ] --END-- [ RunTime:0.000457s ]
ERR: 无法加载模块:Public

[ 2017-04-11T10:07:20+08:00 ] 127.0.0.1 /matouPCS/img/gold-sl.png
INFO: [ app_init ] --START--
INFO: Run Behavior\BuildLiteBehavior [ RunTime:0.000039s ]
INFO: [ app_init ] --END-- [ RunTime:0.000791s ]
ERR: 无法加载模块:Img

[ 2017-04-11T10:07:42+08:00 ] 127.0.0.1 /matouPCS/Public/Home/js/mtb.js
INFO: [ app_init ] --START--
INFO: Run Behavior\BuildLiteBehavior [ RunTime:0.000014s ]
INFO: [ app_init ] --END-- [ RunTime:0.000520s ]
ERR: 无法加载模块:Public

[ 2017-04-11T10:07:43+08:00 ] 127.0.0.1 /matouPCS/Public/Home/js/mtb.js
INFO: [ app_init ] --START--
INFO: Run Behavior\BuildLiteBehavior [ RunTime:0.000015s ]
INFO: [ app_init ] --END-- [ RunTime:0.000416s ]
ERR: 无法加载模块:Public

[ 2017-04-11T10:08:04+08:00 ] 127.0.0.1 /matouPCS/img/wyxs.png
INFO: [ app_init ] --START--
INFO: Run Behavior\BuildLiteBehavior [ RunTime:0.000025s ]
INFO: [ app_init ] --END-- [ RunTime:0.000645s ]
ERR: 无法加载模块:Img

[ 2017-04-11T10:08:04+08:00 ] 127.0.0.1 /matouPCS/img/wyys.png
INFO: [ app_init ] --START--
INFO: Run Behavior\BuildLiteBehavior [ RunTime:0.000026s ]
INFO: [ app_init ] --END-- [ RunTime:0.000673s ]
ERR: 无法加载模块:Img

[ 2017-04-11T10:08:04+08:00 ] 127.0.0.1 /matouPCS/img/wyyp.png
INFO: [ app_init ] --START--
INFO: Run Behavior\BuildLiteBehavior [ RunTime:0.000016s ]
INFO: [ app_init ] --END-- [ RunTime:0.000415s ]
ERR: 无法加载模块:Img

[ 2017-04-11T10:08:04+08:00 ] 127.0.0.1 /matouPCS/img/wyzp.png
INFO: [ app_init ] --START--
INFO: Run Behavior\BuildLiteBehavior [ RunTime:0.000015s ]
INFO: [ app_init ] --END-- [ RunTime:0.000428s ]
ERR: 无法加载模块:Img

[ 2017-04-11T10:08:04+08:00 ] 127.0.0.1 /matouPCS/img/wyqg.png
INFO: [ app_init ] --START--
INFO: Run Behavior\BuildLiteBehavior [ RunTime:0.000016s ]
INFO: [ app_init ] --END-- [ RunTime:0.000545s ]
ERR: 无法加载模块:Img

[ 2017-04-11T10:08:04+08:00 ] 127.0.0.1 /matouPCS/img/wyxz.png
INFO: [ app_init ] --START--
INFO: Run Behavior\BuildLiteBehavior [ RunTime:0.000016s ]
INFO: [ app_init ] --END-- [ RunTime:0.000572s ]
ERR: 无法加载模块:Img

[ 2017-04-11T10:08:04+08:00 ] 127.0.0.1 /matouPCS/img/wyys.png
INFO: [ app_init ] --START--
INFO: Run Behavior\BuildLiteBehavior [ RunTime:0.000025s ]
INFO: [ app_init ] --END-- [ RunTime:0.000583s ]
ERR: 无法加载模块:Img

[ 2017-04-11T10:08:04+08:00 ] 127.0.0.1 /matouPCS/img/wyzp.png
INFO: [ app_init ] --START--
INFO: Run Behavior\BuildLiteBehavior [ RunTime:0.000024s ]
INFO: [ app_init ] --END-- [ RunTime:0.000544s ]
ERR: 无法加载模块:Img

[ 2017-04-11T10:08:04+08:00 ] 127.0.0.1 /matouPCS/img/wyqg.png
INFO: [ app_init ] --START--
INFO: Run Behavior\BuildLiteBehavior [ RunTime:0.000025s ]
INFO: [ app_init ] --END-- [ RunTime:0.000633s ]
ERR: 无法加载模块:Img

[ 2017-04-11T10:08:04+08:00 ] 127.0.0.1 /matouPCS/img/wyxs.png
INFO: [ app_init ] --START--
INFO: Run Behavior\BuildLiteBehavior [ RunTime:0.000025s ]
INFO: [ app_init ] --END-- [ RunTime:0.000686s ]
ERR: 无法加载模块:Img

[ 2017-04-11T10:08:04+08:00 ] 127.0.0.1 /matouPCS/img/wyyp.png
INFO: [ app_init ] --START--
INFO: Run Behavior\BuildLiteBehavior [ RunTime:0.000028s ]
INFO: [ app_init ] --END-- [ RunTime:0.000922s ]
ERR: 无法加载模块:Img

[ 2017-04-11T10:08:04+08:00 ] 127.0.0.1 /matouPCS/img/wyxz.png
INFO: [ app_init ] --START--
INFO: Run Behavior\BuildLiteBehavior [ RunTime:0.000024s ]
INFO: [ app_init ] --END-- [ RunTime:0.001036s ]
ERR: 无法加载模块:Img

[ 2017-04-11T10:08:11+08:00 ] 127.0.0.1 /matouPCS/img/wyzp.png
INFO: [ app_init ] --START--
INFO: Run Behavior\BuildLiteBehavior [ RunTime:0.000016s ]
INFO: [ app_init ] --END-- [ RunTime:0.000425s ]
ERR: 无法加载模块:Img

[ 2017-04-11T10:08:11+08:00 ] 127.0.0.1 /matouPCS/img/wyxs.png
INFO: [ app_init ] --START--
INFO: Run Behavior\BuildLiteBehavior [ RunTime:0.000016s ]
INFO: [ app_init ] --END-- [ RunTime:0.000493s ]
ERR: 无法加载模块:Img

[ 2017-04-11T10:08:11+08:00 ] 127.0.0.1 /matouPCS/img/wyyp.png
INFO: [ app_init ] --START--
INFO: Run Behavior\BuildLiteBehavior [ RunTime:0.000014s ]
INFO: [ app_init ] --END-- [ RunTime:0.000468s ]
ERR: 无法加载模块:Img

[ 2017-04-11T10:08:11+08:00 ] 127.0.0.1 /matouPCS/img/wyys.png
INFO: [ app_init ] --START--
INFO: Run Behavior\BuildLiteBehavior [ RunTime:0.000025s ]
INFO: [ app_init ] --END-- [ RunTime:0.000872s ]
ERR: 无法加载模块:Img

[ 2017-04-11T10:08:11+08:00 ] 127.0.0.1 /matouPCS/img/wyqg.png
INFO: [ app_init ] --START--
INFO: Run Behavior\BuildLiteBehavior [ RunTime:0.000018s ]
INFO: [ app_init ] --END-- [ RunTime:0.000584s ]
ERR: 无法加载模块:Img

[ 2017-04-11T10:08:11+08:00 ] 127.0.0.1 /matouPCS/img/wyxz.png
INFO: [ app_init ] --START--
INFO: Run Behavior\BuildLiteBehavior [ RunTime:0.000014s ]
INFO: [ app_init ] --END-- [ RunTime:0.000409s ]
ERR: 无法加载模块:Img

[ 2017-04-11T10:08:11+08:00 ] 127.0.0.1 /matouPCS/img/wyyp.png
INFO: [ app_init ] --START--
INFO: Run Behavior\BuildLiteBehavior [ RunTime:0.000024s ]
INFO: [ app_init ] --END-- [ RunTime:0.000565s ]
ERR: 无法加载模块:Img

[ 2017-04-11T10:08:11+08:00 ] 127.0.0.1 /matouPCS/img/wyys.png
INFO: [ app_init ] --START--
INFO: Run Behavior\BuildLiteBehavior [ RunTime:0.000023s ]
INFO: [ app_init ] --END-- [ RunTime:0.000575s ]
ERR: 无法加载模块:Img

[ 2017-04-11T10:08:11+08:00 ] 127.0.0.1 /matouPCS/img/wyxs.png
INFO: [ app_init ] --START--
INFO: Run Behavior\BuildLiteBehavior [ RunTime:0.000016s ]
INFO: [ app_init ] --END-- [ RunTime:0.000560s ]
ERR: 无法加载模块:Img

[ 2017-04-11T10:08:11+08:00 ] 127.0.0.1 /matouPCS/img/wyqg.png
INFO: [ app_init ] --START--
INFO: Run Behavior\BuildLiteBehavior [ RunTime:0.000024s ]
INFO: [ app_init ] --END-- [ RunTime:0.000643s ]
ERR: 无法加载模块:Img

[ 2017-04-11T10:08:11+08:00 ] 127.0.0.1 /matouPCS/img/wyxz.png
INFO: [ app_init ] --START--
INFO: Run Behavior\BuildLiteBehavior [ RunTime:0.000028s ]
INFO: [ app_init ] --END-- [ RunTime:0.000694s ]
ERR: 无法加载模块:Img

[ 2017-04-11T10:08:11+08:00 ] 127.0.0.1 /matouPCS/img/wyzp.png
INFO: [ app_init ] --START--
INFO: Run Behavior\BuildLiteBehavior [ RunTime:0.000030s ]
INFO: [ app_init ] --END-- [ RunTime:0.000877s ]
ERR: 无法加载模块:Img

[ 2017-04-11T10:13:23+08:00 ] 127.0.0.1 /matouPCS/Public/Home/js/mtb.js
INFO: [ app_init ] --START--
INFO: Run Behavior\BuildLiteBehavior [ RunTime:0.000016s ]
INFO: [ app_init ] --END-- [ RunTime:0.000466s ]
ERR: 无法加载模块:Public

[ 2017-04-11T10:13:23+08:00 ] 127.0.0.1 /matouPCS/Public/Home/js/mtb.js
INFO: [ app_init ] --START--
INFO: Run Behavior\BuildLiteBehavior [ RunTime:0.000013s ]
INFO: [ app_init ] --END-- [ RunTime:0.000400s ]
ERR: 无法加载模块:Public

[ 2017-04-11T10:13:33+08:00 ] 127.0.0.1 /matouPCS/img/wyxs.png
INFO: [ app_init ] --START--
INFO: Run Behavior\BuildLiteBehavior [ RunTime:0.000025s ]
INFO: [ app_init ] --END-- [ RunTime:0.000631s ]
ERR: 无法加载模块:Img

[ 2017-04-11T10:13:33+08:00 ] 127.0.0.1 /matouPCS/img/wyyp.png
INFO: [ app_init ] --START--
INFO: Run Behavior\BuildLiteBehavior [ RunTime:0.000023s ]
INFO: [ app_init ] --END-- [ RunTime:0.000601s ]
ERR: 无法加载模块:Img

[ 2017-04-11T10:13:33+08:00 ] 127.0.0.1 /matouPCS/img/wyzp.png
INFO: [ app_init ] --START--
INFO: Run Behavior\BuildLiteBehavior [ RunTime:0.000021s ]
INFO: [ app_init ] --END-- [ RunTime:0.000644s ]
ERR: 无法加载模块:Img

[ 2017-04-11T10:13:33+08:00 ] 127.0.0.1 /matouPCS/img/wyys.png
INFO: [ app_init ] --START--
INFO: Run Behavior\BuildLiteBehavior [ RunTime:0.000022s ]
INFO: [ app_init ] --END-- [ RunTime:0.000621s ]
ERR: 无法加载模块:Img

[ 2017-04-11T10:13:33+08:00 ] 127.0.0.1 /matouPCS/img/wyxz.png
INFO: [ app_init ] --START--
INFO: Run Behavior\BuildLiteBehavior [ RunTime:0.000032s ]
INFO: [ app_init ] --END-- [ RunTime:0.000909s ]
ERR: 无法加载模块:Img

[ 2017-04-11T10:13:33+08:00 ] 127.0.0.1 /matouPCS/img/wyys.png
INFO: [ app_init ] --START--
INFO: Run Behavior\BuildLiteBehavior [ RunTime:0.000024s ]
INFO: [ app_init ] --END-- [ RunTime:0.000546s ]
ERR: 无法加载模块:Img

[ 2017-04-11T10:13:33+08:00 ] 127.0.0.1 /matouPCS/img/wyqg.png
INFO: [ app_init ] --START--
INFO: Run Behavior\BuildLiteBehavior [ RunTime:0.000025s ]
INFO: [ app_init ] --END-- [ RunTime:0.000855s ]
ERR: 无法加载模块:Img

[ 2017-04-11T10:13:33+08:00 ] 127.0.0.1 /matouPCS/img/wyxz.png
INFO: [ app_init ] --START--
INFO: Run Behavior\BuildLiteBehavior [ RunTime:0.000024s ]
INFO: [ app_init ] --END-- [ RunTime:0.000625s ]
ERR: 无法加载模块:Img

[ 2017-04-11T10:13:33+08:00 ] 127.0.0.1 /matouPCS/img/wyyp.png
INFO: [ app_init ] --START--
INFO: Run Behavior\BuildLiteBehavior [ RunTime:0.000020s ]
INFO: [ app_init ] --END-- [ RunTime:0.000645s ]
ERR: 无法加载模块:Img

[ 2017-04-11T10:13:33+08:00 ] 127.0.0.1 /matouPCS/img/wyxs.png
INFO: [ app_init ] --START--
INFO: Run Behavior\BuildLiteBehavior [ RunTime:0.000022s ]
INFO: [ app_init ] --END-- [ RunTime:0.000745s ]
ERR: 无法加载模块:Img

[ 2017-04-11T10:13:33+08:00 ] 127.0.0.1 /matouPCS/img/wyzp.png
INFO: [ app_init ] --START--
INFO: Run Behavior\BuildLiteBehavior [ RunTime:0.000026s ]
INFO: [ app_init ] --END-- [ RunTime:0.000625s ]
ERR: 无法加载模块:Img

[ 2017-04-11T10:13:36+08:00 ] 127.0.0.1 /matouPCS/img/wyqg.png
INFO: [ app_init ] --START--
INFO: Run Behavior\BuildLiteBehavior [ RunTime:0.000023s ]
INFO: [ app_init ] --END-- [ RunTime:0.000704s ]
ERR: 无法加载模块:Img

[ 2017-04-11T10:13:36+08:00 ] 127.0.0.1 /matouPCS/img/wyys.png
INFO: [ app_init ] --START--
INFO: Run Behavior\BuildLiteBehavior [ RunTime:0.000022s ]
INFO: [ app_init ] --END-- [ RunTime:0.000704s ]
ERR: 无法加载模块:Img

[ 2017-04-11T10:13:36+08:00 ] 127.0.0.1 /matouPCS/img/alert-close.png
INFO: [ app_init ] --START--
INFO: Run Behavior\BuildLiteBehavior [ RunTime:0.000025s ]
INFO: [ app_init ] --END-- [ RunTime:0.000638s ]
ERR: 无法加载模块:Img

[ 2017-04-11T10:13:36+08:00 ] 127.0.0.1 /matouPCS/img/wyyp.png
INFO: [ app_init ] --START--
INFO: Run Behavior\BuildLiteBehavior [ RunTime:0.000022s ]
INFO: [ app_init ] --END-- [ RunTime:0.000649s ]
ERR: 无法加载模块:Img

[ 2017-04-11T10:13:36+08:00 ] 127.0.0.1 /matouPCS/img/wyxs.png
INFO: [ app_init ] --START--
INFO: Run Behavior\BuildLiteBehavior [ RunTime:0.000021s ]
INFO: [ app_init ] --END-- [ RunTime:0.000776s ]
ERR: 无法加载模块:Img

[ 2017-04-11T10:13:36+08:00 ] 127.0.0.1 /matouPCS/img/wyxz.png
INFO: [ app_init ] --START--
INFO: Run Behavior\BuildLiteBehavior [ RunTime:0.000015s ]
INFO: [ app_init ] --END-- [ RunTime:0.000399s ]
ERR: 无法加载模块:Img

[ 2017-04-11T10:13:36+08:00 ] 127.0.0.1 /matouPCS/img/alert-close.png
INFO: [ app_init ] --START--
INFO: Run Behavior\BuildLiteBehavior [ RunTime:0.000015s ]
INFO: [ app_init ] --END-- [ RunTime:0.000457s ]
ERR: 无法加载模块:Img

[ 2017-04-11T10:13:36+08:00 ] 127.0.0.1 /matouPCS/img/wyxz.png
INFO: [ app_init ] --START--
INFO: Run Behavior\BuildLiteBehavior [ RunTime:0.000028s ]
INFO: [ app_init ] --END-- [ RunTime:0.000757s ]
ERR: 无法加载模块:Img

[ 2017-04-11T10:13:36+08:00 ] 127.0.0.1 /matouPCS/img/wyxs.png
INFO: [ app_init ] --START--
INFO: Run Behavior\BuildLiteBehavior [ RunTime:0.000025s ]
INFO: [ app_init ] --END-- [ RunTime:0.001254s ]
ERR: 无法加载模块:Img

[ 2017-04-11T10:13:36+08:00 ] 127.0.0.1 /matouPCS/img/wyyp.png
INFO: [ app_init ] --START--
INFO: Run Behavior\BuildLiteBehavior [ RunTime:0.000022s ]
INFO: [ app_init ] --END-- [ RunTime:0.000620s ]
ERR: 无法加载模块:Img

[ 2017-04-11T10:13:36+08:00 ] 127.0.0.1 /matouPCS/img/wyys.png
INFO: [ app_init ] --START--
INFO: Run Behavior\BuildLiteBehavior [ RunTime:0.000028s ]
INFO: [ app_init ] --END-- [ RunTime:0.002426s ]
ERR: 无法加载模块:Img

[ 2017-04-11T10:13:36+08:00 ] 127.0.0.1 /matouPCS/img/wyzp.png
INFO: [ app_init ] --START--
INFO: Run Behavior\BuildLiteBehavior [ RunTime:0.000026s ]
INFO: [ app_init ] --END-- [ RunTime:0.000863s ]
ERR: 无法加载模块:Img

[ 2017-04-11T10:13:41+08:00 ] 127.0.0.1 /matouPCS/img/xzfx.png
INFO: [ app_init ] --START--
INFO: Run Behavior\BuildLiteBehavior [ RunTime:0.000017s ]
INFO: [ app_init ] --END-- [ RunTime:0.000452s ]
ERR: 无法加载模块:Img

[ 2017-04-11T10:13:42+08:00 ] 127.0.0.1 /matouPCS/img/xzfx.png
INFO: [ app_init ] --START--
INFO: Run Behavior\BuildLiteBehavior [ RunTime:0.000029s ]
INFO: [ app_init ] --END-- [ RunTime:0.000804s ]
ERR: 无法加载模块:Img

[ 2017-04-11T10:14:25+08:00 ] 127.0.0.1 /matouPCS/img/xzfx.png
INFO: [ app_init ] --START--
INFO: Run Behavior\BuildLiteBehavior [ RunTime:0.000016s ]
INFO: [ app_init ] --END-- [ RunTime:0.000521s ]
ERR: 无法加载模块:Img

[ 2017-04-11T10:14:26+08:00 ] 127.0.0.1 /matouPCS/img/xzfx.png
INFO: [ app_init ] --START--
INFO: Run Behavior\BuildLiteBehavior [ RunTime:0.000015s ]
INFO: [ app_init ] --END-- [ RunTime:0.000455s ]
ERR: 无法加载模块:Img

[ 2017-04-11T10:17:20+08:00 ] 127.0.0.1 /matouPCS/Public/Home/js/mtb.js
INFO: [ app_init ] --START--
INFO: Run Behavior\BuildLiteBehavior [ RunTime:0.000016s ]
INFO: [ app_init ] --END-- [ RunTime:0.000478s ]
ERR: 无法加载模块:Public

[ 2017-04-11T10:17:21+08:00 ] 127.0.0.1 /matouPCS/Public/Home/js/mtb.js
INFO: [ app_init ] --START--
INFO: Run Behavior\BuildLiteBehavior [ RunTime:0.000014s ]
INFO: [ app_init ] --END-- [ RunTime:0.000465s ]
ERR: 无法加载模块:Public

[ 2017-04-11T10:50:25+08:00 ] 127.0.0.1 /matouPCS/Public/Home/js/mtb.js
INFO: [ app_init ] --START--
INFO: Run Behavior\BuildLiteBehavior [ RunTime:0.000026s ]
INFO: [ app_init ] --END-- [ RunTime:0.000521s ]
ERR: 无法加载模块:Public

[ 2017-04-11T10:50:25+08:00 ] 127.0.0.1 /matouPCS/Public/Home/js/mtb.js
INFO: [ app_init ] --START--
INFO: Run Behavior\BuildLiteBehavior [ RunTime:0.000012s ]
INFO: [ app_init ] --END-- [ RunTime:0.000449s ]
ERR: 无法加载模块:Public

[ 2017-04-11T10:50:30+08:00 ] 127.0.0.1 /matouPCS/img/wyxs.png
INFO: [ app_init ] --START--
INFO: Run Behavior\BuildLiteBehavior [ RunTime:0.000022s ]
INFO: [ app_init ] --END-- [ RunTime:0.000613s ]
ERR: 无法加载模块:Img

[ 2017-04-11T10:50:30+08:00 ] 127.0.0.1 /matouPCS/img/wyzp.png
INFO: [ app_init ] --START--
INFO: Run Behavior\BuildLiteBehavior [ RunTime:0.000025s ]
INFO: [ app_init ] --END-- [ RunTime:0.000641s ]
ERR: 无法加载模块:Img

[ 2017-04-11T10:50:30+08:00 ] 127.0.0.1 /matouPCS/img/wyyp.png
INFO: [ app_init ] --START--
INFO: Run Behavior\BuildLiteBehavior [ RunTime:0.000014s ]
INFO: [ app_init ] --END-- [ RunTime:0.000438s ]
ERR: 无法加载模块:Img

[ 2017-04-11T10:50:30+08:00 ] 127.0.0.1 /matouPCS/img/wyys.png
INFO: [ app_init ] --START--
INFO: Run Behavior\BuildLiteBehavior [ RunTime:0.000014s ]
INFO: [ app_init ] --END-- [ RunTime:0.000476s ]
ERR: 无法加载模块:Img

[ 2017-04-11T10:50:30+08:00 ] 127.0.0.1 /matouPCS/img/wyqg.png
INFO: [ app_init ] --START--
INFO: Run Behavior\BuildLiteBehavior [ RunTime:0.000015s ]
INFO: [ app_init ] --END-- [ RunTime:0.000473s ]
ERR: 无法加载模块:Img

[ 2017-04-11T10:50:30+08:00 ] 127.0.0.1 /matouPCS/img/wyxz.png
INFO: [ app_init ] --START--
INFO: Run Behavior\BuildLiteBehavior [ RunTime:0.000014s ]
INFO: [ app_init ] --END-- [ RunTime:0.000424s ]
ERR: 无法加载模块:Img

[ 2017-04-11T10:50:30+08:00 ] 127.0.0.1 /matouPCS/img/wyxs.png
INFO: [ app_init ] --START--
INFO: Run Behavior\BuildLiteBehavior [ RunTime:0.000030s ]
INFO: [ app_init ] --END-- [ RunTime:0.000789s ]
ERR: 无法加载模块:Img

[ 2017-04-11T10:50:30+08:00 ] 127.0.0.1 /matouPCS/img/wyzp.png
INFO: [ app_init ] --START--
INFO: Run Behavior\BuildLiteBehavior [ RunTime:0.000029s ]
INFO: [ app_init ] --END-- [ RunTime:0.000761s ]
ERR: 无法加载模块:Img

[ 2017-04-11T10:50:30+08:00 ] 127.0.0.1 /matouPCS/img/wyyp.png
INFO: [ app_init ] --START--
INFO: Run Behavior\BuildLiteBehavior [ RunTime:0.000033s ]
INFO: [ app_init ] --END-- [ RunTime:0.000962s ]
ERR: 无法加载模块:Img

[ 2017-04-11T10:50:30+08:00 ] 127.0.0.1 /matouPCS/img/wyqg.png
INFO: [ app_init ] --START--
INFO: Run Behavior\BuildLiteBehavior [ RunTime:0.000032s ]
INFO: [ app_init ] --END-- [ RunTime:0.000887s ]
ERR: 无法加载模块:Img

[ 2017-04-11T10:50:30+08:00 ] 127.0.0.1 /matouPCS/img/wyxz.png
INFO: [ app_init ] --START--
INFO: Run Behavior\BuildLiteBehavior [ RunTime:0.000028s ]
INFO: [ app_init ] --END-- [ RunTime:0.000608s ]
ERR: 无法加载模块:Img

[ 2017-04-11T10:52:55+08:00 ] 127.0.0.1 /matouPCS/Public/Home/js/mtb.js
INFO: [ app_init ] --START--
INFO: Run Behavior\BuildLiteBehavior [ RunTime:0.000017s ]
INFO: [ app_init ] --END-- [ RunTime:0.000677s ]
ERR: 无法加载模块:Public

[ 2017-04-11T10:52:55+08:00 ] 127.0.0.1 /matouPCS/Public/Home/js/mtb.js
INFO: [ app_init ] --START--
INFO: Run Behavior\BuildLiteBehavior [ RunTime:0.000015s ]
INFO: [ app_init ] --END-- [ RunTime:0.000519s ]
ERR: 无法加载模块:Public

[ 2017-04-11T10:53:18+08:00 ] 127.0.0.1 /matouPCS/Uploads/Uploads/2017-01-05/586e150e66a05.jpg
INFO: [ app_init ] --START--
INFO: Run Behavior\BuildLiteBehavior [ RunTime:0.000018s ]
INFO: [ app_init ] --END-- [ RunTime:0.000528s ]
ERR: 无法加载模块:Uploads

[ 2017-04-11T10:53:54+08:00 ] 127.0.0.1 /matouPCS/Public/Home/js/mtb.js
INFO: [ app_init ] --START--
INFO: Run Behavior\BuildLiteBehavior [ RunTime:0.000030s ]
INFO: [ app_init ] --END-- [ RunTime:0.000591s ]
ERR: 无法加载模块:Public

[ 2017-04-11T10:53:54+08:00 ] 127.0.0.1 /matouPCS/Public/Home/js/mtb.js
INFO: [ app_init ] --START--
INFO: Run Behavior\BuildLiteBehavior [ RunTime:0.000013s ]
INFO: [ app_init ] --END-- [ RunTime:0.000488s ]
ERR: 无法加载模块:Public

[ 2017-04-11T10:55:01+08:00 ] 127.0.0.1 /matouPCS/Uploads/Uploads/2017-01-05/586e150e66a05.jpg
INFO: [ app_init ] --START--
INFO: Run Behavior\BuildLiteBehavior [ RunTime:0.000029s ]
INFO: [ app_init ] --END-- [ RunTime:0.000606s ]
ERR: 无法加载模块:Uploads

[ 2017-04-11T10:55:22+08:00 ] 127.0.0.1 /matouPCS/Public/Home/js/mtb.js
INFO: [ app_init ] --START--
INFO: Run Behavior\BuildLiteBehavior [ RunTime:0.000015s ]
INFO: [ app_init ] --END-- [ RunTime:0.000515s ]
ERR: 无法加载模块:Public

[ 2017-04-11T10:55:22+08:00 ] 127.0.0.1 /matouPCS/Public/Home/js/mtb.js
INFO: [ app_init ] --START--
INFO: Run Behavior\BuildLiteBehavior [ RunTime:0.000013s ]
INFO: [ app_init ] --END-- [ RunTime:0.000441s ]
ERR: 无法加载模块:Public

[ 2017-04-11T10:55:26+08:00 ] 127.0.0.1 /matouPCS/img/wyxs.png
INFO: [ app_init ] --START--
INFO: Run Behavior\BuildLiteBehavior [ RunTime:0.000026s ]
INFO: [ app_init ] --END-- [ RunTime:0.000707s ]
ERR: 无法加载模块:Img

[ 2017-04-11T10:55:26+08:00 ] 127.0.0.1 /matouPCS/img/wyys.png
INFO: [ app_init ] --START--
INFO: Run Behavior\BuildLiteBehavior [ RunTime:0.000024s ]
INFO: [ app_init ] --END-- [ RunTime:0.000625s ]
ERR: 无法加载模块:Img

[ 2017-04-11T10:55:26+08:00 ] 127.0.0.1 /matouPCS/img/wyzp.png
INFO: [ app_init ] --START--
INFO: Run Behavior\BuildLiteBehavior [ RunTime:0.000025s ]
INFO: [ app_init ] --END-- [ RunTime:0.000614s ]
ERR: 无法加载模块:Img

[ 2017-04-11T10:55:26+08:00 ] 127.0.0.1 /matouPCS/img/wyxz.png
INFO: [ app_init ] --START--
INFO: Run Behavior\BuildLiteBehavior [ RunTime:0.000023s ]
INFO: [ app_init ] --END-- [ RunTime:0.000649s ]
ERR: 无法加载模块:Img

[ 2017-04-11T10:55:26+08:00 ] 127.0.0.1 /matouPCS/img/wyyp.png
INFO: [ app_init ] --START--
INFO: Run Behavior\BuildLiteBehavior [ RunTime:0.000022s ]
INFO: [ app_init ] --END-- [ RunTime:0.000624s ]
ERR: 无法加载模块:Img

[ 2017-04-11T10:55:26+08:00 ] 127.0.0.1 /matouPCS/img/wyqg.png
INFO: [ app_init ] --START--
INFO: Run Behavior\BuildLiteBehavior [ RunTime:0.000015s ]
INFO: [ app_init ] --END-- [ RunTime:0.000413s ]
ERR: 无法加载模块:Img

[ 2017-04-11T10:55:26+08:00 ] 127.0.0.1 /matouPCS/img/wyyp.png
INFO: [ app_init ] --START--
INFO: Run Behavior\BuildLiteBehavior [ RunTime:0.000024s ]
INFO: [ app_init ] --END-- [ RunTime:0.000771s ]
ERR: 无法加载模块:Img

[ 2017-04-11T10:55:26+08:00 ] 127.0.0.1 /matouPCS/img/wyxs.png
INFO: [ app_init ] --START--
INFO: Run Behavior\BuildLiteBehavior [ RunTime:0.000023s ]
INFO: [ app_init ] --END-- [ RunTime:0.000760s ]
ERR: 无法加载模块:Img

[ 2017-04-11T10:55:26+08:00 ] 127.0.0.1 /matouPCS/img/wyzp.png
INFO: [ app_init ] --START--
INFO: Run Behavior\BuildLiteBehavior [ RunTime:0.000021s ]
INFO: [ app_init ] --END-- [ RunTime:0.000609s ]
ERR: 无法加载模块:Img

[ 2017-04-11T10:55:37+08:00 ] 127.0.0.1 /matouPCS/Public/Home/js/mtb.js
INFO: [ app_init ] --START--
INFO: Run Behavior\BuildLiteBehavior [ RunTime:0.000016s ]
INFO: [ app_init ] --END-- [ RunTime:0.000499s ]
ERR: 无法加载模块:Public

[ 2017-04-11T10:55:38+08:00 ] 127.0.0.1 /matouPCS/Public/Home/js/mtb.js
INFO: [ app_init ] --START--
INFO: Run Behavior\BuildLiteBehavior [ RunTime:0.000014s ]
INFO: [ app_init ] --END-- [ RunTime:0.000484s ]
ERR: 无法加载模块:Public

[ 2017-04-11T10:55:41+08:00 ] 127.0.0.1 /matouPCS/img/wyxs.png
INFO: [ app_init ] --START--
INFO: Run Behavior\BuildLiteBehavior [ RunTime:0.000026s ]
INFO: [ app_init ] --END-- [ RunTime:0.000648s ]
ERR: 无法加载模块:Img

[ 2017-04-11T10:55:41+08:00 ] 127.0.0.1 /matouPCS/img/wyys.png
INFO: [ app_init ] --START--
INFO: Run Behavior\BuildLiteBehavior [ RunTime:0.000048s ]
INFO: [ app_init ] --END-- [ RunTime:0.000818s ]
ERR: 无法加载模块:Img

[ 2017-04-11T10:55:41+08:00 ] 127.0.0.1 /matouPCS/img/wyzp.png
INFO: [ app_init ] --START--
INFO: Run Behavior\BuildLiteBehavior [ RunTime:0.000015s ]
INFO: [ app_init ] --END-- [ RunTime:0.000591s ]
ERR: 无法加载模块:Img

[ 2017-04-11T10:55:41+08:00 ] 127.0.0.1 /matouPCS/img/wyyp.png
INFO: [ app_init ] --START--
INFO: Run Behavior\BuildLiteBehavior [ RunTime:0.000015s ]
INFO: [ app_init ] --END-- [ RunTime:0.000439s ]
ERR: 无法加载模块:Img

[ 2017-04-11T10:55:41+08:00 ] 127.0.0.1 /matouPCS/img/wyqg.png
INFO: [ app_init ] --START--
INFO: Run Behavior\BuildLiteBehavior [ RunTime:0.000021s ]
INFO: [ app_init ] --END-- [ RunTime:0.000581s ]
ERR: 无法加载模块:Img

[ 2017-04-11T10:55:41+08:00 ] 127.0.0.1 /matouPCS/img/wyxz.png
INFO: [ app_init ] --START--
INFO: Run Behavior\BuildLiteBehavior [ RunTime:0.000016s ]
INFO: [ app_init ] --END-- [ RunTime:0.000534s ]
ERR: 无法加载模块:Img

[ 2017-04-11T10:55:41+08:00 ] 127.0.0.1 /matouPCS/img/wyys.png
INFO: [ app_init ] --START--
INFO: Run Behavior\BuildLiteBehavior [ RunTime:0.000039s ]
INFO: [ app_init ] --END-- [ RunTime:0.000909s ]
ERR: 无法加载模块:Img

[ 2017-04-11T10:55:41+08:00 ] 127.0.0.1 /matouPCS/img/wyqg.png
INFO: [ app_init ] --START--
INFO: Run Behavior\BuildLiteBehavior [ RunTime:0.000022s ]
INFO: [ app_init ] --END-- [ RunTime:0.000660s ]
ERR: 无法加载模块:Img

[ 2017-04-11T10:55:41+08:00 ] 127.0.0.1 /matouPCS/img/wyzp.png
INFO: [ app_init ] --START--
INFO: Run Behavior\BuildLiteBehavior [ RunTime:0.000022s ]
INFO: [ app_init ] --END-- [ RunTime:0.000621s ]
ERR: 无法加载模块:Img

[ 2017-04-11T10:55:41+08:00 ] 127.0.0.1 /matouPCS/img/wyxs.png
INFO: [ app_init ] --START--
INFO: Run Behavior\BuildLiteBehavior [ RunTime:0.000023s ]
INFO: [ app_init ] --END-- [ RunTime:0.000715s ]
ERR: 无法加载模块:Img

[ 2017-04-11T10:55:41+08:00 ] 127.0.0.1 /matouPCS/img/wyyp.png
INFO: [ app_init ] --START--
INFO: Run Behavior\BuildLiteBehavior [ RunTime:0.000026s ]
INFO: [ app_init ] --END-- [ RunTime:0.001141s ]
ERR: 无法加载模块:Img

[ 2017-04-11T10:55:41+08:00 ] 127.0.0.1 /matouPCS/img/wyxz.png
INFO: [ app_init ] --START--
INFO: Run Behavior\BuildLiteBehavior [ RunTime:0.000018s ]
INFO: [ app_init ] --END-- [ RunTime:0.000540s ]
ERR: 无法加载模块:Img

[ 2017-04-11T10:55:47+08:00 ] 127.0.0.1 /matouPCS/Public/Home/js/mtb.js
INFO: [ app_init ] --START--
INFO: Run Behavior\BuildLiteBehavior [ RunTime:0.000016s ]
INFO: [ app_init ] --END-- [ RunTime:0.000475s ]
ERR: 无法加载模块:Public

[ 2017-04-11T10:55:48+08:00 ] 127.0.0.1 /matouPCS/Public/Home/js/mtb.js
INFO: [ app_init ] --START--
INFO: Run Behavior\BuildLiteBehavior [ RunTime:0.000032s ]
INFO: [ app_init ] --END-- [ RunTime:0.000584s ]
ERR: 无法加载模块:Public

[ 2017-04-11T10:55:51+08:00 ] 127.0.0.1 /matouPCS/Uploads/Uploads/2017-01-05/586e150e66a05.jpg
INFO: [ app_init ] --START--
INFO: Run Behavior\BuildLiteBehavior [ RunTime:0.000020s ]
INFO: [ app_init ] --END-- [ RunTime:0.000914s ]
ERR: 无法加载模块:Uploads

[ 2017-04-11T11:05:44+08:00 ] 127.0.0.1 /matouPCS/Public/Home/js/mtb.js
INFO: [ app_init ] --START--
INFO: Run Behavior\BuildLiteBehavior [ RunTime:0.000017s ]
INFO: [ app_init ] --END-- [ RunTime:0.000590s ]
ERR: 无法加载模块:Public

[ 2017-04-11T11:05:45+08:00 ] 127.0.0.1 /matouPCS/Public/Home/js/mtb.js
INFO: [ app_init ] --START--
INFO: Run Behavior\BuildLiteBehavior [ RunTime:0.000017s ]
INFO: [ app_init ] --END-- [ RunTime:0.000469s ]
ERR: 无法加载模块:Public

[ 2017-04-11T11:05:50+08:00 ] 127.0.0.1 /matouPCS/img/wyxs.png
INFO: [ app_init ] --START--
INFO: Run Behavior\BuildLiteBehavior [ RunTime:0.000028s ]
INFO: [ app_init ] --END-- [ RunTime:0.000900s ]
ERR: 无法加载模块:Img

[ 2017-04-11T11:05:50+08:00 ] 127.0.0.1 /matouPCS/img/wyys.png
INFO: [ app_init ] --START--
INFO: Run Behavior\BuildLiteBehavior [ RunTime:0.000025s ]
INFO: [ app_init ] --END-- [ RunTime:0.000695s ]
ERR: 无法加载模块:Img

[ 2017-04-11T11:05:50+08:00 ] 127.0.0.1 /matouPCS/img/wyxz.png
INFO: [ app_init ] --START--
INFO: Run Behavior\BuildLiteBehavior [ RunTime:0.000025s ]
INFO: [ app_init ] --END-- [ RunTime:0.000697s ]
ERR: 无法加载模块:Img

[ 2017-04-11T11:05:50+08:00 ] 127.0.0.1 /matouPCS/img/wyqg.png
INFO: [ app_init ] --START--
INFO: Run Behavior\BuildLiteBehavior [ RunTime:0.000021s ]
INFO: [ app_init ] --END-- [ RunTime:0.000643s ]
ERR: 无法加载模块:Img

[ 2017-04-11T11:05:50+08:00 ] 127.0.0.1 /matouPCS/img/wyzp.png
INFO: [ app_init ] --START--
INFO: Run Behavior\BuildLiteBehavior [ RunTime:0.000021s ]
INFO: [ app_init ] --END-- [ RunTime:0.000707s ]
ERR: 无法加载模块:Img

[ 2017-04-11T11:05:50+08:00 ] 127.0.0.1 /matouPCS/img/wyyp.png
INFO: [ app_init ] --START--
INFO: Run Behavior\BuildLiteBehavior [ RunTime:0.000025s ]
INFO: [ app_init ] --END-- [ RunTime:0.000663s ]
ERR: 无法加载模块:Img

[ 2017-04-11T11:05:50+08:00 ] 127.0.0.1 /matouPCS/img/wyzp.png
INFO: [ app_init ] --START--
INFO: Run Behavior\BuildLiteBehavior [ RunTime:0.000024s ]
INFO: [ app_init ] --END-- [ RunTime:0.000623s ]
ERR: 无法加载模块:Img

[ 2017-04-11T11:05:50+08:00 ] 127.0.0.1 /matouPCS/img/wyxs.png
INFO: [ app_init ] --START--
INFO: Run Behavior\BuildLiteBehavior [ RunTime:0.000023s ]
INFO: [ app_init ] --END-- [ RunTime:0.000658s ]
ERR: 无法加载模块:Img

[ 2017-04-11T11:05:50+08:00 ] 127.0.0.1 /matouPCS/img/wyyp.png
INFO: [ app_init ] --START--
INFO: Run Behavior\BuildLiteBehavior [ RunTime:0.000023s ]
INFO: [ app_init ] --END-- [ RunTime:0.000762s ]
ERR: 无法加载模块:Img

[ 2017-04-11T11:05:50+08:00 ] 127.0.0.1 /matouPCS/img/wyys.png
INFO: [ app_init ] --START--
INFO: Run Behavior\BuildLiteBehavior [ RunTime:0.000024s ]
INFO: [ app_init ] --END-- [ RunTime:0.000652s ]
ERR: 无法加载模块:Img

[ 2017-04-11T11:05:50+08:00 ] 127.0.0.1 /matouPCS/img/wyxz.png
INFO: [ app_init ] --START--
INFO: Run Behavior\BuildLiteBehavior [ RunTime:0.000024s ]
INFO: [ app_init ] --END-- [ RunTime:0.000613s ]
ERR: 无法加载模块:Img

[ 2017-04-11T11:05:50+08:00 ] 127.0.0.1 /matouPCS/img/wyqg.png
INFO: [ app_init ] --START--
INFO: Run Behavior\BuildLiteBehavior [ RunTime:0.000026s ]
INFO: [ app_init ] --END-- [ RunTime:0.000801s ]
ERR: 无法加载模块:Img

[ 2017-04-11T11:06:23+08:00 ] 127.0.0.1 /matouPCS/Public/Home/js/mtb.js
INFO: [ app_init ] --START--
INFO: Run Behavior\BuildLiteBehavior [ RunTime:0.000017s ]
INFO: [ app_init ] --END-- [ RunTime:0.000443s ]
ERR: 无法加载模块:Public

[ 2017-04-11T11:06:24+08:00 ] 127.0.0.1 /matouPCS/Public/Home/js/mtb.js
INFO: [ app_init ] --START--
INFO: Run Behavior\BuildLiteBehavior [ RunTime:0.000013s ]
INFO: [ app_init ] --END-- [ RunTime:0.000375s ]
ERR: 无法加载模块:Public

[ 2017-04-11T11:07:12+08:00 ] 127.0.0.1 /matouPCS/Uploads/Uploads/2017-01-05/586e150e66a05.jpg
INFO: [ app_init ] --START--
INFO: Run Behavior\BuildLiteBehavior [ RunTime:0.000016s ]
INFO: [ app_init ] --END-- [ RunTime:0.000465s ]
ERR: 无法加载模块:Uploads

[ 2017-04-11T11:12:11+08:00 ] 127.0.0.1 /matouPCS/Uploads/Uploads/2017-01-05/586e150e66a05.jpg
INFO: [ app_init ] --START--
INFO: Run Behavior\BuildLiteBehavior [ RunTime:0.000025s ]
INFO: [ app_init ] --END-- [ RunTime:0.001102s ]
ERR: 无法加载模块:Uploads

[ 2017-04-11T11:12:40+08:00 ] 127.0.0.1 /matouPCS/Uploads/Uploads/2017-01-05/586e150e66a05.jpg
INFO: [ app_init ] --START--
INFO: Run Behavior\BuildLiteBehavior [ RunTime:0.000015s ]
INFO: [ app_init ] --END-- [ RunTime:0.000422s ]
ERR: 无法加载模块:Uploads

[ 2017-04-11T11:12:57+08:00 ] 127.0.0.1 /matouPCS/Uploads/Uploads/2017-01-05/586e150e66a05.jpg
INFO: [ app_init ] --START--
INFO: Run Behavior\BuildLiteBehavior [ RunTime:0.000065s ]
INFO: [ app_init ] --END-- [ RunTime:0.000980s ]
ERR: 无法加载模块:Uploads

[ 2017-04-11T11:13:31+08:00 ] 127.0.0.1 /matouPCS/Uploads/Uploads/2017-01-05/586e150e66a05.jpg
INFO: [ app_init ] --START--
INFO: Run Behavior\BuildLiteBehavior [ RunTime:0.000016s ]
INFO: [ app_init ] --END-- [ RunTime:0.000418s ]
ERR: 无法加载模块:Uploads

[ 2017-04-11T11:13:42+08:00 ] 127.0.0.1 /matouPCS/Uploads/Uploads/2017-01-05/586e150e66a05.jpg
INFO: [ app_init ] --START--
INFO: Run Behavior\BuildLiteBehavior [ RunTime:0.000014s ]
INFO: [ app_init ] --END-- [ RunTime:0.000394s ]
ERR: 无法加载模块:Uploads

[ 2017-04-11T11:14:08+08:00 ] 127.0.0.1 /matouPCS/Public/Home/js/mtb.js
INFO: [ app_init ] --START--
INFO: Run Behavior\BuildLiteBehavior [ RunTime:0.000015s ]
INFO: [ app_init ] --END-- [ RunTime:0.000396s ]
ERR: 无法加载模块:Public

[ 2017-04-11T11:14:08+08:00 ] 127.0.0.1 /matouPCS/Public/Home/js/mtb.js
INFO: [ app_init ] --START--
INFO: Run Behavior\BuildLiteBehavior [ RunTime:0.000015s ]
INFO: [ app_init ] --END-- [ RunTime:0.000432s ]
ERR: 无法加载模块:Public

[ 2017-04-11T11:14:11+08:00 ] 127.0.0.1 /matouPCS/img/wyxs.png
INFO: [ app_init ] --START--
INFO: Run Behavior\BuildLiteBehavior [ RunTime:0.000028s ]
INFO: [ app_init ] --END-- [ RunTime:0.000648s ]
ERR: 无法加载模块:Img

[ 2017-04-11T11:14:11+08:00 ] 127.0.0.1 /matouPCS/img/alert-close.png
INFO: [ app_init ] --START--
INFO: Run Behavior\BuildLiteBehavior [ RunTime:0.000023s ]
INFO: [ app_init ] --END-- [ RunTime:0.000631s ]
ERR: 无法加载模块:Img

[ 2017-04-11T11:14:11+08:00 ] 127.0.0.1 /matouPCS/img/wyzp.png
INFO: [ app_init ] --START--
INFO: Run Behavior\BuildLiteBehavior [ RunTime:0.000023s ]
INFO: [ app_init ] --END-- [ RunTime:0.000676s ]
ERR: 无法加载模块:Img

[ 2017-04-11T11:14:11+08:00 ] 127.0.0.1 /matouPCS/img/wyqg.png
INFO: [ app_init ] --START--
INFO: Run Behavior\BuildLiteBehavior [ RunTime:0.000022s ]
INFO: [ app_init ] --END-- [ RunTime:0.000616s ]
ERR: 无法加载模块:Img

[ 2017-04-11T11:14:11+08:00 ] 127.0.0.1 /matouPCS/img/wyyp.png
INFO: [ app_init ] --START--
INFO: Run Behavior\BuildLiteBehavior [ RunTime:0.000055s ]
INFO: [ app_init ] --END-- [ RunTime:0.000897s ]
ERR: 无法加载模块:Img

[ 2017-04-11T11:14:11+08:00 ] 127.0.0.1 /matouPCS/img/wyxz.png
INFO: [ app_init ] --START--
INFO: Run Behavior\BuildLiteBehavior [ RunTime:0.000026s ]
INFO: [ app_init ] --END-- [ RunTime:0.000860s ]
ERR: 无法加载模块:Img

[ 2017-04-11T11:14:11+08:00 ] 127.0.0.1 /matouPCS/img/wyys.png
INFO: [ app_init ] --START--
INFO: Run Behavior\BuildLiteBehavior [ RunTime:0.000032s ]
INFO: [ app_init ] --END-- [ RunTime:0.000532s ]
ERR: 无法加载模块:Img

[ 2017-04-11T11:14:11+08:00 ] 127.0.0.1 /matouPCS/img/alert-close.png
INFO: [ app_init ] --START--
INFO: Run Behavior\BuildLiteBehavior [ RunTime:0.000025s ]
INFO: [ app_init ] --END-- [ RunTime:0.000613s ]
ERR: 无法加载模块:Img

[ 2017-04-11T11:14:11+08:00 ] 127.0.0.1 /matouPCS/img/wyxs.png
INFO: [ app_init ] --START--
INFO: Run Behavior\BuildLiteBehavior [ RunTime:0.000020s ]
INFO: [ app_init ] --END-- [ RunTime:0.000595s ]
ERR: 无法加载模块:Img

[ 2017-04-11T11:14:11+08:00 ] 127.0.0.1 /matouPCS/img/wyyp.png
INFO: [ app_init ] --START--
INFO: Run Behavior\BuildLiteBehavior [ RunTime:0.000023s ]
INFO: [ app_init ] --END-- [ RunTime:0.000618s ]
ERR: 无法加载模块:Img

[ 2017-04-11T11:14:11+08:00 ] 127.0.0.1 /matouPCS/img/wyys.png
INFO: [ app_init ] --START--
INFO: Run Behavior\BuildLiteBehavior [ RunTime:0.000024s ]
INFO: [ app_init ] --END-- [ RunTime:0.000763s ]
ERR: 无法加载模块:Img

[ 2017-04-11T11:14:11+08:00 ] 127.0.0.1 /matouPCS/img/wyxz.png
INFO: [ app_init ] --START--
INFO: Run Behavior\BuildLiteBehavior [ RunTime:0.000024s ]
INFO: [ app_init ] --END-- [ RunTime:0.000633s ]
ERR: 无法加载模块:Img

[ 2017-04-11T11:14:11+08:00 ] 127.0.0.1 /matouPCS/img/wyzp.png
INFO: [ app_init ] --START--
INFO: Run Behavior\BuildLiteBehavior [ RunTime:0.000014s ]
INFO: [ app_init ] --END-- [ RunTime:0.000483s ]
ERR: 无法加载模块:Img

[ 2017-04-11T11:14:45+08:00 ] 127.0.0.1 /matouPCS/?s=/Ysq/xqys
INFO: [ app_init ] --START--
INFO: Run Behavior\BuildLiteBehavior [ RunTime:0.000016s ]
INFO: [ app_init ] --END-- [ RunTime:0.000488s ]
ERR: 无法加载模块:Ysq

[ 2017-04-11T11:15:30+08:00 ] 127.0.0.1 /matouPCS/img/alert-close.png
INFO: [ app_init ] --START--
INFO: Run Behavior\BuildLiteBehavior [ RunTime:0.000027s ]
INFO: [ app_init ] --END-- [ RunTime:0.000619s ]
ERR: 无法加载模块:Img

[ 2017-04-11T11:15:30+08:00 ] 127.0.0.1 /matouPCS/img/wyxs.png
INFO: [ app_init ] --START--
INFO: Run Behavior\BuildLiteBehavior [ RunTime:0.000023s ]
INFO: [ app_init ] --END-- [ RunTime:0.000693s ]
ERR: 无法加载模块:Img

[ 2017-04-11T11:15:30+08:00 ] 127.0.0.1 /matouPCS/img/wyys.png
INFO: [ app_init ] --START--
INFO: Run Behavior\BuildLiteBehavior [ RunTime:0.000021s ]
INFO: [ app_init ] --END-- [ RunTime:0.000606s ]
ERR: 无法加载模块:Img

[ 2017-04-11T11:15:30+08:00 ] 127.0.0.1 /matouPCS/img/wyzp.png
INFO: [ app_init ] --START--
INFO: Run Behavior\BuildLiteBehavior [ RunTime:0.000027s ]
INFO: [ app_init ] --END-- [ RunTime:0.000730s ]
ERR: 无法加载模块:Img

[ 2017-04-11T11:15:30+08:00 ] 127.0.0.1 /matouPCS/img/wyqg.png
INFO: [ app_init ] --START--
INFO: Run Behavior\BuildLiteBehavior [ RunTime:0.000023s ]
INFO: [ app_init ] --END-- [ RunTime:0.000672s ]
ERR: 无法加载模块:Img

[ 2017-04-11T11:15:30+08:00 ] 127.0.0.1 /matouPCS/img/wyxz.png
INFO: [ app_init ] --START--
INFO: Run Behavior\BuildLiteBehavior [ RunTime:0.000018s ]
INFO: [ app_init ] --END-- [ RunTime:0.000454s ]
ERR: 无法加载模块:Img

[ 2017-04-11T11:15:30+08:00 ] 127.0.0.1 /matouPCS/img/alert-close.png
INFO: [ app_init ] --START--
INFO: Run Behavior\BuildLiteBehavior [ RunTime:0.000025s ]
INFO: [ app_init ] --END-- [ RunTime:0.000674s ]
ERR: 无法加载模块:Img

[ 2017-04-11T11:15:30+08:00 ] 127.0.0.1 /matouPCS/img/wyxs.png
INFO: [ app_init ] --START--
INFO: Run Behavior\BuildLiteBehavior [ RunTime:0.000055s ]
INFO: [ app_init ] --END-- [ RunTime:0.000688s ]
ERR: 无法加载模块:Img

[ 2017-04-11T11:15:30+08:00 ] 127.0.0.1 /matouPCS/img/wyyp.png
INFO: [ app_init ] --START--
INFO: Run Behavior\BuildLiteBehavior [ RunTime:0.000024s ]
INFO: [ app_init ] --END-- [ RunTime:0.000611s ]
ERR: 无法加载模块:Img

[ 2017-04-11T11:15:30+08:00 ] 127.0.0.1 /matouPCS/img/wyzp.png
INFO: [ app_init ] --START--
INFO: Run Behavior\BuildLiteBehavior [ RunTime:0.000023s ]
INFO: [ app_init ] --END-- [ RunTime:0.000627s ]
ERR: 无法加载模块:Img

[ 2017-04-11T11:15:30+08:00 ] 127.0.0.1 /matouPCS/img/wyys.png
INFO: [ app_init ] --START--
INFO: Run Behavior\BuildLiteBehavior [ RunTime:0.000026s ]
INFO: [ app_init ] --END-- [ RunTime:0.000971s ]
ERR: 无法加载模块:Img

[ 2017-04-11T11:15:30+08:00 ] 127.0.0.1 /matouPCS/img/wyqg.png
INFO: [ app_init ] --START--
INFO: Run Behavior\BuildLiteBehavior [ RunTime:0.000047s ]
INFO: [ app_init ] --END-- [ RunTime:0.004079s ]
ERR: 无法加载模块:Img

[ 2017-04-11T11:15:30+08:00 ] 127.0.0.1 /matouPCS/img/wyxz.png
INFO: [ app_init ] --START--
INFO: Run Behavior\BuildLiteBehavior [ RunTime:0.000017s ]
INFO: [ app_init ] --END-- [ RunTime:0.000455s ]
ERR: 无法加载模块:Img

[ 2017-04-11T11:15:34+08:00 ] 127.0.0.1 /matouPCS/Public/Home/js/mtb.js
INFO: [ app_init ] --START--
INFO: Run Behavior\BuildLiteBehavior [ RunTime:0.000022s ]
INFO: [ app_init ] --END-- [ RunTime:0.000503s ]
ERR: 无法加载模块:Public

[ 2017-04-11T11:15:35+08:00 ] 127.0.0.1 /matouPCS/Public/Home/js/mtb.js
INFO: [ app_init ] --START--
INFO: Run Behavior\BuildLiteBehavior [ RunTime:0.000013s ]
INFO: [ app_init ] --END-- [ RunTime:0.000401s ]
ERR: 无法加载模块:Public

[ 2017-04-11T11:26:44+08:00 ] 127.0.0.1 //matouPCS/img/xzfx.png
INFO: [ app_init ] --START--
INFO: Run Behavior\BuildLiteBehavior [ RunTime:0.000016s ]
INFO: [ app_init ] --END-- [ RunTime:0.000517s ]
ERR: 无法加载模块:Img

[ 2017-04-11T11:26:44+08:00 ] 127.0.0.1 //matouPCS/img/xzfx.png
INFO: [ app_init ] --START--
INFO: Run Behavior\BuildLiteBehavior [ RunTime:0.000014s ]
INFO: [ app_init ] --END-- [ RunTime:0.000467s ]
ERR: 无法加载模块:Img

[ 2017-04-11T11:26:55+08:00 ] 127.0.0.1 //matouPCS/img/xzfx.png
INFO: [ app_init ] --START--
INFO: Run Behavior\BuildLiteBehavior [ RunTime:0.000022s ]
INFO: [ app_init ] --END-- [ RunTime:0.000588s ]
ERR: 无法加载模块:Img

[ 2017-04-11T11:26:56+08:00 ] 127.0.0.1 //matouPCS/img/xzfx.png
INFO: [ app_init ] --START--
INFO: Run Behavior\BuildLiteBehavior [ RunTime:0.000019s ]
INFO: [ app_init ] --END-- [ RunTime:0.000624s ]
ERR: 无法加载模块:Img

[ 2017-04-11T11:26:59+08:00 ] 127.0.0.1 //matouPCS/img/xzfx.png
INFO: [ app_init ] --START--
INFO: Run Behavior\BuildLiteBehavior [ RunTime:0.000014s ]
INFO: [ app_init ] --END-- [ RunTime:0.000508s ]
ERR: 无法加载模块:Img

[ 2017-04-11T11:27:00+08:00 ] 127.0.0.1 //matouPCS/img/xzfx.png
INFO: [ app_init ] --START--
INFO: Run Behavior\BuildLiteBehavior [ RunTime:0.000016s ]
INFO: [ app_init ] --END-- [ RunTime:0.000510s ]
ERR: 无法加载模块:Img

[ 2017-04-11T11:44:56+08:00 ] 127.0.0.1 /matouPCS/img/wyxs.png
INFO: [ app_init ] --START--
INFO: Run Behavior\BuildLiteBehavior [ RunTime:0.000023s ]
INFO: [ app_init ] --END-- [ RunTime:0.000615s ]
ERR: 无法加载模块:Img

[ 2017-04-11T11:44:56+08:00 ] 127.0.0.1 /matouPCS/img/wyys.png
INFO: [ app_init ] --START--
INFO: Run Behavior\BuildLiteBehavior [ RunTime:0.000027s ]
INFO: [ app_init ] --END-- [ RunTime:0.000663s ]
ERR: 无法加载模块:Img

[ 2017-04-11T11:44:56+08:00 ] 127.0.0.1 /matouPCS/img/wyxz.png
INFO: [ app_init ] --START--
INFO: Run Behavior\BuildLiteBehavior [ RunTime:0.000023s ]
INFO: [ app_init ] --END-- [ RunTime:0.000595s ]
ERR: 无法加载模块:Img

[ 2017-04-11T11:44:56+08:00 ] 127.0.0.1 /matouPCS/img/wyyp.png
INFO: [ app_init ] --START--
INFO: Run Behavior\BuildLiteBehavior [ RunTime:0.000019s ]
INFO: [ app_init ] --END-- [ RunTime:0.000841s ]
ERR: 无法加载模块:Img

[ 2017-04-11T11:44:56+08:00 ] 127.0.0.1 /matouPCS/img/wyzp.png
INFO: [ app_init ] --START--
INFO: Run Behavior\BuildLiteBehavior [ RunTime:0.000025s ]
INFO: [ app_init ] --END-- [ RunTime:0.000647s ]
ERR: 无法加载模块:Img

[ 2017-04-11T11:44:56+08:00 ] 127.0.0.1 /matouPCS/img/wyqg.png
INFO: [ app_init ] --START--
INFO: Run Behavior\BuildLiteBehavior [ RunTime:0.000035s ]
INFO: [ app_init ] --END-- [ RunTime:0.000823s ]
ERR: 无法加载模块:Img

[ 2017-04-11T11:44:56+08:00 ] 127.0.0.1 /matouPCS/img/wyxs.png
INFO: [ app_init ] --START--
INFO: Run Behavior\BuildLiteBehavior [ RunTime:0.000024s ]
INFO: [ app_init ] --END-- [ RunTime:0.000633s ]
ERR: 无法加载模块:Img

[ 2017-04-11T11:44:56+08:00 ] 127.0.0.1 /matouPCS/img/wyyp.png
INFO: [ app_init ] --START--
INFO: Run Behavior\BuildLiteBehavior [ RunTime:0.000074s ]
INFO: [ app_init ] --END-- [ RunTime:0.000983s ]
ERR: 无法加载模块:Img

[ 2017-04-11T11:44:56+08:00 ] 127.0.0.1 /matouPCS/img/wyys.png
INFO: [ app_init ] --START--
INFO: Run Behavior\BuildLiteBehavior [ RunTime:0.000024s ]
INFO: [ app_init ] --END-- [ RunTime:0.001119s ]
ERR: 无法加载模块:Img

[ 2017-04-11T11:44:56+08:00 ] 127.0.0.1 /matouPCS/img/wyxz.png
INFO: [ app_init ] --START--
INFO: Run Behavior\BuildLiteBehavior [ RunTime:0.000027s ]
INFO: [ app_init ] --END-- [ RunTime:0.000648s ]
ERR: 无法加载模块:Img

[ 2017-04-11T11:44:56+08:00 ] 127.0.0.1 /matouPCS/img/wyqg.png
INFO: [ app_init ] --START--
INFO: Run Behavior\BuildLiteBehavior [ RunTime:0.000023s ]
INFO: [ app_init ] --END-- [ RunTime:0.000847s ]
ERR: 无法加载模块:Img

[ 2017-04-11T11:44:56+08:00 ] 127.0.0.1 /matouPCS/img/wyzp.png
INFO: [ app_init ] --START--
INFO: Run Behavior\BuildLiteBehavior [ RunTime:0.000018s ]
INFO: [ app_init ] --END-- [ RunTime:0.000532s ]
ERR: 无法加载模块:Img

[ 2017-04-11T11:45:01+08:00 ] 127.0.0.1 /matouPCS/img/alert-close.png
INFO: [ app_init ] --START--
INFO: Run Behavior\BuildLiteBehavior [ RunTime:0.000027s ]
INFO: [ app_init ] --END-- [ RunTime:0.000714s ]
ERR: 无法加载模块:Img

[ 2017-04-11T11:45:01+08:00 ] 127.0.0.1 /matouPCS/img/wyys.png
INFO: [ app_init ] --START--
INFO: Run Behavior\BuildLiteBehavior [ RunTime:0.000025s ]
INFO: [ app_init ] --END-- [ RunTime:0.000707s ]
ERR: 无法加载模块:Img

[ 2017-04-11T11:45:01+08:00 ] 127.0.0.1 /matouPCS/img/wyzp.png
INFO: [ app_init ] --START--
INFO: Run Behavior\BuildLiteBehavior [ RunTime:0.000028s ]
INFO: [ app_init ] --END-- [ RunTime:0.000899s ]
ERR: 无法加载模块:Img

[ 2017-04-11T11:45:01+08:00 ] 127.0.0.1 /matouPCS/img/wyxz.png
INFO: [ app_init ] --START--
INFO: Run Behavior\BuildLiteBehavior [ RunTime:0.000027s ]
INFO: [ app_init ] --END-- [ RunTime:0.001003s ]
ERR: 无法加载模块:Img

[ 2017-04-11T11:45:01+08:00 ] 127.0.0.1 /matouPCS/img/wyqg.png
INFO: [ app_init ] --START--
INFO: Run Behavior\BuildLiteBehavior [ RunTime:0.000026s ]
INFO: [ app_init ] --END-- [ RunTime:0.000993s ]
ERR: 无法加载模块:Img

[ 2017-04-11T11:45:01+08:00 ] 127.0.0.1 /matouPCS/img/wyyp.png
INFO: [ app_init ] --START--
INFO: Run Behavior\BuildLiteBehavior [ RunTime:0.000027s ]
INFO: [ app_init ] --END-- [ RunTime:0.000855s ]
ERR: 无法加载模块:Img

[ 2017-04-11T11:45:01+08:00 ] 127.0.0.1 /matouPCS/img/wyxs.png
INFO: [ app_init ] --START--
INFO: Run Behavior\BuildLiteBehavior [ RunTime:0.000018s ]
INFO: [ app_init ] --END-- [ RunTime:0.000530s ]
ERR: 无法加载模块:Img

[ 2017-04-11T11:45:01+08:00 ] 127.0.0.1 /matouPCS/img/wyxs.png
INFO: [ app_init ] --START--
INFO: Run Behavior\BuildLiteBehavior [ RunTime:0.000016s ]
INFO: [ app_init ] --END-- [ RunTime:0.000470s ]
ERR: 无法加载模块:Img

[ 2017-04-11T11:45:01+08:00 ] 127.0.0.1 /matouPCS/img/alert-close.png
INFO: [ app_init ] --START--
INFO: Run Behavior\BuildLiteBehavior [ RunTime:0.000013s ]
INFO: [ app_init ] --END-- [ RunTime:0.000461s ]
ERR: 无法加载模块:Img

[ 2017-04-11T11:45:01+08:00 ] 127.0.0.1 /matouPCS/img/wyzp.png
INFO: [ app_init ] --START--
INFO: Run Behavior\BuildLiteBehavior [ RunTime:0.000025s ]
INFO: [ app_init ] --END-- [ RunTime:0.000654s ]
ERR: 无法加载模块:Img

[ 2017-04-11T11:45:01+08:00 ] 127.0.0.1 /matouPCS/img/wyyp.png
INFO: [ app_init ] --START--
INFO: Run Behavior\BuildLiteBehavior [ RunTime:0.000026s ]
INFO: [ app_init ] --END-- [ RunTime:0.000531s ]
ERR: 无法加载模块:Img

[ 2017-04-11T11:45:01+08:00 ] 127.0.0.1 /matouPCS/img/wyqg.png
INFO: [ app_init ] --START--
INFO: Run Behavior\BuildLiteBehavior [ RunTime:0.000056s ]
INFO: [ app_init ] --END-- [ RunTime:0.001186s ]
ERR: 无法加载模块:Img

[ 2017-04-11T11:45:01+08:00 ] 127.0.0.1 /matouPCS/img/wyxz.png
INFO: [ app_init ] --START--
INFO: Run Behavior\BuildLiteBehavior [ RunTime:0.000060s ]
INFO: [ app_init ] --END-- [ RunTime:0.001464s ]
ERR: 无法加载模块:Img

[ 2017-04-11T11:45:10+08:00 ] 127.0.0.1 /matouPCS/img/xzfx.png
INFO: [ app_init ] --START--
INFO: Run Behavior\BuildLiteBehavior [ RunTime:0.000019s ]
INFO: [ app_init ] --END-- [ RunTime:0.000502s ]
ERR: 无法加载模块:Img

[ 2017-04-11T11:45:11+08:00 ] 127.0.0.1 /matouPCS/img/xzfx.png
INFO: [ app_init ] --START--
INFO: Run Behavior\BuildLiteBehavior [ RunTime:0.000016s ]
INFO: [ app_init ] --END-- [ RunTime:0.000461s ]
ERR: 无法加载模块:Img

[ 2017-04-11T11:49:26+08:00 ] 127.0.0.1 /matouPCS/img/alert-close.png
INFO: [ app_init ] --START--
INFO: Run Behavior\BuildLiteBehavior [ RunTime:0.000029s ]
INFO: [ app_init ] --END-- [ RunTime:0.000716s ]
ERR: 无法加载模块:Img

[ 2017-04-11T11:49:26+08:00 ] 127.0.0.1 /matouPCS/img/wyys.png
INFO: [ app_init ] --START--
INFO: Run Behavior\BuildLiteBehavior [ RunTime:0.000029s ]
INFO: [ app_init ] --END-- [ RunTime:0.000662s ]
ERR: 无法加载模块:Img

[ 2017-04-11T11:49:26+08:00 ] 127.0.0.1 /matouPCS/img/wyzp.png
INFO: [ app_init ] --START--
INFO: Run Behavior\BuildLiteBehavior [ RunTime:0.000026s ]
INFO: [ app_init ] --END-- [ RunTime:0.000613s ]
ERR: 无法加载模块:Img

[ 2017-04-11T11:49:26+08:00 ] 127.0.0.1 /matouPCS/img/wyxs.png
INFO: [ app_init ] --START--
INFO: Run Behavior\BuildLiteBehavior [ RunTime:0.000025s ]
INFO: [ app_init ] --END-- [ RunTime:0.000654s ]
ERR: 无法加载模块:Img

[ 2017-04-11T11:49:26+08:00 ] 127.0.0.1 /matouPCS/img/wyyp.png
INFO: [ app_init ] --START--
INFO: Run Behavior\BuildLiteBehavior [ RunTime:0.000026s ]
INFO: [ app_init ] --END-- [ RunTime:0.000596s ]
ERR: 无法加载模块:Img

[ 2017-04-11T11:49:26+08:00 ] 127.0.0.1 /matouPCS/img/wyqg.png
INFO: [ app_init ] --START--
INFO: Run Behavior\BuildLiteBehavior [ RunTime:0.000025s ]
INFO: [ app_init ] --END-- [ RunTime:0.000898s ]
ERR: 无法加载模块:Img

[ 2017-04-11T11:49:26+08:00 ] 127.0.0.1 /matouPCS/img/wyxz.png
INFO: [ app_init ] --START--
INFO: Run Behavior\BuildLiteBehavior [ RunTime:0.000016s ]
INFO: [ app_init ] --END-- [ RunTime:0.000433s ]
ERR: 无法加载模块:Img

[ 2017-04-11T11:49:26+08:00 ] 127.0.0.1 /matouPCS/img/alert-close.png
INFO: [ app_init ] --START--
INFO: Run Behavior\BuildLiteBehavior [ RunTime:0.000031s ]
INFO: [ app_init ] --END-- [ RunTime:0.000723s ]
ERR: 无法加载模块:Img

[ 2017-04-11T11:49:26+08:00 ] 127.0.0.1 /matouPCS/img/wyxs.png
INFO: [ app_init ] --START--
INFO: Run Behavior\BuildLiteBehavior [ RunTime:0.000024s ]
INFO: [ app_init ] --END-- [ RunTime:0.000654s ]
ERR: 无法加载模块:Img

[ 2017-04-11T11:49:26+08:00 ] 127.0.0.1 /matouPCS/img/wyyp.png
INFO: [ app_init ] --START--
INFO: Run Behavior\BuildLiteBehavior [ RunTime:0.000024s ]
INFO: [ app_init ] --END-- [ RunTime:0.000573s ]
ERR: 无法加载模块:Img

[ 2017-04-11T11:49:26+08:00 ] 127.0.0.1 /matouPCS/img/wyzp.png
INFO: [ app_init ] --START--
INFO: Run Behavior\BuildLiteBehavior [ RunTime:0.000027s ]
INFO: [ app_init ] --END-- [ RunTime:0.000615s ]
ERR: 无法加载模块:Img

[ 2017-04-11T11:49:26+08:00 ] 127.0.0.1 /matouPCS/img/wyys.png
INFO: [ app_init ] --START--
INFO: Run Behavior\BuildLiteBehavior [ RunTime:0.000052s ]
INFO: [ app_init ] --END-- [ RunTime:0.001925s ]
ERR: 无法加载模块:Img

[ 2017-04-11T11:49:26+08:00 ] 127.0.0.1 /matouPCS/img/wyqg.png
INFO: [ app_init ] --START--
INFO: Run Behavior\BuildLiteBehavior [ RunTime:0.000030s ]
INFO: [ app_init ] --END-- [ RunTime:0.000825s ]
ERR: 无法加载模块:Img

[ 2017-04-11T11:49:26+08:00 ] 127.0.0.1 /matouPCS/img/wyxz.png
INFO: [ app_init ] --START--
INFO: Run Behavior\BuildLiteBehavior [ RunTime:0.000015s ]
INFO: [ app_init ] --END-- [ RunTime:0.000428s ]
ERR: 无法加载模块:Img

[ 2017-04-11T11:49:28+08:00 ] 127.0.0.1 /matouPCS/img/wyxs.png
INFO: [ app_init ] --START--
INFO: Run Behavior\BuildLiteBehavior [ RunTime:0.000028s ]
INFO: [ app_init ] --END-- [ RunTime:0.000648s ]
ERR: 无法加载模块:Img

[ 2017-04-11T11:49:28+08:00 ] 127.0.0.1 /matouPCS/img/wyys.png
INFO: [ app_init ] --START--
INFO: Run Behavior\BuildLiteBehavior [ RunTime:0.000029s ]
INFO: [ app_init ] --END-- [ RunTime:0.000643s ]
ERR: 无法加载模块:Img

[ 2017-04-11T11:49:28+08:00 ] 127.0.0.1 /matouPCS/img/wyxz.png
INFO: [ app_init ] --START--
INFO: Run Behavior\BuildLiteBehavior [ RunTime:0.000026s ]
INFO: [ app_init ] --END-- [ RunTime:0.001157s ]
ERR: 无法加载模块:Img

[ 2017-04-11T11:49:28+08:00 ] 127.0.0.1 /matouPCS/img/wyzp.png
INFO: [ app_init ] --START--
INFO: Run Behavior\BuildLiteBehavior [ RunTime:0.000067s ]
INFO: [ app_init ] --END-- [ RunTime:0.002092s ]
ERR: 无法加载模块:Img

[ 2017-04-11T11:49:28+08:00 ] 127.0.0.1 /matouPCS/img/wyqg.png
INFO: [ app_init ] --START--
INFO: Run Behavior\BuildLiteBehavior [ RunTime:0.000079s ]
INFO: [ app_init ] --END-- [ RunTime:0.002178s ]
ERR: 无法加载模块:Img

[ 2017-04-11T11:49:28+08:00 ] 127.0.0.1 /matouPCS/img/wyyp.png
INFO: [ app_init ] --START--
INFO: Run Behavior\BuildLiteBehavior [ RunTime:0.000024s ]
INFO: [ app_init ] --END-- [ RunTime:0.001192s ]
ERR: 无法加载模块:Img

[ 2017-04-11T11:49:28+08:00 ] 127.0.0.1 /matouPCS/img/wyxs.png
INFO: [ app_init ] --START--
INFO: Run Behavior\BuildLiteBehavior [ RunTime:0.000026s ]
INFO: [ app_init ] --END-- [ RunTime:0.000643s ]
ERR: 无法加载模块:Img

[ 2017-04-11T11:49:28+08:00 ] 127.0.0.1 /matouPCS/img/wyyp.png
INFO: [ app_init ] --START--
INFO: Run Behavior\BuildLiteBehavior [ RunTime:0.000023s ]
INFO: [ app_init ] --END-- [ RunTime:0.000605s ]
ERR: 无法加载模块:Img

[ 2017-04-11T11:49:28+08:00 ] 127.0.0.1 /matouPCS/img/wyzp.png
INFO: [ app_init ] --START--
INFO: Run Behavior\BuildLiteBehavior [ RunTime:0.000015s ]
INFO: [ app_init ] --END-- [ RunTime:0.000498s ]
ERR: 无法加载模块:Img

[ 2017-04-11T11:49:28+08:00 ] 127.0.0.1 /matouPCS/img/wyxz.png
INFO: [ app_init ] --START--
INFO: Run Behavior\BuildLiteBehavior [ RunTime:0.000020s ]
INFO: [ app_init ] --END-- [ RunTime:0.000633s ]
ERR: 无法加载模块:Img

[ 2017-04-11T11:49:28+08:00 ] 127.0.0.1 /matouPCS/img/wyqg.png
INFO: [ app_init ] --START--
INFO: Run Behavior\BuildLiteBehavior [ RunTime:0.000027s ]
INFO: [ app_init ] --END-- [ RunTime:0.000659s ]
ERR: 无法加载模块:Img

[ 2017-04-11T11:49:30+08:00 ] 127.0.0.1 /matouPCS/img/alert-close.png
INFO: [ app_init ] --START--
INFO: Run Behavior\BuildLiteBehavior [ RunTime:0.000084s ]
INFO: [ app_init ] --END-- [ RunTime:0.001105s ]
ERR: 无法加载模块:Img

[ 2017-04-11T11:49:30+08:00 ] 127.0.0.1 /matouPCS/img/wyys.png
INFO: [ app_init ] --START--
INFO: Run Behavior\BuildLiteBehavior [ RunTime:0.000068s ]
INFO: [ app_init ] --END-- [ RunTime:0.001339s ]
ERR: 无法加载模块:Img

[ 2017-04-11T11:49:30+08:00 ] 127.0.0.1 /matouPCS/img/wyqg.png
INFO: [ app_init ] --START--
INFO: Run Behavior\BuildLiteBehavior [ RunTime:0.000064s ]
INFO: [ app_init ] --END-- [ RunTime:0.001384s ]
ERR: 无法加载模块:Img

[ 2017-04-11T11:49:30+08:00 ] 127.0.0.1 /matouPCS/img/wyzp.png
INFO: [ app_init ] --START--
INFO: Run Behavior\BuildLiteBehavior [ RunTime:0.000021s ]
INFO: [ app_init ] --END-- [ RunTime:0.000699s ]
ERR: 无法加载模块:Img

[ 2017-04-11T11:49:30+08:00 ] 127.0.0.1 /matouPCS/img/wyyp.png
INFO: [ app_init ] --START--
INFO: Run Behavior\BuildLiteBehavior [ RunTime:0.000025s ]
INFO: [ app_init ] --END-- [ RunTime:0.000676s ]
ERR: 无法加载模块:Img

[ 2017-04-11T11:49:30+08:00 ] 127.0.0.1 /matouPCS/img/wyxs.png
INFO: [ app_init ] --START--
INFO: Run Behavior\BuildLiteBehavior [ RunTime:0.000032s ]
INFO: [ app_init ] --END-- [ RunTime:0.000865s ]
ERR: 无法加载模块:Img

[ 2017-04-11T11:49:30+08:00 ] 127.0.0.1 /matouPCS/img/wyxz.png
INFO: [ app_init ] --START--
INFO: Run Behavior\BuildLiteBehavior [ RunTime:0.000014s ]
INFO: [ app_init ] --END-- [ RunTime:0.000396s ]
ERR: 无法加载模块:Img

[ 2017-04-11T11:49:30+08:00 ] 127.0.0.1 /matouPCS/img/wyxs.png
INFO: [ app_init ] --START--
INFO: Run Behavior\BuildLiteBehavior [ RunTime:0.000026s ]
INFO: [ app_init ] --END-- [ RunTime:0.000703s ]
ERR: 无法加载模块:Img

[ 2017-04-11T11:49:30+08:00 ] 127.0.0.1 /matouPCS/img/wyys.png
INFO: [ app_init ] --START--
INFO: Run Behavior\BuildLiteBehavior [ RunTime:0.000022s ]
INFO: [ app_init ] --END-- [ RunTime:0.000584s ]
ERR: 无法加载模块:Img

[ 2017-04-11T11:49:30+08:00 ] 127.0.0.1 /matouPCS/img/alert-close.png
INFO: [ app_init ] --START--
INFO: Run Behavior\BuildLiteBehavior [ RunTime:0.000023s ]
INFO: [ app_init ] --END-- [ RunTime:0.000684s ]
ERR: 无法加载模块:Img

[ 2017-04-11T11:49:30+08:00 ] 127.0.0.1 /matouPCS/img/wyzp.png
INFO: [ app_init ] --START--
INFO: Run Behavior\BuildLiteBehavior [ RunTime:0.000031s ]
INFO: [ app_init ] --END-- [ RunTime:0.000709s ]
ERR: 无法加载模块:Img

[ 2017-04-11T11:49:30+08:00 ] 127.0.0.1 /matouPCS/img/wyyp.png
INFO: [ app_init ] --START--
INFO: Run Behavior\BuildLiteBehavior [ RunTime:0.000025s ]
INFO: [ app_init ] --END-- [ RunTime:0.000637s ]
ERR: 无法加载模块:Img

[ 2017-04-11T11:49:30+08:00 ] 127.0.0.1 /matouPCS/img/wyqg.png
INFO: [ app_init ] --START--
INFO: Run Behavior\BuildLiteBehavior [ RunTime:0.000035s ]
INFO: [ app_init ] --END-- [ RunTime:0.000963s ]
ERR: 无法加载模块:Img

[ 2017-04-11T11:49:30+08:00 ] 127.0.0.1 /matouPCS/img/wyxz.png
INFO: [ app_init ] --START--
INFO: Run Behavior\BuildLiteBehavior [ RunTime:0.000024s ]
INFO: [ app_init ] --END-- [ RunTime:0.000525s ]
ERR: 无法加载模块:Img

[ 2017-04-11T11:49:33+08:00 ] 127.0.0.1 /matouPCS/img/alert-close.png
INFO: [ app_init ] --START--
INFO: Run Behavior\BuildLiteBehavior [ RunTime:0.000028s ]
INFO: [ app_init ] --END-- [ RunTime:0.000672s ]
ERR: 无法加载模块:Img

[ 2017-04-11T11:49:33+08:00 ] 127.0.0.1 /matouPCS/img/wyzp.png
INFO: [ app_init ] --START--
INFO: Run Behavior\BuildLiteBehavior [ RunTime:0.000022s ]
INFO: [ app_init ] --END-- [ RunTime:0.000589s ]
ERR: 无法加载模块:Img

[ 2017-04-11T11:49:33+08:00 ] 127.0.0.1 /matouPCS/img/wyqg.png
INFO: [ app_init ] --START--
INFO: Run Behavior\BuildLiteBehavior [ RunTime:0.000026s ]
INFO: [ app_init ] --END-- [ RunTime:0.000834s ]
ERR: 无法加载模块:Img

[ 2017-04-11T11:49:33+08:00 ] 127.0.0.1 /matouPCS/img/wyxs.png
INFO: [ app_init ] --START--
INFO: Run Behavior\BuildLiteBehavior [ RunTime:0.000021s ]
INFO: [ app_init ] --END-- [ RunTime:0.000668s ]
ERR: 无法加载模块:Img

[ 2017-04-11T11:49:33+08:00 ] 127.0.0.1 /matouPCS/img/wyys.png
INFO: [ app_init ] --START--
INFO: Run Behavior\BuildLiteBehavior [ RunTime:0.000026s ]
INFO: [ app_init ] --END-- [ RunTime:0.000571s ]
ERR: 无法加载模块:Img

[ 2017-04-11T11:49:33+08:00 ] 127.0.0.1 /matouPCS/img/wyxz.png
INFO: [ app_init ] --START--
INFO: Run Behavior\BuildLiteBehavior [ RunTime:0.000015s ]
INFO: [ app_init ] --END-- [ RunTime:0.000494s ]
ERR: 无法加载模块:Img

[ 2017-04-11T11:49:34+08:00 ] 127.0.0.1 /matouPCS/img/wyxs.png
INFO: [ app_init ] --START--
INFO: Run Behavior\BuildLiteBehavior [ RunTime:0.000093s ]
INFO: [ app_init ] --END-- [ RunTime:0.001143s ]
ERR: 无法加载模块:Img

[ 2017-04-11T11:49:34+08:00 ] 127.0.0.1 /matouPCS/img/alert-close.png
INFO: [ app_init ] --START--
INFO: Run Behavior\BuildLiteBehavior [ RunTime:0.000064s ]
INFO: [ app_init ] --END-- [ RunTime:0.000970s ]
ERR: 无法加载模块:Img

[ 2017-04-11T11:49:34+08:00 ] 127.0.0.1 /matouPCS/img/wyzp.png
INFO: [ app_init ] --START--
INFO: Run Behavior\BuildLiteBehavior [ RunTime:0.000108s ]
INFO: [ app_init ] --END-- [ RunTime:0.001404s ]
ERR: 无法加载模块:Img

[ 2017-04-11T11:49:34+08:00 ] 127.0.0.1 /matouPCS/img/wyqg.png
INFO: [ app_init ] --START--
INFO: Run Behavior\BuildLiteBehavior [ RunTime:0.000046s ]
INFO: [ app_init ] --END-- [ RunTime:0.001580s ]
ERR: 无法加载模块:Img

[ 2017-04-11T11:49:34+08:00 ] 127.0.0.1 /matouPCS/img/wyxz.png
INFO: [ app_init ] --START--
INFO: Run Behavior\BuildLiteBehavior [ RunTime:0.000016s ]
INFO: [ app_init ] --END-- [ RunTime:0.000430s ]
ERR: 无法加载模块:Img

[ 2017-04-11T11:49:36+08:00 ] 127.0.0.1 /matouPCS/img/wyzp.png
INFO: [ app_init ] --START--
INFO: Run Behavior\BuildLiteBehavior [ RunTime:0.000027s ]
INFO: [ app_init ] --END-- [ RunTime:0.000660s ]
ERR: 无法加载模块:Img

[ 2017-04-11T11:49:36+08:00 ] 127.0.0.1 /matouPCS/img/wyxz.png
INFO: [ app_init ] --START--
INFO: Run Behavior\BuildLiteBehavior [ RunTime:0.000028s ]
INFO: [ app_init ] --END-- [ RunTime:0.000838s ]
ERR: 无法加载模块:Img

[ 2017-04-11T11:49:36+08:00 ] 127.0.0.1 /matouPCS/img/wyyp.png
INFO: [ app_init ] --START--
INFO: Run Behavior\BuildLiteBehavior [ RunTime:0.000021s ]
INFO: [ app_init ] --END-- [ RunTime:0.001223s ]
ERR: 无法加载模块:Img

[ 2017-04-11T11:49:36+08:00 ] 127.0.0.1 /matouPCS/img/wyqg.png
INFO: [ app_init ] --START--
INFO: Run Behavior\BuildLiteBehavior [ RunTime:0.000114s ]
INFO: [ app_init ] --END-- [ RunTime:0.000967s ]
ERR: 无法加载模块:Img

[ 2017-04-11T11:49:36+08:00 ] 127.0.0.1 /matouPCS/img/wyys.png
INFO: [ app_init ] --START--
INFO: Run Behavior\BuildLiteBehavior [ RunTime:0.000078s ]
INFO: [ app_init ] --END-- [ RunTime:0.001338s ]
ERR: 无法加载模块:Img

[ 2017-04-11T11:49:36+08:00 ] 127.0.0.1 /matouPCS/img/wyxs.png
INFO: [ app_init ] --START--
INFO: Run Behavior\BuildLiteBehavior [ RunTime:0.000031s ]
INFO: [ app_init ] --END-- [ RunTime:0.000828s ]
ERR: 无法加载模块:Img

[ 2017-04-11T11:49:36+08:00 ] 127.0.0.1 /matouPCS/img/wyzp.png
INFO: [ app_init ] --START--
INFO: Run Behavior\BuildLiteBehavior [ RunTime:0.000024s ]
INFO: [ app_init ] --END-- [ RunTime:0.000611s ]
ERR: 无法加载模块:Img

[ 2017-04-11T11:49:36+08:00 ] 127.0.0.1 /matouPCS/img/wyxz.png
INFO: [ app_init ] --START--
INFO: Run Behavior\BuildLiteBehavior [ RunTime:0.000017s ]
INFO: [ app_init ] --END-- [ RunTime:0.000446s ]
ERR: 无法加载模块:Img

[ 2017-04-11T11:49:36+08:00 ] 127.0.0.1 /matouPCS/img/wyqg.png
INFO: [ app_init ] --START--
INFO: Run Behavior\BuildLiteBehavior [ RunTime:0.000021s ]
INFO: [ app_init ] --END-- [ RunTime:0.000602s ]
ERR: 无法加载模块:Img

[ 2017-04-11T11:49:36+08:00 ] 127.0.0.1 /matouPCS/img/wyys.png
INFO: [ app_init ] --START--
INFO: Run Behavior\BuildLiteBehavior [ RunTime:0.000022s ]
INFO: [ app_init ] --END-- [ RunTime:0.000661s ]
ERR: 无法加载模块:Img

[ 2017-04-11T11:49:36+08:00 ] 127.0.0.1 /matouPCS/img/wyyp.png
INFO: [ app_init ] --START--
INFO: Run Behavior\BuildLiteBehavior [ RunTime:0.000027s ]
INFO: [ app_init ] --END-- [ RunTime:0.000608s ]
ERR: 无法加载模块:Img

[ 2017-04-11T11:49:37+08:00 ] 127.0.0.1 /matouPCS/img/alert-close.png
INFO: [ app_init ] --START--
INFO: Run Behavior\BuildLiteBehavior [ RunTime:0.000026s ]
INFO: [ app_init ] --END-- [ RunTime:0.000642s ]
ERR: 无法加载模块:Img

[ 2017-04-11T11:49:37+08:00 ] 127.0.0.1 /matouPCS/img/wyzp.png
INFO: [ app_init ] --START--
INFO: Run Behavior\BuildLiteBehavior [ RunTime:0.000022s ]
INFO: [ app_init ] --END-- [ RunTime:0.000587s ]
ERR: 无法加载模块:Img

[ 2017-04-11T11:49:37+08:00 ] 127.0.0.1 /matouPCS/img/wyys.png
INFO: [ app_init ] --START--
INFO: Run Behavior\BuildLiteBehavior [ RunTime:0.000022s ]
INFO: [ app_init ] --END-- [ RunTime:0.000602s ]
ERR: 无法加载模块:Img

[ 2017-04-11T11:49:37+08:00 ] 127.0.0.1 /matouPCS/img/wyxs.png
INFO: [ app_init ] --START--
INFO: Run Behavior\BuildLiteBehavior [ RunTime:0.000021s ]
INFO: [ app_init ] --END-- [ RunTime:0.000550s ]
ERR: 无法加载模块:Img

[ 2017-04-11T11:49:37+08:00 ] 127.0.0.1 /matouPCS/img/wyyp.png
INFO: [ app_init ] --START--
INFO: Run Behavior\BuildLiteBehavior [ RunTime:0.000021s ]
INFO: [ app_init ] --END-- [ RunTime:0.000603s ]
ERR: 无法加载模块:Img

[ 2017-04-11T11:49:37+08:00 ] 127.0.0.1 /matouPCS/img/wyqg.png
INFO: [ app_init ] --START--
INFO: Run Behavior\BuildLiteBehavior [ RunTime:0.000022s ]
INFO: [ app_init ] --END-- [ RunTime:0.000634s ]
ERR: 无法加载模块:Img

[ 2017-04-11T11:49:37+08:00 ] 127.0.0.1 /matouPCS/img/wyxz.png
INFO: [ app_init ] --START--
INFO: Run Behavior\BuildLiteBehavior [ RunTime:0.000014s ]
INFO: [ app_init ] --END-- [ RunTime:0.000395s ]
ERR: 无法加载模块:Img

[ 2017-04-11T11:49:38+08:00 ] 127.0.0.1 /matouPCS/img/alert-close.png
INFO: [ app_init ] --START--
INFO: Run Behavior\BuildLiteBehavior [ RunTime:0.000028s ]
INFO: [ app_init ] --END-- [ RunTime:0.000632s ]
ERR: 无法加载模块:Img

[ 2017-04-11T11:49:38+08:00 ] 127.0.0.1 /matouPCS/img/wyzp.png
INFO: [ app_init ] --START--
INFO: Run Behavior\BuildLiteBehavior [ RunTime:0.000028s ]
INFO: [ app_init ] --END-- [ RunTime:0.000898s ]
ERR: 无法加载模块:Img

[ 2017-04-11T11:49:38+08:00 ] 127.0.0.1 /matouPCS/img/wyqg.png
INFO: [ app_init ] --START--
INFO: Run Behavior\BuildLiteBehavior [ RunTime:0.000024s ]
INFO: [ app_init ] --END-- [ RunTime:0.000608s ]
ERR: 无法加载模块:Img

[ 2017-04-11T11:49:38+08:00 ] 127.0.0.1 /matouPCS/img/wyyp.png
INFO: [ app_init ] --START--
INFO: Run Behavior\BuildLiteBehavior [ RunTime:0.000027s ]
INFO: [ app_init ] --END-- [ RunTime:0.000782s ]
ERR: 无法加载模块:Img

[ 2017-04-11T11:49:38+08:00 ] 127.0.0.1 /matouPCS/img/wyxs.png
INFO: [ app_init ] --START--
INFO: Run Behavior\BuildLiteBehavior [ RunTime:0.000115s ]
INFO: [ app_init ] --END-- [ RunTime:0.000941s ]
ERR: 无法加载模块:Img

[ 2017-04-11T11:49:38+08:00 ] 127.0.0.1 /matouPCS/img/wyys.png
INFO: [ app_init ] --START--
INFO: Run Behavior\BuildLiteBehavior [ RunTime:0.000029s ]
INFO: [ app_init ] --END-- [ RunTime:0.001000s ]
ERR: 无法加载模块:Img

[ 2017-04-11T11:49:38+08:00 ] 127.0.0.1 /matouPCS/img/wyxz.png
INFO: [ app_init ] --START--
INFO: Run Behavior\BuildLiteBehavior [ RunTime:0.000017s ]
INFO: [ app_init ] --END-- [ RunTime:0.000437s ]
ERR: 无法加载模块:Img

[ 2017-04-11T11:49:39+08:00 ] 127.0.0.1 /matouPCS/img/xzfx.png
INFO: [ app_init ] --START--
INFO: Run Behavior\BuildLiteBehavior [ RunTime:0.000018s ]
INFO: [ app_init ] --END-- [ RunTime:0.000476s ]
ERR: 无法加载模块:Img

[ 2017-04-11T11:49:39+08:00 ] 127.0.0.1 /matouPCS/img/xzfx.png
INFO: [ app_init ] --START--
INFO: Run Behavior\BuildLiteBehavior [ RunTime:0.000014s ]
INFO: [ app_init ] --END-- [ RunTime:0.000465s ]
ERR: 无法加载模块:Img

[ 2017-04-11T11:57:41+08:00 ] 127.0.0.1 /matouPCS/Public/Home/js/mtb.js
INFO: [ app_init ] --START--
INFO: Run Behavior\BuildLiteBehavior [ RunTime:0.000019s ]
INFO: [ app_init ] --END-- [ RunTime:0.000572s ]
ERR: 无法加载模块:Public

[ 2017-04-11T11:57:42+08:00 ] 127.0.0.1 /matouPCS/Public/Home/js/mtb.js
INFO: [ app_init ] --START--
INFO: Run Behavior\BuildLiteBehavior [ RunTime:0.000016s ]
INFO: [ app_init ] --END-- [ RunTime:0.000459s ]
ERR: 无法加载模块:Public

[ 2017-04-11T11:57:44+08:00 ] 127.0.0.1 /matouPCS/img/wyxs.png
INFO: [ app_init ] --START--
INFO: Run Behavior\BuildLiteBehavior [ RunTime:0.000029s ]
INFO: [ app_init ] --END-- [ RunTime:0.000737s ]
ERR: 无法加载模块:Img

[ 2017-04-11T11:57:44+08:00 ] 127.0.0.1 /matouPCS/img/wyzp.png
INFO: [ app_init ] --START--
INFO: Run Behavior\BuildLiteBehavior [ RunTime:0.000019s ]
INFO: [ app_init ] --END-- [ RunTime:0.000611s ]
ERR: 无法加载模块:Img

[ 2017-04-11T11:57:44+08:00 ] 127.0.0.1 /matouPCS/img/wyys.png
INFO: [ app_init ] --START--
INFO: Run Behavior\BuildLiteBehavior [ RunTime:0.000024s ]
INFO: [ app_init ] --END-- [ RunTime:0.000723s ]
ERR: 无法加载模块:Img

[ 2017-04-11T11:57:44+08:00 ] 127.0.0.1 /matouPCS/img/wyqg.png
INFO: [ app_init ] --START--
INFO: Run Behavior\BuildLiteBehavior [ RunTime:0.000026s ]
INFO: [ app_init ] --END-- [ RunTime:0.000687s ]
ERR: 无法加载模块:Img

[ 2017-04-11T11:57:44+08:00 ] 127.0.0.1 /matouPCS/img/wyyp.png
INFO: [ app_init ] --START--
INFO: Run Behavior\BuildLiteBehavior [ RunTime:0.000026s ]
INFO: [ app_init ] --END-- [ RunTime:0.000715s ]
ERR: 无法加载模块:Img

[ 2017-04-11T11:57:44+08:00 ] 127.0.0.1 /matouPCS/img/wyxz.png
INFO: [ app_init ] --START--
INFO: Run Behavior\BuildLiteBehavior [ RunTime:0.000025s ]
INFO: [ app_init ] --END-- [ RunTime:0.000727s ]
ERR: 无法加载模块:Img

[ 2017-04-11T11:57:45+08:00 ] 127.0.0.1 /matouPCS/img/wyxs.png
INFO: [ app_init ] --START--
INFO: Run Behavior\BuildLiteBehavior [ RunTime:0.000024s ]
INFO: [ app_init ] --END-- [ RunTime:0.000607s ]
ERR: 无法加载模块:Img

[ 2017-04-11T11:57:45+08:00 ] 127.0.0.1 /matouPCS/img/wyzp.png
INFO: [ app_init ] --START--
INFO: Run Behavior\BuildLiteBehavior [ RunTime:0.000027s ]
INFO: [ app_init ] --END-- [ RunTime:0.000620s ]
ERR: 无法加载模块:Img

[ 2017-04-11T11:57:45+08:00 ] 127.0.0.1 /matouPCS/img/wyys.png
INFO: [ app_init ] --START--
INFO: Run Behavior\BuildLiteBehavior [ RunTime:0.000028s ]
INFO: [ app_init ] --END-- [ RunTime:0.000787s ]
ERR: 无法加载模块:Img

[ 2017-04-11T11:57:45+08:00 ] 127.0.0.1 /matouPCS/img/wyyp.png
INFO: [ app_init ] --START--
INFO: Run Behavior\BuildLiteBehavior [ RunTime:0.000017s ]
INFO: [ app_init ] --END-- [ RunTime:0.000452s ]
ERR: 无法加载模块:Img

[ 2017-04-11T11:57:45+08:00 ] 127.0.0.1 /matouPCS/img/wyqg.png
INFO: [ app_init ] --START--
INFO: Run Behavior\BuildLiteBehavior [ RunTime:0.000015s ]
INFO: [ app_init ] --END-- [ RunTime:0.000589s ]
ERR: 无法加载模块:Img

[ 2017-04-11T11:57:45+08:00 ] 127.0.0.1 /matouPCS/img/wyxz.png
INFO: [ app_init ] --START--
INFO: Run Behavior\BuildLiteBehavior [ RunTime:0.000014s ]
INFO: [ app_init ] --END-- [ RunTime:0.000443s ]
ERR: 无法加载模块:Img

[ 2017-04-11T11:57:49+08:00 ] 127.0.0.1 /matouPCS/img/wyqg.png
INFO: [ app_init ] --START--
INFO: Run Behavior\BuildLiteBehavior [ RunTime:0.000023s ]
INFO: [ app_init ] --END-- [ RunTime:0.000606s ]
ERR: 无法加载模块:Img

[ 2017-04-11T11:57:49+08:00 ] 127.0.0.1 /matouPCS/img/wyzp.png
INFO: [ app_init ] --START--
INFO: Run Behavior\BuildLiteBehavior [ RunTime:0.000022s ]
INFO: [ app_init ] --END-- [ RunTime:0.000749s ]
ERR: 无法加载模块:Img

[ 2017-04-11T11:57:49+08:00 ] 127.0.0.1 /matouPCS/img/alert-close.png
INFO: [ app_init ] --START--
INFO: Run Behavior\BuildLiteBehavior [ RunTime:0.000029s ]
INFO: [ app_init ] --END-- [ RunTime:0.000800s ]
ERR: 无法加载模块:Img

[ 2017-04-11T11:57:49+08:00 ] 127.0.0.1 /matouPCS/img/wyyp.png
INFO: [ app_init ] --START--
INFO: Run Behavior\BuildLiteBehavior [ RunTime:0.000016s ]
INFO: [ app_init ] --END-- [ RunTime:0.000452s ]
ERR: 无法加载模块:Img

[ 2017-04-11T11:57:49+08:00 ] 127.0.0.1 /matouPCS/img/wyxs.png
INFO: [ app_init ] --START--
INFO: Run Behavior\BuildLiteBehavior [ RunTime:0.000021s ]
INFO: [ app_init ] --END-- [ RunTime:0.000650s ]
ERR: 无法加载模块:Img

[ 2017-04-11T11:57:49+08:00 ] 127.0.0.1 /matouPCS/img/wyxz.png
INFO: [ app_init ] --START--
INFO: Run Behavior\BuildLiteBehavior [ RunTime:0.000016s ]
INFO: [ app_init ] --END-- [ RunTime:0.000438s ]
ERR: 无法加载模块:Img

[ 2017-04-11T11:57:49+08:00 ] 127.0.0.1 /matouPCS/img/alert-close.png
INFO: [ app_init ] --START--
INFO: Run Behavior\BuildLiteBehavior [ RunTime:0.000030s ]
INFO: [ app_init ] --END-- [ RunTime:0.000750s ]
ERR: 无法加载模块:Img

[ 2017-04-11T11:57:49+08:00 ] 127.0.0.1 /matouPCS/img/wyxs.png
INFO: [ app_init ] --START--
INFO: Run Behavior\BuildLiteBehavior [ RunTime:0.000025s ]
INFO: [ app_init ] --END-- [ RunTime:0.000664s ]
ERR: 无法加载模块:Img

[ 2017-04-11T11:57:49+08:00 ] 127.0.0.1 /matouPCS/img/wyzp.png
INFO: [ app_init ] --START--
INFO: Run Behavior\BuildLiteBehavior [ RunTime:0.000077s ]
INFO: [ app_init ] --END-- [ RunTime:0.000971s ]
ERR: 无法加载模块:Img

[ 2017-04-11T11:57:49+08:00 ] 127.0.0.1 /matouPCS/img/wyqg.png
INFO: [ app_init ] --START--
INFO: Run Behavior\BuildLiteBehavior [ RunTime:0.000049s ]
INFO: [ app_init ] --END-- [ RunTime:0.001914s ]
ERR: 无法加载模块:Img

[ 2017-04-11T11:57:49+08:00 ] 127.0.0.1 /matouPCS/img/wyyp.png
INFO: [ app_init ] --START--
INFO: Run Behavior\BuildLiteBehavior [ RunTime:0.000113s ]
INFO: [ app_init ] --END-- [ RunTime:0.002407s ]
ERR: 无法加载模块:Img

[ 2017-04-11T11:57:49+08:00 ] 127.0.0.1 /matouPCS/img/wyys.png
INFO: [ app_init ] --START--
INFO: Run Behavior\BuildLiteBehavior [ RunTime:0.000041s ]
INFO: [ app_init ] --END-- [ RunTime:0.003512s ]
ERR: 无法加载模块:Img

[ 2017-04-11T11:57:49+08:00 ] 127.0.0.1 /matouPCS/img/wyxz.png
INFO: [ app_init ] --START--
INFO: Run Behavior\BuildLiteBehavior [ RunTime:0.000016s ]
INFO: [ app_init ] --END-- [ RunTime:0.000402s ]
ERR: 无法加载模块:Img

[ 2017-04-11T11:57:55+08:00 ] 127.0.0.1 /matouPCS/img/xzfx.png
INFO: [ app_init ] --START--
INFO: Run Behavior\BuildLiteBehavior [ RunTime:0.000019s ]
INFO: [ app_init ] --END-- [ RunTime:0.000499s ]
ERR: 无法加载模块:Img

[ 2017-04-11T11:57:55+08:00 ] 127.0.0.1 /matouPCS/img/xzfx.png
INFO: [ app_init ] --START--
INFO: Run Behavior\BuildLiteBehavior [ RunTime:0.000067s ]
INFO: [ app_init ] --END-- [ RunTime:0.000922s ]
ERR: 无法加载模块:Img

[ 2017-04-11T11:58:38+08:00 ] 127.0.0.1 /matouPCS/img/alert-close.png
INFO: [ app_init ] --START--
INFO: Run Behavior\BuildLiteBehavior [ RunTime:0.000026s ]
INFO: [ app_init ] --END-- [ RunTime:0.000620s ]
ERR: 无法加载模块:Img

[ 2017-04-11T11:58:38+08:00 ] 127.0.0.1 /matouPCS/img/wyzp.png
INFO: [ app_init ] --START--
INFO: Run Behavior\BuildLiteBehavior [ RunTime:0.000026s ]
INFO: [ app_init ] --END-- [ RunTime:0.000606s ]
ERR: 无法加载模块:Img

[ 2017-04-11T11:58:38+08:00 ] 127.0.0.1 /matouPCS/img/wyyp.png
INFO: [ app_init ] --START--
INFO: Run Behavior\BuildLiteBehavior [ RunTime:0.000023s ]
INFO: [ app_init ] --END-- [ RunTime:0.000601s ]
ERR: 无法加载模块:Img

[ 2017-04-11T11:58:38+08:00 ] 127.0.0.1 /matouPCS/img/wyxs.png
INFO: [ app_init ] --START--
INFO: Run Behavior\BuildLiteBehavior [ RunTime:0.000025s ]
INFO: [ app_init ] --END-- [ RunTime:0.000641s ]
ERR: 无法加载模块:Img

[ 2017-04-11T11:58:38+08:00 ] 127.0.0.1 /matouPCS/img/wyqg.png
INFO: [ app_init ] --START--
INFO: Run Behavior\BuildLiteBehavior [ RunTime:0.000025s ]
INFO: [ app_init ] --END-- [ RunTime:0.000663s ]
ERR: 无法加载模块:Img

[ 2017-04-11T11:58:38+08:00 ] 127.0.0.1 /matouPCS/img/wyxz.png
INFO: [ app_init ] --START--
INFO: Run Behavior\BuildLiteBehavior [ RunTime:0.000018s ]
INFO: [ app_init ] --END-- [ RunTime:0.000449s ]
ERR: 无法加载模块:Img

[ 2017-04-11T11:58:39+08:00 ] 127.0.0.1 /matouPCS/img/wyqg.png
INFO: [ app_init ] --START--
INFO: Run Behavior\BuildLiteBehavior [ RunTime:0.000023s ]
INFO: [ app_init ] --END-- [ RunTime:0.000620s ]
ERR: 无法加载模块:Img

[ 2017-04-11T11:58:39+08:00 ] 127.0.0.1 /matouPCS/img/alert-close.png
INFO: [ app_init ] --START--
INFO: Run Behavior\BuildLiteBehavior [ RunTime:0.000023s ]
INFO: [ app_init ] --END-- [ RunTime:0.000639s ]
ERR: 无法加载模块:Img

[ 2017-04-11T11:58:39+08:00 ] 127.0.0.1 /matouPCS/img/wyyp.png
INFO: [ app_init ] --START--
INFO: Run Behavior\BuildLiteBehavior [ RunTime:0.000025s ]
INFO: [ app_init ] --END-- [ RunTime:0.000655s ]
ERR: 无法加载模块:Img

[ 2017-04-11T11:58:39+08:00 ] 127.0.0.1 /matouPCS/img/wyxs.png
INFO: [ app_init ] --START--
INFO: Run Behavior\BuildLiteBehavior [ RunTime:0.000024s ]
INFO: [ app_init ] --END-- [ RunTime:0.000703s ]
ERR: 无法加载模块:Img

[ 2017-04-11T11:58:39+08:00 ] 127.0.0.1 /matouPCS/img/wyzp.png
INFO: [ app_init ] --START--
INFO: Run Behavior\BuildLiteBehavior [ RunTime:0.000024s ]
INFO: [ app_init ] --END-- [ RunTime:0.000743s ]
ERR: 无法加载模块:Img

[ 2017-04-11T11:58:39+08:00 ] 127.0.0.1 /matouPCS/img/wyys.png
INFO: [ app_init ] --START--
INFO: Run Behavior\BuildLiteBehavior [ RunTime:0.000027s ]
INFO: [ app_init ] --END-- [ RunTime:0.000652s ]
ERR: 无法加载模块:Img

[ 2017-04-11T11:58:39+08:00 ] 127.0.0.1 /matouPCS/img/wyxz.png
INFO: [ app_init ] --START--
INFO: Run Behavior\BuildLiteBehavior [ RunTime:0.000014s ]
INFO: [ app_init ] --END-- [ RunTime:0.000402s ]
ERR: 无法加载模块:Img

[ 2017-04-11T11:59:07+08:00 ] 127.0.0.1 /matouPCS/Public/Home/js/mtb.js
INFO: [ app_init ] --START--
INFO: Run Behavior\BuildLiteBehavior [ RunTime:0.000017s ]
INFO: [ app_init ] --END-- [ RunTime:0.000445s ]
ERR: 无法加载模块:Public

[ 2017-04-11T11:59:08+08:00 ] 127.0.0.1 /matouPCS/Public/Home/js/mtb.js
INFO: [ app_init ] --START--
INFO: Run Behavior\BuildLiteBehavior [ RunTime:0.000015s ]
INFO: [ app_init ] --END-- [ RunTime:0.000417s ]
ERR: 无法加载模块:Public

[ 2017-04-11T11:59:10+08:00 ] 127.0.0.1 /matouPCS/Public/Home/js/upimage.js
INFO: [ app_init ] --START--
INFO: Run Behavior\BuildLiteBehavior [ RunTime:0.000014s ]
INFO: [ app_init ] --END-- [ RunTime:0.000418s ]
ERR: 无法加载模块:Public

[ 2017-04-11T11:59:10+08:00 ] 127.0.0.1 /matouPCS/Public/Home/js/upimage.js
INFO: [ app_init ] --START--
INFO: Run Behavior\BuildLiteBehavior [ RunTime:0.000016s ]
INFO: [ app_init ] --END-- [ RunTime:0.000500s ]
ERR: 无法加载模块:Public

[ 2017-04-11T12:01:12+08:00 ] 127.0.0.1 /matouPCS/img/ss-t.png
INFO: [ app_init ] --START--
INFO: Run Behavior\BuildLiteBehavior [ RunTime:0.000019s ]
INFO: [ app_init ] --END-- [ RunTime:0.000508s ]
ERR: 无法加载模块:Img

[ 2017-04-11T12:01:12+08:00 ] 127.0.0.1 /matouPCS/js/scrolltopcontrol.js
INFO: [ app_init ] --START--
INFO: Run Behavior\BuildLiteBehavior [ RunTime:0.000016s ]
INFO: [ app_init ] --END-- [ RunTime:0.000387s ]
ERR: 无法加载模块:Js

[ 2017-04-11T12:01:13+08:00 ] 127.0.0.1 /matouPCS/img/ss-t.png
INFO: [ app_init ] --START--
INFO: Run Behavior\BuildLiteBehavior [ RunTime:0.000014s ]
INFO: [ app_init ] --END-- [ RunTime:0.000514s ]
ERR: 无法加载模块:Img

[ 2017-04-11T12:01:13+08:00 ] 127.0.0.1 /matouPCS/js/scrolltopcontrol.js
INFO: [ app_init ] --START--
INFO: Run Behavior\BuildLiteBehavior [ RunTime:0.000028s ]
INFO: [ app_init ] --END-- [ RunTime:0.000494s ]
ERR: 无法加载模块:Js

[ 2017-04-11T12:01:29+08:00 ] 127.0.0.1 /matouPCS/img/alert-close.png
INFO: [ app_init ] --START--
INFO: Run Behavior\BuildLiteBehavior [ RunTime:0.000033s ]
INFO: [ app_init ] --END-- [ RunTime:0.001412s ]
ERR: 无法加载模块:Img

[ 2017-04-11T12:01:29+08:00 ] 127.0.0.1 /matouPCS/img/wyxs.png
INFO: [ app_init ] --START--
INFO: Run Behavior\BuildLiteBehavior [ RunTime:0.000029s ]
INFO: [ app_init ] --END-- [ RunTime:0.000971s ]
ERR: 无法加载模块:Img

[ 2017-04-11T12:01:29+08:00 ] 127.0.0.1 /matouPCS/img/wyys.png
INFO: [ app_init ] --START--
INFO: Run Behavior\BuildLiteBehavior [ RunTime:0.000029s ]
INFO: [ app_init ] --END-- [ RunTime:0.000752s ]
ERR: 无法加载模块:Img

[ 2017-04-11T12:01:29+08:00 ] 127.0.0.1 /matouPCS/img/wyzp.png
INFO: [ app_init ] --START--
INFO: Run Behavior\BuildLiteBehavior [ RunTime:0.000030s ]
INFO: [ app_init ] --END-- [ RunTime:0.000712s ]
ERR: 无法加载模块:Img

[ 2017-04-11T12:01:29+08:00 ] 127.0.0.1 /matouPCS/img/wyqg.png
INFO: [ app_init ] --START--
INFO: Run Behavior\BuildLiteBehavior [ RunTime:0.000024s ]
INFO: [ app_init ] --END-- [ RunTime:0.000755s ]
ERR: 无法加载模块:Img

[ 2017-04-11T12:01:29+08:00 ] 127.0.0.1 /matouPCS/img/wyxz.png
INFO: [ app_init ] --START--
INFO: Run Behavior\BuildLiteBehavior [ RunTime:0.000024s ]
INFO: [ app_init ] --END-- [ RunTime:0.000601s ]
ERR: 无法加载模块:Img

[ 2017-04-11T12:01:29+08:00 ] 127.0.0.1 /matouPCS/img/alert-close.png
INFO: [ app_init ] --START--
INFO: Run Behavior\BuildLiteBehavior [ RunTime:0.000025s ]
INFO: [ app_init ] --END-- [ RunTime:0.000675s ]
ERR: 无法加载模块:Img

[ 2017-04-11T12:01:29+08:00 ] 127.0.0.1 /matouPCS/img/wyxs.png
INFO: [ app_init ] --START--
INFO: Run Behavior\BuildLiteBehavior [ RunTime:0.000025s ]
INFO: [ app_init ] --END-- [ RunTime:0.000607s ]
ERR: 无法加载模块:Img

[ 2017-04-11T12:01:29+08:00 ] 127.0.0.1 /matouPCS/img/wyys.png
INFO: [ app_init ] --START--
INFO: Run Behavior\BuildLiteBehavior [ RunTime:0.000064s ]
INFO: [ app_init ] --END-- [ RunTime:0.001565s ]
ERR: 无法加载模块:Img

[ 2017-04-11T12:01:29+08:00 ] 127.0.0.1 /matouPCS/img/wyyp.png
INFO: [ app_init ] --START--
INFO: Run Behavior\BuildLiteBehavior [ RunTime:0.000067s ]
INFO: [ app_init ] --END-- [ RunTime:0.001508s ]
ERR: 无法加载模块:Img

[ 2017-04-11T12:01:29+08:00 ] 127.0.0.1 /matouPCS/img/wyzp.png
INFO: [ app_init ] --START--
INFO: Run Behavior\BuildLiteBehavior [ RunTime:0.000026s ]
INFO: [ app_init ] --END-- [ RunTime:0.000697s ]
ERR: 无法加载模块:Img

[ 2017-04-11T12:01:29+08:00 ] 127.0.0.1 /matouPCS/img/wyxz.png
INFO: [ app_init ] --START--
INFO: Run Behavior\BuildLiteBehavior [ RunTime:0.000015s ]
INFO: [ app_init ] --END-- [ RunTime:0.000409s ]
ERR: 无法加载模块:Img

[ 2017-04-11T12:02:15+08:00 ] 127.0.0.1 /matouPCS/img/wyys.png
INFO: [ app_init ] --START--
INFO: Run Behavior\BuildLiteBehavior [ RunTime:0.000030s ]
INFO: [ app_init ] --END-- [ RunTime:0.000757s ]
ERR: 无法加载模块:Img

[ 2017-04-11T12:02:15+08:00 ] 127.0.0.1 /matouPCS/img/wyzp.png
INFO: [ app_init ] --START--
INFO: Run Behavior\BuildLiteBehavior [ RunTime:0.000027s ]
INFO: [ app_init ] --END-- [ RunTime:0.000722s ]
ERR: 无法加载模块:Img

[ 2017-04-11T12:02:15+08:00 ] 127.0.0.1 /matouPCS/img/alert-close.png
INFO: [ app_init ] --START--
INFO: Run Behavior\BuildLiteBehavior [ RunTime:0.000025s ]
INFO: [ app_init ] --END-- [ RunTime:0.000704s ]
ERR: 无法加载模块:Img

[ 2017-04-11T12:02:15+08:00 ] 127.0.0.1 /matouPCS/img/wyyp.png
INFO: [ app_init ] --START--
INFO: Run Behavior\BuildLiteBehavior [ RunTime:0.000027s ]
INFO: [ app_init ] --END-- [ RunTime:0.000692s ]
ERR: 无法加载模块:Img

[ 2017-04-11T12:02:15+08:00 ] 127.0.0.1 /matouPCS/img/wyxz.png
INFO: [ app_init ] --START--
INFO: Run Behavior\BuildLiteBehavior [ RunTime:0.000029s ]
INFO: [ app_init ] --END-- [ RunTime:0.000729s ]
ERR: 无法加载模块:Img

[ 2017-04-11T12:02:15+08:00 ] 127.0.0.1 /matouPCS/img/wyxs.png
INFO: [ app_init ] --START--
INFO: Run Behavior\BuildLiteBehavior [ RunTime:0.000021s ]
INFO: [ app_init ] --END-- [ RunTime:0.000855s ]
ERR: 无法加载模块:Img

[ 2017-04-11T12:02:15+08:00 ] 127.0.0.1 /matouPCS/img/wyqg.png
INFO: [ app_init ] --START--
INFO: Run Behavior\BuildLiteBehavior [ RunTime:0.000027s ]
INFO: [ app_init ] --END-- [ RunTime:0.000522s ]
ERR: 无法加载模块:Img

[ 2017-04-11T12:02:15+08:00 ] 127.0.0.1 /matouPCS/img/alert-close.png
INFO: [ app_init ] --START--
INFO: Run Behavior\BuildLiteBehavior [ RunTime:0.000026s ]
INFO: [ app_init ] --END-- [ RunTime:0.000653s ]
ERR: 无法加载模块:Img

[ 2017-04-11T12:02:15+08:00 ] 127.0.0.1 /matouPCS/img/wyys.png
INFO: [ app_init ] --START--
INFO: Run Behavior\BuildLiteBehavior [ RunTime:0.000027s ]
INFO: [ app_init ] --END-- [ RunTime:0.000653s ]
ERR: 无法加载模块:Img

[ 2017-04-11T12:02:15+08:00 ] 127.0.0.1 /matouPCS/img/wyzp.png
INFO: [ app_init ] --START--
INFO: Run Behavior\BuildLiteBehavior [ RunTime:0.000022s ]
INFO: [ app_init ] --END-- [ RunTime:0.000628s ]
ERR: 无法加载模块:Img

[ 2017-04-11T12:02:15+08:00 ] 127.0.0.1 /matouPCS/img/wyyp.png
INFO: [ app_init ] --START--
INFO: Run Behavior\BuildLiteBehavior [ RunTime:0.000023s ]
INFO: [ app_init ] --END-- [ RunTime:0.000651s ]
ERR: 无法加载模块:Img

[ 2017-04-11T12:02:15+08:00 ] 127.0.0.1 /matouPCS/img/wyxz.png
INFO: [ app_init ] --START--
INFO: Run Behavior\BuildLiteBehavior [ RunTime:0.000022s ]
INFO: [ app_init ] --END-- [ RunTime:0.000582s ]
ERR: 无法加载模块:Img

[ 2017-04-11T12:02:15+08:00 ] 127.0.0.1 /matouPCS/img/wyxs.png
INFO: [ app_init ] --START--
INFO: Run Behavior\BuildLiteBehavior [ RunTime:0.000026s ]
INFO: [ app_init ] --END-- [ RunTime:0.000787s ]
ERR: 无法加载模块:Img

[ 2017-04-11T12:02:15+08:00 ] 127.0.0.1 /matouPCS/img/wyqg.png
INFO: [ app_init ] --START--
INFO: Run Behavior\BuildLiteBehavior [ RunTime:0.000028s ]
INFO: [ app_init ] --END-- [ RunTime:0.000826s ]
ERR: 无法加载模块:Img

[ 2017-04-11T15:00:49+08:00 ] 127.0.0.1 /matouPCS/Public/Home/js/mtb.js
INFO: [ app_init ] --START--
INFO: Run Behavior\BuildLiteBehavior [ RunTime:0.000166s ]
INFO: [ app_init ] --END-- [ RunTime:0.003606s ]
ERR: 无法加载模块:Public

[ 2017-04-11T15:00:49+08:00 ] 127.0.0.1 /matouPCS/Public/Home/js/mtb.js
INFO: [ app_init ] --START--
INFO: Run Behavior\BuildLiteBehavior [ RunTime:0.000023s ]
INFO: [ app_init ] --END-- [ RunTime:0.000849s ]
ERR: 无法加载模块:Public

[ 2017-04-11T15:00:54+08:00 ] 127.0.0.1 /matouPCS/Public/Home/js/mtb.js
INFO: [ app_init ] --START--
INFO: Run Behavior\BuildLiteBehavior [ RunTime:0.000016s ]
INFO: [ app_init ] --END-- [ RunTime:0.000461s ]
ERR: 无法加载模块:Public

[ 2017-04-11T15:00:54+08:00 ] 127.0.0.1 /matouPCS/Public/Home/js/mtb.js
INFO: [ app_init ] --START--
INFO: Run Behavior\BuildLiteBehavior [ RunTime:0.000018s ]
INFO: [ app_init ] --END-- [ RunTime:0.000582s ]
ERR: 无法加载模块:Public

[ 2017-04-11T15:00:56+08:00 ] 127.0.0.1 /matouPCS/Public/Home/img/loading.gif
INFO: [ app_init ] --START--
INFO: Run Behavior\BuildLiteBehavior [ RunTime:0.000029s ]
INFO: [ app_init ] --END-- [ RunTime:0.000529s ]
ERR: 无法加载模块:Public

[ 2017-04-11T15:38:18+08:00 ] 127.0.0.1 /matouPCS/Public/Home/js/mtb.js
INFO: [ app_init ] --START--
INFO: Run Behavior\BuildLiteBehavior [ RunTime:0.000038s ]
INFO: [ app_init ] --END-- [ RunTime:0.000753s ]
ERR: 无法加载模块:Public

[ 2017-04-11T15:38:19+08:00 ] 127.0.0.1 /matouPCS/Public/Home/js/mtb.js
INFO: [ app_init ] --START--
INFO: Run Behavior\BuildLiteBehavior [ RunTime:0.000026s ]
INFO: [ app_init ] --END-- [ RunTime:0.000662s ]
ERR: 无法加载模块:Public

[ 2017-04-11T15:38:24+08:00 ] 127.0.0.1 /matouPCS/Public/Home/js/mtb.js
INFO: [ app_init ] --START--
INFO: Run Behavior\BuildLiteBehavior [ RunTime:0.000042s ]
INFO: [ app_init ] --END-- [ RunTime:0.000894s ]
ERR: 无法加载模块:Public

[ 2017-04-11T15:38:25+08:00 ] 127.0.0.1 /matouPCS/Public/Home/js/mtb.js
INFO: [ app_init ] --START--
INFO: Run Behavior\BuildLiteBehavior [ RunTime:0.000034s ]
INFO: [ app_init ] --END-- [ RunTime:0.000790s ]
ERR: 无法加载模块:Public

[ 2017-04-11T15:38:27+08:00 ] 127.0.0.1 /matouPCS/Public/Home/img/loading.gif
INFO: [ app_init ] --START--
INFO: Run Behavior\BuildLiteBehavior [ RunTime:0.000031s ]
INFO: [ app_init ] --END-- [ RunTime:0.000804s ]
ERR: 无法加载模块:Public

[ 2017-04-11T15:41:10+08:00 ] 127.0.0.1 /matouPCS/phpadmin
INFO: [ app_init ] --START--
INFO: Run Behavior\BuildLiteBehavior [ RunTime:0.000018s ]
INFO: [ app_init ] --END-- [ RunTime:0.000516s ]
ERR: 无法加载模块:Phpadmin

[ 2017-04-11T16:28:26+08:00 ] 127.0.0.1 /matouPCS/Public/Home/js/mtb.js
INFO: [ app_init ] --START--
INFO: Run Behavior\BuildLiteBehavior [ RunTime:0.000015s ]
INFO: [ app_init ] --END-- [ RunTime:0.000495s ]
ERR: 无法加载模块:Public

[ 2017-04-11T16:28:28+08:00 ] 127.0.0.1 /matouPCS/Public/Home/js/mtb.js
INFO: [ app_init ] --START--
INFO: Run Behavior\BuildLiteBehavior [ RunTime:0.000015s ]
INFO: [ app_init ] --END-- [ RunTime:0.000465s ]
ERR: 无法加载模块:Public

[ 2017-04-11T16:29:00+08:00 ] 127.0.0.1 /matouPCS/Public/Home/js/mtb.js
INFO: [ app_init ] --START--
INFO: Run Behavior\BuildLiteBehavior [ RunTime:0.000020s ]
INFO: [ app_init ] --END-- [ RunTime:0.000586s ]
ERR: 无法加载模块:Public

[ 2017-04-11T16:29:00+08:00 ] 127.0.0.1 /matouPCS/Public/Home/js/mtb.js
INFO: [ app_init ] --START--
INFO: Run Behavior\BuildLiteBehavior [ RunTime:0.000128s ]
INFO: [ app_init ] --END-- [ RunTime:0.002537s ]
ERR: 无法加载模块:Public

[ 2017-04-11T16:29:39+08:00 ] 127.0.0.1 /matouPCS/Public/Home/js/mtb.js
INFO: [ app_init ] --START--
INFO: Run Behavior\BuildLiteBehavior [ RunTime:0.000033s ]
INFO: [ app_init ] --END-- [ RunTime:0.000848s ]
ERR: 无法加载模块:Public

[ 2017-04-11T16:29:39+08:00 ] 127.0.0.1 /matouPCS/Public/Home/js/mtb.js
INFO: [ app_init ] --START--
INFO: Run Behavior\BuildLiteBehavior [ RunTime:0.000034s ]
INFO: [ app_init ] --END-- [ RunTime:0.000892s ]
ERR: 无法加载模块:Public

[ 2017-04-11T16:30:10+08:00 ] 127.0.0.1 /matouPCS/Public/Home/js/mtb.js
INFO: [ app_init ] --START--
INFO: Run Behavior\BuildLiteBehavior [ RunTime:0.000026s ]
INFO: [ app_init ] --END-- [ RunTime:0.000532s ]
ERR: 无法加载模块:Public

[ 2017-04-11T16:30:11+08:00 ] 127.0.0.1 /matouPCS/Public/Home/js/mtb.js
INFO: [ app_init ] --START--
INFO: Run Behavior\BuildLiteBehavior [ RunTime:0.000080s ]
INFO: [ app_init ] --END-- [ RunTime:0.000917s ]
ERR: 无法加载模块:Public

[ 2017-04-11T16:30:15+08:00 ] 127.0.0.1 /matouPCS/Public/Home/js/mtb.js
INFO: [ app_init ] --START--
INFO: Run Behavior\BuildLiteBehavior [ RunTime:0.000015s ]
INFO: [ app_init ] --END-- [ RunTime:0.000397s ]
ERR: 无法加载模块:Public

[ 2017-04-11T16:30:15+08:00 ] 127.0.0.1 /matouPCS/Public/Home/js/mtb.js
INFO: [ app_init ] --START--
INFO: Run Behavior\BuildLiteBehavior [ RunTime:0.000075s ]
INFO: [ app_init ] --END-- [ RunTime:0.001702s ]
ERR: 无法加载模块:Public

[ 2017-04-11T16:30:21+08:00 ] 127.0.0.1 /matouPCS/Public/Home/img/loading.gif
INFO: [ app_init ] --START--
INFO: Run Behavior\BuildLiteBehavior [ RunTime:0.000032s ]
INFO: [ app_init ] --END-- [ RunTime:0.000805s ]
ERR: 无法加载模块:Public

[ 2017-04-11T16:34:12+08:00 ] 127.0.0.1 /matouPCS/Public/Home/img/loading.gif
INFO: [ app_init ] --START--
INFO: Run Behavior\BuildLiteBehavior [ RunTime:0.000035s ]
INFO: [ app_init ] --END-- [ RunTime:0.000945s ]
ERR: 无法加载模块:Public

[ 2017-04-11T16:53:01+08:00 ] 192.168.0.110 /matouPCS/Public/Home/js/mtb.js
INFO: [ app_init ] --START--
INFO: Run Behavior\BuildLiteBehavior [ RunTime:0.000030s ]
INFO: [ app_init ] --END-- [ RunTime:0.001148s ]
ERR: 无法加载模块:Public

[ 2017-04-11T16:53:01+08:00 ] 192.168.0.110 /matouPCS/Public/Home/js/mtb.js
INFO: [ app_init ] --START--
INFO: Run Behavior\BuildLiteBehavior [ RunTime:0.000043s ]
INFO: [ app_init ] --END-- [ RunTime:0.000444s ]
ERR: 无法加载模块:Public

[ 2017-04-11T16:55:36+08:00 ] 127.0.0.1 /matouPCS/Public/upload//20170408112746.png
INFO: [ app_init ] --START--
INFO: Run Behavior\BuildLiteBehavior [ RunTime:0.000033s ]
INFO: [ app_init ] --END-- [ RunTime:0.000750s ]
ERR: 无法加载模块:Public

[ 2017-04-11T16:55:36+08:00 ] 127.0.0.1 /matouPCS/Public/upload//%7BgetCookie('img')%7D
INFO: [ app_init ] --START--
INFO: Run Behavior\BuildLiteBehavior [ RunTime:0.000030s ]
INFO: [ app_init ] --END-- [ RunTime:0.000812s ]
ERR: 无法加载模块:Public

[ 2017-04-11T16:55:36+08:00 ] 127.0.0.1 /matouPCS/Public/upload//getCookie('img')
INFO: [ app_init ] --START--
INFO: Run Behavior\BuildLiteBehavior [ RunTime:0.000033s ]
INFO: [ app_init ] --END-- [ RunTime:0.000844s ]
ERR: 无法加载模块:Public

[ 2017-04-11T16:55:36+08:00 ] 127.0.0.1 /matouPCS/Public/upload//getCookie('img')
INFO: [ app_init ] --START--
INFO: Run Behavior\BuildLiteBehavior [ RunTime:0.000018s ]
INFO: [ app_init ] --END-- [ RunTime:0.000618s ]
ERR: 无法加载模块:Public

[ 2017-04-11T16:55:36+08:00 ] 127.0.0.1 /matouPCS/Public/upload//%7BgetCookie('img')%7D
INFO: [ app_init ] --START--
INFO: Run Behavior\BuildLiteBehavior [ RunTime:0.000026s ]
INFO: [ app_init ] --END-- [ RunTime:0.000767s ]
ERR: 无法加载模块:Public

[ 2017-04-11T16:58:59+08:00 ] 127.0.0.1 /matouPCS/Public/Home/js/mtb.js
INFO: [ app_init ] --START--
INFO: Run Behavior\BuildLiteBehavior [ RunTime:0.000014s ]
INFO: [ app_init ] --END-- [ RunTime:0.000409s ]
ERR: 无法加载模块:Public

[ 2017-04-11T16:59:00+08:00 ] 127.0.0.1 /matouPCS/Public/Home/js/mtb.js
INFO: [ app_init ] --START--
INFO: Run Behavior\BuildLiteBehavior [ RunTime:0.000017s ]
INFO: [ app_init ] --END-- [ RunTime:0.000506s ]
ERR: 无法加载模块:Public

[ 2017-04-11T16:59:06+08:00 ] 127.0.0.1 /matouPCS/img/wyxs.png
INFO: [ app_init ] --START--
INFO: Run Behavior\BuildLiteBehavior [ RunTime:0.000025s ]
INFO: [ app_init ] --END-- [ RunTime:0.000623s ]
ERR: 无法加载模块:Img

[ 2017-04-11T16:59:06+08:00 ] 127.0.0.1 /matouPCS/img/wyys.png
INFO: [ app_init ] --START--
INFO: Run Behavior\BuildLiteBehavior [ RunTime:0.000026s ]
INFO: [ app_init ] --END-- [ RunTime:0.000654s ]
ERR: 无法加载模块:Img

[ 2017-04-11T16:59:06+08:00 ] 127.0.0.1 /matouPCS/img/wyzp.png
INFO: [ app_init ] --START--
INFO: Run Behavior\BuildLiteBehavior [ RunTime:0.000026s ]
INFO: [ app_init ] --END-- [ RunTime:0.000685s ]
ERR: 无法加载模块:Img

[ 2017-04-11T16:59:06+08:00 ] 127.0.0.1 /matouPCS/img/wyxz.png
INFO: [ app_init ] --START--
INFO: Run Behavior\BuildLiteBehavior [ RunTime:0.000018s ]
INFO: [ app_init ] --END-- [ RunTime:0.000605s ]
ERR: 无法加载模块:Img

[ 2017-04-11T16:59:06+08:00 ] 127.0.0.1 /matouPCS/img/wyyp.png
INFO: [ app_init ] --START--
INFO: Run Behavior\BuildLiteBehavior [ RunTime:0.000025s ]
INFO: [ app_init ] --END-- [ RunTime:0.000854s ]
ERR: 无法加载模块:Img

[ 2017-04-11T16:59:07+08:00 ] 127.0.0.1 /matouPCS/img/wyzp.png
INFO: [ app_init ] --START--
INFO: Run Behavior\BuildLiteBehavior [ RunTime:0.000027s ]
INFO: [ app_init ] --END-- [ RunTime:0.000658s ]
ERR: 无法加载模块:Img

[ 2017-04-11T16:59:07+08:00 ] 127.0.0.1 /matouPCS/img/wyys.png
INFO: [ app_init ] --START--
INFO: Run Behavior\BuildLiteBehavior [ RunTime:0.000022s ]
INFO: [ app_init ] --END-- [ RunTime:0.000624s ]
ERR: 无法加载模块:Img

[ 2017-04-11T16:59:07+08:00 ] 127.0.0.1 /matouPCS/img/wyqg.png
INFO: [ app_init ] --START--
INFO: Run Behavior\BuildLiteBehavior [ RunTime:0.000026s ]
INFO: [ app_init ] --END-- [ RunTime:0.000660s ]
ERR: 无法加载模块:Img

[ 2017-04-11T16:59:07+08:00 ] 127.0.0.1 /matouPCS/img/wyxs.png
INFO: [ app_init ] --START--
INFO: Run Behavior\BuildLiteBehavior [ RunTime:0.000038s ]
INFO: [ app_init ] --END-- [ RunTime:0.000848s ]
ERR: 无法加载模块:Img

[ 2017-04-11T16:59:07+08:00 ] 127.0.0.1 /matouPCS/img/wyyp.png
INFO: [ app_init ] --START--
INFO: Run Behavior\BuildLiteBehavior [ RunTime:0.000040s ]
INFO: [ app_init ] --END-- [ RunTime:0.001038s ]
ERR: 无法加载模块:Img

[ 2017-04-11T16:59:07+08:00 ] 127.0.0.1 /matouPCS/img/wyxz.png
INFO: [ app_init ] --START--
INFO: Run Behavior\BuildLiteBehavior [ RunTime:0.000018s ]
INFO: [ app_init ] --END-- [ RunTime:0.000579s ]
ERR: 无法加载模块:Img

[ 2017-04-11T16:59:12+08:00 ] 127.0.0.1 /matouPCS/Public/Home/js/mtb.js
INFO: [ app_init ] --START--
INFO: Run Behavior\BuildLiteBehavior [ RunTime:0.000028s ]
INFO: [ app_init ] --END-- [ RunTime:0.000694s ]
ERR: 无法加载模块:Public

[ 2017-04-11T16:59:13+08:00 ] 127.0.0.1 /matouPCS/Public/Home/js/mtb.js
INFO: [ app_init ] --START--
INFO: Run Behavior\BuildLiteBehavior [ RunTime:0.000048s ]
INFO: [ app_init ] --END-- [ RunTime:0.000812s ]
ERR: 无法加载模块:Public

[ 2017-04-11T16:59:15+08:00 ] 127.0.0.1 /matouPCS/Public/Home/js/upimage.js
INFO: [ app_init ] --START--
INFO: Run Behavior\BuildLiteBehavior [ RunTime:0.000014s ]
INFO: [ app_init ] --END-- [ RunTime:0.000407s ]
ERR: 无法加载模块:Public

[ 2017-04-11T16:59:16+08:00 ] 127.0.0.1 /matouPCS/Public/Home/js/upimage.js
INFO: [ app_init ] --START--
INFO: Run Behavior\BuildLiteBehavior [ RunTime:0.000029s ]
INFO: [ app_init ] --END-- [ RunTime:0.000791s ]
ERR: 无法加载模块:Public

[ 2017-04-11T17:01:44+08:00 ] 192.168.0.105 /matouPCS/Public/upload//20170408112746.png
INFO: [ app_init ] --START--
INFO: Run Behavior\BuildLiteBehavior [ RunTime:0.000015s ]
INFO: [ app_init ] --END-- [ RunTime:0.000700s ]
ERR: 无法加载模块:Public

[ 2017-04-11T17:01:44+08:00 ] 192.168.0.105 /matouPCS/Public/upload//%7BgetCookie('img')%7D
INFO: [ app_init ] --START--
INFO: Run Behavior\BuildLiteBehavior [ RunTime:0.000066s ]
INFO: [ app_init ] --END-- [ RunTime:0.000556s ]
ERR: 无法加载模块:Public

[ 2017-04-11T17:01:44+08:00 ] 192.168.0.105 /matouPCS/Public/upload//getCookie('img')
INFO: [ app_init ] --START--
INFO: Run Behavior\BuildLiteBehavior [ RunTime:0.000013s ]
INFO: [ app_init ] --END-- [ RunTime:0.000384s ]
ERR: 无法加载模块:Public

[ 2017-04-11T17:04:43+08:00 ] 192.168.0.105 /matouPCS/Public/upload//20170408112746.png
INFO: [ app_init ] --START--
INFO: Run Behavior\BuildLiteBehavior [ RunTime:0.000015s ]
INFO: [ app_init ] --END-- [ RunTime:0.000458s ]
ERR: 无法加载模块:Public

[ 2017-04-11T17:04:43+08:00 ] 192.168.0.105 /matouPCS/Public/upload//getCookie('img')
INFO: [ app_init ] --START--
INFO: Run Behavior\BuildLiteBehavior [ RunTime:0.000017s ]
INFO: [ app_init ] --END-- [ RunTime:0.000527s ]
ERR: 无法加载模块:Public

[ 2017-04-11T17:04:43+08:00 ] 192.168.0.105 /matouPCS/Public/upload//%7BgetCookie('img')%7D
INFO: [ app_init ] --START--
INFO: Run Behavior\BuildLiteBehavior [ RunTime:0.000014s ]
INFO: [ app_init ] --END-- [ RunTime:0.000599s ]
ERR: 无法加载模块:Public

[ 2017-04-11T17:04:43+08:00 ] 192.168.0.105 /matouPCS/Public/upload//20170408112746.png
INFO: [ app_init ] --START--
INFO: Run Behavior\BuildLiteBehavior [ RunTime:0.000017s ]
INFO: [ app_init ] --END-- [ RunTime:0.000434s ]
ERR: 无法加载模块:Public

[ 2017-04-11T17:04:43+08:00 ] 192.168.0.105 /matouPCS/Public/upload//%7BgetCookie('img')%7D
INFO: [ app_init ] --START--
INFO: Run Behavior\BuildLiteBehavior [ RunTime:0.000018s ]
INFO: [ app_init ] --END-- [ RunTime:0.000428s ]
ERR: 无法加载模块:Public

[ 2017-04-11T17:09:04+08:00 ] 127.0.0.1 /matouPCS/Public/Home/js/mtb.js
INFO: [ app_init ] --START--
INFO: Run Behavior\BuildLiteBehavior [ RunTime:0.000021s ]
INFO: [ app_init ] --END-- [ RunTime:0.000579s ]
ERR: 无法加载模块:Public

[ 2017-04-11T17:09:05+08:00 ] 127.0.0.1 /matouPCS/Public/Home/js/mtb.js
INFO: [ app_init ] --START--
INFO: Run Behavior\BuildLiteBehavior [ RunTime:0.000015s ]
INFO: [ app_init ] --END-- [ RunTime:0.000422s ]
ERR: 无法加载模块:Public

[ 2017-04-11T17:09:09+08:00 ] 127.0.0.1 /matouPCS/img/wyxs.png
INFO: [ app_init ] --START--
INFO: Run Behavior\BuildLiteBehavior [ RunTime:0.000030s ]
INFO: [ app_init ] --END-- [ RunTime:0.000741s ]
ERR: 无法加载模块:Img

[ 2017-04-11T17:09:09+08:00 ] 127.0.0.1 /matouPCS/img/wyyp.png
INFO: [ app_init ] --START--
INFO: Run Behavior\BuildLiteBehavior [ RunTime:0.000024s ]
INFO: [ app_init ] --END-- [ RunTime:0.000805s ]
ERR: 无法加载模块:Img

[ 2017-04-11T17:09:09+08:00 ] 127.0.0.1 /matouPCS/img/wyqg.png
INFO: [ app_init ] --START--
INFO: Run Behavior\BuildLiteBehavior [ RunTime:0.000029s ]
INFO: [ app_init ] --END-- [ RunTime:0.000782s ]
ERR: 无法加载模块:Img

[ 2017-04-11T17:09:09+08:00 ] 127.0.0.1 /matouPCS/img/wyzp.png
INFO: [ app_init ] --START--
INFO: Run Behavior\BuildLiteBehavior [ RunTime:0.000026s ]
INFO: [ app_init ] --END-- [ RunTime:0.000703s ]
ERR: 无法加载模块:Img

[ 2017-04-11T17:09:09+08:00 ] 127.0.0.1 /matouPCS/img/alert-close.png
INFO: [ app_init ] --START--
INFO: Run Behavior\BuildLiteBehavior [ RunTime:0.000023s ]
INFO: [ app_init ] --END-- [ RunTime:0.000828s ]
ERR: 无法加载模块:Img

[ 2017-04-11T17:09:09+08:00 ] 127.0.0.1 /matouPCS/img/wyys.png
INFO: [ app_init ] --START--
INFO: Run Behavior\BuildLiteBehavior [ RunTime:0.000032s ]
INFO: [ app_init ] --END-- [ RunTime:0.000861s ]
ERR: 无法加载模块:Img

[ 2017-04-11T17:09:09+08:00 ] 127.0.0.1 /matouPCS/img/wyzp.png
INFO: [ app_init ] --START--
INFO: Run Behavior\BuildLiteBehavior [ RunTime:0.000023s ]
INFO: [ app_init ] --END-- [ RunTime:0.000637s ]
ERR: 无法加载模块:Img

[ 2017-04-11T17:09:09+08:00 ] 127.0.0.1 /matouPCS/img/alert-close.png
INFO: [ app_init ] --START--
INFO: Run Behavior\BuildLiteBehavior [ RunTime:0.000021s ]
INFO: [ app_init ] --END-- [ RunTime:0.000709s ]
ERR: 无法加载模块:Img

[ 2017-04-11T17:09:09+08:00 ] 127.0.0.1 /matouPCS/img/wyyp.png
INFO: [ app_init ] --START--
INFO: Run Behavior\BuildLiteBehavior [ RunTime:0.000021s ]
INFO: [ app_init ] --END-- [ RunTime:0.000607s ]
ERR: 无法加载模块:Img

[ 2017-04-11T17:09:09+08:00 ] 127.0.0.1 /matouPCS/img/wyys.png
INFO: [ app_init ] --START--
INFO: Run Behavior\BuildLiteBehavior [ RunTime:0.000027s ]
INFO: [ app_init ] --END-- [ RunTime:0.000695s ]
ERR: 无法加载模块:Img

[ 2017-04-11T17:09:09+08:00 ] 127.0.0.1 /matouPCS/img/wyqg.png
INFO: [ app_init ] --START--
INFO: Run Behavior\BuildLiteBehavior [ RunTime:0.000025s ]
INFO: [ app_init ] --END-- [ RunTime:0.000718s ]
ERR: 无法加载模块:Img

[ 2017-04-11T17:09:09+08:00 ] 127.0.0.1 /matouPCS/img/wyxz.png
INFO: [ app_init ] --START--
INFO: Run Behavior\BuildLiteBehavior [ RunTime:0.000021s ]
INFO: [ app_init ] --END-- [ RunTime:0.000790s ]
ERR: 无法加载模块:Img

[ 2017-04-11T17:09:09+08:00 ] 127.0.0.1 /matouPCS/img/wyxs.png
INFO: [ app_init ] --START--
INFO: Run Behavior\BuildLiteBehavior [ RunTime:0.000015s ]
INFO: [ app_init ] --END-- [ RunTime:0.000472s ]
ERR: 无法加载模块:Img

[ 2017-04-11T17:45:19+08:00 ] 127.0.0.1 /matouPCS/Public/Home/js/mtb.js
INFO: [ app_init ] --START--
INFO: Run Behavior\BuildLiteBehavior [ RunTime:0.000021s ]
INFO: [ app_init ] --END-- [ RunTime:0.000578s ]
ERR: 无法加载模块:Public

[ 2017-04-11T17:45:20+08:00 ] 127.0.0.1 /matouPCS/Public/Home/js/mtb.js
INFO: [ app_init ] --START--
INFO: Run Behavior\BuildLiteBehavior [ RunTime:0.000017s ]
INFO: [ app_init ] --END-- [ RunTime:0.000482s ]
ERR: 无法加载模块:Public

[ 2017-04-11T17:46:24+08:00 ] 127.0.0.1 /matouPCS/Public/Home/js/mtb.js
INFO: [ app_init ] --START--
INFO: Run Behavior\BuildLiteBehavior [ RunTime:0.000021s ]
INFO: [ app_init ] --END-- [ RunTime:0.000658s ]
ERR: 无法加载模块:Public

[ 2017-04-11T17:46:26+08:00 ] 127.0.0.1 /matouPCS/Public/Home/js/mtb.js
INFO: [ app_init ] --START--
INFO: Run Behavior\BuildLiteBehavior [ RunTime:0.000024s ]
INFO: [ app_init ] --END-- [ RunTime:0.000557s ]
ERR: 无法加载模块:Public

[ 2017-04-11T17:46:39+08:00 ] 127.0.0.1 /matouPCS/Public/Home/css/txys-3r-zy.css
INFO: [ app_init ] --START--
INFO: Run Behavior\BuildLiteBehavior [ RunTime:0.000019s ]
INFO: [ app_init ] --END-- [ RunTime:0.000522s ]
ERR: 无法加载模块:Public

[ 2017-04-11T17:46:43+08:00 ] 127.0.0.1 /matouPCS/Public/Home/css/txyp-3r-zy.css
INFO: [ app_init ] --START--
INFO: Run Behavior\BuildLiteBehavior [ RunTime:0.000021s ]
INFO: [ app_init ] --END-- [ RunTime:0.000565s ]
ERR: 无法加载模块:Public

[ 2017-04-11T18:08:58+08:00 ] 127.0.0.1 /matouPCS/Public/Home/js/mtb.js
INFO: [ app_init ] --START--
INFO: Run Behavior\BuildLiteBehavior [ RunTime:0.000021s ]
INFO: [ app_init ] --END-- [ RunTime:0.000593s ]
ERR: 无法加载模块:Public

[ 2017-04-11T18:08:58+08:00 ] 127.0.0.1 /matouPCS/Public/Home/js/mtb.js
INFO: [ app_init ] --START--
INFO: Run Behavior\BuildLiteBehavior [ RunTime:0.000029s ]
INFO: [ app_init ] --END-- [ RunTime:0.000759s ]
ERR: 无法加载模块:Public

[ 2017-04-11T18:09:19+08:00 ] 127.0.0.1 /matouPCS/Public/Home/js/mtb.js
INFO: [ app_init ] --START--
INFO: Run Behavior\BuildLiteBehavior [ RunTime:0.000046s ]
INFO: [ app_init ] --END-- [ RunTime:0.001674s ]
ERR: 无法加载模块:Public

[ 2017-04-11T18:09:19+08:00 ] 127.0.0.1 /matouPCS/Public/Home/js/mtb.js
INFO: [ app_init ] --START--
INFO: Run Behavior\BuildLiteBehavior [ RunTime:0.000032s ]
INFO: [ app_init ] --END-- [ RunTime:0.000652s ]
ERR: 无法加载模块:Public

[ 2017-04-11T18:44:49+08:00 ] 127.0.0.1 /matouPCS/Public/Home/css/txys-3r-zy.css
INFO: [ app_init ] --START--
INFO: Run Behavior\BuildLiteBehavior [ RunTime:0.000020s ]
INFO: [ app_init ] --END-- [ RunTime:0.000621s ]
ERR: 无法加载模块:Public

[ 2017-04-11T18:46:57+08:00 ] 127.0.0.1 /matouPCS/Public/Home/css/txys-3r-zy.css
INFO: [ app_init ] --START--
INFO: Run Behavior\BuildLiteBehavior [ RunTime:0.000025s ]
INFO: [ app_init ] --END-- [ RunTime:0.000608s ]
ERR: 无法加载模块:Public

[ 2017-04-11T18:47:06+08:00 ] 127.0.0.1 /matouPCS/Public/Home/css/txyp-3r-zy.css
INFO: [ app_init ] --START--
INFO: Run Behavior\BuildLiteBehavior [ RunTime:0.000024s ]
INFO: [ app_init ] --END-- [ RunTime:0.000694s ]
ERR: 无法加载模块:Public

