[ 2017-03-31T09:38:53+08:00 ] 127.0.0.1 /matouPCS/Public/Home/img/topack.png
INFO: [ app_init ] --START--
INFO: Run Behavior\BuildLiteBehavior [ RunTime:0.000018s ]
INFO: [ app_init ] --END-- [ RunTime:0.000875s ]
ERR: 无法加载模块:Public

[ 2017-03-31T09:44:17+08:00 ] 127.0.0.1 /matouPCS/img/hide.png
INFO: [ app_init ] --START--
INFO: Run Behavior\BuildLiteBehavior [ RunTime:0.000017s ]
INFO: [ app_init ] --END-- [ RunTime:0.000518s ]
ERR: 无法加载模块:Img

[ 2017-03-31T09:44:17+08:00 ] 127.0.0.1 /matouPCS/img/xzjs.png
INFO: [ app_init ] --START--
INFO: Run Behavior\BuildLiteBehavior [ RunTime:0.000016s ]
INFO: [ app_init ] --END-- [ RunTime:0.000562s ]
ERR: 无法加载模块:Img

[ 2017-03-31T09:44:17+08:00 ] 127.0.0.1 /matouPCS/img/swtitle.png
INFO: [ app_init ] --START--
INFO: Run Behavior\BuildLiteBehavior [ RunTime:0.000016s ]
INFO: [ app_init ] --END-- [ RunTime:0.000479s ]
ERR: 无法加载模块:Img

[ 2017-03-31T09:44:17+08:00 ] 127.0.0.1 /matouPCS/j/matouPCS/Public/Home/s/jquery-1.8.3.min.js
INFO: [ app_init ] --START--
INFO: Run Behavior\BuildLiteBehavior [ RunTime:0.000017s ]
INFO: [ app_init ] --END-- [ RunTime:0.000502s ]
ERR: 无法加载模块:J

[ 2017-03-31T09:44:18+08:00 ] 127.0.0.1 /matouPCS/img/hide.png
INFO: [ app_init ] --START--
INFO: Run Behavior\BuildLiteBehavior [ RunTime:0.000016s ]
INFO: [ app_init ] --END-- [ RunTime:0.000489s ]
ERR: 无法加载模块:Img

[ 2017-03-31T09:44:18+08:00 ] 127.0.0.1 /matouPCS/img/xzjs.png
INFO: [ app_init ] --START--
INFO: Run Behavior\BuildLiteBehavior [ RunTime:0.000018s ]
INFO: [ app_init ] --END-- [ RunTime:0.000468s ]
ERR: 无法加载模块:Img

[ 2017-03-31T09:44:18+08:00 ] 127.0.0.1 /matouPCS/img/swtitle.png
INFO: [ app_init ] --START--
INFO: Run Behavior\BuildLiteBehavior [ RunTime:0.000016s ]
INFO: [ app_init ] --END-- [ RunTime:0.000472s ]
ERR: 无法加载模块:Img

[ 2017-03-31T09:44:18+08:00 ] 127.0.0.1 /matouPCS/j/matouPCS/Public/Home/s/jquery-1.8.3.min.js
INFO: [ app_init ] --START--
INFO: Run Behavior\BuildLiteBehavior [ RunTime:0.000017s ]
INFO: [ app_init ] --END-- [ RunTime:0.000528s ]
ERR: 无法加载模块:J

[ 2017-03-31T09:44:36+08:00 ] 127.0.0.1 /matouPCS/img/swtitle.png
INFO: [ app_init ] --START--
INFO: Run Behavior\BuildLiteBehavior [ RunTime:0.000031s ]
INFO: [ app_init ] --END-- [ RunTime:0.000706s ]
ERR: 无法加载模块:Img

[ 2017-03-31T09:44:36+08:00 ] 127.0.0.1 /matouPCS/j/matouPCS/Public/Home/s/jquery-1.8.3.min.js
INFO: [ app_init ] --START--
INFO: Run Behavior\BuildLiteBehavior [ RunTime:0.000030s ]
INFO: [ app_init ] --END-- [ RunTime:0.000732s ]
ERR: 无法加载模块:J

[ 2017-03-31T09:44:36+08:00 ] 127.0.0.1 /matouPCS/img/hide.png
INFO: [ app_init ] --START--
INFO: Run Behavior\BuildLiteBehavior [ RunTime:0.000020s ]
INFO: [ app_init ] --END-- [ RunTime:0.000689s ]
ERR: 无法加载模块:Img

[ 2017-03-31T09:44:36+08:00 ] 127.0.0.1 /matouPCS/img/xzjs.png
INFO: [ app_init ] --START--
INFO: Run Behavior\BuildLiteBehavior [ RunTime:0.000028s ]
INFO: [ app_init ] --END-- [ RunTime:0.000617s ]
ERR: 无法加载模块:Img

[ 2017-03-31T09:44:37+08:00 ] 127.0.0.1 /matouPCS/img/hide.png
INFO: [ app_init ] --START--
INFO: Run Behavior\BuildLiteBehavior [ RunTime:0.000079s ]
INFO: [ app_init ] --END-- [ RunTime:0.001218s ]
ERR: 无法加载模块:Img



[ 2017-03-31T09:44:37+08:00 ] 127.0.0.1 /matouPCS/img/xzjs.png
INFO: [ app_init ] --START--
INFO: Run Behavior\BuildLiteBehavior [ RunTime:0.000078s ]
INFO: [ app_init ] --END-- [ RunTime:0.001533s ]
ERR: 无法加载模块:Img

[ 2017-03-31T09:44:37+08:00 ] 127.0.0.1 /matouPCS/j/matouPCS/Public/Home/s/jquery-1.8.3.min.js
INFO: [ app_init ] --START--
INFO: Run Behavior\BuildLiteBehavior [ RunTime:0.000016s ]
INFO: [ app_init ] --END-- [ RunTime:0.000402s ]
ERR: 无法加载模块:J

[ 2017-03-31T09:44:38+08:00 ] 127.0.0.1 /matouPCS/_PUBLIC__/Home/img/topback.png
INFO: [ app_init ] --START--
INFO: Run Behavior\BuildLiteBehavior [ RunTime:0.000018s ]
INFO: [ app_init ] --END-- [ RunTime:0.000573s ]
ERR: 无法加载模块:_PUBLIC__

[ 2017-03-31T09:44:49+08:00 ] 127.0.0.1 /matouPCS/img/xzjs.png
INFO: [ app_init ] --START--
INFO: Run Behavior\BuildLiteBehavior [ RunTime:0.000017s ]
INFO: [ app_init ] --END-- [ RunTime:0.000487s ]
ERR: 无法加载模块:Img

[ 2017-03-31T09:44:49+08:00 ] 127.0.0.1 /matouPCS/img/hide.png
INFO: [ app_init ] --START--
INFO: Run Behavior\BuildLiteBehavior [ RunTime:0.000020s ]
INFO: [ app_init ] --END-- [ RunTime:0.000557s ]
ERR: 无法加载模块:Img

[ 2017-03-31T09:44:49+08:00 ] 127.0.0.1 /matouPCS/j/matouPCS/Public/Home/s/jquery-1.8.3.min.js
INFO: [ app_init ] --START--
INFO: Run Behavior\BuildLiteBehavior [ RunTime:0.000019s ]
INFO: [ app_init ] --END-- [ RunTime:0.000427s ]
ERR: 无法加载模块:J

[ 2017-03-31T09:44:49+08:00 ] 127.0.0.1 /matouPCS/img/swtitle.png
INFO: [ app_init ] --START--
INFO: Run Behavior\BuildLiteBehavior [ RunTime:0.000034s ]
INFO: [ app_init ] --END-- [ RunTime:0.001086s ]
ERR: 无法加载模块:Img

[ 2017-03-31T09:44:49+08:00 ] 127.0.0.1 /matouPCS/img/swtitle.png
INFO: [ app_init ] --START--
INFO: Run Behavior\BuildLiteBehavior [ RunTime:0.000018s ]
INFO: [ app_init ] --END-- [ RunTime:0.000462s ]
ERR: 无法加载模块:Img

[ 2017-03-31T09:44:49+08:00 ] 127.0.0.1 /matouPCS/img/xzjs.png
INFO: [ app_init ] --START--
INFO: Run Behavior\BuildLiteBehavior [ RunTime:0.000018s ]
INFO: [ app_init ] --END-- [ RunTime:0.000459s ]
ERR: 无法加载模块:Img

[ 2017-03-31T09:44:49+08:00 ] 127.0.0.1 /matouPCS/j/matouPCS/Public/Home/s/jquery-1.8.3.min.js
INFO: [ app_init ] --START--
INFO: Run Behavior\BuildLiteBehavior [ RunTime:0.000019s ]
INFO: [ app_init ] --END-- [ RunTime:0.000511s ]
ERR: 无法加载模块:J

[ 2017-03-31T09:44:50+08:00 ] 127.0.0.1 /matouPCS/__PUBLIC__/Home/img/topback.png
INFO: [ app_init ] --START--
INFO: Run Behavior\BuildLiteBehavior [ RunTime:0.000074s ]
INFO: [ app_init ] --END-- [ RunTime:0.001398s ]
ERR: 无法加载模块:__PUBLIC__

[ 2017-03-31T09:44:53+08:00 ] 127.0.0.1 /matouPCS/img/swtitle.png
INFO: [ app_init ] --START--
INFO: Run Behavior\BuildLiteBehavior [ RunTime:0.000017s ]
INFO: [ app_init ] --END-- [ RunTime:0.000483s ]
ERR: 无法加载模块:Img

[ 2017-03-31T09:44:53+08:00 ] 127.0.0.1 /matouPCS/img/xzjs.png
INFO: [ app_init ] --START--
INFO: Run Behavior\BuildLiteBehavior [ RunTime:0.000014s ]
INFO: [ app_init ] --END-- [ RunTime:0.000407s ]
ERR: 无法加载模块:Img

[ 2017-03-31T09:44:53+08:00 ] 127.0.0.1 /matouPCS/img/hide.png
INFO: [ app_init ] --START--
INFO: Run Behavior\BuildLiteBehavior [ RunTime:0.000033s ]
INFO: [ app_init ] --END-- [ RunTime:0.000567s ]
ERR: 无法加载模块:Img

[ 2017-03-31T09:44:53+08:00 ] 127.0.0.1 /matouPCS/j/matouPCS/Public/Home/s/jquery-1.8.3.min.js
INFO: [ app_init ] --START--
INFO: Run Behavior\BuildLiteBehavior [ RunTime:0.000016s ]
INFO: [ app_init ] --END-- [ RunTime:0.000426s ]
ERR: 无法加载模块:J

[ 2017-03-31T09:44:53+08:00 ] 127.0.0.1 /matouPCS/img/hide.png
INFO: [ app_init ] --START--
INFO: Run Behavior\BuildLiteBehavior [ RunTime:0.000028s ]
INFO: [ app_init ] --END-- [ RunTime:0.000648s ]
ERR: 无法加载模块:Img

[ 2017-03-31T09:44:53+08:00 ] 127.0.0.1 /matouPCS/img/xzjs.png
INFO: [ app_init ] --START--
INFO: Run Behavior\BuildLiteBehavior [ RunTime:0.000026s ]
INFO: [ app_init ] --END-- [ RunTime:0.000570s ]
ERR: 无法加载模块:Img

[ 2017-03-31T09:44:53+08:00 ] 127.0.0.1 /matouPCS/img/swtitle.png
INFO: [ app_init ] --START--
INFO: Run Behavior\BuildLiteBehavior [ RunTime:0.000028s ]
INFO: [ app_init ] --END-- [ RunTime:0.001440s ]
ERR: 无法加载模块:Img

[ 2017-03-31T09:44:53+08:00 ] 127.0.0.1 /matouPCS/j/matouPCS/Public/Home/s/jquery-1.8.3.min.js
INFO: [ app_init ] --START--
INFO: Run Behavior\BuildLiteBehavior [ RunTime:0.000017s ]
INFO: [ app_init ] --END-- [ RunTime:0.000519s ]
ERR: 无法加载模块:J

[ 2017-03-31T09:44:54+08:00 ] 127.0.0.1 /matouPCS/__PUBLIC__/Home/img/topback.png
INFO: [ app_init ] --START--
INFO: Run Behavior\BuildLiteBehavior [ RunTime:0.000015s ]
INFO: [ app_init ] --END-- [ RunTime:0.000440s ]
ERR: 无法加载模块:__PUBLIC__

[ 2017-03-31T09:45:11+08:00 ] 127.0.0.1 /matouPCS/img/swtitle.png
INFO: [ app_init ] --START--
INFO: Run Behavior\BuildLiteBehavior [ RunTime:0.000023s ]
INFO: [ app_init ] --END-- [ RunTime:0.000946s ]
ERR: 无法加载模块:Img

[ 2017-03-31T09:45:11+08:00 ] 127.0.0.1 /matouPCS/img/hide.png
INFO: [ app_init ] --START--
INFO: Run Behavior\BuildLiteBehavior [ RunTime:0.000015s ]
INFO: [ app_init ] --END-- [ RunTime:0.000444s ]
ERR: 无法加载模块:Img

[ 2017-03-31T09:45:11+08:00 ] 127.0.0.1 /matouPCS/img/xzjs.png
INFO: [ app_init ] --START--
INFO: Run Behavior\BuildLiteBehavior [ RunTime:0.000016s ]
INFO: [ app_init ] --END-- [ RunTime:0.000434s ]
ERR: 无法加载模块:Img

[ 2017-03-31T09:45:11+08:00 ] 127.0.0.1 /matouPCS/j/matouPCS/Public/Home/s/jquery-1.8.3.min.js
INFO: [ app_init ] --START--
INFO: Run Behavior\BuildLiteBehavior [ RunTime:0.000016s ]
INFO: [ app_init ] --END-- [ RunTime:0.000449s ]
ERR: 无法加载模块:J

[ 2017-03-31T09:45:11+08:00 ] 127.0.0.1 /matouPCS/img/swtitle.png
INFO: [ app_init ] --START--
INFO: Run Behavior\BuildLiteBehavior [ RunTime:0.000016s ]
INFO: [ app_init ] --END-- [ RunTime:0.000434s ]
ERR: 无法加载模块:Img

[ 2017-03-31T09:45:11+08:00 ] 127.0.0.1 /matouPCS/img/hide.png
INFO: [ app_init ] --START--
INFO: Run Behavior\BuildLiteBehavior [ RunTime:0.000016s ]
INFO: [ app_init ] --END-- [ RunTime:0.000476s ]
ERR: 无法加载模块:Img

[ 2017-03-31T09:45:11+08:00 ] 127.0.0.1 /matouPCS/img/xzjs.png
INFO: [ app_init ] --START--
INFO: Run Behavior\BuildLiteBehavior [ RunTime:0.000017s ]
INFO: [ app_init ] --END-- [ RunTime:0.000481s ]
ERR: 无法加载模块:Img

[ 2017-03-31T09:45:12+08:00 ] 127.0.0.1 /matouPCS/j/matouPCS/Public/Home/s/jquery-1.8.3.min.js
INFO: [ app_init ] --START--
INFO: Run Behavior\BuildLiteBehavior [ RunTime:0.000014s ]
INFO: [ app_init ] --END-- [ RunTime:0.000341s ]
ERR: 无法加载模块:J

[ 2017-03-31T09:45:12+08:00 ] 127.0.0.1 /matouPCS/__PUBLIC__/Home/img/topback.png
INFO: [ app_init ] --START--
INFO: Run Behavior\BuildLiteBehavior [ RunTime:0.000017s ]
INFO: [ app_init ] --END-- [ RunTime:0.000473s ]
ERR: 无法加载模块:__PUBLIC__

[ 2017-03-31T09:45:51+08:00 ] 127.0.0.1 /matouPCS/img/swtitle.png
INFO: [ app_init ] --START--
INFO: Run Behavior\BuildLiteBehavior [ RunTime:0.000027s ]
INFO: [ app_init ] --END-- [ RunTime:0.000628s ]
ERR: 无法加载模块:Img

[ 2017-03-31T09:45:51+08:00 ] 127.0.0.1 /matouPCS/img/hide.png
INFO: [ app_init ] --START--
INFO: Run Behavior\BuildLiteBehavior [ RunTime:0.000016s ]
INFO: [ app_init ] --END-- [ RunTime:0.000423s ]
ERR: 无法加载模块:Img

[ 2017-03-31T09:45:51+08:00 ] 127.0.0.1 /matouPCS/img/xzjs.png
INFO: [ app_init ] --START--
INFO: Run Behavior\BuildLiteBehavior [ RunTime:0.000022s ]
INFO: [ app_init ] --END-- [ RunTime:0.000583s ]
ERR: 无法加载模块:Img

[ 2017-03-31T09:45:51+08:00 ] 127.0.0.1 /matouPCS/j/matouPCS/Public/Home/s/jquery-1.8.3.min.js
INFO: [ app_init ] --START--
INFO: Run Behavior\BuildLiteBehavior [ RunTime:0.000021s ]
INFO: [ app_init ] --END-- [ RunTime:0.000606s ]
ERR: 无法加载模块:J

[ 2017-03-31T09:45:51+08:00 ] 127.0.0.1 /matouPCS/img/xzjs.png
INFO: [ app_init ] --START--
INFO: Run Behavior\BuildLiteBehavior [ RunTime:0.000014s ]
INFO: [ app_init ] --END-- [ RunTime:0.000378s ]
ERR: 无法加载模块:Img

[ 2017-03-31T09:45:51+08:00 ] 127.0.0.1 /matouPCS/img/hide.png
INFO: [ app_init ] --START--
INFO: Run Behavior\BuildLiteBehavior [ RunTime:0.000016s ]
INFO: [ app_init ] --END-- [ RunTime:0.000403s ]
ERR: 无法加载模块:Img

[ 2017-03-31T09:45:51+08:00 ] 127.0.0.1 /matouPCS/img/swtitle.png
INFO: [ app_init ] --START--
INFO: Run Behavior\BuildLiteBehavior [ RunTime:0.000015s ]
INFO: [ app_init ] --END-- [ RunTime:0.000418s ]
ERR: 无法加载模块:Img

[ 2017-03-31T09:45:51+08:00 ] 127.0.0.1 /matouPCS/j/matouPCS/Public/Home/s/jquery-1.8.3.min.js
INFO: [ app_init ] --START--
INFO: Run Behavior\BuildLiteBehavior [ RunTime:0.000017s ]
INFO: [ app_init ] --END-- [ RunTime:0.000391s ]
ERR: 无法加载模块:J

[ 2017-03-31T09:45:52+08:00 ] 127.0.0.1 /matouPCS/__PUBLIC__/Home/img/topback.png
INFO: [ app_init ] --START--
INFO: Run Behavior\BuildLiteBehavior [ RunTime:0.000015s ]
INFO: [ app_init ] --END-- [ RunTime:0.000453s ]
ERR: 无法加载模块:__PUBLIC__

[ 2017-03-31T09:45:54+08:00 ] 127.0.0.1 /matouPCS/img/hide.png
INFO: [ app_init ] --START--
INFO: Run Behavior\BuildLiteBehavior [ RunTime:0.000021s ]
INFO: [ app_init ] --END-- [ RunTime:0.000573s ]
ERR: 无法加载模块:Img

[ 2017-03-31T09:45:54+08:00 ] 127.0.0.1 /matouPCS/img/xzjs.png
INFO: [ app_init ] --START--
INFO: Run Behavior\BuildLiteBehavior [ RunTime:0.000018s ]
INFO: [ app_init ] --END-- [ RunTime:0.000471s ]
ERR: 无法加载模块:Img

[ 2017-03-31T09:45:54+08:00 ] 127.0.0.1 /matouPCS/img/swtitle.png
INFO: [ app_init ] --START--
INFO: Run Behavior\BuildLiteBehavior [ RunTime:0.000028s ]
INFO: [ app_init ] --END-- [ RunTime:0.000706s ]
ERR: 无法加载模块:Img

[ 2017-03-31T09:45:54+08:00 ] 127.0.0.1 /matouPCS/j/matouPCS/Public/Home/s/jquery-1.8.3.min.js
INFO: [ app_init ] --START--
INFO: Run Behavior\BuildLiteBehavior [ RunTime:0.000019s ]
INFO: [ app_init ] --END-- [ RunTime:0.000552s ]
ERR: 无法加载模块:J

[ 2017-03-31T09:45:55+08:00 ] 127.0.0.1 /matouPCS/img/swtitle.png
INFO: [ app_init ] --START--
INFO: Run Behavior\BuildLiteBehavior [ RunTime:0.000016s ]
INFO: [ app_init ] --END-- [ RunTime:0.000506s ]
ERR: 无法加载模块:Img

[ 2017-03-31T09:45:55+08:00 ] 127.0.0.1 /matouPCS/img/hide.png
INFO: [ app_init ] --START--
INFO: Run Behavior\BuildLiteBehavior [ RunTime:0.000025s ]
INFO: [ app_init ] --END-- [ RunTime:0.000578s ]
ERR: 无法加载模块:Img

[ 2017-03-31T09:45:55+08:00 ] 127.0.0.1 /matouPCS/img/xzjs.png
INFO: [ app_init ] --START--
INFO: Run Behavior\BuildLiteBehavior [ RunTime:0.000033s ]
INFO: [ app_init ] --END-- [ RunTime:0.000607s ]
ERR: 无法加载模块:Img

[ 2017-03-31T09:45:55+08:00 ] 127.0.0.1 /matouPCS/j/matouPCS/Public/Home/s/jquery-1.8.3.min.js
INFO: [ app_init ] --START--
INFO: Run Behavior\BuildLiteBehavior [ RunTime:0.000016s ]
INFO: [ app_init ] --END-- [ RunTime:0.000389s ]
ERR: 无法加载模块:J

[ 2017-03-31T09:45:55+08:00 ] 127.0.0.1 /matouPCS/__PUBLIC__/Home/img/topback.png
INFO: [ app_init ] --START--
INFO: Run Behavior\BuildLiteBehavior [ RunTime:0.000015s ]
INFO: [ app_init ] --END-- [ RunTime:0.000534s ]
ERR: 无法加载模块:__PUBLIC__

[ 2017-03-31T09:46:09+08:00 ] 127.0.0.1 /matouPCS/img/swtitle.png
INFO: [ app_init ] --START--
INFO: Run Behavior\BuildLiteBehavior [ RunTime:0.000024s ]
INFO: [ app_init ] --END-- [ RunTime:0.000605s ]
ERR: 无法加载模块:Img

[ 2017-03-31T09:46:09+08:00 ] 127.0.0.1 /matouPCS/j/matouPCS/Public/Home/s/jquery-1.8.3.min.js
INFO: [ app_init ] --START--
INFO: Run Behavior\BuildLiteBehavior [ RunTime:0.000026s ]
INFO: [ app_init ] --END-- [ RunTime:0.000789s ]
ERR: 无法加载模块:J

[ 2017-03-31T09:46:09+08:00 ] 127.0.0.1 /matouPCS/img/xzjs.png
INFO: [ app_init ] --START--
INFO: Run Behavior\BuildLiteBehavior [ RunTime:0.000017s ]
INFO: [ app_init ] --END-- [ RunTime:0.000476s ]
ERR: 无法加载模块:Img

[ 2017-03-31T09:46:09+08:00 ] 127.0.0.1 /matouPCS/img/hide.png
INFO: [ app_init ] --START--
INFO: Run Behavior\BuildLiteBehavior [ RunTime:0.000026s ]
INFO: [ app_init ] --END-- [ RunTime:0.000923s ]
ERR: 无法加载模块:Img

[ 2017-03-31T09:46:10+08:00 ] 127.0.0.1 /matouPCS/img/swtitle.png
INFO: [ app_init ] --START--
INFO: Run Behavior\BuildLiteBehavior [ RunTime:0.000117s ]
INFO: [ app_init ] --END-- [ RunTime:0.002126s ]
ERR: 无法加载模块:Img

[ 2017-03-31T09:46:10+08:00 ] 127.0.0.1 /matouPCS/img/hide.png
INFO: [ app_init ] --START--
INFO: Run Behavior\BuildLiteBehavior [ RunTime:0.000027s ]
INFO: [ app_init ] --END-- [ RunTime:0.000939s ]
ERR: 无法加载模块:Img

[ 2017-03-31T09:46:10+08:00 ] 127.0.0.1 /matouPCS/img/xzjs.png
INFO: [ app_init ] --START--
INFO: Run Behavior\BuildLiteBehavior [ RunTime:0.000026s ]
INFO: [ app_init ] --END-- [ RunTime:0.000818s ]
ERR: 无法加载模块:Img

[ 2017-03-31T09:46:10+08:00 ] 127.0.0.1 /matouPCS/j/matouPCS/Public/Home/s/jquery-1.8.3.min.js
INFO: [ app_init ] --START--
INFO: Run Behavior\BuildLiteBehavior [ RunTime:0.000018s ]
INFO: [ app_init ] --END-- [ RunTime:0.000446s ]
ERR: 无法加载模块:J

[ 2017-03-31T09:53:05+08:00 ] 127.0.0.1 /matouPCS/img/hide.png
INFO: [ app_init ] --START--
INFO: Run Behavior\BuildLiteBehavior [ RunTime:0.000017s ]
INFO: [ app_init ] --END-- [ RunTime:0.000478s ]
ERR: 无法加载模块:Img

[ 2017-03-31T09:53:05+08:00 ] 127.0.0.1 /matouPCS/img/swtitle.png
INFO: [ app_init ] --START--
INFO: Run Behavior\BuildLiteBehavior [ RunTime:0.000029s ]
INFO: [ app_init ] --END-- [ RunTime:0.000685s ]
ERR: 无法加载模块:Img

R: 无法加载模块:J

[ 2017-03-31T09:53:05+08:00 ] 127.0.0.1 /matouPCS/img/xzjs.png
INFO: [ app_init ] --START--
INFO: Run Behavior\BuildLiteBehavior [ RunTime:0.000019s ]
INFO: [ app_init ] --END-- [ RunTime:0.000502s ]
ERR: 无法加载模块:Img

[ 2017-03-31T09:53:06+08:00 ] 127.0.0.1 /matouPCS/img/swtitle.png
INFO: [ app_init ] --START--
INFO: Run Behavior\BuildLiteBehavior [ RunTime:0.000019s ]
INFO: [ app_init ] --END-- [ RunTime:0.000455s ]
ERR: 无法加载模块:Img

[ 2017-03-31T09:53:06+08:00 ] 127.0.0.1 /matouPCS/img/hide.png
INFO: [ app_init ] --START--
INFO: Run Behavior\BuildLiteBehavior [ RunTime:0.000017s ]
INFO: [ app_init ] --END-- [ RunTime:0.000450s ]
ERR: 无法加载模块:Img

[ 2017-03-31T09:53:06+08:00 ] 127.0.0.1 /matouPCS/img/xzjs.png
INFO: [ app_init ] --START--
INFO: Run Behavior\BuildLiteBehavior [ RunTime:0.000016s ]
INFO: [ app_init ] --END-- [ RunTime:0.000729s ]
ERR: 无法加载模块:Img

[ 2017-03-31T09:53:06+08:00 ] 127.0.0.1 /matouPCS/j/matouPCS/Public/Home/s/jquery-1.8.3.min.js
INFO: [ app_init ] --START--
INFO: Run Behavior\BuildLiteBehavior [ RunTime:0.000028s ]
INFO: [ app_init ] --END-- [ RunTime:0.000615s ]
ERR: 无法加载模块:J

[ 2017-03-31T10:03:52+08:00 ] 127.0.0.1 /matouPCS/img/swtitle.png
INFO: [ app_init ] --START--
INFO: Run Behavior\BuildLiteBehavior [ RunTime:0.000018s ]
INFO: [ app_init ] --END-- [ RunTime:0.000581s ]
ERR: 无法加载模块:Img

[ 2017-03-31T10:03:52+08:00 ] 127.0.0.1 /matouPCS/img/hide.png
INFO: [ app_init ] --START--
INFO: Run Behavior\BuildLiteBehavior [ RunTime:0.000026s ]
INFO: [ app_init ] --END-- [ RunTime:0.000610s ]
ERR: 无法加载模块:Img

[ 2017-03-31T10:03:52+08:00 ] 127.0.0.1 /matouPCS/j/matouPCS/Public/Home/s/jquery-1.8.3.min.js
INFO: [ app_init ] --START--
INFO: Run Behavior\BuildLiteBehavior [ RunTime:0.000017s ]
INFO: [ app_init ] --END-- [ RunTime:0.000449s ]
ERR: 无法加载模块:J

[ 2017-03-31T10:03:52+08:00 ] 127.0.0.1 /matouPCS/img/xzjs.png
INFO: [ app_init ] --START--
INFO: Run Behavior\BuildLiteBehavior [ RunTime:0.000019s ]
INFO: [ app_init ] --END-- [ RunTime:0.000526s ]
ERR: 无法加载模块:Img

[ 2017-03-31T10:03:52+08:00 ] 127.0.0.1 /matouPCS/img/xzjs.png
INFO: [ app_init ] --START--
INFO: Run Behavior\BuildLiteBehavior [ RunTime:0.000028s ]
INFO: [ app_init ] --END-- [ RunTime:0.000681s ]
ERR: 无法加载模块:Img

[ 2017-03-31T10:03:52+08:00 ] 127.0.0.1 /matouPCS/img/hide.png
INFO: [ app_init ] --START--
INFO: Run Behavior\BuildLiteBehavior [ RunTime:0.000027s ]
INFO: [ app_init ] --END-- [ RunTime:0.000787s ]
ERR: 无法加载模块:Img

[ 2017-03-31T10:03:52+08:00 ] 127.0.0.1 /matouPCS/img/swtitle.png
INFO: [ app_init ] --START--
INFO: Run Behavior\BuildLiteBehavior [ RunTime:0.000018s ]
INFO: [ app_init ] --END-- [ RunTime:0.000624s ]
ERR: 无法加载模块:Img

[ 2017-03-31T10:03:52+08:00 ] 127.0.0.1 /matouPCS/j/matouPCS/Public/Home/s/jquery-1.8.3.min.js
INFO: [ app_init ] --START--
INFO: Run Behavior\BuildLiteBehavior [ RunTime:0.000013s ]
INFO: [ app_init ] --END-- [ RunTime:0.000405s ]
ERR: 无法加载模块:J

[ 2017-03-31T10:05:41+08:00 ] 127.0.0.1 /matouPCS/img/hide.png
INFO: [ app_init ] --START--
INFO: Run Behavior\BuildLiteBehavior [ RunTime:0.000017s ]
INFO: [ app_init ] --END-- [ RunTime:0.000552s ]
ERR: 无法加载模块:Img

[ 2017-03-31T10:05:41+08:00 ] 127.0.0.1 /matouPCS/img/xzjs.png
INFO: [ app_init ] --START--
INFO: Run Behavior\BuildLiteBehavior [ RunTime:0.000021s ]
INFO: [ app_init ] --END-- [ RunTime:0.000624s ]
ERR: 无法加载模块:Img

[ 2017-03-31T10:05:41+08:00 ] 127.0.0.1 /matouPCS/img/swtitle.png
INFO: [ app_init ] --START--
INFO: Run Behavior\BuildLiteBehavior [ RunTime:0.000018s ]
INFO: [ app_init ] --END-- [ RunTime:0.000447s ]
ERR: 无法加载模块:Img

[ 2017-03-31T10:05:41+08:00 ] 127.0.0.1 /matouPCS/j/matouPCS/Public/Home/s/jquery-1.8.3.min.js
INFO: [ app_init ] --START--
INFO: Run Behavior\BuildLiteBehavior [ RunTime:0.000015s ]
INFO: [ app_init ] --END-- [ RunTime:0.000726s ]
ERR: 无法加载模块:J

[ 2017-03-31T10:05:41+08:00 ] 127.0.0.1 /matouPCS/img/swtitle.png
INFO: [ app_init ] --START--
INFO: Run Behavior\BuildLiteBehavior [ RunTime:0.000016s ]
INFO: [ app_init ] --END-- [ RunTime:0.000487s ]
ERR: 无法加载模块:Img

[ 2017-03-31T10:05:41+08:00 ] 127.0.0.1 /matouPCS/img/xzjs.png
INFO: [ app_init ] --START--
INFO: Run Behavior\BuildLiteBehavior [ RunTime:0.000014s ]
INFO: [ app_init ] --END-- [ RunTime:0.000422s ]
ERR: 无法加载模块:Img

[ 2017-03-31T10:05:41+08:00 ] 127.0.0.1 /matouPCS/img/hide.png
INFO: [ app_init ] --START--
INFO: Run Behavior\BuildLiteBehavior [ RunTime:0.000016s ]
INFO: [ app_init ] --END-- [ RunTime:0.000423s ]
ERR: 无法加载模块:Img

[ 2017-03-31T10:05:41+08:00 ] 127.0.0.1 /matouPCS/j/matouPCS/Public/Home/s/jquery-1.8.3.min.js
INFO: [ app_init ] --START--
INFO: Run Behavior\BuildLiteBehavior [ RunTime:0.000015s ]
INFO: [ app_init ] --END-- [ RunTime:0.000479s ]
ERR: 无法加载模块:J

[ 2017-03-31T11:34:45+08:00 ] 127.0.0.1 /matouPCS/Uploads/Uploads/2017-01-05/586e150e66a05.jpg
INFO: [ app_init ] --START--
INFO: Run Behavior\BuildLiteBehavior [ RunTime:0.000022s ]
INFO: [ app_init ] --END-- [ RunTime:0.000629s ]
ERR: 无法加载模块:Uploads

[ 2017-03-31T14:15:10+08:00 ] 127.0.0.1 /matouPCS/img/swtitle.png
INFO: [ app_init ] --START--
INFO: Run Behavior\BuildLiteBehavior [ RunTime:0.000028s ]
INFO: [ app_init ] --END-- [ RunTime:0.000798s ]
ERR: 无法加载模块:Img

[ 2017-03-31T14:15:10+08:00 ] 127.0.0.1 /matouPCS/img/hide.png
INFO: [ app_init ] --START--
INFO: Run Behavior\BuildLiteBehavior [ RunTime:0.000024s ]
INFO: [ app_init ] --END-- [ RunTime:0.000635s ]
ERR: 无法加载模块:Img

[ 2017-03-31T14:15:10+08:00 ] 127.0.0.1 /matouPCS/img/xzjs.png
INFO: [ app_init ] --START--
INFO: Run Behavior\BuildLiteBehavior [ RunTime:0.000028s ]
INFO: [ app_init ] --END-- [ RunTime:0.000733s ]
ERR: 无法加载模块:Img

[ 2017-03-31T14:15:10+08:00 ] 127.0.0.1 /matouPCS/j/matouPCS/Public/Home/s/jquery-1.8.3.min.js
INFO: [ app_init ] --START--
INFO: Run Behavior\BuildLiteBehavior [ RunTime:0.000015s ]
INFO: [ app_init ] --END-- [ RunTime:0.000469s ]
ERR: 无法加载模块:J

[ 2017-03-31T14:15:10+08:00 ] 127.0.0.1 /matouPCS/img/xzjs.png
INFO: [ app_init ] --START--
INFO: Run Behavior\BuildLiteBehavior [ RunTime:0.000027s ]
INFO: [ app_init ] --END-- [ RunTime:0.000579s ]
ERR: 无法加载模块:Img

[ 2017-03-31T14:15:10+08:00 ] 127.0.0.1 /matouPCS/img/swtitle.png
INFO: [ app_init ] --START--
INFO: Run Behavior\BuildLiteBehavior [ RunTime:0.000016s ]
INFO: [ app_init ] --END-- [ RunTime:0.000571s ]
ERR: 无法加载模块:Img

[ 2017-03-31T14:15:10+08:00 ] 127.0.0.1 /matouPCS/img/hide.png
INFO: [ app_init ] --START--
INFO: Run Behavior\BuildLiteBehavior [ RunTime:0.000026s ]
INFO: [ app_init ] --END-- [ RunTime:0.000742s ]
ERR: 无法加载模块:Img

[ 2017-03-31T14:15:10+08:00 ] 127.0.0.1 /matouPCS/j/matouPCS/Public/Home/s/jquery-1.8.3.min.js
INFO: [ app_init ] --START--
INFO: Run Behavior\BuildLiteBehavior [ RunTime:0.000018s ]
INFO: [ app_init ] --END-- [ RunTime:0.000523s ]
ERR: 无法加载模块:J

[ 2017-03-31T14:38:38+08:00 ] 127.0.0.1 /matouPCS/img/swtitle.png
INFO: [ app_init ] --START--
INFO: Run Behavior\BuildLiteBehavior [ RunTime:0.000025s ]
INFO: [ app_init ] --END-- [ RunTime:0.000641s ]
ERR: 无法加载模块:Img

[ 2017-03-31T14:38:38+08:00 ] 127.0.0.1 /matouPCS/img/hide.png
INFO: [ app_init ] --START--
INFO: Run Behavior\BuildLiteBehavior [ RunTime:0.000026s ]
INFO: [ app_init ] --END-- [ RunTime:0.000598s ]
ERR: 无法加载模块:Img

[ 2017-03-31T14:38:38+08:00 ] 127.0.0.1 /matouPCS/img/xzjs.png
INFO: [ app_init ] --START--
INFO: Run Behavior\BuildLiteBehavior [ RunTime:0.000036s ]
INFO: [ app_init ] --END-- [ RunTime:0.000515s ]
ERR: 无法加载模块:Img

[ 2017-03-31T14:38:38+08:00 ] 127.0.0.1 /matouPCS/j/matouPCS/Public/Home/s/jquery-1.8.3.min.js
INFO: [ app_init ] --START--
INFO: Run Behavior\BuildLiteBehavior [ RunTime:0.000028s ]
INFO: [ app_init ] --END-- [ RunTime:0.000594s ]
ERR: 无法加载模块:J

[ 2017-03-31T14:38:38+08:00 ] 127.0.0.1 /matouPCS/img/swtitle.png
INFO: [ app_init ] --START--
INFO: Run Behavior\BuildLiteBehavior [ RunTime:0.000018s ]
INFO: [ app_init ] --END-- [ RunTime:0.000522s ]
ERR: 无法加载模块:Img

[ 2017-03-31T14:38:38+08:00 ] 127.0.0.1 /matouPCS/img/xzjs.png
INFO: [ app_init ] --START--
INFO: Run Behavior\BuildLiteBehavior [ RunTime:0.000018s ]
INFO: [ app_init ] --END-- [ RunTime:0.000523s ]
ERR: 无法加载模块:Img

[ 2017-03-31T14:38:38+08:00 ] 127.0.0.1 /matouPCS/img/hide.png
INFO: [ app_init ] --START--
INFO: Run Behavior\BuildLiteBehavior [ RunTime:0.000015s ]
INFO: [ app_init ] --END-- [ RunTime:0.000457s ]
ERR: 无法加载模块:Img

[ 2017-03-31T14:38:38+08:00 ] 127.0.0.1 /matouPCS/j/matouPCS/Public/Home/s/jquery-1.8.3.min.js
INFO: [ app_init ] --START--
INFO: Run Behavior\BuildLiteBehavior [ RunTime:0.000037s ]
INFO: [ app_init ] --END-- [ RunTime:0.000734s ]
ERR: 无法加载模块:J

