[ 2017-04-05T10:37:29+08:00 ] 127.0.0.1 /matouPCS/Public/Home/img/bj-ok.png
INFO: [ app_init ] --START--
INFO: Run Behavior\BuildLiteBehavior [ RunTime:0.000017s ]
INFO: [ app_init ] --END-- [ RunTime:0.000435s ]
ERR: 无法加载模块:Public

[ 2017-04-05T10:37:29+08:00 ] 127.0.0.1 /matouPCS/Public/Home/img/select.png
INFO: [ app_init ] --START--
INFO: Run Behavior\BuildLiteBehavior [ RunTime:0.000014s ]
INFO: [ app_init ] --END-- [ RunTime:0.000403s ]
ERR: 无法加载模块:Public

[ 2017-04-05T10:37:50+08:00 ] 127.0.0.1 /matouPCS/Public/Home/img/bj-ok.png
INFO: [ app_init ] --START--
INFO: Run Behavior\BuildLiteBehavior [ RunTime:0.000027s ]
INFO: [ app_init ] --END-- [ RunTime:0.000658s ]
ERR: 无法加载模块:Public

[ 2017-04-05T10:37:50+08:00 ] 127.0.0.1 /matouPCS/Public/Home/img/select.png
INFO: [ app_init ] --START--
INFO: Run Behavior\BuildLiteBehavior [ RunTime:0.000015s ]
INFO: [ app_init ] --END-- [ RunTime:0.000390s ]
ERR: 无法加载模块:Public

[ 2017-04-05T10:44:14+08:00 ] 127.0.0.1 /matouPCS/Public/Home/img/bj-ok.png
INFO: [ app_init ] --START--
INFO: Run Behavior\BuildLiteBehavior [ RunTime:0.000019s ]
INFO: [ app_init ] --END-- [ RunTime:0.000665s ]
ERR: 无法加载模块:Public

[ 2017-04-05T10:44:14+08:00 ] 127.0.0.1 /matouPCS/Public/Home/img/select.png
INFO: [ app_init ] --START--
INFO: Run Behavior\BuildLiteBehavior [ RunTime:0.000017s ]
INFO: [ app_init ] --END-- [ RunTime:0.000518s ]
ERR: 无法加载模块:Public

[ 2017-04-05T10:44:18+08:00 ] 127.0.0.1 /matouPCS/Public/Home/img/bdyb.png
INFO: [ app_init ] --START--
INFO: Run Behavior\BuildLiteBehavior [ RunTime:0.000016s ]
INFO: [ app_init ] --END-- [ RunTime:0.000393s ]
ERR: 无法加载模块:Public

[ 2017-04-05T10:46:23+08:00 ] 127.0.0.1 /matouPCS/Public/Home/img/bj-ok.png
INFO: [ app_init ] --START--
INFO: Run Behavior\BuildLiteBehavior [ RunTime:0.000026s ]
INFO: [ app_init ] --END-- [ RunTime:0.000499s ]
ERR: 无法加载模块:Public

[ 2017-04-05T10:46:23+08:00 ] 127.0.0.1 /matouPCS/Public/Home/img/select.png
INFO: [ app_init ] --START--
INFO: Run Behavior\BuildLiteBehavior [ RunTime:0.000017s ]
INFO: [ app_init ] --END-- [ RunTime:0.000389s ]
ERR: 无法加载模块:Public

[ 2017-04-05T11:27:49+08:00 ] 127.0.0.1 /matouPCS/Uploads/Uploads/2017-01-05/586e150e66a05.jpg
INFO: [ app_init ] --START--
INFO: Run Behavior\BuildLiteBehavior [ RunTime:0.000015s ]
INFO: [ app_init ] --END-- [ RunTime:0.000413s ]
ERR: 无法加载模块:Uploads

[ 2017-04-05T11:27:49+08:00 ] 127.0.0.1 /matouPCS/Uploads/Uploads/2017-01-05/586e150e66a05.jpg
INFO: [ app_init ] --START--
INFO: Run Behavior\BuildLiteBehavior [ RunTime:0.000059s ]
INFO: [ app_init ] --END-- [ RunTime:0.001289s ]
ERR: 无法加载模块:Uploads

[ 2017-04-05T11:29:27+08:00 ] 127.0.0.1 /matouPCS/Public/Home/img/bj-ok.png
INFO: [ app_init ] --START--
INFO: Run Behavior\BuildLiteBehavior [ RunTime:0.000018s ]
INFO: [ app_init ] --END-- [ RunTime:0.000584s ]
ERR: 无法加载模块:Public

[ 2017-04-05T11:29:28+08:00 ] 127.0.0.1 /matouPCS/Public/Home/img/select.png
INFO: [ app_init ] --START--
INFO: Run Behavior\BuildLiteBehavior [ RunTime:0.000019s ]
INFO: [ app_init ] --END-- [ RunTime:0.000477s ]
ERR: 无法加载模块:Public

[ 2017-04-05T11:29:33+08:00 ] 127.0.0.1 /matouPCS/Public/Home/img/bj-ok.png
INFO: [ app_init ] --START--
INFO: Run Behavior\BuildLiteBehavior [ RunTime:0.000015s ]
INFO: [ app_init ] --END-- [ RunTime:0.000492s ]
ERR: 无法加载模块:Public

[ 2017-04-05T11:29:33+08:00 ] 127.0.0.1 /matouPCS/Public/Home/img/select.png
INFO: [ app_init ] --START--
INFO: Run Behavior\BuildLiteBehavior [ RunTime:0.000015s ]
INFO: [ app_init ] --END-- [ RunTime:0.000454s ]
ERR: 无法加载模块:Public

[ 2017-04-05T11:30:01+08:00 ] 127.0.0.1 /matouPCS/Public/Home/img/bj-ok.png
INFO: [ app_init ] --START--
INFO: Run Behavior\BuildLiteBehavior [ RunTime:0.000016s ]
INFO: [ app_init ] --END-- [ RunTime:0.000431s ]
ERR: 无法加载模块:Public

[ 2017-04-05T11:30:01+08:00 ] 127.0.0.1 /matouPCS/Public/Home/img/select.png
INFO: [ app_init ] --START--
INFO: Run Behavior\BuildLiteBehavior [ RunTime:0.000017s ]
INFO: [ app_init ] --END-- [ RunTime:0.000493s ]
ERR: 无法加载模块:Public

[ 2017-04-05T12:04:34+08:00 ] 127.0.0.1 /matouPCS/img/banner_big01.png
INFO: [ app_init ] --START--
INFO: Run Behavior\BuildLiteBehavior [ RunTime:0.000025s ]
INFO: [ app_init ] --END-- [ RunTime:0.000573s ]
ERR: 无法加载模块:Img

[ 2017-04-05T12:04:34+08:00 ] 127.0.0.1 /matouPCS/img/logo.png
INFO: [ app_init ] --START--
INFO: Run Behavior\BuildLiteBehavior [ RunTime:0.000020s ]
INFO: [ app_init ] --END-- [ RunTime:0.000561s ]
ERR: 无法加载模块:Img

[ 2017-04-05T12:04:34+08:00 ] 127.0.0.1 /matouPCS/img/xzjs.png
INFO: [ app_init ] --START--
INFO: Run Behavior\BuildLiteBehavior [ RunTime:0.000025s ]
INFO: [ app_init ] --END-- [ RunTime:0.000610s ]
ERR: 无法加载模块:Img

[ 2017-04-05T12:04:34+08:00 ] 127.0.0.1 /matouPCS/img/hide.png
INFO: [ app_init ] --START--
INFO: Run Behavior\BuildLiteBehavior [ RunTime:0.000035s ]
INFO: [ app_init ] --END-- [ RunTime:0.000948s ]
ERR: 无法加载模块:Img

[ 2017-04-05T12:04:34+08:00 ] 127.0.0.1 /matouPCS/img/rightside_icon05.png
INFO: [ app_init ] --START--
INFO: Run Behavior\BuildLiteBehavior [ RunTime:0.000028s ]
INFO: [ app_init ] --END-- [ RunTime:0.000961s ]
ERR: 无法加载模块:Img

[ 2017-04-05T12:04:34+08:00 ] 127.0.0.1 /matouPCS/js/jquery-1.8.3.min.js
INFO: [ app_init ] --START--
INFO: Run Behavior\BuildLiteBehavior [ RunTime:0.000337s ]
INFO: [ app_init ] --END-- [ RunTime:0.001010s ]
ERR: 无法加载模块:Js

[ 2017-04-05T12:04:34+08:00 ] 127.0.0.1 /matouPCS/js/indexstore.js
INFO: [ app_init ] --START--
INFO: Run Behavior\BuildLiteBehavior [ RunTime:0.000049s ]
INFO: [ app_init ] --END-- [ RunTime:0.000861s ]
ERR: 无法加载模块:Js

[ 2017-04-05T12:04:34+08:00 ] 127.0.0.1 /matouPCS/js/jquery.leoweather.min.js
INFO: [ app_init ] --START--
INFO: Run Behavior\BuildLiteBehavior [ RunTime:0.000026s ]
INFO: [ app_init ] --END-- [ RunTime:0.000524s ]
ERR: 无法加载模块:Js

[ 2017-04-05T12:04:34+08:00 ] 127.0.0.1 /matouPCS/js/scrolltopcontrol.js
INFO: [ app_init ] --START--
INFO: Run Behavior\BuildLiteBehavior [ RunTime:0.000030s ]
INFO: [ app_init ] --END-- [ RunTime:0.000561s ]
ERR: 无法加载模块:Js

[ 2017-04-05T12:04:34+08:00 ] 127.0.0.1 /matouPCS/js/City_data.js
INFO: [ app_init ] --START--
INFO: Run Behavior\BuildLiteBehavior [ RunTime:0.000025s ]
INFO: [ app_init ] --END-- [ RunTime:0.000531s ]
ERR: 无法加载模块:Js

[ 2017-04-05T12:04:34+08:00 ] 127.0.0.1 /matouPCS/js/areadata.js
INFO: [ app_init ] --START--
INFO: Run Behavior\BuildLiteBehavior [ RunTime:0.000021s ]
INFO: [ app_init ] --END-- [ RunTime:0.000417s ]
ERR: 无法加载模块:Js

[ 2017-04-05T12:04:34+08:00 ] 127.0.0.1 /matouPCS/js/showwin2.js
INFO: [ app_init ] --START--
INFO: Run Behavior\BuildLiteBehavior [ RunTime:0.000026s ]
INFO: [ app_init ] --END-- [ RunTime:0.000569s ]
ERR: 无法加载模块:Js

[ 2017-04-05T12:04:34+08:00 ] 127.0.0.1 /matouPCS/img/banner_big02.png
INFO: [ app_init ] --START--
INFO: Run Behavior\BuildLiteBehavior [ RunTime:0.000015s ]
INFO: [ app_init ] --END-- [ RunTime:0.000482s ]
ERR: 无法加载模块:Img

[ 2017-04-05T12:04:34+08:00 ] 127.0.0.1 /matouPCS/img/banner_big03.png
INFO: [ app_init ] --START--
INFO: Run Behavior\BuildLiteBehavior [ RunTime:0.000024s ]
INFO: [ app_init ] --END-- [ RunTime:0.000526s ]
ERR: 无法加载模块:Img

[ 2017-04-05T12:04:34+08:00 ] 127.0.0.1 /matouPCS/img/banner_big04.png
INFO: [ app_init ] --START--
INFO: Run Behavior\BuildLiteBehavior [ RunTime:0.000024s ]
INFO: [ app_init ] --END-- [ RunTime:0.000603s ]
ERR: 无法加载模块:Img

[ 2017-04-05T12:04:34+08:00 ] 127.0.0.1 /matouPCS/img/banner_big06.png
INFO: [ app_init ] --START--
INFO: Run Behavior\BuildLiteBehavior [ RunTime:0.000035s ]
INFO: [ app_init ] --END-- [ RunTime:0.000619s ]
ERR: 无法加载模块:Img

[ 2017-04-05T12:04:34+08:00 ] 127.0.0.1 /matouPCS/img/banner_big05.png
INFO: [ app_init ] --START--
INFO: Run Behavior\BuildLiteBehavior [ RunTime:0.000028s ]
INFO: [ app_init ] --END-- [ RunTime:0.000792s ]
ERR: 无法加载模块:Img

[ 2017-04-05T12:04:34+08:00 ] 127.0.0.1 /matouPCS/img/banner_small01.png
INFO: [ app_init ] --START--
INFO: Run Behavior\BuildLiteBehavior [ RunTime:0.000023s ]
INFO: [ app_init ] --END-- [ RunTime:0.000521s ]
ERR: 无法加载模块:Img

[ 2017-04-05T12:04:34+08:00 ] 127.0.0.1 /matouPCS/img/banner_small04.png
INFO: [ app_init ] --START--
INFO: Run Behavior\BuildLiteBehavior [ RunTime:0.000019s ]
INFO: [ app_init ] --END-- [ RunTime:0.000568s ]
ERR: 无法加载模块:Img

[ 2017-04-05T12:04:34+08:00 ] 127.0.0.1 /matouPCS/img/banner_small03.png
INFO: [ app_init ] --START--
INFO: Run Behavior\BuildLiteBehavior [ RunTime:0.000022s ]
INFO: [ app_init ] --END-- [ RunTime:0.000521s ]
ERR: 无法加载模块:Img

[ 2017-04-05T12:04:34+08:00 ] 127.0.0.1 /matouPCS/img/banner_small02.png
INFO: [ app_init ] --START--
INFO: Run Behavior\BuildLiteBehavior [ RunTime:0.000023s ]
INFO: [ app_init ] --END-- [ RunTime:0.000534s ]
ERR: 无法加载模块:Img

[ 2017-04-05T12:04:34+08:00 ] 127.0.0.1 /matouPCS/img/banner_small05.png
INFO: [ app_init ] --START--
INFO: Run Behavior\BuildLiteBehavior [ RunTime:0.000026s ]
INFO: [ app_init ] --END-- [ RunTime:0.000871s ]
ERR: 无法加载模块:Img

[ 2017-04-05T12:04:34+08:00 ] 127.0.0.1 /matouPCS/img/banner_small06.png
INFO: [ app_init ] --START--
INFO: Run Behavior\BuildLiteBehavior [ RunTime:0.000018s ]
INFO: [ app_init ] --END-- [ RunTime:0.000585s ]
ERR: 无法加载模块:Img

[ 2017-04-05T12:04:34+08:00 ] 127.0.0.1 /matouPCS/img/M.png
INFO: [ app_init ] --START--
INFO: Run Behavior\BuildLiteBehavior [ RunTime:0.000023s ]
INFO: [ app_init ] --END-- [ RunTime:0.000580s ]
ERR: 无法加载模块:Img

[ 2017-04-05T12:04:34+08:00 ] 127.0.0.1 /matouPCS/img/gold-title.png
INFO: [ app_init ] --START--
INFO: Run Behavior\BuildLiteBehavior [ RunTime:0.000025s ]
INFO: [ app_init ] --END-- [ RunTime:0.000566s ]
ERR: 无法加载模块:Img

[ 2017-04-05T12:04:34+08:00 ] 127.0.0.1 /matouPCS/img/gold1.png
INFO: [ app_init ] --START--
INFO: Run Behavior\BuildLiteBehavior [ RunTime:0.000015s ]
INFO: [ app_init ] --END-- [ RunTime:0.000535s ]
ERR: 无法加载模块:Img

[ 2017-04-05T12:04:34+08:00 ] 127.0.0.1 /matouPCS/img/fanpai.png
INFO: [ app_init ] --START--
INFO: Run Behavior\BuildLiteBehavior [ RunTime:0.000023s ]
INFO: [ app_init ] --END-- [ RunTime:0.000519s ]
ERR: 无法加载模块:Img

[ 2017-04-05T12:04:34+08:00 ] 127.0.0.1 /matouPCS/img/rightside_icon01.png
INFO: [ app_init ] --START--
INFO: Run Behavior\BuildLiteBehavior [ RunTime:0.000021s ]
INFO: [ app_init ] --END-- [ RunTime:0.000510s ]
ERR: 无法加载模块:Img

[ 2017-04-05T12:04:34+08:00 ] 127.0.0.1 /matouPCS/img/rightside_icon02.png
INFO: [ app_init ] --START--
INFO: Run Behavior\BuildLiteBehavior [ RunTime:0.000023s ]
INFO: [ app_init ] --END-- [ RunTime:0.000530s ]
ERR: 无法加载模块:Img

[ 2017-04-05T12:04:34+08:00 ] 127.0.0.1 /matouPCS/img/rightside_icon03.png
INFO: [ app_init ] --START--
INFO: Run Behavior\BuildLiteBehavior [ RunTime:0.000027s ]
INFO: [ app_init ] --END-- [ RunTime:0.000697s ]
ERR: 无法加载模块:Img

[ 2017-04-05T12:04:34+08:00 ] 127.0.0.1 /matouPCS/img/rightside_icon06.png
INFO: [ app_init ] --START--
INFO: Run Behavior\BuildLiteBehavior [ RunTime:0.000021s ]
INFO: [ app_init ] --END-- [ RunTime:0.000553s ]
ERR: 无法加载模块:Img

[ 2017-04-05T12:04:34+08:00 ] 127.0.0.1 /matouPCS/img/rightside_icon04.png
INFO: [ app_init ] --START--
INFO: Run Behavior\BuildLiteBehavior [ RunTime:0.000014s ]
INFO: [ app_init ] --END-- [ RunTime:0.000424s ]
ERR: 无法加载模块:Img

[ 2017-04-05T12:04:34+08:00 ] 127.0.0.1 /matouPCS/img/erweima_top.png
INFO: [ app_init ] --START--
INFO: Run Behavior\BuildLiteBehavior [ RunTime:0.000022s ]
INFO: [ app_init ] --END-- [ RunTime:0.000529s ]
ERR: 无法加载模块:Img

[ 2017-04-05T12:04:34+08:00 ] 127.0.0.1 /matouPCS/img/gray_small_position.png
INFO: [ app_init ] --START--
INFO: Run Behavior\BuildLiteBehavior [ RunTime:0.000022s ]
INFO: [ app_init ] --END-- [ RunTime:0.000551s ]
ERR: 无法加载模块:Img

[ 2017-04-05T12:04:34+08:00 ] 127.0.0.1 /matouPCS/img/reword_gesture.png
INFO: [ app_init ] --START--
INFO: Run Behavior\BuildLiteBehavior [ RunTime:0.000027s ]
INFO: [ app_init ] --END-- [ RunTime:0.000583s ]
ERR: 无法加载模块:Img

[ 2017-04-05T12:04:34+08:00 ] 127.0.0.1 /matouPCS/img/icon_02.png
INFO: [ app_init ] --START--
INFO: Run Behavior\BuildLiteBehavior [ RunTime:0.000016s ]
INFO: [ app_init ] --END-- [ RunTime:0.000395s ]
ERR: 无法加载模块:Img

[ 2017-04-05T12:04:34+08:00 ] 127.0.0.1 /matouPCS/img/icon_01.png
INFO: [ app_init ] --START--
INFO: Run Behavior\BuildLiteBehavior [ RunTime:0.000022s ]
INFO: [ app_init ] --END-- [ RunTime:0.000707s ]
ERR: 无法加载模块:Img

[ 2017-04-05T12:04:34+08:00 ] 127.0.0.1 /matouPCS/img/icon.png
INFO: [ app_init ] --START--
INFO: Run Behavior\BuildLiteBehavior [ RunTime:0.000023s ]
INFO: [ app_init ] --END-- [ RunTime:0.000603s ]
ERR: 无法加载模块:Img

[ 2017-04-05T12:04:34+08:00 ] 127.0.0.1 /matouPCS/img/icon_07.png
INFO: [ app_init ] --START--
INFO: Run Behavior\BuildLiteBehavior [ RunTime:0.000023s ]
INFO: [ app_init ] --END-- [ RunTime:0.000550s ]
ERR: 无法加载模块:Img

[ 2017-04-05T12:04:34+08:00 ] 127.0.0.1 /matouPCS/img/icon_03.png
INFO: [ app_init ] --START--
INFO: Run Behavior\BuildLiteBehavior [ RunTime:0.000023s ]
INFO: [ app_init ] --END-- [ RunTime:0.000555s ]
ERR: 无法加载模块:Img

[ 2017-04-05T12:04:34+08:00 ] 127.0.0.1 /matouPCS/img/icon_04.png
INFO: [ app_init ] --START--
INFO: Run Behavior\BuildLiteBehavior [ RunTime:0.000021s ]
INFO: [ app_init ] --END-- [ RunTime:0.000540s ]
ERR: 无法加载模块:Img

[ 2017-04-05T12:04:34+08:00 ] 127.0.0.1 /matouPCS/img/icon_05.png
INFO: [ app_init ] --START--
INFO: Run Behavior\BuildLiteBehavior [ RunTime:0.000023s ]
INFO: [ app_init ] --END-- [ RunTime:0.000527s ]
ERR: 无法加载模块:Img

[ 2017-04-05T12:04:34+08:00 ] 127.0.0.1 /matouPCS/img/icon_06.png
INFO: [ app_init ] --START--
INFO: Run Behavior\BuildLiteBehavior [ RunTime:0.000021s ]
INFO: [ app_init ] --END-- [ RunTime:0.000693s ]
ERR: 无法加载模块:Img

[ 2017-04-05T12:04:34+08:00 ] 127.0.0.1 /matouPCS/img/recruit_pic01.png
INFO: [ app_init ] --START--
INFO: Run Behavior\BuildLiteBehavior [ RunTime:0.000023s ]
INFO: [ app_init ] --END-- [ RunTime:0.000736s ]
ERR: 无法加载模块:Img

[ 2017-04-05T12:04:34+08:00 ] 127.0.0.1 /matouPCS/img/recruit_pic02.png
INFO: [ app_init ] --START--
INFO: Run Behavior\BuildLiteBehavior [ RunTime:0.000024s ]
INFO: [ app_init ] --END-- [ RunTime:0.000566s ]
ERR: 无法加载模块:Img

[ 2017-04-05T12:04:34+08:00 ] 127.0.0.1 /matouPCS/img/recruit_pic03.png
INFO: [ app_init ] --START--
INFO: Run Behavior\BuildLiteBehavior [ RunTime:0.000029s ]
INFO: [ app_init ] --END-- [ RunTime:0.001237s ]
ERR: 无法加载模块:Img

[ 2017-04-05T12:04:34+08:00 ] 127.0.0.1 /matouPCS/img/recruit_pic04b.png
INFO: [ app_init ] --START--
INFO: Run Behavior\BuildLiteBehavior [ RunTime:0.000023s ]
INFO: [ app_init ] --END-- [ RunTime:0.000501s ]
ERR: 无法加载模块:Img

[ 2017-04-05T12:04:34+08:00 ] 127.0.0.1 /matouPCS/img/recruit_pic05.png
INFO: [ app_init ] --START--
INFO: Run Behavior\BuildLiteBehavior [ RunTime:0.000015s ]
INFO: [ app_init ] --END-- [ RunTime:0.000457s ]
ERR: 无法加载模块:Img

[ 2017-04-05T12:04:34+08:00 ] 127.0.0.1 /matouPCS/img/recruit_pic06.png
INFO: [ app_init ] --START--
INFO: Run Behavior\BuildLiteBehavior [ RunTime:0.000023s ]
INFO: [ app_init ] --END-- [ RunTime:0.000537s ]
ERR: 无法加载模块:Img

[ 2017-04-05T12:04:34+08:00 ] 127.0.0.1 /matouPCS/img/recruit_pic07.png
INFO: [ app_init ] --START--
INFO: Run Behavior\BuildLiteBehavior [ RunTime:0.000023s ]
INFO: [ app_init ] --END-- [ RunTime:0.000616s ]
ERR: 无法加载模块:Img

[ 2017-04-05T12:04:34+08:00 ] 127.0.0.1 /matouPCS/img/recruit_pic08.png
INFO: [ app_init ] --START--
INFO: Run Behavior\BuildLiteBehavior [ RunTime:0.000024s ]
INFO: [ app_init ] --END-- [ RunTime:0.000547s ]
ERR: 无法加载模块:Img

[ 2017-04-05T12:04:34+08:00 ] 127.0.0.1 /matouPCS/img/bannerfgx1.png
INFO: [ app_init ] --START--
INFO: Run Behavior\BuildLiteBehavior [ RunTime:0.000028s ]
INFO: [ app_init ] --END-- [ RunTime:0.000584s ]
ERR: 无法加载模块:Img

[ 2017-04-05T12:04:34+08:00 ] 127.0.0.1 /matouPCS/img/wharf_force_people.png
INFO: [ app_init ] --START--
INFO: Run Behavior\BuildLiteBehavior [ RunTime:0.000070s ]
INFO: [ app_init ] --END-- [ RunTime:0.000999s ]
ERR: 无法加载模块:Img

[ 2017-04-05T12:04:34+08:00 ] 127.0.0.1 /matouPCS/img/bannerfgx2.png
INFO: [ app_init ] --START--
INFO: Run Behavior\BuildLiteBehavior [ RunTime:0.000026s ]
INFO: [ app_init ] --END-- [ RunTime:0.000592s ]
ERR: 无法加载模块:Img

[ 2017-04-05T12:04:34+08:00 ] 127.0.0.1 /matouPCS/img/picture.png
INFO: [ app_init ] --START--
INFO: Run Behavior\BuildLiteBehavior [ RunTime:0.000030s ]
INFO: [ app_init ] --END-- [ RunTime:0.000632s ]
ERR: 无法加载模块:Img

[ 2017-04-05T12:04:34+08:00 ] 127.0.0.1 /matouPCS/img/sca.png
INFO: [ app_init ] --START--
INFO: Run Behavior\BuildLiteBehavior [ RunTime:0.000024s ]
INFO: [ app_init ] --END-- [ RunTime:0.000523s ]
ERR: 无法加载模块:Img

[ 2017-04-05T12:04:34+08:00 ] 127.0.0.1 /matouPCS/img/flea_people.png
INFO: [ app_init ] --START--
INFO: Run Behavior\BuildLiteBehavior [ RunTime:0.000027s ]
INFO: [ app_init ] --END-- [ RunTime:0.000585s ]
ERR: 无法加载模块:Img

[ 2017-04-05T12:04:34+08:00 ] 127.0.0.1 /matouPCS/img/bannerfgx3.png
INFO: [ app_init ] --START--
INFO: Run Behavior\BuildLiteBehavior [ RunTime:0.000025s ]
INFO: [ app_init ] --END-- [ RunTime:0.000560s ]
ERR: 无法加载模块:Img

[ 2017-04-05T12:04:34+08:00 ] 127.0.0.1 /matouPCS/img/Flea.png
INFO: [ app_init ] --START--
INFO: Run Behavior\BuildLiteBehavior [ RunTime:0.000025s ]
INFO: [ app_init ] --END-- [ RunTime:0.000534s ]
ERR: 无法加载模块:Img

[ 2017-04-05T12:04:34+08:00 ] 127.0.0.1 /matouPCS/img/fsx.png
INFO: [ app_init ] --START--
INFO: Run Behavior\BuildLiteBehavior [ RunTime:0.000026s ]
INFO: [ app_init ] --END-- [ RunTime:0.000675s ]
ERR: 无法加载模块:Img

[ 2017-04-05T12:04:34+08:00 ] 127.0.0.1 /matouPCS/img/Flea_01.png
INFO: [ app_init ] --START--
INFO: Run Behavior\BuildLiteBehavior [ RunTime:0.000029s ]
INFO: [ app_init ] --END-- [ RunTime:0.000785s ]
ERR: 无法加载模块:Img

[ 2017-04-05T12:04:34+08:00 ] 127.0.0.1 /matouPCS/img/Flea_02.png
INFO: [ app_init ] --START--
INFO: Run Behavior\BuildLiteBehavior [ RunTime:0.000026s ]
INFO: [ app_init ] --END-- [ RunTime:0.000576s ]
ERR: 无法加载模块:Img

[ 2017-04-05T12:04:34+08:00 ] 127.0.0.1 /matouPCS/js/jquery.leoweather.min.js
INFO: [ app_init ] --START--
INFO: Run Behavior\BuildLiteBehavior [ RunTime:0.000014s ]
INFO: [ app_init ] --END-- [ RunTime:0.000375s ]
ERR: 无法加载模块:Js

[ 2017-04-05T12:04:34+08:00 ] 127.0.0.1 /matouPCS/img/Flea_04.png
INFO: [ app_init ] --START--
INFO: Run Behavior\BuildLiteBehavior [ RunTime:0.000023s ]
INFO: [ app_init ] --END-- [ RunTime:0.000412s ]
ERR: 无法加载模块:Img

[ 2017-04-05T12:04:34+08:00 ] 127.0.0.1 /matouPCS/img/Flea_03.png
INFO: [ app_init ] --START--
INFO: Run Behavior\BuildLiteBehavior [ RunTime:0.000024s ]
INFO: [ app_init ] --END-- [ RunTime:0.000562s ]
ERR: 无法加载模块:Img

[ 2017-04-05T12:04:34+08:00 ] 127.0.0.1 /matouPCS/img/Flea_05.png
INFO: [ app_init ] --START--
INFO: Run Behavior\BuildLiteBehavior [ RunTime:0.000018s ]
INFO: [ app_init ] --END-- [ RunTime:0.000417s ]
ERR: 无法加载模块:Img

[ 2017-04-05T12:04:34+08:00 ] 127.0.0.1 /matouPCS/img/Flea_06.png
INFO: [ app_init ] --START--
INFO: Run Behavior\BuildLiteBehavior [ RunTime:0.000015s ]
INFO: [ app_init ] --END-- [ RunTime:0.000376s ]
ERR: 无法加载模块:Img

[ 2017-04-05T12:04:34+08:00 ] 127.0.0.1 /matouPCS/img/Flea_07.png
INFO: [ app_init ] --START--
INFO: Run Behavior\BuildLiteBehavior [ RunTime:0.000016s ]
INFO: [ app_init ] --END-- [ RunTime:0.000418s ]
ERR: 无法加载模块:Img

[ 2017-04-05T12:04:34+08:00 ] 127.0.0.1 /matouPCS/js/indexstore.js
INFO: [ app_init ] --START--
INFO: Run Behavior\BuildLiteBehavior [ RunTime:0.000014s ]
INFO: [ app_init ] --END-- [ RunTime:0.000349s ]
ERR: 无法加载模块:Js

[ 2017-04-05T12:04:34+08:00 ] 127.0.0.1 /matouPCS/js/scrolltopcontrol.js
INFO: [ app_init ] --START--
INFO: Run Behavior\BuildLiteBehavior [ RunTime:0.000014s ]
INFO: [ app_init ] --END-- [ RunTime:0.000351s ]
ERR: 无法加载模块:Js

[ 2017-04-05T12:04:34+08:00 ] 127.0.0.1 /matouPCS/js/City_data.js
INFO: [ app_init ] --START--
INFO: Run Behavior\BuildLiteBehavior [ RunTime:0.000018s ]
INFO: [ app_init ] --END-- [ RunTime:0.000395s ]
ERR: 无法加载模块:Js

[ 2017-04-05T12:04:34+08:00 ] 127.0.0.1 /matouPCS/js/areadata.js
INFO: [ app_init ] --START--
INFO: Run Behavior\BuildLiteBehavior [ RunTime:0.000063s ]
INFO: [ app_init ] --END-- [ RunTime:0.001059s ]
ERR: 无法加载模块:Js

[ 2017-04-05T12:04:34+08:00 ] 127.0.0.1 /matouPCS/js/showwin2.js
INFO: [ app_init ] --START--
INFO: Run Behavior\BuildLiteBehavior [ RunTime:0.000013s ]
INFO: [ app_init ] --END-- [ RunTime:0.000359s ]
ERR: 无法加载模块:Js

[ 2017-04-05T12:06:14+08:00 ] 127.0.0.1 /matouPCS/img/swtitle.png
INFO: [ app_init ] --START--
INFO: Run Behavior\BuildLiteBehavior [ RunTime:0.000022s ]
INFO: [ app_init ] --END-- [ RunTime:0.000606s ]
ERR: 无法加载模块:Img

[ 2017-04-05T12:06:14+08:00 ] 127.0.0.1 /matouPCS/img/xzjs.png
INFO: [ app_init ] --START--
INFO: Run Behavior\BuildLiteBehavior [ RunTime:0.000021s ]
INFO: [ app_init ] --END-- [ RunTime:0.000514s ]
ERR: 无法加载模块:Img

[ 2017-04-05T12:06:14+08:00 ] 127.0.0.1 /matouPCS/img/hide.png
INFO: [ app_init ] --START--
INFO: Run Behavior\BuildLiteBehavior [ RunTime:0.000025s ]
INFO: [ app_init ] --END-- [ RunTime:0.000567s ]
ERR: 无法加载模块:Img

[ 2017-04-05T12:06:14+08:00 ] 127.0.0.1 /matouPCS/img/logo.png
INFO: [ app_init ] --START--
INFO: Run Behavior\BuildLiteBehavior [ RunTime:0.000020s ]
INFO: [ app_init ] --END-- [ RunTime:0.000574s ]
ERR: 无法加载模块:Img

[ 2017-04-05T12:06:14+08:00 ] 127.0.0.1 /matouPCS/img/rightside_icon05.png
INFO: [ app_init ] --START--
INFO: Run Behavior\BuildLiteBehavior [ RunTime:0.000026s ]
INFO: [ app_init ] --END-- [ RunTime:0.000942s ]
ERR: 无法加载模块:Img

[ 2017-04-05T12:06:14+08:00 ] 127.0.0.1 /matouPCS/img/banner_big01.png
INFO: [ app_init ] --START--
INFO: Run Behavior\BuildLiteBehavior [ RunTime:0.000028s ]
INFO: [ app_init ] --END-- [ RunTime:0.000607s ]
ERR: 无法加载模块:Img

[ 2017-04-05T12:06:14+08:00 ] 127.0.0.1 /matouPCS/js/City_data.js
INFO: [ app_init ] --START--
INFO: Run Behavior\BuildLiteBehavior [ RunTime:0.000025s ]
INFO: [ app_init ] --END-- [ RunTime:0.000554s ]
ERR: 无法加载模块:Js

[ 2017-04-05T12:06:14+08:00 ] 127.0.0.1 /matouPCS/js/showwin2.js
INFO: [ app_init ] --START--
INFO: Run Behavior\BuildLiteBehavior [ RunTime:0.000021s ]
INFO: [ app_init ] --END-- [ RunTime:0.000541s ]
ERR: 无法加载模块:Js

[ 2017-04-05T12:06:14+08:00 ] 127.0.0.1 /matouPCS/img/banner_big02.png
INFO: [ app_init ] --START--
INFO: Run Behavior\BuildLiteBehavior [ RunTime:0.000018s ]
INFO: [ app_init ] --END-- [ RunTime:0.000525s ]
ERR: 无法加载模块:Img

[ 2017-04-05T12:06:14+08:00 ] 127.0.0.1 /matouPCS/img/banner_big03.png
INFO: [ app_init ] --START--
INFO: Run Behavior\BuildLiteBehavior [ RunTime:0.000027s ]
INFO: [ app_init ] --END-- [ RunTime:0.000811s ]
ERR: 无法加载模块:Img

[ 2017-04-05T12:06:14+08:00 ] 127.0.0.1 /matouPCS/js/jquery-1.8.3.min.js
INFO: [ app_init ] --START--
INFO: Run Behavior\BuildLiteBehavior [ RunTime:0.000026s ]
INFO: [ app_init ] --END-- [ RunTime:0.000586s ]
ERR: 无法加载模块:Js

[ 2017-04-05T12:06:14+08:00 ] 127.0.0.1 /matouPCS/js/scrolltopcontrol.js
INFO: [ app_init ] --START--
INFO: Run Behavior\BuildLiteBehavior [ RunTime:0.000025s ]
INFO: [ app_init ] --END-- [ RunTime:0.000556s ]
ERR: 无法加载模块:Js

[ 2017-04-05T12:06:14+08:00 ] 127.0.0.1 /matouPCS/js/jquery.leoweather.min.js
INFO: [ app_init ] --START--
INFO: Run Behavior\BuildLiteBehavior [ RunTime:0.000022s ]
INFO: [ app_init ] --END-- [ RunTime:0.000543s ]
ERR: 无法加载模块:Js

[ 2017-04-05T12:06:14+08:00 ] 127.0.0.1 /matouPCS/img/banner_big05.png
INFO: [ app_init ] --START--
INFO: Run Behavior\BuildLiteBehavior [ RunTime:0.000024s ]
INFO: [ app_init ] --END-- [ RunTime:0.000534s ]
ERR: 无法加载模块:Img

[ 2017-04-05T12:06:14+08:00 ] 127.0.0.1 /matouPCS/img/banner_big06.png
INFO: [ app_init ] --START--
INFO: Run Behavior\BuildLiteBehavior [ RunTime:0.000022s ]
INFO: [ app_init ] --END-- [ RunTime:0.000726s ]
ERR: 无法加载模块:Img

[ 2017-04-05T12:06:14+08:00 ] 127.0.0.1 /matouPCS/img/banner_small01.png
INFO: [ app_init ] --START--
INFO: Run Behavior\BuildLiteBehavior [ RunTime:0.000022s ]
INFO: [ app_init ] --END-- [ RunTime:0.000483s ]
ERR: 无法加载模块:Img

[ 2017-04-05T12:06:14+08:00 ] 127.0.0.1 /matouPCS/img/banner_small04.png
INFO: [ app_init ] --START--
INFO: Run Behavior\BuildLiteBehavior [ RunTime:0.000021s ]
INFO: [ app_init ] --END-- [ RunTime:0.000509s ]
ERR: 无法加载模块:Img

[ 2017-04-05T12:06:14+08:00 ] 127.0.0.1 /matouPCS/img/banner_small02.png
INFO: [ app_init ] --START--
INFO: Run Behavior\BuildLiteBehavior [ RunTime:0.000023s ]
INFO: [ app_init ] --END-- [ RunTime:0.000501s ]
ERR: 无法加载模块:Img

[ 2017-04-05T12:06:14+08:00 ] 127.0.0.1 /matouPCS/img/banner_small03.png
INFO: [ app_init ] --START--
INFO: Run Behavior\BuildLiteBehavior [ RunTime:0.000021s ]
INFO: [ app_init ] --END-- [ RunTime:0.000483s ]
ERR: 无法加载模块:Img

[ 2017-04-05T12:06:14+08:00 ] 127.0.0.1 /matouPCS/img/banner_small05.png
INFO: [ app_init ] --START--
INFO: Run Behavior\BuildLiteBehavior [ RunTime:0.000032s ]
INFO: [ app_init ] --END-- [ RunTime:0.000753s ]
ERR: 无法加载模块:Img

[ 2017-04-05T12:06:14+08:00 ] 127.0.0.1 /matouPCS/img/banner_small06.png
INFO: [ app_init ] --START--
INFO: Run Behavior\BuildLiteBehavior [ RunTime:0.000028s ]
INFO: [ app_init ] --END-- [ RunTime:0.000623s ]
ERR: 无法加载模块:Img

[ 2017-04-05T12:06:14+08:00 ] 127.0.0.1 /matouPCS/img/M.png
INFO: [ app_init ] --START--
INFO: Run Behavior\BuildLiteBehavior [ RunTime:0.000023s ]
INFO: [ app_init ] --END-- [ RunTime:0.000517s ]
ERR: 无法加载模块:Img

[ 2017-04-05T12:06:14+08:00 ] 127.0.0.1 /matouPCS/img/gold-title.png
INFO: [ app_init ] --START--
INFO: Run Behavior\BuildLiteBehavior [ RunTime:0.000023s ]
INFO: [ app_init ] --END-- [ RunTime:0.000513s ]
ERR: 无法加载模块:Img

[ 2017-04-05T12:06:14+08:00 ] 127.0.0.1 /matouPCS/img/gold2.png
INFO: [ app_init ] --START--
INFO: Run Behavior\BuildLiteBehavior [ RunTime:0.000024s ]
INFO: [ app_init ] --END-- [ RunTime:0.000508s ]
ERR: 无法加载模块:Img

[ 2017-04-05T12:06:14+08:00 ] 127.0.0.1 /matouPCS/img/fanpai.png
INFO: [ app_init ] --START--
INFO: Run Behavior\BuildLiteBehavior [ RunTime:0.000023s ]
INFO: [ app_init ] --END-- [ RunTime:0.000527s ]
ERR: 无法加载模块:Img

[ 2017-04-05T12:06:14+08:00 ] 127.0.0.1 /matouPCS/img/gold1.png
INFO: [ app_init ] --START--
INFO: Run Behavior\BuildLiteBehavior [ RunTime:0.000023s ]
INFO: [ app_init ] --END-- [ RunTime:0.000977s ]
ERR: 无法加载模块:Img

[ 2017-04-05T12:06:14+08:00 ] 127.0.0.1 /matouPCS/img/rightside_icon01.png
INFO: [ app_init ] --START--
INFO: Run Behavior\BuildLiteBehavior [ RunTime:0.000021s ]
INFO: [ app_init ] --END-- [ RunTime:0.000519s ]
ERR: 无法加载模块:Img

[ 2017-04-05T12:06:14+08:00 ] 127.0.0.1 /matouPCS/img/rightside_icon02.png
INFO: [ app_init ] --START--
INFO: Run Behavior\BuildLiteBehavior [ RunTime:0.000025s ]
INFO: [ app_init ] --END-- [ RunTime:0.000578s ]
ERR: 无法加载模块:Img

[ 2017-04-05T12:06:14+08:00 ] 127.0.0.1 /matouPCS/img/rightside_icon06.png
INFO: [ app_init ] --START--
INFO: Run Behavior\BuildLiteBehavior [ RunTime:0.000020s ]
INFO: [ app_init ] --END-- [ RunTime:0.000519s ]
ERR: 无法加载模块:Img

[ 2017-04-05T12:06:14+08:00 ] 127.0.0.1 /matouPCS/img/rightside_icon03.png
INFO: [ app_init ] --START--
INFO: Run Behavior\BuildLiteBehavior [ RunTime:0.000023s ]
INFO: [ app_init ] --END-- [ RunTime:0.000539s ]
ERR: 无法加载模块:Img

[ 2017-04-05T12:06:14+08:00 ] 127.0.0.1 /matouPCS/img/rightside_icon04.png
INFO: [ app_init ] --START--
INFO: Run Behavior\BuildLiteBehavior [ RunTime:0.000020s ]
INFO: [ app_init ] --END-- [ RunTime:0.000523s ]
ERR: 无法加载模块:Img

[ 2017-04-05T12:06:14+08:00 ] 127.0.0.1 /matouPCS/img/erweima_top.png
INFO: [ app_init ] --START--
INFO: Run Behavior\BuildLiteBehavior [ RunTime:0.000022s ]
INFO: [ app_init ] --END-- [ RunTime:0.000554s ]
ERR: 无法加载模块:Img

[ 2017-04-05T12:06:14+08:00 ] 127.0.0.1 /matouPCS/img/gray_small_position.png
INFO: [ app_init ] --START--
INFO: Run Behavior\BuildLiteBehavior [ RunTime:0.000033s ]
INFO: [ app_init ] --END-- [ RunTime:0.000681s ]
ERR: 无法加载模块:Img

[ 2017-04-05T12:06:14+08:00 ] 127.0.0.1 /matouPCS/img/reword_gesture.png
INFO: [ app_init ] --START--
INFO: Run Behavior\BuildLiteBehavior [ RunTime:0.000026s ]
INFO: [ app_init ] --END-- [ RunTime:0.000555s ]
ERR: 无法加载模块:Img

[ 2017-04-05T12:06:14+08:00 ] 127.0.0.1 /matouPCS/img/icon_01.png
INFO: [ app_init ] --START--
INFO: Run Behavior\BuildLiteBehavior [ RunTime:0.000023s ]
INFO: [ app_init ] --END-- [ RunTime:0.000550s ]
ERR: 无法加载模块:Img

[ 2017-04-05T12:06:14+08:00 ] 127.0.0.1 /matouPCS/img/icon.png
INFO: [ app_init ] --START--
INFO: Run Behavior\BuildLiteBehavior [ RunTime:0.000021s ]
INFO: [ app_init ] --END-- [ RunTime:0.000521s ]
ERR: 无法加载模块:Img

[ 2017-04-05T12:06:14+08:00 ] 127.0.0.1 /matouPCS/img/icon_07.png
INFO: [ app_init ] --START--
INFO: Run Behavior\BuildLiteBehavior [ RunTime:0.000024s ]
INFO: [ app_init ] --END-- [ RunTime:0.000634s ]
ERR: 无法加载模块:Img

[ 2017-04-05T12:06:14+08:00 ] 127.0.0.1 /matouPCS/img/icon_02.png
INFO: [ app_init ] --START--
INFO: Run Behavior\BuildLiteBehavior [ RunTime:0.000025s ]
INFO: [ app_init ] --END-- [ RunTime:0.000683s ]
ERR: 无法加载模块:Img

[ 2017-04-05T12:06:14+08:00 ] 127.0.0.1 /matouPCS/img/icon_03.png
INFO: [ app_init ] --START--
INFO: Run Behavior\BuildLiteBehavior [ RunTime:0.000027s ]
INFO: [ app_init ] --END-- [ RunTime:0.000712s ]
ERR: 无法加载模块:Img

[ 2017-04-05T12:06:14+08:00 ] 127.0.0.1 /matouPCS/img/recruit_pic01.png
INFO: [ app_init ] --START--
INFO: Run Behavior\BuildLiteBehavior [ RunTime:0.000025s ]
INFO: [ app_init ] --END-- [ RunTime:0.000526s ]
ERR: 无法加载模块:Img

[ 2017-04-05T12:06:14+08:00 ] 127.0.0.1 /matouPCS/img/icon_06.png
INFO: [ app_init ] --START--
INFO: Run Behavior\BuildLiteBehavior [ RunTime:0.000021s ]
INFO: [ app_init ] --END-- [ RunTime:0.000512s ]
ERR: 无法加载模块:Img

[ 2017-04-05T12:06:14+08:00 ] 127.0.0.1 /matouPCS/img/icon_04.png
INFO: [ app_init ] --START--
INFO: Run Behavior\BuildLiteBehavior [ RunTime:0.000023s ]
INFO: [ app_init ] --END-- [ RunTime:0.000553s ]
ERR: 无法加载模块:Img

[ 2017-04-05T12:06:14+08:00 ] 127.0.0.1 /matouPCS/img/recruit_pic02.png
INFO: [ app_init ] --START--
INFO: Run Behavior\BuildLiteBehavior [ RunTime:0.000024s ]
INFO: [ app_init ] --END-- [ RunTime:0.000559s ]
ERR: 无法加载模块:Img

[ 2017-04-05T12:06:14+08:00 ] 127.0.0.1 /matouPCS/img/icon_05.png
INFO: [ app_init ] --START--
INFO: Run Behavior\BuildLiteBehavior [ RunTime:0.000025s ]
INFO: [ app_init ] --END-- [ RunTime:0.000587s ]
ERR: 无法加载模块:Img

[ 2017-04-05T12:06:14+08:00 ] 127.0.0.1 /matouPCS/img/recruit_pic03.png
INFO: [ app_init ] --START--
INFO: Run Behavior\BuildLiteBehavior [ RunTime:0.000045s ]
INFO: [ app_init ] --END-- [ RunTime:0.001379s ]
ERR: 无法加载模块:Img

[ 2017-04-05T12:06:14+08:00 ] 127.0.0.1 /matouPCS/img/recruit_pic04b.png
INFO: [ app_init ] --START--
INFO: Run Behavior\BuildLiteBehavior [ RunTime:0.000024s ]
INFO: [ app_init ] --END-- [ RunTime:0.000558s ]
ERR: 无法加载模块:Img

[ 2017-04-05T12:06:14+08:00 ] 127.0.0.1 /matouPCS/img/recruit_pic05.png
INFO: [ app_init ] --START--
INFO: Run Behavior\BuildLiteBehavior [ RunTime:0.000032s ]
INFO: [ app_init ] --END-- [ RunTime:0.000591s ]
ERR: 无法加载模块:Img

[ 2017-04-05T12:06:14+08:00 ] 127.0.0.1 /matouPCS/img/recruit_pic07.png
INFO: [ app_init ] --START--
INFO: Run Behavior\BuildLiteBehavior [ RunTime:0.000026s ]
INFO: [ app_init ] --END-- [ RunTime:0.001276s ]
ERR: 无法加载模块:Img

[ 2017-04-05T12:06:14+08:00 ] 127.0.0.1 /matouPCS/img/recruit_pic08.png
INFO: [ app_init ] --START--
INFO: Run Behavior\BuildLiteBehavior [ RunTime:0.000033s ]
INFO: [ app_init ] --END-- [ RunTime:0.001819s ]
ERR: 无法加载模块:Img

[ 2017-04-05T12:06:14+08:00 ] 127.0.0.1 /matouPCS/img/recruit_pic06.png
INFO: [ app_init ] --START--
INFO: Run Behavior\BuildLiteBehavior [ RunTime:0.000019s ]
INFO: [ app_init ] --END-- [ RunTime:0.000460s ]
ERR: 无法加载模块:Img

[ 2017-04-05T12:06:14+08:00 ] 127.0.0.1 /matouPCS/img/bannerfgx1.png
INFO: [ app_init ] --START--
INFO: Run Behavior\BuildLiteBehavior [ RunTime:0.000024s ]
INFO: [ app_init ] --END-- [ RunTime:0.001384s ]
ERR: 无法加载模块:Img

[ 2017-04-05T12:06:14+08:00 ] 127.0.0.1 /matouPCS/img/wharf_force_people.png
INFO: [ app_init ] --START--
INFO: Run Behavior\BuildLiteBehavior [ RunTime:0.000048s ]
INFO: [ app_init ] --END-- [ RunTime:0.000577s ]
ERR: 无法加载模块:Img

[ 2017-04-05T12:06:14+08:00 ] 127.0.0.1 /matouPCS/img/zb.png
INFO: [ app_init ] --START--
INFO: Run Behavior\BuildLiteBehavior [ RunTime:0.000027s ]
INFO: [ app_init ] --END-- [ RunTime:0.000679s ]
ERR: 无法加载模块:Img

[ 2017-04-05T12:06:14+08:00 ] 127.0.0.1 /matouPCS/img/bannerfgx2.png
INFO: [ app_init ] --START--
INFO: Run Behavior\BuildLiteBehavior [ RunTime:0.000024s ]
INFO: [ app_init ] --END-- [ RunTime:0.000781s ]
ERR: 无法加载模块:Img

[ 2017-04-05T12:06:14+08:00 ] 127.0.0.1 /matouPCS/img/picture.png
INFO: [ app_init ] --START--
INFO: Run Behavior\BuildLiteBehavior [ RunTime:0.000025s ]
INFO: [ app_init ] --END-- [ RunTime:0.000673s ]
ERR: 无法加载模块:Img

[ 2017-04-05T12:06:14+08:00 ] 127.0.0.1 /matouPCS/img/sca.png
INFO: [ app_init ] --START--
INFO: Run Behavior\BuildLiteBehavior [ RunTime:0.000030s ]
INFO: [ app_init ] --END-- [ RunTime:0.000713s ]
ERR: 无法加载模块:Img

[ 2017-04-05T12:06:14+08:00 ] 127.0.0.1 /matouPCS/img/flea_people.png
INFO: [ app_init ] --START--
INFO: Run Behavior\BuildLiteBehavior [ RunTime:0.000029s ]
INFO: [ app_init ] --END-- [ RunTime:0.000596s ]
ERR: 无法加载模块:Img

[ 2017-04-05T12:06:14+08:00 ] 127.0.0.1 /matouPCS/img/Flea_01.png
INFO: [ app_init ] --START--
INFO: Run Behavior\BuildLiteBehavior [ RunTime:0.000021s ]
INFO: [ app_init ] --END-- [ RunTime:0.000511s ]
ERR: 无法加载模块:Img



[ 2017-04-05T12:06:14+08:00 ] 127.0.0.1 /matouPCS/img/fsx.png
INFO: [ app_init ] --START--
INFO: Run Behavior\BuildLiteBehavior [ RunTime:0.000026s ]
INFO: [ app_init ] --END-- [ RunTime:0.000740s ]
ERR: 无法加载模块:Img

[ 2017-04-05T12:06:14+08:00 ] 127.0.0.1 /matouPCS/img/Flea_02.png
INFO: [ app_init ] --START--
INFO: Run Behavior\BuildLiteBehavior [ RunTime:0.000022s ]
INFO: [ app_init ] --END-- [ RunTime:0.000542s ]
ERR: 无法加载模块:Img

[ 2017-04-05T12:06:14+08:00 ] 127.0.0.1 /matouPCS/img/Flea.png
INFO: [ app_init ] --START--
INFO: Run Behavior\BuildLiteBehavior [ RunTime:0.000031s ]
INFO: [ app_init ] --END-- [ RunTime:0.000856s ]
ERR: 无法加载模块:Img

[ 2017-04-05T12:06:14+08:00 ] 127.0.0.1 /matouPCS/js/jquery.leoweather.min.js
INFO: [ app_init ] --START--
INFO: Run Behavior\BuildLiteBehavior [ RunTime:0.000023s ]
INFO: [ app_init ] --END-- [ RunTime:0.000541s ]
ERR: 无法加载模块:Js

[ 2017-04-05T12:06:14+08:00 ] 127.0.0.1 /matouPCS/img/Flea_04.png
INFO: [ app_init ] --START--
INFO: Run Behavior\BuildLiteBehavior [ RunTime:0.000023s ]
INFO: [ app_init ] --END-- [ RunTime:0.000545s ]
ERR: 无法加载模块:Img

[ 2017-04-05T12:06:14+08:00 ] 127.0.0.1 /matouPCS/img/Flea_03.png
INFO: [ app_init ] --START--
INFO: Run Behavior\BuildLiteBehavior [ RunTime:0.000015s ]
INFO: [ app_init ] --END-- [ RunTime:0.000402s ]
ERR: 无法加载模块:Img

[ 2017-04-05T12:06:14+08:00 ] 127.0.0.1 /matouPCS/img/Flea_05.png
INFO: [ app_init ] --START--
INFO: Run Behavior\BuildLiteBehavior [ RunTime:0.000021s ]
INFO: [ app_init ] --END-- [ RunTime:0.000662s ]
ERR: 无法加载模块:Img

[ 2017-04-05T12:06:14+08:00 ] 127.0.0.1 /matouPCS/img/Flea_06.png
INFO: [ app_init ] --START--
INFO: Run Behavior\BuildLiteBehavior [ RunTime:0.000023s ]
INFO: [ app_init ] --END-- [ RunTime:0.000697s ]
ERR: 无法加载模块:Img

[ 2017-04-05T12:06:14+08:00 ] 127.0.0.1 /matouPCS/img/Flea_07.png
INFO: [ app_init ] --START--
INFO: Run Behavior\BuildLiteBehavior [ RunTime:0.000017s ]
INFO: [ app_init ] --END-- [ RunTime:0.000414s ]
ERR: 无法加载模块:Img

[ 2017-04-05T12:06:15+08:00 ] 127.0.0.1 /matouPCS/js/indexstore.js
INFO: [ app_init ] --START--
INFO: Run Behavior\BuildLiteBehavior [ RunTime:0.000015s ]
INFO: [ app_init ] --END-- [ RunTime:0.000350s ]
ERR: 无法加载模块:Js

[ 2017-04-05T12:06:15+08:00 ] 127.0.0.1 /matouPCS/js/scrolltopcontrol.js
INFO: [ app_init ] --START--
INFO: Run Behavior\BuildLiteBehavior [ RunTime:0.000015s ]
INFO: [ app_init ] --END-- [ RunTime:0.000362s ]
ERR: 无法加载模块:Js

[ 2017-04-05T12:06:15+08:00 ] 127.0.0.1 /matouPCS/js/City_data.js
INFO: [ app_init ] --START--
INFO: Run Behavior\BuildLiteBehavior [ RunTime:0.000017s ]
INFO: [ app_init ] --END-- [ RunTime:0.000436s ]
ERR: 无法加载模块:Js

[ 2017-04-05T12:06:15+08:00 ] 127.0.0.1 /matouPCS/js/areadata.js
INFO: [ app_init ] --START--
INFO: Run Behavior\BuildLiteBehavior [ RunTime:0.000071s ]
INFO: [ app_init ] --END-- [ RunTime:0.001302s ]
ERR: 无法加载模块:Js

[ 2017-04-05T12:06:15+08:00 ] 127.0.0.1 /matouPCS/js/showwin2.js
INFO: [ app_init ] --START--
INFO: Run Behavior\BuildLiteBehavior [ RunTime:0.000013s ]
INFO: [ app_init ] --END-- [ RunTime:0.000376s ]
ERR: 无法加载模块:Js

[ 2017-04-05T12:06:29+08:00 ] 127.0.0.1 /matouPCS/js/areadata.js
INFO: [ app_init ] --START--
INFO: Run Behavior\BuildLiteBehavior [ RunTime:0.000015s ]
INFO: [ app_init ] --END-- [ RunTime:0.000509s ]
ERR: 无法加载模块:Js

[ 2017-04-05T12:06:29+08:00 ] 127.0.0.1 /matouPCS/js/showwin2.js
INFO: [ app_init ] --START--
INFO: Run Behavior\BuildLiteBehavior [ RunTime:0.000018s ]
INFO: [ app_init ] --END-- [ RunTime:0.000503s ]
ERR: 无法加载模块:Js

[ 2017-04-05T12:06:29+08:00 ] 127.0.0.1 /matouPCS/js/City_data.js
INFO: [ app_init ] --START--
INFO: Run Behavior\BuildLiteBehavior [ RunTime:0.000023s ]
INFO: [ app_init ] --END-- [ RunTime:0.000535s ]
ERR: 无法加载模块:Js

[ 2017-04-05T12:06:29+08:00 ] 127.0.0.1 /matouPCS/js/scrolltopcontrol.js
INFO: [ app_init ] --START--
INFO: Run Behavior\BuildLiteBehavior [ RunTime:0.000014s ]
INFO: [ app_init ] --END-- [ RunTime:0.000389s ]
ERR: 无法加载模块:Js

[ 2017-04-05T12:06:29+08:00 ] 127.0.0.1 /matouPCS/js/indexstore.js
INFO: [ app_init ] --START--
INFO: Run Behavior\BuildLiteBehavior [ RunTime:0.000017s ]
INFO: [ app_init ] --END-- [ RunTime:0.000361s ]
ERR: 无法加载模块:Js

[ 2017-04-05T12:06:29+08:00 ] 127.0.0.1 /matouPCS/js/jquery.leoweather.min.js
INFO: [ app_init ] --START--
INFO: Run Behavior\BuildLiteBehavior [ RunTime:0.000016s ]
INFO: [ app_init ] --END-- [ RunTime:0.000379s ]
ERR: 无法加载模块:Js

[ 2017-04-05T12:06:29+08:00 ] 127.0.0.1 /matouPCS/js/jquery-1.8.3.min.js
INFO: [ app_init ] --START--
INFO: Run Behavior\BuildLiteBehavior [ RunTime:0.000015s ]
INFO: [ app_init ] --END-- [ RunTime:0.000375s ]
ERR: 无法加载模块:Js

[ 2017-04-05T12:06:29+08:00 ] 127.0.0.1 /matouPCS/js/jquery.leoweather.min.js
INFO: [ app_init ] --START--
INFO: Run Behavior\BuildLiteBehavior [ RunTime:0.000013s ]
INFO: [ app_init ] --END-- [ RunTime:0.000359s ]
ERR: 无法加载模块:Js

[ 2017-04-05T12:06:29+08:00 ] 127.0.0.1 /matouPCS/js/indexstore.js
INFO: [ app_init ] --START--
INFO: Run Behavior\BuildLiteBehavior [ RunTime:0.000015s ]
INFO: [ app_init ] --END-- [ RunTime:0.000360s ]
ERR: 无法加载模块:Js

[ 2017-04-05T12:06:29+08:00 ] 127.0.0.1 /matouPCS/js/scrolltopcontrol.js
INFO: [ app_init ] --START--
INFO: Run Behavior\BuildLiteBehavior [ RunTime:0.000015s ]
INFO: [ app_init ] --END-- [ RunTime:0.000406s ]
ERR: 无法加载模块:Js

[ 2017-04-05T12:06:29+08:00 ] 127.0.0.1 /matouPCS/js/City_data.js
INFO: [ app_init ] --START--
INFO: Run Behavior\BuildLiteBehavior [ RunTime:0.000017s ]
INFO: [ app_init ] --END-- [ RunTime:0.000435s ]
ERR: 无法加载模块:Js

[ 2017-04-05T12:06:29+08:00 ] 127.0.0.1 /matouPCS/js/areadata.js
INFO: [ app_init ] --START--
INFO: Run Behavior\BuildLiteBehavior [ RunTime:0.000020s ]
INFO: [ app_init ] --END-- [ RunTime:0.000628s ]
ERR: 无法加载模块:Js

[ 2017-04-05T12:06:29+08:00 ] 127.0.0.1 /matouPCS/js/showwin2.js
INFO: [ app_init ] --START--
INFO: Run Behavior\BuildLiteBehavior [ RunTime:0.000057s ]
INFO: [ app_init ] --END-- [ RunTime:0.000962s ]
ERR: 无法加载模块:Js

[ 2017-04-05T17:26:56+08:00 ] 127.0.0.1 /matouPCS/Uploads/Uploads/2017-01-05/586e150e66a05.jpg
INFO: [ app_init ] --START--
INFO: Run Behavior\BuildLiteBehavior [ RunTime:0.000024s ]
INFO: [ app_init ] --END-- [ RunTime:0.000624s ]
ERR: 无法加载模块:Uploads

[ 2017-04-05T18:44:42+08:00 ] 127.0.0.1 /matouPCS/Uploads/Uploads/2017-01-05/586e150e66a05.jpg
INFO: [ app_init ] --START--
INFO: Run Behavior\BuildLiteBehavior [ RunTime:0.000018s ]
INFO: [ app_init ] --END-- [ RunTime:0.000463s ]
ERR: 无法加载模块:Uploads

[ 2017-04-05T18:44:42+08:00 ] 127.0.0.1 /matouPCS/Uploads/Uploads/2017-01-05/586e150e66a05.jpg
INFO: [ app_init ] --START--
INFO: Run Behavior\BuildLiteBehavior [ RunTime:0.000017s ]
INFO: [ app_init ] --END-- [ RunTime:0.000540s ]
ERR: 无法加载模块:Uploads

