[ 2017-03-02T10:20:04+08:00 ] ::1 /matouPCS/Uploads/Uploads/2017-02-23/58ae3e45bac04.jpg
INFO: [ app_init ] --START--
INFO: Run Behavior\BuildLiteBehavior [ RunTime:0.000016s ]
INFO: [ app_init ] --END-- [ RunTime:0.000450s ]
ERR: 无法加载模块:Uploads

[ 2017-03-02T10:20:04+08:00 ] ::1 /matouPCS/Uploads/Uploads/2017-02-23/58ae3e45c05bd.jpg
INFO: [ app_init ] --START--
INFO: Run Behavior\BuildLiteBehavior [ RunTime:0.000016s ]
INFO: [ app_init ] --END-- [ RunTime:0.000413s ]
ERR: 无法加载模块:Uploads

[ 2017-03-02T10:20:04+08:00 ] ::1 /matouPCS/Uploads/Uploads/2017-02-23/58ae4e294ecc1.png
INFO: [ app_init ] --START--
INFO: Run Behavior\BuildLiteBehavior [ RunTime:0.000024s ]
INFO: [ app_init ] --END-- [ RunTime:0.000870s ]
ERR: 无法加载模块:Uploads

[ 2017-03-02T10:20:04+08:00 ] ::1 /matouPCS/Public/Home/showWin.js
INFO: [ app_init ] --START--
INFO: Run Behavior\BuildLiteBehavior [ RunTime:0.000016s ]
INFO: [ app_init ] --END-- [ RunTime:0.000496s ]
ERR: 无法加载模块:Public

[ 2017-03-02T10:20:04+08:00 ] ::1 /matouPCS/Uploads/Uploads/2017-02-23/58ae3e45bac04.jpg
INFO: [ app_init ] --START--
INFO: Run Behavior\BuildLiteBehavior [ RunTime:0.000020s ]
INFO: [ app_init ] --END-- [ RunTime:0.000607s ]
ERR: 无法加载模块:Uploads

[ 2017-03-02T10:20:04+08:00 ] ::1 /matouPCS/Uploads/Uploads/2017-02-23/58ae3e45c05bd.jpg
INFO: [ app_init ] --START--
INFO: Run Behavior\BuildLiteBehavior [ RunTime:0.000017s ]
INFO: [ app_init ] --END-- [ RunTime:0.000577s ]
ERR: 无法加载模块:Uploads

[ 2017-03-02T10:20:04+08:00 ] ::1 /matouPCS/Uploads/Uploads/2017-02-23/58ae4e294ecc1.png
INFO: [ app_init ] --START--
INFO: Run Behavior\BuildLiteBehavior [ RunTime:0.000015s ]
INFO: [ app_init ] --END-- [ RunTime:0.000514s ]
ERR: 无法加载模块:Uploads

[ 2017-03-02T10:20:04+08:00 ] ::1 /matouPCS/Public/Home/showWin.js
INFO: [ app_init ] --START--
INFO: Run Behavior\BuildLiteBehavior [ RunTime:0.000013s ]
INFO: [ app_init ] --END-- [ RunTime:0.000406s ]
ERR: 无法加载模块:Public

[ 2017-03-02T10:20:10+08:00 ] ::1 /matouPCS/Uploads/Uploads/0000-00-00/wwq
INFO: [ app_init ] --START--
INFO: Run Behavior\BuildLiteBehavior [ RunTime:0.000017s ]
INFO: [ app_init ] --END-- [ RunTime:0.000456s ]
ERR: 无法加载模块:Uploads

[ 2017-03-02T10:20:10+08:00 ] ::1 /matouPCS/Public/Home/showWin.js
INFO: [ app_init ] --START--
INFO: Run Behavior\BuildLiteBehavior [ RunTime:0.000015s ]
INFO: [ app_init ] --END-- [ RunTime:0.000385s ]
ERR: 无法加载模块:Public

[ 2017-03-02T10:20:10+08:00 ] ::1 /matouPCS/Public/Home/showWin.js
INFO: [ app_init ] --START--
INFO: Run Behavior\BuildLiteBehavior [ RunTime:0.000041s ]
INFO: [ app_init ] --END-- [ RunTime:0.000657s ]
ERR: 无法加载模块:Public

