[ 2017-03-27T09:30:17+08:00 ] 127.0.0.1 /matouPCS/img/swtitle.png
INFO: [ app_init ] --START--
INFO: Run Behavior\BuildLiteBehavior [ RunTime:0.000031s ]
INFO: [ app_init ] --END-- [ RunTime:0.000456s ]
ERR: 无法加载模块:Img

[ 2017-03-27T09:30:17+08:00 ] 127.0.0.1 /matouPCS/img/hide.png
INFO: [ app_init ] --START--
INFO: Run Behavior\BuildLiteBehavior [ RunTime:0.000018s ]
INFO: [ app_init ] --END-- [ RunTime:0.000499s ]
ERR: 无法加载模块:Img

[ 2017-03-27T09:30:17+08:00 ] 127.0.0.1 /matouPCS/img/xzjs.png
INFO: [ app_init ] --START--
INFO: Run Behavior\BuildLiteBehavior [ RunTime:0.000022s ]
INFO: [ app_init ] --END-- [ RunTime:0.000882s ]
ERR: 无法加载模块:Img

[ 2017-03-27T09:30:17+08:00 ] 127.0.0.1 /matouPCS/j/matouPCS/Public/Home/s/jquery-1.8.3.min.js
INFO: [ app_init ] --START--
INFO: Run Behavior\BuildLiteBehavior [ RunTime:0.000023s ]
INFO: [ app_init ] --END-- [ RunTime:0.000528s ]
ERR: 无法加载模块:J

[ 2017-03-27T09:30:17+08:00 ] 127.0.0.1 /matouPCS/img/swtitle.png
INFO: [ app_init ] --START--
INFO: Run Behavior\BuildLiteBehavior [ RunTime:0.000014s ]
INFO: [ app_init ] --END-- [ RunTime:0.000432s ]
ERR: 无法加载模块:Img

[ 2017-03-27T09:30:17+08:00 ] 127.0.0.1 /matouPCS/img/hide.png
INFO: [ app_init ] --START--
INFO: Run Behavior\BuildLiteBehavior [ RunTime:0.000015s ]
INFO: [ app_init ] --END-- [ RunTime:0.000504s ]
ERR: 无法加载模块:Img

[ 2017-03-27T09:30:17+08:00 ] 127.0.0.1 /matouPCS/img/xzjs.png
INFO: [ app_init ] --START--
INFO: Run Behavior\BuildLiteBehavior [ RunTime:0.000025s ]
INFO: [ app_init ] --END-- [ RunTime:0.000523s ]
ERR: 无法加载模块:Img

[ 2017-03-27T09:30:17+08:00 ] 127.0.0.1 /matouPCS/j/matouPCS/Public/Home/s/jquery-1.8.3.min.js
INFO: [ app_init ] --START--
INFO: Run Behavior\BuildLiteBehavior [ RunTime:0.000019s ]
INFO: [ app_init ] --END-- [ RunTime:0.000587s ]
ERR: 无法加载模块:J

[ 2017-03-27T09:35:46+08:00 ] 127.0.0.1 /matouPCS/Public/Home/css/mtbu-zy.css
INFO: [ app_init ] --START--
INFO: Run Behavior\BuildLiteBehavior [ RunTime:0.000015s ]
INFO: [ app_init ] --END-- [ RunTime:0.000430s ]
ERR: 无法加载模块:Public

[ 2017-03-27T09:35:46+08:00 ] 127.0.0.1 /matouPCS/Public/Home/css/datePicker.css
INFO: [ app_init ] --START--
INFO: Run Behavior\BuildLiteBehavior [ RunTime:0.000037s ]
INFO: [ app_init ] --END-- [ RunTime:0.000584s ]
ERR: 无法加载模块:Public

[ 2017-03-27T09:35:46+08:00 ] 127.0.0.1 /matouPCS/Public/Home/css/hzw-city-picker.css
INFO: [ app_init ] --START--
INFO: Run Behavior\BuildLiteBehavior [ RunTime:0.000020s ]
INFO: [ app_init ] --END-- [ RunTime:0.000511s ]
ERR: 无法加载模块:Public

[ 2017-03-27T09:36:48+08:00 ] 127.0.0.1 /matouPCS/j/matouPCS/Public/Home/s/jquery-1.8.3.min.js
INFO: [ app_init ] --START--
INFO: Run Behavior\BuildLiteBehavior [ RunTime:0.000021s ]
INFO: [ app_init ] --END-- [ RunTime:0.000728s ]
ERR: 无法加载模块:J

[ 2017-03-27T09:36:48+08:00 ] 127.0.0.1 /matouPCS/img/swtitle.png
INFO: [ app_init ] --START--
INFO: Run Behavior\BuildLiteBehavior [ RunTime:0.000017s ]
INFO: [ app_init ] --END-- [ RunTime:0.000503s ]
ERR: 无法加载模块:Img

[ 2017-03-27T09:36:48+08:00 ] 127.0.0.1 /matouPCS/img/xzjs.png
INFO: [ app_init ] --START--
INFO: Run Behavior\BuildLiteBehavior [ RunTime:0.000018s ]
INFO: [ app_init ] --END-- [ RunTime:0.000556s ]
ERR: 无法加载模块:Img

[ 2017-03-27T09:36:48+08:00 ] 127.0.0.1 /matouPCS/img/hide.png
INFO: [ app_init ] --START--
INFO: Run Behavior\BuildLiteBehavior [ RunTime:0.000021s ]
INFO: [ app_init ] --END-- [ RunTime:0.000609s ]
ERR: 无法加载模块:Img

[ 2017-03-27T09:36:48+08:00 ] 127.0.0.1 /matouPCS/img/xzjs.png
INFO: [ app_init ] --START--
INFO: Run Behavior\BuildLiteBehavior [ RunTime:0.000037s ]
INFO: [ app_init ] --END-- [ RunTime:0.000460s ]
ERR: 无法加载模块:Img

[ 2017-03-27T09:36:48+08:00 ] 127.0.0.1 /matouPCS/img/hide.png
INFO: [ app_init ] --START--
INFO: Run Behavior\BuildLiteBehavior [ RunTime:0.000017s ]
INFO: [ app_init ] --END-- [ RunTime:0.000542s ]
ERR: 无法加载模块:Img

[ 2017-03-27T09:36:48+08:00 ] 127.0.0.1 /matouPCS/img/swtitle.png
INFO: [ app_init ] --START--
INFO: Run Behavior\BuildLiteBehavior [ RunTime:0.000026s ]
INFO: [ app_init ] --END-- [ RunTime:0.001052s ]
ERR: 无法加载模块:Img

[ 2017-03-27T09:36:48+08:00 ] 127.0.0.1 /matouPCS/j/matouPCS/Public/Home/s/jquery-1.8.3.min.js
INFO: [ app_init ] --START--
INFO: Run Behavior\BuildLiteBehavior [ RunTime:0.000017s ]
INFO: [ app_init ] --END-- [ RunTime:0.000519s ]
ERR: 无法加载模块:J

[ 2017-03-27T09:40:05+08:00 ] 127.0.0.1 /matouPCS/j/matouPCS/Public/Home/s/jquery-1.8.3.min.js
INFO: [ app_init ] --START--
INFO: Run Behavior\BuildLiteBehavior [ RunTime:0.000022s ]
INFO: [ app_init ] --END-- [ RunTime:0.000597s ]
ERR: 无法加载模块:J

[ 2017-03-27T09:40:05+08:00 ] 127.0.0.1 /matouPCS/img/hide.png
INFO: [ app_init ] --START--
INFO: Run Behavior\BuildLiteBehavior [ RunTime:0.000018s ]
INFO: [ app_init ] --END-- [ RunTime:0.000535s ]
ERR: 无法加载模块:Img

[ 2017-03-27T09:40:05+08:00 ] 127.0.0.1 /matouPCS/img/swtitle.png
INFO: [ app_init ] --START--
INFO: Run Behavior\BuildLiteBehavior [ RunTime:0.000018s ]
INFO: [ app_init ] --END-- [ RunTime:0.000535s ]
ERR: 无法加载模块:Img

[ 2017-03-27T09:40:05+08:00 ] 127.0.0.1 /matouPCS/img/xzjs.png
INFO: [ app_init ] --START--
INFO: Run Behavior\BuildLiteBehavior [ RunTime:0.000031s ]
INFO: [ app_init ] --END-- [ RunTime:0.000556s ]
ERR: 无法加载模块:Img

[ 2017-03-27T09:40:06+08:00 ] 127.0.0.1 /matouPCS/img/hide.png
INFO: [ app_init ] --START--
INFO: Run Behavior\BuildLiteBehavior [ RunTime:0.000024s ]
INFO: [ app_init ] --END-- [ RunTime:0.000590s ]
ERR: 无法加载模块:Img

[ 2017-03-27T09:40:06+08:00 ] 127.0.0.1 /matouPCS/img/swtitle.png
INFO: [ app_init ] --START--
INFO: Run Behavior\BuildLiteBehavior [ RunTime:0.000023s ]
INFO: [ app_init ] --END-- [ RunTime:0.000515s ]
ERR: 无法加载模块:Img

[ 2017-03-27T09:40:06+08:00 ] 127.0.0.1 /matouPCS/img/xzjs.png
INFO: [ app_init ] --START--
INFO: Run Behavior\BuildLiteBehavior [ RunTime:0.000027s ]
INFO: [ app_init ] --END-- [ RunTime:0.001301s ]
ERR: 无法加载模块:Img

[ 2017-03-27T09:40:06+08:00 ] 127.0.0.1 /matouPCS/j/matouPCS/Public/Home/s/jquery-1.8.3.min.js
INFO: [ app_init ] --START--
INFO: Run Behavior\BuildLiteBehavior [ RunTime:0.000015s ]
INFO: [ app_init ] --END-- [ RunTime:0.000395s ]
ERR: 无法加载模块:J

[ 2017-03-27T10:47:45+08:00 ] 127.0.0.1 /matouPCS/img/swtitle.png
INFO: [ app_init ] --START--
INFO: Run Behavior\BuildLiteBehavior [ RunTime:0.000028s ]
INFO: [ app_init ] --END-- [ RunTime:0.000589s ]
ERR: 无法加载模块:Img

[ 2017-03-27T10:47:45+08:00 ] 127.0.0.1 /matouPCS/img/hide.png
INFO: [ app_init ] --START--
INFO: Run Behavior\BuildLiteBehavior [ RunTime:0.000017s ]
INFO: [ app_init ] --END-- [ RunTime:0.000601s ]
ERR: 无法加载模块:Img

[ 2017-03-27T10:47:45+08:00 ] 127.0.0.1 /matouPCS/img/xzjs.png
INFO: [ app_init ] --START--
INFO: Run Behavior\BuildLiteBehavior [ RunTime:0.000013s ]
INFO: [ app_init ] --END-- [ RunTime:0.000458s ]
ERR: 无法加载模块:Img

[ 2017-03-27T10:47:45+08:00 ] 127.0.0.1 /matouPCS/img/hide.png
INFO: [ app_init ] --START--
INFO: Run Behavior\BuildLiteBehavior [ RunTime:0.000017s ]
INFO: [ app_init ] --END-- [ RunTime:0.000394s ]
ERR: 无法加载模块:Img

[ 2017-03-27T10:47:45+08:00 ] 127.0.0.1 /matouPCS/img/swtitle.png
INFO: [ app_init ] --START--
INFO: Run Behavior\BuildLiteBehavior [ RunTime:0.000015s ]
INFO: [ app_init ] --END-- [ RunTime:0.000454s ]
ERR: 无法加载模块:Img

[ 2017-03-27T10:47:45+08:00 ] 127.0.0.1 /matouPCS/img/xzjs.png
INFO: [ app_init ] --START--
INFO: Run Behavior\BuildLiteBehavior [ RunTime:0.000015s ]
INFO: [ app_init ] --END-- [ RunTime:0.000432s ]
ERR: 无法加载模块:Img

[ 2017-03-27T16:13:54+08:00 ] 127.0.0.1 /matouPCS/img/swtitle.png
INFO: [ app_init ] --START--
INFO: Run Behavior\BuildLiteBehavior [ RunTime:0.000033s ]
INFO: [ app_init ] --END-- [ RunTime:0.000604s ]
ERR: 无法加载模块:Img

[ 2017-03-27T16:13:54+08:00 ] 127.0.0.1 /matouPCS/img/hide.png
INFO: [ app_init ] --START--
INFO: Run Behavior\BuildLiteBehavior [ RunTime:0.000017s ]
INFO: [ app_init ] --END-- [ RunTime:0.000479s ]
ERR: 无法加载模块:Img

[ 2017-03-27T16:13:54+08:00 ] 127.0.0.1 /matouPCS/img/xzjs.png
INFO: [ app_init ] --START--
INFO: Run Behavior\BuildLiteBehavior [ RunTime:0.000027s ]
INFO: [ app_init ] --END-- [ RunTime:0.000683s ]
ERR: 无法加载模块:Img

[ 2017-03-27T16:13:54+08:00 ] 127.0.0.1 /matouPCS/j/matouPCS/Public/Home/s/jquery-1.8.3.min.js
INFO: [ app_init ] --START--
INFO: Run Behavior\BuildLiteBehavior [ RunTime:0.000036s ]
INFO: [ app_init ] --END-- [ RunTime:0.000785s ]
ERR: 无法加载模块:J

[ 2017-03-27T16:13:54+08:00 ] 127.0.0.1 /matouPCS/img/hide.png
INFO: [ app_init ] --START--
INFO: Run Behavior\BuildLiteBehavior [ RunTime:0.000018s ]
INFO: [ app_init ] --END-- [ RunTime:0.000412s ]
ERR: 无法加载模块:Img

[ 2017-03-27T16:13:54+08:00 ] 127.0.0.1 /matouPCS/img/swtitle.png
INFO: [ app_init ] --START--
INFO: Run Behavior\BuildLiteBehavior [ RunTime:0.000016s ]
INFO: [ app_init ] --END-- [ RunTime:0.000473s ]
ERR: 无法加载模块:Img

[ 2017-03-27T16:13:54+08:00 ] 127.0.0.1 /matouPCS/img/xzjs.png
INFO: [ app_init ] --START--
INFO: Run Behavior\BuildLiteBehavior [ RunTime:0.000018s ]
INFO: [ app_init ] --END-- [ RunTime:0.000589s ]
ERR: 无法加载模块:Img

[ 2017-03-27T16:13:54+08:00 ] 127.0.0.1 /matouPCS/j/matouPCS/Public/Home/s/jquery-1.8.3.min.js
INFO: [ app_init ] --START--
INFO: Run Behavior\BuildLiteBehavior [ RunTime:0.000015s ]
INFO: [ app_init ] --END-- [ RunTime:0.000439s ]
ERR: 无法加载模块:J

[ 2017-03-27T16:13:58+08:00 ] 127.0.0.1 /matouPCS/img/wyys.png
INFO: [ app_init ] --START--
INFO: Run Behavior\BuildLiteBehavior [ RunTime:0.000030s ]
INFO: [ app_init ] --END-- [ RunTime:0.000652s ]
ERR: 无法加载模块:Img

[ 2017-03-27T16:13:58+08:00 ] 127.0.0.1 /matouPCS/img/wyzp.png
INFO: [ app_init ] --START--
INFO: Run Behavior\BuildLiteBehavior [ RunTime:0.000023s ]
INFO: [ app_init ] --END-- [ RunTime:0.000635s ]
ERR: 无法加载模块:Img

[ 2017-03-27T16:13:58+08:00 ] 127.0.0.1 /matouPCS/img/alert-close.png
INFO: [ app_init ] --START--
INFO: Run Behavior\BuildLiteBehavior [ RunTime:0.000035s ]
INFO: [ app_init ] --END-- [ RunTime:0.000677s ]
ERR: 无法加载模块:Img

[ 2017-03-27T16:13:58+08:00 ] 127.0.0.1 /matouPCS/img/wyqg.png
INFO: [ app_init ] --START--
INFO: Run Behavior\BuildLiteBehavior [ RunTime:0.000017s ]
INFO: [ app_init ] --END-- [ RunTime:0.000534s ]
ERR: 无法加载模块:Img

[ 2017-03-27T16:13:58+08:00 ] 127.0.0.1 /matouPCS/img/wyyp.png
INFO: [ app_init ] --START--
INFO: Run Behavior\BuildLiteBehavior [ RunTime:0.000018s ]
INFO: [ app_init ] --END-- [ RunTime:0.000426s ]
ERR: 无法加载模块:Img

[ 2017-03-27T16:13:58+08:00 ] 127.0.0.1 /matouPCS/img/wyxz.png
INFO: [ app_init ] --START--
INFO: Run Behavior\BuildLiteBehavior [ RunTime:0.000034s ]
INFO: [ app_init ] --END-- [ RunTime:0.000708s ]
ERR: 无法加载模块:Img

[ 2017-03-27T16:13:58+08:00 ] 127.0.0.1 /matouPCS/img/wyxs.png
INFO: [ app_init ] --START--
INFO: Run Behavior\BuildLiteBehavior [ RunTime:0.000023s ]
INFO: [ app_init ] --END-- [ RunTime:0.000629s ]
ERR: 无法加载模块:Img

[ 2017-03-27T16:13:58+08:00 ] 127.0.0.1 /matouPCS/img/alert-close.png
INFO: [ app_init ] --START--
INFO: Run Behavior\BuildLiteBehavior [ RunTime:0.000019s ]
INFO: [ app_init ] --END-- [ RunTime:0.000549s ]
ERR: 无法加载模块:Img

[ 2017-03-27T16:13:58+08:00 ] 127.0.0.1 /matouPCS/img/wyys.png
INFO: [ app_init ] --START--
INFO: Run Behavior\BuildLiteBehavior [ RunTime:0.000022s ]
INFO: [ app_init ] --END-- [ RunTime:0.000552s ]
ERR: 无法加载模块:Img

[ 2017-03-27T16:13:58+08:00 ] 127.0.0.1 /matouPCS/img/wyzp.png
INFO: [ app_init ] --START--
INFO: Run Behavior\BuildLiteBehavior [ RunTime:0.000022s ]
INFO: [ app_init ] --END-- [ RunTime:0.000527s ]
ERR: 无法加载模块:Img

[ 2017-03-27T16:13:58+08:00 ] 127.0.0.1 /matouPCS/img/wyqg.png
INFO: [ app_init ] --START--
INFO: Run Behavior\BuildLiteBehavior [ RunTime:0.000023s ]
INFO: [ app_init ] --END-- [ RunTime:0.000575s ]
ERR: 无法加载模块:Img

[ 2017-03-27T16:13:58+08:00 ] 127.0.0.1 /matouPCS/img/wyxz.png
INFO: [ app_init ] --START--
INFO: Run Behavior\BuildLiteBehavior [ RunTime:0.000016s ]
INFO: [ app_init ] --END-- [ RunTime:0.000420s ]
ERR: 无法加载模块:Img

[ 2017-03-27T16:14:08+08:00 ] 127.0.0.1 /matouPCS/img/swtitle.png
INFO: [ app_init ] --START--
INFO: Run Behavior\BuildLiteBehavior [ RunTime:0.000016s ]
INFO: [ app_init ] --END-- [ RunTime:0.000408s ]
ERR: 无法加载模块:Img

[ 2017-03-27T16:14:08+08:00 ] 127.0.0.1 /matouPCS/img/hide.png
INFO: [ app_init ] --START--
INFO: Run Behavior\BuildLiteBehavior [ RunTime:0.000018s ]
INFO: [ app_init ] --END-- [ RunTime:0.000411s ]
ERR: 无法加载模块:Img

[ 2017-03-27T16:14:08+08:00 ] 127.0.0.1 /matouPCS/img/xzjs.png
INFO: [ app_init ] --START--
INFO: Run Behavior\BuildLiteBehavior [ RunTime:0.000015s ]
INFO: [ app_init ] --END-- [ RunTime:0.000392s ]
ERR: 无法加载模块:Img

[ 2017-03-27T16:14:08+08:00 ] 127.0.0.1 /matouPCS/j/matouPCS/Public/Home/s/jquery-1.8.3.min.js
INFO: [ app_init ] --START--
INFO: Run Behavior\BuildLiteBehavior [ RunTime:0.000015s ]
INFO: [ app_init ] --END-- [ RunTime:0.000439s ]
ERR: 无法加载模块:J

[ 2017-03-27T16:14:08+08:00 ] 127.0.0.1 /matouPCS/img/xzjs.png
INFO: [ app_init ] --START--
INFO: Run Behavior\BuildLiteBehavior [ RunTime:0.000016s ]
INFO: [ app_init ] --END-- [ RunTime:0.000423s ]
ERR: 无法加载模块:Img

[ 2017-03-27T16:14:08+08:00 ] 127.0.0.1 /matouPCS/img/swtitle.png
INFO: [ app_init ] --START--
INFO: Run Behavior\BuildLiteBehavior [ RunTime:0.000015s ]
INFO: [ app_init ] --END-- [ RunTime:0.000406s ]
ERR: 无法加载模块:Img

[ 2017-03-27T16:14:08+08:00 ] 127.0.0.1 /matouPCS/img/hide.png
INFO: [ app_init ] --START--
INFO: Run Behavior\BuildLiteBehavior [ RunTime:0.000027s ]
INFO: [ app_init ] --END-- [ RunTime:0.000600s ]
ERR: 无法加载模块:Img

[ 2017-03-27T16:14:08+08:00 ] 127.0.0.1 /matouPCS/j/matouPCS/Public/Home/s/jquery-1.8.3.min.js
INFO: [ app_init ] --START--
INFO: Run Behavior\BuildLiteBehavior [ RunTime:0.000015s ]
INFO: [ app_init ] --END-- [ RunTime:0.000534s ]
ERR: 无法加载模块:J

[ 2017-03-27T16:14:29+08:00 ] 127.0.0.1 /matouPCS/img/swtitle.png
INFO: [ app_init ] --START--
INFO: Run Behavior\BuildLiteBehavior [ RunTime:0.000018s ]
INFO: [ app_init ] --END-- [ RunTime:0.000486s ]
ERR: 无法加载模块:Img

[ 2017-03-27T16:14:29+08:00 ] 127.0.0.1 /matouPCS/img/xzjs.png
INFO: [ app_init ] --START--
INFO: Run Behavior\BuildLiteBehavior [ RunTime:0.000017s ]
INFO: [ app_init ] --END-- [ RunTime:0.000395s ]
ERR: 无法加载模块:Img

[ 2017-03-27T16:14:29+08:00 ] 127.0.0.1 /matouPCS/img/hide.png
INFO: [ app_init ] --START--
INFO: Run Behavior\BuildLiteBehavior [ RunTime:0.000017s ]
INFO: [ app_init ] --END-- [ RunTime:0.000465s ]
ERR: 无法加载模块:Img

[ 2017-03-27T16:14:29+08:00 ] 127.0.0.1 /matouPCS/j/matouPCS/Public/Home/s/jquery-1.8.3.min.js
INFO: [ app_init ] --START--
INFO: Run Behavior\BuildLiteBehavior [ RunTime:0.000021s ]
INFO: [ app_init ] --END-- [ RunTime:0.000603s ]
ERR: 无法加载模块:J

[ 2017-03-27T16:14:29+08:00 ] 127.0.0.1 /matouPCS/img/hide.png
INFO: [ app_init ] --START--
INFO: Run Behavior\BuildLiteBehavior [ RunTime:0.000023s ]
INFO: [ app_init ] --END-- [ RunTime:0.000555s ]
ERR: 无法加载模块:Img

[ 2017-03-27T16:14:29+08:00 ] 127.0.0.1 /matouPCS/img/swtitle.png
INFO: [ app_init ] --START--
INFO: Run Behavior\BuildLiteBehavior [ RunTime:0.000024s ]
INFO: [ app_init ] --END-- [ RunTime:0.000556s ]
ERR: 无法加载模块:Img

[ 2017-03-27T16:14:29+08:00 ] 127.0.0.1 /matouPCS/j/matouPCS/Public/Home/s/jquery-1.8.3.min.js
INFO: [ app_init ] --START--
INFO: Run Behavior\BuildLiteBehavior [ RunTime:0.000019s ]
INFO: [ app_init ] --END-- [ RunTime:0.000559s ]
ERR: 无法加载模块:J

[ 2017-03-27T16:14:45+08:00 ] 127.0.0.1 /matouPCS/img/swtitle.png
INFO: [ app_init ] --START--
INFO: Run Behavior\BuildLiteBehavior [ RunTime:0.000031s ]
INFO: [ app_init ] --END-- [ RunTime:0.000575s ]
ERR: 无法加载模块:Img

[ 2017-03-27T16:14:45+08:00 ] 127.0.0.1 /matouPCS/img/hide.png
INFO: [ app_init ] --START--
INFO: Run Behavior\BuildLiteBehavior [ RunTime:0.000018s ]
INFO: [ app_init ] --END-- [ RunTime:0.000511s ]
ERR: 无法加载模块:Img

[ 2017-03-27T16:14:45+08:00 ] 127.0.0.1 /matouPCS/j/matouPCS/Public/Home/s/jquery-1.8.3.min.js
INFO: [ app_init ] --START--
INFO: Run Behavior\BuildLiteBehavior [ RunTime:0.000021s ]
INFO: [ app_init ] --END-- [ RunTime:0.000579s ]
ERR: 无法加载模块:J

[ 2017-03-27T16:14:45+08:00 ] 127.0.0.1 /matouPCS/img/xzjs.png
INFO: [ app_init ] --START--
INFO: Run Behavior\BuildLiteBehavior [ RunTime:0.000029s ]
INFO: [ app_init ] --END-- [ RunTime:0.000616s ]
ERR: 无法加载模块:Img

[ 2017-03-27T16:14:45+08:00 ] 127.0.0.1 /matouPCS/img/hide.png
INFO: [ app_init ] --START--
INFO: Run Behavior\BuildLiteBehavior [ RunTime:0.000037s ]
INFO: [ app_init ] --END-- [ RunTime:0.000626s ]
ERR: 无法加载模块:Img

[ 2017-03-27T16:14:45+08:00 ] 127.0.0.1 /matouPCS/img/swtitle.png
INFO: [ app_init ] --START--
INFO: Run Behavior\BuildLiteBehavior [ RunTime:0.000024s ]
INFO: [ app_init ] --END-- [ RunTime:0.000740s ]
ERR: 无法加载模块:Img

[ 2017-03-27T16:14:45+08:00 ] 127.0.0.1 /matouPCS/img/xzjs.png
INFO: [ app_init ] --START--
INFO: Run Behavior\BuildLiteBehavior [ RunTime:0.000024s ]
INFO: [ app_init ] --END-- [ RunTime:0.000793s ]
ERR: 无法加载模块:Img

[ 2017-03-27T16:14:45+08:00 ] 127.0.0.1 /matouPCS/j/matouPCS/Public/Home/s/jquery-1.8.3.min.js
INFO: [ app_init ] --START--
INFO: Run Behavior\BuildLiteBehavior [ RunTime:0.000024s ]
INFO: [ app_init ] --END-- [ RunTime:0.000489s ]
ERR: 无法加载模块:J

[ 2017-03-27T17:49:51+08:00 ] 127.0.0.1 /matouPCS/img/swtitle.png
INFO: [ app_init ] --START--
INFO: Run Behavior\BuildLiteBehavior [ RunTime:0.000026s ]
INFO: [ app_init ] --END-- [ RunTime:0.000649s ]
ERR: 无法加载模块:Img

[ 2017-03-27T17:49:51+08:00 ] 127.0.0.1 /matouPCS/img/xzjs.png
INFO: [ app_init ] --START--
INFO: Run Behavior\BuildLiteBehavior [ RunTime:0.000029s ]
INFO: [ app_init ] --END-- [ RunTime:0.000747s ]
ERR: 无法加载模块:Img

[ 2017-03-27T17:49:51+08:00 ] 127.0.0.1 /matouPCS/img/hide.png
INFO: [ app_init ] --START--
INFO: Run Behavior\BuildLiteBehavior [ RunTime:0.000039s ]
INFO: [ app_init ] --END-- [ RunTime:0.000856s ]
ERR: 无法加载模块:Img

[ 2017-03-27T17:49:51+08:00 ] 127.0.0.1 /matouPCS/j/matouPCS/Public/Home/s/jquery-1.8.3.min.js
INFO: [ app_init ] --START--
INFO: Run Behavior\BuildLiteBehavior [ RunTime:0.000018s ]
INFO: [ app_init ] --END-- [ RunTime:0.000466s ]
ERR: 无法加载模块:J

[ 2017-03-27T17:49:52+08:00 ] 127.0.0.1 /matouPCS/img/swtitle.png
INFO: [ app_init ] --START--
INFO: Run Behavior\BuildLiteBehavior [ RunTime:0.000017s ]
INFO: [ app_init ] --END-- [ RunTime:0.000723s ]
ERR: 无法加载模块:Img

[ 2017-03-27T17:49:52+08:00 ] 127.0.0.1 /matouPCS/img/hide.png
INFO: [ app_init ] --START--
INFO: Run Behavior\BuildLiteBehavior [ RunTime:0.000036s ]
INFO: [ app_init ] --END-- [ RunTime:0.000659s ]
ERR: 无法加载模块:Img

[ 2017-03-27T17:49:52+08:00 ] 127.0.0.1 /matouPCS/img/xzjs.png
INFO: [ app_init ] --START--
INFO: Run Behavior\BuildLiteBehavior [ RunTime:0.000033s ]
INFO: [ app_init ] --END-- [ RunTime:0.000730s ]
ERR: 无法加载模块:Img

[ 2017-03-27T17:49:52+08:00 ] 127.0.0.1 /matouPCS/j/matouPCS/Public/Home/s/jquery-1.8.3.min.js
INFO: [ app_init ] --START--
INFO: Run Behavior\BuildLiteBehavior [ RunTime:0.000030s ]
INFO: [ app_init ] --END-- [ RunTime:0.000769s ]
ERR: 无法加载模块:J

