<<<<<<< HEAD
[ 2017-03-01T00:36:10+08:00 ] ::1 /matouPCS/Public/Home/css/upimage.css
INFO: [ app_init ] --START--
INFO: Run Behavior\BuildLiteBehavior [ RunTime:0.000030s ]
INFO: [ app_init ] --END-- [ RunTime:0.000451s ]
ERR: 无法加载模块:Public

[ 2017-03-01T00:36:13+08:00 ] ::1 /matouPCS/Public/Home/img/select.png
INFO: [ app_init ] --START--
INFO: Run Behavior\BuildLiteBehavior [ RunTime:0.000013s ]
INFO: [ app_init ] --END-- [ RunTime:0.000288s ]
ERR: 无法加载模块:Public

[ 2017-03-01T00:40:43+08:00 ] ::1 /matouPCS/Public/Home/css/upimage.css
INFO: [ app_init ] --START--
INFO: Run Behavior\BuildLiteBehavior [ RunTime:0.000016s ]
INFO: [ app_init ] --END-- [ RunTime:0.000471s ]
ERR: 无法加载模块:Public

[ 2017-03-01T00:40:58+08:00 ] ::1 /matouPCS/Public/Home/css/upimage.css
INFO: [ app_init ] --START--
INFO: Run Behavior\BuildLiteBehavior [ RunTime:0.000021s ]
INFO: [ app_init ] --END-- [ RunTime:0.000429s ]
ERR: 无法加载模块:Public

[ 2017-03-01T00:41:19+08:00 ] ::1 /matouPCS/Public/Home/css/upimage.css
INFO: [ app_init ] --START--
INFO: Run Behavior\BuildLiteBehavior [ RunTime:0.000013s ]
INFO: [ app_init ] --END-- [ RunTime:0.000320s ]
ERR: 无法加载模块:Public

[ 2017-03-01T00:41:20+08:00 ] ::1 /matouPCS/Public/Home/img/select.png
INFO: [ app_init ] --START--
INFO: Run Behavior\BuildLiteBehavior [ RunTime:0.000012s ]
INFO: [ app_init ] --END-- [ RunTime:0.000296s ]
ERR: 无法加载模块:Public

[ 2017-03-01T00:41:36+08:00 ] ::1 /matouPCS/Public/Home/css/upimage.css
INFO: [ app_init ] --START--
INFO: Run Behavior\BuildLiteBehavior [ RunTime:0.000020s ]
INFO: [ app_init ] --END-- [ RunTime:0.000475s ]
ERR: 无法加载模块:Public

[ 2017-03-01T00:41:38+08:00 ] ::1 /matouPCS/Public/Home/img/select.png
INFO: [ app_init ] --START--
INFO: Run Behavior\BuildLiteBehavior [ RunTime:0.000020s ]
INFO: [ app_init ] --END-- [ RunTime:0.000580s ]
ERR: 无法加载模块:Public

[ 2017-03-01T00:41:50+08:00 ] ::1 /matouPCS/Public/Home/css/upimage.css
INFO: [ app_init ] --START--
INFO: Run Behavior\BuildLiteBehavior [ RunTime:0.000014s ]
INFO: [ app_init ] --END-- [ RunTime:0.000429s ]
ERR: 无法加载模块:Public

[ 2017-03-01T00:41:51+08:00 ] ::1 /matouPCS/Public/Home/img/select.png
INFO: [ app_init ] --START--
INFO: Run Behavior\BuildLiteBehavior [ RunTime:0.000030s ]
INFO: [ app_init ] --END-- [ RunTime:0.000752s ]
ERR: 无法加载模块:Public

[ 2017-03-01T00:42:04+08:00 ] ::1 /matouPCS/Public/Home/css/upimage.css
INFO: [ app_init ] --START--
INFO: Run Behavior\BuildLiteBehavior [ RunTime:0.000014s ]
INFO: [ app_init ] --END-- [ RunTime:0.000349s ]
ERR: 无法加载模块:Public

[ 2017-03-01T00:42:05+08:00 ] ::1 /matouPCS/Public/Home/img/select.png
INFO: [ app_init ] --START--
INFO: Run Behavior\BuildLiteBehavior [ RunTime:0.000014s ]
INFO: [ app_init ] --END-- [ RunTime:0.000324s ]
ERR: 无法加载模块:Public

[ 2017-03-01T00:42:15+08:00 ] ::1 /matouPCS/Public/Home/css/upimage.css
INFO: [ app_init ] --START--
INFO: Run Behavior\BuildLiteBehavior [ RunTime:0.000030s ]
INFO: [ app_init ] --END-- [ RunTime:0.000488s ]
ERR: 无法加载模块:Public

[ 2017-03-01T00:42:16+08:00 ] ::1 /matouPCS/Public/Home/img/select.png
INFO: [ app_init ] --START--
INFO: Run Behavior\BuildLiteBehavior [ RunTime:0.000014s ]
INFO: [ app_init ] --END-- [ RunTime:0.000338s ]
ERR: 无法加载模块:Public

[ 2017-03-01T00:42:24+08:00 ] ::1 /matouPCS/Public/Home/css/upimage.css
INFO: [ app_init ] --START--
INFO: Run Behavior\BuildLiteBehavior [ RunTime:0.000019s ]
INFO: [ app_init ] --END-- [ RunTime:0.000360s ]
ERR: 无法加载模块:Public

[ 2017-03-01T00:42:25+08:00 ] ::1 /matouPCS/Public/Home/img/select.png
INFO: [ app_init ] --START--
INFO: Run Behavior\BuildLiteBehavior [ RunTime:0.000012s ]
INFO: [ app_init ] --END-- [ RunTime:0.000282s ]
ERR: 无法加载模块:Public
=======
[ 2017-03-01T00:01:03+08:00 ] ::1 /matouPCS/img/login-uesr.png
INFO: [ app_init ] --START--
INFO: Run Behavior\BuildLiteBehavior [ RunTime:0.000020s ]
INFO: [ app_init ] --END-- [ RunTime:0.000429s ]
ERR: 无法加载模块:Img

[ 2017-03-01T00:01:03+08:00 ] ::1 /matouPCS/img/home.png
INFO: [ app_init ] --START--
INFO: Run Behavior\BuildLiteBehavior [ RunTime:0.000023s ]
INFO: [ app_init ] --END-- [ RunTime:0.000480s ]
ERR: 无法加载模块:Img

[ 2017-03-01T00:01:03+08:00 ] ::1 /matouPCS/img/swtitle.png
INFO: [ app_init ] --START--
INFO: Run Behavior\BuildLiteBehavior [ RunTime:0.000021s ]
INFO: [ app_init ] --END-- [ RunTime:0.000473s ]
ERR: 无法加载模块:Img

[ 2017-03-01T00:01:03+08:00 ] ::1 /matouPCS/img/hide.png
INFO: [ app_init ] --START--
INFO: Run Behavior\BuildLiteBehavior [ RunTime:0.000020s ]
INFO: [ app_init ] --END-- [ RunTime:0.000448s ]
ERR: 无法加载模块:Img

[ 2017-03-01T00:01:03+08:00 ] ::1 /matouPCS/img/tx.png
INFO: [ app_init ] --START--
INFO: Run Behavior\BuildLiteBehavior [ RunTime:0.000022s ]
INFO: [ app_init ] --END-- [ RunTime:0.000583s ]
ERR: 无法加载模块:Img

[ 2017-03-01T00:01:03+08:00 ] ::1 /matouPCS/img/arrow_bottom.png
INFO: [ app_init ] --START--
INFO: Run Behavior\BuildLiteBehavior [ RunTime:0.000035s ]
INFO: [ app_init ] --END-- [ RunTime:0.000542s ]
ERR: 无法加载模块:Img

[ 2017-03-01T00:01:03+08:00 ] ::1 /matouPCS/img/addp.png
INFO: [ app_init ] --START--
INFO: Run Behavior\BuildLiteBehavior [ RunTime:0.000026s ]
INFO: [ app_init ] --END-- [ RunTime:0.000485s ]
ERR: 无法加载模块:Img

[ 2017-03-01T00:01:03+08:00 ] ::1 /matouPCS/img/alert-close.png
INFO: [ app_init ] --START--
INFO: Run Behavior\BuildLiteBehavior [ RunTime:0.000020s ]
INFO: [ app_init ] --END-- [ RunTime:0.000396s ]
ERR: 无法加载模块:Img

[ 2017-03-01T00:01:03+08:00 ] ::1 /matouPCS/img/adds.png
INFO: [ app_init ] --START--
INFO: Run Behavior\BuildLiteBehavior [ RunTime:0.000024s ]
INFO: [ app_init ] --END-- [ RunTime:0.000563s ]
ERR: 无法加载模块:Img

[ 2017-03-01T00:01:03+08:00 ] ::1 /matouPCS/img/alert-QQ.png
INFO: [ app_init ] --START--
INFO: Run Behavior\BuildLiteBehavior [ RunTime:0.000028s ]
INFO: [ app_init ] --END-- [ RunTime:0.000616s ]
ERR: 无法加载模块:Img

[ 2017-03-01T00:01:03+08:00 ] ::1 /matouPCS/img/alert-logo.png
INFO: [ app_init ] --START--
INFO: Run Behavior\BuildLiteBehavior [ RunTime:0.000026s ]
INFO: [ app_init ] --END-- [ RunTime:0.000603s ]
ERR: 无法加载模块:Img

[ 2017-03-01T00:01:03+08:00 ] ::1 /matouPCS/img/alert-wc.png
INFO: [ app_init ] --START--
INFO: Run Behavior\BuildLiteBehavior [ RunTime:0.000024s ]
INFO: [ app_init ] --END-- [ RunTime:0.000519s ]
ERR: 无法加载模块:Img

[ 2017-03-01T00:01:03+08:00 ] ::1 /matouPCS/img/alert-xl.png
INFO: [ app_init ] --START--
INFO: Run Behavior\BuildLiteBehavior [ RunTime:0.000025s ]
INFO: [ app_init ] --END-- [ RunTime:0.000500s ]
ERR: 无法加载模块:Img

[ 2017-03-01T00:01:03+08:00 ] ::1 /matouPCS/img/false.png
INFO: [ app_init ] --START--
INFO: Run Behavior\BuildLiteBehavior [ RunTime:0.000017s ]
INFO: [ app_init ] --END-- [ RunTime:0.000369s ]
ERR: 无法加载模块:Img

[ 2017-03-01T00:01:03+08:00 ] ::1 /matouPCS/img/true.png
INFO: [ app_init ] --START--
INFO: Run Behavior\BuildLiteBehavior [ RunTime:0.000024s ]
INFO: [ app_init ] --END-- [ RunTime:0.000530s ]
ERR: 无法加载模块:Img

[ 2017-03-01T00:01:03+08:00 ] ::1 /matouPCS/img/local_upload.png
INFO: [ app_init ] --START--
INFO: Run Behavior\BuildLiteBehavior [ RunTime:0.000017s ]
INFO: [ app_init ] --END-- [ RunTime:0.000530s ]
ERR: 无法加载模块:Img

[ 2017-03-01T00:01:03+08:00 ] ::1 /matouPCS/img/home.png
INFO: [ app_init ] --START--
INFO: Run Behavior\BuildLiteBehavior [ RunTime:0.000025s ]
INFO: [ app_init ] --END-- [ RunTime:0.000516s ]
ERR: 无法加载模块:Img

[ 2017-03-01T00:01:03+08:00 ] ::1 /matouPCS/img/tx.png
INFO: [ app_init ] --START--
INFO: Run Behavior\BuildLiteBehavior [ RunTime:0.000029s ]
INFO: [ app_init ] --END-- [ RunTime:0.000615s ]
ERR: 无法加载模块:Img

[ 2017-03-01T00:01:03+08:00 ] ::1 /matouPCS/img/addp.png
INFO: [ app_init ] --START--
INFO: Run Behavior\BuildLiteBehavior [ RunTime:0.000032s ]
INFO: [ app_init ] --END-- [ RunTime:0.000748s ]
ERR: 无法加载模块:Img

[ 2017-03-01T00:01:03+08:00 ] ::1 /matouPCS/img/swtitle.png
INFO: [ app_init ] --START--
INFO: Run Behavior\BuildLiteBehavior [ RunTime:0.000024s ]
INFO: [ app_init ] --END-- [ RunTime:0.000769s ]
ERR: 无法加载模块:Img

[ 2017-03-01T00:01:03+08:00 ] ::1 /matouPCS/img/hide.png
INFO: [ app_init ] --START--
INFO: Run Behavior\BuildLiteBehavior [ RunTime:0.000025s ]
INFO: [ app_init ] --END-- [ RunTime:0.000520s ]
ERR: 无法加载模块:Img

[ 2017-03-01T00:01:03+08:00 ] ::1 /matouPCS/img/arrow_bottom.png
INFO: [ app_init ] --START--
INFO: Run Behavior\BuildLiteBehavior [ RunTime:0.000028s ]
INFO: [ app_init ] --END-- [ RunTime:0.000539s ]
ERR: 无法加载模块:Img

[ 2017-03-01T00:01:03+08:00 ] ::1 /matouPCS/img/login-uesr.png
INFO: [ app_init ] --START--
INFO: Run Behavior\BuildLiteBehavior [ RunTime:0.000016s ]
INFO: [ app_init ] --END-- [ RunTime:0.000351s ]
ERR: 无法加载模块:Img

[ 2017-03-01T00:01:03+08:00 ] ::1 /matouPCS/img/alert-close.png
INFO: [ app_init ] --START--
INFO: Run Behavior\BuildLiteBehavior [ RunTime:0.000014s ]
INFO: [ app_init ] --END-- [ RunTime:0.000376s ]
ERR: 无法加载模块:Img

[ 2017-03-01T00:01:03+08:00 ] ::1 /matouPCS/img/adds.png
INFO: [ app_init ] --START--
INFO: Run Behavior\BuildLiteBehavior [ RunTime:0.000016s ]
INFO: [ app_init ] --END-- [ RunTime:0.000386s ]
ERR: 无法加载模块:Img

[ 2017-03-01T00:09:23+08:00 ] ::1 /matouPCS/plupload/plupload.full.min.js
INFO: [ app_init ] --START--
INFO: Run Behavior\BuildLiteBehavior [ RunTime:0.000013s ]
INFO: [ app_init ] --END-- [ RunTime:0.000318s ]
ERR: 无法加载模块:Plupload

[ 2017-03-01T00:10:20+08:00 ] ::1 /matouPCS/plupload/plupload.full.min.js
INFO: [ app_init ] --START--
INFO: Run Behavior\BuildLiteBehavior [ RunTime:0.000021s ]
INFO: [ app_init ] --END-- [ RunTime:0.000434s ]
ERR: 无法加载模块:Plupload

[ 2017-03-01T00:27:19+08:00 ] ::1 /matouPCS/img/tx.png
INFO: [ app_init ] --START--
INFO: Run Behavior\BuildLiteBehavior [ RunTime:0.000014s ]
INFO: [ app_init ] --END-- [ RunTime:0.000336s ]
ERR: 无法加载模块:Img

[ 2017-03-01T00:30:43+08:00 ] ::1 /matouPCS/img/sctpic.png
INFO: [ app_init ] --START--
INFO: Run Behavior\BuildLiteBehavior [ RunTime:0.000015s ]
INFO: [ app_init ] --END-- [ RunTime:0.000625s ]
ERR: 无法加载模块:Img
>>>>>>> ee4b3b6da0cc48c41848de10b81ee71fd0083584

[ 2017-03-01T09:29:01+08:00 ] ::1 /matouPCS/Public/Home/css/upimage.css
INFO: [ app_init ] --START--
INFO: Run Behavior\BuildLiteBehavior [ RunTime:0.000011s ]
INFO: [ app_init ] --END-- [ RunTime:0.000298s ]
ERR: 无法加载模块:Public

[ 2017-03-01T09:29:01+08:00 ] ::1 /matouPCS/Public/Home/img/select.png
INFO: [ app_init ] --START--
INFO: Run Behavior\BuildLiteBehavior [ RunTime:0.000019s ]
INFO: [ app_init ] --END-- [ RunTime:0.000475s ]
ERR: 无法加载模块:Public

[ 2017-03-01T09:29:15+08:00 ] ::1 /matouPCS/img/arrow_bottom.png
INFO: [ app_init ] --START--
INFO: Run Behavior\BuildLiteBehavior [ RunTime:0.000014s ]
INFO: [ app_init ] --END-- [ RunTime:0.000334s ]
ERR: 无法加载模块:Img

[ 2017-03-01T09:29:15+08:00 ] ::1 /matouPCS/img/arrow_bottom.png
INFO: [ app_init ] --START--
INFO: Run Behavior\BuildLiteBehavior [ RunTime:0.000022s ]
INFO: [ app_init ] --END-- [ RunTime:0.000496s ]
ERR: 无法加载模块:Img

[ 2017-03-01T09:29:15+08:00 ] ::1 /matouPCS/Public/Home/img/select.png
INFO: [ app_init ] --START--
INFO: Run Behavior\BuildLiteBehavior [ RunTime:0.000017s ]
INFO: [ app_init ] --END-- [ RunTime:0.000417s ]
ERR: 无法加载模块:Public

[ 2017-03-01T09:29:42+08:00 ] ::1 /matouPCS/img/arrow_bottom.png
INFO: [ app_init ] --START--
INFO: Run Behavior\BuildLiteBehavior [ RunTime:0.000013s ]
INFO: [ app_init ] --END-- [ RunTime:0.000319s ]
ERR: 无法加载模块:Img

[ 2017-03-01T09:29:43+08:00 ] ::1 /matouPCS/img/arrow_bottom.png
INFO: [ app_init ] --START--
INFO: Run Behavior\BuildLiteBehavior [ RunTime:0.000020s ]
INFO: [ app_init ] --END-- [ RunTime:0.000463s ]
ERR: 无法加载模块:Img

[ 2017-03-01T09:29:43+08:00 ] ::1 /matouPCS/Public/Home/img/select.png
INFO: [ app_init ] --START--
INFO: Run Behavior\BuildLiteBehavior [ RunTime:0.000019s ]
INFO: [ app_init ] --END-- [ RunTime:0.000479s ]
ERR: 无法加载模块:Public

