[ 2017-02-27T10:48:43+08:00 ] ::1 /matouPCS/Uploads/Uploads/2017-01-27/123123
INFO: [ app_init ] --START--
INFO: Run Behavior\BuildLiteBehavior [ RunTime:0.000016s ]
INFO: [ app_init ] --END-- [ RunTime:0.000433s ]
ERR: 无法加载模块:Uploads

[ 2017-02-27T10:48:43+08:00 ] ::1 /matouPCS/Uploads/Uploads/2017-01-05/586e150e66a05.jpg
INFO: [ app_init ] --START--
INFO: Run Behavior\BuildLiteBehavior [ RunTime:0.000017s ]
INFO: [ app_init ] --END-- [ RunTime:0.000517s ]
ERR: 无法加载模块:Uploads

[ 2017-02-27T10:48:43+08:00 ] ::1 /matouPCS/Public/Home/showWin.js
INFO: [ app_init ] --START--
INFO: Run Behavior\BuildLiteBehavior [ RunTime:0.000018s ]
INFO: [ app_init ] --END-- [ RunTime:0.000502s ]
ERR: 无法加载模块:Public

[ 2017-02-27T11:38:09+08:00 ] ::1 /matouPCS/Uploads/Uploads/2017-01-05/586e150e66a05.jpg
INFO: [ app_init ] --START--
INFO: Run Behavior\BuildLiteBehavior [ RunTime:0.000017s ]
INFO: [ app_init ] --END-- [ RunTime:0.000532s ]
ERR: 无法加载模块:Uploads

[ 2017-02-27T11:38:09+08:00 ] ::1 /matouPCS/Uploads/Uploads/2017-01-27/123123
INFO: [ app_init ] --START--
INFO: Run Behavior\BuildLiteBehavior [ RunTime:0.000017s ]
INFO: [ app_init ] --END-- [ RunTime:0.000502s ]
ERR: 无法加载模块:Uploads

[ 2017-02-27T11:38:09+08:00 ] ::1 /matouPCS/Public/Home/showWin.js
INFO: [ app_init ] --START--
INFO: Run Behavior\BuildLiteBehavior [ RunTime:0.000044s ]
INFO: [ app_init ] --END-- [ RunTime:0.001122s ]
ERR: 无法加载模块:Public

[ 2017-02-27T11:38:09+08:00 ] ::1 /matouPCS/Public/Home/showWin.js
INFO: [ app_init ] --START--
INFO: Run Behavior\BuildLiteBehavior [ RunTime:0.000016s ]
INFO: [ app_init ] --END-- [ RunTime:0.000417s ]
ERR: 无法加载模块:Public

[ 2017-02-27T14:20:46+08:00 ] ::1 /matouPCS/Public/Home/showWin.js
INFO: [ app_init ] --START--
INFO: Run Behavior\BuildLiteBehavior [ RunTime:0.000017s ]
INFO: [ app_init ] --END-- [ RunTime:0.000475s ]
ERR: 无法加载模块:Public

[ 2017-02-27T14:24:58+08:00 ] ::1 /matouPCS/Uploads/Uploads/2017-02-23/58ae3e45bac04.jpg
INFO: [ app_init ] --START--
INFO: Run Behavior\BuildLiteBehavior [ RunTime:0.000042s ]
INFO: [ app_init ] --END-- [ RunTime:0.000641s ]
ERR: 无法加载模块:Uploads

[ 2017-02-27T14:24:58+08:00 ] ::1 /matouPCS/Uploads/Uploads/2017-02-23/58ae3e45c05bd.jpg
INFO: [ app_init ] --START--
INFO: Run Behavior\BuildLiteBehavior [ RunTime:0.000035s ]
INFO: [ app_init ] --END-- [ RunTime:0.000742s ]
ERR: 无法加载模块:Uploads

[ 2017-02-27T14:24:58+08:00 ] ::1 /matouPCS/Public/Home/showWin.js
INFO: [ app_init ] --START--
INFO: Run Behavior\BuildLiteBehavior [ RunTime:0.000017s ]
INFO: [ app_init ] --END-- [ RunTime:0.000541s ]
ERR: 无法加载模块:Public

[ 2017-02-27T14:24:58+08:00 ] ::1 /matouPCS/Uploads/Uploads/2017-02-23/58ae4e294ecc1.png
INFO: [ app_init ] --START--
INFO: Run Behavior\BuildLiteBehavior [ RunTime:0.000019s ]
INFO: [ app_init ] --END-- [ RunTime:0.000495s ]
ERR: 无法加载模块:Uploads

[ 2017-02-27T14:24:58+08:00 ] ::1 /matouPCS/Public/Home/showWin.js
INFO: [ app_init ] --START--
INFO: Run Behavior\BuildLiteBehavior [ RunTime:0.000016s ]
INFO: [ app_init ] --END-- [ RunTime:0.000429s ]
ERR: 无法加载模块:Public

[ 2017-02-27T16:22:01+08:00 ] ::1 /matouPCS/Uploads/Uploads/2017-02-23/58ae3e45bac04.jpg
INFO: [ app_init ] --START--
INFO: Run Behavior\BuildLiteBehavior [ RunTime:0.000089s ]
INFO: [ app_init ] --END-- [ RunTime:0.001694s ]
ERR: 无法加载模块:Uploads

[ 2017-02-27T16:22:01+08:00 ] ::1 /matouPCS/Uploads/Uploads/2017-02-23/58ae3e45c05bd.jpg
INFO: [ app_init ] --START--
INFO: Run Behavior\BuildLiteBehavior [ RunTime:0.000017s ]
INFO: [ app_init ] --END-- [ RunTime:0.000609s ]
ERR: 无法加载模块:Uploads

[ 2017-02-27T16:22:01+08:00 ] ::1 /matouPCS/Uploads/Uploads/2017-02-23/58ae4e294ecc1.png
INFO: [ app_init ] --START--
INFO: Run Behavior\BuildLiteBehavior [ RunTime:0.000015s ]
INFO: [ app_init ] --END-- [ RunTime:0.000549s ]
ERR: 无法加载模块:Uploads

[ 2017-02-27T16:22:01+08:00 ] ::1 /matouPCS/Public/Home/showWin.js
INFO: [ app_init ] --START--
INFO: Run Behavior\BuildLiteBehavior [ RunTime:0.000092s ]
INFO: [ app_init ] --END-- [ RunTime:0.001868s ]
ERR: 无法加载模块:Public

[ 2017-02-27T16:22:01+08:00 ] ::1 /matouPCS/Public/Home/showWin.js
INFO: [ app_init ] --START--
INFO: Run Behavior\BuildLiteBehavior [ RunTime:0.000016s ]
INFO: [ app_init ] --END-- [ RunTime:0.000631s ]
ERR: 无法加载模块:Public

[ 2017-02-27T16:22:09+08:00 ] ::1 /matouPCS/Uploads/Uploads/2017-02-23/58ae3e45bac04.jpg
INFO: [ app_init ] --START--
INFO: Run Behavior\BuildLiteBehavior [ RunTime:0.000034s ]
INFO: [ app_init ] --END-- [ RunTime:0.000775s ]
ERR: 无法加载模块:Uploads

[ 2017-02-27T16:22:09+08:00 ] ::1 /matouPCS/Uploads/Uploads/2017-02-23/58ae4e294ecc1.png
INFO: [ app_init ] --START--
INFO: Run Behavior\BuildLiteBehavior [ RunTime:0.000021s ]
INFO: [ app_init ] --END-- [ RunTime:0.000610s ]
ERR: 无法加载模块:Uploads

[ 2017-02-27T16:22:09+08:00 ] ::1 /matouPCS/Uploads/Uploads/2017-02-23/58ae3e45c05bd.jpg
INFO: [ app_init ] --START--
INFO: Run Behavior\BuildLiteBehavior [ RunTime:0.000035s ]
INFO: [ app_init ] --END-- [ RunTime:0.000832s ]
ERR: 无法加载模块:Uploads

[ 2017-02-27T16:22:09+08:00 ] ::1 /matouPCS/Public/Home/showWin.js
INFO: [ app_init ] --START--
INFO: Run Behavior\BuildLiteBehavior [ RunTime:0.000024s ]
INFO: [ app_init ] --END-- [ RunTime:0.000639s ]
ERR: 无法加载模块:Public

[ 2017-02-27T16:51:08+08:00 ] ::1 /matouPCS/Uploads/Uploads/2017-02-23/58ae3e45bac04.jpg
INFO: [ app_init ] --START--
INFO: Run Behavior\BuildLiteBehavior [ RunTime:0.000020s ]
INFO: [ app_init ] --END-- [ RunTime:0.000571s ]
ERR: 无法加载模块:Uploads

[ 2017-02-27T16:51:08+08:00 ] ::1 /matouPCS/Uploads/Uploads/2017-02-23/58ae3e45c05bd.jpg
INFO: [ app_init ] --START--
INFO: Run Behavior\BuildLiteBehavior [ RunTime:0.000016s ]
INFO: [ app_init ] --END-- [ RunTime:0.000543s ]
ERR: 无法加载模块:Uploads

[ 2017-02-27T16:51:08+08:00 ] ::1 /matouPCS/Uploads/Uploads/2017-02-23/58ae4e294ecc1.png
INFO: [ app_init ] --START--
INFO: Run Behavior\BuildLiteBehavior [ RunTime:0.000034s ]
INFO: [ app_init ] --END-- [ RunTime:0.000611s ]
ERR: 无法加载模块:Uploads

[ 2017-02-27T16:51:08+08:00 ] ::1 /matouPCS/Public/Home/showWin.js
INFO: [ app_init ] --START--
INFO: Run Behavior\BuildLiteBehavior [ RunTime:0.000019s ]
INFO: [ app_init ] --END-- [ RunTime:0.000598s ]
ERR: 无法加载模块:Public

[ 2017-02-27T16:51:08+08:00 ] ::1 /matouPCS/Public/Home/showWin.js
INFO: [ app_init ] --START--
INFO: Run Behavior\BuildLiteBehavior [ RunTime:0.000017s ]
INFO: [ app_init ] --END-- [ RunTime:0.000394s ]
ERR: 无法加载模块:Public

[ 2017-02-27T19:24:38+08:00 ] ::1 /matouPCS/Public/Home/img/simple_s2_580aece7.png
INFO: [ app_init ] --START--
INFO: Run Behavior\BuildLiteBehavior [ RunTime:0.000016s ]
INFO: [ app_init ] --END-- [ RunTime:0.000550s ]
ERR: 无法加载模块:Public

[ 2017-02-27T19:24:38+08:00 ] ::1 /matouPCS/Public/Home/img/dropdown_369a8965.png
INFO: [ app_init ] --START--
INFO: Run Behavior\BuildLiteBehavior [ RunTime:0.000043s ]
INFO: [ app_init ] --END-- [ RunTime:0.001711s ]
ERR: 无法加载模块:Public

[ 2017-02-27T19:24:38+08:00 ] ::1 /matouPCS/Public/Home/img/simple_s_468f567e.png
INFO: [ app_init ] --START--
INFO: Run Behavior\BuildLiteBehavior [ RunTime:0.000015s ]
INFO: [ app_init ] --END-- [ RunTime:0.000581s ]
ERR: 无法加载模块:Public

[ 2017-02-27T19:36:47+08:00 ] ::1 /matouPCS/Public/Home/js/upimage.js
INFO: [ app_init ] --START--
INFO: Run Behavior\BuildLiteBehavior [ RunTime:0.000017s ]
INFO: [ app_init ] --END-- [ RunTime:0.000587s ]
ERR: 无法加载模块:Public

[ 2017-02-27T19:36:47+08:00 ] ::1 /matouPCS/Public/Home/css/upimage.css
INFO: [ app_init ] --START--
INFO: Run Behavior\BuildLiteBehavior [ RunTime:0.000018s ]
INFO: [ app_init ] --END-- [ RunTime:0.000558s ]
ERR: 无法加载模块:Public

[ 2017-02-27T19:36:47+08:00 ] ::1 /matouPCS/Public/Home/js/upimage.js
INFO: [ app_init ] --START--
INFO: Run Behavior\BuildLiteBehavior [ RunTime:0.000013s ]
INFO: [ app_init ] --END-- [ RunTime:0.000361s ]
ERR: 无法加载模块:Public

[ 2017-02-27T19:36:51+08:00 ] ::1 /matouPCS/Public/Home/img/simple_s_468f567e.png
INFO: [ app_init ] --START--
INFO: Run Behavior\BuildLiteBehavior [ RunTime:0.000056s ]
INFO: [ app_init ] --END-- [ RunTime:0.001134s ]
ERR: 无法加载模块:Public


[ 2017-02-27T19:36:51+08:00 ] ::1 /matouPCS/Public/Home/img/dropdown_369a8965.png
INFO: [ app_init ] --START--
INFO: Run Behavior\BuildLiteBehavior [ RunTime:0.000087s ]
INFO: [ app_init ] --END-- [ RunTime:0.001550s ]
ERR: 无法加载模块:Public

[ 2017-02-27T19:37:03+08:00 ] ::1 /matouPCS/Public/Home/img/select.png
INFO: [ app_init ] --START--
INFO: Run Behavior\BuildLiteBehavior [ RunTime:0.000016s ]
INFO: [ app_init ] --END-- [ RunTime:0.000429s ]
ERR: 无法加载模块:Public

[ 2017-02-27T19:37:06+08:00 ] ::1 /matouPCS/Public/Home/img/simple_s_468f567e.png
INFO: [ app_init ] --START--
INFO: Run Behavior\BuildLiteBehavior [ RunTime:0.000015s ]
INFO: [ app_init ] --END-- [ RunTime:0.000450s ]
ERR: 无法加载模块:Public

[ 2017-02-27T19:37:06+08:00 ] ::1 /matouPCS/Public/Home/img/dropdown_369a8965.png
INFO: [ app_init ] --START--
INFO: Run Behavior\BuildLiteBehavior [ RunTime:0.000014s ]
INFO: [ app_init ] --END-- [ RunTime:0.000395s ]
ERR: 无法加载模块:Public

[ 2017-02-27T19:37:06+08:00 ] ::1 /matouPCS/Public/Home/img/simple_s2_580aece7.png
INFO: [ app_init ] --START--
INFO: Run Behavior\BuildLiteBehavior [ RunTime:0.000017s ]
INFO: [ app_init ] --END-- [ RunTime:0.000609s ]
ERR: 无法加载模块:Public

[ 2017-02-27T19:38:10+08:00 ] ::1 /matouPCS/Public/Home/img/simple_s_468f567e.png
INFO: [ app_init ] --START--
INFO: Run Behavior\BuildLiteBehavior [ RunTime:0.000099s ]
INFO: [ app_init ] --END-- [ RunTime:0.001753s ]
ERR: 无法加载模块:Public

[ 2017-02-27T19:38:10+08:00 ] ::1 /matouPCS/Public/Home/img/simple_s2_580aece7.png
INFO: [ app_init ] --START--
INFO: Run Behavior\BuildLiteBehavior [ RunTime:0.000087s ]
INFO: [ app_init ] --END-- [ RunTime:0.001581s ]
ERR: 无法加载模块:Public

[ 2017-02-27T19:38:10+08:00 ] ::1 /matouPCS/Public/Home/img/dropdown_369a8965.png
INFO: [ app_init ] --START--
INFO: Run Behavior\BuildLiteBehavior [ RunTime:0.000121s ]
INFO: [ app_init ] --END-- [ RunTime:0.002329s ]
ERR: 无法加载模块:Public

