[ 2017-03-21T09:28:31+08:00 ] 127.0.0.1 /matouPCS/img/swtitle.png
INFO: [ app_init ] --START--
INFO: Run Behavior\BuildLiteBehavior [ RunTime:0.000025s ]
INFO: [ app_init ] --END-- [ RunTime:0.000688s ]
ERR: 无法加载模块:Img

[ 2017-03-21T09:28:31+08:00 ] 127.0.0.1 /matouPCS/img/hide.png
INFO: [ app_init ] --START--
INFO: Run Behavior\BuildLiteBehavior [ RunTime:0.000026s ]
INFO: [ app_init ] --END-- [ RunTime:0.000648s ]
ERR: 无法加载模块:Img

[ 2017-03-21T09:28:31+08:00 ] 127.0.0.1 /matouPCS/img/M.png
INFO: [ app_init ] --START--
INFO: Run Behavior\BuildLiteBehavior [ RunTime:0.000024s ]
INFO: [ app_init ] --END-- [ RunTime:0.000614s ]
ERR: 无法加载模块:Img

[ 2017-03-21T09:28:31+08:00 ] 127.0.0.1 /matouPCS/img/xzjs.png
INFO: [ app_init ] --START--
INFO: Run Behavior\BuildLiteBehavior [ RunTime:0.000028s ]
INFO: [ app_init ] --END-- [ RunTime:0.001019s ]
ERR: 无法加载模块:Img

[ 2017-03-21T09:28:31+08:00 ] 127.0.0.1 /matouPCS/img/gold2.png
INFO: [ app_init ] --START--
INFO: Run Behavior\BuildLiteBehavior [ RunTime:0.000019s ]
INFO: [ app_init ] --END-- [ RunTime:0.000689s ]
ERR: 无法加载模块:Img

[ 2017-03-21T09:28:31+08:00 ] 127.0.0.1 /matouPCS/img/gold-title.png
INFO: [ app_init ] --START--
INFO: Run Behavior\BuildLiteBehavior [ RunTime:0.000016s ]
INFO: [ app_init ] --END-- [ RunTime:0.000574s ]
ERR: 无法加载模块:Img

[ 2017-03-21T09:28:31+08:00 ] 127.0.0.1 /matouPCS/img/erweima_top.png
INFO: [ app_init ] --START--
INFO: Run Behavior\BuildLiteBehavior [ RunTime:0.000015s ]
INFO: [ app_init ] --END-- [ RunTime:0.000383s ]
ERR: 无法加载模块:Img

[ 2017-03-21T09:28:31+08:00 ] 127.0.0.1 /matouPCS/img/fanpai.png
INFO: [ app_init ] --START--
INFO: Run Behavior\BuildLiteBehavior [ RunTime:0.000014s ]
INFO: [ app_init ] --END-- [ RunTime:0.000512s ]
ERR: 无法加载模块:Img

[ 2017-03-21T09:28:31+08:00 ] 127.0.0.1 /matouPCS/img/gold1.png
INFO: [ app_init ] --START--
INFO: Run Behavior\BuildLiteBehavior [ RunTime:0.000022s ]
INFO: [ app_init ] --END-- [ RunTime:0.000581s ]
ERR: 无法加载模块:Img

[ 2017-03-21T09:28:31+08:00 ] 127.0.0.1 /matouPCS/j/matouPCS/Public/Home/s/jquery-1.8.3.min.js
INFO: [ app_init ] --START--
INFO: Run Behavior\BuildLiteBehavior [ RunTime:0.000014s ]
INFO: [ app_init ] --END-- [ RunTime:0.000489s ]
ERR: 无法加载模块:J

[ 2017-03-21T09:28:32+08:00 ] 127.0.0.1 /matouPCS/img/gold-title.png
INFO: [ app_init ] --START--
INFO: Run Behavior\BuildLiteBehavior [ RunTime:0.000023s ]
INFO: [ app_init ] --END-- [ RunTime:0.000537s ]
ERR: 无法加载模块:Img

[ 2017-03-21T09:28:32+08:00 ] 127.0.0.1 /matouPCS/img/xzjs.png
INFO: [ app_init ] --START--
INFO: Run Behavior\BuildLiteBehavior [ RunTime:0.000023s ]
INFO: [ app_init ] --END-- [ RunTime:0.000539s ]
ERR: 无法加载模块:Img

[ 2017-03-21T09:28:32+08:00 ] 127.0.0.1 /matouPCS/img/hide.png
INFO: [ app_init ] --START--
INFO: Run Behavior\BuildLiteBehavior [ RunTime:0.000026s ]
INFO: [ app_init ] --END-- [ RunTime:0.000664s ]
ERR: 无法加载模块:Img

[ 2017-03-21T09:28:32+08:00 ] 127.0.0.1 /matouPCS/img/M.png
INFO: [ app_init ] --START--
INFO: Run Behavior\BuildLiteBehavior [ RunTime:0.000014s ]
INFO: [ app_init ] --END-- [ RunTime:0.000421s ]
ERR: 无法加载模块:Img

[ 2017-03-21T09:28:32+08:00 ] 127.0.0.1 /matouPCS/img/swtitle.png
INFO: [ app_init ] --START--
INFO: Run Behavior\BuildLiteBehavior [ RunTime:0.000022s ]
INFO: [ app_init ] --END-- [ RunTime:0.000635s ]
ERR: 无法加载模块:Img

[ 2017-03-21T09:28:32+08:00 ] 127.0.0.1 /matouPCS/img/gold2.png
INFO: [ app_init ] --START--
INFO: Run Behavior\BuildLiteBehavior [ RunTime:0.000023s ]
INFO: [ app_init ] --END-- [ RunTime:0.000583s ]
ERR: 无法加载模块:Img

[ 2017-03-21T09:28:32+08:00 ] 127.0.0.1 /matouPCS/img/gold1.png
INFO: [ app_init ] --START--
INFO: Run Behavior\BuildLiteBehavior [ RunTime:0.000025s ]
INFO: [ app_init ] --END-- [ RunTime:0.000669s ]
ERR: 无法加载模块:Img

[ 2017-03-21T09:28:32+08:00 ] 127.0.0.1 /matouPCS/j/matouPCS/Public/Home/s/jquery-1.8.3.min.js
INFO: [ app_init ] --START--
INFO: Run Behavior\BuildLiteBehavior [ RunTime:0.000027s ]
INFO: [ app_init ] --END-- [ RunTime:0.000681s ]
ERR: 无法加载模块:J

[ 2017-03-21T09:28:32+08:00 ] 127.0.0.1 /matouPCS/img/fanpai.png
INFO: [ app_init ] --START--
INFO: Run Behavior\BuildLiteBehavior [ RunTime:0.000018s ]
INFO: [ app_init ] --END-- [ RunTime:0.000639s ]
ERR: 无法加载模块:Img

[ 2017-03-21T09:28:32+08:00 ] 127.0.0.1 /matouPCS/img/erweima_top.png
INFO: [ app_init ] --START--
INFO: Run Behavior\BuildLiteBehavior [ RunTime:0.000020s ]
INFO: [ app_init ] --END-- [ RunTime:0.000642s ]
ERR: 无法加载模块:Img

[ 2017-03-21T09:28:44+08:00 ] 127.0.0.1 /matouPCS/?s=?s=/Home/Zpdt1/txyp
INFO: [ app_init ] --START--
INFO: Run Behavior\BuildLiteBehavior [ RunTime:0.000016s ]
INFO: [ app_init ] --END-- [ RunTime:0.000432s ]
ERR: 无法加载模块:?s=

[ 2017-03-21T09:28:49+08:00 ] 127.0.0.1 /matouPCS/Public/Home/img/select.png
INFO: [ app_init ] --START--
INFO: Run Behavior\BuildLiteBehavior [ RunTime:0.000015s ]
INFO: [ app_init ] --END-- [ RunTime:0.000392s ]
ERR: 无法加载模块:Public

[ 2017-03-21T09:29:00+08:00 ] 127.0.0.1 /matouPCS/Public/Home/img/select.png
INFO: [ app_init ] --START--
INFO: Run Behavior\BuildLiteBehavior [ RunTime:0.000015s ]
INFO: [ app_init ] --END-- [ RunTime:0.000406s ]
ERR: 无法加载模块:Public

[ 2017-03-21T09:29:09+08:00 ] 127.0.0.1 /matouPCS/js/City_data.js
INFO: [ app_init ] --START--
INFO: Run Behavior\BuildLiteBehavior [ RunTime:0.000041s ]
INFO: [ app_init ] --END-- [ RunTime:0.000710s ]
ERR: 无法加载模块:Js

[ 2017-03-21T09:29:09+08:00 ] 127.0.0.1 /matouPCS/img/local_upload.png
INFO: [ app_init ] --START--
INFO: Run Behavior\BuildLiteBehavior [ RunTime:0.000021s ]
INFO: [ app_init ] --END-- [ RunTime:0.000629s ]
ERR: 无法加载模块:Img

[ 2017-03-21T09:29:09+08:00 ] 127.0.0.1 /matouPCS/js/areadata.js
INFO: [ app_init ] --START--
INFO: Run Behavior\BuildLiteBehavior [ RunTime:0.000019s ]
INFO: [ app_init ] --END-- [ RunTime:0.000517s ]
ERR: 无法加载模块:Js

[ 2017-03-21T09:29:09+08:00 ] 127.0.0.1 /matouPCS/js/showwin.js
INFO: [ app_init ] --START--
INFO: Run Behavior\BuildLiteBehavior [ RunTime:0.000027s ]
INFO: [ app_init ] --END-- [ RunTime:0.000821s ]
ERR: 无法加载模块:Js

[ 2017-03-21T09:29:09+08:00 ] 127.0.0.1 /matouPCS/js/scrolltopcontrol.js
INFO: [ app_init ] --START--
INFO: Run Behavior\BuildLiteBehavior [ RunTime:0.000016s ]
INFO: [ app_init ] --END-- [ RunTime:0.000428s ]
ERR: 无法加载模块:Js

[ 2017-03-21T09:29:09+08:00 ] 127.0.0.1 /matouPCS/js/jquery-1.8.3.min.js
INFO: [ app_init ] --START--
INFO: Run Behavior\BuildLiteBehavior [ RunTime:0.000016s ]
INFO: [ app_init ] --END-- [ RunTime:0.000610s ]
ERR: 无法加载模块:Js

[ 2017-03-21T09:29:09+08:00 ] 127.0.0.1 /matouPCS/Public/Home/img/select.png
INFO: [ app_init ] --START--
INFO: Run Behavior\BuildLiteBehavior [ RunTime:0.000015s ]
INFO: [ app_init ] --END-- [ RunTime:0.000430s ]
ERR: 无法加载模块:Public

[ 2017-03-21T09:29:09+08:00 ] 127.0.0.1 /matouPCS/js/jquery-1.8.3.min.js
INFO: [ app_init ] --START--
INFO: Run Behavior\BuildLiteBehavior [ RunTime:0.000014s ]
INFO: [ app_init ] --END-- [ RunTime:0.000412s ]
ERR: 无法加载模块:Js

[ 2017-03-21T09:29:09+08:00 ] 127.0.0.1 /matouPCS/img/local_upload.png
INFO: [ app_init ] --START--
INFO: Run Behavior\BuildLiteBehavior [ RunTime:0.000013s ]
INFO: [ app_init ] --END-- [ RunTime:0.000447s ]
ERR: 无法加载模块:Img

[ 2017-03-21T09:29:09+08:00 ] 127.0.0.1 /matouPCS/js/City_data.js
INFO: [ app_init ] --START--
INFO: Run Behavior\BuildLiteBehavior [ RunTime:0.000015s ]
INFO: [ app_init ] --END-- [ RunTime:0.000427s ]
ERR: 无法加载模块:Js

[ 2017-03-21T09:29:09+08:00 ] 127.0.0.1 /matouPCS/js/areadata.js
INFO: [ app_init ] --START--
INFO: Run Behavior\BuildLiteBehavior [ RunTime:0.000013s ]
INFO: [ app_init ] --END-- [ RunTime:0.000380s ]
ERR: 无法加载模块:Js

[ 2017-03-21T09:29:09+08:00 ] 127.0.0.1 /matouPCS/js/scrolltopcontrol.js
INFO: [ app_init ] --START--
INFO: Run Behavior\BuildLiteBehavior [ RunTime:0.000013s ]
INFO: [ app_init ] --END-- [ RunTime:0.000393s ]
ERR: 无法加载模块:Js

[ 2017-03-21T09:29:09+08:00 ] 127.0.0.1 /matouPCS/js/showwin.js
INFO: [ app_init ] --START--
INFO: Run Behavior\BuildLiteBehavior [ RunTime:0.000014s ]
INFO: [ app_init ] --END-- [ RunTime:0.000387s ]
ERR: 无法加载模块:Js

[ 2017-03-21T09:29:14+08:00 ] 127.0.0.1 /matouPCS/Public/Home/img/bj-ok.png
INFO: [ app_init ] --START--
INFO: Run Behavior\BuildLiteBehavior [ RunTime:0.000049s ]
INFO: [ app_init ] --END-- [ RunTime:0.001296s ]
ERR: 无法加载模块:Public

[ 2017-03-21T09:29:14+08:00 ] 127.0.0.1 /matouPCS/Public/Home/img/select.png
INFO: [ app_init ] --START--
INFO: Run Behavior\BuildLiteBehavior [ RunTime:0.000014s ]
INFO: [ app_init ] --END-- [ RunTime:0.000463s ]
ERR: 无法加载模块:Public

[ 2017-03-21T09:29:45+08:00 ] 127.0.0.1 /matouPCS/img/swtitle.png
INFO: [ app_init ] --START--
INFO: Run Behavior\BuildLiteBehavior [ RunTime:0.000017s ]
INFO: [ app_init ] --END-- [ RunTime:0.000504s ]
ERR: 无法加载模块:Img

[ 2017-03-21T09:29:45+08:00 ] 127.0.0.1 /matouPCS/j/matouPCS/Public/Home/s/jquery-1.8.3.min.js
INFO: [ app_init ] --START--
INFO: Run Behavior\BuildLiteBehavior [ RunTime:0.000015s ]
INFO: [ app_init ] --END-- [ RunTime:0.000547s ]
ERR: 无法加载模块:J

[ 2017-03-21T09:29:45+08:00 ] 127.0.0.1 /matouPCS/img/hide.png
INFO: [ app_init ] --START--
INFO: Run Behavior\BuildLiteBehavior [ RunTime:0.000021s ]
INFO: [ app_init ] --END-- [ RunTime:0.000533s ]
ERR: 无法加载模块:Img

[ 2017-03-21T09:29:45+08:00 ] 127.0.0.1 /matouPCS/img/xzjs.png
INFO: [ app_init ] --START--
INFO: Run Behavior\BuildLiteBehavior [ RunTime:0.000014s ]
INFO: [ app_init ] --END-- [ RunTime:0.000467s ]
ERR: 无法加载模块:Img

[ 2017-03-21T09:29:45+08:00 ] 127.0.0.1 /matouPCS/img/M.png
INFO: [ app_init ] --START--
INFO: Run Behavior\BuildLiteBehavior [ RunTime:0.000014s ]
INFO: [ app_init ] --END-- [ RunTime:0.000386s ]
ERR: 无法加载模块:Img

[ 2017-03-21T09:29:45+08:00 ] 127.0.0.1 /matouPCS/img/gold-title.png
INFO: [ app_init ] --START--
INFO: Run Behavior\BuildLiteBehavior [ RunTime:0.000016s ]
INFO: [ app_init ] --END-- [ RunTime:0.000553s ]
ERR: 无法加载模块:Img

[ 2017-03-21T09:29:45+08:00 ] 127.0.0.1 /matouPCS/img/gold2.png
INFO: [ app_init ] --START--
INFO: Run Behavior\BuildLiteBehavior [ RunTime:0.000015s ]
INFO: [ app_init ] --END-- [ RunTime:0.000430s ]
ERR: 无法加载模块:Img

[ 2017-03-21T09:29:45+08:00 ] 127.0.0.1 /matouPCS/img/gold1.png
INFO: [ app_init ] --START--
INFO: Run Behavior\BuildLiteBehavior [ RunTime:0.000032s ]
INFO: [ app_init ] --END-- [ RunTime:0.000947s ]
ERR: 无法加载模块:Img

[ 2017-03-21T09:29:45+08:00 ] 127.0.0.1 /matouPCS/img/fanpai.png
INFO: [ app_init ] --START--
INFO: Run Behavior\BuildLiteBehavior [ RunTime:0.000018s ]
INFO: [ app_init ] --END-- [ RunTime:0.000465s ]
ERR: 无法加载模块:Img

[ 2017-03-21T09:29:45+08:00 ] 127.0.0.1 /matouPCS/img/erweima_top.png
INFO: [ app_init ] --START--
INFO: Run Behavior\BuildLiteBehavior [ RunTime:0.000015s ]
INFO: [ app_init ] --END-- [ RunTime:0.000423s ]
ERR: 无法加载模块:Img

[ 2017-03-21T09:29:46+08:00 ] 127.0.0.1 /matouPCS/img/xzjs.png
INFO: [ app_init ] --START--
INFO: Run Behavior\BuildLiteBehavior [ RunTime:0.000029s ]
INFO: [ app_init ] --END-- [ RunTime:0.000659s ]
ERR: 无法加载模块:Img

[ 2017-03-21T09:29:46+08:00 ] 127.0.0.1 /matouPCS/img/hide.png
INFO: [ app_init ] --START--
INFO: Run Behavior\BuildLiteBehavior [ RunTime:0.000028s ]
INFO: [ app_init ] --END-- [ RunTime:0.000899s ]
ERR: 无法加载模块:Img

[ 2017-03-21T09:29:46+08:00 ] 127.0.0.1 /matouPCS/img/swtitle.png
INFO: [ app_init ] --START--
INFO: Run Behavior\BuildLiteBehavior [ RunTime:0.000027s ]
INFO: [ app_init ] --END-- [ RunTime:0.000835s ]
ERR: 无法加载模块:Img

[ 2017-03-21T09:29:46+08:00 ] 127.0.0.1 /matouPCS/img/M.png
INFO: [ app_init ] --START--
INFO: Run Behavior\BuildLiteBehavior [ RunTime:0.000027s ]
INFO: [ app_init ] --END-- [ RunTime:0.000852s ]
ERR: 无法加载模块:Img

[ 2017-03-21T09:29:46+08:00 ] 127.0.0.1 /matouPCS/img/gold-title.png
INFO: [ app_init ] --START--
INFO: Run Behavior\BuildLiteBehavior [ RunTime:0.000031s ]
INFO: [ app_init ] --END-- [ RunTime:0.000662s ]
ERR: 无法加载模块:Img

[ 2017-03-21T09:29:46+08:00 ] 127.0.0.1 /matouPCS/j/matouPCS/Public/Home/s/jquery-1.8.3.min.js
INFO: [ app_init ] --START--
INFO: Run Behavior\BuildLiteBehavior [ RunTime:0.000028s ]
INFO: [ app_init ] --END-- [ RunTime:0.000677s ]
ERR: 无法加载模块:J

[ 2017-03-21T09:29:46+08:00 ] 127.0.0.1 /matouPCS/img/gold2.png
INFO: [ app_init ] --START--
INFO: Run Behavior\BuildLiteBehavior [ RunTime:0.000068s ]
INFO: [ app_init ] --END-- [ RunTime:0.001362s ]
ERR: 无法加载模块:Img

[ 2017-03-21T09:29:46+08:00 ] 127.0.0.1 /matouPCS/img/gold1.png
INFO: [ app_init ] --START--
INFO: Run Behavior\BuildLiteBehavior [ RunTime:0.000017s ]
INFO: [ app_init ] --END-- [ RunTime:0.000517s ]
ERR: 无法加载模块:Img

[ 2017-03-21T09:29:46+08:00 ] 127.0.0.1 /matouPCS/img/erweima_top.png
INFO: [ app_init ] --START--
INFO: Run Behavior\BuildLiteBehavior [ RunTime:0.000052s ]
INFO: [ app_init ] --END-- [ RunTime:0.000812s ]
ERR: 无法加载模块:Img

[ 2017-03-21T09:29:46+08:00 ] 127.0.0.1 /matouPCS/img/fanpai.png
INFO: [ app_init ] --START--
INFO: Run Behavior\BuildLiteBehavior [ RunTime:0.000026s ]
INFO: [ app_init ] --END-- [ RunTime:0.000769s ]
ERR: 无法加载模块:Img

[ 2017-03-21T09:29:50+08:00 ] 127.0.0.1 /matouPCS/Public/Home/css/spgl-3rxx-cc.css
INFO: [ app_init ] --START--
INFO: Run Behavior\BuildLiteBehavior [ RunTime:0.000019s ]
INFO: [ app_init ] --END-- [ RunTime:0.000473s ]
ERR: 无法加载模块:Public

[ 2017-03-21T09:29:51+08:00 ] 127.0.0.1 /matouPCS/img/swtitle.png
INFO: [ app_init ] --START--
INFO: Run Behavior\BuildLiteBehavior [ RunTime:0.000027s ]
INFO: [ app_init ] --END-- [ RunTime:0.000724s ]
ERR: 无法加载模块:Img

[ 2017-03-21T09:29:51+08:00 ] 127.0.0.1 /matouPCS/img/hide.png
INFO: [ app_init ] --START--
INFO: Run Behavior\BuildLiteBehavior [ RunTime:0.000020s ]
INFO: [ app_init ] --END-- [ RunTime:0.000692s ]
ERR: 无法加载模块:Img

[ 2017-03-21T09:29:51+08:00 ] 127.0.0.1 /matouPCS/img/xzjs.png
INFO: [ app_init ] --START--
INFO: Run Behavior\BuildLiteBehavior [ RunTime:0.000024s ]
INFO: [ app_init ] --END-- [ RunTime:0.000595s ]
ERR: 无法加载模块:Img

[ 2017-03-21T09:29:51+08:00 ] 127.0.0.1 /matouPCS/img/M.png
INFO: [ app_init ] --START--
INFO: Run Behavior\BuildLiteBehavior [ RunTime:0.000020s ]
INFO: [ app_init ] --END-- [ RunTime:0.000533s ]
ERR: 无法加载模块:Img

[ 2017-03-21T09:29:51+08:00 ] 127.0.0.1 /matouPCS/img/gold-title.png
INFO: [ app_init ] --START--
INFO: Run Behavior\BuildLiteBehavior [ RunTime:0.000022s ]
INFO: [ app_init ] --END-- [ RunTime:0.000585s ]
ERR: 无法加载模块:Img

[ 2017-03-21T09:29:51+08:00 ] 127.0.0.1 /matouPCS/img/gold2.png
INFO: [ app_init ] --START--
INFO: Run Behavior\BuildLiteBehavior [ RunTime:0.000023s ]
INFO: [ app_init ] --END-- [ RunTime:0.000881s ]
ERR: 无法加载模块:Img

[ 2017-03-21T09:29:51+08:00 ] 127.0.0.1 /matouPCS/img/fanpai.png
INFO: [ app_init ] --START--
INFO: Run Behavior\BuildLiteBehavior [ RunTime:0.000015s ]
INFO: [ app_init ] --END-- [ RunTime:0.000370s ]
ERR: 无法加载模块:Img

[ 2017-03-21T09:29:51+08:00 ] 127.0.0.1 /matouPCS/img/gold1.png
INFO: [ app_init ] --START--
INFO: Run Behavior\BuildLiteBehavior [ RunTime:0.000015s ]
INFO: [ app_init ] --END-- [ RunTime:0.000379s ]
ERR: 无法加载模块:Img

[ 2017-03-21T09:29:51+08:00 ] 127.0.0.1 /matouPCS/img/erweima_top.png
INFO: [ app_init ] --START--
INFO: Run Behavior\BuildLiteBehavior [ RunTime:0.000027s ]
INFO: [ app_init ] --END-- [ RunTime:0.000531s ]
ERR: 无法加载模块:Img

[ 2017-03-21T09:29:52+08:00 ] 127.0.0.1 /matouPCS/img/hide.png
INFO: [ app_init ] --START--
INFO: Run Behavior\BuildLiteBehavior [ RunTime:0.000014s ]
INFO: [ app_init ] --END-- [ RunTime:0.000370s ]
ERR: 无法加载模块:Img

[ 2017-03-21T09:29:52+08:00 ] 127.0.0.1 /matouPCS/img/swtitle.png
INFO: [ app_init ] --START--
INFO: Run Behavior\BuildLiteBehavior [ RunTime:0.000014s ]
INFO: [ app_init ] --END-- [ RunTime:0.000388s ]
ERR: 无法加载模块:Img

[ 2017-03-21T09:29:52+08:00 ] 127.0.0.1 /matouPCS/img/M.png
INFO: [ app_init ] --START--
INFO: Run Behavior\BuildLiteBehavior [ RunTime:0.000022s ]
INFO: [ app_init ] --END-- [ RunTime:0.000544s ]
ERR: 无法加载模块:Img

[ 2017-03-21T09:29:52+08:00 ] 127.0.0.1 /matouPCS/img/gold-title.png
INFO: [ app_init ] --START--
INFO: Run Behavior\BuildLiteBehavior [ RunTime:0.000025s ]
INFO: [ app_init ] --END-- [ RunTime:0.000756s ]
ERR: 无法加载模块:Img

[ 2017-03-21T09:29:52+08:00 ] 127.0.0.1 /matouPCS/img/gold1.png
INFO: [ app_init ] --START--
INFO: Run Behavior\BuildLiteBehavior [ RunTime:0.000015s ]
INFO: [ app_init ] --END-- [ RunTime:0.000398s ]
ERR: 无法加载模块:Img

[ 2017-03-21T09:29:52+08:00 ] 127.0.0.1 /matouPCS/img/gold2.png
INFO: [ app_init ] --START--
INFO: Run Behavior\BuildLiteBehavior [ RunTime:0.000042s ]
INFO: [ app_init ] --END-- [ RunTime:0.000490s ]
ERR: 无法加载模块:Img

[ 2017-03-21T09:29:52+08:00 ] 127.0.0.1 /matouPCS/img/erweima_top.png
INFO: [ app_init ] --START--
INFO: Run Behavior\BuildLiteBehavior [ RunTime:0.000014s ]
INFO: [ app_init ] --END-- [ RunTime:0.000402s ]
ERR: 无法加载模块:Img

[ 2017-03-21T09:29:52+08:00 ] 127.0.0.1 /matouPCS/img/fanpai.png
INFO: [ app_init ] --START--
INFO: Run Behavior\BuildLiteBehavior [ RunTime:0.000016s ]
INFO: [ app_init ] --END-- [ RunTime:0.000387s ]
ERR: 无法加载模块:Img

[ 2017-03-21T09:30:19+08:00 ] 127.0.0.1 /matouPCS/Uploads/Uploads/2017-01-05/586e150e66a05.jpg
INFO: [ app_init ] --START--
INFO: Run Behavior\BuildLiteBehavior [ RunTime:0.000019s ]
INFO: [ app_init ] --END-- [ RunTime:0.000535s ]
ERR: 无法加载模块:Uploads

[ 2017-03-21T09:30:19+08:00 ] 127.0.0.1 /matouPCS/Uploads/Uploads/2017-01-05/586e150e66a05.jpg
INFO: [ app_init ] --START--
INFO: Run Behavior\BuildLiteBehavior [ RunTime:0.000016s ]
INFO: [ app_init ] --END-- [ RunTime:0.000403s ]
ERR: 无法加载模块:Uploads

[ 2017-03-21T09:50:38+08:00 ] 127.0.0.1 /matouPCS/Public/Home/img/bj-ok.png
INFO: [ app_init ] --START--
INFO: Run Behavior\BuildLiteBehavior [ RunTime:0.000023s ]
INFO: [ app_init ] --END-- [ RunTime:0.000544s ]
ERR: 无法加载模块:Public

[ 2017-03-21T09:50:38+08:00 ] 127.0.0.1 /matouPCS/Public/Home/img/select.png
INFO: [ app_init ] --START--
INFO: Run Behavior\BuildLiteBehavior [ RunTime:0.000030s ]
INFO: [ app_init ] --END-- [ RunTime:0.000507s ]
ERR: 无法加载模块:Public

[ 2017-03-21T10:10:14+08:00 ] 127.0.0.1 /matouPCS/Public/Home/css/rzbddnly-3r-xy.css
INFO: [ app_init ] --START--
INFO: Run Behavior\BuildLiteBehavior [ RunTime:0.000018s ]
INFO: [ app_init ] --END-- [ RunTime:0.000437s ]
ERR: 无法加载模块:Public

[ 2017-03-21T10:10:14+08:00 ] 127.0.0.1 /matouPCS/Public/Home/css/style.css
INFO: [ app_init ] --START--
INFO: Run Behavior\BuildLiteBehavior [ RunTime:0.000016s ]
INFO: [ app_init ] --END-- [ RunTime:0.000516s ]
ERR: 无法加载模块:Public

[ 2017-03-21T10:10:14+08:00 ] 127.0.0.1 /matouPCS/Public/upload/2017-03-10/20170313194532.png
INFO: [ app_init ] --START--
INFO: Run Behavior\BuildLiteBehavior [ RunTime:0.000031s ]
INFO: [ app_init ] --END-- [ RunTime:0.000497s ]
ERR: 无法加载模块:Public

[ 2017-03-21T10:10:14+08:00 ] 127.0.0.1 /matouPCS/Public/upload/2017-03-10/20170313194532.png
INFO: [ app_init ] --START--
INFO: Run Behavior\BuildLiteBehavior [ RunTime:0.000027s ]
INFO: [ app_init ] --END-- [ RunTime:0.000657s ]
ERR: 无法加载模块:Public

[ 2017-03-21T10:10:26+08:00 ] 127.0.0.1 /matouPCS/Public/Home/css/rzbddnxq-3r-xy.css
INFO: [ app_init ] --START--
INFO: Run Behavior\BuildLiteBehavior [ RunTime:0.000027s ]
INFO: [ app_init ] --END-- [ RunTime:0.000405s ]
ERR: 无法加载模块:Public

[ 2017-03-21T10:10:26+08:00 ] 127.0.0.1 /matouPCS/Public/Home/css/style.css
INFO: [ app_init ] --START--
INFO: Run Behavior\BuildLiteBehavior [ RunTime:0.000014s ]
INFO: [ app_init ] --END-- [ RunTime:0.000475s ]
ERR: 无法加载模块:Public

[ 2017-03-21T10:10:26+08:00 ] 127.0.0.1 /matouPCS/Public/upload/2017-03-10/20170313194532.png
INFO: [ app_init ] --START--
INFO: Run Behavior\BuildLiteBehavior [ RunTime:0.000014s ]
INFO: [ app_init ] --END-- [ RunTime:0.000342s ]
ERR: 无法加载模块:Public

[ 2017-03-21T10:10:26+08:00 ] 127.0.0.1 /matouPCS/Public/upload/2017-03-10/20170313194532.png
INFO: [ app_init ] --START--
INFO: Run Behavior\BuildLiteBehavior [ RunTime:0.000025s ]
INFO: [ app_init ] --END-- [ RunTime:0.000471s ]
ERR: 无法加载模块:Public

[ 2017-03-21T10:10:32+08:00 ] 127.0.0.1 /matouPCS/Public/Home/css/rzbddndt-3r-xy.css
INFO: [ app_init ] --START--
INFO: Run Behavior\BuildLiteBehavior [ RunTime:0.000014s ]
INFO: [ app_init ] --END-- [ RunTime:0.000376s ]
ERR: 无法加载模块:Public

[ 2017-03-21T10:10:32+08:00 ] 127.0.0.1 /matouPCS/Public/upload/2017-03-10/20170313194532.png
INFO: [ app_init ] --START--
INFO: Run Behavior\BuildLiteBehavior [ RunTime:0.000017s ]
INFO: [ app_init ] --END-- [ RunTime:0.000459s ]
ERR: 无法加载模块:Public

[ 2017-03-21T10:10:32+08:00 ] 127.0.0.1 /matouPCS/Public/Home/css/style.css
INFO: [ app_init ] --START--
INFO: Run Behavior\BuildLiteBehavior [ RunTime:0.000016s ]
INFO: [ app_init ] --END-- [ RunTime:0.000641s ]
ERR: 无法加载模块:Public

[ 2017-03-21T10:10:32+08:00 ] 127.0.0.1 /matouPCS/Public/upload/2017-03-10/20170313194532.png
INFO: [ app_init ] --START--
INFO: Run Behavior\BuildLiteBehavior [ RunTime:0.000033s ]
INFO: [ app_init ] --END-- [ RunTime:0.000743s ]
ERR: 无法加载模块:Public

[ 2017-03-21T10:17:02+08:00 ] 127.0.0.1 /matouPCS/Public/Home/css/rzbddndt-3r-xy.css
INFO: [ app_init ] --START--
INFO: Run Behavior\BuildLiteBehavior [ RunTime:0.000016s ]
INFO: [ app_init ] --END-- [ RunTime:0.000457s ]
ERR: 无法加载模块:Public

[ 2017-03-21T10:17:02+08:00 ] 127.0.0.1 /matouPCS/Public/Home/css/style.css
INFO: [ app_init ] --START--
INFO: Run Behavior\BuildLiteBehavior [ RunTime:0.000033s ]
INFO: [ app_init ] --END-- [ RunTime:0.000911s ]
ERR: 无法加载模块:Public

[ 2017-03-21T10:17:02+08:00 ] 127.0.0.1 /matouPCS/Public/upload/2017-03-10/20170313194532.png
INFO: [ app_init ] --START--
INFO: Run Behavior\BuildLiteBehavior [ RunTime:0.000016s ]
INFO: [ app_init ] --END-- [ RunTime:0.000556s ]
ERR: 无法加载模块:Public

[ 2017-03-21T10:17:02+08:00 ] 127.0.0.1 /matouPCS/Public/upload/2017-03-10/20170313194532.png
INFO: [ app_init ] --START--
INFO: Run Behavior\BuildLiteBehavior [ RunTime:0.000014s ]
INFO: [ app_init ] --END-- [ RunTime:0.000435s ]
ERR: 无法加载模块:Public

[ 2017-03-21T10:19:18+08:00 ] 127.0.0.1 /matouPCS/img/kelBtn.png
INFO: [ app_init ] --START--
INFO: Run Behavior\BuildLiteBehavior [ RunTime:0.000020s ]
INFO: [ app_init ] --END-- [ RunTime:0.000586s ]
ERR: 无法加载模块:Img

[ 2017-03-21T10:19:18+08:00 ] 127.0.0.1 /matouPCS/img/kerBtn.png
INFO: [ app_init ] --START--
INFO: Run Behavior\BuildLiteBehavior [ RunTime:0.000015s ]
INFO: [ app_init ] --END-- [ RunTime:0.000517s ]
ERR: 无法加载模块:Img

[ 2017-03-21T10:19:19+08:00 ] 127.0.0.1 /matouPCS/img/kerBtn1.png
INFO: [ app_init ] --START--
INFO: Run Behavior\BuildLiteBehavior [ RunTime:0.000014s ]
INFO: [ app_init ] --END-- [ RunTime:0.000460s ]
ERR: 无法加载模块:Img

[ 2017-03-21T10:19:19+08:00 ] 127.0.0.1 /matouPCS/img/kelBtn1.png
INFO: [ app_init ] --START--
INFO: Run Behavior\BuildLiteBehavior [ RunTime:0.000013s ]
INFO: [ app_init ] --END-- [ RunTime:0.000460s ]
ERR: 无法加载模块:Img

[ 2017-03-21T10:25:40+08:00 ] 127.0.0.1 /matouPCS/Public/Home/css/grbddndt-3r-xy.css
INFO: [ app_init ] --START--
INFO: Run Behavior\BuildLiteBehavior [ RunTime:0.000038s ]
INFO: [ app_init ] --END-- [ RunTime:0.000516s ]
ERR: 无法加载模块:Public

[ 2017-03-21T10:25:40+08:00 ] 127.0.0.1 /matouPCS/Public/upload/2017-03-10/20170313194532.png
INFO: [ app_init ] --START--
INFO: Run Behavior\BuildLiteBehavior [ RunTime:0.000014s ]
INFO: [ app_init ] --END-- [ RunTime:0.000424s ]
ERR: 无法加载模块:Public

[ 2017-03-21T10:25:40+08:00 ] 127.0.0.1 /matouPCS/Public/upload/2017-03-10/20170313194532.png
INFO: [ app_init ] --START--
INFO: Run Behavior\BuildLiteBehavior [ RunTime:0.000016s ]
INFO: [ app_init ] --END-- [ RunTime:0.000432s ]
ERR: 无法加载模块:Public

[ 2017-03-21T10:47:51+08:00 ] 127.0.0.1 /matouPCS/img/kelBtn.png
INFO: [ app_init ] --START--
INFO: Run Behavior\BuildLiteBehavior [ RunTime:0.000014s ]
INFO: [ app_init ] --END-- [ RunTime:0.000468s ]
ERR: 无法加载模块:Img

[ 2017-03-21T10:47:51+08:00 ] 127.0.0.1 /matouPCS/img/kerBtn.png
INFO: [ app_init ] --START--
INFO: Run Behavior\BuildLiteBehavior [ RunTime:0.000013s ]
INFO: [ app_init ] --END-- [ RunTime:0.000393s ]
ERR: 无法加载模块:Img

[ 2017-03-21T10:48:01+08:00 ] 127.0.0.1 /matouPCS/img/kerBtn1.png
INFO: [ app_init ] --START--
INFO: Run Behavior\BuildLiteBehavior [ RunTime:0.000013s ]
INFO: [ app_init ] --END-- [ RunTime:0.000486s ]
ERR: 无法加载模块:Img

[ 2017-03-21T10:48:01+08:00 ] 127.0.0.1 /matouPCS/img/kelBtn1.png
INFO: [ app_init ] --START--
INFO: Run Behavior\BuildLiteBehavior [ RunTime:0.000013s ]
INFO: [ app_init ] --END-- [ RunTime:0.000427s ]
ERR: 无法加载模块:Img

[ 2017-03-21T11:10:10+08:00 ] 127.0.0.1 /MatouPCS/Tu/upload/null
INFO: [ app_init ] --START--
INFO: Run Behavior\BuildLiteBehavior [ RunTime:0.000016s ]
INFO: [ app_init ] --END-- [ RunTime:0.000479s ]
ERR: 无法加载模块:Tu

[ 2017-03-21T11:18:34+08:00 ] 127.0.0.1 /matouPCS/Uploads/223
INFO: [ app_init ] --START--
INFO: Run Behavior\BuildLiteBehavior [ RunTime:0.000103s ]
INFO: [ app_init ] --END-- [ RunTime:0.001060s ]
ERR: 无法加载模块:Uploads

[ 2017-03-21T11:18:37+08:00 ] 127.0.0.1 /matouPCS/Uploads/223
INFO: [ app_init ] --START--
INFO: Run Behavior\BuildLiteBehavior [ RunTime:0.000016s ]
INFO: [ app_init ] --END-- [ RunTime:0.000493s ]
ERR: 无法加载模块:Uploads

[ 2017-03-21T11:22:01+08:00 ] 127.0.0.1 /matouPCS/Public/upload/2017-03-10/20170313194532.png
INFO: [ app_init ] --START--
INFO: Run Behavior\BuildLiteBehavior [ RunTime:0.000016s ]
INFO: [ app_init ] --END-- [ RunTime:0.000452s ]
ERR: 无法加载模块:Public

[ 2017-03-21T11:22:01+08:00 ] 127.0.0.1 /matouPCS/Public/Home/css/rzbddndt-3r-xy.css
INFO: [ app_init ] --START--
INFO: Run Behavior\BuildLiteBehavior [ RunTime:0.000015s ]
INFO: [ app_init ] --END-- [ RunTime:0.000473s ]
ERR: 无法加载模块:Public

[ 2017-03-21T11:22:01+08:00 ] 127.0.0.1 /matouPCS/Public/Home/css/style.css
INFO: [ app_init ] --START--
INFO: Run Behavior\BuildLiteBehavior [ RunTime:0.000014s ]
INFO: [ app_init ] --END-- [ RunTime:0.000496s ]
ERR: 无法加载模块:Public

[ 2017-03-21T11:22:01+08:00 ] 127.0.0.1 /matouPCS/Public/upload/2017-03-10/20170313194532.png
INFO: [ app_init ] --START--
INFO: Run Behavior\BuildLiteBehavior [ RunTime:0.000017s ]
INFO: [ app_init ] --END-- [ RunTime:0.000462s ]
ERR: 无法加载模块:Public

[ 2017-03-21T11:54:46+08:00 ] 127.0.0.1 /matouPCS/Uploads/223
INFO: [ app_init ] --START--
INFO: Run Behavior\BuildLiteBehavior [ RunTime:0.000075s ]
INFO: [ app_init ] --END-- [ RunTime:0.001316s ]
ERR: 无法加载模块:Uploads

[ 2017-03-21T11:54:49+08:00 ] 127.0.0.1 /matouPCS/Uploads/223
INFO: [ app_init ] --START--
INFO: Run Behavior\BuildLiteBehavior [ RunTime:0.000017s ]
INFO: [ app_init ] --END-- [ RunTime:0.000609s ]
ERR: 无法加载模块:Uploads

[ 2017-03-21T11:55:04+08:00 ] 127.0.0.1 /matouPCS/img/swtitle.png
INFO: [ app_init ] --START--
INFO: Run Behavior\BuildLiteBehavior [ RunTime:0.000018s ]
INFO: [ app_init ] --END-- [ RunTime:0.000572s ]
ERR: 无法加载模块:Img

[ 2017-03-21T11:55:04+08:00 ] 127.0.0.1 /matouPCS/img/hide.png
INFO: [ app_init ] --START--
INFO: Run Behavior\BuildLiteBehavior [ RunTime:0.000030s ]
INFO: [ app_init ] --END-- [ RunTime:0.000953s ]
ERR: 无法加载模块:Img

[ 2017-03-21T11:55:04+08:00 ] 127.0.0.1 /matouPCS/img/xzjs.png
INFO: [ app_init ] --START--
INFO: Run Behavior\BuildLiteBehavior [ RunTime:0.000026s ]
INFO: [ app_init ] --END-- [ RunTime:0.000756s ]
ERR: 无法加载模块:Img

[ 2017-03-21T11:55:04+08:00 ] 127.0.0.1 /matouPCS/img/gold2.png
INFO: [ app_init ] --START--
INFO: Run Behavior\BuildLiteBehavior [ RunTime:0.000028s ]
INFO: [ app_init ] --END-- [ RunTime:0.000795s ]
ERR: 无法加载模块:Img

[ 2017-03-21T11:55:04+08:00 ] 127.0.0.1 /matouPCS/img/M.png
INFO: [ app_init ] --START--
INFO: Run Behavior\BuildLiteBehavior [ RunTime:0.000024s ]
INFO: [ app_init ] --END-- [ RunTime:0.000826s ]
ERR: 无法加载模块:Img

[ 2017-03-21T11:55:04+08:00 ] 127.0.0.1 /matouPCS/img/gold-title.png
INFO: [ app_init ] --START--
INFO: Run Behavior\BuildLiteBehavior [ RunTime:0.000026s ]
INFO: [ app_init ] --END-- [ RunTime:0.000936s ]
ERR: 无法加载模块:Img

[ 2017-03-21T11:55:04+08:00 ] 127.0.0.1 /matouPCS/j/matouPCS/Public/Home/s/jquery-1.8.3.min.js
INFO: [ app_init ] --START--
INFO: Run Behavior\BuildLiteBehavior [ RunTime:0.000026s ]
INFO: [ app_init ] --END-- [ RunTime:0.000798s ]
ERR: 无法加载模块:J

[ 2017-03-21T11:55:04+08:00 ] 127.0.0.1 /matouPCS/img/gold1.png
INFO: [ app_init ] --START--
INFO: Run Behavior\BuildLiteBehavior [ RunTime:0.000027s ]
INFO: [ app_init ] --END-- [ RunTime:0.000634s ]
ERR: 无法加载模块:Img

[ 2017-03-21T11:55:04+08:00 ] 127.0.0.1 /matouPCS/img/fanpai.png
INFO: [ app_init ] --START--
INFO: Run Behavior\BuildLiteBehavior [ RunTime:0.000024s ]
INFO: [ app_init ] --END-- [ RunTime:0.000758s ]
ERR: 无法加载模块:Img

[ 2017-03-21T11:55:04+08:00 ] 127.0.0.1 /matouPCS/img/erweima_top.png
INFO: [ app_init ] --START--
INFO: Run Behavior\BuildLiteBehavior [ RunTime:0.000029s ]
INFO: [ app_init ] --END-- [ RunTime:0.000696s ]
ERR: 无法加载模块:Img

[ 2017-03-21T11:55:04+08:00 ] 127.0.0.1 /matouPCS/img/hide.png
INFO: [ app_init ] --START--
INFO: Run Behavior\BuildLiteBehavior [ RunTime:0.000023s ]
INFO: [ app_init ] --END-- [ RunTime:0.000594s ]
ERR: 无法加载模块:Img

[ 2017-03-21T11:55:04+08:00 ] 127.0.0.1 /matouPCS/img/xzjs.png
INFO: [ app_init ] --START--
INFO: Run Behavior\BuildLiteBehavior [ RunTime:0.000014s ]
INFO: [ app_init ] --END-- [ RunTime:0.000430s ]
ERR: 无法加载模块:Img

[ 2017-03-21T11:55:04+08:00 ] 127.0.0.1 /matouPCS/img/M.png
INFO: [ app_init ] --START--
INFO: Run Behavior\BuildLiteBehavior [ RunTime:0.000022s ]
INFO: [ app_init ] --END-- [ RunTime:0.000576s ]
ERR: 无法加载模块:Img

[ 2017-03-21T11:55:04+08:00 ] 127.0.0.1 /matouPCS/img/gold-title.png
INFO: [ app_init ] --START--
INFO: Run Behavior\BuildLiteBehavior [ RunTime:0.000022s ]
INFO: [ app_init ] --END-- [ RunTime:0.000596s ]
ERR: 无法加载模块:Img

[ 2017-03-21T11:55:04+08:00 ] 127.0.0.1 /matouPCS/img/swtitle.png
INFO: [ app_init ] --START--
INFO: Run Behavior\BuildLiteBehavior [ RunTime:0.000024s ]
INFO: [ app_init ] --END-- [ RunTime:0.000635s ]
ERR: 无法加载模块:Img

[ 2017-03-21T11:55:04+08:00 ] 127.0.0.1 /matouPCS/img/gold1.png
INFO: [ app_init ] --START--
INFO: Run Behavior\BuildLiteBehavior [ RunTime:0.000020s ]
INFO: [ app_init ] --END-- [ RunTime:0.000508s ]
ERR: 无法加载模块:Img


[ 2017-03-21T11:55:04+08:00 ] 127.0.0.1 /matouPCS/j/matouPCS/Public/Home/s/jquery-1.8.3.min.js
INFO: [ app_init ] --START--
INFO: Run Behavior\BuildLiteBehavior [ RunTime:0.000033s ]
INFO: [ app_init ] --END-- [ RunTime:0.000560s ]
ERR: 无法加载模块:J

[ 2017-03-21T11:55:04+08:00 ] 127.0.0.1 /matouPCS/img/erweima_top.png
INFO: [ app_init ] --START--
INFO: Run Behavior\BuildLiteBehavior [ RunTime:0.000019s ]
INFO: [ app_init ] --END-- [ RunTime:0.000433s ]
ERR: 无法加载模块:Img

[ 2017-03-21T11:55:04+08:00 ] 127.0.0.1 /matouPCS/img/gold2.png
INFO: [ app_init ] --START--
INFO: Run Behavior\BuildLiteBehavior [ RunTime:0.000015s ]
INFO: [ app_init ] --END-- [ RunTime:0.000429s ]
ERR: 无法加载模块:Img

[ 2017-03-21T11:55:26+08:00 ] 127.0.0.1 /matouPCS/Public/upload/2017-03-10/20170313194532.png
INFO: [ app_init ] --START--
INFO: Run Behavior\BuildLiteBehavior [ RunTime:0.000019s ]
INFO: [ app_init ] --END-- [ RunTime:0.000510s ]
ERR: 无法加载模块:Public

[ 2017-03-21T11:55:27+08:00 ] 127.0.0.1 /matouPCS/Public/upload/2017-03-10/20170313194532.png
INFO: [ app_init ] --START--
INFO: Run Behavior\BuildLiteBehavior [ RunTime:0.000015s ]
INFO: [ app_init ] --END-- [ RunTime:0.000441s ]
ERR: 无法加载模块:Public

[ 2017-03-21T11:55:36+08:00 ] 127.0.0.1 /matouPCS/Public/upload/2017-03-10/20170313194532.png
INFO: [ app_init ] --START--
INFO: Run Behavior\BuildLiteBehavior [ RunTime:0.000021s ]
INFO: [ app_init ] --END-- [ RunTime:0.000671s ]
ERR: 无法加载模块:Public

[ 2017-03-21T11:55:36+08:00 ] 127.0.0.1 /matouPCS/Public/upload/2017-03-10/20170313194532.png
INFO: [ app_init ] --START--
INFO: Run Behavior\BuildLiteBehavior [ RunTime:0.000015s ]
INFO: [ app_init ] --END-- [ RunTime:0.000489s ]
ERR: 无法加载模块:Public

[ 2017-03-21T11:55:44+08:00 ] 127.0.0.1 /matouPCS/img/fanpai.png
INFO: [ app_init ] --START--
INFO: Run Behavior\BuildLiteBehavior [ RunTime:0.000027s ]
INFO: [ app_init ] --END-- [ RunTime:0.000706s ]
ERR: 无法加载模块:Img

[ 2017-03-21T11:55:44+08:00 ] 127.0.0.1 /matouPCS/img/swtitle.png
INFO: [ app_init ] --START--
INFO: Run Behavior\BuildLiteBehavior [ RunTime:0.000024s ]
INFO: [ app_init ] --END-- [ RunTime:0.000623s ]
ERR: 无法加载模块:Img

[ 2017-03-21T11:55:44+08:00 ] 127.0.0.1 /matouPCS/img/hide.png
INFO: [ app_init ] --START--
INFO: Run Behavior\BuildLiteBehavior [ RunTime:0.000023s ]
INFO: [ app_init ] --END-- [ RunTime:0.000754s ]
ERR: 无法加载模块:Img

[ 2017-03-21T11:55:44+08:00 ] 127.0.0.1 /matouPCS/img/erweima_top.png
INFO: [ app_init ] --START--
INFO: Run Behavior\BuildLiteBehavior [ RunTime:0.000023s ]
INFO: [ app_init ] --END-- [ RunTime:0.000592s ]
ERR: 无法加载模块:Img

[ 2017-03-21T11:55:44+08:00 ] 127.0.0.1 /matouPCS/img/gold1.png
INFO: [ app_init ] --START--
INFO: Run Behavior\BuildLiteBehavior [ RunTime:0.000022s ]
INFO: [ app_init ] --END-- [ RunTime:0.000611s ]
ERR: 无法加载模块:Img

[ 2017-03-21T11:55:44+08:00 ] 127.0.0.1 /matouPCS/img/gold-title.png
INFO: [ app_init ] --START--
INFO: Run Behavior\BuildLiteBehavior [ RunTime:0.000022s ]
INFO: [ app_init ] --END-- [ RunTime:0.000629s ]
ERR: 无法加载模块:Img

[ 2017-03-21T11:55:44+08:00 ] 127.0.0.1 /matouPCS/img/M.png
INFO: [ app_init ] --START--
INFO: Run Behavior\BuildLiteBehavior [ RunTime:0.000024s ]
INFO: [ app_init ] --END-- [ RunTime:0.000652s ]
ERR: 无法加载模块:Img

[ 2017-03-21T11:55:44+08:00 ] 127.0.0.1 /matouPCS/img/xzjs.png
INFO: [ app_init ] --START--
INFO: Run Behavior\BuildLiteBehavior [ RunTime:0.000023s ]
INFO: [ app_init ] --END-- [ RunTime:0.000634s ]
ERR: 无法加载模块:Img

[ 2017-03-21T11:55:44+08:00 ] 127.0.0.1 /matouPCS/j/matouPCS/Public/Home/s/jquery-1.8.3.min.js
INFO: [ app_init ] --START--
INFO: Run Behavior\BuildLiteBehavior [ RunTime:0.000015s ]
INFO: [ app_init ] --END-- [ RunTime:0.000518s ]
ERR: 无法加载模块:J

[ 2017-03-21T11:55:44+08:00 ] 127.0.0.1 /matouPCS/img/gold2.png
INFO: [ app_init ] --START--
INFO: Run Behavior\BuildLiteBehavior [ RunTime:0.000029s ]
INFO: [ app_init ] --END-- [ RunTime:0.000486s ]
ERR: 无法加载模块:Img

[ 2017-03-21T11:55:44+08:00 ] 127.0.0.1 /matouPCS/img/swtitle.png
INFO: [ app_init ] --START--
INFO: Run Behavior\BuildLiteBehavior [ RunTime:0.000024s ]
INFO: [ app_init ] --END-- [ RunTime:0.000533s ]
ERR: 无法加载模块:Img

[ 2017-03-21T11:55:44+08:00 ] 127.0.0.1 /matouPCS/img/gold-title.png
INFO: [ app_init ] --START--
INFO: Run Behavior\BuildLiteBehavior [ RunTime:0.000023s ]
INFO: [ app_init ] --END-- [ RunTime:0.000532s ]
ERR: 无法加载模块:Img

[ 2017-03-21T11:55:44+08:00 ] 127.0.0.1 /matouPCS/img/M.png
INFO: [ app_init ] --START--
INFO: Run Behavior\BuildLiteBehavior [ RunTime:0.000027s ]
INFO: [ app_init ] --END-- [ RunTime:0.000662s ]
ERR: 无法加载模块:Img

[ 2017-03-21T11:55:44+08:00 ] 127.0.0.1 /matouPCS/img/hide.png
INFO: [ app_init ] --START--
INFO: Run Behavior\BuildLiteBehavior [ RunTime:0.000024s ]
INFO: [ app_init ] --END-- [ RunTime:0.000948s ]
ERR: 无法加载模块:Img

[ 2017-03-21T11:55:44+08:00 ] 127.0.0.1 /matouPCS/img/gold2.png
INFO: [ app_init ] --START--
INFO: Run Behavior\BuildLiteBehavior [ RunTime:0.000024s ]
INFO: [ app_init ] --END-- [ RunTime:0.000669s ]
ERR: 无法加载模块:Img

[ 2017-03-21T11:55:44+08:00 ] 127.0.0.1 /matouPCS/img/gold1.png
INFO: [ app_init ] --START--
INFO: Run Behavior\BuildLiteBehavior [ RunTime:0.000015s ]
INFO: [ app_init ] --END-- [ RunTime:0.000564s ]
ERR: 无法加载模块:Img

[ 2017-03-21T11:55:44+08:00 ] 127.0.0.1 /matouPCS/img/xzjs.png
INFO: [ app_init ] --START--
INFO: Run Behavior\BuildLiteBehavior [ RunTime:0.000014s ]
INFO: [ app_init ] --END-- [ RunTime:0.000472s ]
ERR: 无法加载模块:Img

[ 2017-03-21T11:55:44+08:00 ] 127.0.0.1 /matouPCS/img/erweima_top.png
INFO: [ app_init ] --START--
INFO: Run Behavior\BuildLiteBehavior [ RunTime:0.000014s ]
INFO: [ app_init ] --END-- [ RunTime:0.000432s ]
ERR: 无法加载模块:Img

[ 2017-03-21T11:55:44+08:00 ] 127.0.0.1 /matouPCS/img/fanpai.png
INFO: [ app_init ] --START--
INFO: Run Behavior\BuildLiteBehavior [ RunTime:0.000014s ]
INFO: [ app_init ] --END-- [ RunTime:0.000415s ]
ERR: 无法加载模块:Img

[ 2017-03-21T11:55:44+08:00 ] 127.0.0.1 /matouPCS/j/matouPCS/Public/Home/s/jquery-1.8.3.min.js
INFO: [ app_init ] --START--
INFO: Run Behavior\BuildLiteBehavior [ RunTime:0.000016s ]
INFO: [ app_init ] --END-- [ RunTime:0.000589s ]
ERR: 无法加载模块:J

[ 2017-03-21T12:05:17+08:00 ] 127.0.0.1 /matouPCS/Public/Home/css/style.css
INFO: [ app_init ] --START--
INFO: Run Behavior\BuildLiteBehavior [ RunTime:0.000015s ]
INFO: [ app_init ] --END-- [ RunTime:0.000416s ]
ERR: 无法加载模块:Public

[ 2017-03-21T12:05:17+08:00 ] 127.0.0.1 /matouPCS/Public/Home/css/rzbddnxq-3r-xy.css
INFO: [ app_init ] --START--
INFO: Run Behavior\BuildLiteBehavior [ RunTime:0.000014s ]
INFO: [ app_init ] --END-- [ RunTime:0.000417s ]
ERR: 无法加载模块:Public

[ 2017-03-21T12:05:17+08:00 ] 127.0.0.1 /matouPCS/Public/upload/2017-03-10/20170313194532.png
INFO: [ app_init ] --START--
INFO: Run Behavior\BuildLiteBehavior [ RunTime:0.000015s ]
INFO: [ app_init ] --END-- [ RunTime:0.000369s ]
ERR: 无法加载模块:Public

[ 2017-03-21T12:05:17+08:00 ] 127.0.0.1 /matouPCS/Public/upload/2017-03-10/20170313194532.png
INFO: [ app_init ] --START--
INFO: Run Behavior\BuildLiteBehavior [ RunTime:0.000016s ]
INFO: [ app_init ] --END-- [ RunTime:0.000484s ]
ERR: 无法加载模块:Public

[ 2017-03-21T12:05:21+08:00 ] 127.0.0.1 /matouPCS/Public/upload/2017-03-10/20170313194532.png
INFO: [ app_init ] --START--
INFO: Run Behavior\BuildLiteBehavior [ RunTime:0.000022s ]
INFO: [ app_init ] --END-- [ RunTime:0.000449s ]
ERR: 无法加载模块:Public

[ 2017-03-21T12:05:21+08:00 ] 127.0.0.1 /matouPCS/Public/Home/css/style.css
INFO: [ app_init ] --START--
INFO: Run Behavior\BuildLiteBehavior [ RunTime:0.000016s ]
INFO: [ app_init ] --END-- [ RunTime:0.000566s ]
ERR: 无法加载模块:Public

[ 2017-03-21T12:05:21+08:00 ] 127.0.0.1 /matouPCS/Public/Home/css/rzbddnxq-3r-xy.css
INFO: [ app_init ] --START--
INFO: Run Behavior\BuildLiteBehavior [ RunTime:0.000021s ]
INFO: [ app_init ] --END-- [ RunTime:0.000452s ]
ERR: 无法加载模块:Public

[ 2017-03-21T12:05:21+08:00 ] 127.0.0.1 /matouPCS/Public/upload/2017-03-10/20170313194532.png
INFO: [ app_init ] --START--
INFO: Run Behavior\BuildLiteBehavior [ RunTime:0.000016s ]
INFO: [ app_init ] --END-- [ RunTime:0.000497s ]
ERR: 无法加载模块:Public

[ 2017-03-21T13:20:46+08:00 ] 127.0.0.1 /matouPCS/Public/upload/2017-03-10/20170313194532.png
INFO: [ app_init ] --START--
INFO: Run Behavior\BuildLiteBehavior [ RunTime:0.000023s ]
INFO: [ app_init ] --END-- [ RunTime:0.000656s ]
ERR: 无法加载模块:Public

[ 2017-03-21T13:20:46+08:00 ] 127.0.0.1 /matouPCS/Public/upload/2017-03-10/20170313194532.png
INFO: [ app_init ] --START--
INFO: Run Behavior\BuildLiteBehavior [ RunTime:0.000015s ]
INFO: [ app_init ] --END-- [ RunTime:0.000387s ]
ERR: 无法加载模块:Public

[ 2017-03-21T13:20:49+08:00 ] 127.0.0.1 /matouPCS/Public/upload/2017-03-10/20170313194532.png
INFO: [ app_init ] --START--
INFO: Run Behavior\BuildLiteBehavior [ RunTime:0.000015s ]
INFO: [ app_init ] --END-- [ RunTime:0.000427s ]
ERR: 无法加载模块:Public

[ 2017-03-21T13:20:49+08:00 ] 127.0.0.1 /matouPCS/Public/upload/2017-03-10/20170313194532.png
INFO: [ app_init ] --START--
INFO: Run Behavior\BuildLiteBehavior [ RunTime:0.000017s ]
INFO: [ app_init ] --END-- [ RunTime:0.000481s ]
ERR: 无法加载模块:Public

[ 2017-03-21T13:20:56+08:00 ] 127.0.0.1 /matouPCS/Public/Home/css/rzbddyly-3r-xy.css
INFO: [ app_init ] --START--
INFO: Run Behavior\BuildLiteBehavior [ RunTime:0.000016s ]
INFO: [ app_init ] --END-- [ RunTime:0.000466s ]
ERR: 无法加载模块:Public

[ 2017-03-21T13:20:56+08:00 ] 127.0.0.1 /matouPCS/Public/Home/css/style.css
INFO: [ app_init ] --START--
INFO: Run Behavior\BuildLiteBehavior [ RunTime:0.000041s ]
INFO: [ app_init ] --END-- [ RunTime:0.001052s ]
ERR: 无法加载模块:Public

[ 2017-03-21T13:20:56+08:00 ] 127.0.0.1 /matouPCS/Public/upload/2017-03-10/20170313194532.png
INFO: [ app_init ] --START--
INFO: Run Behavior\BuildLiteBehavior [ RunTime:0.000014s ]
INFO: [ app_init ] --END-- [ RunTime:0.000396s ]
ERR: 无法加载模块:Public

[ 2017-03-21T13:20:56+08:00 ] 127.0.0.1 /matouPCS/Public/upload/2017-03-10/20170313194532.png
INFO: [ app_init ] --START--
INFO: Run Behavior\BuildLiteBehavior [ RunTime:0.000014s ]
INFO: [ app_init ] --END-- [ RunTime:0.000469s ]
ERR: 无法加载模块:Public

[ 2017-03-21T14:08:00+08:00 ] 127.0.0.1 /matouPCS/Public/Home/css/spgl-3rxx-cc.css
INFO: [ app_init ] --START--
INFO: Run Behavior\BuildLiteBehavior [ RunTime:0.000027s ]
INFO: [ app_init ] --END-- [ RunTime:0.000526s ]
ERR: 无法加载模块:Public

[ 2017-03-21T14:24:32+08:00 ] 127.0.0.1 /matouPCS/Public/upload/2017-03-10/20170313194532.png
INFO: [ app_init ] --START--
INFO: Run Behavior\BuildLiteBehavior [ RunTime:0.000018s ]
INFO: [ app_init ] --END-- [ RunTime:0.000600s ]
ERR: 无法加载模块:Public

[ 2017-03-21T14:24:32+08:00 ] 127.0.0.1 /matouPCS/Public/upload/2017-03-10/20170313194532.png
INFO: [ app_init ] --START--
INFO: Run Behavior\BuildLiteBehavior [ RunTime:0.000026s ]
INFO: [ app_init ] --END-- [ RunTime:0.000550s ]
ERR: 无法加载模块:Public

[ 2017-03-21T14:24:37+08:00 ] 127.0.0.1 /matouPCS/Public/upload/2017-03-10/20170313194532.png
INFO: [ app_init ] --START--
INFO: Run Behavior\BuildLiteBehavior [ RunTime:0.000015s ]
INFO: [ app_init ] --END-- [ RunTime:0.000433s ]
ERR: 无法加载模块:Public

[ 2017-03-21T14:24:38+08:00 ] 127.0.0.1 /matouPCS/Public/upload/2017-03-10/20170313194532.png
INFO: [ app_init ] --START--
INFO: Run Behavior\BuildLiteBehavior [ RunTime:0.000017s ]
INFO: [ app_init ] --END-- [ RunTime:0.000675s ]
ERR: 无法加载模块:Public

[ 2017-03-21T14:24:54+08:00 ] 127.0.0.1 /matouPCS/Public/Home/css/rzbddnxq-3r-xy.css
INFO: [ app_init ] --START--
INFO: Run Behavior\BuildLiteBehavior [ RunTime:0.000015s ]
INFO: [ app_init ] --END-- [ RunTime:0.000503s ]
ERR: 无法加载模块:Public

[ 2017-03-21T14:24:54+08:00 ] 127.0.0.1 /matouPCS/Public/Home/css/style.css
INFO: [ app_init ] --START--
INFO: Run Behavior\BuildLiteBehavior [ RunTime:0.000020s ]
INFO: [ app_init ] --END-- [ RunTime:0.000601s ]
ERR: 无法加载模块:Public

[ 2017-03-21T14:24:54+08:00 ] 127.0.0.1 /matouPCS/Public/upload/2017-03-10/20170313194532.png
INFO: [ app_init ] --START--
INFO: Run Behavior\BuildLiteBehavior [ RunTime:0.000014s ]
INFO: [ app_init ] --END-- [ RunTime:0.000490s ]
ERR: 无法加载模块:Public

[ 2017-03-21T14:24:54+08:00 ] 127.0.0.1 /matouPCS/Public/upload/2017-03-10/20170313194532.png
INFO: [ app_init ] --START--
INFO: Run Behavior\BuildLiteBehavior [ RunTime:0.000017s ]
INFO: [ app_init ] --END-- [ RunTime:0.000474s ]
ERR: 无法加载模块:Public

[ 2017-03-21T15:22:48+08:00 ] 127.0.0.1 /matouPCS/img/swtitle.png
INFO: [ app_init ] --START--
INFO: Run Behavior\BuildLiteBehavior [ RunTime:0.000032s ]
INFO: [ app_init ] --END-- [ RunTime:0.000738s ]
ERR: 无法加载模块:Img

[ 2017-03-21T15:22:48+08:00 ] 127.0.0.1 /matouPCS/img/xzjs.png
INFO: [ app_init ] --START--
INFO: Run Behavior\BuildLiteBehavior [ RunTime:0.000030s ]
INFO: [ app_init ] --END-- [ RunTime:0.000827s ]
ERR: 无法加载模块:Img

[ 2017-03-21T15:22:48+08:00 ] 127.0.0.1 /matouPCS/img/M.png
INFO: [ app_init ] --START--
INFO: Run Behavior\BuildLiteBehavior [ RunTime:0.000019s ]
INFO: [ app_init ] --END-- [ RunTime:0.000649s ]
ERR: 无法加载模块:Img

[ 2017-03-21T15:22:48+08:00 ] 127.0.0.1 /matouPCS/img/gold-title.png
INFO: [ app_init ] --START--
INFO: Run Behavior\BuildLiteBehavior [ RunTime:0.000026s ]
INFO: [ app_init ] --END-- [ RunTime:0.000790s ]
ERR: 无法加载模块:Img

[ 2017-03-21T15:22:48+08:00 ] 127.0.0.1 /matouPCS/img/hide.png
INFO: [ app_init ] --START--
INFO: Run Behavior\BuildLiteBehavior [ RunTime:0.000041s ]
INFO: [ app_init ] --END-- [ RunTime:0.001494s ]
ERR: 无法加载模块:Img

[ 2017-03-21T15:22:48+08:00 ] 127.0.0.1 /matouPCS/img/gold2.png
INFO: [ app_init ] --START--
INFO: Run Behavior\BuildLiteBehavior [ RunTime:0.000020s ]
INFO: [ app_init ] --END-- [ RunTime:0.000861s ]
ERR: 无法加载模块:Img

[ 2017-03-21T15:22:48+08:00 ] 127.0.0.1 /matouPCS/img/gold1.png
INFO: [ app_init ] --START--
INFO: Run Behavior\BuildLiteBehavior [ RunTime:0.000041s ]
INFO: [ app_init ] --END-- [ RunTime:0.000793s ]
ERR: 无法加载模块:Img

[ 2017-03-21T15:22:48+08:00 ] 127.0.0.1 /matouPCS/img/erweima_top.png
INFO: [ app_init ] --START--
INFO: Run Behavior\BuildLiteBehavior [ RunTime:0.000020s ]
INFO: [ app_init ] --END-- [ RunTime:0.000745s ]
ERR: 无法加载模块:Img

[ 2017-03-21T15:22:48+08:00 ] 127.0.0.1 /matouPCS/img/fanpai.png
INFO: [ app_init ] --START--
INFO: Run Behavior\BuildLiteBehavior [ RunTime:0.000024s ]
INFO: [ app_init ] --END-- [ RunTime:0.000708s ]
ERR: 无法加载模块:Img

[ 2017-03-21T15:22:48+08:00 ] 127.0.0.1 /matouPCS/j/matouPCS/Public/Home/s/jquery-1.8.3.min.js
INFO: [ app_init ] --START--
INFO: Run Behavior\BuildLiteBehavior [ RunTime:0.000030s ]
INFO: [ app_init ] --END-- [ RunTime:0.000778s ]
ERR: 无法加载模块:J

[ 2017-03-21T15:22:48+08:00 ] 127.0.0.1 /matouPCS/img/M.png
INFO: [ app_init ] --START--
INFO: Run Behavior\BuildLiteBehavior [ RunTime:0.000023s ]
INFO: [ app_init ] --END-- [ RunTime:0.000455s ]
ERR: 无法加载模块:Img

[ 2017-03-21T15:22:48+08:00 ] 127.0.0.1 /matouPCS/img/swtitle.png
INFO: [ app_init ] --START--
INFO: Run Behavior\BuildLiteBehavior [ RunTime:0.000024s ]
INFO: [ app_init ] --END-- [ RunTime:0.000625s ]
ERR: 无法加载模块:Img

[ 2017-03-21T15:22:48+08:00 ] 127.0.0.1 /matouPCS/img/xzjs.png
INFO: [ app_init ] --START--
INFO: Run Behavior\BuildLiteBehavior [ RunTime:0.000039s ]
INFO: [ app_init ] --END-- [ RunTime:0.000686s ]
ERR: 无法加载模块:Img

[ 2017-03-21T15:22:48+08:00 ] 127.0.0.1 /matouPCS/img/hide.png
INFO: [ app_init ] --START--
INFO: Run Behavior\BuildLiteBehavior [ RunTime:0.000023s ]
INFO: [ app_init ] --END-- [ RunTime:0.000637s ]
ERR: 无法加载模块:Img

[ 2017-03-21T15:22:48+08:00 ] 127.0.0.1 /matouPCS/img/gold-title.png
INFO: [ app_init ] --START--
INFO: Run Behavior\BuildLiteBehavior [ RunTime:0.000021s ]
INFO: [ app_init ] --END-- [ RunTime:0.000642s ]
ERR: 无法加载模块:Img

[ 2017-03-21T15:22:48+08:00 ] 127.0.0.1 /matouPCS/j/matouPCS/Public/Home/s/jquery-1.8.3.min.js
INFO: [ app_init ] --START--
INFO: Run Behavior\BuildLiteBehavior [ RunTime:0.000015s ]
INFO: [ app_init ] --END-- [ RunTime:0.000426s ]
ERR: 无法加载模块:J

[ 2017-03-21T15:22:48+08:00 ] 127.0.0.1 /matouPCS/img/fanpai.png
INFO: [ app_init ] --START--
INFO: Run Behavior\BuildLiteBehavior [ RunTime:0.000017s ]
INFO: [ app_init ] --END-- [ RunTime:0.000425s ]
ERR: 无法加载模块:Img

[ 2017-03-21T15:22:48+08:00 ] 127.0.0.1 /matouPCS/img/gold1.png
INFO: [ app_init ] --START--
INFO: Run Behavior\BuildLiteBehavior [ RunTime:0.000023s ]
INFO: [ app_init ] --END-- [ RunTime:0.000591s ]
ERR: 无法加载模块:Img

[ 2017-03-21T15:22:48+08:00 ] 127.0.0.1 /matouPCS/img/gold2.png
INFO: [ app_init ] --START--
INFO: Run Behavior\BuildLiteBehavior [ RunTime:0.000029s ]
INFO: [ app_init ] --END-- [ RunTime:0.000654s ]
ERR: 无法加载模块:Img

[ 2017-03-21T15:22:48+08:00 ] 127.0.0.1 /matouPCS/img/erweima_top.png
INFO: [ app_init ] --START--
INFO: Run Behavior\BuildLiteBehavior [ RunTime:0.000035s ]
INFO: [ app_init ] --END-- [ RunTime:0.000774s ]
ERR: 无法加载模块:Img

[ 2017-03-21T15:22:51+08:00 ] 127.0.0.1 /matouPCS/Uploads/Uploads/2017-01-05/586e150e66a05.jpg
INFO: [ app_init ] --START--
INFO: Run Behavior\BuildLiteBehavior [ RunTime:0.000015s ]
INFO: [ app_init ] --END-- [ RunTime:0.000542s ]
ERR: 无法加载模块:Uploads

[ 2017-03-21T15:22:51+08:00 ] 127.0.0.1 /matouPCS/Uploads/Uploads/2017-01-05/586e150e66a05.jpg
INFO: [ app_init ] --START--
INFO: Run Behavior\BuildLiteBehavior [ RunTime:0.000018s ]
INFO: [ app_init ] --END-- [ RunTime:0.000883s ]
ERR: 无法加载模块:Uploads

[ 2017-03-21T15:24:49+08:00 ] 127.0.0.1 /matouPCS/Uploads/Uploads/2017-01-05/586e150e66a05.jpg
INFO: [ app_init ] --START--
INFO: Run Behavior\BuildLiteBehavior [ RunTime:0.000015s ]
INFO: [ app_init ] --END-- [ RunTime:0.000429s ]
ERR: 无法加载模块:Uploads

[ 2017-03-21T15:24:50+08:00 ] 127.0.0.1 /matouPCS/Uploads/Uploads/2017-01-05/586e150e66a05.jpg
INFO: [ app_init ] --START--
INFO: Run Behavior\BuildLiteBehavior [ RunTime:0.000014s ]
INFO: [ app_init ] --END-- [ RunTime:0.000580s ]
ERR: 无法加载模块:Uploads

[ 2017-03-21T15:24:59+08:00 ] 127.0.0.1 /matouPCS/Uploads/Uploads/2017-01-05/586e150e66a05.jpg
INFO: [ app_init ] --START--
INFO: Run Behavior\BuildLiteBehavior [ RunTime:0.000013s ]
INFO: [ app_init ] --END-- [ RunTime:0.000394s ]
ERR: 无法加载模块:Uploads

[ 2017-03-21T15:24:59+08:00 ] 127.0.0.1 /matouPCS/Uploads/Uploads/2017-01-05/586e150e66a05.jpg
INFO: [ app_init ] --START--
INFO: Run Behavior\BuildLiteBehavior [ RunTime:0.000014s ]
INFO: [ app_init ] --END-- [ RunTime:0.000461s ]
ERR: 无法加载模块:Uploads

[ 2017-03-21T15:27:44+08:00 ] 127.0.0.1 /matouPCS/img/swtitle.png
INFO: [ app_init ] --START--
INFO: Run Behavior\BuildLiteBehavior [ RunTime:0.000029s ]
INFO: [ app_init ] --END-- [ RunTime:0.000644s ]
ERR: 无法加载模块:Img

[ 2017-03-21T15:27:44+08:00 ] 127.0.0.1 /matouPCS/img/hide.png
INFO: [ app_init ] --START--
INFO: Run Behavior\BuildLiteBehavior [ RunTime:0.000021s ]
INFO: [ app_init ] --END-- [ RunTime:0.000619s ]
ERR: 无法加载模块:Img

[ 2017-03-21T15:27:44+08:00 ] 127.0.0.1 /matouPCS/img/gold2.png
INFO: [ app_init ] --START--
INFO: Run Behavior\BuildLiteBehavior [ RunTime:0.000024s ]
INFO: [ app_init ] --END-- [ RunTime:0.000631s ]
ERR: 无法加载模块:Img

[ 2017-03-21T15:27:44+08:00 ] 127.0.0.1 /matouPCS/img/M.png
INFO: [ app_init ] --START--
INFO: Run Behavior\BuildLiteBehavior [ RunTime:0.000039s ]
INFO: [ app_init ] --END-- [ RunTime:0.000656s ]
ERR: 无法加载模块:Img

[ 2017-03-21T15:27:44+08:00 ] 127.0.0.1 /matouPCS/img/xzjs.png
INFO: [ app_init ] --START--
INFO: Run Behavior\BuildLiteBehavior [ RunTime:0.000024s ]
INFO: [ app_init ] --END-- [ RunTime:0.000613s ]
ERR: 无法加载模块:Img

[ 2017-03-21T15:27:44+08:00 ] 127.0.0.1 /matouPCS/img/gold-title.png
INFO: [ app_init ] --START--
INFO: Run Behavior\BuildLiteBehavior [ RunTime:0.000031s ]
INFO: [ app_init ] --END-- [ RunTime:0.000842s ]
ERR: 无法加载模块:Img

[ 2017-03-21T15:27:44+08:00 ] 127.0.0.1 /matouPCS/j/matouPCS/Public/Home/s/jquery-1.8.3.min.js
INFO: [ app_init ] --START--
INFO: Run Behavior\BuildLiteBehavior [ RunTime:0.000027s ]
INFO: [ app_init ] --END-- [ RunTime:0.000615s ]
ERR: 无法加载模块:J

[ 2017-03-21T15:27:44+08:00 ] 127.0.0.1 /matouPCS/img/gold1.png
INFO: [ app_init ] --START--
INFO: Run Behavior\BuildLiteBehavior [ RunTime:0.000022s ]
INFO: [ app_init ] --END-- [ RunTime:0.000531s ]
ERR: 无法加载模块:Img

[ 2017-03-21T15:27:44+08:00 ] 127.0.0.1 /matouPCS/img/erweima_top.png
INFO: [ app_init ] --START--
INFO: Run Behavior\BuildLiteBehavior [ RunTime:0.000036s ]
INFO: [ app_init ] --END-- [ RunTime:0.000758s ]
ERR: 无法加载模块:Img

[ 2017-03-21T15:27:44+08:00 ] 127.0.0.1 /matouPCS/img/fanpai.png
INFO: [ app_init ] --START--
INFO: Run Behavior\BuildLiteBehavior [ RunTime:0.000022s ]
INFO: [ app_init ] --END-- [ RunTime:0.000595s ]
ERR: 无法加载模块:Img

[ 2017-03-21T15:27:44+08:00 ] 127.0.0.1 /matouPCS/img/hide.png
INFO: [ app_init ] --START--
INFO: Run Behavior\BuildLiteBehavior [ RunTime:0.000024s ]
INFO: [ app_init ] --END-- [ RunTime:0.000627s ]
ERR: 无法加载模块:Img

[ 2017-03-21T15:27:44+08:00 ] 127.0.0.1 /matouPCS/img/swtitle.png
INFO: [ app_init ] --START--
INFO: Run Behavior\BuildLiteBehavior [ RunTime:0.000022s ]
INFO: [ app_init ] --END-- [ RunTime:0.000608s ]
ERR: 无法加载模块:Img

[ 2017-03-21T15:27:44+08:00 ] 127.0.0.1 /matouPCS/img/M.png
INFO: [ app_init ] --START--
INFO: Run Behavior\BuildLiteBehavior [ RunTime:0.000027s ]
INFO: [ app_init ] --END-- [ RunTime:0.000618s ]
ERR: 无法加载模块:Img

[ 2017-03-21T15:27:44+08:00 ] 127.0.0.1 /matouPCS/img/xzjs.png
INFO: [ app_init ] --START--
INFO: Run Behavior\BuildLiteBehavior [ RunTime:0.000022s ]
INFO: [ app_init ] --END-- [ RunTime:0.000607s ]
ERR: 无法加载模块:Img

[ 2017-03-21T15:27:44+08:00 ] 127.0.0.1 /matouPCS/img/gold-title.png
INFO: [ app_init ] --START--
INFO: Run Behavior\BuildLiteBehavior [ RunTime:0.000026s ]
INFO: [ app_init ] --END-- [ RunTime:0.000734s ]
ERR: 无法加载模块:Img

[ 2017-03-21T15:27:44+08:00 ] 127.0.0.1 /matouPCS/img/gold2.png
INFO: [ app_init ] --START--
INFO: Run Behavior\BuildLiteBehavior [ RunTime:0.000016s ]
INFO: [ app_init ] --END-- [ RunTime:0.000476s ]
ERR: 无法加载模块:Img

[ 2017-03-21T15:27:44+08:00 ] 127.0.0.1 /matouPCS/j/matouPCS/Public/Home/s/jquery-1.8.3.min.js
INFO: [ app_init ] --START--
INFO: Run Behavior\BuildLiteBehavior [ RunTime:0.000021s ]
INFO: [ app_init ] --END-- [ RunTime:0.000573s ]
ERR: 无法加载模块:J

[ 2017-03-21T15:27:44+08:00 ] 127.0.0.1 /matouPCS/img/fanpai.png
INFO: [ app_init ] --START--
INFO: Run Behavior\BuildLiteBehavior [ RunTime:0.000021s ]
INFO: [ app_init ] --END-- [ RunTime:0.000585s ]
ERR: 无法加载模块:Img

[ 2017-03-21T15:27:44+08:00 ] 127.0.0.1 /matouPCS/img/gold1.png
INFO: [ app_init ] --START--
INFO: Run Behavior\BuildLiteBehavior [ RunTime:0.000024s ]
INFO: [ app_init ] --END-- [ RunTime:0.000650s ]
ERR: 无法加载模块:Img

[ 2017-03-21T15:27:44+08:00 ] 127.0.0.1 /matouPCS/img/erweima_top.png
INFO: [ app_init ] --START--
INFO: Run Behavior\BuildLiteBehavior [ RunTime:0.000031s ]
INFO: [ app_init ] --END-- [ RunTime:0.000910s ]
ERR: 无法加载模块:Img

[ 2017-03-21T15:28:54+08:00 ] 127.0.0.1 /matouPCS/img/hide.png
INFO: [ app_init ] --START--
INFO: Run Behavior\BuildLiteBehavior [ RunTime:0.000024s ]
INFO: [ app_init ] --END-- [ RunTime:0.000592s ]
ERR: 无法加载模块:Img

[ 2017-03-21T15:28:54+08:00 ] 127.0.0.1 /matouPCS/img/gold-title.png
INFO: [ app_init ] --START--
INFO: Run Behavior\BuildLiteBehavior [ RunTime:0.000030s ]
INFO: [ app_init ] --END-- [ RunTime:0.000725s ]
ERR: 无法加载模块:Img

[ 2017-03-21T15:28:54+08:00 ] 127.0.0.1 /matouPCS/img/fanpai.png
INFO: [ app_init ] --START--
INFO: Run Behavior\BuildLiteBehavior [ RunTime:0.000025s ]
INFO: [ app_init ] --END-- [ RunTime:0.000628s ]
ERR: 无法加载模块:Img

[ 2017-03-21T15:28:54+08:00 ] 127.0.0.1 /matouPCS/img/gold1.png
INFO: [ app_init ] --START--
INFO: Run Behavior\BuildLiteBehavior [ RunTime:0.000021s ]
INFO: [ app_init ] --END-- [ RunTime:0.000597s ]
ERR: 无法加载模块:Img

[ 2017-03-21T15:28:54+08:00 ] 127.0.0.1 /matouPCS/img/xzjs.png
INFO: [ app_init ] --START--
INFO: Run Behavior\BuildLiteBehavior [ RunTime:0.000025s ]
INFO: [ app_init ] --END-- [ RunTime:0.000647s ]
ERR: 无法加载模块:Img

[ 2017-03-21T15:28:54+08:00 ] 127.0.0.1 /matouPCS/img/gold2.png
INFO: [ app_init ] --START--
INFO: Run Behavior\BuildLiteBehavior [ RunTime:0.000039s ]
INFO: [ app_init ] --END-- [ RunTime:0.000513s ]
ERR: 无法加载模块:Img

[ 2017-03-21T15:28:54+08:00 ] 127.0.0.1 /matouPCS/img/erweima_top.png
INFO: [ app_init ] --START--
INFO: Run Behavior\BuildLiteBehavior [ RunTime:0.000025s ]
INFO: [ app_init ] --END-- [ RunTime:0.000540s ]
ERR: 无法加载模块:Img

[ 2017-03-21T15:28:54+08:00 ] 127.0.0.1 /matouPCS/img/swtitle.png
INFO: [ app_init ] --START--
INFO: Run Behavior\BuildLiteBehavior [ RunTime:0.000017s ]
INFO: [ app_init ] --END-- [ RunTime:0.000421s ]
ERR: 无法加载模块:Img

[ 2017-03-21T15:28:54+08:00 ] 127.0.0.1 /matouPCS/img/hide.png
INFO: [ app_init ] --START--
INFO: Run Behavior\BuildLiteBehavior [ RunTime:0.000023s ]
INFO: [ app_init ] --END-- [ RunTime:0.000609s ]
ERR: 无法加载模块:Img

[ 2017-03-21T15:28:54+08:00 ] 127.0.0.1 /matouPCS/img/swtitle.png
INFO: [ app_init ] --START--
INFO: Run Behavior\BuildLiteBehavior [ RunTime:0.000030s ]
INFO: [ app_init ] --END-- [ RunTime:0.000983s ]
ERR: 无法加载模块:Img

[ 2017-03-21T15:28:54+08:00 ] 127.0.0.1 /matouPCS/img/gold-title.png
INFO: [ app_init ] --START--
INFO: Run Behavior\BuildLiteBehavior [ RunTime:0.000024s ]
INFO: [ app_init ] --END-- [ RunTime:0.000598s ]
ERR: 无法加载模块:Img

[ 2017-03-21T15:28:54+08:00 ] 127.0.0.1 /matouPCS/img/xzjs.png
INFO: [ app_init ] --START--
INFO: Run Behavior\BuildLiteBehavior [ RunTime:0.000024s ]
INFO: [ app_init ] --END-- [ RunTime:0.000725s ]
ERR: 无法加载模块:Img


[ 2017-03-21T15:28:54+08:00 ] 127.0.0.1 /matouPCS/img/gold2.png
INFO: [ app_init ] --START--
INFO: Run Behavior\BuildLiteBehavior [ RunTime:0.000017s ]
INFO: [ app_init ] --END-- [ RunTime:0.000478s ]
ERR: 无法加载模块:Img

[ 2017-03-21T15:28:54+08:00 ] 127.0.0.1 /matouPCS/img/fanpai.png
INFO: [ app_init ] --START--
INFO: Run Behavior\BuildLiteBehavior [ RunTime:0.000017s ]
INFO: [ app_init ] --END-- [ RunTime:0.000462s ]
ERR: 无法加载模块:Img

[ 2017-03-21T15:28:54+08:00 ] 127.0.0.1 /matouPCS/img/erweima_top.png
INFO: [ app_init ] --START--
INFO: Run Behavior\BuildLiteBehavior [ RunTime:0.000014s ]
INFO: [ app_init ] --END-- [ RunTime:0.000473s ]
ERR: 无法加载模块:Img

[ 2017-03-21T15:29:01+08:00 ] 127.0.0.1 /matouPCS/Uploads/Uploads/2017-01-05/586e150e66a05.jpg
INFO: [ app_init ] --START--
INFO: Run Behavior\BuildLiteBehavior [ RunTime:0.000015s ]
INFO: [ app_init ] --END-- [ RunTime:0.000378s ]
ERR: 无法加载模块:Uploads

[ 2017-03-21T15:29:02+08:00 ] 127.0.0.1 /matouPCS/Uploads/Uploads/2017-01-05/586e150e66a05.jpg
INFO: [ app_init ] --START--
INFO: Run Behavior\BuildLiteBehavior [ RunTime:0.000040s ]
INFO: [ app_init ] --END-- [ RunTime:0.002158s ]
ERR: 无法加载模块:Uploads

[ 2017-03-21T15:29:18+08:00 ] 127.0.0.1 /matouPCS/s=/Home/Tjcs/spxq/id/6
INFO: [ app_init ] --START--
INFO: Run Behavior\BuildLiteBehavior [ RunTime:0.000014s ]
INFO: [ app_init ] --END-- [ RunTime:0.000381s ]
ERR: 无法加载模块:S=

[ 2017-03-21T15:29:35+08:00 ] 127.0.0.1 /matouPCS/Uploads/Uploads/2017-01-05/586e150e66a05.jpg
INFO: [ app_init ] --START--
INFO: Run Behavior\BuildLiteBehavior [ RunTime:0.000013s ]
INFO: [ app_init ] --END-- [ RunTime:0.000389s ]
ERR: 无法加载模块:Uploads

[ 2017-03-21T15:29:35+08:00 ] 127.0.0.1 /matouPCS/Uploads/Uploads/2017-01-05/586e150e66a05.jpg
INFO: [ app_init ] --START--
INFO: Run Behavior\BuildLiteBehavior [ RunTime:0.000027s ]
INFO: [ app_init ] --END-- [ RunTime:0.000858s ]
ERR: 无法加载模块:Uploads

[ 2017-03-21T15:29:37+08:00 ] 127.0.0.1 /matouPCS/Uploads/Uploads/2017-01-05/586e150e66a05.jpg
INFO: [ app_init ] --START--
INFO: Run Behavior\BuildLiteBehavior [ RunTime:0.000021s ]
INFO: [ app_init ] --END-- [ RunTime:0.000507s ]
ERR: 无法加载模块:Uploads

[ 2017-03-21T15:29:37+08:00 ] 127.0.0.1 /matouPCS/Uploads/Uploads/2017-01-05/586e150e66a05.jpg
INFO: [ app_init ] --START--
INFO: Run Behavior\BuildLiteBehavior [ RunTime:0.000015s ]
INFO: [ app_init ] --END-- [ RunTime:0.000445s ]
ERR: 无法加载模块:Uploads

[ 2017-03-21T15:30:54+08:00 ] 127.0.0.1 /matouPCS/Uploads/Uploads/2017-01-05/586e150e66a05.jpg
INFO: [ app_init ] --START--
INFO: Run Behavior\BuildLiteBehavior [ RunTime:0.000021s ]
INFO: [ app_init ] --END-- [ RunTime:0.000609s ]
ERR: 无法加载模块:Uploads

[ 2017-03-21T15:30:58+08:00 ] 127.0.0.1 /matouPCS/Uploads/Uploads/2017-01-05/586e150e66a05.jpg
INFO: [ app_init ] --START--
INFO: Run Behavior\BuildLiteBehavior [ RunTime:0.000029s ]
INFO: [ app_init ] --END-- [ RunTime:0.001264s ]
ERR: 无法加载模块:Uploads

[ 2017-03-21T15:31:03+08:00 ] 127.0.0.1 /matouPCS/Uploads/Uploads/2017-01-05/586e150e66a05.jpg
INFO: [ app_init ] --START--
INFO: Run Behavior\BuildLiteBehavior [ RunTime:0.000032s ]
INFO: [ app_init ] --END-- [ RunTime:0.000557s ]
ERR: 无法加载模块:Uploads

[ 2017-03-21T15:31:03+08:00 ] 127.0.0.1 /matouPCS/Uploads/Uploads/2017-01-05/586e150e66a05.jpg
INFO: [ app_init ] --START--
INFO: Run Behavior\BuildLiteBehavior [ RunTime:0.000019s ]
INFO: [ app_init ] --END-- [ RunTime:0.000859s ]
ERR: 无法加载模块:Uploads

[ 2017-03-21T15:31:07+08:00 ] 127.0.0.1 /matouPCS/Uploads/Uploads/2017-01-05/586e150e66a05.jpg
INFO: [ app_init ] --START--
INFO: Run Behavior\BuildLiteBehavior [ RunTime:0.000015s ]
INFO: [ app_init ] --END-- [ RunTime:0.000465s ]
ERR: 无法加载模块:Uploads

[ 2017-03-21T15:31:07+08:00 ] 127.0.0.1 /matouPCS/Uploads/Uploads/2017-01-05/586e150e66a05.jpg
INFO: [ app_init ] --START--
INFO: Run Behavior\BuildLiteBehavior [ RunTime:0.000021s ]
INFO: [ app_init ] --END-- [ RunTime:0.000525s ]
ERR: 无法加载模块:Uploads

[ 2017-03-21T15:31:12+08:00 ] 127.0.0.1 /matouPCS/Uploads/Uploads/2017-01-05/586e150e66a05.jpg
INFO: [ app_init ] --START--
INFO: Run Behavior\BuildLiteBehavior [ RunTime:0.000015s ]
INFO: [ app_init ] --END-- [ RunTime:0.000421s ]
ERR: 无法加载模块:Uploads

[ 2017-03-21T15:31:12+08:00 ] 127.0.0.1 /matouPCS/Uploads/Uploads/2017-01-05/586e150e66a05.jpg
INFO: [ app_init ] --START--
INFO: Run Behavior\BuildLiteBehavior [ RunTime:0.000019s ]
INFO: [ app_init ] --END-- [ RunTime:0.000454s ]
ERR: 无法加载模块:Uploads

[ 2017-03-21T15:31:14+08:00 ] 127.0.0.1 /matouPCS/Uploads/Uploads/2017-01-05/586e150e66a05.jpg
INFO: [ app_init ] --START--
INFO: Run Behavior\BuildLiteBehavior [ RunTime:0.000018s ]
INFO: [ app_init ] --END-- [ RunTime:0.000511s ]
ERR: 无法加载模块:Uploads

[ 2017-03-21T15:31:14+08:00 ] 127.0.0.1 /matouPCS/Uploads/Uploads/2017-01-05/586e150e66a05.jpg
INFO: [ app_init ] --START--
INFO: Run Behavior\BuildLiteBehavior [ RunTime:0.000017s ]
INFO: [ app_init ] --END-- [ RunTime:0.000446s ]
ERR: 无法加载模块:Uploads

[ 2017-03-21T15:31:17+08:00 ] 127.0.0.1 /matouPCS/Uploads/Uploads/2017-01-05/586e150e66a05.jpg
INFO: [ app_init ] --START--
INFO: Run Behavior\BuildLiteBehavior [ RunTime:0.000015s ]
INFO: [ app_init ] --END-- [ RunTime:0.000455s ]
ERR: 无法加载模块:Uploads

[ 2017-03-21T15:31:17+08:00 ] 127.0.0.1 /matouPCS/Uploads/Uploads/2017-01-05/586e150e66a05.jpg
INFO: [ app_init ] --START--
INFO: Run Behavior\BuildLiteBehavior [ RunTime:0.000016s ]
INFO: [ app_init ] --END-- [ RunTime:0.000444s ]
ERR: 无法加载模块:Uploads

[ 2017-03-21T15:32:26+08:00 ] 127.0.0.1 /matouPCS/img/xzjs.png
INFO: [ app_init ] --START--
INFO: Run Behavior\BuildLiteBehavior [ RunTime:0.000024s ]
INFO: [ app_init ] --END-- [ RunTime:0.000651s ]
ERR: 无法加载模块:Img

[ 2017-03-21T15:32:26+08:00 ] 127.0.0.1 /matouPCS/img/swtitle.png
INFO: [ app_init ] --START--
INFO: Run Behavior\BuildLiteBehavior [ RunTime:0.000023s ]
INFO: [ app_init ] --END-- [ RunTime:0.000593s ]
ERR: 无法加载模块:Img

[ 2017-03-21T15:32:26+08:00 ] 127.0.0.1 /matouPCS/img/gold2.png
INFO: [ app_init ] --START--
INFO: Run Behavior\BuildLiteBehavior [ RunTime:0.000023s ]
INFO: [ app_init ] --END-- [ RunTime:0.000602s ]
ERR: 无法加载模块:Img

[ 2017-03-21T15:32:26+08:00 ] 127.0.0.1 /matouPCS/img/gold1.png
INFO: [ app_init ] --START--
INFO: Run Behavior\BuildLiteBehavior [ RunTime:0.000026s ]
INFO: [ app_init ] --END-- [ RunTime:0.000643s ]
ERR: 无法加载模块:Img

[ 2017-03-21T15:32:26+08:00 ] 127.0.0.1 /matouPCS/img/erweima_top.png
INFO: [ app_init ] --START--
INFO: Run Behavior\BuildLiteBehavior [ RunTime:0.000023s ]
INFO: [ app_init ] --END-- [ RunTime:0.000590s ]
ERR: 无法加载模块:Img

[ 2017-03-21T15:32:26+08:00 ] 127.0.0.1 /matouPCS/img/fanpai.png
INFO: [ app_init ] --START--
INFO: Run Behavior\BuildLiteBehavior [ RunTime:0.000040s ]
INFO: [ app_init ] --END-- [ RunTime:0.000619s ]
ERR: 无法加载模块:Img

[ 2017-03-21T15:32:26+08:00 ] 127.0.0.1 /matouPCS/img/hide.png
INFO: [ app_init ] --START--
INFO: Run Behavior\BuildLiteBehavior [ RunTime:0.000018s ]
INFO: [ app_init ] --END-- [ RunTime:0.000472s ]
ERR: 无法加载模块:Img

[ 2017-03-21T15:32:26+08:00 ] 127.0.0.1 /matouPCS/img/M.png
INFO: [ app_init ] --START--
INFO: Run Behavior\BuildLiteBehavior [ RunTime:0.000014s ]
INFO: [ app_init ] --END-- [ RunTime:0.000420s ]
ERR: 无法加载模块:Img

[ 2017-03-21T15:32:26+08:00 ] 127.0.0.1 /matouPCS/img/gold-title.png
INFO: [ app_init ] --START--
INFO: Run Behavior\BuildLiteBehavior [ RunTime:0.000017s ]
INFO: [ app_init ] --END-- [ RunTime:0.000431s ]
ERR: 无法加载模块:Img

[ 2017-03-21T15:32:26+08:00 ] 127.0.0.1 /matouPCS/img/swtitle.png
INFO: [ app_init ] --START--
INFO: Run Behavior\BuildLiteBehavior [ RunTime:0.000016s ]
INFO: [ app_init ] --END-- [ RunTime:0.000425s ]
ERR: 无法加载模块:Img

[ 2017-03-21T15:32:26+08:00 ] 127.0.0.1 /matouPCS/img/hide.png
INFO: [ app_init ] --START--
INFO: Run Behavior\BuildLiteBehavior [ RunTime:0.000014s ]
INFO: [ app_init ] --END-- [ RunTime:0.000410s ]
ERR: 无法加载模块:Img

[ 2017-03-21T15:32:26+08:00 ] 127.0.0.1 /matouPCS/img/xzjs.png
INFO: [ app_init ] --START--
INFO: Run Behavior\BuildLiteBehavior [ RunTime:0.000013s ]
INFO: [ app_init ] --END-- [ RunTime:0.000406s ]
ERR: 无法加载模块:Img

[ 2017-03-21T15:32:26+08:00 ] 127.0.0.1 /matouPCS/img/gold-title.png
INFO: [ app_init ] --START--
INFO: Run Behavior\BuildLiteBehavior [ RunTime:0.000026s ]
INFO: [ app_init ] --END-- [ RunTime:0.000581s ]
ERR: 无法加载模块:Img

[ 2017-03-21T15:32:26+08:00 ] 127.0.0.1 /matouPCS/img/gold2.png
INFO: [ app_init ] --START--
INFO: Run Behavior\BuildLiteBehavior [ RunTime:0.000023s ]
INFO: [ app_init ] --END-- [ RunTime:0.000600s ]
ERR: 无法加载模块:Img

[ 2017-03-21T15:32:26+08:00 ] 127.0.0.1 /matouPCS/img/M.png
INFO: [ app_init ] --START--
INFO: Run Behavior\BuildLiteBehavior [ RunTime:0.000019s ]
INFO: [ app_init ] --END-- [ RunTime:0.000593s ]
ERR: 无法加载模块:Img

[ 2017-03-21T15:32:26+08:00 ] 127.0.0.1 /matouPCS/img/gold1.png
INFO: [ app_init ] --START--
INFO: Run Behavior\BuildLiteBehavior [ RunTime:0.000023s ]
INFO: [ app_init ] --END-- [ RunTime:0.000629s ]
ERR: 无法加载模块:Img

[ 2017-03-21T15:32:26+08:00 ] 127.0.0.1 /matouPCS/img/fanpai.png
INFO: [ app_init ] --START--
INFO: Run Behavior\BuildLiteBehavior [ RunTime:0.000017s ]
INFO: [ app_init ] --END-- [ RunTime:0.000438s ]
ERR: 无法加载模块:Img

[ 2017-03-21T15:32:26+08:00 ] 127.0.0.1 /matouPCS/img/erweima_top.png
INFO: [ app_init ] --START--
INFO: Run Behavior\BuildLiteBehavior [ RunTime:0.000063s ]
INFO: [ app_init ] --END-- [ RunTime:0.001323s ]
ERR: 无法加载模块:Img

[ 2017-03-21T15:32:32+08:00 ] 127.0.0.1 /matouPCS/Public/upload/2017-03-10/20170313194532.png
INFO: [ app_init ] --START--
INFO: Run Behavior\BuildLiteBehavior [ RunTime:0.000039s ]
INFO: [ app_init ] --END-- [ RunTime:0.000691s ]
ERR: 无法加载模块:Public

[ 2017-03-21T15:32:32+08:00 ] 127.0.0.1 /matouPCS/Public/Home/css/rzbddyly-3r-xy.css
INFO: [ app_init ] --START--
INFO: Run Behavior\BuildLiteBehavior [ RunTime:0.000017s ]
INFO: [ app_init ] --END-- [ RunTime:0.000586s ]
ERR: 无法加载模块:Public

[ 2017-03-21T15:32:32+08:00 ] 127.0.0.1 /matouPCS/Public/Home/css/style.css
INFO: [ app_init ] --START--
INFO: Run Behavior\BuildLiteBehavior [ RunTime:0.000018s ]
INFO: [ app_init ] --END-- [ RunTime:0.000520s ]
ERR: 无法加载模块:Public

[ 2017-03-21T15:32:32+08:00 ] 127.0.0.1 /matouPCS/Public/upload/2017-03-10/20170313194532.png
INFO: [ app_init ] --START--
INFO: Run Behavior\BuildLiteBehavior [ RunTime:0.000018s ]
INFO: [ app_init ] --END-- [ RunTime:0.000515s ]
ERR: 无法加载模块:Public

[ 2017-03-21T15:32:38+08:00 ] 127.0.0.1 /matouPCS/css/troop.css
INFO: [ app_init ] --START--
INFO: Run Behavior\BuildLiteBehavior [ RunTime:0.000021s ]
INFO: [ app_init ] --END-- [ RunTime:0.000550s ]
ERR: 无法加载模块:Css



[ 2017-03-21T15:32:38+08:00 ] 127.0.0.1 /matouPCS/css/showwin2.css
INFO: [ app_init ] --START--
INFO: Run Behavior\BuildLiteBehavior [ RunTime:0.000034s ]
INFO: [ app_init ] --END-- [ RunTime:0.000896s ]
ERR: 无法加载模块:Css

[ 2017-03-21T15:32:38+08:00 ] 127.0.0.1 /matouPCS/js/scrolltopcontrol.js
INFO: [ app_init ] --START--
INFO: Run Behavior\BuildLiteBehavior [ RunTime:0.000023s ]
INFO: [ app_init ] --END-- [ RunTime:0.000674s ]
ERR: 无法加载模块:Js

[ 2017-03-21T15:32:38+08:00 ] 127.0.0.1 /matouPCS/css/component.css
INFO: [ app_init ] --START--
INFO: Run Behavior\BuildLiteBehavior [ RunTime:0.000028s ]
INFO: [ app_init ] --END-- [ RunTime:0.000690s ]
ERR: 无法加载模块:Css

[ 2017-03-21T15:32:38+08:00 ] 127.0.0.1 /matouPCS/js/jquery-1.8.3.min.js
INFO: [ app_init ] --START--
INFO: Run Behavior\BuildLiteBehavior [ RunTime:0.000035s ]
INFO: [ app_init ] --END-- [ RunTime:0.000848s ]
ERR: 无法加载模块:Js

[ 2017-03-21T15:32:38+08:00 ] 127.0.0.1 /matouPCS/js/jquery.fs.boxer.js
INFO: [ app_init ] --START--
INFO: Run Behavior\BuildLiteBehavior [ RunTime:0.000031s ]
INFO: [ app_init ] --END-- [ RunTime:0.001387s ]
ERR: 无法加载模块:Js

[ 2017-03-21T15:32:38+08:00 ] 127.0.0.1 /matouPCS/js/showwin2.js
INFO: [ app_init ] --START--
INFO: Run Behavior\BuildLiteBehavior [ RunTime:0.000029s ]
INFO: [ app_init ] --END-- [ RunTime:0.000948s ]
ERR: 无法加载模块:Js

[ 2017-03-21T15:32:38+08:00 ] 127.0.0.1 /matouPCS/js/troop.js
INFO: [ app_init ] --START--
INFO: Run Behavior\BuildLiteBehavior [ RunTime:0.000099s ]
INFO: [ app_init ] --END-- [ RunTime:0.001428s ]
ERR: 无法加载模块:Js

[ 2017-03-21T15:32:38+08:00 ] 127.0.0.1 /matouPCS/js/rAF.js
INFO: [ app_init ] --START--
INFO: Run Behavior\BuildLiteBehavior [ RunTime:0.000026s ]
INFO: [ app_init ] --END-- [ RunTime:0.001701s ]
ERR: 无法加载模块:Js

[ 2017-03-21T15:32:38+08:00 ] 127.0.0.1 /matouPCS/js/demo-2.js
INFO: [ app_init ] --START--
INFO: Run Behavior\BuildLiteBehavior [ RunTime:0.000021s ]
INFO: [ app_init ] --END-- [ RunTime:0.000507s ]
ERR: 无法加载模块:Js

[ 2017-03-21T15:32:38+08:00 ] 127.0.0.1 /matouPCS/img/demo-2-bg.jpg
INFO: [ app_init ] --START--
INFO: Run Behavior\BuildLiteBehavior [ RunTime:0.000026s ]
INFO: [ app_init ] --END-- [ RunTime:0.000689s ]
ERR: 无法加载模块:Img

[ 2017-03-21T15:32:38+08:00 ] 127.0.0.1 /matouPCS/img/yhmc.png
INFO: [ app_init ] --START--
INFO: Run Behavior\BuildLiteBehavior [ RunTime:0.000029s ]
INFO: [ app_init ] --END-- [ RunTime:0.000747s ]
ERR: 无法加载模块:Img

[ 2017-03-21T15:32:38+08:00 ] 127.0.0.1 /matouPCS/img/rzlogo.png
INFO: [ app_init ] --START--
INFO: Run Behavior\BuildLiteBehavior [ RunTime:0.000031s ]
INFO: [ app_init ] --END-- [ RunTime:0.000834s ]
ERR: 无法加载模块:Img

[ 2017-03-21T15:32:38+08:00 ] 127.0.0.1 /matouPCS/img/xxjt.png
INFO: [ app_init ] --START--
INFO: Run Behavior\BuildLiteBehavior [ RunTime:0.000026s ]
INFO: [ app_init ] --END-- [ RunTime:0.000693s ]
ERR: 无法加载模块:Img

[ 2017-03-21T15:32:38+08:00 ] 127.0.0.1 /matouPCS/img/bj-gray.png
INFO: [ app_init ] --START--
INFO: Run Behavior\BuildLiteBehavior [ RunTime:0.000024s ]
INFO: [ app_init ] --END-- [ RunTime:0.000604s ]
ERR: 无法加载模块:Img

[ 2017-03-21T15:32:38+08:00 ] 127.0.0.1 /matouPCS/img/banner_big01.png
INFO: [ app_init ] --START--
INFO: Run Behavior\BuildLiteBehavior [ RunTime:0.000025s ]
INFO: [ app_init ] --END-- [ RunTime:0.000620s ]
ERR: 无法加载模块:Img

[ 2017-03-21T15:32:38+08:00 ] 127.0.0.1 /matouPCS/img/banner_small01.png
INFO: [ app_init ] --START--
INFO: Run Behavior\BuildLiteBehavior [ RunTime:0.000026s ]
INFO: [ app_init ] --END-- [ RunTime:0.000787s ]
ERR: 无法加载模块:Img

[ 2017-03-21T15:32:38+08:00 ] 127.0.0.1 /matouPCS/img/banner_small03.png
INFO: [ app_init ] --START--
INFO: Run Behavior\BuildLiteBehavior [ RunTime:0.000038s ]
INFO: [ app_init ] --END-- [ RunTime:0.000639s ]
ERR: 无法加载模块:Img

[ 2017-03-21T15:32:38+08:00 ] 127.0.0.1 /matouPCS/img/banner_small02.png
INFO: [ app_init ] --START--
INFO: Run Behavior\BuildLiteBehavior [ RunTime:0.000025s ]
INFO: [ app_init ] --END-- [ RunTime:0.000600s ]
ERR: 无法加载模块:Img

[ 2017-03-21T15:32:38+08:00 ] 127.0.0.1 /matouPCS/img/banner_small04.png
INFO: [ app_init ] --START--
INFO: Run Behavior\BuildLiteBehavior [ RunTime:0.000023s ]
INFO: [ app_init ] --END-- [ RunTime:0.000618s ]
ERR: 无法加载模块:Img

[ 2017-03-21T15:32:38+08:00 ] 127.0.0.1 /matouPCS/img/delete-2.png
INFO: [ app_init ] --START--
INFO: Run Behavior\BuildLiteBehavior [ RunTime:0.000033s ]
INFO: [ app_init ] --END-- [ RunTime:0.006008s ]
ERR: 无法加载模块:Img

[ 2017-03-21T15:32:38+08:00 ] 127.0.0.1 /matouPCS/img/yhmc-big.png
INFO: [ app_init ] --START--
INFO: Run Behavior\BuildLiteBehavior [ RunTime:0.000032s ]
INFO: [ app_init ] --END-- [ RunTime:0.000624s ]
ERR: 无法加载模块:Img

[ 2017-03-21T15:32:38+08:00 ] 127.0.0.1 /matouPCS/img/tx2-3r.png
INFO: [ app_init ] --START--
INFO: Run Behavior\BuildLiteBehavior [ RunTime:0.000027s ]
INFO: [ app_init ] --END-- [ RunTime:0.002151s ]
ERR: 无法加载模块:Img

[ 2017-03-21T15:32:38+08:00 ] 127.0.0.1 /matouPCS/js/scrolltopcontrol.js
INFO: [ app_init ] --START--
INFO: Run Behavior\BuildLiteBehavior [ RunTime:0.000018s ]
INFO: [ app_init ] --END-- [ RunTime:0.000485s ]
ERR: 无法加载模块:Js

[ 2017-03-21T15:32:38+08:00 ] 127.0.0.1 /matouPCS/js/jquery.fs.boxer.js
INFO: [ app_init ] --START--
INFO: Run Behavior\BuildLiteBehavior [ RunTime:0.000016s ]
INFO: [ app_init ] --END-- [ RunTime:0.000428s ]
ERR: 无法加载模块:Js

[ 2017-03-21T15:32:38+08:00 ] 127.0.0.1 /matouPCS/js/showwin2.js
INFO: [ app_init ] --START--
INFO: Run Behavior\BuildLiteBehavior [ RunTime:0.000014s ]
INFO: [ app_init ] --END-- [ RunTime:0.000391s ]
ERR: 无法加载模块:Js

[ 2017-03-21T15:32:38+08:00 ] 127.0.0.1 /matouPCS/js/troop.js
INFO: [ app_init ] --START--
INFO: Run Behavior\BuildLiteBehavior [ RunTime:0.000017s ]
INFO: [ app_init ] --END-- [ RunTime:0.000422s ]
ERR: 无法加载模块:Js

[ 2017-03-21T15:32:39+08:00 ] 127.0.0.1 /matouPCS/js/rAF.js
INFO: [ app_init ] --START--
INFO: Run Behavior\BuildLiteBehavior [ RunTime:0.000017s ]
INFO: [ app_init ] --END-- [ RunTime:0.000447s ]
ERR: 无法加载模块:Js

[ 2017-03-21T15:32:39+08:00 ] 127.0.0.1 /matouPCS/js/demo-2.js
INFO: [ app_init ] --START--
INFO: Run Behavior\BuildLiteBehavior [ RunTime:0.000015s ]
INFO: [ app_init ] --END-- [ RunTime:0.000418s ]
ERR: 无法加载模块:Js

[ 2017-03-21T15:33:59+08:00 ] 127.0.0.1 /matouPCS/js/demo-2.js
INFO: [ app_init ] --START--
INFO: Run Behavior\BuildLiteBehavior [ RunTime:0.000014s ]
INFO: [ app_init ] --END-- [ RunTime:0.000451s ]
ERR: 无法加载模块:Js

[ 2017-03-21T15:33:59+08:00 ] 127.0.0.1 /matouPCS/js/demo-2.js
INFO: [ app_init ] --START--
INFO: Run Behavior\BuildLiteBehavior [ RunTime:0.000014s ]
INFO: [ app_init ] --END-- [ RunTime:0.000451s ]
ERR: 无法加载模块:Js

[ 2017-03-21T15:48:07+08:00 ] 127.0.0.1 /matouPCS/js/demo-2.js
INFO: [ app_init ] --START--
INFO: Run Behavior\BuildLiteBehavior [ RunTime:0.000015s ]
INFO: [ app_init ] --END-- [ RunTime:0.000382s ]
ERR: 无法加载模块:Js

[ 2017-03-21T15:48:08+08:00 ] 127.0.0.1 /matouPCS/js/demo-2.js
INFO: [ app_init ] --START--
INFO: Run Behavior\BuildLiteBehavior [ RunTime:0.000014s ]
INFO: [ app_init ] --END-- [ RunTime:0.000492s ]
ERR: 无法加载模块:Js

[ 2017-03-21T15:58:33+08:00 ] 127.0.0.1 /matouPCS/Public/upload/2017-03-10/20170313194532.png
INFO: [ app_init ] --START--
INFO: Run Behavior\BuildLiteBehavior [ RunTime:0.000018s ]
INFO: [ app_init ] --END-- [ RunTime:0.000495s ]
ERR: 无法加载模块:Public

[ 2017-03-21T15:58:33+08:00 ] 127.0.0.1 /matouPCS/Public/Home/css/rzbddnly-3r-xy.css
INFO: [ app_init ] --START--
INFO: Run Behavior\BuildLiteBehavior [ RunTime:0.000017s ]
INFO: [ app_init ] --END-- [ RunTime:0.000670s ]
ERR: 无法加载模块:Public

[ 2017-03-21T15:58:33+08:00 ] 127.0.0.1 /matouPCS/Public/Home/css/style.css
INFO: [ app_init ] --START--
INFO: Run Behavior\BuildLiteBehavior [ RunTime:0.000058s ]
INFO: [ app_init ] --END-- [ RunTime:0.001528s ]
ERR: 无法加载模块:Public

[ 2017-03-21T15:58:34+08:00 ] 127.0.0.1 /matouPCS/Public/upload/2017-03-10/20170313194532.png
INFO: [ app_init ] --START--
INFO: Run Behavior\BuildLiteBehavior [ RunTime:0.000018s ]
INFO: [ app_init ] --END-- [ RunTime:0.000493s ]
ERR: 无法加载模块:Public

[ 2017-03-21T16:14:52+08:00 ] 127.0.0.1 /matouPCS/Public/Home/css/rzbddnly-3r-xy.css
INFO: [ app_init ] --START--
INFO: Run Behavior\BuildLiteBehavior [ RunTime:0.000024s ]
INFO: [ app_init ] --END-- [ RunTime:0.000499s ]
ERR: 无法加载模块:Public

[ 2017-03-21T16:14:53+08:00 ] 127.0.0.1 /matouPCS/Public/Home/css/style.css
INFO: [ app_init ] --START--
INFO: Run Behavior\BuildLiteBehavior [ RunTime:0.000015s ]
INFO: [ app_init ] --END-- [ RunTime:0.000488s ]
ERR: 无法加载模块:Public

[ 2017-03-21T16:14:53+08:00 ] 127.0.0.1 /matouPCS/Public/upload/2017-03-10/20170313194532.png
INFO: [ app_init ] --START--
INFO: Run Behavior\BuildLiteBehavior [ RunTime:0.000018s ]
INFO: [ app_init ] --END-- [ RunTime:0.000469s ]
ERR: 无法加载模块:Public

[ 2017-03-21T16:14:53+08:00 ] 127.0.0.1 /matouPCS/Public/upload/2017-03-10/20170313194532.png
INFO: [ app_init ] --START--
INFO: Run Behavior\BuildLiteBehavior [ RunTime:0.000014s ]
INFO: [ app_init ] --END-- [ RunTime:0.000534s ]
ERR: 无法加载模块:Public

[ 2017-03-21T16:15:04+08:00 ] 127.0.0.1 /matouPCS/Public/upload/2017-03-10/20170313194532.png
INFO: [ app_init ] --START--
INFO: Run Behavior\BuildLiteBehavior [ RunTime:0.000025s ]
INFO: [ app_init ] --END-- [ RunTime:0.000505s ]
ERR: 无法加载模块:Public

[ 2017-03-21T16:15:04+08:00 ] 127.0.0.1 /matouPCS/Public/upload/2017-03-10/20170313194532.png
INFO: [ app_init ] --START--
INFO: Run Behavior\BuildLiteBehavior [ RunTime:0.000016s ]
INFO: [ app_init ] --END-- [ RunTime:0.000481s ]
ERR: 无法加载模块:Public

[ 2017-03-21T16:43:28+08:00 ] 127.0.0.1 /MatouPCS/Tu/upload/null
INFO: [ app_init ] --START--
INFO: Run Behavior\BuildLiteBehavior [ RunTime:0.000015s ]
INFO: [ app_init ] --END-- [ RunTime:0.000503s ]
ERR: 无法加载模块:Tu

[ 2017-03-21T17:56:43+08:00 ] 127.0.0.1 /matouPCS/Public/Home/css/grbddyly-3r-xy.css
INFO: [ app_init ] --START--
INFO: Run Behavior\BuildLiteBehavior [ RunTime:0.000031s ]
INFO: [ app_init ] --END-- [ RunTime:0.000699s ]
ERR: 无法加载模块:Public

[ 2017-03-21T17:56:43+08:00 ] 127.0.0.1 /matouPCS/Public/upload/2017-03-10/20170313194532.png
INFO: [ app_init ] --START--
INFO: Run Behavior\BuildLiteBehavior [ RunTime:0.000017s ]
INFO: [ app_init ] --END-- [ RunTime:0.000476s ]
ERR: 无法加载模块:Public

[ 2017-03-21T17:56:44+08:00 ] 127.0.0.1 /matouPCS/Public/upload/2017-03-10/20170313194532.png
INFO: [ app_init ] --START--
INFO: Run Behavior\BuildLiteBehavior [ RunTime:0.000027s ]
INFO: [ app_init ] --END-- [ RunTime:0.000464s ]
ERR: 无法加载模块:Public

[ 2017-03-21T18:33:07+08:00 ] 127.0.0.1 /matouPCS/img/gold-title.png
INFO: [ app_init ] --START--
INFO: Run Behavior\BuildLiteBehavior [ RunTime:0.000025s ]
INFO: [ app_init ] --END-- [ RunTime:0.000783s ]
ERR: 无法加载模块:Img

[ 2017-03-21T18:33:07+08:00 ] 127.0.0.1 /matouPCS/img/xzjs.png
INFO: [ app_init ] --START--
INFO: Run Behavior\BuildLiteBehavior [ RunTime:0.000026s ]
INFO: [ app_init ] --END-- [ RunTime:0.000792s ]
ERR: 无法加载模块:Img

[ 2017-03-21T18:33:07+08:00 ] 127.0.0.1 /matouPCS/img/swtitle.png
INFO: [ app_init ] --START--
INFO: Run Behavior\BuildLiteBehavior [ RunTime:0.000045s ]
INFO: [ app_init ] --END-- [ RunTime:0.001449s ]
ERR: 无法加载模块:Img

[ 2017-03-21T18:33:07+08:00 ] 127.0.0.1 /matouPCS/img/hide.png
INFO: [ app_init ] --START--
INFO: Run Behavior\BuildLiteBehavior [ RunTime:0.000030s ]
INFO: [ app_init ] --END-- [ RunTime:0.000833s ]
ERR: 无法加载模块:Img

[ 2017-03-21T18:33:07+08:00 ] 127.0.0.1 /matouPCS/img/M.png
INFO: [ app_init ] --START--
INFO: Run Behavior\BuildLiteBehavior [ RunTime:0.000026s ]
INFO: [ app_init ] --END-- [ RunTime:0.000693s ]
ERR: 无法加载模块:Img

[ 2017-03-21T18:33:07+08:00 ] 127.0.0.1 /matouPCS/img/gold2.png
INFO: [ app_init ] --START--
INFO: Run Behavior\BuildLiteBehavior [ RunTime:0.000028s ]
INFO: [ app_init ] --END-- [ RunTime:0.000694s ]
ERR: 无法加载模块:Img

[ 2017-03-21T18:33:07+08:00 ] 127.0.0.1 /matouPCS/img/gold1.png
INFO: [ app_init ] --START--
INFO: Run Behavior\BuildLiteBehavior [ RunTime:0.000038s ]
INFO: [ app_init ] --END-- [ RunTime:0.001086s ]
ERR: 无法加载模块:Img

[ 2017-03-21T18:33:07+08:00 ] 127.0.0.1 /matouPCS/img/fanpai.png
INFO: [ app_init ] --START--
INFO: Run Behavior\BuildLiteBehavior [ RunTime:0.000021s ]
INFO: [ app_init ] --END-- [ RunTime:0.000569s ]
ERR: 无法加载模块:Img

[ 2017-03-21T18:33:07+08:00 ] 127.0.0.1 /matouPCS/img/erweima_top.png
INFO: [ app_init ] --START--
INFO: Run Behavior\BuildLiteBehavior [ RunTime:0.000026s ]
INFO: [ app_init ] --END-- [ RunTime:0.000546s ]
ERR: 无法加载模块:Img

[ 2017-03-21T18:33:07+08:00 ] 127.0.0.1 /matouPCS/j/matouPCS/Public/Home/s/jquery-1.8.3.min.js
INFO: [ app_init ] --START--
INFO: Run Behavior\BuildLiteBehavior [ RunTime:0.000018s ]
INFO: [ app_init ] --END-- [ RunTime:0.000465s ]
ERR: 无法加载模块:J

[ 2017-03-21T18:33:11+08:00 ] 127.0.0.1 /matouPCS/img/M.png
INFO: [ app_init ] --START--
INFO: Run Behavior\BuildLiteBehavior [ RunTime:0.000024s ]
INFO: [ app_init ] --END-- [ RunTime:0.000585s ]
ERR: 无法加载模块:Img

[ 2017-03-21T18:33:11+08:00 ] 127.0.0.1 /matouPCS/img/xzjs.png
INFO: [ app_init ] --START--
INFO: Run Behavior\BuildLiteBehavior [ RunTime:0.000023s ]
INFO: [ app_init ] --END-- [ RunTime:0.000564s ]
ERR: 无法加载模块:Img

[ 2017-03-21T18:33:11+08:00 ] 127.0.0.1 /matouPCS/img/hide.png
INFO: [ app_init ] --START--
INFO: Run Behavior\BuildLiteBehavior [ RunTime:0.000014s ]
INFO: [ app_init ] --END-- [ RunTime:0.000429s ]
ERR: 无法加载模块:Img

[ 2017-03-21T18:33:11+08:00 ] 127.0.0.1 /matouPCS/img/swtitle.png
INFO: [ app_init ] --START--
INFO: Run Behavior\BuildLiteBehavior [ RunTime:0.000014s ]
INFO: [ app_init ] --END-- [ RunTime:0.000450s ]
ERR: 无法加载模块:Img

[ 2017-03-21T18:33:11+08:00 ] 127.0.0.1 /matouPCS/img/gold-title.png
INFO: [ app_init ] --START--
INFO: Run Behavior\BuildLiteBehavior [ RunTime:0.000022s ]
INFO: [ app_init ] --END-- [ RunTime:0.000551s ]
ERR: 无法加载模块:Img

[ 2017-03-21T18:33:11+08:00 ] 127.0.0.1 /matouPCS/img/gold1.png
INFO: [ app_init ] --START--
INFO: Run Behavior\BuildLiteBehavior [ RunTime:0.000025s ]
INFO: [ app_init ] --END-- [ RunTime:0.000620s ]
ERR: 无法加载模块:Img

[ 2017-03-21T18:33:11+08:00 ] 127.0.0.1 /matouPCS/img/erweima_top.png
INFO: [ app_init ] --START--
INFO: Run Behavior\BuildLiteBehavior [ RunTime:0.000037s ]
INFO: [ app_init ] --END-- [ RunTime:0.000612s ]
ERR: 无法加载模块:Img

[ 2017-03-21T18:33:11+08:00 ] 127.0.0.1 /matouPCS/img/fanpai.png
INFO: [ app_init ] --START--
INFO: Run Behavior\BuildLiteBehavior [ RunTime:0.000042s ]
INFO: [ app_init ] --END-- [ RunTime:0.001755s ]
ERR: 无法加载模块:Img

[ 2017-03-21T18:33:11+08:00 ] 127.0.0.1 /matouPCS/j/matouPCS/Public/Home/s/jquery-1.8.3.min.js
INFO: [ app_init ] --START--
INFO: Run Behavior\BuildLiteBehavior [ RunTime:0.000028s ]
INFO: [ app_init ] --END-- [ RunTime:0.000573s ]
ERR: 无法加载模块:J

[ 2017-03-21T18:36:19+08:00 ] 127.0.0.1 /matouPCS/Public/Home/css/grbddyxq-3r-xy.css
INFO: [ app_init ] --START--
INFO: Run Behavior\BuildLiteBehavior [ RunTime:0.000132s ]
INFO: [ app_init ] --END-- [ RunTime:0.001222s ]
ERR: 无法加载模块:Public

[ 2017-03-21T18:36:19+08:00 ] 127.0.0.1 /matouPCS/Public/upload/2017-03-10/20170313194532.png
INFO: [ app_init ] --START--
INFO: Run Behavior\BuildLiteBehavior [ RunTime:0.000017s ]
INFO: [ app_init ] --END-- [ RunTime:0.000546s ]
ERR: 无法加载模块:Public

[ 2017-03-21T18:36:19+08:00 ] 127.0.0.1 /matouPCS/Public/upload/2017-03-10/20170313194532.png
INFO: [ app_init ] --START--
INFO: Run Behavior\BuildLiteBehavior [ RunTime:0.000016s ]
INFO: [ app_init ] --END-- [ RunTime:0.000419s ]
ERR: 无法加载模块:Public

[ 2017-03-21T18:38:44+08:00 ] 127.0.0.1 /matouPCS/img/swtitle.png
INFO: [ app_init ] --START--
INFO: Run Behavior\BuildLiteBehavior [ RunTime:0.000091s ]
INFO: [ app_init ] --END-- [ RunTime:0.001103s ]
ERR: 无法加载模块:Img

[ 2017-03-21T18:38:44+08:00 ] 127.0.0.1 /matouPCS/img/xzjs.png
INFO: [ app_init ] --START--
INFO: Run Behavior\BuildLiteBehavior [ RunTime:0.000031s ]
INFO: [ app_init ] --END-- [ RunTime:0.000718s ]
ERR: 无法加载模块:Img

[ 2017-03-21T18:38:44+08:00 ] 127.0.0.1 /matouPCS/img/gold2.png
INFO: [ app_init ] --START--
INFO: Run Behavior\BuildLiteBehavior [ RunTime:0.000027s ]
INFO: [ app_init ] --END-- [ RunTime:0.000704s ]
ERR: 无法加载模块:Img

[ 2017-03-21T18:38:44+08:00 ] 127.0.0.1 /matouPCS/img/hide.png
INFO: [ app_init ] --START--
INFO: Run Behavior\BuildLiteBehavior [ RunTime:0.000028s ]
INFO: [ app_init ] --END-- [ RunTime:0.000750s ]
ERR: 无法加载模块:Img

[ 2017-03-21T18:38:44+08:00 ] 127.0.0.1 /matouPCS/img/M.png
INFO: [ app_init ] --START--
INFO: Run Behavior\BuildLiteBehavior [ RunTime:0.000025s ]
INFO: [ app_init ] --END-- [ RunTime:0.000722s ]
ERR: 无法加载模块:Img

[ 2017-03-21T18:38:44+08:00 ] 127.0.0.1 /matouPCS/img/gold-title.png
INFO: [ app_init ] --START--
INFO: Run Behavior\BuildLiteBehavior [ RunTime:0.000027s ]
INFO: [ app_init ] --END-- [ RunTime:0.000764s ]
ERR: 无法加载模块:Img

[ 2017-03-21T18:38:44+08:00 ] 127.0.0.1 /matouPCS/img/erweima_top.png
INFO: [ app_init ] --START--
INFO: Run Behavior\BuildLiteBehavior [ RunTime:0.000036s ]
INFO: [ app_init ] --END-- [ RunTime:0.000588s ]
ERR: 无法加载模块:Img

[ 2017-03-21T18:38:44+08:00 ] 127.0.0.1 /matouPCS/img/fanpai.png
INFO: [ app_init ] --START--
INFO: Run Behavior\BuildLiteBehavior [ RunTime:0.000033s ]
INFO: [ app_init ] --END-- [ RunTime:0.000669s ]
ERR: 无法加载模块:Img

[ 2017-03-21T18:38:44+08:00 ] 127.0.0.1 /matouPCS/j/matouPCS/Public/Home/s/jquery-1.8.3.min.js
INFO: [ app_init ] --START--
INFO: Run Behavior\BuildLiteBehavior [ RunTime:0.000020s ]
INFO: [ app_init ] --END-- [ RunTime:0.000611s ]
ERR: 无法加载模块:J

[ 2017-03-21T18:38:44+08:00 ] 127.0.0.1 /matouPCS/img/swtitle.png
INFO: [ app_init ] --START--
INFO: Run Behavior\BuildLiteBehavior [ RunTime:0.000027s ]
INFO: [ app_init ] --END-- [ RunTime:0.000596s ]
ERR: 无法加载模块:Img

[ 2017-03-21T18:38:44+08:00 ] 127.0.0.1 /matouPCS/img/M.png
INFO: [ app_init ] --START--
INFO: Run Behavior\BuildLiteBehavior [ RunTime:0.000016s ]
INFO: [ app_init ] --END-- [ RunTime:0.000476s ]
ERR: 无法加载模块:Img

[ 2017-03-21T18:38:44+08:00 ] 127.0.0.1 /matouPCS/img/xzjs.png
INFO: [ app_init ] --START--
INFO: Run Behavior\BuildLiteBehavior [ RunTime:0.000021s ]
INFO: [ app_init ] --END-- [ RunTime:0.000582s ]
ERR: 无法加载模块:Img

[ 2017-03-21T18:38:44+08:00 ] 127.0.0.1 /matouPCS/img/hide.png
INFO: [ app_init ] --START--
INFO: Run Behavior\BuildLiteBehavior [ RunTime:0.000033s ]
INFO: [ app_init ] --END-- [ RunTime:0.000725s ]
ERR: 无法加载模块:Img

[ 2017-03-21T18:38:44+08:00 ] 127.0.0.1 /matouPCS/img/gold-title.png
INFO: [ app_init ] --START--
INFO: Run Behavior\BuildLiteBehavior [ RunTime:0.000033s ]
INFO: [ app_init ] --END-- [ RunTime:0.000720s ]
ERR: 无法加载模块:Img

[ 2017-03-21T18:38:44+08:00 ] 127.0.0.1 /matouPCS/j/matouPCS/Public/Home/s/jquery-1.8.3.min.js
INFO: [ app_init ] --START--
INFO: Run Behavior\BuildLiteBehavior [ RunTime:0.000019s ]
INFO: [ app_init ] --END-- [ RunTime:0.000561s ]
ERR: 无法加载模块:J

[ 2017-03-21T18:38:44+08:00 ] 127.0.0.1 /matouPCS/img/gold2.png
INFO: [ app_init ] --START--
INFO: Run Behavior\BuildLiteBehavior [ RunTime:0.000023s ]
INFO: [ app_init ] --END-- [ RunTime:0.000541s ]
ERR: 无法加载模块:Img

[ 2017-03-21T18:38:44+08:00 ] 127.0.0.1 /matouPCS/img/erweima_top.png
INFO: [ app_init ] --START--
INFO: Run Behavior\BuildLiteBehavior [ RunTime:0.000015s ]
INFO: [ app_init ] --END-- [ RunTime:0.000434s ]
ERR: 无法加载模块:Img

[ 2017-03-21T18:38:44+08:00 ] 127.0.0.1 /matouPCS/img/gold1.png
INFO: [ app_init ] --START--
INFO: Run Behavior\BuildLiteBehavior [ RunTime:0.000016s ]
INFO: [ app_init ] --END-- [ RunTime:0.000546s ]
ERR: 无法加载模块:Img

[ 2017-03-21T18:38:44+08:00 ] 127.0.0.1 /matouPCS/img/fanpai.png
INFO: [ app_init ] --START--
INFO: Run Behavior\BuildLiteBehavior [ RunTime:0.000021s ]
INFO: [ app_init ] --END-- [ RunTime:0.000519s ]
ERR: 无法加载模块:Img

[ 2017-03-21T18:38:48+08:00 ] 127.0.0.1 /matouPCS/Public/Home/css/mtbu-zy.css
INFO: [ app_init ] --START--
INFO: Run Behavior\BuildLiteBehavior [ RunTime:0.000024s ]
INFO: [ app_init ] --END-- [ RunTime:0.000668s ]
ERR: 无法加载模块:Public

[ 2017-03-21T18:38:48+08:00 ] 127.0.0.1 /matouPCS/Public/Home/css/datePicker.css
INFO: [ app_init ] --START--
INFO: Run Behavior\BuildLiteBehavior [ RunTime:0.000017s ]
INFO: [ app_init ] --END-- [ RunTime:0.000517s ]
ERR: 无法加载模块:Public

[ 2017-03-21T18:38:48+08:00 ] 127.0.0.1 /matouPCS/Public/Home/css/hzw-city-picker.css
INFO: [ app_init ] --START--
INFO: Run Behavior\BuildLiteBehavior [ RunTime:0.000014s ]
INFO: [ app_init ] --END-- [ RunTime:0.000425s ]
ERR: 无法加载模块:Public

[ 2017-03-21T18:38:51+08:00 ] 127.0.0.1 /matouPCS/img/swtitle.png
INFO: [ app_init ] --START--
INFO: Run Behavior\BuildLiteBehavior [ RunTime:0.000026s ]
INFO: [ app_init ] --END-- [ RunTime:0.000655s ]
ERR: 无法加载模块:Img

[ 2017-03-21T18:38:51+08:00 ] 127.0.0.1 /matouPCS/img/xzjs.png
INFO: [ app_init ] --START--
INFO: Run Behavior\BuildLiteBehavior [ RunTime:0.000023s ]
INFO: [ app_init ] --END-- [ RunTime:0.000569s ]
ERR: 无法加载模块:Img

[ 2017-03-21T18:38:51+08:00 ] 127.0.0.1 /matouPCS/img/M.png
INFO: [ app_init ] --START--
INFO: Run Behavior\BuildLiteBehavior [ RunTime:0.000033s ]
INFO: [ app_init ] --END-- [ RunTime:0.000653s ]
ERR: 无法加载模块:Img

[ 2017-03-21T18:38:51+08:00 ] 127.0.0.1 /matouPCS/img/gold-title.png
INFO: [ app_init ] --START--
INFO: Run Behavior\BuildLiteBehavior [ RunTime:0.000029s ]
INFO: [ app_init ] --END-- [ RunTime:0.000688s ]
ERR: 无法加载模块:Img

[ 2017-03-21T18:38:51+08:00 ] 127.0.0.1 /matouPCS/img/hide.png
INFO: [ app_init ] --START--
INFO: Run Behavior\BuildLiteBehavior [ RunTime:0.000023s ]
INFO: [ app_init ] --END-- [ RunTime:0.000621s ]
ERR: 无法加载模块:Img

[ 2017-03-21T18:38:51+08:00 ] 127.0.0.1 /matouPCS/img/gold1.png
INFO: [ app_init ] --START--
INFO: Run Behavior\BuildLiteBehavior [ RunTime:0.000013s ]
INFO: [ app_init ] --END-- [ RunTime:0.000382s ]
ERR: 无法加载模块:Img

[ 2017-03-21T18:38:51+08:00 ] 127.0.0.1 /matouPCS/img/gold2.png
INFO: [ app_init ] --START--
INFO: Run Behavior\BuildLiteBehavior [ RunTime:0.000014s ]
INFO: [ app_init ] --END-- [ RunTime:0.000418s ]
ERR: 无法加载模块:Img

[ 2017-03-21T18:38:51+08:00 ] 127.0.0.1 /matouPCS/img/fanpai.png
INFO: [ app_init ] --START--
INFO: Run Behavior\BuildLiteBehavior [ RunTime:0.000025s ]
INFO: [ app_init ] --END-- [ RunTime:0.000647s ]
ERR: 无法加载模块:Img

[ 2017-03-21T18:38:51+08:00 ] 127.0.0.1 /matouPCS/img/erweima_top.png
INFO: [ app_init ] --START--
INFO: Run Behavior\BuildLiteBehavior [ RunTime:0.000030s ]
INFO: [ app_init ] --END-- [ RunTime:0.000569s ]
ERR: 无法加载模块:Img

[ 2017-03-21T18:38:51+08:00 ] 127.0.0.1 /matouPCS/img/hide.png
INFO: [ app_init ] --START--
INFO: Run Behavior\BuildLiteBehavior [ RunTime:0.000025s ]
INFO: [ app_init ] --END-- [ RunTime:0.000576s ]
ERR: 无法加载模块:Img

[ 2017-03-21T18:38:51+08:00 ] 127.0.0.1 /matouPCS/img/swtitle.png
INFO: [ app_init ] --START--
INFO: Run Behavior\BuildLiteBehavior [ RunTime:0.000024s ]
INFO: [ app_init ] --END-- [ RunTime:0.000585s ]
ERR: 无法加载模块:Img

[ 2017-03-21T18:38:51+08:00 ] 127.0.0.1 /matouPCS/img/M.png
INFO: [ app_init ] --START--
INFO: Run Behavior\BuildLiteBehavior [ RunTime:0.000030s ]
INFO: [ app_init ] --END-- [ RunTime:0.000716s ]
ERR: 无法加载模块:Img

:Img

[ 2017-03-21T18:38:51+08:00 ] 127.0.0.1 /matouPCS/img/gold2.png
INFO: [ app_init ] --START--
INFO: Run Behavior\BuildLiteBehavior [ RunTime:0.000018s ]
INFO: [ app_init ] --END-- [ RunTime:0.000394s ]
ERR: 无法加载模块:Img

[ 2017-03-21T18:38:51+08:00 ] 127.0.0.1 /matouPCS/img/gold1.png
INFO: [ app_init ] --START--
INFO: Run Behavior\BuildLiteBehavior [ RunTime:0.000015s ]
INFO: [ app_init ] --END-- [ RunTime:0.000427s ]
ERR: 无法加载模块:Img

[ 2017-03-21T18:38:51+08:00 ] 127.0.0.1 /matouPCS/img/fanpai.png
INFO: [ app_init ] --START--
INFO: Run Behavior\BuildLiteBehavior [ RunTime:0.000014s ]
INFO: [ app_init ] --END-- [ RunTime:0.000460s ]
ERR: 无法加载模块:Img

[ 2017-03-21T18:38:51+08:00 ] 127.0.0.1 /matouPCS/img/erweima_top.png
INFO: [ app_init ] --START--
INFO: Run Behavior\BuildLiteBehavior [ RunTime:0.000025s ]
INFO: [ app_init ] --END-- [ RunTime:0.000678s ]
ERR: 无法加载模块:Img

[ 2017-03-21T18:38:54+08:00 ] 127.0.0.1 /matouPCS/Uploads/Uploads/2017-01-05/586e150e66a05.jpg
INFO: [ app_init ] --START--
INFO: Run Behavior\BuildLiteBehavior [ RunTime:0.000025s ]
INFO: [ app_init ] --END-- [ RunTime:0.000479s ]
ERR: 无法加载模块:Uploads

[ 2017-03-21T18:38:54+08:00 ] 127.0.0.1 /matouPCS/Uploads/Uploads/2017-01-05/586e150e66a05.jpg
INFO: [ app_init ] --START--
INFO: Run Behavior\BuildLiteBehavior [ RunTime:0.000022s ]
INFO: [ app_init ] --END-- [ RunTime:0.000628s ]
ERR: 无法加载模块:Uploads

[ 2017-03-21T18:39:13+08:00 ] 127.0.0.1 /matouPCS/Uploads/Uploads/2017-01-05/586e150e66a05.jpg
INFO: [ app_init ] --START--
INFO: Run Behavior\BuildLiteBehavior [ RunTime:0.000017s ]
INFO: [ app_init ] --END-- [ RunTime:0.000452s ]
ERR: 无法加载模块:Uploads

[ 2017-03-21T18:39:13+08:00 ] 127.0.0.1 /matouPCS/Uploads/Uploads/2017-01-05/586e150e66a05.jpg
INFO: [ app_init ] --START--
INFO: Run Behavior\BuildLiteBehavior [ RunTime:0.000014s ]
INFO: [ app_init ] --END-- [ RunTime:0.000389s ]
ERR: 无法加载模块:Uploads

[ 2017-03-21T18:39:22+08:00 ] 127.0.0.1 /matouPCS/img/swtitle.png
INFO: [ app_init ] --START--
INFO: Run Behavior\BuildLiteBehavior [ RunTime:0.000027s ]
INFO: [ app_init ] --END-- [ RunTime:0.000605s ]
ERR: 无法加载模块:Img

[ 2017-03-21T18:39:22+08:00 ] 127.0.0.1 /matouPCS/img/hide.png
INFO: [ app_init ] --START--
INFO: Run Behavior\BuildLiteBehavior [ RunTime:0.000024s ]
INFO: [ app_init ] --END-- [ RunTime:0.000601s ]
ERR: 无法加载模块:Img

[ 2017-03-21T18:39:22+08:00 ] 127.0.0.1 /matouPCS/img/gold2.png
INFO: [ app_init ] --START--
INFO: Run Behavior\BuildLiteBehavior [ RunTime:0.000037s ]
INFO: [ app_init ] --END-- [ RunTime:0.000662s ]
ERR: 无法加载模块:Img

[ 2017-03-21T18:39:22+08:00 ] 127.0.0.1 /matouPCS/img/xzjs.png
INFO: [ app_init ] --START--
INFO: Run Behavior\BuildLiteBehavior [ RunTime:0.000029s ]
INFO: [ app_init ] --END-- [ RunTime:0.000733s ]
ERR: 无法加载模块:Img

[ 2017-03-21T18:39:22+08:00 ] 127.0.0.1 /matouPCS/img/M.png
INFO: [ app_init ] --START--
INFO: Run Behavior\BuildLiteBehavior [ RunTime:0.000025s ]
INFO: [ app_init ] --END-- [ RunTime:0.000690s ]
ERR: 无法加载模块:Img

[ 2017-03-21T18:39:22+08:00 ] 127.0.0.1 /matouPCS/img/gold-title.png
INFO: [ app_init ] --START--
INFO: Run Behavior\BuildLiteBehavior [ RunTime:0.000031s ]
INFO: [ app_init ] --END-- [ RunTime:0.000764s ]
ERR: 无法加载模块:Img

[ 2017-03-21T18:39:22+08:00 ] 127.0.0.1 /matouPCS/img/gold1.png
INFO: [ app_init ] --START--
INFO: Run Behavior\BuildLiteBehavior [ RunTime:0.000015s ]
INFO: [ app_init ] --END-- [ RunTime:0.000403s ]
ERR: 无法加载模块:Img

[ 2017-03-21T18:39:22+08:00 ] 127.0.0.1 /matouPCS/img/fanpai.png
INFO: [ app_init ] --START--
INFO: Run Behavior\BuildLiteBehavior [ RunTime:0.000056s ]
INFO: [ app_init ] --END-- [ RunTime:0.001676s ]
ERR: 无法加载模块:Img

g

[ 2017-03-21T18:39:23+08:00 ] 127.0.0.1 /matouPCS/img/swtitle.png
INFO: [ app_init ] --START--
INFO: Run Behavior\BuildLiteBehavior [ RunTime:0.000025s ]
INFO: [ app_init ] --END-- [ RunTime:0.000630s ]
ERR: 无法加载模块:Img

[ 2017-03-21T18:39:23+08:00 ] 127.0.0.1 /matouPCS/img/hide.png
INFO: [ app_init ] --START--
INFO: Run Behavior\BuildLiteBehavior [ RunTime:0.000034s ]
INFO: [ app_init ] --END-- [ RunTime:0.000930s ]
ERR: 无法加载模块:Img

[ 2017-03-21T18:39:23+08:00 ] 127.0.0.1 /matouPCS/img/xzjs.png
INFO: [ app_init ] --START--
INFO: Run Behavior\BuildLiteBehavior [ RunTime:0.000023s ]
INFO: [ app_init ] --END-- [ RunTime:0.000627s ]
ERR: 无法加载模块:Img

[ 2017-03-21T18:39:23+08:00 ] 127.0.0.1 /matouPCS/img/M.png
INFO: [ app_init ] --START--
INFO: Run Behavior\BuildLiteBehavior [ RunTime:0.000039s ]
INFO: [ app_init ] --END-- [ RunTime:0.000937s ]
ERR: 无法加载模块:Img

:Img

[ 2017-03-21T18:39:23+08:00 ] 127.0.0.1 /matouPCS/img/gold2.png
INFO: [ app_init ] --START--
INFO: Run Behavior\BuildLiteBehavior [ RunTime:0.000016s ]
INFO: [ app_init ] --END-- [ RunTime:0.000500s ]
ERR: 无法加载模块:Img

[ 2017-03-21T18:39:23+08:00 ] 127.0.0.1 /matouPCS/img/fanpai.png
INFO: [ app_init ] --START--
INFO: Run Behavior\BuildLiteBehavior [ RunTime:0.000016s ]
INFO: [ app_init ] --END-- [ RunTime:0.000441s ]
ERR: 无法加载模块:Img

[ 2017-03-21T18:39:23+08:00 ] 127.0.0.1 /matouPCS/img/gold1.png
INFO: [ app_init ] --START--
INFO: Run Behavior\BuildLiteBehavior [ RunTime:0.000024s ]
INFO: [ app_init ] --END-- [ RunTime:0.000649s ]
ERR: 无法加载模块:Img

[ 2017-03-21T18:39:23+08:00 ] 127.0.0.1 /matouPCS/img/erweima_top.png
INFO: [ app_init ] --START--
INFO: Run Behavior\BuildLiteBehavior [ RunTime:0.000025s ]
INFO: [ app_init ] --END-- [ RunTime:0.000597s ]
ERR: 无法加载模块:Img

[ 2017-03-21T18:53:06+08:00 ] 127.0.0.1 /matouPCS/Uploads/223
INFO: [ app_init ] --START--
INFO: Run Behavior\BuildLiteBehavior [ RunTime:0.000023s ]
INFO: [ app_init ] --END-- [ RunTime:0.000634s ]
ERR: 无法加载模块:Uploads

[ 2017-03-21T18:53:09+08:00 ] 127.0.0.1 /matouPCS/Uploads/223
INFO: [ app_init ] --START--
INFO: Run Behavior\BuildLiteBehavior [ RunTime:0.000014s ]
INFO: [ app_init ] --END-- [ RunTime:0.000386s ]
ERR: 无法加载模块:Uploads

[ 2017-03-21T18:53:15+08:00 ] 127.0.0.1 /matouPCS/Uploads/223
INFO: [ app_init ] --START--
INFO: Run Behavior\BuildLiteBehavior [ RunTime:0.000014s ]
INFO: [ app_init ] --END-- [ RunTime:0.000454s ]
ERR: 无法加载模块:Uploads

