[ 2017-03-14T18:46:06+08:00 ] 127.0.0.1 /matouPCS/index.php/Admin/index
INFO: [ app_init ] --START--
INFO: Run Behavior\BuildLiteBehavior [ RunTime:0.000110s ]
INFO: [ app_init ] --END-- [ RunTime:0.002676s ]
INFO: [ app_begin ] --START--
INFO: Run Behavior\ReadHtmlCacheBehavior [ RunTime:0.000875s ]
INFO: [ app_begin ] --END-- [ RunTime:0.001010s ]
INFO: [ view_parse ] --START--
INFO: Run Behavior\ParseTemplateBehavior [ RunTime:0.001014s ]
INFO: [ view_parse ] --END-- [ RunTime:0.001066s ]
INFO: [ view_filter ] --START--
INFO: Run Behavior\WriteHtmlCacheBehavior [ RunTime:0.000415s ]
INFO: [ view_filter ] --END-- [ RunTime:0.000459s ]
INFO: [ view_parse ] --START--
INFO: [ template_filter ] --START--
INFO: Run Behavior\ContentReplaceBehavior [ RunTime:0.000069s ]
INFO: [ template_filter ] --END-- [ RunTime:0.000133s ]
INFO: Run Behavior\ParseTemplateBehavior [ RunTime:0.013484s ]
INFO: [ view_parse ] --END-- [ RunTime:-0.000943s ]
INFO: [ view_filter ] --START--
INFO: Run Behavior\WriteHtmlCacheBehavior [ RunTime:0.000011s ]
INFO: [ view_filter ] --END-- [ RunTime:-0.014022s ]
INFO: [ app_end ] --START--
INFO: Run Behavior\ShowPageTraceBehavior [ RunTime:0.000647s ]
INFO: [ app_end ] --END-- [ RunTime:0.000692s ]

[ 2017-03-14T18:46:06+08:00 ] 127.0.0.1 /matouPCS/index.php/Admin/Login/index
INFO: [ app_init ] --START--
INFO: Run Behavior\BuildLiteBehavior [ RunTime:0.000013s ]
INFO: [ app_init ] --END-- [ RunTime:0.000423s ]
INFO: [ app_begin ] --START--
INFO: Run Behavior\ReadHtmlCacheBehavior [ RunTime:0.000702s ]
INFO: [ app_begin ] --END-- [ RunTime:0.000779s ]
INFO: [ view_parse ] --START--
INFO: [ template_filter ] --START--
INFO: Run Behavior\ContentReplaceBehavior [ RunTime:0.000057s ]
INFO: [ template_filter ] --END-- [ RunTime:0.000123s ]
INFO: Run Behavior\ParseTemplateBehavior [ RunTime:0.007829s ]
INFO: [ view_parse ] --END-- [ RunTime:0.007896s ]
INFO: [ view_filter ] --START--
INFO: Run Behavior\WriteHtmlCacheBehavior [ RunTime:0.000351s ]
INFO: [ view_filter ] --END-- [ RunTime:0.000393s ]
INFO: [ app_end ] --START--
INFO: Run Behavior\ShowPageTraceBehavior [ RunTime:0.000557s ]
INFO: [ app_end ] --END-- [ RunTime:0.000603s ]

[ 2017-03-14T18:46:06+08:00 ] 127.0.0.1 /matouPCS/index.php/Admin/Login/verify
INFO: [ app_init ] --START--
INFO: Run Behavior\BuildLiteBehavior [ RunTime:0.000015s ]
INFO: [ app_init ] --END-- [ RunTime:0.000589s ]
INFO: [ app_begin ] --START--
INFO: Run Behavior\ReadHtmlCacheBehavior [ RunTime:0.000610s ]
INFO: [ app_begin ] --END-- [ RunTime:0.000670s ]
INFO: [ app_end ] --START--
INFO: Run Behavior\ShowPageTraceBehavior [ RunTime:0.001078s ]
INFO: [ app_end ] --END-- [ RunTime:0.001236s ]

[ 2017-03-14T18:46:14+08:00 ] 127.0.0.1 /matouPCS/index.php/Admin/Login/verify/0.8724184228081755
INFO: [ app_init ] --START--
INFO: Run Behavior\BuildLiteBehavior [ RunTime:0.000012s ]
INFO: [ app_init ] --END-- [ RunTime:0.000489s ]
INFO: [ app_begin ] --START--
INFO: Run Behavior\ReadHtmlCacheBehavior [ RunTime:0.000640s ]
INFO: [ app_begin ] --END-- [ RunTime:0.000707s ]
INFO: [ app_end ] --START--
INFO: Run Behavior\ShowPageTraceBehavior [ RunTime:0.000710s ]
INFO: [ app_end ] --END-- [ RunTime:0.000769s ]

[ 2017-03-14T18:46:15+08:00 ] 127.0.0.1 /matouPCS/index.php/Admin/Login/verify/0.2578861488065469
INFO: [ app_init ] --START--
INFO: Run Behavior\BuildLiteBehavior [ RunTime:0.000014s ]
INFO: [ app_init ] --END-- [ RunTime:0.000443s ]
INFO: [ app_begin ] --START--
INFO: Run Behavior\ReadHtmlCacheBehavior [ RunTime:0.000596s ]
INFO: [ app_begin ] --END-- [ RunTime:0.000648s ]
INFO: [ app_end ] --START--
INFO: Run Behavior\ShowPageTraceBehavior [ RunTime:0.000637s ]
INFO: [ app_end ] --END-- [ RunTime:0.000692s ]

[ 2017-03-14T18:46:25+08:00 ] 127.0.0.1 /matouPCS/index.php/Admin/Login/check
INFO: [ app_init ] --START--
INFO: Run Behavior\BuildLiteBehavior [ RunTime:0.000015s ]
INFO: [ app_init ] --END-- [ RunTime:0.000793s ]
INFO: [ app_begin ] --START--
INFO: Run Behavior\ReadHtmlCacheBehavior [ RunTime:0.000666s ]
INFO: [ app_begin ] --END-- [ RunTime:0.000765s ]
ERR: SQLSTATE[42S02]: Base table or view not found: 1146 Table 'matoupc.admin' doesn't exist

[ 2017-03-14T18:47:55+08:00 ] 127.0.0.1 /matouPCS/index.php/Admin/Login/check
INFO: [ app_init ] --START--
INFO: Run Behavior\BuildLiteBehavior [ RunTime:0.000014s ]
INFO: [ app_init ] --END-- [ RunTime:0.000450s ]
INFO: [ app_begin ] --START--
INFO: Run Behavior\ReadHtmlCacheBehavior [ RunTime:0.000976s ]
INFO: [ app_begin ] --END-- [ RunTime:0.001210s ]
INFO: [ view_parse ] --START--
INFO: [ template_filter ] --START--
INFO: Run Behavior\ContentReplaceBehavior [ RunTime:0.000038s ]
INFO: [ template_filter ] --END-- [ RunTime:0.000114s ]
NOTIC: [8] Undefined variable: nopage D:\www\matouPCS\Application\Runtime\Cache\Admin\cb20c948626d9ef45308a793c70a672b.php 第 6 行.
NOTIC: [8] Undefined variable: jumpWords D:\www\matouPCS\Application\Runtime\Cache\Admin\cb20c948626d9ef45308a793c70a672b.php 第 34 行.
INFO: Run Behavior\ParseTemplateBehavior [ RunTime:0.008749s ]
INFO: [ view_parse ] --END-- [ RunTime:0.008839s ]
INFO: [ view_filter ] --START--
INFO: Run Behavior\WriteHtmlCacheBehavior [ RunTime:0.001041s ]
INFO: [ view_filter ] --END-- [ RunTime:0.001150s ]

[ 2017-03-14T18:48:35+08:00 ] 127.0.0.1 /matouPCS/index.php/Admin/Login/verify/0.7274317032188838
INFO: [ app_init ] --START--
INFO: Run Behavior\BuildLiteBehavior [ RunTime:0.000012s ]
INFO: [ app_init ] --END-- [ RunTime:0.000456s ]
INFO: [ app_begin ] --START--
INFO: Run Behavior\ReadHtmlCacheBehavior [ RunTime:0.000622s ]
INFO: [ app_begin ] --END-- [ RunTime:0.000675s ]
INFO: [ app_end ] --START--
INFO: Run Behavior\ShowPageTraceBehavior [ RunTime:0.001113s ]
INFO: [ app_end ] --END-- [ RunTime:0.001206s ]

[ 2017-03-14T18:48:35+08:00 ] 127.0.0.1 /matouPCS/index.php/Admin/Login/verify/0.2753008926559153
INFO: [ app_init ] --START--
INFO: Run Behavior\BuildLiteBehavior [ RunTime:0.000014s ]
INFO: [ app_init ] --END-- [ RunTime:0.000446s ]
INFO: [ app_begin ] --START--
INFO: Run Behavior\ReadHtmlCacheBehavior [ RunTime:0.000612s ]
INFO: [ app_begin ] --END-- [ RunTime:0.000663s ]
INFO: [ app_end ] --START--
INFO: Run Behavior\ShowPageTraceBehavior [ RunTime:0.000686s ]
INFO: [ app_end ] --END-- [ RunTime:0.000746s ]

[ 2017-03-14T18:48:36+08:00 ] 127.0.0.1 /matouPCS/index.php/Admin/Login/verify/0.18987202172032103
INFO: [ app_init ] --START--
INFO: Run Behavior\BuildLiteBehavior [ RunTime:0.000014s ]
INFO: [ app_init ] --END-- [ RunTime:0.000451s ]
INFO: [ app_begin ] --START--
INFO: Run Behavior\ReadHtmlCacheBehavior [ RunTime:0.000632s ]
INFO: [ app_begin ] --END-- [ RunTime:0.000685s ]
INFO: [ app_end ] --START--
INFO: Run Behavior\ShowPageTraceBehavior [ RunTime:0.000679s ]
INFO: [ app_end ] --END-- [ RunTime:0.000734s ]

[ 2017-03-14T18:48:37+08:00 ] 127.0.0.1 /matouPCS/index.php/Admin/Login/verify/0.18110057430547144
INFO: [ app_init ] --START--
INFO: Run Behavior\BuildLiteBehavior [ RunTime:0.000012s ]
INFO: [ app_init ] --END-- [ RunTime:0.000433s ]
INFO: [ app_begin ] --START--
INFO: Run Behavior\ReadHtmlCacheBehavior [ RunTime:0.000612s ]
INFO: [ app_begin ] --END-- [ RunTime:0.000664s ]
INFO: [ app_end ] --START--
INFO: Run Behavior\ShowPageTraceBehavior [ RunTime:0.000664s ]
INFO: [ app_end ] --END-- [ RunTime:0.000730s ]

[ 2017-03-14T18:48:46+08:00 ] 127.0.0.1 /matouPCS/index.php/Admin/Login/check
INFO: [ app_init ] --START--
INFO: Run Behavior\BuildLiteBehavior [ RunTime:0.000018s ]
INFO: [ app_init ] --END-- [ RunTime:0.000705s ]
INFO: [ app_begin ] --START--
INFO: Run Behavior\ReadHtmlCacheBehavior [ RunTime:0.001003s ]
INFO: [ app_begin ] --END-- [ RunTime:0.001108s ]
SQL: SHOW COLUMNS FROM `user` [ RunTime:0.0037s ]
SQL: SELECT * FROM `user` WHERE ( username='17630038798' and password='666666' ) LIMIT 1   [ RunTime:0.0003s ]

[ 2017-03-14T18:48:46+08:00 ] 127.0.0.1 /matouPCS/index.php/Admin/Index/index.html
INFO: [ app_init ] --START--
INFO: Run Behavior\BuildLiteBehavior [ RunTime:0.000014s ]
INFO: [ app_init ] --END-- [ RunTime:0.000475s ]
INFO: [ app_begin ] --START--
INFO: Run Behavior\ReadHtmlCacheBehavior [ RunTime:0.000709s ]
INFO: [ app_begin ] --END-- [ RunTime:0.000770s ]
INFO: [ view_parse ] --START--
INFO: [ template_filter ] --START--
INFO: Run Behavior\ContentReplaceBehavior [ RunTime:0.000057s ]
INFO: [ template_filter ] --END-- [ RunTime:0.000119s ]
INFO: Run Behavior\ParseTemplateBehavior [ RunTime:0.008263s ]
INFO: [ view_parse ] --END-- [ RunTime:0.008314s ]
INFO: [ view_filter ] --START--
INFO: Run Behavior\WriteHtmlCacheBehavior [ RunTime:0.000522s ]
INFO: [ view_filter ] --END-- [ RunTime:0.000568s ]
INFO: [ app_end ] --START--
INFO: Run Behavior\ShowPageTraceBehavior [ RunTime:0.000694s ]
INFO: [ app_end ] --END-- [ RunTime:0.000741s ]

[ 2017-03-14T18:48:49+08:00 ] 127.0.0.1 /matouPCS/index.php/Admin/Reward
INFO: [ app_init ] --START--
INFO: Run Behavior\BuildLiteBehavior [ RunTime:0.000014s ]
INFO: [ app_init ] --END-- [ RunTime:0.000448s ]
INFO: [ app_begin ] --START--
INFO: Run Behavior\ReadHtmlCacheBehavior [ RunTime:0.000664s ]
INFO: [ app_begin ] --END-- [ RunTime:0.000715s ]
NOTIC: [8] Undefined index: keywords D:\www\matouPCS\Application\Admin\Controller\RewardController.class.php 第 7 行.
SQL: SHOW COLUMNS FROM `reward1` [ RunTime:0.0045s ]
SQL: SELECT COUNT(*) AS tp_count FROM `reward1` INNER JOIN user on reward1.uid=user.id  WHERE `username` LIKE '%%' LIMIT 1   [ RunTime:0.0008s ]
NOTIC: [2] Missing argument 1 for Think\Page::show(), called in D:\www\matouPCS\Application\Admin\Controller\RewardController.class.php on line 27 and defined D:\www\matouPCS\ThinkPHP\Library\Think\Page.class.php 第 76 行.
NOTIC: [8] Undefined variable: url_replace D:\www\matouPCS\ThinkPHP\Library\Think\Page.class.php 第 82 行.
SQL: SELECT reward1.*,user.username FROM `reward1` INNER JOIN user on reward1.uid=user.id  WHERE `username` LIKE '%%' ORDER BY psid desc LIMIT 0,5   [ RunTime:0.0005s ]
INFO: [ view_parse ] --START--
INFO: [ template_filter ] --START--
INFO: Run Behavior\ContentReplaceBehavior [ RunTime:0.000077s ]
INFO: [ template_filter ] --END-- [ RunTime:0.000152s ]
NOTIC: [8] Undefined index: data D:\www\matouPCS\Application\Runtime\Cache\Admin\e63d15dfcc9144a88cc5bc290b64e21d.php 第 138 行.
INFO: Run Behavior\ParseTemplateBehavior [ RunTime:0.009500s ]
INFO: [ view_parse ] --END-- [ RunTime:0.009558s ]
INFO: [ view_filter ] --START--
INFO: Run Behavior\WriteHtmlCacheBehavior [ RunTime:0.000521s ]
INFO: [ view_filter ] --END-- [ RunTime:0.000566s ]
INFO: [ app_end ] --START--
INFO: Run Behavior\ShowPageTraceBehavior [ RunTime:0.000834s ]
INFO: [ app_end ] --END-- [ RunTime:0.000891s ]

[ 2017-03-14T18:48:53+08:00 ] 127.0.0.1 /matouPCS/index.php/Admin/Employ
INFO: [ app_init ] --START--
INFO: Run Behavior\BuildLiteBehavior [ RunTime:0.000014s ]
INFO: [ app_init ] --END-- [ RunTime:0.000475s ]
INFO: [ app_begin ] --START--
INFO: Run Behavior\ReadHtmlCacheBehavior [ RunTime:0.001070s ]
INFO: [ app_begin ] --END-- [ RunTime:0.001138s ]
NOTIC: [8] Undefined index: keywords D:\www\matouPCS\Application\Admin\Controller\EmployController.class.php 第 7 行.
SQL: SHOW COLUMNS FROM `employ` [ RunTime:0.0045s ]
SQL: SELECT COUNT(*) AS tp_count FROM `employ` INNER JOIN user on employ.uid=user.id  LIMIT 1   [ RunTime:0.0004s ]
NOTIC: [2] Missing argument 1 for Think\Page::show(), called in D:\www\matouPCS\Application\Admin\Controller\EmployController.class.php on line 25 and defined D:\www\matouPCS\ThinkPHP\Library\Think\Page.class.php 第 76 行.
NOTIC: [8] Undefined variable: url_replace D:\www\matouPCS\ThinkPHP\Library\Think\Page.class.php 第 82 行.
SQL: SELECT employ.*,user.username FROM `employ` INNER JOIN user on employ.uid=user.id  WHERE `username` LIKE '%%' ORDER BY id desc LIMIT 0,5   [ RunTime:0.0004s ]
INFO: [ view_parse ] --START--
INFO: [ template_filter ] --START--
INFO: Run Behavior\ContentReplaceBehavior [ RunTime:0.000064s ]
INFO: [ template_filter ] --END-- [ RunTime:0.000113s ]
NOTIC: [8] Undefined index: id D:\www\matouPCS\Application\Runtime\Cache\Admin\cef7f18308b375081d3c176133160111.php 第 123 行.
NOTIC: [8] Undefined index: id D:\www\matouPCS\Application\Runtime\Cache\Admin\cef7f18308b375081d3c176133160111.php 第 138 行.
NOTIC: [8] Undefined index: id D:\www\matouPCS\Application\Runtime\Cache\Admin\cef7f18308b375081d3c176133160111.php 第 139 行.
NOTIC: [8] Undefined index: id D:\www\matouPCS\Application\Runtime\Cache\Admin\cef7f18308b375081d3c176133160111.php 第 140 行.
NOTIC: [8] Undefined index: id D:\www\matouPCS\Application\Runtime\Cache\Admin\cef7f18308b375081d3c176133160111.php 第 145 行.
NOTIC: [8] Undefined index: id D:\www\matouPCS\Application\Runtime\Cache\Admin\cef7f18308b375081d3c176133160111.php 第 148 行.
INFO: Run Behavior\ParseTemplateBehavior [ RunTime:0.009471s ]
INFO: [ view_parse ] --END-- [ RunTime:0.009542s ]
INFO: [ view_filter ] --START--
INFO: Run Behavior\WriteHtmlCacheBehavior [ RunTime:0.000756s ]
INFO: [ view_filter ] --END-- [ RunTime:0.000823s ]
INFO: [ app_end ] --START--
INFO: Run Behavior\ShowPageTraceBehavior [ RunTime:0.000931s ]
INFO: [ app_end ] --END-- [ RunTime:0.000991s ]

[ 2017-03-14T18:48:55+08:00 ] 127.0.0.1 /matouPCS/index.php/Admin/Reward
INFO: [ app_init ] --START--
INFO: Run Behavior\BuildLiteBehavior [ RunTime:0.000014s ]
INFO: [ app_init ] --END-- [ RunTime:0.000449s ]
INFO: [ app_begin ] --START--
INFO: Run Behavior\ReadHtmlCacheBehavior [ RunTime:0.000656s ]
INFO: [ app_begin ] --END-- [ RunTime:0.000709s ]
NOTIC: [8] Undefined index: keywords D:\www\matouPCS\Application\Admin\Controller\RewardController.class.php 第 7 行.
SQL: SHOW COLUMNS FROM `reward1` [ RunTime:0.0052s ]
SQL: SELECT COUNT(*) AS tp_count FROM `reward1` INNER JOIN user on reward1.uid=user.id  WHERE `username` LIKE '%%' LIMIT 1   [ RunTime:0.0003s ]
NOTIC: [2] Missing argument 1 for Think\Page::show(), called in D:\www\matouPCS\Application\Admin\Controller\RewardController.class.php on line 27 and defined D:\www\matouPCS\ThinkPHP\Library\Think\Page.class.php 第 76 行.
NOTIC: [8] Undefined variable: url_replace D:\www\matouPCS\ThinkPHP\Library\Think\Page.class.php 第 82 行.
SQL: SELECT reward1.*,user.username FROM `reward1` INNER JOIN user on reward1.uid=user.id  WHERE `username` LIKE '%%' ORDER BY psid desc LIMIT 0,5   [ RunTime:0.0003s ]
INFO: [ view_parse ] --START--
INFO: [ template_filter ] --START--
INFO: Run Behavior\ContentReplaceBehavior [ RunTime:0.000114s ]
INFO: [ template_filter ] --END-- [ RunTime:0.000235s ]
NOTIC: [8] Undefined index: data D:\www\matouPCS\Application\Runtime\Cache\Admin\e63d15dfcc9144a88cc5bc290b64e21d.php 第 138 行.
INFO: Run Behavior\ParseTemplateBehavior [ RunTime:0.008958s ]
INFO: [ view_parse ] --END-- [ RunTime:0.009011s ]
INFO: [ view_filter ] --START--
INFO: Run Behavior\WriteHtmlCacheBehavior [ RunTime:0.000536s ]
INFO: [ view_filter ] --END-- [ RunTime:0.000582s ]
INFO: [ app_end ] --START--
INFO: Run Behavior\ShowPageTraceBehavior [ RunTime:0.000727s ]
INFO: [ app_end ] --END-- [ RunTime:0.000782s ]

[ 2017-03-14T18:49:05+08:00 ] 127.0.0.1 /matouPCS/index.php/Admin/Reward
INFO: [ app_init ] --START--
INFO: Run Behavior\BuildLiteBehavior [ RunTime:0.000013s ]
INFO: [ app_init ] --END-- [ RunTime:0.000462s ]
INFO: [ app_begin ] --START--
INFO: Run Behavior\ReadHtmlCacheBehavior [ RunTime:0.000689s ]
INFO: [ app_begin ] --END-- [ RunTime:0.000741s ]
NOTIC: [8] Undefined index: keywords D:\www\matouPCS\Application\Admin\Controller\RewardController.class.php 第 7 行.
SQL: SHOW COLUMNS FROM `reward1` [ RunTime:0.0043s ]
SQL: SELECT COUNT(*) AS tp_count FROM `reward1` INNER JOIN user on reward1.uid=user.id  WHERE `username` LIKE '%%' LIMIT 1   [ RunTime:0.0003s ]
NOTIC: [2] Missing argument 1 for Think\Page::show(), called in D:\www\matouPCS\Application\Admin\Controller\RewardController.class.php on line 27 and defined D:\www\matouPCS\ThinkPHP\Library\Think\Page.class.php 第 76 行.
NOTIC: [8] Undefined variable: url_replace D:\www\matouPCS\ThinkPHP\Library\Think\Page.class.php 第 82 行.
SQL: SELECT reward1.*,user.username FROM `reward1` INNER JOIN user on reward1.uid=user.id  WHERE `username` LIKE '%%' ORDER BY psid desc LIMIT 0,5   [ RunTime:0.0003s ]
INFO: [ view_parse ] --START--
INFO: [ template_filter ] --START--
INFO: Run Behavior\ContentReplaceBehavior [ RunTime:0.000065s ]
INFO: [ template_filter ] --END-- [ RunTime:0.000121s ]
NOTIC: [8] Undefined index: data D:\www\matouPCS\Application\Runtime\Cache\Admin\e63d15dfcc9144a88cc5bc290b64e21d.php 第 138 行.
INFO: Run Behavior\ParseTemplateBehavior [ RunTime:0.008678s ]
INFO: [ view_parse ] --END-- [ RunTime:0.008759s ]
INFO: [ view_filter ] --START--
INFO: Run Behavior\WriteHtmlCacheBehavior [ RunTime:0.000776s ]
INFO: [ view_filter ] --END-- [ RunTime:0.000862s ]
INFO: [ app_end ] --START--
INFO: Run Behavior\ShowPageTraceBehavior [ RunTime:0.000826s ]
INFO: [ app_end ] --END-- [ RunTime:0.000903s ]

[ 2017-03-14T18:49:08+08:00 ] 127.0.0.1 /matouPCS/index.php/Admin/Reward
INFO: [ app_init ] --START--
INFO: Run Behavior\BuildLiteBehavior [ RunTime:0.000021s ]
INFO: [ app_init ] --END-- [ RunTime:0.000467s ]
INFO: [ app_begin ] --START--
INFO: Run Behavior\ReadHtmlCacheBehavior [ RunTime:0.000786s ]
INFO: [ app_begin ] --END-- [ RunTime:0.000858s ]
NOTIC: [8] Undefined index: keywords D:\www\matouPCS\Application\Admin\Controller\RewardController.class.php 第 7 行.
SQL: SHOW COLUMNS FROM `reward1` [ RunTime:0.0044s ]
SQL: SELECT COUNT(*) AS tp_count FROM `reward1` INNER JOIN user on reward1.uid=user.id  WHERE `username` LIKE '%%' LIMIT 1   [ RunTime:0.0004s ]
NOTIC: [2] Missing argument 1 for Think\Page::show(), called in D:\www\matouPCS\Application\Admin\Controller\RewardController.class.php on line 27 and defined D:\www\matouPCS\ThinkPHP\Library\Think\Page.class.php 第 76 行.
NOTIC: [8] Undefined variable: url_replace D:\www\matouPCS\ThinkPHP\Library\Think\Page.class.php 第 82 行.
SQL: SELECT reward1.*,user.username FROM `reward1` INNER JOIN user on reward1.uid=user.id  WHERE `username` LIKE '%%' ORDER BY psid desc LIMIT 0,5   [ RunTime:0.0005s ]
INFO: [ view_parse ] --START--
INFO: [ template_filter ] --START--
INFO: Run Behavior\ContentReplaceBehavior [ RunTime:0.000066s ]
INFO: [ template_filter ] --END-- [ RunTime:0.000123s ]
NOTIC: [8] Undefined index: data D:\www\matouPCS\Application\Runtime\Cache\Admin\e63d15dfcc9144a88cc5bc290b64e21d.php 第 138 行.
INFO: Run Behavior\ParseTemplateBehavior [ RunTime:0.009294s ]
INFO: [ view_parse ] --END-- [ RunTime:0.009346s ]
INFO: [ view_filter ] --START--
INFO: Run Behavior\WriteHtmlCacheBehavior [ RunTime:0.000537s ]
INFO: [ view_filter ] --END-- [ RunTime:0.000581s ]
INFO: [ app_end ] --START--
INFO: Run Behavior\ShowPageTraceBehavior [ RunTime:0.000705s ]
INFO: [ app_end ] --END-- [ RunTime:0.000757s ]

[ 2017-03-14T18:49:09+08:00 ] 127.0.0.1 /matouPCS/index.php/Admin/Due
INFO: [ app_init ] --START--
INFO: Run Behavior\BuildLiteBehavior [ RunTime:0.000013s ]
INFO: [ app_init ] --END-- [ RunTime:0.000460s ]
INFO: [ app_begin ] --START--
INFO: Run Behavior\ReadHtmlCacheBehavior [ RunTime:0.000616s ]
INFO: [ app_begin ] --END-- [ RunTime:0.000669s ]
NOTIC: [8] Undefined index: keywords D:\www\matouPCS\Application\Admin\Controller\DueController.class.php 第 8 行.
SQL: SHOW COLUMNS FROM `due` [ RunTime:0.0053s ]
SQL: SELECT COUNT(*) AS tp_count FROM `due` INNER JOIN user on Due.uid=user.id  WHERE `username` LIKE '%%' LIMIT 1   [ RunTime:0.0003s ]
NOTIC: [2] Missing argument 1 for Think\Page::show(), called in D:\www\matouPCS\Application\Admin\Controller\DueController.class.php on line 28 and defined D:\www\matouPCS\ThinkPHP\Library\Think\Page.class.php 第 76 行.
NOTIC: [8] Undefined variable: url_replace D:\www\matouPCS\ThinkPHP\Library\Think\Page.class.php 第 82 行.
SQL: SELECT Due.*,user.username FROM `due` INNER JOIN user on Due.uid=user.id  WHERE `username` LIKE '%%' ORDER BY did desc LIMIT 0,5   [ RunTime:0.0003s ]
INFO: [ view_parse ] --START--
INFO: [ template_filter ] --START--
INFO: Run Behavior\ContentReplaceBehavior [ RunTime:0.000064s ]
INFO: [ template_filter ] --END-- [ RunTime:0.000121s ]
NOTIC: [8] Undefined index: type D:\www\matouPCS\Application\Runtime\Cache\Admin\05e09e88a3a7e76b78b2163bd4ee00df.php 第 135 行.
INFO: Run Behavior\ParseTemplateBehavior [ RunTime:0.009177s ]
INFO: [ view_parse ] --END-- [ RunTime:0.009248s ]
INFO: [ view_filter ] --START--
INFO: Run Behavior\WriteHtmlCacheBehavior [ RunTime:0.000457s ]
INFO: [ view_filter ] --END-- [ RunTime:0.000500s ]
INFO: [ app_end ] --START--
INFO: Run Behavior\ShowPageTraceBehavior [ RunTime:0.000611s ]
INFO: [ app_end ] --END-- [ RunTime:0.000663s ]

[ 2017-03-14T18:49:10+08:00 ] 127.0.0.1 /matouPCS/index.php/Admin/Recruit
INFO: [ app_init ] --START--
INFO: Run Behavior\BuildLiteBehavior [ RunTime:0.000013s ]
INFO: [ app_init ] --END-- [ RunTime:0.000372s ]
INFO: [ app_begin ] --START--
INFO: Run Behavior\ReadHtmlCacheBehavior [ RunTime:0.000609s ]
INFO: [ app_begin ] --END-- [ RunTime:0.000661s ]
NOTIC: [8] Undefined index: keywords D:\www\matouPCS\Application\Admin\Controller\RecruitController.class.php 第 7 行.
SQL: SHOW COLUMNS FROM `recruit1` [ RunTime:0.0064s ]
SQL: SELECT COUNT(*) AS tp_count FROM `recruit1` INNER JOIN user on recruit1.uid=user.id  LIMIT 1   [ RunTime:0.0005s ]
NOTIC: [2] Missing argument 1 for Think\Page::show(), called in D:\www\matouPCS\Application\Admin\Controller\RecruitController.class.php on line 25 and defined D:\www\matouPCS\ThinkPHP\Library\Think\Page.class.php 第 76 行.
NOTIC: [8] Undefined variable: url_replace D:\www\matouPCS\ThinkPHP\Library\Think\Page.class.php 第 82 行.
SQL: SELECT recruit1.*,user.username FROM `recruit1` INNER JOIN user on recruit1.uid=user.id  WHERE `username` LIKE '%%' ORDER BY rid desc LIMIT 0,5   [ RunTime:0.0004s ]
INFO: [ view_parse ] --START--
INFO: [ template_filter ] --START--
INFO: Run Behavior\ContentReplaceBehavior [ RunTime:0.000078s ]
INFO: [ template_filter ] --END-- [ RunTime:0.000176s ]
NOTIC: [8] Undefined index: address D:\www\matouPCS\Application\Runtime\Cache\Admin\4ad06aa02b5b586c1deb66dc258da325.php 第 129 行.
NOTIC: [8] Undefined index: address D:\www\matouPCS\Application\Runtime\Cache\Admin\4ad06aa02b5b586c1deb66dc258da325.php 第 129 行.
NOTIC: [8] Undefined index: address D:\www\matouPCS\Application\Runtime\Cache\Admin\4ad06aa02b5b586c1deb66dc258da325.php 第 129 行.
NOTIC: [8] Undefined index: address D:\www\matouPCS\Application\Runtime\Cache\Admin\4ad06aa02b5b586c1deb66dc258da325.php 第 129 行.
NOTIC: [8] Undefined index: address D:\www\matouPCS\Application\Runtime\Cache\Admin\4ad06aa02b5b586c1deb66dc258da325.php 第 129 行.
INFO: Run Behavior\ParseTemplateBehavior [ RunTime:0.010050s ]
INFO: [ view_parse ] --END-- [ RunTime:0.010106s ]
INFO: [ view_filter ] --START--
INFO: Run Behavior\WriteHtmlCacheBehavior [ RunTime:0.000471s ]
INFO: [ view_filter ] --END-- [ RunTime:0.000515s ]
INFO: [ app_end ] --START--
INFO: Run Behavior\ShowPageTraceBehavior [ RunTime:0.000630s ]
INFO: [ app_end ] --END-- [ RunTime:0.000685s ]

[ 2017-03-14T18:49:11+08:00 ] 127.0.0.1 /matouPCS/index.php/Admin/Employ
INFO: [ app_init ] --START--
INFO: Run Behavior\BuildLiteBehavior [ RunTime:0.000015s ]
INFO: [ app_init ] --END-- [ RunTime:0.000470s ]
INFO: [ app_begin ] --START--
INFO: Run Behavior\ReadHtmlCacheBehavior [ RunTime:0.000695s ]
INFO: [ app_begin ] --END-- [ RunTime:0.000748s ]
NOTIC: [8] Undefined index: keywords D:\www\matouPCS\Application\Admin\Controller\EmployController.class.php 第 7 行.
SQL: SHOW COLUMNS FROM `employ` [ RunTime:0.0050s ]
SQL: SELECT COUNT(*) AS tp_count FROM `employ` INNER JOIN user on employ.uid=user.id  LIMIT 1   [ RunTime:0.0003s ]
NOTIC: [2] Missing argument 1 for Think\Page::show(), called in D:\www\matouPCS\Application\Admin\Controller\EmployController.class.php on line 25 and defined D:\www\matouPCS\ThinkPHP\Library\Think\Page.class.php 第 76 行.
NOTIC: [8] Undefined variable: url_replace D:\www\matouPCS\ThinkPHP\Library\Think\Page.class.php 第 82 行.
SQL: SELECT employ.*,user.username FROM `employ` INNER JOIN user on employ.uid=user.id  WHERE `username` LIKE '%%' ORDER BY id desc LIMIT 0,5   [ RunTime:0.0003s ]
INFO: [ view_parse ] --START--
INFO: [ template_filter ] --START--
INFO: Run Behavior\ContentReplaceBehavior [ RunTime:0.000080s ]
INFO: [ template_filter ] --END-- [ RunTime:0.000166s ]
NOTIC: [8] Undefined index: id D:\www\matouPCS\Application\Runtime\Cache\Admin\cef7f18308b375081d3c176133160111.php 第 123 行.
NOTIC: [8] Undefined index: id D:\www\matouPCS\Application\Runtime\Cache\Admin\cef7f18308b375081d3c176133160111.php 第 138 行.
NOTIC: [8] Undefined index: id D:\www\matouPCS\Application\Runtime\Cache\Admin\cef7f18308b375081d3c176133160111.php 第 139 行.
NOTIC: [8] Undefined index: id D:\www\matouPCS\Application\Runtime\Cache\Admin\cef7f18308b375081d3c176133160111.php 第 140 行.
NOTIC: [8] Undefined index: id D:\www\matouPCS\Application\Runtime\Cache\Admin\cef7f18308b375081d3c176133160111.php 第 145 行.
NOTIC: [8] Undefined index: id D:\www\matouPCS\Application\Runtime\Cache\Admin\cef7f18308b375081d3c176133160111.php 第 148 行.
INFO: Run Behavior\ParseTemplateBehavior [ RunTime:0.009785s ]
INFO: [ view_parse ] --END-- [ RunTime:0.009907s ]
INFO: [ view_filter ] --START--
INFO: Run Behavior\WriteHtmlCacheBehavior [ RunTime:0.000627s ]
INFO: [ view_filter ] --END-- [ RunTime:0.000686s ]
INFO: [ app_end ] --START--
INFO: Run Behavior\ShowPageTraceBehavior [ RunTime:0.000773s ]
INFO: [ app_end ] --END-- [ RunTime:0.000841s ]

[ 2017-03-14T18:49:15+08:00 ] 127.0.0.1 /matouPCS/index.php/Admin/Reward
INFO: [ app_init ] --START--
INFO: Run Behavior\BuildLiteBehavior [ RunTime:0.000012s ]
INFO: [ app_init ] --END-- [ RunTime:0.000437s ]
INFO: [ app_begin ] --START--
INFO: Run Behavior\ReadHtmlCacheBehavior [ RunTime:0.000960s ]
INFO: [ app_begin ] --END-- [ RunTime:0.001053s ]
NOTIC: [8] Undefined index: keywords D:\www\matouPCS\Application\Admin\Controller\RewardController.class.php 第 7 行.
SQL: SHOW COLUMNS FROM `reward1` [ RunTime:0.0039s ]
SQL: SELECT COUNT(*) AS tp_count FROM `reward1` INNER JOIN user on reward1.uid=user.id  WHERE `username` LIKE '%%' LIMIT 1   [ RunTime:0.0003s ]
NOTIC: [2] Missing argument 1 for Think\Page::show(), called in D:\www\matouPCS\Application\Admin\Controller\RewardController.class.php on line 27 and defined D:\www\matouPCS\ThinkPHP\Library\Think\Page.class.php 第 76 行.
NOTIC: [8] Undefined variable: url_replace D:\www\matouPCS\ThinkPHP\Library\Think\Page.class.php 第 82 行.
SQL: SELECT reward1.*,user.username FROM `reward1` INNER JOIN user on reward1.uid=user.id  WHERE `username` LIKE '%%' ORDER BY psid desc LIMIT 0,5   [ RunTime:0.0003s ]
INFO: [ view_parse ] --START--
INFO: [ template_filter ] --START--
INFO: Run Behavior\ContentReplaceBehavior [ RunTime:0.000062s ]
INFO: [ template_filter ] --END-- [ RunTime:0.000109s ]
NOTIC: [8] Undefined index: data D:\www\matouPCS\Application\Runtime\Cache\Admin\e63d15dfcc9144a88cc5bc290b64e21d.php 第 138 行.
INFO: Run Behavior\ParseTemplateBehavior [ RunTime:0.007855s ]
INFO: [ view_parse ] --END-- [ RunTime:0.007920s ]
INFO: [ view_filter ] --START--
INFO: Run Behavior\WriteHtmlCacheBehavior [ RunTime:0.000641s ]
INFO: [ view_filter ] --END-- [ RunTime:0.000726s ]
INFO: [ app_end ] --START--
INFO: Run Behavior\ShowPageTraceBehavior [ RunTime:0.001209s ]
INFO: [ app_end ] --END-- [ RunTime:0.001333s ]

[ 2017-03-14T18:49:23+08:00 ] 127.0.0.1 /matouPCS/index.php/Admin/Reward/add
INFO: [ app_init ] --START--
INFO: Run Behavior\BuildLiteBehavior [ RunTime:0.000014s ]
INFO: [ app_init ] --END-- [ RunTime:0.000455s ]
INFO: [ app_begin ] --START--
INFO: Run Behavior\ReadHtmlCacheBehavior [ RunTime:0.000685s ]
INFO: [ app_begin ] --END-- [ RunTime:0.000738s ]
INFO: [ view_parse ] --START--
INFO: [ template_filter ] --START--
INFO: Run Behavior\ContentReplaceBehavior [ RunTime:0.000183s ]
INFO: [ template_filter ] --END-- [ RunTime:0.000357s ]
INFO: Run Behavior\ParseTemplateBehavior [ RunTime:0.011435s ]
INFO: [ view_parse ] --END-- [ RunTime:0.011489s ]
INFO: [ view_filter ] --START--
INFO: Run Behavior\WriteHtmlCacheBehavior [ RunTime:0.000529s ]
INFO: [ view_filter ] --END-- [ RunTime:0.000576s ]
INFO: [ app_end ] --START--
INFO: Run Behavior\ShowPageTraceBehavior [ RunTime:0.000745s ]
INFO: [ app_end ] --END-- [ RunTime:0.000798s ]

[ 2017-03-14T18:56:22+08:00 ] 127.0.0.1 /matouPCS/index.php/Admin/Reward
INFO: [ app_init ] --START--
INFO: Run Behavior\BuildLiteBehavior [ RunTime:0.000026s ]
INFO: [ app_init ] --END-- [ RunTime:0.000559s ]
INFO: [ app_begin ] --START--
INFO: Run Behavior\ReadHtmlCacheBehavior [ RunTime:0.001046s ]
INFO: [ app_begin ] --END-- [ RunTime:0.001138s ]
NOTIC: [8] Undefined index: keywords D:\www\matouPCS\Application\Admin\Controller\RewardController.class.php 第 7 行.
SQL: SHOW COLUMNS FROM `reward1` [ RunTime:0.0050s ]
SQL: SELECT COUNT(*) AS tp_count FROM `reward1` INNER JOIN user on reward1.uid=user.id  WHERE `username` LIKE '%%' LIMIT 1   [ RunTime:0.0003s ]
NOTIC: [2] Missing argument 1 for Think\Page::show(), called in D:\www\matouPCS\Application\Admin\Controller\RewardController.class.php on line 27 and defined D:\www\matouPCS\ThinkPHP\Library\Think\Page.class.php 第 76 行.
NOTIC: [8] Undefined variable: url_replace D:\www\matouPCS\ThinkPHP\Library\Think\Page.class.php 第 82 行.
SQL: SELECT reward1.*,user.username FROM `reward1` INNER JOIN user on reward1.uid=user.id  WHERE `username` LIKE '%%' ORDER BY psid desc LIMIT 0,5   [ RunTime:0.0003s ]
INFO: [ view_parse ] --START--
INFO: [ template_filter ] --START--
INFO: Run Behavior\ContentReplaceBehavior [ RunTime:0.000106s ]
INFO: [ template_filter ] --END-- [ RunTime:0.000171s ]
NOTIC: [8] Undefined index: data D:\www\matouPCS\Application\Runtime\Cache\Admin\e63d15dfcc9144a88cc5bc290b64e21d.php 第 138 行.
INFO: Run Behavior\ParseTemplateBehavior [ RunTime:0.009970s ]
INFO: [ view_parse ] --END-- [ RunTime:0.010026s ]
INFO: [ view_filter ] --START--
INFO: Run Behavior\WriteHtmlCacheBehavior [ RunTime:0.000528s ]
INFO: [ view_filter ] --END-- [ RunTime:0.000572s ]
INFO: [ app_end ] --START--
INFO: Run Behavior\ShowPageTraceBehavior [ RunTime:0.000851s ]
INFO: [ app_end ] --END-- [ RunTime:0.000927s ]

[ 2017-03-14T18:56:25+08:00 ] 127.0.0.1 /matouPCS/index.php/Admin/Reward/add
INFO: [ app_init ] --START--
INFO: Run Behavior\BuildLiteBehavior [ RunTime:0.000015s ]
INFO: [ app_init ] --END-- [ RunTime:0.000470s ]
INFO: [ app_begin ] --START--
INFO: Run Behavior\ReadHtmlCacheBehavior [ RunTime:0.000704s ]
INFO: [ app_begin ] --END-- [ RunTime:0.000757s ]
INFO: [ view_parse ] --START--
INFO: [ template_filter ] --START--
INFO: Run Behavior\ContentReplaceBehavior [ RunTime:0.000110s ]
INFO: [ template_filter ] --END-- [ RunTime:0.000219s ]
INFO: Run Behavior\ParseTemplateBehavior [ RunTime:0.008115s ]
INFO: [ view_parse ] --END-- [ RunTime:0.008198s ]
INFO: [ view_filter ] --START--
INFO: Run Behavior\WriteHtmlCacheBehavior [ RunTime:0.000837s ]
INFO: [ view_filter ] --END-- [ RunTime:0.000918s ]
INFO: [ app_end ] --START--
INFO: Run Behavior\ShowPageTraceBehavior [ RunTime:0.000978s ]
INFO: [ app_end ] --END-- [ RunTime:0.001079s ]

[ 2017-03-14T18:56:32+08:00 ] 127.0.0.1 /matouPCS/index.php/Admin/Flea
INFO: [ app_init ] --START--
INFO: Run Behavior\BuildLiteBehavior [ RunTime:0.000014s ]
INFO: [ app_init ] --END-- [ RunTime:0.000438s ]
INFO: [ app_begin ] --START--
INFO: Run Behavior\ReadHtmlCacheBehavior [ RunTime:0.000707s ]
INFO: [ app_begin ] --END-- [ RunTime:0.000771s ]
NOTIC: [8] Undefined index: keywords D:\www\matouPCS\Application\Admin\Controller\FleaController.class.php 第 7 行.
SQL: SHOW COLUMNS FROM `flea` [ RunTime:0.0041s ]
SQL: SELECT COUNT(*) AS tp_count FROM `flea` INNER JOIN user on flea.uid=user.id  WHERE `username` LIKE '%%' LIMIT 1   [ RunTime:0.0003s ]
NOTIC: [2] Missing argument 1 for Think\Page::show(), called in D:\www\matouPCS\Application\Admin\Controller\FleaController.class.php on line 27 and defined D:\www\matouPCS\ThinkPHP\Library\Think\Page.class.php 第 76 行.
NOTIC: [8] Undefined variable: url_replace D:\www\matouPCS\ThinkPHP\Library\Think\Page.class.php 第 82 行.
SQL: SELECT flea.*,user.username FROM `flea` INNER JOIN user on flea.uid=user.id  WHERE `username` LIKE '%%' ORDER BY fid desc LIMIT 0,5   [ RunTime:0.0003s ]
INFO: [ view_parse ] --START--
INFO: [ template_filter ] --START--
INFO: Run Behavior\ContentReplaceBehavior [ RunTime:0.000068s ]
INFO: [ template_filter ] --END-- [ RunTime:0.000118s ]
NOTIC: [8] Use of undefined constant type - assumed 'type' D:\www\matouPCS\Application\Runtime\Cache\Admin\c77caaba0fc4b6f7b254d8d5a2a8ad9e.php 第 136 行.
NOTIC: [8] Use of undefined constant type - assumed 'type' D:\www\matouPCS\Application\Runtime\Cache\Admin\c77caaba0fc4b6f7b254d8d5a2a8ad9e.php 第 136 行.
NOTIC: [8] Use of undefined constant type - assumed 'type' D:\www\matouPCS\Application\Runtime\Cache\Admin\c77caaba0fc4b6f7b254d8d5a2a8ad9e.php 第 136 行.
NOTIC: [8] Use of undefined constant type - assumed 'type' D:\www\matouPCS\Application\Runtime\Cache\Admin\c77caaba0fc4b6f7b254d8d5a2a8ad9e.php 第 136 行.
INFO: Run Behavior\ParseTemplateBehavior [ RunTime:0.009342s ]
INFO: [ view_parse ] --END-- [ RunTime:0.009427s ]
INFO: [ view_filter ] --START--
INFO: Run Behavior\WriteHtmlCacheBehavior [ RunTime:0.000542s ]
INFO: [ view_filter ] --END-- [ RunTime:0.000588s ]
INFO: [ app_end ] --START--
INFO: Run Behavior\ShowPageTraceBehavior [ RunTime:0.000819s ]
INFO: [ app_end ] --END-- [ RunTime:0.000910s ]

[ 2017-03-14T18:56:35+08:00 ] 127.0.0.1 /matouPCS/index.php/Admin/Flea/add
INFO: [ app_init ] --START--
INFO: Run Behavior\BuildLiteBehavior [ RunTime:0.000012s ]
INFO: [ app_init ] --END-- [ RunTime:0.000439s ]
INFO: [ app_begin ] --START--
INFO: Run Behavior\ReadHtmlCacheBehavior [ RunTime:0.000598s ]
INFO: [ app_begin ] --END-- [ RunTime:0.000651s ]
INFO: [ view_parse ] --START--
INFO: [ template_filter ] --START--
INFO: Run Behavior\ContentReplaceBehavior [ RunTime:0.000061s ]
INFO: [ template_filter ] --END-- [ RunTime:0.000117s ]
INFO: Run Behavior\ParseTemplateBehavior [ RunTime:0.008279s ]
INFO: [ view_parse ] --END-- [ RunTime:0.008330s ]
INFO: [ view_filter ] --START--
INFO: Run Behavior\WriteHtmlCacheBehavior [ RunTime:0.000469s ]
INFO: [ view_filter ] --END-- [ RunTime:0.000515s ]
INFO: [ app_end ] --START--
INFO: Run Behavior\ShowPageTraceBehavior [ RunTime:0.000588s ]
INFO: [ app_end ] --END-- [ RunTime:0.000641s ]

