[ 2017-01-18T09:26:16+08:00 ] ::1 /matouPCS/index.php/admin/login
INFO: [ app_init ] --START--
INFO: Run Behavior\BuildLiteBehavior [ RunTime:0.000054s ]
INFO: [ app_init ] --END-- [ RunTime:0.000995s ]
INFO: [ app_begin ] --START--
INFO: Run Behavior\ReadHtmlCacheBehavior [ RunTime:0.000661s ]
INFO: [ app_begin ] --END-- [ RunTime:0.000727s ]
INFO: [ view_parse ] --START--
INFO: [ template_filter ] --START--
INFO: Run Behavior\ContentReplaceBehavior [ RunTime:0.000052s ]
INFO: [ template_filter ] --END-- [ RunTime:0.000104s ]
INFO: Run Behavior\ParseTemplateBehavior [ RunTime:0.035607s ]
INFO: [ view_parse ] --END-- [ RunTime:0.035664s ]
INFO: [ view_filter ] --START--
INFO: Run Behavior\WriteHtmlCacheBehavior [ RunTime:0.000193s ]
INFO: [ view_filter ] --END-- [ RunTime:0.000233s ]
INFO: [ app_end ] --START--
INFO: Run Behavior\ShowPageTraceBehavior [ RunTime:0.000419s ]
INFO: [ app_end ] --END-- [ RunTime:0.000453s ]

[ 2017-01-18T09:26:16+08:00 ] ::1 /matouPCS/index.php/Admin/Login/verify
INFO: [ app_init ] --START--
INFO: Run Behavior\BuildLiteBehavior [ RunTime:0.000013s ]
INFO: [ app_init ] --END-- [ RunTime:0.000317s ]
INFO: [ app_begin ] --START--
INFO: Run Behavior\ReadHtmlCacheBehavior [ RunTime:0.000422s ]
INFO: [ app_begin ] --END-- [ RunTime:0.000463s ]
INFO: [ app_end ] --START--
INFO: Run Behavior\ShowPageTraceBehavior [ RunTime:0.000868s ]
INFO: [ app_end ] --END-- [ RunTime:0.001044s ]

[ 2017-01-18T09:26:33+08:00 ] ::1 /matouPCS/index.php/Admin/Login/check
INFO: [ app_init ] --START--
INFO: Run Behavior\BuildLiteBehavior [ RunTime:0.000012s ]
INFO: [ app_init ] --END-- [ RunTime:0.000363s ]
INFO: [ app_begin ] --START--
INFO: Run Behavior\ReadHtmlCacheBehavior [ RunTime:0.000600s ]
INFO: [ app_begin ] --END-- [ RunTime:0.000651s ]
SQL: SHOW COLUMNS FROM `user` [ RunTime:0.0117s ]
SQL: SELECT * FROM `user` WHERE ( username='15236631921' and password='111111' ) LIMIT 1   [ RunTime:0.0009s ]

[ 2017-01-18T09:26:33+08:00 ] ::1 /matouPCS/index.php/Admin/Index/index.html
INFO: [ app_init ] --START--
INFO: Run Behavior\BuildLiteBehavior [ RunTime:0.000012s ]
INFO: [ app_init ] --END-- [ RunTime:0.000351s ]
INFO: [ app_begin ] --START--
INFO: Run Behavior\ReadHtmlCacheBehavior [ RunTime:0.000511s ]
INFO: [ app_begin ] --END-- [ RunTime:0.000552s ]
INFO: [ view_parse ] --START--
INFO: [ template_filter ] --START--
INFO: Run Behavior\ContentReplaceBehavior [ RunTime:0.000051s ]
INFO: [ template_filter ] --END-- [ RunTime:0.000109s ]
INFO: Run Behavior\ParseTemplateBehavior [ RunTime:0.032181s ]
INFO: [ view_parse ] --END-- [ RunTime:0.032223s ]
INFO: [ view_filter ] --START--
INFO: Run Behavior\WriteHtmlCacheBehavior [ RunTime:0.000248s ]
INFO: [ view_filter ] --END-- [ RunTime:0.000276s ]
INFO: [ app_end ] --START--
INFO: Run Behavior\ShowPageTraceBehavior [ RunTime:0.000509s ]
INFO: [ app_end ] --END-- [ RunTime:0.000554s ]

[ 2017-01-18T09:26:38+08:00 ] ::1 /matouPCS/index.php/Admin/Force
INFO: [ app_init ] --START--
INFO: Run Behavior\BuildLiteBehavior [ RunTime:0.000016s ]
INFO: [ app_init ] --END-- [ RunTime:0.000335s ]
INFO: [ app_begin ] --START--
INFO: Run Behavior\ReadHtmlCacheBehavior [ RunTime:0.000439s ]
INFO: [ app_begin ] --END-- [ RunTime:0.000485s ]
NOTIC: [8] Undefined index: keywords D:\phpStudy\WWW\matouPCS\Application\Admin\Controller\ForceController.class.php 第 7 行.
SQL: SHOW COLUMNS FROM `forcee` [ RunTime:0.0071s ]
SQL: SELECT COUNT(*) AS tp_count FROM `forcee` INNER JOIN user on forcee.uid=user.id  WHERE `username` LIKE '%%' LIMIT 1   [ RunTime:0.0006s ]
NOTIC: [2] Missing argument 1 for Think\Page::show(), called in D:\phpStudy\WWW\matouPCS\Application\Admin\Controller\ForceController.class.php on line 25 and defined D:\phpStudy\WWW\matouPCS\ThinkPHP\Library\Think\Page.class.php 第 76 行.
NOTIC: [8] Undefined variable: url_replace D:\phpStudy\WWW\matouPCS\ThinkPHP\Library\Think\Page.class.php 第 82 行.
SQL: SELECT forcee.*,user.username FROM `forcee` INNER JOIN user on forcee.uid=user.id  ORDER BY id desc LIMIT 0,5   [ RunTime:0.0007s ]
INFO: [ view_parse ] --START--
INFO: [ template_filter ] --START--
INFO: Run Behavior\ContentReplaceBehavior [ RunTime:0.000274s ]
INFO: [ template_filter ] --END-- [ RunTime:0.000445s ]
NOTIC: [8] Use of undefined constant status - assumed 'status' D:\phpStudy\WWW\matouPCS\Application\Runtime\Cache\Admin\52a42991261803d1ec7110a422e01e8d.php 第 142 行.
NOTIC: [8] Use of undefined constant status - assumed 'status' D:\phpStudy\WWW\matouPCS\Application\Runtime\Cache\Admin\52a42991261803d1ec7110a422e01e8d.php 第 143 行.
NOTIC: [8] Use of undefined constant status - assumed 'status' D:\phpStudy\WWW\matouPCS\Application\Runtime\Cache\Admin\52a42991261803d1ec7110a422e01e8d.php 第 144 行.
NOTIC: [8] Use of undefined constant status - assumed 'status' D:\phpStudy\WWW\matouPCS\Application\Runtime\Cache\Admin\52a42991261803d1ec7110a422e01e8d.php 第 142 行.
NOTIC: [8] Use of undefined constant status - assumed 'status' D:\phpStudy\WWW\matouPCS\Application\Runtime\Cache\Admin\52a42991261803d1ec7110a422e01e8d.php 第 143 行.
NOTIC: [8] Use of undefined constant status - assumed 'status' D:\phpStudy\WWW\matouPCS\Application\Runtime\Cache\Admin\52a42991261803d1ec7110a422e01e8d.php 第 144 行.
INFO: Run Behavior\ParseTemplateBehavior [ RunTime:0.044675s ]
INFO: [ view_parse ] --END-- [ RunTime:0.044833s ]
INFO: [ view_filter ] --START--
INFO: Run Behavior\WriteHtmlCacheBehavior [ RunTime:0.000824s ]
INFO: [ view_filter ] --END-- [ RunTime:0.000963s ]
INFO: [ app_end ] --START--
INFO: Run Behavior\ShowPageTraceBehavior [ RunTime:0.002386s ]
INFO: [ app_end ] --END-- [ RunTime:0.002591s ]

[ 2017-01-18T09:26:43+08:00 ] ::1 /matouPCS/index.php/Admin/Force/status?id=2
INFO: [ app_init ] --START--
INFO: Run Behavior\BuildLiteBehavior [ RunTime:0.000012s ]
INFO: [ app_init ] --END-- [ RunTime:0.000281s ]
INFO: [ app_begin ] --START--
INFO: Run Behavior\ReadHtmlCacheBehavior [ RunTime:0.000408s ]
INFO: [ app_begin ] --END-- [ RunTime:0.000446s ]
SQL: SHOW COLUMNS FROM `forcee` [ RunTime:0.0082s ]
SQL: SELECT forcee.*,user.username,user.sex,user.pubtime,user.imagename FROM `forcee` INNER JOIN user on forcee.uid=user.id   [ RunTime:0.0006s ]
INFO: [ view_parse ] --START--
INFO: [ template_filter ] --START--
INFO: Run Behavior\ContentReplaceBehavior [ RunTime:0.000136s ]
INFO: [ template_filter ] --END-- [ RunTime:0.000220s ]
NOTIC: [8] Use of undefined constant status - assumed 'status' D:\phpStudy\WWW\matouPCS\Application\Runtime\Cache\Admin\da1ba23e52590d900562e5538b881553.php 第 148 行.
NOTIC: [8] Use of undefined constant status - assumed 'status' D:\phpStudy\WWW\matouPCS\Application\Runtime\Cache\Admin\da1ba23e52590d900562e5538b881553.php 第 149 行.
NOTIC: [8] Use of undefined constant status - assumed 'status' D:\phpStudy\WWW\matouPCS\Application\Runtime\Cache\Admin\da1ba23e52590d900562e5538b881553.php 第 150 行.
NOTIC: [8] Use of undefined constant status - assumed 'status' D:\phpStudy\WWW\matouPCS\Application\Runtime\Cache\Admin\da1ba23e52590d900562e5538b881553.php 第 148 行.
NOTIC: [8] Use of undefined constant status - assumed 'status' D:\phpStudy\WWW\matouPCS\Application\Runtime\Cache\Admin\da1ba23e52590d900562e5538b881553.php 第 149 行.
NOTIC: [8] Use of undefined constant status - assumed 'status' D:\phpStudy\WWW\matouPCS\Application\Runtime\Cache\Admin\da1ba23e52590d900562e5538b881553.php 第 150 行.
INFO: Run Behavior\ParseTemplateBehavior [ RunTime:0.033675s ]
INFO: [ view_parse ] --END-- [ RunTime:0.033753s ]
INFO: [ view_filter ] --START--
INFO: Run Behavior\WriteHtmlCacheBehavior [ RunTime:0.000369s ]
INFO: [ view_filter ] --END-- [ RunTime:0.000428s ]
INFO: [ app_end ] --START--
INFO: Run Behavior\ShowPageTraceBehavior [ RunTime:0.000984s ]
INFO: [ app_end ] --END-- [ RunTime:0.001074s ]

[ 2017-01-18T09:27:25+08:00 ] ::1 /matouPCS/index.php/Admin/Force/status?id=1
INFO: [ app_init ] --START--
INFO: Run Behavior\BuildLiteBehavior [ RunTime:0.000012s ]
INFO: [ app_init ] --END-- [ RunTime:0.000316s ]
INFO: [ app_begin ] --START--
INFO: Run Behavior\ReadHtmlCacheBehavior [ RunTime:0.000535s ]
INFO: [ app_begin ] --END-- [ RunTime:0.000575s ]
SQL: SHOW COLUMNS FROM `forcee` [ RunTime:0.0094s ]
SQL: SELECT forcee.*,user.username,user.sex,user.pubtime,user.imagename FROM `forcee` INNER JOIN user on forcee.uid=user.id   [ RunTime:0.0007s ]
INFO: [ view_parse ] --START--
INFO: [ template_filter ] --START--
INFO: Run Behavior\ContentReplaceBehavior [ RunTime:0.000077s ]
INFO: [ template_filter ] --END-- [ RunTime:0.000128s ]
NOTIC: [8] Use of undefined constant status - assumed 'status' D:\phpStudy\WWW\matouPCS\Application\Runtime\Cache\Admin\da1ba23e52590d900562e5538b881553.php 第 148 行.
NOTIC: [8] Use of undefined constant status - assumed 'status' D:\phpStudy\WWW\matouPCS\Application\Runtime\Cache\Admin\da1ba23e52590d900562e5538b881553.php 第 149 行.
NOTIC: [8] Use of undefined constant status - assumed 'status' D:\phpStudy\WWW\matouPCS\Application\Runtime\Cache\Admin\da1ba23e52590d900562e5538b881553.php 第 150 行.
NOTIC: [8] Use of undefined constant status - assumed 'status' D:\phpStudy\WWW\matouPCS\Application\Runtime\Cache\Admin\da1ba23e52590d900562e5538b881553.php 第 148 行.
NOTIC: [8] Use of undefined constant status - assumed 'status' D:\phpStudy\WWW\matouPCS\Application\Runtime\Cache\Admin\da1ba23e52590d900562e5538b881553.php 第 149 行.
NOTIC: [8] Use of undefined constant status - assumed 'status' D:\phpStudy\WWW\matouPCS\Application\Runtime\Cache\Admin\da1ba23e52590d900562e5538b881553.php 第 150 行.
INFO: Run Behavior\ParseTemplateBehavior [ RunTime:0.020828s ]
INFO: [ view_parse ] --END-- [ RunTime:0.020895s ]
INFO: [ view_filter ] --START--
INFO: Run Behavior\WriteHtmlCacheBehavior [ RunTime:0.000296s ]
INFO: [ view_filter ] --END-- [ RunTime:0.000329s ]
INFO: [ app_end ] --START--
INFO: Run Behavior\ShowPageTraceBehavior [ RunTime:0.000631s ]
INFO: [ app_end ] --END-- [ RunTime:0.000680s ]

[ 2017-01-18T09:28:46+08:00 ] ::1 /matouPCS/index.php/Admin/Reward
INFO: [ app_init ] --START--
INFO: Run Behavior\BuildLiteBehavior [ RunTime:0.000011s ]
INFO: [ app_init ] --END-- [ RunTime:0.000311s ]
INFO: [ app_begin ] --START--
INFO: Run Behavior\ReadHtmlCacheBehavior [ RunTime:0.000504s ]
INFO: [ app_begin ] --END-- [ RunTime:0.000545s ]
NOTIC: [8] Undefined index: keywords D:\phpStudy\WWW\matouPCS\Application\Admin\Controller\RewardController.class.php 第 7 行.
SQL: SHOW COLUMNS FROM `reward1` [ RunTime:0.0086s ]
SQL: SELECT COUNT(*) AS tp_count FROM `reward1` INNER JOIN user on reward1.uid=user.id  WHERE `username` LIKE '%%' LIMIT 1   [ RunTime:0.0004s ]
NOTIC: [2] Missing argument 1 for Think\Page::show(), called in D:\phpStudy\WWW\matouPCS\Application\Admin\Controller\RewardController.class.php on line 27 and defined D:\phpStudy\WWW\matouPCS\ThinkPHP\Library\Think\Page.class.php 第 76 行.
NOTIC: [8] Undefined variable: url_replace D:\phpStudy\WWW\matouPCS\ThinkPHP\Library\Think\Page.class.php 第 82 行.
SQL: SELECT reward1.*,user.username FROM `reward1` INNER JOIN user on reward1.uid=user.id  WHERE `username` LIKE '%%' ORDER BY psid desc LIMIT 0,5   [ RunTime:0.0003s ]
INFO: [ view_parse ] --START--
INFO: [ template_filter ] --START--
INFO: Run Behavior\ContentReplaceBehavior [ RunTime:0.000061s ]
INFO: [ template_filter ] --END-- [ RunTime:0.000106s ]
INFO: Run Behavior\ParseTemplateBehavior [ RunTime:0.010299s ]
INFO: [ view_parse ] --END-- [ RunTime:0.010380s ]
INFO: [ view_filter ] --START--
INFO: Run Behavior\WriteHtmlCacheBehavior [ RunTime:0.000254s ]
INFO: [ view_filter ] --END-- [ RunTime:0.000285s ]
INFO: [ app_end ] --START--
INFO: Run Behavior\ShowPageTraceBehavior [ RunTime:0.000723s ]
INFO: [ app_end ] --END-- [ RunTime:0.000770s ]

[ 2017-01-18T09:28:57+08:00 ] ::1 /matouPCS/index.php/Admin/Reward/tem?psid=50
INFO: [ app_init ] --START--
INFO: Run Behavior\BuildLiteBehavior [ RunTime:0.000012s ]
INFO: [ app_init ] --END-- [ RunTime:0.000283s ]
INFO: [ app_begin ] --START--
INFO: Run Behavior\ReadHtmlCacheBehavior [ RunTime:0.000409s ]
INFO: [ app_begin ] --END-- [ RunTime:0.000447s ]
SQL: SHOW COLUMNS FROM `reward2` [ RunTime:0.0118s ]
SQL: SELECT * FROM `reward2` WHERE ( pid=50 ) ORDER BY wid desc  [ RunTime:0.0008s ]
INFO: [ view_parse ] --START--
INFO: [ template_filter ] --START--
INFO: Run Behavior\ContentReplaceBehavior [ RunTime:0.000134s ]
INFO: [ template_filter ] --END-- [ RunTime:0.000218s ]
NOTIC: [8] Use of undefined constant sex - assumed 'sex' D:\phpStudy\WWW\matouPCS\Application\Runtime\Cache\Admin\6d0df41e4cf6ded81eeb7cf2a6173b26.php 第 103 行.
NOTIC: [8] Use of undefined constant sex - assumed 'sex' D:\phpStudy\WWW\matouPCS\Application\Runtime\Cache\Admin\6d0df41e4cf6ded81eeb7cf2a6173b26.php 第 106 行.
NOTIC: [8] Use of undefined constant sex - assumed 'sex' D:\phpStudy\WWW\matouPCS\Application\Runtime\Cache\Admin\6d0df41e4cf6ded81eeb7cf2a6173b26.php 第 109 行.
NOTIC: [8] Use of undefined constant whether - assumed 'whether' D:\phpStudy\WWW\matouPCS\Application\Runtime\Cache\Admin\6d0df41e4cf6ded81eeb7cf2a6173b26.php 第 126 行.
NOTIC: [8] Use of undefined constant whether - assumed 'whether' D:\phpStudy\WWW\matouPCS\Application\Runtime\Cache\Admin\6d0df41e4cf6ded81eeb7cf2a6173b26.php 第 129 行.
INFO: Run Behavior\ParseTemplateBehavior [ RunTime:0.032456s ]
INFO: [ view_parse ] --END-- [ RunTime:0.032588s ]
INFO: [ view_filter ] --START--
INFO: Run Behavior\WriteHtmlCacheBehavior [ RunTime:0.000368s ]
INFO: [ view_filter ] --END-- [ RunTime:0.000431s ]
INFO: [ app_end ] --START--
INFO: Run Behavior\ShowPageTraceBehavior [ RunTime:0.001354s ]
INFO: [ app_end ] --END-- [ RunTime:0.001522s ]

[ 2017-01-18T09:29:02+08:00 ] ::1 /matouPCS/index.php/Admin/Reward/update?psid=49
INFO: [ app_init ] --START--
INFO: Run Behavior\BuildLiteBehavior [ RunTime:0.000018s ]
INFO: [ app_init ] --END-- [ RunTime:0.000433s ]
INFO: [ app_begin ] --START--
INFO: Run Behavior\ReadHtmlCacheBehavior [ RunTime:0.000460s ]
INFO: [ app_begin ] --END-- [ RunTime:0.000519s ]
SQL: SHOW COLUMNS FROM `reward1` [ RunTime:0.0117s ]
SQL: SELECT * FROM `reward1` WHERE ( psid=49 )  [ RunTime:0.0012s ]
INFO: [ view_parse ] --START--
INFO: [ template_filter ] --START--
INFO: Run Behavior\ContentReplaceBehavior [ RunTime:0.000243s ]
INFO: [ template_filter ] --END-- [ RunTime:0.000393s ]
NOTIC: [8] Undefined index: pubtime D:\phpStudy\WWW\matouPCS\Application\Runtime\Cache\Admin\506529ede7575eaf2c324374b553d34d.php 第 97 行.
INFO: Run Behavior\ParseTemplateBehavior [ RunTime:0.032458s ]
INFO: [ view_parse ] --END-- [ RunTime:0.032606s ]
INFO: [ view_filter ] --START--
INFO: Run Behavior\WriteHtmlCacheBehavior [ RunTime:0.000659s ]
INFO: [ view_filter ] --END-- [ RunTime:0.000771s ]
INFO: [ app_end ] --START--
INFO: Run Behavior\ShowPageTraceBehavior [ RunTime:0.001589s ]
INFO: [ app_end ] --END-- [ RunTime:0.001720s ]

[ 2017-01-18T09:35:19+08:00 ] ::1 /matouPCS/index.php/Admin/Reward/tem?psid=50
INFO: [ app_init ] --START--
INFO: Run Behavior\BuildLiteBehavior [ RunTime:0.000012s ]
INFO: [ app_init ] --END-- [ RunTime:0.000293s ]
INFO: [ app_begin ] --START--
INFO: Run Behavior\ReadHtmlCacheBehavior [ RunTime:0.000562s ]
INFO: [ app_begin ] --END-- [ RunTime:0.000618s ]
SQL: SHOW COLUMNS FROM `reward2` [ RunTime:0.0127s ]
SQL: SELECT * FROM `reward2` WHERE ( pid=50 ) ORDER BY wid desc  [ RunTime:0.0005s ]
INFO: [ view_parse ] --START--
INFO: [ template_filter ] --START--
INFO: Run Behavior\ContentReplaceBehavior [ RunTime:0.000156s ]
INFO: [ template_filter ] --END-- [ RunTime:0.000259s ]
NOTIC: [8] Use of undefined constant sex - assumed 'sex' D:\phpStudy\WWW\matouPCS\Application\Runtime\Cache\Admin\6d0df41e4cf6ded81eeb7cf2a6173b26.php 第 103 行.
NOTIC: [8] Use of undefined constant sex - assumed 'sex' D:\phpStudy\WWW\matouPCS\Application\Runtime\Cache\Admin\6d0df41e4cf6ded81eeb7cf2a6173b26.php 第 106 行.
NOTIC: [8] Use of undefined constant sex - assumed 'sex' D:\phpStudy\WWW\matouPCS\Application\Runtime\Cache\Admin\6d0df41e4cf6ded81eeb7cf2a6173b26.php 第 109 行.
NOTIC: [8] Use of undefined constant whether - assumed 'whether' D:\phpStudy\WWW\matouPCS\Application\Runtime\Cache\Admin\6d0df41e4cf6ded81eeb7cf2a6173b26.php 第 126 行.
NOTIC: [8] Use of undefined constant whether - assumed 'whether' D:\phpStudy\WWW\matouPCS\Application\Runtime\Cache\Admin\6d0df41e4cf6ded81eeb7cf2a6173b26.php 第 129 行.
INFO: Run Behavior\ParseTemplateBehavior [ RunTime:0.019538s ]
INFO: [ view_parse ] --END-- [ RunTime:0.019619s ]
INFO: [ view_filter ] --START--
INFO: Run Behavior\WriteHtmlCacheBehavior [ RunTime:0.000382s ]
INFO: [ view_filter ] --END-- [ RunTime:0.000446s ]
INFO: [ app_end ] --START--
INFO: Run Behavior\ShowPageTraceBehavior [ RunTime:0.000932s ]
INFO: [ app_end ] --END-- [ RunTime:0.001011s ]

[ 2017-01-18T09:35:24+08:00 ] ::1 /matouPCS/index.php/Admin/Reward
INFO: [ app_init ] --START--
INFO: Run Behavior\BuildLiteBehavior [ RunTime:0.000017s ]
INFO: [ app_init ] --END-- [ RunTime:0.000346s ]
INFO: [ app_begin ] --START--
INFO: Run Behavior\ReadHtmlCacheBehavior [ RunTime:0.000478s ]
INFO: [ app_begin ] --END-- [ RunTime:0.000529s ]
NOTIC: [8] Undefined index: keywords D:\phpStudy\WWW\matouPCS\Application\Admin\Controller\RewardController.class.php 第 7 行.
SQL: SHOW COLUMNS FROM `reward1` [ RunTime:0.0116s ]
SQL: SELECT COUNT(*) AS tp_count FROM `reward1` INNER JOIN user on reward1.uid=user.id  WHERE `username` LIKE '%%' LIMIT 1   [ RunTime:0.0010s ]
NOTIC: [2] Missing argument 1 for Think\Page::show(), called in D:\phpStudy\WWW\matouPCS\Application\Admin\Controller\RewardController.class.php on line 27 and defined D:\phpStudy\WWW\matouPCS\ThinkPHP\Library\Think\Page.class.php 第 76 行.
NOTIC: [8] Undefined variable: url_replace D:\phpStudy\WWW\matouPCS\ThinkPHP\Library\Think\Page.class.php 第 82 行.
SQL: SELECT reward1.*,user.username FROM `reward1` INNER JOIN user on reward1.uid=user.id  WHERE `username` LIKE '%%' ORDER BY psid desc LIMIT 0,5   [ RunTime:0.0011s ]
INFO: [ view_parse ] --START--
INFO: [ template_filter ] --START--
INFO: Run Behavior\ContentReplaceBehavior [ RunTime:0.000137s ]
INFO: [ template_filter ] --END-- [ RunTime:0.000227s ]
INFO: Run Behavior\ParseTemplateBehavior [ RunTime:0.020144s ]
INFO: [ view_parse ] --END-- [ RunTime:0.020291s ]
INFO: [ view_filter ] --START--
INFO: Run Behavior\WriteHtmlCacheBehavior [ RunTime:0.000371s ]
INFO: [ view_filter ] --END-- [ RunTime:0.000433s ]
INFO: [ app_end ] --START--
INFO: Run Behavior\ShowPageTraceBehavior [ RunTime:0.000879s ]
INFO: [ app_end ] --END-- [ RunTime:0.000953s ]

[ 2017-01-18T09:35:27+08:00 ] ::1 /matouPCS/index.php/Admin/Reward/tem?psid=49
INFO: [ app_init ] --START--
INFO: Run Behavior\BuildLiteBehavior [ RunTime:0.000022s ]
INFO: [ app_init ] --END-- [ RunTime:0.000327s ]
INFO: [ app_begin ] --START--
INFO: Run Behavior\ReadHtmlCacheBehavior [ RunTime:0.000412s ]
INFO: [ app_begin ] --END-- [ RunTime:0.000451s ]
SQL: SHOW COLUMNS FROM `reward2` [ RunTime:0.0082s ]
SQL: SELECT * FROM `reward2` WHERE ( pid=49 ) ORDER BY wid desc  [ RunTime:0.0006s ]
INFO: [ view_parse ] --START--
INFO: [ template_filter ] --START--
INFO: Run Behavior\ContentReplaceBehavior [ RunTime:0.000100s ]
INFO: [ template_filter ] --END-- [ RunTime:0.000165s ]
NOTIC: [8] Use of undefined constant sex - assumed 'sex' D:\phpStudy\WWW\matouPCS\Application\Runtime\Cache\Admin\6d0df41e4cf6ded81eeb7cf2a6173b26.php 第 103 行.
NOTIC: [8] Use of undefined constant sex - assumed 'sex' D:\phpStudy\WWW\matouPCS\Application\Runtime\Cache\Admin\6d0df41e4cf6ded81eeb7cf2a6173b26.php 第 106 行.
NOTIC: [8] Use of undefined constant sex - assumed 'sex' D:\phpStudy\WWW\matouPCS\Application\Runtime\Cache\Admin\6d0df41e4cf6ded81eeb7cf2a6173b26.php 第 109 行.
NOTIC: [8] Use of undefined constant whether - assumed 'whether' D:\phpStudy\WWW\matouPCS\Application\Runtime\Cache\Admin\6d0df41e4cf6ded81eeb7cf2a6173b26.php 第 126 行.
NOTIC: [8] Use of undefined constant whether - assumed 'whether' D:\phpStudy\WWW\matouPCS\Application\Runtime\Cache\Admin\6d0df41e4cf6ded81eeb7cf2a6173b26.php 第 129 行.
INFO: Run Behavior\ParseTemplateBehavior [ RunTime:0.022093s ]
INFO: [ view_parse ] --END-- [ RunTime:0.022162s ]
INFO: [ view_filter ] --START--
INFO: Run Behavior\WriteHtmlCacheBehavior [ RunTime:0.000198s ]
INFO: [ view_filter ] --END-- [ RunTime:0.000236s ]
INFO: [ app_end ] --START--
INFO: Run Behavior\ShowPageTraceBehavior [ RunTime:0.000628s ]
INFO: [ app_end ] --END-- [ RunTime:0.000682s ]

[ 2017-01-18T09:35:37+08:00 ] ::1 /matouPCS/index.php/Admin/Reward/tem?psid=48
INFO: [ app_init ] --START--
INFO: Run Behavior\BuildLiteBehavior [ RunTime:0.000013s ]
INFO: [ app_init ] --END-- [ RunTime:0.000313s ]
INFO: [ app_begin ] --START--
INFO: Run Behavior\ReadHtmlCacheBehavior [ RunTime:0.000428s ]
INFO: [ app_begin ] --END-- [ RunTime:0.000477s ]
SQL: SHOW COLUMNS FROM `reward2` [ RunTime:0.0074s ]
SQL: SELECT * FROM `reward2` WHERE ( pid=48 ) ORDER BY wid desc  [ RunTime:0.0005s ]
INFO: [ view_parse ] --START--
INFO: [ template_filter ] --START--
INFO: Run Behavior\ContentReplaceBehavior [ RunTime:0.000073s ]
INFO: [ template_filter ] --END-- [ RunTime:0.000118s ]
NOTIC: [8] Use of undefined constant sex - assumed 'sex' D:\phpStudy\WWW\matouPCS\Application\Runtime\Cache\Admin\6d0df41e4cf6ded81eeb7cf2a6173b26.php 第 103 行.
NOTIC: [8] Use of undefined constant sex - assumed 'sex' D:\phpStudy\WWW\matouPCS\Application\Runtime\Cache\Admin\6d0df41e4cf6ded81eeb7cf2a6173b26.php 第 106 行.
NOTIC: [8] Use of undefined constant sex - assumed 'sex' D:\phpStudy\WWW\matouPCS\Application\Runtime\Cache\Admin\6d0df41e4cf6ded81eeb7cf2a6173b26.php 第 109 行.
NOTIC: [8] Use of undefined constant whether - assumed 'whether' D:\phpStudy\WWW\matouPCS\Application\Runtime\Cache\Admin\6d0df41e4cf6ded81eeb7cf2a6173b26.php 第 126 行.
NOTIC: [8] Use of undefined constant whether - assumed 'whether' D:\phpStudy\WWW\matouPCS\Application\Runtime\Cache\Admin\6d0df41e4cf6ded81eeb7cf2a6173b26.php 第 129 行.
NOTIC: [8] Use of undefined constant sex - assumed 'sex' D:\phpStudy\WWW\matouPCS\Application\Runtime\Cache\Admin\6d0df41e4cf6ded81eeb7cf2a6173b26.php 第 103 行.
NOTIC: [8] Use of undefined constant sex - assumed 'sex' D:\phpStudy\WWW\matouPCS\Application\Runtime\Cache\Admin\6d0df41e4cf6ded81eeb7cf2a6173b26.php 第 106 行.
NOTIC: [8] Use of undefined constant sex - assumed 'sex' D:\phpStudy\WWW\matouPCS\Application\Runtime\Cache\Admin\6d0df41e4cf6ded81eeb7cf2a6173b26.php 第 109 行.
NOTIC: [8] Use of undefined constant whether - assumed 'whether' D:\phpStudy\WWW\matouPCS\Application\Runtime\Cache\Admin\6d0df41e4cf6ded81eeb7cf2a6173b26.php 第 126 行.
NOTIC: [8] Use of undefined constant whether - assumed 'whether' D:\phpStudy\WWW\matouPCS\Application\Runtime\Cache\Admin\6d0df41e4cf6ded81eeb7cf2a6173b26.php 第 129 行.
INFO: Run Behavior\ParseTemplateBehavior [ RunTime:0.014814s ]
INFO: [ view_parse ] --END-- [ RunTime:0.014873s ]
INFO: [ view_filter ] --START--
INFO: Run Behavior\WriteHtmlCacheBehavior [ RunTime:0.000182s ]
INFO: [ view_filter ] --END-- [ RunTime:0.000210s ]
INFO: [ app_end ] --START--
INFO: Run Behavior\ShowPageTraceBehavior [ RunTime:0.000636s ]
INFO: [ app_end ] --END-- [ RunTime:0.000688s ]

[ 2017-01-18T09:35:50+08:00 ] ::1 /matouPCS/index.php/Admin/Due
INFO: [ app_init ] --START--
INFO: Run Behavior\BuildLiteBehavior [ RunTime:0.000011s ]
INFO: [ app_init ] --END-- [ RunTime:0.000278s ]
INFO: [ app_begin ] --START--
INFO: Run Behavior\ReadHtmlCacheBehavior [ RunTime:0.000440s ]
INFO: [ app_begin ] --END-- [ RunTime:0.000479s ]
NOTIC: [8] Undefined index: keywords D:\phpStudy\WWW\matouPCS\Application\Admin\Controller\DueController.class.php 第 8 行.
SQL: SHOW COLUMNS FROM `due` [ RunTime:0.0165s ]
SQL: SELECT COUNT(*) AS tp_count FROM `due` INNER JOIN user on Due.uid=user.id  WHERE `username` LIKE '%%' LIMIT 1   [ RunTime:0.0009s ]
NOTIC: [2] Missing argument 1 for Think\Page::show(), called in D:\phpStudy\WWW\matouPCS\Application\Admin\Controller\DueController.class.php on line 28 and defined D:\phpStudy\WWW\matouPCS\ThinkPHP\Library\Think\Page.class.php 第 76 行.
NOTIC: [8] Undefined variable: url_replace D:\phpStudy\WWW\matouPCS\ThinkPHP\Library\Think\Page.class.php 第 82 行.
SQL: SELECT Due.*,user.username FROM `due` INNER JOIN user on Due.uid=user.id  WHERE `username` LIKE '%%' ORDER BY did desc LIMIT 0,5   [ RunTime:0.0012s ]
INFO: [ view_parse ] --START--
INFO: [ template_filter ] --START--
INFO: Run Behavior\ContentReplaceBehavior [ RunTime:0.000153s ]
INFO: [ template_filter ] --END-- [ RunTime:0.000251s ]
INFO: Run Behavior\ParseTemplateBehavior [ RunTime:0.026580s ]
INFO: [ view_parse ] --END-- [ RunTime:0.026720s ]
INFO: [ view_filter ] --START--
INFO: Run Behavior\WriteHtmlCacheBehavior [ RunTime:0.000443s ]
INFO: [ view_filter ] --END-- [ RunTime:0.000520s ]
INFO: [ app_end ] --START--
INFO: Run Behavior\ShowPageTraceBehavior [ RunTime:0.002216s ]
INFO: [ app_end ] --END-- [ RunTime:0.002338s ]

[ 2017-01-18T09:36:11+08:00 ] ::1 /matouPCS/index.php/Admin/Due/updateimage?did=3
INFO: [ app_init ] --START--
INFO: Run Behavior\BuildLiteBehavior [ RunTime:0.000012s ]
INFO: [ app_init ] --END-- [ RunTime:0.000281s ]
INFO: [ app_begin ] --START--
INFO: Run Behavior\ReadHtmlCacheBehavior [ RunTime:0.000451s ]
INFO: [ app_begin ] --END-- [ RunTime:0.000493s ]
SQL: SHOW COLUMNS FROM `dueimage` [ RunTime:0.0052s ]
SQL: SELECT dueimage.*,due.name FROM `dueimage` INNER JOIN due on dueimage.pid=due.did  WHERE ( pid=3 )  [ RunTime:0.0003s ]
INFO: [ view_parse ] --START--
INFO: [ template_filter ] --START--
INFO: Run Behavior\ContentReplaceBehavior [ RunTime:0.000058s ]
INFO: [ template_filter ] --END-- [ RunTime:0.000100s ]
NOTIC: [8] Undefined index: usid D:\phpStudy\WWW\matouPCS\Application\Runtime\Cache\Admin\8d1d0d52095adfe353b64ffbc05cc718.php 第 104 行.
INFO: Run Behavior\ParseTemplateBehavior [ RunTime:0.008745s ]
INFO: [ view_parse ] --END-- [ RunTime:0.008786s ]
INFO: [ view_filter ] --START--
INFO: Run Behavior\WriteHtmlCacheBehavior [ RunTime:0.000187s ]
INFO: [ view_filter ] --END-- [ RunTime:0.000219s ]
INFO: [ app_end ] --START--
INFO: Run Behavior\ShowPageTraceBehavior [ RunTime:0.000440s ]
INFO: [ app_end ] --END-- [ RunTime:0.000471s ]

[ 2017-01-18T09:36:22+08:00 ] ::1 /matouPCS/index.php/Admin/Recruit
INFO: [ app_init ] --START--
INFO: Run Behavior\BuildLiteBehavior [ RunTime:0.000012s ]
INFO: [ app_init ] --END-- [ RunTime:0.000276s ]
INFO: [ app_begin ] --START--
INFO: Run Behavior\ReadHtmlCacheBehavior [ RunTime:0.000558s ]
INFO: [ app_begin ] --END-- [ RunTime:0.000603s ]
NOTIC: [8] Undefined index: keywords D:\phpStudy\WWW\matouPCS\Application\Admin\Controller\RecruitController.class.php 第 7 行.
SQL: SHOW COLUMNS FROM `recruit1` [ RunTime:0.0123s ]
SQL: SELECT COUNT(*) AS tp_count FROM `recruit1` INNER JOIN user on recruit1.uid=user.id  LIMIT 1   [ RunTime:0.0012s ]
NOTIC: [2] Missing argument 1 for Think\Page::show(), called in D:\phpStudy\WWW\matouPCS\Application\Admin\Controller\RecruitController.class.php on line 25 and defined D:\phpStudy\WWW\matouPCS\ThinkPHP\Library\Think\Page.class.php 第 76 行.
NOTIC: [8] Undefined variable: url_replace D:\phpStudy\WWW\matouPCS\ThinkPHP\Library\Think\Page.class.php 第 82 行.
SQL: SELECT recruit1.*,user.username FROM `recruit1` INNER JOIN user on recruit1.uid=user.id  WHERE `username` LIKE '%%' ORDER BY rid desc LIMIT 0,5   [ RunTime:0.0008s ]
INFO: [ view_parse ] --START--
INFO: [ template_filter ] --START--
INFO: Run Behavior\ContentReplaceBehavior [ RunTime:0.000173s ]
INFO: [ template_filter ] --END-- [ RunTime:0.000293s ]
INFO: Run Behavior\ParseTemplateBehavior [ RunTime:0.044670s ]
INFO: [ view_parse ] --END-- [ RunTime:0.044825s ]
INFO: [ view_filter ] --START--
INFO: Run Behavior\WriteHtmlCacheBehavior [ RunTime:0.000551s ]
INFO: [ view_filter ] --END-- [ RunTime:0.000642s ]
INFO: [ app_end ] --START--
INFO: Run Behavior\ShowPageTraceBehavior [ RunTime:0.001893s ]
INFO: [ app_end ] --END-- [ RunTime:0.002291s ]

[ 2017-01-18T09:36:25+08:00 ] ::1 /matouPCS/index.php/Admin/Recruit/tem?rid=37
INFO: [ app_init ] --START--
INFO: Run Behavior\BuildLiteBehavior [ RunTime:0.000017s ]
INFO: [ app_init ] --END-- [ RunTime:0.000355s ]
INFO: [ app_begin ] --START--
INFO: Run Behavior\ReadHtmlCacheBehavior [ RunTime:0.000428s ]
INFO: [ app_begin ] --END-- [ RunTime:0.000473s ]
SQL: SHOW COLUMNS FROM `recruit2` [ RunTime:0.0139s ]
SQL: SELECT * FROM `recruit2` WHERE ( pid=37 ) ORDER BY id desc  [ RunTime:0.0010s ]
INFO: [ view_parse ] --START--
INFO: [ template_filter ] --START--
INFO: Run Behavior\ContentReplaceBehavior [ RunTime:0.000114s ]
INFO: [ template_filter ] --END-- [ RunTime:0.000181s ]
NOTIC: [8] Use of undefined constant sex - assumed 'sex' D:\phpStudy\WWW\matouPCS\Application\Runtime\Cache\Admin\e65ea3bc96620f62a6fa42e0f136e20e.php 第 101 行.
NOTIC: [8] Use of undefined constant sex - assumed 'sex' D:\phpStudy\WWW\matouPCS\Application\Runtime\Cache\Admin\e65ea3bc96620f62a6fa42e0f136e20e.php 第 104 行.
NOTIC: [8] Use of undefined constant sex - assumed 'sex' D:\phpStudy\WWW\matouPCS\Application\Runtime\Cache\Admin\e65ea3bc96620f62a6fa42e0f136e20e.php 第 101 行.
NOTIC: [8] Use of undefined constant sex - assumed 'sex' D:\phpStudy\WWW\matouPCS\Application\Runtime\Cache\Admin\e65ea3bc96620f62a6fa42e0f136e20e.php 第 104 行.
NOTIC: [8] Use of undefined constant sex - assumed 'sex' D:\phpStudy\WWW\matouPCS\Application\Runtime\Cache\Admin\e65ea3bc96620f62a6fa42e0f136e20e.php 第 101 行.
NOTIC: [8] Use of undefined constant sex - assumed 'sex' D:\phpStudy\WWW\matouPCS\Application\Runtime\Cache\Admin\e65ea3bc96620f62a6fa42e0f136e20e.php 第 104 行.
INFO: Run Behavior\ParseTemplateBehavior [ RunTime:0.036012s ]
INFO: [ view_parse ] --END-- [ RunTime:0.036123s ]
INFO: [ view_filter ] --START--
INFO: Run Behavior\WriteHtmlCacheBehavior [ RunTime:0.000293s ]
INFO: [ view_filter ] --END-- [ RunTime:0.000339s ]
INFO: [ app_end ] --START--
INFO: Run Behavior\ShowPageTraceBehavior [ RunTime:0.000950s ]
INFO: [ app_end ] --END-- [ RunTime:0.001024s ]

[ 2017-01-18T09:36:32+08:00 ] ::1 /matouPCS/index.php/Admin/Recruit/tem?rid=36
INFO: [ app_init ] --START--
INFO: Run Behavior\BuildLiteBehavior [ RunTime:0.000012s ]
INFO: [ app_init ] --END-- [ RunTime:0.000282s ]
INFO: [ app_begin ] --START--
INFO: Run Behavior\ReadHtmlCacheBehavior [ RunTime:0.000550s ]
INFO: [ app_begin ] --END-- [ RunTime:0.000616s ]
SQL: SHOW COLUMNS FROM `recruit2` [ RunTime:0.0118s ]
SQL: SELECT * FROM `recruit2` WHERE ( pid=36 ) ORDER BY id desc  [ RunTime:0.0009s ]
INFO: [ view_parse ] --START--
INFO: [ template_filter ] --START--
INFO: Run Behavior\ContentReplaceBehavior [ RunTime:0.000116s ]
INFO: [ template_filter ] --END-- [ RunTime:0.000193s ]
NOTIC: [8] Use of undefined constant sex - assumed 'sex' D:\phpStudy\WWW\matouPCS\Application\Runtime\Cache\Admin\e65ea3bc96620f62a6fa42e0f136e20e.php 第 101 行.
NOTIC: [8] Use of undefined constant sex - assumed 'sex' D:\phpStudy\WWW\matouPCS\Application\Runtime\Cache\Admin\e65ea3bc96620f62a6fa42e0f136e20e.php 第 104 行.
NOTIC: [8] Use of undefined constant sex - assumed 'sex' D:\phpStudy\WWW\matouPCS\Application\Runtime\Cache\Admin\e65ea3bc96620f62a6fa42e0f136e20e.php 第 101 行.
NOTIC: [8] Use of undefined constant sex - assumed 'sex' D:\phpStudy\WWW\matouPCS\Application\Runtime\Cache\Admin\e65ea3bc96620f62a6fa42e0f136e20e.php 第 104 行.
INFO: Run Behavior\ParseTemplateBehavior [ RunTime:0.019431s ]
INFO: [ view_parse ] --END-- [ RunTime:0.019566s ]
INFO: [ view_filter ] --START--
INFO: Run Behavior\WriteHtmlCacheBehavior [ RunTime:0.000336s ]
INFO: [ view_filter ] --END-- [ RunTime:0.000391s ]
INFO: [ app_end ] --START--
INFO: Run Behavior\ShowPageTraceBehavior [ RunTime:0.000801s ]
INFO: [ app_end ] --END-- [ RunTime:0.000870s ]

[ 2017-01-18T09:37:01+08:00 ] ::1 /matouPCS/index.php/Admin/Employ
INFO: [ app_init ] --START--
INFO: Run Behavior\BuildLiteBehavior [ RunTime:0.000039s ]
INFO: [ app_init ] --END-- [ RunTime:0.000716s ]
INFO: [ app_begin ] --START--
INFO: Run Behavior\ReadHtmlCacheBehavior [ RunTime:0.001118s ]
INFO: [ app_begin ] --END-- [ RunTime:0.001271s ]
NOTIC: [8] Undefined index: keywords D:\phpStudy\WWW\matouPCS\Application\Admin\Controller\EmployController.class.php 第 7 行.
SQL: SHOW COLUMNS FROM `employ` [ RunTime:0.0951s ]
SQL: SELECT COUNT(*) AS tp_count FROM `employ` INNER JOIN user on employ.uid=user.id  LIMIT 1   [ RunTime:0.0010s ]
NOTIC: [2] Missing argument 1 for Think\Page::show(), called in D:\phpStudy\WWW\matouPCS\Application\Admin\Controller\EmployController.class.php on line 25 and defined D:\phpStudy\WWW\matouPCS\ThinkPHP\Library\Think\Page.class.php 第 76 行.
NOTIC: [8] Undefined variable: url_replace D:\phpStudy\WWW\matouPCS\ThinkPHP\Library\Think\Page.class.php 第 82 行.
SQL: SELECT employ.*,user.username FROM `employ` INNER JOIN user on employ.uid=user.id  WHERE `username` LIKE '%%' ORDER BY id desc LIMIT 0,5   [ RunTime:0.0179s ]
INFO: [ view_parse ] --START--
INFO: [ template_filter ] --START--
INFO: Run Behavior\ContentReplaceBehavior [ RunTime:0.000105s ]
INFO: [ template_filter ] --END-- [ RunTime:0.000174s ]
INFO: Run Behavior\ParseTemplateBehavior [ RunTime:0.029720s ]
INFO: [ view_parse ] --END-- [ RunTime:0.029795s ]
INFO: [ view_filter ] --START--
INFO: Run Behavior\WriteHtmlCacheBehavior [ RunTime:0.000290s ]
INFO: [ view_filter ] --END-- [ RunTime:0.000340s ]
INFO: [ app_end ] --START--
INFO: Run Behavior\ShowPageTraceBehavior [ RunTime:0.001063s ]
INFO: [ app_end ] --END-- [ RunTime:0.001159s ]

[ 2017-01-18T09:37:14+08:00 ] ::1 /matouPCS/index.php/Admin/Force
INFO: [ app_init ] --START--
INFO: Run Behavior\BuildLiteBehavior [ RunTime:0.000013s ]
INFO: [ app_init ] --END-- [ RunTime:0.000351s ]
INFO: [ app_begin ] --START--
INFO: Run Behavior\ReadHtmlCacheBehavior [ RunTime:0.000599s ]
INFO: [ app_begin ] --END-- [ RunTime:0.000656s ]
NOTIC: [8] Undefined index: keywords D:\phpStudy\WWW\matouPCS\Application\Admin\Controller\ForceController.class.php 第 7 行.
SQL: SHOW COLUMNS FROM `forcee` [ RunTime:0.0119s ]
SQL: SELECT COUNT(*) AS tp_count FROM `forcee` INNER JOIN user on forcee.uid=user.id  WHERE `username` LIKE '%%' LIMIT 1   [ RunTime:0.0008s ]
NOTIC: [2] Missing argument 1 for Think\Page::show(), called in D:\phpStudy\WWW\matouPCS\Application\Admin\Controller\ForceController.class.php on line 25 and defined D:\phpStudy\WWW\matouPCS\ThinkPHP\Library\Think\Page.class.php 第 76 行.
NOTIC: [8] Undefined variable: url_replace D:\phpStudy\WWW\matouPCS\ThinkPHP\Library\Think\Page.class.php 第 82 行.
SQL: SELECT forcee.*,user.username FROM `forcee` INNER JOIN user on forcee.uid=user.id  ORDER BY id desc LIMIT 0,5   [ RunTime:0.0010s ]
INFO: [ view_parse ] --START--
INFO: [ template_filter ] --START--
INFO: Run Behavior\ContentReplaceBehavior [ RunTime:0.000269s ]
INFO: [ template_filter ] --END-- [ RunTime:0.000453s ]
NOTIC: [8] Use of undefined constant status - assumed 'status' D:\phpStudy\WWW\matouPCS\Application\Runtime\Cache\Admin\52a42991261803d1ec7110a422e01e8d.php 第 142 行.
NOTIC: [8] Use of undefined constant status - assumed 'status' D:\phpStudy\WWW\matouPCS\Application\Runtime\Cache\Admin\52a42991261803d1ec7110a422e01e8d.php 第 143 行.
NOTIC: [8] Use of undefined constant status - assumed 'status' D:\phpStudy\WWW\matouPCS\Application\Runtime\Cache\Admin\52a42991261803d1ec7110a422e01e8d.php 第 144 行.
NOTIC: [8] Use of undefined constant status - assumed 'status' D:\phpStudy\WWW\matouPCS\Application\Runtime\Cache\Admin\52a42991261803d1ec7110a422e01e8d.php 第 142 行.
NOTIC: [8] Use of undefined constant status - assumed 'status' D:\phpStudy\WWW\matouPCS\Application\Runtime\Cache\Admin\52a42991261803d1ec7110a422e01e8d.php 第 143 行.
NOTIC: [8] Use of undefined constant status - assumed 'status' D:\phpStudy\WWW\matouPCS\Application\Runtime\Cache\Admin\52a42991261803d1ec7110a422e01e8d.php 第 144 行.
INFO: Run Behavior\ParseTemplateBehavior [ RunTime:0.036817s ]
INFO: [ view_parse ] --END-- [ RunTime:0.036993s ]
INFO: [ view_filter ] --START--
INFO: Run Behavior\WriteHtmlCacheBehavior [ RunTime:0.000501s ]
INFO: [ view_filter ] --END-- [ RunTime:0.000560s ]
INFO: [ app_end ] --START--
INFO: Run Behavior\ShowPageTraceBehavior [ RunTime:0.001203s ]
INFO: [ app_end ] --END-- [ RunTime:0.001293s ]

[ 2017-01-18T09:37:20+08:00 ] ::1 /matouPCS/index.php/Admin/Shop
INFO: [ app_init ] --START--
INFO: Run Behavior\BuildLiteBehavior [ RunTime:0.000012s ]
INFO: [ app_init ] --END-- [ RunTime:0.000280s ]
INFO: [ app_begin ] --START--
INFO: Run Behavior\ReadHtmlCacheBehavior [ RunTime:0.000411s ]
INFO: [ app_begin ] --END-- [ RunTime:0.000449s ]
NOTIC: [8] Undefined index: keywords D:\phpStudy\WWW\matouPCS\Application\Admin\Controller\ShopController.class.php 第 7 行.
SQL: SHOW COLUMNS FROM `shop` [ RunTime:0.0070s ]
SQL: SELECT COUNT(*) AS tp_count FROM `shop` INNER JOIN user on shop.uid=user.id  WHERE `username` LIKE '%%' LIMIT 1   [ RunTime:0.0005s ]
NOTIC: [2] Missing argument 1 for Think\Page::show(), called in D:\phpStudy\WWW\matouPCS\Application\Admin\Controller\ShopController.class.php on line 27 and defined D:\phpStudy\WWW\matouPCS\ThinkPHP\Library\Think\Page.class.php 第 76 行.
NOTIC: [8] Undefined variable: url_replace D:\phpStudy\WWW\matouPCS\ThinkPHP\Library\Think\Page.class.php 第 82 行.
SQL: SELECT shop.*,user.username FROM `shop` INNER JOIN user on shop.uid=user.id  WHERE `username` LIKE '%%' ORDER BY id desc LIMIT 0,5   [ RunTime:0.0006s ]
INFO: [ view_parse ] --START--
INFO: [ template_filter ] --START--
INFO: Run Behavior\ContentReplaceBehavior [ RunTime:0.000139s ]
INFO: [ template_filter ] --END-- [ RunTime:0.000231s ]
INFO: Run Behavior\ParseTemplateBehavior [ RunTime:0.097187s ]
INFO: [ view_parse ] --END-- [ RunTime:0.097294s ]
INFO: [ view_filter ] --START--
INFO: Run Behavior\WriteHtmlCacheBehavior [ RunTime:0.000393s ]
INFO: [ view_filter ] --END-- [ RunTime:0.000456s ]
INFO: [ app_end ] --START--
INFO: Run Behavior\ShowPageTraceBehavior [ RunTime:0.001041s ]
INFO: [ app_end ] --END-- [ RunTime:0.001147s ]

[ 2017-01-18T09:37:24+08:00 ] ::1 /matouPCS/index.php/Admin/Shop
INFO: [ app_init ] --START--
INFO: Run Behavior\BuildLiteBehavior [ RunTime:0.000017s ]
INFO: [ app_init ] --END-- [ RunTime:0.000333s ]
INFO: [ app_begin ] --START--
INFO: Run Behavior\ReadHtmlCacheBehavior [ RunTime:0.000478s ]
INFO: [ app_begin ] --END-- [ RunTime:0.000523s ]
NOTIC: [8] Undefined index: keywords D:\phpStudy\WWW\matouPCS\Application\Admin\Controller\ShopController.class.php 第 7 行.
SQL: SHOW COLUMNS FROM `shop` [ RunTime:0.0050s ]
SQL: SELECT COUNT(*) AS tp_count FROM `shop` INNER JOIN user on shop.uid=user.id  WHERE `username` LIKE '%%' LIMIT 1   [ RunTime:0.0003s ]
NOTIC: [2] Missing argument 1 for Think\Page::show(), called in D:\phpStudy\WWW\matouPCS\Application\Admin\Controller\ShopController.class.php on line 27 and defined D:\phpStudy\WWW\matouPCS\ThinkPHP\Library\Think\Page.class.php 第 76 行.
NOTIC: [8] Undefined variable: url_replace D:\phpStudy\WWW\matouPCS\ThinkPHP\Library\Think\Page.class.php 第 82 行.
SQL: SELECT shop.*,user.username FROM `shop` INNER JOIN user on shop.uid=user.id  WHERE `username` LIKE '%%' ORDER BY id desc LIMIT 0,5   [ RunTime:0.0003s ]
INFO: [ view_parse ] --START--
INFO: [ template_filter ] --START--
INFO: Run Behavior\ContentReplaceBehavior [ RunTime:0.000090s ]
INFO: [ template_filter ] --END-- [ RunTime:0.000137s ]
INFO: Run Behavior\ParseTemplateBehavior [ RunTime:0.008651s ]
INFO: [ view_parse ] --END-- [ RunTime:0.008702s ]
INFO: [ view_filter ] --START--
INFO: Run Behavior\WriteHtmlCacheBehavior [ RunTime:0.000189s ]
INFO: [ view_filter ] --END-- [ RunTime:0.000218s ]
INFO: [ app_end ] --START--
INFO: Run Behavior\ShowPageTraceBehavior [ RunTime:0.000483s ]
INFO: [ app_end ] --END-- [ RunTime:0.000524s ]

[ 2017-01-18T09:37:40+08:00 ] ::1 /matouPCS/index.php/Admin/Flea
INFO: [ app_init ] --START--
INFO: Run Behavior\BuildLiteBehavior [ RunTime:0.000011s ]
INFO: [ app_init ] --END-- [ RunTime:0.000276s ]
INFO: [ app_begin ] --START--
INFO: Run Behavior\ReadHtmlCacheBehavior [ RunTime:0.000439s ]
INFO: [ app_begin ] --END-- [ RunTime:0.000477s ]
NOTIC: [8] Undefined index: keywords D:\phpStudy\WWW\matouPCS\Application\Admin\Controller\FleaController.class.php 第 7 行.
SQL: SHOW COLUMNS FROM `flea` [ RunTime:0.0127s ]
SQL: SELECT COUNT(*) AS tp_count FROM `flea` INNER JOIN user on flea.uid=user.id  WHERE `username` LIKE '%%' LIMIT 1   [ RunTime:0.0006s ]
NOTIC: [2] Missing argument 1 for Think\Page::show(), called in D:\phpStudy\WWW\matouPCS\Application\Admin\Controller\FleaController.class.php on line 27 and defined D:\phpStudy\WWW\matouPCS\ThinkPHP\Library\Think\Page.class.php 第 76 行.
NOTIC: [8] Undefined variable: url_replace D:\phpStudy\WWW\matouPCS\ThinkPHP\Library\Think\Page.class.php 第 82 行.
SQL: SELECT flea.*,user.username FROM `flea` INNER JOIN user on flea.uid=user.id  WHERE `username` LIKE '%%' ORDER BY fid desc LIMIT 0,5   [ RunTime:0.0009s ]
INFO: [ view_parse ] --START--
INFO: [ template_filter ] --START--
INFO: Run Behavior\ContentReplaceBehavior [ RunTime:0.000151s ]
INFO: [ template_filter ] --END-- [ RunTime:0.000255s ]
NOTIC: [8] Use of undefined constant type - assumed 'type' D:\phpStudy\WWW\matouPCS\Application\Runtime\Cache\Admin\c77caaba0fc4b6f7b254d8d5a2a8ad9e.php 第 138 行.
NOTIC: [8] Use of undefined constant type - assumed 'type' D:\phpStudy\WWW\matouPCS\Application\Runtime\Cache\Admin\c77caaba0fc4b6f7b254d8d5a2a8ad9e.php 第 138 行.
INFO: Run Behavior\ParseTemplateBehavior [ RunTime:0.022289s ]
INFO: [ view_parse ] --END-- [ RunTime:0.022383s ]
INFO: [ view_filter ] --START--
INFO: Run Behavior\WriteHtmlCacheBehavior [ RunTime:0.000278s ]
INFO: [ view_filter ] --END-- [ RunTime:0.000322s ]
INFO: [ app_end ] --START--
INFO: Run Behavior\ShowPageTraceBehavior [ RunTime:0.000619s ]
INFO: [ app_end ] --END-- [ RunTime:0.000671s ]

[ 2017-01-18T09:38:04+08:00 ] ::1 /matouPCS/index.php/Admin/Friend
INFO: [ app_init ] --START--
INFO: Run Behavior\BuildLiteBehavior [ RunTime:0.000012s ]
INFO: [ app_init ] --END-- [ RunTime:0.000281s ]
INFO: [ app_begin ] --START--
INFO: Run Behavior\ReadHtmlCacheBehavior [ RunTime:0.000411s ]
INFO: [ app_begin ] --END-- [ RunTime:0.000449s ]
NOTIC: [8] Undefined index: keywords D:\phpStudy\WWW\matouPCS\Application\Admin\Controller\FriendController.class.php 第 7 行.
ERR: SQLSTATE[42S02]: Base table or view not found: 1146 Table 'matoupc.friend' doesn't exist

[ 2017-01-18T09:38:09+08:00 ] ::1 /matouPCS/index.php/Admin/Us
INFO: [ app_init ] --START--
INFO: Run Behavior\BuildLiteBehavior [ RunTime:0.000011s ]
INFO: [ app_init ] --END-- [ RunTime:0.000281s ]
INFO: [ app_begin ] --START--
INFO: Run Behavior\ReadHtmlCacheBehavior [ RunTime:0.000450s ]
INFO: [ app_begin ] --END-- [ RunTime:0.000491s ]
ERR: SQLSTATE[42S02]: Base table or view not found: 1146 Table 'matoupc.us' doesn't exist

[ 2017-01-18T09:39:03+08:00 ] ::1 /matouPCS/index.php/Admin/User
INFO: [ app_init ] --START--
INFO: Run Behavior\BuildLiteBehavior [ RunTime:0.000012s ]
INFO: [ app_init ] --END-- [ RunTime:0.000281s ]
INFO: [ app_begin ] --START--
INFO: Run Behavior\ReadHtmlCacheBehavior [ RunTime:0.000448s ]
INFO: [ app_begin ] --END-- [ RunTime:0.000487s ]
NOTIC: [8] Undefined index: keywords D:\phpStudy\WWW\matouPCS\Application\Admin\Controller\UserController.class.php 第 7 行.
SQL: SHOW COLUMNS FROM `user` [ RunTime:0.0132s ]
SQL: SELECT COUNT(*) AS tp_count FROM `user` WHERE `username` LIKE '%%' LIMIT 1   [ RunTime:0.0007s ]
NOTIC: [2] Missing argument 1 for Think\Page::show(), called in D:\phpStudy\WWW\matouPCS\Application\Admin\Controller\UserController.class.php on line 24 and defined D:\phpStudy\WWW\matouPCS\ThinkPHP\Library\Think\Page.class.php 第 76 行.
NOTIC: [8] Undefined variable: url_replace D:\phpStudy\WWW\matouPCS\ThinkPHP\Library\Think\Page.class.php 第 82 行.
SQL: SELECT * FROM `user` WHERE `username` LIKE '%%' ORDER BY id desc LIMIT 0,5   [ RunTime:0.0016s ]
INFO: [ view_parse ] --START--
INFO: [ template_filter ] --START--
INFO: Run Behavior\ContentReplaceBehavior [ RunTime:0.000232s ]
INFO: [ template_filter ] --END-- [ RunTime:0.000397s ]
NOTIC: [8] Undefined index: address D:\phpStudy\WWW\matouPCS\Application\Runtime\Cache\Admin\65e605872ed5d34210f5b33beb13f5a3.php 第 128 行.
NOTIC: [8] Undefined index: address D:\phpStudy\WWW\matouPCS\Application\Runtime\Cache\Admin\65e605872ed5d34210f5b33beb13f5a3.php 第 128 行.
NOTIC: [8] Undefined index: address D:\phpStudy\WWW\matouPCS\Application\Runtime\Cache\Admin\65e605872ed5d34210f5b33beb13f5a3.php 第 128 行.
NOTIC: [8] Undefined index: address D:\phpStudy\WWW\matouPCS\Application\Runtime\Cache\Admin\65e605872ed5d34210f5b33beb13f5a3.php 第 128 行.
INFO: Run Behavior\ParseTemplateBehavior [ RunTime:0.121822s ]
INFO: [ view_parse ] --END-- [ RunTime:0.122052s ]
INFO: [ view_filter ] --START--
INFO: Run Behavior\WriteHtmlCacheBehavior [ RunTime:0.000693s ]
INFO: [ view_filter ] --END-- [ RunTime:0.000805s ]
INFO: [ app_end ] --START--
INFO: Run Behavior\ShowPageTraceBehavior [ RunTime:0.002301s ]
INFO: [ app_end ] --END-- [ RunTime:0.002516s ]

[ 2017-01-18T09:39:08+08:00 ] ::1 /matouPCS/index.php/Admin/Bdzx
INFO: [ app_init ] --START--
INFO: Run Behavior\BuildLiteBehavior [ RunTime:0.000011s ]
INFO: [ app_init ] --END-- [ RunTime:0.000276s ]
INFO: [ app_begin ] --START--
INFO: Run Behavior\ReadHtmlCacheBehavior [ RunTime:0.000411s ]
INFO: [ app_begin ] --END-- [ RunTime:0.000449s ]
NOTIC: [8] Undefined index: keywords D:\phpStudy\WWW\matouPCS\Application\Admin\Controller\BdzxController.class.php 第 11 行.
SQL: SHOW COLUMNS FROM `forcee` [ RunTime:0.0129s ]
SQL: SELECT COUNT(*) AS tp_count FROM `forcee` INNER JOIN user on forcee.uid=user.id  WHERE `username` LIKE '%%' LIMIT 1   [ RunTime:0.0010s ]
NOTIC: [2] Missing argument 1 for Think\Page::show(), called in D:\phpStudy\WWW\matouPCS\Application\Admin\Controller\BdzxController.class.php on line 29 and defined D:\phpStudy\WWW\matouPCS\ThinkPHP\Library\Think\Page.class.php 第 76 行.
NOTIC: [8] Undefined variable: url_replace D:\phpStudy\WWW\matouPCS\ThinkPHP\Library\Think\Page.class.php 第 82 行.
SQL: SELECT forcee.*,user.username,user.fen,user.pubtime,user.imagename FROM `forcee` INNER JOIN user on forcee.uid=user.id  WHERE `username` LIKE '%%' ORDER BY id desc LIMIT 0,5   [ RunTime:0.0012s ]
INFO: [ view_parse ] --START--
INFO: [ template_filter ] --START--
INFO: Run Behavior\ContentReplaceBehavior [ RunTime:0.000218s ]
INFO: [ template_filter ] --END-- [ RunTime:0.000370s ]
INFO: Run Behavior\ParseTemplateBehavior [ RunTime:0.104939s ]
INFO: [ view_parse ] --END-- [ RunTime:0.105103s ]
INFO: [ view_filter ] --START--
INFO: Run Behavior\WriteHtmlCacheBehavior [ RunTime:0.000732s ]
INFO: [ view_filter ] --END-- [ RunTime:0.000845s ]
INFO: [ app_end ] --START--
INFO: Run Behavior\ShowPageTraceBehavior [ RunTime:0.002459s ]
INFO: [ app_end ] --END-- [ RunTime:0.002659s ]

[ 2017-01-18T09:39:20+08:00 ] ::1 /matouPCS/index.php/Admin/Bdzx/guanzhu?id=23
INFO: [ app_init ] --START--
INFO: Run Behavior\BuildLiteBehavior [ RunTime:0.000016s ]
INFO: [ app_init ] --END-- [ RunTime:0.000390s ]
INFO: [ app_begin ] --START--
INFO: Run Behavior\ReadHtmlCacheBehavior [ RunTime:0.000600s ]
INFO: [ app_begin ] --END-- [ RunTime:0.000642s ]
SQL: SHOW COLUMNS FROM `user_fen` [ RunTime:0.0123s ]
SQL: SELECT user_fen.fid,user.* FROM `user_fen` INNER JOIN user on user_fen.fid=user.id  WHERE ( uid=23 and fens='2' ) ORDER BY id desc  [ RunTime:0.0014s ]
INFO: [ view_parse ] --START--
INFO: [ template_filter ] --START--
INFO: Run Behavior\ContentReplaceBehavior [ RunTime:0.000400s ]
INFO: [ template_filter ] --END-- [ RunTime:0.000840s ]
NOTIC: [8] Undefined index: wid D:\phpStudy\WWW\matouPCS\Application\Runtime\Cache\Admin\42175c0bf85e1488f9ac4d99d5cf3473.php 第 83 行.
NOTIC: [8] Undefined index: address D:\phpStudy\WWW\matouPCS\Application\Runtime\Cache\Admin\42175c0bf85e1488f9ac4d99d5cf3473.php 第 101 行.
NOTIC: [8] Undefined index: wid D:\phpStudy\WWW\matouPCS\Application\Runtime\Cache\Admin\42175c0bf85e1488f9ac4d99d5cf3473.php 第 83 行.
NOTIC: [8] Undefined index: address D:\phpStudy\WWW\matouPCS\Application\Runtime\Cache\Admin\42175c0bf85e1488f9ac4d99d5cf3473.php 第 101 行.
NOTIC: [8] Undefined index: wid D:\phpStudy\WWW\matouPCS\Application\Runtime\Cache\Admin\42175c0bf85e1488f9ac4d99d5cf3473.php 第 83 行.
NOTIC: [8] Undefined index: address D:\phpStudy\WWW\matouPCS\Application\Runtime\Cache\Admin\42175c0bf85e1488f9ac4d99d5cf3473.php 第 101 行.
INFO: Run Behavior\ParseTemplateBehavior [ RunTime:0.113365s ]
INFO: [ view_parse ] --END-- [ RunTime:0.113538s ]
INFO: [ view_filter ] --START--
INFO: Run Behavior\WriteHtmlCacheBehavior [ RunTime:0.001455s ]
INFO: [ view_filter ] --END-- [ RunTime:0.001628s ]
INFO: [ app_end ] --START--
INFO: Run Behavior\ShowPageTraceBehavior [ RunTime:0.003374s ]
INFO: [ app_end ] --END-- [ RunTime:0.003847s ]

[ 2017-01-18T09:39:27+08:00 ] ::1 /matouPCS/index.php/Admin/Bdzx/guanzhu?id=13
INFO: [ app_init ] --START--
INFO: Run Behavior\BuildLiteBehavior [ RunTime:0.000011s ]
INFO: [ app_init ] --END-- [ RunTime:0.000282s ]
INFO: [ app_begin ] --START--
INFO: Run Behavior\ReadHtmlCacheBehavior [ RunTime:0.000641s ]
INFO: [ app_begin ] --END-- [ RunTime:0.000720s ]
SQL: SHOW COLUMNS FROM `user_fen` [ RunTime:0.0134s ]
SQL: SELECT user_fen.fid,user.* FROM `user_fen` INNER JOIN user on user_fen.fid=user.id  WHERE ( uid=13 and fens='2' ) ORDER BY id desc  [ RunTime:0.0013s ]
INFO: [ view_parse ] --START--
INFO: [ template_filter ] --START--
INFO: Run Behavior\ContentReplaceBehavior [ RunTime:0.000209s ]
INFO: [ template_filter ] --END-- [ RunTime:0.000358s ]
NOTIC: [8] Undefined index: wid D:\phpStudy\WWW\matouPCS\Application\Runtime\Cache\Admin\42175c0bf85e1488f9ac4d99d5cf3473.php 第 83 行.
NOTIC: [8] Undefined index: address D:\phpStudy\WWW\matouPCS\Application\Runtime\Cache\Admin\42175c0bf85e1488f9ac4d99d5cf3473.php 第 101 行.
NOTIC: [8] Undefined index: wid D:\phpStudy\WWW\matouPCS\Application\Runtime\Cache\Admin\42175c0bf85e1488f9ac4d99d5cf3473.php 第 83 行.
NOTIC: [8] Undefined index: address D:\phpStudy\WWW\matouPCS\Application\Runtime\Cache\Admin\42175c0bf85e1488f9ac4d99d5cf3473.php 第 101 行.
NOTIC: [8] Undefined index: wid D:\phpStudy\WWW\matouPCS\Application\Runtime\Cache\Admin\42175c0bf85e1488f9ac4d99d5cf3473.php 第 83 行.
NOTIC: [8] Undefined index: address D:\phpStudy\WWW\matouPCS\Application\Runtime\Cache\Admin\42175c0bf85e1488f9ac4d99d5cf3473.php 第 101 行.
INFO: Run Behavior\ParseTemplateBehavior [ RunTime:0.029427s ]
INFO: [ view_parse ] --END-- [ RunTime:0.029559s ]
INFO: [ view_filter ] --START--
INFO: Run Behavior\WriteHtmlCacheBehavior [ RunTime:0.000697s ]
INFO: [ view_filter ] --END-- [ RunTime:0.000807s ]
INFO: [ app_end ] --START--
INFO: Run Behavior\ShowPageTraceBehavior [ RunTime:0.001793s ]
INFO: [ app_end ] --END-- [ RunTime:0.001954s ]

[ 2017-01-18T09:39:37+08:00 ] ::1 /matouPCS/index.php/Admin/Bdzx/dongtai?id=23
INFO: [ app_init ] --START--
INFO: Run Behavior\BuildLiteBehavior [ RunTime:0.000014s ]
INFO: [ app_init ] --END-- [ RunTime:0.000370s ]
INFO: [ app_begin ] --START--
INFO: Run Behavior\ReadHtmlCacheBehavior [ RunTime:0.000445s ]
INFO: [ app_begin ] --END-- [ RunTime:0.000483s ]
INFO: [ app_end ] --START--
INFO: Run Behavior\ShowPageTraceBehavior [ RunTime:0.000409s ]
INFO: [ app_end ] --END-- [ RunTime:0.000448s ]

[ 2017-01-18T09:39:40+08:00 ] ::1 /matouPCS/index.php/Admin/Bdzx/dongtai?id=13
INFO: [ app_init ] --START--
INFO: Run Behavior\BuildLiteBehavior [ RunTime:0.000012s ]
INFO: [ app_init ] --END-- [ RunTime:0.000313s ]
INFO: [ app_begin ] --START--
INFO: Run Behavior\ReadHtmlCacheBehavior [ RunTime:0.000450s ]
INFO: [ app_begin ] --END-- [ RunTime:0.000488s ]
INFO: [ app_end ] --START--
INFO: Run Behavior\ShowPageTraceBehavior [ RunTime:0.000438s ]
INFO: [ app_end ] --END-- [ RunTime:0.000485s ]

[ 2017-01-18T09:39:48+08:00 ] ::1 /matouPCS/index.php/Admin/Bdzx/guanzhu?id=23
INFO: [ app_init ] --START--
INFO: Run Behavior\BuildLiteBehavior [ RunTime:0.000035s ]
INFO: [ app_init ] --END-- [ RunTime:0.000365s ]
INFO: [ app_begin ] --START--
INFO: Run Behavior\ReadHtmlCacheBehavior [ RunTime:0.000567s ]
INFO: [ app_begin ] --END-- [ RunTime:0.000617s ]
SQL: SHOW COLUMNS FROM `user_fen` [ RunTime:0.0109s ]
SQL: SELECT user_fen.fid,user.* FROM `user_fen` INNER JOIN user on user_fen.fid=user.id  WHERE ( uid=23 and fens='2' ) ORDER BY id desc  [ RunTime:0.0015s ]
INFO: [ view_parse ] --START--
INFO: [ template_filter ] --START--
INFO: Run Behavior\ContentReplaceBehavior [ RunTime:0.000210s ]
INFO: [ template_filter ] --END-- [ RunTime:0.000351s ]
NOTIC: [8] Undefined index: wid D:\phpStudy\WWW\matouPCS\Application\Runtime\Cache\Admin\42175c0bf85e1488f9ac4d99d5cf3473.php 第 83 行.
NOTIC: [8] Undefined index: address D:\phpStudy\WWW\matouPCS\Application\Runtime\Cache\Admin\42175c0bf85e1488f9ac4d99d5cf3473.php 第 101 行.
NOTIC: [8] Undefined index: wid D:\phpStudy\WWW\matouPCS\Application\Runtime\Cache\Admin\42175c0bf85e1488f9ac4d99d5cf3473.php 第 83 行.
NOTIC: [8] Undefined index: address D:\phpStudy\WWW\matouPCS\Application\Runtime\Cache\Admin\42175c0bf85e1488f9ac4d99d5cf3473.php 第 101 行.
NOTIC: [8] Undefined index: wid D:\phpStudy\WWW\matouPCS\Application\Runtime\Cache\Admin\42175c0bf85e1488f9ac4d99d5cf3473.php 第 83 行.
NOTIC: [8] Undefined index: address D:\phpStudy\WWW\matouPCS\Application\Runtime\Cache\Admin\42175c0bf85e1488f9ac4d99d5cf3473.php 第 101 行.
INFO: Run Behavior\ParseTemplateBehavior [ RunTime:0.031506s ]
INFO: [ view_parse ] --END-- [ RunTime:0.031693s ]
INFO: [ view_filter ] --START--
INFO: Run Behavior\WriteHtmlCacheBehavior [ RunTime:0.001102s ]
INFO: [ view_filter ] --END-- [ RunTime:0.001233s ]
INFO: [ app_end ] --START--
INFO: Run Behavior\ShowPageTraceBehavior [ RunTime:0.002083s ]
INFO: [ app_end ] --END-- [ RunTime:0.002329s ]

[ 2017-01-18T09:40:00+08:00 ] ::1 /matouPCS/index.php/Admin/Bdzx/guanzhu?id=13
INFO: [ app_init ] --START--
INFO: Run Behavior\BuildLiteBehavior [ RunTime:0.000014s ]
INFO: [ app_init ] --END-- [ RunTime:0.000332s ]
INFO: [ app_begin ] --START--
INFO: Run Behavior\ReadHtmlCacheBehavior [ RunTime:0.000539s ]
INFO: [ app_begin ] --END-- [ RunTime:0.000598s ]
SQL: SHOW COLUMNS FROM `user_fen` [ RunTime:0.0115s ]
SQL: SELECT user_fen.fid,user.* FROM `user_fen` INNER JOIN user on user_fen.fid=user.id  WHERE ( uid=13 and fens='2' ) ORDER BY id desc  [ RunTime:0.0014s ]
INFO: [ view_parse ] --START--
INFO: [ template_filter ] --START--
INFO: Run Behavior\ContentReplaceBehavior [ RunTime:0.000203s ]
INFO: [ template_filter ] --END-- [ RunTime:0.000366s ]
NOTIC: [8] Undefined index: wid D:\phpStudy\WWW\matouPCS\Application\Runtime\Cache\Admin\42175c0bf85e1488f9ac4d99d5cf3473.php 第 83 行.
NOTIC: [8] Undefined index: address D:\phpStudy\WWW\matouPCS\Application\Runtime\Cache\Admin\42175c0bf85e1488f9ac4d99d5cf3473.php 第 101 行.
NOTIC: [8] Undefined index: wid D:\phpStudy\WWW\matouPCS\Application\Runtime\Cache\Admin\42175c0bf85e1488f9ac4d99d5cf3473.php 第 83 行.
NOTIC: [8] Undefined index: address D:\phpStudy\WWW\matouPCS\Application\Runtime\Cache\Admin\42175c0bf85e1488f9ac4d99d5cf3473.php 第 101 行.
NOTIC: [8] Undefined index: wid D:\phpStudy\WWW\matouPCS\Application\Runtime\Cache\Admin\42175c0bf85e1488f9ac4d99d5cf3473.php 第 83 行.
NOTIC: [8] Undefined index: address D:\phpStudy\WWW\matouPCS\Application\Runtime\Cache\Admin\42175c0bf85e1488f9ac4d99d5cf3473.php 第 101 行.
INFO: Run Behavior\ParseTemplateBehavior [ RunTime:0.031205s ]
INFO: [ view_parse ] --END-- [ RunTime:0.031360s ]
INFO: [ view_filter ] --START--
INFO: Run Behavior\WriteHtmlCacheBehavior [ RunTime:0.001112s ]
INFO: [ view_filter ] --END-- [ RunTime:0.001244s ]
INFO: [ app_end ] --START--
INFO: Run Behavior\ShowPageTraceBehavior [ RunTime:0.002251s ]
INFO: [ app_end ] --END-- [ RunTime:0.002420s ]

[ 2017-01-18T09:45:29+08:00 ] ::1 /matouPCS/index.php/Admin/Bdzx
INFO: [ app_init ] --START--
INFO: Run Behavior\BuildLiteBehavior [ RunTime:0.000028s ]
INFO: [ app_init ] --END-- [ RunTime:0.000565s ]
INFO: [ app_begin ] --START--
INFO: Run Behavior\ReadHtmlCacheBehavior [ RunTime:0.000865s ]
INFO: [ app_begin ] --END-- [ RunTime:0.000939s ]
NOTIC: [8] Undefined index: keywords D:\phpStudy\WWW\matouPCS\Application\Admin\Controller\BdzxController.class.php 第 11 行.
SQL: SHOW COLUMNS FROM `forcee` [ RunTime:0.0132s ]
SQL: SELECT COUNT(*) AS tp_count FROM `forcee` INNER JOIN user on forcee.uid=user.id  WHERE `username` LIKE '%%' LIMIT 1   [ RunTime:0.0009s ]
NOTIC: [2] Missing argument 1 for Think\Page::show(), called in D:\phpStudy\WWW\matouPCS\Application\Admin\Controller\BdzxController.class.php on line 29 and defined D:\phpStudy\WWW\matouPCS\ThinkPHP\Library\Think\Page.class.php 第 76 行.
NOTIC: [8] Undefined variable: url_replace D:\phpStudy\WWW\matouPCS\ThinkPHP\Library\Think\Page.class.php 第 82 行.
SQL: SELECT forcee.*,user.username,user.fen,user.pubtime,user.imagename FROM `forcee` INNER JOIN user on forcee.uid=user.id  WHERE `username` LIKE '%%' ORDER BY id desc LIMIT 0,5   [ RunTime:0.0011s ]
INFO: [ view_parse ] --START--
INFO: [ template_filter ] --START--
INFO: Run Behavior\ContentReplaceBehavior [ RunTime:0.000232s ]
INFO: [ template_filter ] --END-- [ RunTime:0.000399s ]
INFO: Run Behavior\ParseTemplateBehavior [ RunTime:0.033235s ]
INFO: [ view_parse ] --END-- [ RunTime:0.033388s ]
INFO: [ view_filter ] --START--
INFO: Run Behavior\WriteHtmlCacheBehavior [ RunTime:0.000941s ]
INFO: [ view_filter ] --END-- [ RunTime:0.001074s ]
INFO: [ app_end ] --START--
INFO: Run Behavior\ShowPageTraceBehavior [ RunTime:0.002438s ]
INFO: [ app_end ] --END-- [ RunTime:0.003087s ]

[ 2017-01-18T09:45:35+08:00 ] ::1 /matouPCS/index.php/Admin/Bdzx/guanzhu?id=23
INFO: [ app_init ] --START--
INFO: Run Behavior\BuildLiteBehavior [ RunTime:0.000013s ]
INFO: [ app_init ] --END-- [ RunTime:0.000343s ]
INFO: [ app_begin ] --START--
INFO: Run Behavior\ReadHtmlCacheBehavior [ RunTime:0.000446s ]
INFO: [ app_begin ] --END-- [ RunTime:0.000484s ]
SQL: SHOW COLUMNS FROM `user_fen` [ RunTime:0.0123s ]
SQL: SELECT user_fen.fid,user.* FROM `user_fen` INNER JOIN user on user_fen.fid=user.id  WHERE ( uid=23 and fens='2' ) ORDER BY id desc  [ RunTime:0.0015s ]
INFO: [ view_parse ] --START--
INFO: [ template_filter ] --START--
INFO: Run Behavior\ContentReplaceBehavior [ RunTime:0.000210s ]
INFO: [ template_filter ] --END-- [ RunTime:0.000359s ]
NOTIC: [8] Undefined index: wid D:\phpStudy\WWW\matouPCS\Application\Runtime\Cache\Admin\42175c0bf85e1488f9ac4d99d5cf3473.php 第 83 行.
NOTIC: [8] Undefined index: address D:\phpStudy\WWW\matouPCS\Application\Runtime\Cache\Admin\42175c0bf85e1488f9ac4d99d5cf3473.php 第 101 行.
NOTIC: [8] Undefined index: wid D:\phpStudy\WWW\matouPCS\Application\Runtime\Cache\Admin\42175c0bf85e1488f9ac4d99d5cf3473.php 第 83 行.
NOTIC: [8] Undefined index: address D:\phpStudy\WWW\matouPCS\Application\Runtime\Cache\Admin\42175c0bf85e1488f9ac4d99d5cf3473.php 第 101 行.
NOTIC: [8] Undefined index: wid D:\phpStudy\WWW\matouPCS\Application\Runtime\Cache\Admin\42175c0bf85e1488f9ac4d99d5cf3473.php 第 83 行.
NOTIC: [8] Undefined index: address D:\phpStudy\WWW\matouPCS\Application\Runtime\Cache\Admin\42175c0bf85e1488f9ac4d99d5cf3473.php 第 101 行.
INFO: Run Behavior\ParseTemplateBehavior [ RunTime:0.032184s ]
INFO: [ view_parse ] --END-- [ RunTime:0.032324s ]
INFO: [ view_filter ] --START--
INFO: Run Behavior\WriteHtmlCacheBehavior [ RunTime:0.000635s ]
INFO: [ view_filter ] --END-- [ RunTime:0.000744s ]
INFO: [ app_end ] --START--
INFO: Run Behavior\ShowPageTraceBehavior [ RunTime:0.001618s ]
INFO: [ app_end ] --END-- [ RunTime:0.001755s ]

[ 2017-01-18T09:45:39+08:00 ] ::1 /matouPCS/index.php/Admin/Bdzx/guanzhu?id=13
INFO: [ app_init ] --START--
INFO: Run Behavior\BuildLiteBehavior [ RunTime:0.000019s ]
INFO: [ app_init ] --END-- [ RunTime:0.000414s ]
INFO: [ app_begin ] --START--
INFO: Run Behavior\ReadHtmlCacheBehavior [ RunTime:0.000485s ]
INFO: [ app_begin ] --END-- [ RunTime:0.000531s ]
SQL: SHOW COLUMNS FROM `user_fen` [ RunTime:0.0128s ]
SQL: SELECT user_fen.fid,user.* FROM `user_fen` INNER JOIN user on user_fen.fid=user.id  WHERE ( uid=13 and fens='2' ) ORDER BY id desc  [ RunTime:0.0025s ]
INFO: [ view_parse ] --START--
INFO: [ template_filter ] --START--
INFO: Run Behavior\ContentReplaceBehavior [ RunTime:0.000313s ]
INFO: [ template_filter ] --END-- [ RunTime:0.000553s ]
NOTIC: [8] Undefined index: wid D:\phpStudy\WWW\matouPCS\Application\Runtime\Cache\Admin\42175c0bf85e1488f9ac4d99d5cf3473.php 第 83 行.
NOTIC: [8] Undefined index: address D:\phpStudy\WWW\matouPCS\Application\Runtime\Cache\Admin\42175c0bf85e1488f9ac4d99d5cf3473.php 第 101 行.
NOTIC: [8] Undefined index: wid D:\phpStudy\WWW\matouPCS\Application\Runtime\Cache\Admin\42175c0bf85e1488f9ac4d99d5cf3473.php 第 83 行.
NOTIC: [8] Undefined index: address D:\phpStudy\WWW\matouPCS\Application\Runtime\Cache\Admin\42175c0bf85e1488f9ac4d99d5cf3473.php 第 101 行.
NOTIC: [8] Undefined index: wid D:\phpStudy\WWW\matouPCS\Application\Runtime\Cache\Admin\42175c0bf85e1488f9ac4d99d5cf3473.php 第 83 行.
NOTIC: [8] Undefined index: address D:\phpStudy\WWW\matouPCS\Application\Runtime\Cache\Admin\42175c0bf85e1488f9ac4d99d5cf3473.php 第 101 行.
INFO: Run Behavior\ParseTemplateBehavior [ RunTime:0.035630s ]
INFO: [ view_parse ] --END-- [ RunTime:0.035879s ]
INFO: [ view_filter ] --START--
INFO: Run Behavior\WriteHtmlCacheBehavior [ RunTime:0.000781s ]
INFO: [ view_filter ] --END-- [ RunTime:0.000979s ]
INFO: [ app_end ] --START--
INFO: Run Behavior\ShowPageTraceBehavior [ RunTime:0.002245s ]
INFO: [ app_end ] --END-- [ RunTime:0.002478s ]

[ 2017-01-18T09:46:06+08:00 ] ::1 /matouPCS/index.php/Admin/Bdzx
INFO: [ app_init ] --START--
INFO: Run Behavior\BuildLiteBehavior [ RunTime:0.000012s ]
INFO: [ app_init ] --END-- [ RunTime:0.000316s ]
INFO: [ app_begin ] --START--
INFO: Run Behavior\ReadHtmlCacheBehavior [ RunTime:0.000546s ]
INFO: [ app_begin ] --END-- [ RunTime:0.000586s ]
NOTIC: [8] Undefined index: keywords D:\phpStudy\WWW\matouPCS\Application\Admin\Controller\BdzxController.class.php 第 11 行.
SQL: SHOW COLUMNS FROM `forcee` [ RunTime:0.0122s ]
SQL: SELECT COUNT(*) AS tp_count FROM `forcee` INNER JOIN user on forcee.uid=user.id  WHERE `username` LIKE '%%' LIMIT 1   [ RunTime:0.0008s ]
NOTIC: [2] Missing argument 1 for Think\Page::show(), called in D:\phpStudy\WWW\matouPCS\Application\Admin\Controller\BdzxController.class.php on line 29 and defined D:\phpStudy\WWW\matouPCS\ThinkPHP\Library\Think\Page.class.php 第 76 行.
NOTIC: [8] Undefined variable: url_replace D:\phpStudy\WWW\matouPCS\ThinkPHP\Library\Think\Page.class.php 第 82 行.
SQL: SELECT forcee.*,user.username,user.fen,user.pubtime,user.imagename FROM `forcee` INNER JOIN user on forcee.uid=user.id  WHERE `username` LIKE '%%' ORDER BY id desc LIMIT 0,5   [ RunTime:0.0012s ]
INFO: [ view_parse ] --START--
INFO: [ template_filter ] --START--
INFO: Run Behavior\ContentReplaceBehavior [ RunTime:0.000223s ]
INFO: [ template_filter ] --END-- [ RunTime:0.000364s ]
INFO: Run Behavior\ParseTemplateBehavior [ RunTime:0.031709s ]
INFO: [ view_parse ] --END-- [ RunTime:0.031915s ]
INFO: [ view_filter ] --START--
INFO: Run Behavior\WriteHtmlCacheBehavior [ RunTime:0.001125s ]
INFO: [ view_filter ] --END-- [ RunTime:0.001269s ]
INFO: [ app_end ] --START--
INFO: Run Behavior\ShowPageTraceBehavior [ RunTime:0.002752s ]
INFO: [ app_end ] --END-- [ RunTime:0.003046s ]

[ 2017-01-18T09:46:08+08:00 ] ::1 /matouPCS/index.php/Admin/User
INFO: [ app_init ] --START--
INFO: Run Behavior\BuildLiteBehavior [ RunTime:0.000011s ]
INFO: [ app_init ] --END-- [ RunTime:0.000306s ]
INFO: [ app_begin ] --START--
INFO: Run Behavior\ReadHtmlCacheBehavior [ RunTime:0.000452s ]
INFO: [ app_begin ] --END-- [ RunTime:0.000503s ]
NOTIC: [8] Undefined index: keywords D:\phpStudy\WWW\matouPCS\Application\Admin\Controller\UserController.class.php 第 7 行.
SQL: SHOW COLUMNS FROM `user` [ RunTime:0.0123s ]
SQL: SELECT COUNT(*) AS tp_count FROM `user` WHERE `username` LIKE '%%' LIMIT 1   [ RunTime:0.0007s ]
NOTIC: [2] Missing argument 1 for Think\Page::show(), called in D:\phpStudy\WWW\matouPCS\Application\Admin\Controller\UserController.class.php on line 24 and defined D:\phpStudy\WWW\matouPCS\ThinkPHP\Library\Think\Page.class.php 第 76 行.
NOTIC: [8] Undefined variable: url_replace D:\phpStudy\WWW\matouPCS\ThinkPHP\Library\Think\Page.class.php 第 82 行.
SQL: SELECT * FROM `user` WHERE `username` LIKE '%%' ORDER BY id desc LIMIT 0,5   [ RunTime:0.0009s ]
INFO: [ view_parse ] --START--
INFO: [ template_filter ] --START--
INFO: Run Behavior\ContentReplaceBehavior [ RunTime:0.000241s ]
INFO: [ template_filter ] --END-- [ RunTime:0.000390s ]
NOTIC: [8] Undefined index: address D:\phpStudy\WWW\matouPCS\Application\Runtime\Cache\Admin\65e605872ed5d34210f5b33beb13f5a3.php 第 128 行.
NOTIC: [8] Undefined index: address D:\phpStudy\WWW\matouPCS\Application\Runtime\Cache\Admin\65e605872ed5d34210f5b33beb13f5a3.php 第 128 行.
NOTIC: [8] Undefined index: address D:\phpStudy\WWW\matouPCS\Application\Runtime\Cache\Admin\65e605872ed5d34210f5b33beb13f5a3.php 第 128 行.
NOTIC: [8] Undefined index: address D:\phpStudy\WWW\matouPCS\Application\Runtime\Cache\Admin\65e605872ed5d34210f5b33beb13f5a3.php 第 128 行.
INFO: Run Behavior\ParseTemplateBehavior [ RunTime:0.031577s ]
INFO: [ view_parse ] --END-- [ RunTime:0.031746s ]
INFO: [ view_filter ] --START--
INFO: Run Behavior\WriteHtmlCacheBehavior [ RunTime:0.000651s ]
INFO: [ view_filter ] --END-- [ RunTime:0.000763s ]
INFO: [ app_end ] --START--
INFO: Run Behavior\ShowPageTraceBehavior [ RunTime:0.001635s ]
INFO: [ app_end ] --END-- [ RunTime:0.001769s ]

[ 2017-01-18T09:46:11+08:00 ] ::1 /matouPCS/index.php/Admin/Bdzx
INFO: [ app_init ] --START--
INFO: Run Behavior\BuildLiteBehavior [ RunTime:0.000012s ]
INFO: [ app_init ] --END-- [ RunTime:0.000279s ]
INFO: [ app_begin ] --START--
INFO: Run Behavior\ReadHtmlCacheBehavior [ RunTime:0.000414s ]
INFO: [ app_begin ] --END-- [ RunTime:0.000453s ]
NOTIC: [8] Undefined index: keywords D:\phpStudy\WWW\matouPCS\Application\Admin\Controller\BdzxController.class.php 第 11 行.
SQL: SHOW COLUMNS FROM `forcee` [ RunTime:0.0133s ]
SQL: SELECT COUNT(*) AS tp_count FROM `forcee` INNER JOIN user on forcee.uid=user.id  WHERE `username` LIKE '%%' LIMIT 1   [ RunTime:0.0008s ]
NOTIC: [2] Missing argument 1 for Think\Page::show(), called in D:\phpStudy\WWW\matouPCS\Application\Admin\Controller\BdzxController.class.php on line 29 and defined D:\phpStudy\WWW\matouPCS\ThinkPHP\Library\Think\Page.class.php 第 76 行.
NOTIC: [8] Undefined variable: url_replace D:\phpStudy\WWW\matouPCS\ThinkPHP\Library\Think\Page.class.php 第 82 行.
SQL: SELECT forcee.*,user.username,user.fen,user.pubtime,user.imagename FROM `forcee` INNER JOIN user on forcee.uid=user.id  WHERE `username` LIKE '%%' ORDER BY id desc LIMIT 0,5   [ RunTime:0.0011s ]
INFO: [ view_parse ] --START--
INFO: [ template_filter ] --START--
INFO: Run Behavior\ContentReplaceBehavior [ RunTime:0.000253s ]
INFO: [ template_filter ] --END-- [ RunTime:0.000447s ]
INFO: Run Behavior\ParseTemplateBehavior [ RunTime:0.028361s ]
INFO: [ view_parse ] --END-- [ RunTime:0.028566s ]
INFO: [ view_filter ] --START--
INFO: Run Behavior\WriteHtmlCacheBehavior [ RunTime:0.000990s ]
INFO: [ view_filter ] --END-- [ RunTime:0.001160s ]
INFO: [ app_end ] --START--
INFO: Run Behavior\ShowPageTraceBehavior [ RunTime:0.001795s ]
INFO: [ app_end ] --END-- [ RunTime:0.001971s ]

