[ 2017-01-17T18:23:49+08:00 ] ::1 /matouPCS/admin
INFO: [ app_init ] --START--
INFO: Run Behavior\BuildLiteBehavior [ RunTime:0.000013s ]
INFO: [ app_init ] --END-- [ RunTime:0.000343s ]
INFO: [ app_begin ] --START--
INFO: Run Behavior\ReadHtmlCacheBehavior [ RunTime:0.000623s ]
INFO: [ app_begin ] --END-- [ RunTime:0.000663s ]
ERR: 无法加载控制器:Admin

[ 2017-01-17T18:23:58+08:00 ] ::1 /matouPCS/index.php/admin
INFO: [ app_init ] --START--
INFO: Run Behavior\BuildLiteBehavior [ RunTime:0.000028s ]
INFO: [ app_init ] --END-- [ RunTime:0.000509s ]
INFO: [ app_begin ] --START--
INFO: Run Behavior\ReadHtmlCacheBehavior [ RunTime:0.001022s ]
INFO: [ app_begin ] --END-- [ RunTime:0.001087s ]
ERR: 无法加载控制器:Admin

[ 2017-01-17T18:24:16+08:00 ] ::1 /matouPCS/index.php/admin/index
INFO: [ app_init ] --START--
INFO: Run Behavior\BuildLiteBehavior [ RunTime:0.000014s ]
INFO: [ app_init ] --END-- [ RunTime:0.000367s ]
INFO: [ app_begin ] --START--
INFO: Run Behavior\ReadHtmlCacheBehavior [ RunTime:0.000717s ]
INFO: [ app_begin ] --END-- [ RunTime:0.000770s ]
INFO: [ view_parse ] --START--
INFO: [ template_filter ] --START--
INFO: Run Behavior\ContentReplaceBehavior [ RunTime:0.000038s ]
INFO: [ template_filter ] --END-- [ RunTime:0.000119s ]
INFO: Run Behavior\ParseTemplateBehavior [ RunTime:0.008623s ]
INFO: [ view_parse ] --END-- [ RunTime:0.008701s ]
INFO: [ view_filter ] --START--
INFO: Run Behavior\WriteHtmlCacheBehavior [ RunTime:0.000694s ]
INFO: [ view_filter ] --END-- [ RunTime:0.000742s ]
INFO: [ view_parse ] --START--
INFO: [ template_filter ] --START--
INFO: Run Behavior\ContentReplaceBehavior [ RunTime:0.000065s ]
INFO: [ template_filter ] --END-- [ RunTime:-0.006941s ]
INFO: Run Behavior\ParseTemplateBehavior [ RunTime:0.009480s ]
INFO: [ view_parse ] --END-- [ RunTime:-0.001124s ]
INFO: [ view_filter ] --START--
INFO: Run Behavior\WriteHtmlCacheBehavior [ RunTime:0.000013s ]
INFO: [ view_filter ] --END-- [ RunTime:-0.009920s ]
INFO: [ app_end ] --START--
INFO: Run Behavior\ShowPageTraceBehavior [ RunTime:0.000751s ]
INFO: [ app_end ] --END-- [ RunTime:0.000786s ]

[ 2017-01-17T18:24:16+08:00 ] ::1 /matouPCS/index.php/admin/Login/index
INFO: [ app_init ] --START--
INFO: Run Behavior\BuildLiteBehavior [ RunTime:0.000014s ]
INFO: [ app_init ] --END-- [ RunTime:0.000416s ]
INFO: [ app_begin ] --START--
INFO: Run Behavior\ReadHtmlCacheBehavior [ RunTime:0.000814s ]
INFO: [ app_begin ] --END-- [ RunTime:0.000877s ]
INFO: [ view_parse ] --START--
INFO: [ template_filter ] --START--
INFO: Run Behavior\ContentReplaceBehavior [ RunTime:0.000050s ]
INFO: [ template_filter ] --END-- [ RunTime:0.000099s ]
INFO: Run Behavior\ParseTemplateBehavior [ RunTime:0.007419s ]
INFO: [ view_parse ] --END-- [ RunTime:0.007482s ]
INFO: [ view_filter ] --START--
INFO: Run Behavior\WriteHtmlCacheBehavior [ RunTime:0.000451s ]
INFO: [ view_filter ] --END-- [ RunTime:0.000485s ]
INFO: [ app_end ] --START--
INFO: Run Behavior\ShowPageTraceBehavior [ RunTime:0.000680s ]
INFO: [ app_end ] --END-- [ RunTime:0.000722s ]

[ 2017-01-17T18:24:16+08:00 ] ::1 /matouPCS/index.php/Admin/Login/verify
INFO: [ app_init ] --START--
INFO: Run Behavior\BuildLiteBehavior [ RunTime:0.000013s ]
INFO: [ app_init ] --END-- [ RunTime:0.000359s ]
INFO: [ app_begin ] --START--
INFO: Run Behavior\ReadHtmlCacheBehavior [ RunTime:0.000651s ]
INFO: [ app_begin ] --END-- [ RunTime:0.000692s ]
INFO: [ app_end ] --START--
INFO: Run Behavior\ShowPageTraceBehavior [ RunTime:0.000998s ]
INFO: [ app_end ] --END-- [ RunTime:0.001071s ]

[ 2017-01-17T18:26:26+08:00 ] ::1 /matouPCS/index.php/admin/Login/index
INFO: [ app_init ] --START--
INFO: Run Behavior\BuildLiteBehavior [ RunTime:0.000019s ]
INFO: [ app_init ] --END-- [ RunTime:0.000522s ]
INFO: [ app_begin ] --START--
INFO: Run Behavior\ReadHtmlCacheBehavior [ RunTime:0.001068s ]
INFO: [ app_begin ] --END-- [ RunTime:0.001128s ]
INFO: [ view_parse ] --START--
INFO: [ template_filter ] --START--
INFO: Run Behavior\ContentReplaceBehavior [ RunTime:0.000057s ]
INFO: [ template_filter ] --END-- [ RunTime:0.000111s ]
INFO: Run Behavior\ParseTemplateBehavior [ RunTime:0.008793s ]
INFO: [ view_parse ] --END-- [ RunTime:0.008855s ]
INFO: [ view_filter ] --START--
INFO: Run Behavior\WriteHtmlCacheBehavior [ RunTime:0.000460s ]
INFO: [ view_filter ] --END-- [ RunTime:0.000495s ]
INFO: [ app_end ] --START--
INFO: Run Behavior\ShowPageTraceBehavior [ RunTime:0.000706s ]
INFO: [ app_end ] --END-- [ RunTime:0.000742s ]

[ 2017-01-17T18:26:27+08:00 ] ::1 /matouPCS/index.php/Admin/Login/verify
INFO: [ app_init ] --START--
INFO: Run Behavior\BuildLiteBehavior [ RunTime:0.000017s ]
INFO: [ app_init ] --END-- [ RunTime:0.000441s ]
INFO: [ app_begin ] --START--
INFO: Run Behavior\ReadHtmlCacheBehavior [ RunTime:0.000871s ]
INFO: [ app_begin ] --END-- [ RunTime:0.000944s ]
INFO: [ app_end ] --START--
INFO: Run Behavior\ShowPageTraceBehavior [ RunTime:0.000797s ]
INFO: [ app_end ] --END-- [ RunTime:0.000857s ]

[ 2017-01-17T18:26:41+08:00 ] ::1 /matouPCS/index.php/Admin/Login/verify/0.9949959047681427
INFO: [ app_init ] --START--
INFO: Run Behavior\BuildLiteBehavior [ RunTime:0.000011s ]
INFO: [ app_init ] --END-- [ RunTime:0.000342s ]
INFO: [ app_begin ] --START--
INFO: Run Behavior\ReadHtmlCacheBehavior [ RunTime:0.000610s ]
INFO: [ app_begin ] --END-- [ RunTime:0.000650s ]
INFO: [ app_end ] --START--
INFO: Run Behavior\ShowPageTraceBehavior [ RunTime:0.000657s ]
INFO: [ app_end ] --END-- [ RunTime:0.000714s ]

[ 2017-01-17T18:26:50+08:00 ] ::1 /matouPCS/index.php/Admin/Login/check
INFO: [ app_init ] --START--
INFO: Run Behavior\BuildLiteBehavior [ RunTime:0.000019s ]
INFO: [ app_init ] --END-- [ RunTime:0.000369s ]
INFO: [ app_begin ] --START--
INFO: Run Behavior\ReadHtmlCacheBehavior [ RunTime:0.000572s ]
INFO: [ app_begin ] --END-- [ RunTime:0.000636s ]
ERR: SQLSTATE[42S02]: Base table or view not found: 1146 Table 'matoupc.admin' doesn't exist

[ 2017-01-17T18:28:04+08:00 ] ::1 /matouPCS/index.php/Admin/Login/verify
INFO: [ app_init ] --START--
INFO: Run Behavior\BuildLiteBehavior [ RunTime:0.000021s ]
INFO: [ app_init ] --END-- [ RunTime:0.000592s ]
INFO: [ app_begin ] --START--
INFO: Run Behavior\ReadHtmlCacheBehavior [ RunTime:0.001204s ]
INFO: [ app_begin ] --END-- [ RunTime:0.001298s ]
INFO: [ app_end ] --START--
INFO: Run Behavior\ShowPageTraceBehavior [ RunTime:0.000918s ]
INFO: [ app_end ] --END-- [ RunTime:0.000986s ]

[ 2017-01-17T18:28:06+08:00 ] ::1 /matouPCS/index.php/admin/Login/index
INFO: [ app_init ] --START--
INFO: Run Behavior\BuildLiteBehavior [ RunTime:0.000014s ]
INFO: [ app_init ] --END-- [ RunTime:0.000369s ]
INFO: [ app_begin ] --START--
INFO: Run Behavior\ReadHtmlCacheBehavior [ RunTime:0.000740s ]
INFO: [ app_begin ] --END-- [ RunTime:0.000797s ]
INFO: [ view_parse ] --START--
INFO: [ template_filter ] --START--
INFO: Run Behavior\ContentReplaceBehavior [ RunTime:0.000077s ]
INFO: [ template_filter ] --END-- [ RunTime:0.000146s ]
INFO: Run Behavior\ParseTemplateBehavior [ RunTime:0.009133s ]
INFO: [ view_parse ] --END-- [ RunTime:0.009186s ]
INFO: [ view_filter ] --START--
INFO: Run Behavior\WriteHtmlCacheBehavior [ RunTime:0.000465s ]
INFO: [ view_filter ] --END-- [ RunTime:0.000499s ]
INFO: [ app_end ] --START--
INFO: Run Behavior\ShowPageTraceBehavior [ RunTime:0.000986s ]
INFO: [ app_end ] --END-- [ RunTime:0.001051s ]

[ 2017-01-17T18:28:06+08:00 ] ::1 /matouPCS/index.php/Admin/Login/verify
INFO: [ app_init ] --START--
INFO: Run Behavior\BuildLiteBehavior [ RunTime:0.000016s ]
INFO: [ app_init ] --END-- [ RunTime:0.000414s ]
INFO: [ app_begin ] --START--
INFO: Run Behavior\ReadHtmlCacheBehavior [ RunTime:0.001060s ]
INFO: [ app_begin ] --END-- [ RunTime:0.001144s ]
INFO: [ app_end ] --START--
INFO: Run Behavior\ShowPageTraceBehavior [ RunTime:0.000841s ]
INFO: [ app_end ] --END-- [ RunTime:0.000910s ]

[ 2017-01-17T18:28:14+08:00 ] ::1 /matouPCS/index.php/Admin/Login/verify/0.2859314939893194
INFO: [ app_init ] --START--
INFO: Run Behavior\BuildLiteBehavior [ RunTime:0.000017s ]
INFO: [ app_init ] --END-- [ RunTime:0.000464s ]
INFO: [ app_begin ] --START--
INFO: Run Behavior\ReadHtmlCacheBehavior [ RunTime:0.000627s ]
INFO: [ app_begin ] --END-- [ RunTime:0.000668s ]
INFO: [ app_end ] --START--
INFO: Run Behavior\ShowPageTraceBehavior [ RunTime:0.000672s ]
INFO: [ app_end ] --END-- [ RunTime:0.000736s ]

[ 2017-01-17T18:28:20+08:00 ] ::1 /matouPCS/index.php/Admin/Login/check
INFO: [ app_init ] --START--
INFO: Run Behavior\BuildLiteBehavior [ RunTime:0.000023s ]
INFO: [ app_init ] --END-- [ RunTime:0.000660s ]
INFO: [ app_begin ] --START--
INFO: Run Behavior\ReadHtmlCacheBehavior [ RunTime:0.000817s ]
INFO: [ app_begin ] --END-- [ RunTime:0.000871s ]
INFO: [ view_parse ] --START--
INFO: [ template_filter ] --START--
INFO: Run Behavior\ContentReplaceBehavior [ RunTime:0.000035s ]
INFO: [ template_filter ] --END-- [ RunTime:0.000093s ]
NOTIC: [8] Undefined variable: nopage D:\phpStudy\WWW\matouPCS\Application\Runtime\Cache\Admin\d52c859101fab1bcfe43af2937708e21.php 第 6 行.
NOTIC: [8] Undefined variable: jumpWords D:\phpStudy\WWW\matouPCS\Application\Runtime\Cache\Admin\d52c859101fab1bcfe43af2937708e21.php 第 34 行.
INFO: Run Behavior\ParseTemplateBehavior [ RunTime:0.007421s ]
INFO: [ view_parse ] --END-- [ RunTime:0.007468s ]
INFO: [ view_filter ] --START--
INFO: Run Behavior\WriteHtmlCacheBehavior [ RunTime:0.000522s ]
INFO: [ view_filter ] --END-- [ RunTime:0.000556s ]

[ 2017-01-17T18:28:24+08:00 ] ::1 /matouPCS/index.php/Admin/Login/verify
INFO: [ app_init ] --START--
INFO: Run Behavior\BuildLiteBehavior [ RunTime:0.000020s ]
INFO: [ app_init ] --END-- [ RunTime:0.000554s ]
INFO: [ app_begin ] --START--
INFO: Run Behavior\ReadHtmlCacheBehavior [ RunTime:0.001208s ]
INFO: [ app_begin ] --END-- [ RunTime:0.001421s ]
INFO: [ app_end ] --START--
INFO: Run Behavior\ShowPageTraceBehavior [ RunTime:0.001400s ]
INFO: [ app_end ] --END-- [ RunTime:0.001512s ]

[ 2017-01-17T18:28:35+08:00 ] ::1 /matouPCS/index.php/Admin/Login/check
INFO: [ app_init ] --START--
INFO: Run Behavior\BuildLiteBehavior [ RunTime:0.000016s ]
INFO: [ app_init ] --END-- [ RunTime:0.000425s ]
INFO: [ app_begin ] --START--
INFO: Run Behavior\ReadHtmlCacheBehavior [ RunTime:0.001021s ]
INFO: [ app_begin ] --END-- [ RunTime:0.001077s ]
SQL: SHOW COLUMNS FROM `user` [ RunTime:0.0103s ]
SQL: SELECT * FROM `user` WHERE ( username='15236631921' and password='111111' ) LIMIT 1   [ RunTime:0.0698s ]

[ 2017-01-17T18:28:35+08:00 ] ::1 /matouPCS/index.php/Admin/Index/index.html
INFO: [ app_init ] --START--
INFO: Run Behavior\BuildLiteBehavior [ RunTime:0.000020s ]
INFO: [ app_init ] --END-- [ RunTime:0.000486s ]
INFO: [ app_begin ] --START--
INFO: Run Behavior\ReadHtmlCacheBehavior [ RunTime:0.000921s ]
INFO: [ app_begin ] --END-- [ RunTime:0.000971s ]
INFO: [ view_parse ] --START--
INFO: [ template_filter ] --START--
INFO: Run Behavior\ContentReplaceBehavior [ RunTime:0.000054s ]
INFO: [ template_filter ] --END-- [ RunTime:0.000106s ]
INFO: Run Behavior\ParseTemplateBehavior [ RunTime:0.008858s ]
INFO: [ view_parse ] --END-- [ RunTime:0.008959s ]
INFO: [ view_filter ] --START--
INFO: Run Behavior\WriteHtmlCacheBehavior [ RunTime:0.000483s ]
INFO: [ view_filter ] --END-- [ RunTime:0.000519s ]
INFO: [ app_end ] --START--
INFO: Run Behavior\ShowPageTraceBehavior [ RunTime:0.000660s ]
INFO: [ app_end ] --END-- [ RunTime:0.000710s ]

[ 2017-01-17T18:28:42+08:00 ] ::1 /matouPCS/index.php/Admin/Liuyan
INFO: [ app_init ] --START--
INFO: Run Behavior\BuildLiteBehavior [ RunTime:0.000014s ]
INFO: [ app_init ] --END-- [ RunTime:0.000375s ]
INFO: [ app_begin ] --START--
INFO: Run Behavior\ReadHtmlCacheBehavior [ RunTime:0.000705s ]
INFO: [ app_begin ] --END-- [ RunTime:0.000756s ]
NOTIC: [8] Undefined index: keywords D:\phpStudy\WWW\matouPCS\Application\Admin\Controller\LiuyanController.class.php 第 11 行.
SQL: SHOW COLUMNS FROM `user` [ RunTime:0.0080s ]
SQL: SELECT COUNT(*) AS tp_count FROM `user` WHERE `username` LIKE '%%' LIMIT 1   [ RunTime:0.0016s ]
NOTIC: [2] Missing argument 1 for Think\Page::show(), called in D:\phpStudy\WWW\matouPCS\Application\Admin\Controller\LiuyanController.class.php on line 29 and defined D:\phpStudy\WWW\matouPCS\ThinkPHP\Library\Think\Page.class.php 第 76 行.
NOTIC: [8] Undefined variable: url_replace D:\phpStudy\WWW\matouPCS\ThinkPHP\Library\Think\Page.class.php 第 82 行.
SQL: SELECT * FROM `user` WHERE `username` LIKE '%%' ORDER BY id desc LIMIT 0,5   [ RunTime:0.0008s ]
INFO: [ view_parse ] --START--
INFO: [ template_filter ] --START--
INFO: Run Behavior\ContentReplaceBehavior [ RunTime:0.000067s ]
INFO: [ template_filter ] --END-- [ RunTime:0.000119s ]
NOTIC: [8] Undefined index: address D:\phpStudy\WWW\matouPCS\Application\Runtime\Cache\Admin\b9e95b07544c59256d8cead27a6a52e3.php 第 129 行.
NOTIC: [8] Undefined index: address D:\phpStudy\WWW\matouPCS\Application\Runtime\Cache\Admin\b9e95b07544c59256d8cead27a6a52e3.php 第 129 行.
NOTIC: [8] Undefined index: address D:\phpStudy\WWW\matouPCS\Application\Runtime\Cache\Admin\b9e95b07544c59256d8cead27a6a52e3.php 第 129 行.
NOTIC: [8] Undefined index: address D:\phpStudy\WWW\matouPCS\Application\Runtime\Cache\Admin\b9e95b07544c59256d8cead27a6a52e3.php 第 129 行.
INFO: Run Behavior\ParseTemplateBehavior [ RunTime:0.012142s ]
INFO: [ view_parse ] --END-- [ RunTime:0.012209s ]
INFO: [ view_filter ] --START--
INFO: Run Behavior\WriteHtmlCacheBehavior [ RunTime:0.000454s ]
INFO: [ view_filter ] --END-- [ RunTime:0.000486s ]
INFO: [ app_end ] --START--
INFO: Run Behavior\ShowPageTraceBehavior [ RunTime:0.000772s ]
INFO: [ app_end ] --END-- [ RunTime:0.000816s ]

[ 2017-01-17T18:28:47+08:00 ] ::1 /matouPCS/index.php/Admin/Liuyan/liuyan?id=27
INFO: [ app_init ] --START--
INFO: Run Behavior\BuildLiteBehavior [ RunTime:0.000014s ]
INFO: [ app_init ] --END-- [ RunTime:0.000414s ]
INFO: [ app_begin ] --START--
INFO: Run Behavior\ReadHtmlCacheBehavior [ RunTime:0.000639s ]
INFO: [ app_begin ] --END-- [ RunTime:0.000694s ]
SQL: SHOW COLUMNS FROM `liuyan` [ RunTime:0.0160s ]
SQL: SELECT * FROM `liuyan` WHERE ( uid=27 )  [ RunTime:0.0013s ]
SQL: SHOW COLUMNS FROM `flea` [ RunTime:0.0130s ]
SQL: SELECT COUNT(*) AS tp_count FROM `flea` INNER JOIN user on user.id=flea.uid INNER JOIN liuyan on liuyan.xsid=flea .fid  WHERE ( xsid=6 ) LIMIT 1   [ RunTime:0.0009s ]
NOTIC: [2] Missing argument 1 for Think\Page::show(), called in D:\phpStudy\WWW\matouPCS\Application\Admin\Controller\LiuyanController.class.php on line 72 and defined D:\phpStudy\WWW\matouPCS\ThinkPHP\Library\Think\Page.class.php 第 76 行.
NOTIC: [8] Undefined variable: url_replace D:\phpStudy\WWW\matouPCS\ThinkPHP\Library\Think\Page.class.php 第 82 行.
SQL: SELECT liuyan.*,user.username,flea.type FROM `flea` INNER JOIN user on user.id=flea.uid INNER JOIN liuyan on liuyan.xsid=flea .fid  WHERE ( xsid=6 ) ORDER BY fid desc  [ RunTime:0.0025s ]
INFO: [ view_parse ] --START--
INFO: [ template_filter ] --START--
INFO: Run Behavior\ContentReplaceBehavior [ RunTime:0.000124s ]
INFO: [ template_filter ] --END-- [ RunTime:0.000210s ]
NOTIC: [8] Undefined index: wid D:\phpStudy\WWW\matouPCS\Application\Runtime\Cache\Admin\9d1278026443b519fc0e35e64bae0ec5.php 第 83 行.
NOTIC: [8] Undefined index: wid D:\phpStudy\WWW\matouPCS\Application\Runtime\Cache\Admin\9d1278026443b519fc0e35e64bae0ec5.php 第 83 行.
NOTIC: [8] Undefined index: wid D:\phpStudy\WWW\matouPCS\Application\Runtime\Cache\Admin\9d1278026443b519fc0e35e64bae0ec5.php 第 83 行.
NOTIC: [8] Undefined index: wid D:\phpStudy\WWW\matouPCS\Application\Runtime\Cache\Admin\9d1278026443b519fc0e35e64bae0ec5.php 第 83 行.
NOTIC: [8] Undefined index: wid D:\phpStudy\WWW\matouPCS\Application\Runtime\Cache\Admin\9d1278026443b519fc0e35e64bae0ec5.php 第 83 行.
NOTIC: [8] Undefined index: wid D:\phpStudy\WWW\matouPCS\Application\Runtime\Cache\Admin\9d1278026443b519fc0e35e64bae0ec5.php 第 83 行.
NOTIC: [8] Undefined index: wid D:\phpStudy\WWW\matouPCS\Application\Runtime\Cache\Admin\9d1278026443b519fc0e35e64bae0ec5.php 第 83 行.
INFO: Run Behavior\ParseTemplateBehavior [ RunTime:0.020802s ]
INFO: [ view_parse ] --END-- [ RunTime:0.020967s ]
INFO: [ view_filter ] --START--
INFO: Run Behavior\WriteHtmlCacheBehavior [ RunTime:0.001043s ]
INFO: [ view_filter ] --END-- [ RunTime:0.001111s ]
INFO: [ app_end ] --START--
INFO: Run Behavior\ShowPageTraceBehavior [ RunTime:0.001487s ]
INFO: [ app_end ] --END-- [ RunTime:0.001573s ]

[ 2017-01-17T18:29:03+08:00 ] ::1 /matouPCS/index.php/Admin/Force
INFO: [ app_init ] --START--
INFO: Run Behavior\BuildLiteBehavior [ RunTime:0.000011s ]
INFO: [ app_init ] --END-- [ RunTime:0.000320s ]
INFO: [ app_begin ] --START--
INFO: Run Behavior\ReadHtmlCacheBehavior [ RunTime:0.000652s ]
INFO: [ app_begin ] --END-- [ RunTime:0.000692s ]
NOTIC: [8] Undefined index: keywords D:\phpStudy\WWW\matouPCS\Application\Admin\Controller\ForceController.class.php 第 7 行.
SQL: SHOW COLUMNS FROM `forcee` [ RunTime:0.0073s ]
SQL: SELECT COUNT(*) AS tp_count FROM `forcee` INNER JOIN user on forcee.uid=user.id  WHERE `username` LIKE '%%' LIMIT 1   [ RunTime:0.0005s ]
NOTIC: [2] Missing argument 1 for Think\Page::show(), called in D:\phpStudy\WWW\matouPCS\Application\Admin\Controller\ForceController.class.php on line 25 and defined D:\phpStudy\WWW\matouPCS\ThinkPHP\Library\Think\Page.class.php 第 76 行.
NOTIC: [8] Undefined variable: url_replace D:\phpStudy\WWW\matouPCS\ThinkPHP\Library\Think\Page.class.php 第 82 行.
SQL: SELECT forcee.*,user.username FROM `forcee` INNER JOIN user on forcee.uid=user.id  ORDER BY id desc LIMIT 0,5   [ RunTime:0.0006s ]
INFO: [ view_parse ] --START--
INFO: [ template_filter ] --START--
INFO: Run Behavior\ContentReplaceBehavior [ RunTime:0.000324s ]
INFO: [ template_filter ] --END-- [ RunTime:0.000440s ]
NOTIC: [8] Use of undefined constant status - assumed 'status' D:\phpStudy\WWW\matouPCS\Application\Runtime\Cache\Admin\52a42991261803d1ec7110a422e01e8d.php 第 142 行.
NOTIC: [8] Use of undefined constant status - assumed 'status' D:\phpStudy\WWW\matouPCS\Application\Runtime\Cache\Admin\52a42991261803d1ec7110a422e01e8d.php 第 143 行.
NOTIC: [8] Use of undefined constant status - assumed 'status' D:\phpStudy\WWW\matouPCS\Application\Runtime\Cache\Admin\52a42991261803d1ec7110a422e01e8d.php 第 144 行.
NOTIC: [8] Use of undefined constant status - assumed 'status' D:\phpStudy\WWW\matouPCS\Application\Runtime\Cache\Admin\52a42991261803d1ec7110a422e01e8d.php 第 142 行.
NOTIC: [8] Use of undefined constant status - assumed 'status' D:\phpStudy\WWW\matouPCS\Application\Runtime\Cache\Admin\52a42991261803d1ec7110a422e01e8d.php 第 143 行.
NOTIC: [8] Use of undefined constant status - assumed 'status' D:\phpStudy\WWW\matouPCS\Application\Runtime\Cache\Admin\52a42991261803d1ec7110a422e01e8d.php 第 144 行.
INFO: Run Behavior\ParseTemplateBehavior [ RunTime:0.022497s ]
INFO: [ view_parse ] --END-- [ RunTime:0.022631s ]
INFO: [ view_filter ] --START--
INFO: Run Behavior\WriteHtmlCacheBehavior [ RunTime:0.001390s ]
INFO: [ view_filter ] --END-- [ RunTime:0.001488s ]
INFO: [ app_end ] --START--
INFO: Run Behavior\ShowPageTraceBehavior [ RunTime:0.002156s ]
INFO: [ app_end ] --END-- [ RunTime:0.002283s ]

[ 2017-01-17T18:29:05+08:00 ] ::1 /matouPCS/index.php/Admin/Due
INFO: [ app_init ] --START--
INFO: Run Behavior\BuildLiteBehavior [ RunTime:0.000012s ]
INFO: [ app_init ] --END-- [ RunTime:0.000314s ]
INFO: [ app_begin ] --START--
INFO: Run Behavior\ReadHtmlCacheBehavior [ RunTime:0.000648s ]
INFO: [ app_begin ] --END-- [ RunTime:0.000699s ]
NOTIC: [8] Undefined index: keywords D:\phpStudy\WWW\matouPCS\Application\Admin\Controller\DueController.class.php 第 8 行.
SQL: SHOW COLUMNS FROM `due` [ RunTime:0.0047s ]
SQL: SELECT COUNT(*) AS tp_count FROM `due` INNER JOIN user on Due.uid=user.id  WHERE `username` LIKE '%%' LIMIT 1   [ RunTime:0.0003s ]
NOTIC: [2] Missing argument 1 for Think\Page::show(), called in D:\phpStudy\WWW\matouPCS\Application\Admin\Controller\DueController.class.php on line 28 and defined D:\phpStudy\WWW\matouPCS\ThinkPHP\Library\Think\Page.class.php 第 76 行.
NOTIC: [8] Undefined variable: url_replace D:\phpStudy\WWW\matouPCS\ThinkPHP\Library\Think\Page.class.php 第 82 行.
SQL: SELECT Due.*,user.username FROM `due` INNER JOIN user on Due.uid=user.id  WHERE `username` LIKE '%%' ORDER BY did desc LIMIT 0,5   [ RunTime:0.0003s ]
INFO: [ view_parse ] --START--
INFO: [ template_filter ] --START--
INFO: Run Behavior\ContentReplaceBehavior [ RunTime:0.000062s ]
INFO: [ template_filter ] --END-- [ RunTime:0.000105s ]
INFO: Run Behavior\ParseTemplateBehavior [ RunTime:0.009709s ]
INFO: [ view_parse ] --END-- [ RunTime:0.009780s ]
INFO: [ view_filter ] --START--
INFO: Run Behavior\WriteHtmlCacheBehavior [ RunTime:0.000495s ]
INFO: [ view_filter ] --END-- [ RunTime:0.000534s ]
INFO: [ app_end ] --START--
INFO: Run Behavior\ShowPageTraceBehavior [ RunTime:0.000973s ]
INFO: [ app_end ] --END-- [ RunTime:0.001029s ]

[ 2017-01-17T18:29:11+08:00 ] ::1 /matouPCS/index.php/Admin/Force
INFO: [ app_init ] --START--
INFO: Run Behavior\BuildLiteBehavior [ RunTime:0.000012s ]
INFO: [ app_init ] --END-- [ RunTime:0.000331s ]
INFO: [ app_begin ] --START--
INFO: Run Behavior\ReadHtmlCacheBehavior [ RunTime:0.000819s ]
INFO: [ app_begin ] --END-- [ RunTime:0.000862s ]
NOTIC: [8] Undefined index: keywords D:\phpStudy\WWW\matouPCS\Application\Admin\Controller\ForceController.class.php 第 7 行.
SQL: SHOW COLUMNS FROM `forcee` [ RunTime:0.0072s ]
SQL: SELECT COUNT(*) AS tp_count FROM `forcee` INNER JOIN user on forcee.uid=user.id  WHERE `username` LIKE '%%' LIMIT 1   [ RunTime:0.0005s ]
NOTIC: [2] Missing argument 1 for Think\Page::show(), called in D:\phpStudy\WWW\matouPCS\Application\Admin\Controller\ForceController.class.php on line 25 and defined D:\phpStudy\WWW\matouPCS\ThinkPHP\Library\Think\Page.class.php 第 76 行.
NOTIC: [8] Undefined variable: url_replace D:\phpStudy\WWW\matouPCS\ThinkPHP\Library\Think\Page.class.php 第 82 行.
SQL: SELECT forcee.*,user.username FROM `forcee` INNER JOIN user on forcee.uid=user.id  ORDER BY id desc LIMIT 0,5   [ RunTime:0.0006s ]
INFO: [ view_parse ] --START--
INFO: [ template_filter ] --START--
INFO: Run Behavior\ContentReplaceBehavior [ RunTime:0.000071s ]
INFO: [ template_filter ] --END-- [ RunTime:0.000116s ]
NOTIC: [8] Use of undefined constant status - assumed 'status' D:\phpStudy\WWW\matouPCS\Application\Runtime\Cache\Admin\52a42991261803d1ec7110a422e01e8d.php 第 142 行.
NOTIC: [8] Use of undefined constant status - assumed 'status' D:\phpStudy\WWW\matouPCS\Application\Runtime\Cache\Admin\52a42991261803d1ec7110a422e01e8d.php 第 143 行.
NOTIC: [8] Use of undefined constant status - assumed 'status' D:\phpStudy\WWW\matouPCS\Application\Runtime\Cache\Admin\52a42991261803d1ec7110a422e01e8d.php 第 144 行.
NOTIC: [8] Use of undefined constant status - assumed 'status' D:\phpStudy\WWW\matouPCS\Application\Runtime\Cache\Admin\52a42991261803d1ec7110a422e01e8d.php 第 142 行.
NOTIC: [8] Use of undefined constant status - assumed 'status' D:\phpStudy\WWW\matouPCS\Application\Runtime\Cache\Admin\52a42991261803d1ec7110a422e01e8d.php 第 143 行.
NOTIC: [8] Use of undefined constant status - assumed 'status' D:\phpStudy\WWW\matouPCS\Application\Runtime\Cache\Admin\52a42991261803d1ec7110a422e01e8d.php 第 144 行.
INFO: Run Behavior\ParseTemplateBehavior [ RunTime:0.016414s ]
INFO: [ view_parse ] --END-- [ RunTime:0.016469s ]
INFO: [ view_filter ] --START--
INFO: Run Behavior\WriteHtmlCacheBehavior [ RunTime:0.000440s ]
INFO: [ view_filter ] --END-- [ RunTime:0.000471s ]
INFO: [ app_end ] --START--
INFO: Run Behavior\ShowPageTraceBehavior [ RunTime:0.001291s ]
INFO: [ app_end ] --END-- [ RunTime:0.001350s ]

[ 2017-01-17T18:39:16+08:00 ] ::1 /matouPCS/index.php/Admin/Reward
INFO: [ app_init ] --START--
INFO: Run Behavior\BuildLiteBehavior [ RunTime:0.000013s ]
INFO: [ app_init ] --END-- [ RunTime:0.000378s ]
INFO: [ app_begin ] --START--
INFO: Run Behavior\ReadHtmlCacheBehavior [ RunTime:0.000856s ]
INFO: [ app_begin ] --END-- [ RunTime:0.000919s ]
NOTIC: [8] Undefined index: keywords D:\phpStudy\WWW\matouPCS\Application\Admin\Controller\RewardController.class.php 第 7 行.
SQL: SHOW COLUMNS FROM `reward1` [ RunTime:0.0076s ]
SQL: SELECT COUNT(*) AS tp_count FROM `reward1` INNER JOIN user on reward1.uid=user.id  WHERE `username` LIKE '%%' LIMIT 1   [ RunTime:0.0011s ]
NOTIC: [2] Missing argument 1 for Think\Page::show(), called in D:\phpStudy\WWW\matouPCS\Application\Admin\Controller\RewardController.class.php on line 27 and defined D:\phpStudy\WWW\matouPCS\ThinkPHP\Library\Think\Page.class.php 第 76 行.
NOTIC: [8] Undefined variable: url_replace D:\phpStudy\WWW\matouPCS\ThinkPHP\Library\Think\Page.class.php 第 82 行.
SQL: SELECT reward1.*,user.username FROM `reward1` INNER JOIN user on reward1.uid=user.id  WHERE `username` LIKE '%%' ORDER BY psid desc LIMIT 0,5   [ RunTime:0.0007s ]
INFO: [ view_parse ] --START--
INFO: [ template_filter ] --START--
INFO: Run Behavior\ContentReplaceBehavior [ RunTime:0.000143s ]
INFO: [ template_filter ] --END-- [ RunTime:0.000239s ]
INFO: Run Behavior\ParseTemplateBehavior [ RunTime:0.021539s ]
INFO: [ view_parse ] --END-- [ RunTime:0.021660s ]
INFO: [ view_filter ] --START--
INFO: Run Behavior\WriteHtmlCacheBehavior [ RunTime:0.000911s ]
INFO: [ view_filter ] --END-- [ RunTime:0.000977s ]
INFO: [ app_end ] --START--
INFO: Run Behavior\ShowPageTraceBehavior [ RunTime:0.001524s ]
INFO: [ app_end ] --END-- [ RunTime:0.001604s ]

[ 2017-01-17T18:39:22+08:00 ] ::1 /matouPCS/index.php/Admin/Recruit
INFO: [ app_init ] --START--
INFO: Run Behavior\BuildLiteBehavior [ RunTime:0.000030s ]
INFO: [ app_init ] --END-- [ RunTime:0.000577s ]
INFO: [ app_begin ] --START--
INFO: Run Behavior\ReadHtmlCacheBehavior [ RunTime:0.000645s ]
INFO: [ app_begin ] --END-- [ RunTime:0.000686s ]
NOTIC: [8] Undefined index: keywords D:\phpStudy\WWW\matouPCS\Application\Admin\Controller\RecruitController.class.php 第 7 行.
SQL: SHOW COLUMNS FROM `recruit1` [ RunTime:0.0051s ]
SQL: SELECT COUNT(*) AS tp_count FROM `recruit1` INNER JOIN user on recruit1.uid=user.id  LIMIT 1   [ RunTime:0.0003s ]
NOTIC: [2] Missing argument 1 for Think\Page::show(), called in D:\phpStudy\WWW\matouPCS\Application\Admin\Controller\RecruitController.class.php on line 25 and defined D:\phpStudy\WWW\matouPCS\ThinkPHP\Library\Think\Page.class.php 第 76 行.
NOTIC: [8] Undefined variable: url_replace D:\phpStudy\WWW\matouPCS\ThinkPHP\Library\Think\Page.class.php 第 82 行.
SQL: SELECT recruit1.*,user.username FROM `recruit1` INNER JOIN user on recruit1.uid=user.id  WHERE `username` LIKE '%%' ORDER BY rid desc LIMIT 0,5   [ RunTime:0.0003s ]
INFO: [ view_parse ] --START--
INFO: [ template_filter ] --START--
INFO: Run Behavior\ContentReplaceBehavior [ RunTime:0.000083s ]
INFO: [ template_filter ] --END-- [ RunTime:0.000144s ]
INFO: Run Behavior\ParseTemplateBehavior [ RunTime:0.010750s ]
INFO: [ view_parse ] --END-- [ RunTime:0.010813s ]
INFO: [ view_filter ] --START--
INFO: Run Behavior\WriteHtmlCacheBehavior [ RunTime:0.000484s ]
INFO: [ view_filter ] --END-- [ RunTime:0.000518s ]
INFO: [ app_end ] --START--
INFO: Run Behavior\ShowPageTraceBehavior [ RunTime:0.000834s ]
INFO: [ app_end ] --END-- [ RunTime:0.000882s ]

[ 2017-01-17T18:39:24+08:00 ] ::1 /matouPCS/index.php/Admin/Recruit
INFO: [ app_init ] --START--
INFO: Run Behavior\BuildLiteBehavior [ RunTime:0.000013s ]
INFO: [ app_init ] --END-- [ RunTime:0.000332s ]
INFO: [ app_begin ] --START--
INFO: Run Behavior\ReadHtmlCacheBehavior [ RunTime:0.000669s ]
INFO: [ app_begin ] --END-- [ RunTime:0.000709s ]
NOTIC: [8] Undefined index: keywords D:\phpStudy\WWW\matouPCS\Application\Admin\Controller\RecruitController.class.php 第 7 行.
SQL: SHOW COLUMNS FROM `recruit1` [ RunTime:0.0058s ]
SQL: SELECT COUNT(*) AS tp_count FROM `recruit1` INNER JOIN user on recruit1.uid=user.id  LIMIT 1   [ RunTime:0.0003s ]
NOTIC: [2] Missing argument 1 for Think\Page::show(), called in D:\phpStudy\WWW\matouPCS\Application\Admin\Controller\RecruitController.class.php on line 25 and defined D:\phpStudy\WWW\matouPCS\ThinkPHP\Library\Think\Page.class.php 第 76 行.
NOTIC: [8] Undefined variable: url_replace D:\phpStudy\WWW\matouPCS\ThinkPHP\Library\Think\Page.class.php 第 82 行.
SQL: SELECT recruit1.*,user.username FROM `recruit1` INNER JOIN user on recruit1.uid=user.id  WHERE `username` LIKE '%%' ORDER BY rid desc LIMIT 0,5   [ RunTime:0.0004s ]
INFO: [ view_parse ] --START--
INFO: [ template_filter ] --START--
INFO: Run Behavior\ContentReplaceBehavior [ RunTime:0.000119s ]
INFO: [ template_filter ] --END-- [ RunTime:0.000195s ]
INFO: Run Behavior\ParseTemplateBehavior [ RunTime:0.014393s ]
INFO: [ view_parse ] --END-- [ RunTime:0.014476s ]
INFO: [ view_filter ] --START--
INFO: Run Behavior\WriteHtmlCacheBehavior [ RunTime:0.000693s ]
INFO: [ view_filter ] --END-- [ RunTime:0.000745s ]
INFO: [ app_end ] --START--
INFO: Run Behavior\ShowPageTraceBehavior [ RunTime:0.001609s ]
INFO: [ app_end ] --END-- [ RunTime:0.001688s ]

[ 2017-01-17T18:39:26+08:00 ] ::1 /matouPCS/index.php/Admin/Due
INFO: [ app_init ] --START--
INFO: Run Behavior\BuildLiteBehavior [ RunTime:0.000020s ]
INFO: [ app_init ] --END-- [ RunTime:0.000528s ]
INFO: [ app_begin ] --START--
INFO: Run Behavior\ReadHtmlCacheBehavior [ RunTime:0.000683s ]
INFO: [ app_begin ] --END-- [ RunTime:0.000722s ]
NOTIC: [8] Undefined index: keywords D:\phpStudy\WWW\matouPCS\Application\Admin\Controller\DueController.class.php 第 8 行.
SQL: SHOW COLUMNS FROM `due` [ RunTime:0.0190s ]
SQL: SELECT COUNT(*) AS tp_count FROM `due` INNER JOIN user on Due.uid=user.id  WHERE `username` LIKE '%%' LIMIT 1   [ RunTime:0.0010s ]
NOTIC: [2] Missing argument 1 for Think\Page::show(), called in D:\phpStudy\WWW\matouPCS\Application\Admin\Controller\DueController.class.php on line 28 and defined D:\phpStudy\WWW\matouPCS\ThinkPHP\Library\Think\Page.class.php 第 76 行.
NOTIC: [8] Undefined variable: url_replace D:\phpStudy\WWW\matouPCS\ThinkPHP\Library\Think\Page.class.php 第 82 行.
SQL: SELECT Due.*,user.username FROM `due` INNER JOIN user on Due.uid=user.id  WHERE `username` LIKE '%%' ORDER BY did desc LIMIT 0,5   [ RunTime:0.0020s ]
INFO: [ view_parse ] --START--
INFO: [ template_filter ] --START--
INFO: Run Behavior\ContentReplaceBehavior [ RunTime:0.000106s ]
INFO: [ template_filter ] --END-- [ RunTime:0.000176s ]
INFO: Run Behavior\ParseTemplateBehavior [ RunTime:0.020940s ]
INFO: [ view_parse ] --END-- [ RunTime:0.021095s ]
INFO: [ view_filter ] --START--
INFO: Run Behavior\WriteHtmlCacheBehavior [ RunTime:0.000744s ]
INFO: [ view_filter ] --END-- [ RunTime:0.000797s ]
INFO: [ app_end ] --START--
INFO: Run Behavior\ShowPageTraceBehavior [ RunTime:0.002034s ]
INFO: [ app_end ] --END-- [ RunTime:0.002153s ]

[ 2017-01-17T18:39:31+08:00 ] ::1 /matouPCS/index.php/Admin/Shop
INFO: [ app_init ] --START--
INFO: Run Behavior\BuildLiteBehavior [ RunTime:0.000012s ]
INFO: [ app_init ] --END-- [ RunTime:0.000313s ]
INFO: [ app_begin ] --START--
INFO: Run Behavior\ReadHtmlCacheBehavior [ RunTime:0.000706s ]
INFO: [ app_begin ] --END-- [ RunTime:0.000748s ]
NOTIC: [8] Undefined index: keywords D:\phpStudy\WWW\matouPCS\Application\Admin\Controller\ShopController.class.php 第 7 行.
SQL: SHOW COLUMNS FROM `shop` [ RunTime:0.0078s ]
SQL: SELECT COUNT(*) AS tp_count FROM `shop` INNER JOIN user on shop.uid=user.id  WHERE `username` LIKE '%%' LIMIT 1   [ RunTime:0.0005s ]
NOTIC: [2] Missing argument 1 for Think\Page::show(), called in D:\phpStudy\WWW\matouPCS\Application\Admin\Controller\ShopController.class.php on line 27 and defined D:\phpStudy\WWW\matouPCS\ThinkPHP\Library\Think\Page.class.php 第 76 行.
NOTIC: [8] Undefined variable: url_replace D:\phpStudy\WWW\matouPCS\ThinkPHP\Library\Think\Page.class.php 第 82 行.
SQL: SELECT shop.*,user.username FROM `shop` INNER JOIN user on shop.uid=user.id  WHERE `username` LIKE '%%' ORDER BY id desc LIMIT 0,5   [ RunTime:0.0006s ]
INFO: [ view_parse ] --START--
INFO: [ template_filter ] --START--
INFO: Run Behavior\ContentReplaceBehavior [ RunTime:0.000128s ]
INFO: [ template_filter ] --END-- [ RunTime:0.000213s ]
INFO: Run Behavior\ParseTemplateBehavior [ RunTime:0.020362s ]
INFO: [ view_parse ] --END-- [ RunTime:0.020446s ]
INFO: [ view_filter ] --START--
INFO: Run Behavior\WriteHtmlCacheBehavior [ RunTime:0.000835s ]
INFO: [ view_filter ] --END-- [ RunTime:0.000884s ]
INFO: [ app_end ] --START--
INFO: Run Behavior\ShowPageTraceBehavior [ RunTime:0.000980s ]
INFO: [ app_end ] --END-- [ RunTime:0.001042s ]

[ 2017-01-17T18:39:36+08:00 ] ::1 /matouPCS/index.php/Admin/Shop
INFO: [ app_init ] --START--
INFO: Run Behavior\BuildLiteBehavior [ RunTime:0.000015s ]
INFO: [ app_init ] --END-- [ RunTime:0.000457s ]
INFO: [ app_begin ] --START--
INFO: Run Behavior\ReadHtmlCacheBehavior [ RunTime:0.000732s ]
INFO: [ app_begin ] --END-- [ RunTime:0.000786s ]
NOTIC: [8] Undefined index: keywords D:\phpStudy\WWW\matouPCS\Application\Admin\Controller\ShopController.class.php 第 7 行.
SQL: SHOW COLUMNS FROM `shop` [ RunTime:0.0091s ]
SQL: SELECT COUNT(*) AS tp_count FROM `shop` INNER JOIN user on shop.uid=user.id  WHERE `username` LIKE '%%' LIMIT 1   [ RunTime:0.0006s ]
NOTIC: [2] Missing argument 1 for Think\Page::show(), called in D:\phpStudy\WWW\matouPCS\Application\Admin\Controller\ShopController.class.php on line 27 and defined D:\phpStudy\WWW\matouPCS\ThinkPHP\Library\Think\Page.class.php 第 76 行.
NOTIC: [8] Undefined variable: url_replace D:\phpStudy\WWW\matouPCS\ThinkPHP\Library\Think\Page.class.php 第 82 行.
SQL: SELECT shop.*,user.username FROM `shop` INNER JOIN user on shop.uid=user.id  WHERE `username` LIKE '%%' ORDER BY id desc LIMIT 0,5   [ RunTime:0.0009s ]
INFO: [ view_parse ] --START--
INFO: [ template_filter ] --START--
INFO: Run Behavior\ContentReplaceBehavior [ RunTime:0.000115s ]
INFO: [ template_filter ] --END-- [ RunTime:0.000198s ]
INFO: Run Behavior\ParseTemplateBehavior [ RunTime:0.014007s ]
INFO: [ view_parse ] --END-- [ RunTime:0.014120s ]
INFO: [ view_filter ] --START--
INFO: Run Behavior\WriteHtmlCacheBehavior [ RunTime:0.000758s ]
INFO: [ view_filter ] --END-- [ RunTime:0.000818s ]
INFO: [ app_end ] --START--
INFO: Run Behavior\ShowPageTraceBehavior [ RunTime:0.001200s ]
INFO: [ app_end ] --END-- [ RunTime:0.001274s ]

